[UI] login name: [UI] succefully login as The Joker_0_3
[login] The Joker_0_3
[player 0] Mars_0_0
[player 1] courage_0_1
[player 2] ssw_0_2
[player 3] The Joker_0_3
[player 4] WaP_0_4
[player 5] NX01_0_5
[player 6] Minty_0_6
[player 7] wereFluke_0_7
[GAME INFO] number of players = 8
[GAME INFO] initial chips = 3000
[GAME 1] game starts
[GAME INFO] number of participants in this game = 8
[GAME INFO] participant: Mars_0_0, chip = 3000
[GAME INFO] participant: courage_0_1, chip = 3000
[GAME INFO] participant: ssw_0_2, chip = 3000
[GAME INFO] participant: The Joker_0_3, chip = 3000
[GAME INFO] participant: WaP_0_4, chip = 3000
[GAME INFO] participant: NX01_0_5, chip = 3000
[GAME INFO] participant: Minty_0_6, chip = 3000
[GAME INFO] participant: wereFluke_0_7, chip = 3000
[GAME INFO] blind is 1
[GAME INFO] dealer is ssw_0_2
[GAME INFO] small blind 1 posted by The Joker_0_3
[GAME INFO] big blind 2 posted by WaP_0_4
[hole card] 6 spade
[hole card] Q spade
[preflop] round starts
[preflop] player Mars_0_0 has 3000 chips
[preflop] player courage_0_1 has 3000 chips
[preflop] player ssw_0_2 has 3000 chips
[preflop] player The Joker_0_3 has 2999 chips
[preflop] player WaP_0_4 has 2998 chips
[preflop] player NX01_0_5 has 3000 chips
[preflop] player Minty_0_6 has 3000 chips
[preflop] player wereFluke_0_7 has 3000 chips
[preflop] player NX01_0_5 folds
[preflop] player Minty_0_6 folds
[preflop] player wereFluke_0_7 calls. Total bet is 2
[preflop] player Mars_0_0 calls. Total bet is 2
[preflop] player courage_0_1 folds
[preflop] player ssw_0_2 folds
[preflop] action
[preflop] call (1 chips). 
[preflop] player The Joker_0_3 calls. Total bet is 2
[preflop] player WaP_0_4 calls. Total bet is 2
[flop] 6 heart
[flop] Q heart
[flop] 9 heart
[flop] round starts
[flop] player Mars_0_0 has 2998 chips
[flop] player courage_0_1 has 3000 chips
[flop] player ssw_0_2 has 3000 chips
[flop] player The Joker_0_3 has 2998 chips
[flop] player WaP_0_4 has 2998 chips
[flop] player NX01_0_5 has 3000 chips
[flop] player Minty_0_6 has 3000 chips
[flop] player wereFluke_0_7 has 2998 chips
[flop] action
[flop] check
[flop] player The Joker_0_3 checks
[flop] player WaP_0_4 checks
[flop] player wereFluke_0_7 checks
[flop] player Mars_0_0 raises 298. Total bet is 298
[flop] action
[flop] call (298 chips). 
[flop] player The Joker_0_3 calls. Total bet is 298
[flop] player WaP_0_4 folds
[flop] player wereFluke_0_7 folds
[turn] 5 club
[turn] round starts
[turn] player Mars_0_0 has 2700 chips
[turn] player courage_0_1 has 3000 chips
[turn] player ssw_0_2 has 3000 chips
[turn] player The Joker_0_3 has 2700 chips
[turn] player WaP_0_4 has 2998 chips
[turn] player NX01_0_5 has 3000 chips
[turn] player Minty_0_6 has 3000 chips
[turn] player wereFluke_0_7 has 2998 chips
[turn] action
[turn] raise 804 (804 chips).
[turn] player The Joker_0_3 raises 804. Total bet is 804
[turn] player Mars_0_0 calls. Total bet is 804
[river] 7 heart
[river] round starts
[river] player Mars_0_0 has 1896 chips
[river] player courage_0_1 has 3000 chips
[river] player ssw_0_2 has 3000 chips
[river] player The Joker_0_3 has 1896 chips
[river] player WaP_0_4 has 2998 chips
[river] player NX01_0_5 has 3000 chips
[river] player Minty_0_6 has 3000 chips
[river] player wereFluke_0_7 has 2998 chips
[river] action
[river] check
[river] player The Joker_0_3 checks
[river] player Mars_0_0 raises 396. Total bet is 396
[river] action
[river] call (396 chips). 
[river] player The Joker_0_3 calls. Total bet is 396
[SHOWDOWN] showdown starts
[SHOWDOWN] showdown
[SHOWDOWN] 6 heart Q heart 9 heart 6 spade Q spade
[SHOWDOWN] player Mars_0_0 shows 6 heart 7 heart 9 heart Q heart 10 heart, which is flush.
[SHOWDOWN] player The Joker_0_3 shows 6 heart Q heart 9 heart 6 spade Q spade, which is two pair.
[GAME STAT] pot 0 with 8 chips is shared by 1 players
[GAME STAT] player Mars_0_0 gets 8 chips from pot 0
[GAME STAT] pot 1 with 2996 chips is shared by 1 players
[GAME STAT] player Mars_0_0 gets 2996 chips from pot 1
[GAME STAT] overall statistics
[GAME STAT] player Mars_0_0 wins 1504 chips in this game
[GAME STAT] player courage_0_1 wins 0 chips in this game
[GAME STAT] player ssw_0_2 wins 0 chips in this game
[GAME STAT] player The Joker_0_3 wins -1500 chips in this game
[GAME STAT] player WaP_0_4 wins -2 chips in this game
[GAME STAT] player NX01_0_5 wins 0 chips in this game
[GAME STAT] player Minty_0_6 wins 0 chips in this game
[GAME STAT] player wereFluke_0_7 wins -2 chips in this game
[GAME 1] game ends, invoking player.game_end()
[GAME 2] game starts
[GAME INFO] number of participants in this game = 8
[GAME INFO] participant: Mars_0_0, chip = 4504
[GAME INFO] participant: courage_0_1, chip = 3000
[GAME INFO] participant: ssw_0_2, chip = 3000
[GAME INFO] participant: The Joker_0_3, chip = 1500
[GAME INFO] participant: WaP_0_4, chip = 2998
[GAME INFO] participant: NX01_0_5, chip = 3000
[GAME INFO] participant: Minty_0_6, chip = 3000
[GAME INFO] participant: wereFluke_0_7, chip = 2998
[GAME INFO] blind is 1
[GAME INFO] dealer is The Joker_0_3
[GAME INFO] small blind 1 posted by WaP_0_4
[GAME INFO] big blind 2 posted by NX01_0_5
[hole card] 9 diamond
[hole card] 6 spade
[preflop] round starts
[preflop] player Mars_0_0 has 4504 chips
[preflop] player courage_0_1 has 3000 chips
[preflop] player ssw_0_2 has 3000 chips
[preflop] player The Joker_0_3 has 1500 chips
[preflop] player WaP_0_4 has 2997 chips
[preflop] player NX01_0_5 has 2998 chips
[preflop] player Minty_0_6 has 3000 chips
[preflop] player wereFluke_0_7 has 2998 chips
[preflop] player Minty_0_6 folds
[preflop] player wereFluke_0_7 calls. Total bet is 2
[preflop] player Mars_0_0 calls. Total bet is 2
[preflop] player courage_0_1 folds
[preflop] player ssw_0_2 folds
[preflop] action
[preflop] call (2 chips). 
[preflop] player The Joker_0_3 calls. Total bet is 2
[preflop] player WaP_0_4 folds
[preflop] player NX01_0_5 folds
[flop] Q heart
[flop] 2 diamond
[flop] Q diamond
[flop] round starts
[flop] player Mars_0_0 has 4502 chips
[flop] player courage_0_1 has 3000 chips
[flop] player ssw_0_2 has 3000 chips
[flop] player The Joker_0_3 has 1498 chips
[flop] player WaP_0_4 has 2997 chips
[flop] player NX01_0_5 has 2998 chips
[flop] player Minty_0_6 has 3000 chips
[flop] player wereFluke_0_7 has 2996 chips
[flop] player wereFluke_0_7 checks
[flop] player Mars_0_0 checks
[flop] action
[flop] check
[flop] player The Joker_0_3 checks
[flop] round ends
[turn] 3 diamond
[turn] round starts
[turn] player Mars_0_0 has 4502 chips
[turn] player courage_0_1 has 3000 chips
[turn] player ssw_0_2 has 3000 chips
[turn] player The Joker_0_3 has 1498 chips
[turn] player WaP_0_4 has 2997 chips
[turn] player NX01_0_5 has 2998 chips
[turn] player Minty_0_6 has 3000 chips
[turn] player wereFluke_0_7 has 2996 chips
[turn] player wereFluke_0_7 checks
[turn] player Mars_0_0 checks
[turn] action
[turn] check
[turn] player The Joker_0_3 checks
[turn] round ends
[river] 2 heart
[river] round starts
[river] player Mars_0_0 has 4502 chips
[river] player courage_0_1 has 3000 chips
[river] player ssw_0_2 has 3000 chips
[river] player The Joker_0_3 has 1498 chips
[river] player WaP_0_4 has 2997 chips
[river] player NX01_0_5 has 2998 chips
[river] player Minty_0_6 has 3000 chips
[river] player wereFluke_0_7 has 2996 chips
[river] player wereFluke_0_7 checks
[river] player Mars_0_0 checks
[river] action
[river] check
[river] player The Joker_0_3 checks
[river] round ends
[SHOWDOWN] showdown starts
[SHOWDOWN] showdown
[SHOWDOWN] Q heart 2 diamond Q diamond 2 heart 9 diamond
[SHOWDOWN] player wereFluke_0_7 shows K spade K heart Q heart Q diamond 3 diamond, which is two pair.
[SHOWDOWN] player Mars_0_0 shows 2 diamond 2 heart A spade Q diamond Q heart, which is two pair.
[SHOWDOWN] player The Joker_0_3 shows Q heart 2 diamond Q diamond 2 heart 9 diamond, which is two pair.
[GAME STAT] pot 0 with 5 chips is shared by 1 players
[GAME STAT] player wereFluke_0_7 gets 5 chips from pot 0
[GAME STAT] pot 1 with 4 chips is shared by 1 players
[GAME STAT] player wereFluke_0_7 gets 4 chips from pot 1
[GAME STAT] overall statistics
[GAME STAT] player Mars_0_0 wins -2 chips in this game
[GAME STAT] player courage_0_1 wins 0 chips in this game
[GAME STAT] player ssw_0_2 wins 0 chips in this game
[GAME STAT] player The Joker_0_3 wins -2 chips in this game
[GAME STAT] player WaP_0_4 wins -1 chips in this game
[GAME STAT] player NX01_0_5 wins -2 chips in this game
[GAME STAT] player Minty_0_6 wins 0 chips in this game
[GAME STAT] player wereFluke_0_7 wins 7 chips in this game
[GAME 2] game ends, invoking player.game_end()
[GAME 3] game starts
[GAME INFO] number of participants in this game = 8
[GAME INFO] participant: Mars_0_0, chip = 4502
[GAME INFO] participant: courage_0_1, chip = 3000
[GAME INFO] participant: ssw_0_2, chip = 3000
[GAME INFO] participant: The Joker_0_3, chip = 1498
[GAME INFO] participant: WaP_0_4, chip = 2997
[GAME INFO] participant: NX01_0_5, chip = 2998
[GAME INFO] participant: Minty_0_6, chip = 3000
[GAME INFO] participant: wereFluke_0_7, chip = 3005
[GAME INFO] blind is 1
[GAME INFO] dealer is WaP_0_4
[GAME INFO] small blind 1 posted by NX01_0_5
[GAME INFO] big blind 2 posted by Minty_0_6
[hole card] 4 club
[hole card] 10 diamond
[preflop] round starts
[preflop] player Mars_0_0 has 4502 chips
[preflop] player courage_0_1 has 3000 chips
[preflop] player ssw_0_2 has 3000 chips
[preflop] player The Joker_0_3 has 1498 chips
[preflop] player WaP_0_4 has 2997 chips
[preflop] player NX01_0_5 has 2997 chips
[preflop] player Minty_0_6 has 2998 chips
[preflop] player wereFluke_0_7 has 3005 chips
[preflop] player wereFluke_0_7 calls. Total bet is 2
[preflop] player Mars_0_0 calls. Total bet is 2
[preflop] player courage_0_1 folds
[preflop] player ssw_0_2 folds
[preflop] action
[WARNING] CANNOT check when another player has raised
[preflop] player The Joker_0_3 folds
[preflop] player WaP_0_4 folds
[preflop] player NX01_0_5 calls. Total bet is 2
[preflop] player Minty_0_6 folds
[flop] A heart
[flop] 8 diamond
[flop] 2 club
[flop] round starts
[flop] player Mars_0_0 has 4500 chips
[flop] player courage_0_1 has 3000 chips
[flop] player ssw_0_2 has 3000 chips
[flop] player The Joker_0_3 has 1498 chips
[flop] player WaP_0_4 has 2997 chips
[flop] player NX01_0_5 has 2996 chips
[flop] player Minty_0_6 has 2998 chips
[flop] player wereFluke_0_7 has 3003 chips
[flop] player NX01_0_5 checks
[flop] player wereFluke_0_7 checks
[flop] player Mars_0_0 checks
[flop] round ends
[turn] 6 spade
[turn] round starts
[turn] player Mars_0_0 has 4500 chips
[turn] player courage_0_1 has 3000 chips
[turn] player ssw_0_2 has 3000 chips
[turn] player The Joker_0_3 has 1498 chips
[turn] player WaP_0_4 has 2997 chips
[turn] player NX01_0_5 has 2996 chips
[turn] player Minty_0_6 has 2998 chips
[turn] player wereFluke_0_7 has 3003 chips
[turn] player NX01_0_5 checks
[turn] player wereFluke_0_7 checks
[turn] player Mars_0_0 checks
[turn] round ends
[river] Q club
[river] round starts
[river] player Mars_0_0 has 4500 chips
[river] player courage_0_1 has 3000 chips
[river] player ssw_0_2 has 3000 chips
[river] player The Joker_0_3 has 1498 chips
[river] player WaP_0_4 has 2997 chips
[river] player NX01_0_5 has 2996 chips
[river] player Minty_0_6 has 2998 chips
[river] player wereFluke_0_7 has 3003 chips
[river] player NX01_0_5 checks
[river] player wereFluke_0_7 checks
[river] player Mars_0_0 checks
[river] round ends
[SHOWDOWN] showdown starts
[SHOWDOWN] player wereFluke_0_7 shows A spade A heart 8 diamond 6 spade Q club, which is one pair.
[SHOWDOWN] player NX01_0_5 shows A heart K diamond Q club 8 diamond 6 spade, which is high card.
[SHOWDOWN] player Mars_0_0 shows 6 spade 8 diamond A heart Q club 10 club, which is high card.
[GAME STAT] pot 0 with 8 chips is shared by 1 players
[GAME STAT] player wereFluke_0_7 gets 8 chips from pot 0
[GAME STAT] overall statistics
[GAME STAT] player Mars_0_0 wins -2 chips in this game
[GAME STAT] player courage_0_1 wins 0 chips in this game
[GAME STAT] player ssw_0_2 wins 0 chips in this game
[GAME STAT] player The Joker_0_3 wins 0 chips in this game
[GAME STAT] player WaP_0_4 wins 0 chips in this game
[GAME STAT] player NX01_0_5 wins -2 chips in this game
[GAME STAT] player Minty_0_6 wins -2 chips in this game
[GAME STAT] player wereFluke_0_7 wins 6 chips in this game
[GAME 3] game ends, invoking player.game_end()
[GAME 4] game starts
[GAME INFO] number of participants in this game = 8
[GAME INFO] participant: Mars_0_0, chip = 4500
[GAME INFO] participant: courage_0_1, chip = 3000
[GAME INFO] participant: ssw_0_2, chip = 3000
[GAME INFO] participant: The Joker_0_3, chip = 1498
[GAME INFO] participant: WaP_0_4, chip = 2997
[GAME INFO] participant: NX01_0_5, chip = 2996
[GAME INFO] participant: Minty_0_6, chip = 2998
[GAME INFO] participant: wereFluke_0_7, chip = 3011
[GAME INFO] blind is 2
[GAME INFO] dealer is NX01_0_5
[GAME INFO] small blind 2 posted by Minty_0_6
[GAME INFO] big blind 4 posted by wereFluke_0_7
[hole card] 8 spade
[hole card] Q heart
[preflop] round starts
[preflop] player Mars_0_0 has 4500 chips
[preflop] player courage_0_1 has 3000 chips
[preflop] player ssw_0_2 has 3000 chips
[preflop] player The Joker_0_3 has 1498 chips
[preflop] player WaP_0_4 has 2997 chips
[preflop] player NX01_0_5 has 2996 chips
[preflop] player Minty_0_6 has 2996 chips
[preflop] player wereFluke_0_7 has 3007 chips
[preflop] player Mars_0_0 calls. Total bet is 4
[preflop] player courage_0_1 folds
[preflop] player ssw_0_2 folds
[preflop] action
[preflop] call (4 chips). 
[preflop] player The Joker_0_3 calls. Total bet is 4
[preflop] player WaP_0_4 folds
[preflop] player NX01_0_5 calls. Total bet is 4
[preflop] player Minty_0_6 folds
[preflop] player wereFluke_0_7 calls. Total bet is 4
[flop] 6 diamond
[flop] 9 spade
[flop] 6 heart
[flop] round starts
[flop] player Mars_0_0 has 4496 chips
[flop] player courage_0_1 has 3000 chips
[flop] player ssw_0_2 has 3000 chips
[flop] player The Joker_0_3 has 1494 chips
[flop] player WaP_0_4 has 2997 chips
[flop] player NX01_0_5 has 2992 chips
[flop] player Minty_0_6 has 2996 chips
[flop] player wereFluke_0_7 has 3007 chips
[flop] player wereFluke_0_7 checks
[flop] player Mars_0_0 checks
[flop] action
[flop] check
[flop] player The Joker_0_3 checks
[flop] player NX01_0_5 checks
[flop] round ends
[turn] 5 diamond
[turn] round starts
[turn] player Mars_0_0 has 4496 chips
[turn] player courage_0_1 has 3000 chips
[turn] player ssw_0_2 has 3000 chips
[turn] player The Joker_0_3 has 1494 chips
[turn] player WaP_0_4 has 2997 chips
[turn] player NX01_0_5 has 2992 chips
[turn] player Minty_0_6 has 2996 chips
[turn] player wereFluke_0_7 has 3007 chips
[turn] player wereFluke_0_7 checks
[turn] player Mars_0_0 checks
[turn] action
[turn] check
[turn] player The Joker_0_3 checks
[turn] player NX01_0_5 checks
[turn] round ends
[river] 2 diamond
[river] round starts
[river] player Mars_0_0 has 4496 chips
[river] player courage_0_1 has 3000 chips
[river] player ssw_0_2 has 3000 chips
[river] player The Joker_0_3 has 1494 chips
[river] player WaP_0_4 has 2997 chips
[river] player NX01_0_5 has 2992 chips
[river] player Minty_0_6 has 2996 chips
[river] player wereFluke_0_7 has 3007 chips
[river] player wereFluke_0_7 checks
[river] player Mars_0_0 raises 2246. Total bet is 2246
[river] action
[WARNING] CANNOT check when another player has raised
[river] player The Joker_0_3 folds
[river] player NX01_0_5 folds
[river] player wereFluke_0_7 folds
[GAME STAT] pot 0 with 10 chips is shared by 1 players
[GAME STAT] player Mars_0_0 gets 10 chips from pot 0
[GAME STAT] pot 1 with 8 chips is shared by 1 players
[GAME STAT] player Mars_0_0 gets 8 chips from pot 1
[GAME STAT] pot 2 with 2246 chips is shared by 1 players
[GAME STAT] player Mars_0_0 gets 2246 chips from pot 2
[GAME STAT] overall statistics
[GAME STAT] player Mars_0_0 wins 14 chips in this game
[GAME STAT] player courage_0_1 wins 0 chips in this game
[GAME STAT] player ssw_0_2 wins 0 chips in this game
[GAME STAT] player The Joker_0_3 wins -4 chips in this game
[GAME STAT] player WaP_0_4 wins 0 chips in this game
[GAME STAT] player NX01_0_5 wins -4 chips in this game
[GAME STAT] player Minty_0_6 wins -2 chips in this game
[GAME STAT] player wereFluke_0_7 wins -4 chips in this game
[GAME 4] game ends, invoking player.game_end()
[GAME 5] game starts
[GAME INFO] number of participants in this game = 8
[GAME INFO] participant: Mars_0_0, chip = 4514
[GAME INFO] participant: courage_0_1, chip = 3000
[GAME INFO] participant: ssw_0_2, chip = 3000
[GAME INFO] participant: The Joker_0_3, chip = 1494
[GAME INFO] participant: WaP_0_4, chip = 2997
[GAME INFO] participant: NX01_0_5, chip = 2992
[GAME INFO] participant: Minty_0_6, chip = 2996
[GAME INFO] participant: wereFluke_0_7, chip = 3007
[GAME INFO] blind is 2
[GAME INFO] dealer is Minty_0_6
[GAME INFO] small blind 2 posted by wereFluke_0_7
[GAME INFO] big blind 4 posted by Mars_0_0
[hole card] Q heart
[hole card] 7 diamond
[preflop] round starts
[preflop] player Mars_0_0 has 4510 chips
[preflop] player courage_0_1 has 3000 chips
[preflop] player ssw_0_2 has 3000 chips
[preflop] player The Joker_0_3 has 1494 chips
[preflop] player WaP_0_4 has 2997 chips
[preflop] player NX01_0_5 has 2992 chips
[preflop] player Minty_0_6 has 2996 chips
[preflop] player wereFluke_0_7 has 3005 chips
[preflop] player courage_0_1 folds
[preflop] player ssw_0_2 folds
[preflop] action
[preflop] call (4 chips). 
[preflop] player The Joker_0_3 calls. Total bet is 4
[preflop] player WaP_0_4 folds
[preflop] player NX01_0_5 folds
[preflop] player Minty_0_6 folds
[preflop] player wereFluke_0_7 calls. Total bet is 4
[preflop] player Mars_0_0 calls. Total bet is 4
[flop] 7 club
[flop] 8 heart
[flop] K club
[flop] round starts
[flop] player Mars_0_0 has 4510 chips
[flop] player courage_0_1 has 3000 chips
[flop] player ssw_0_2 has 3000 chips
[flop] player The Joker_0_3 has 1490 chips
[flop] player WaP_0_4 has 2997 chips
[flop] player NX01_0_5 has 2992 chips
[flop] player Minty_0_6 has 2996 chips
[flop] player wereFluke_0_7 has 3003 chips
[flop] player wereFluke_0_7 checks
[flop] player Mars_0_0 checks
[flop] action
[flop] check
[flop] player The Joker_0_3 checks
[flop] round ends
[turn] A club
[turn] round starts
[turn] player Mars_0_0 has 4510 chips
[turn] player courage_0_1 has 3000 chips
[turn] player ssw_0_2 has 3000 chips
[turn] player The Joker_0_3 has 1490 chips
[turn] player WaP_0_4 has 2997 chips
[turn] player NX01_0_5 has 2992 chips
[turn] player Minty_0_6 has 2996 chips
[turn] player wereFluke_0_7 has 3003 chips
[turn] player wereFluke_0_7 checks
[turn] player Mars_0_0 checks
[turn] action
[turn] check
[turn] player The Joker_0_3 checks
[turn] round ends
[river] 7 spade
[river] round starts
[river] player Mars_0_0 has 4510 chips
[river] player courage_0_1 has 3000 chips
[river] player ssw_0_2 has 3000 chips
[river] player The Joker_0_3 has 1490 chips
[river] player WaP_0_4 has 2997 chips
[river] player NX01_0_5 has 2992 chips
[river] player Minty_0_6 has 2996 chips
[river] player wereFluke_0_7 has 3003 chips
[river] player wereFluke_0_7 checks
[river] player Mars_0_0 checks
[river] action
[river] check
[river] player The Joker_0_3 checks
[river] round ends
[SHOWDOWN] showdown starts
[SHOWDOWN] showdown
[SHOWDOWN] 7 club K club A club 7 spade 7 diamond
[SHOWDOWN] player The Joker_0_3 shows 7 club K club A club 7 spade 7 diamond, which is three of a kind.
[SHOWDOWN] player Mars_0_0 shows 7 club 7 spade A club K club Q spade, which is one pair.
[SHOWDOWN] player wereFluke_0_7 shows J diamond 7 club 8 heart K club A club, which is high card.
[GAME STAT] pot 0 with 12 chips is shared by 1 players
[GAME STAT] player The Joker_0_3 gets 12 chips from pot 0
[GAME STAT] overall statistics
[GAME STAT] player Mars_0_0 wins -4 chips in this game
[GAME STAT] player courage_0_1 wins 0 chips in this game
[GAME STAT] player ssw_0_2 wins 0 chips in this game
[GAME STAT] player The Joker_0_3 wins 8 chips in this game
[GAME STAT] player WaP_0_4 wins 0 chips in this game
[GAME STAT] player NX01_0_5 wins 0 chips in this game
[GAME STAT] player Minty_0_6 wins 0 chips in this game
[GAME STAT] player wereFluke_0_7 wins -4 chips in this game
[GAME 5] game ends, invoking player.game_end()
[GAME 6] game starts
[GAME INFO] number of participants in this game = 8
[GAME INFO] participant: Mars_0_0, chip = 4510
[GAME INFO] participant: courage_0_1, chip = 3000
[GAME INFO] participant: ssw_0_2, chip = 3000
[GAME INFO] participant: The Joker_0_3, chip = 1502
[GAME INFO] participant: WaP_0_4, chip = 2997
[GAME INFO] participant: NX01_0_5, chip = 2992
[GAME INFO] participant: Minty_0_6, chip = 2996
[GAME INFO] participant: wereFluke_0_7, chip = 3003
[GAME INFO] blind is 2
[GAME INFO] dealer is wereFluke_0_7
[GAME INFO] small blind 2 posted by Mars_0_0
[GAME INFO] big blind 4 posted by courage_0_1
[hole card] A club
[hole card] Q diamond
[preflop] round starts
[preflop] player Mars_0_0 has 4508 chips
[preflop] player courage_0_1 has 2996 chips
[preflop] player ssw_0_2 has 3000 chips
[preflop] player The Joker_0_3 has 1502 chips
[preflop] player WaP_0_4 has 2997 chips
[preflop] player NX01_0_5 has 2992 chips
[preflop] player Minty_0_6 has 2996 chips
[preflop] player wereFluke_0_7 has 3003 chips
[preflop] player ssw_0_2 folds
[preflop] action
[preflop] call (4 chips). 
[preflop] player The Joker_0_3 calls. Total bet is 4
[preflop] player WaP_0_4 folds
[preflop] player NX01_0_5 calls. Total bet is 4
[preflop] player Minty_0_6 folds
[preflop] player wereFluke_0_7 calls. Total bet is 4
[preflop] player Mars_0_0 folds
[preflop] player courage_0_1 calls. Total bet is 4
[flop] 10 diamond
[flop] 7 club
[flop] 9 heart
[flop] round starts
[flop] player Mars_0_0 has 4508 chips
[flop] player courage_0_1 has 2996 chips
[flop] player ssw_0_2 has 3000 chips
[flop] player The Joker_0_3 has 1498 chips
[flop] player WaP_0_4 has 2997 chips
[flop] player NX01_0_5 has 2988 chips
[flop] player Minty_0_6 has 2996 chips
[flop] player wereFluke_0_7 has 2999 chips
[flop] player courage_0_1 checks
[flop] action
[flop] check
[flop] player The Joker_0_3 checks
[flop] player NX01_0_5 checks
[flop] player wereFluke_0_7 checks
[flop] round ends
[turn] 2 heart
[turn] round starts
[turn] player Mars_0_0 has 4508 chips
[turn] player courage_0_1 has 2996 chips
[turn] player ssw_0_2 has 3000 chips
[turn] player The Joker_0_3 has 1498 chips
[turn] player WaP_0_4 has 2997 chips
[turn] player NX01_0_5 has 2988 chips
[turn] player Minty_0_6 has 2996 chips
[turn] player wereFluke_0_7 has 2999 chips
[turn] player courage_0_1 checks
[turn] action
[turn] check
[turn] player The Joker_0_3 checks
[turn] player NX01_0_5 checks
[turn] player wereFluke_0_7 checks
[turn] round ends
[river] Q club
[river] round starts
[river] player Mars_0_0 has 4508 chips
[river] player courage_0_1 has 2996 chips
[river] player ssw_0_2 has 3000 chips
[river] player The Joker_0_3 has 1498 chips
[river] player WaP_0_4 has 2997 chips
[river] player NX01_0_5 has 2988 chips
[river] player Minty_0_6 has 2996 chips
[river] player wereFluke_0_7 has 2999 chips
[river] player courage_0_1 checks
[river] action
[river] check
[river] player The Joker_0_3 checks
[river] player NX01_0_5 checks
[river] player wereFluke_0_7 checks
[river] round ends
[SHOWDOWN] showdown starts
[SHOWDOWN] showdown
[SHOWDOWN] 10 diamond 9 heart Q club A club Q diamond
[SHOWDOWN] player The Joker_0_3 shows 10 diamond 9 heart Q club A club Q diamond, which is one pair.
[SHOWDOWN] player NX01_0_5 shows 9 diamond 9 heart K spade Q club 10 diamond, which is one pair.
[SHOWDOWN] player wereFluke_0_7 shows J diamond 10 diamond 7 club 9 heart Q club, which is high card.
[SHOWDOWN] player courage_0_1 shows J heart 3 heart 10 diamond 9 heart Q club, which is high card.
[GAME STAT] pot 0 with 10 chips is shared by 1 players
[GAME STAT] player The Joker_0_3 gets 10 chips from pot 0
[GAME STAT] pot 1 with 8 chips is shared by 1 players
[GAME STAT] player The Joker_0_3 gets 8 chips from pot 1
[GAME STAT] overall statistics
[GAME STAT] player Mars_0_0 wins -2 chips in this game
[GAME STAT] player courage_0_1 wins -4 chips in this game
[GAME STAT] player ssw_0_2 wins 0 chips in this game
[GAME STAT] player The Joker_0_3 wins 14 chips in this game
[GAME STAT] player WaP_0_4 wins 0 chips in this game
[GAME STAT] player NX01_0_5 wins -4 chips in this game
[GAME STAT] player Minty_0_6 wins 0 chips in this game
[GAME STAT] player wereFluke_0_7 wins -4 chips in this game
[GAME 6] game ends, invoking player.game_end()
[GAME 7] game starts
[GAME INFO] number of participants in this game = 8
[GAME INFO] participant: Mars_0_0, chip = 4508
[GAME INFO] participant: courage_0_1, chip = 2996
[GAME INFO] participant: ssw_0_2, chip = 3000
[GAME INFO] participant: The Joker_0_3, chip = 1516
[GAME INFO] participant: WaP_0_4, chip = 2997
[GAME INFO] participant: NX01_0_5, chip = 2988
[GAME INFO] participant: Minty_0_6, chip = 2996
[GAME INFO] participant: wereFluke_0_7, chip = 2999
[GAME INFO] blind is 5
[GAME INFO] dealer is Mars_0_0
[GAME INFO] small blind 5 posted by courage_0_1
[GAME INFO] big blind 10 posted by ssw_0_2
[hole card] 7 diamond
[hole card] K heart
[preflop] round starts
[preflop] player Mars_0_0 has 4508 chips
[preflop] player courage_0_1 has 2991 chips
[preflop] player ssw_0_2 has 2990 chips
[preflop] player The Joker_0_3 has 1516 chips
[preflop] player WaP_0_4 has 2997 chips
[preflop] player NX01_0_5 has 2988 chips
[preflop] player Minty_0_6 has 2996 chips
[preflop] player wereFluke_0_7 has 2999 chips
[preflop] action
[WARNING] CANNOT check when another player has raised
[preflop] player The Joker_0_3 folds
[preflop] player WaP_0_4 folds
[preflop] player NX01_0_5 folds
[preflop] player Minty_0_6 folds
[preflop] player wereFluke_0_7 calls. Total bet is 10
[preflop] player Mars_0_0 folds
[preflop] player courage_0_1 folds
[preflop] player ssw_0_2 folds
[GAME STAT] pot 0 with 15 chips is shared by 1 players
[GAME STAT] player wereFluke_0_7 gets 15 chips from pot 0
[GAME STAT] pot 1 with 10 chips is shared by 1 players
[GAME STAT] player wereFluke_0_7 gets 10 chips from pot 1
[GAME STAT] overall statistics
[GAME STAT] player Mars_0_0 wins 0 chips in this game
[GAME STAT] player courage_0_1 wins -5 chips in this game
[GAME STAT] player ssw_0_2 wins -10 chips in this game
[GAME STAT] player The Joker_0_3 wins 0 chips in this game
[GAME STAT] player WaP_0_4 wins 0 chips in this game
[GAME STAT] player NX01_0_5 wins 0 chips in this game
[GAME STAT] player Minty_0_6 wins 0 chips in this game
[GAME STAT] player wereFluke_0_7 wins 15 chips in this game
[GAME 7] game ends, invoking player.game_end()
[GAME 8] game starts
[GAME INFO] number of participants in this game = 8
[GAME INFO] participant: Mars_0_0, chip = 4508
[GAME INFO] participant: courage_0_1, chip = 2991
[GAME INFO] participant: ssw_0_2, chip = 2990
[GAME INFO] participant: The Joker_0_3, chip = 1516
[GAME INFO] participant: WaP_0_4, chip = 2997
[GAME INFO] participant: NX01_0_5, chip = 2988
[GAME INFO] participant: Minty_0_6, chip = 2996
[GAME INFO] participant: wereFluke_0_7, chip = 3014
[GAME INFO] blind is 5
[GAME INFO] dealer is courage_0_1
[GAME INFO] small blind 5 posted by ssw_0_2
[GAME INFO] big blind 10 posted by The Joker_0_3
[hole card] 6 diamond
[hole card] 4 diamond
[preflop] round starts
[preflop] player Mars_0_0 has 4508 chips
[preflop] player courage_0_1 has 2991 chips
[preflop] player ssw_0_2 has 2985 chips
[preflop] player The Joker_0_3 has 1506 chips
[preflop] player WaP_0_4 has 2997 chips
[preflop] player NX01_0_5 has 2988 chips
[preflop] player Minty_0_6 has 2996 chips
[preflop] player wereFluke_0_7 has 3014 chips
[preflop] player WaP_0_4 folds
[preflop] player NX01_0_5 folds
[preflop] player Minty_0_6 folds
[preflop] player wereFluke_0_7 calls. Total bet is 10
[preflop] player Mars_0_0 calls. Total bet is 10
[preflop] player courage_0_1 folds
[preflop] player ssw_0_2 folds
[preflop] action
[preflop] call (0 chips). 
[preflop] player The Joker_0_3 calls. Total bet is 10
[flop] 3 club
[flop] 2 club
[flop] K club
[flop] round starts
[flop] player Mars_0_0 has 4498 chips
[flop] player courage_0_1 has 2991 chips
[flop] player ssw_0_2 has 2985 chips
[flop] player The Joker_0_3 has 1506 chips
[flop] player WaP_0_4 has 2997 chips
[flop] player NX01_0_5 has 2988 chips
[flop] player Minty_0_6 has 2996 chips
[flop] player wereFluke_0_7 has 3004 chips
[flop] action
[flop] check
[flop] player The Joker_0_3 checks
[flop] player wereFluke_0_7 checks
[flop] player Mars_0_0 checks
[flop] round ends
[turn] 2 spade
[turn] round starts
[turn] player Mars_0_0 has 4498 chips
[turn] player courage_0_1 has 2991 chips
[turn] player ssw_0_2 has 2985 chips
[turn] player The Joker_0_3 has 1506 chips
[turn] player WaP_0_4 has 2997 chips
[turn] player NX01_0_5 has 2988 chips
[turn] player Minty_0_6 has 2996 chips
[turn] player wereFluke_0_7 has 3004 chips
[turn] action
[turn] check
[turn] player The Joker_0_3 checks
[turn] player wereFluke_0_7 checks
[turn] player Mars_0_0 checks
[turn] round ends
[river] 5 club
[river] round starts
[river] player Mars_0_0 has 4498 chips
[river] player courage_0_1 has 2991 chips
[river] player ssw_0_2 has 2985 chips
[river] player The Joker_0_3 has 1506 chips
[river] player WaP_0_4 has 2997 chips
[river] player NX01_0_5 has 2988 chips
[river] player Minty_0_6 has 2996 chips
[river] player wereFluke_0_7 has 3004 chips
[river] action
[river] check
[river] player The Joker_0_3 checks
[river] player wereFluke_0_7 checks
[river] player Mars_0_0 checks
[river] round ends
[SHOWDOWN] showdown starts
[SHOWDOWN] showdown
[SHOWDOWN] 3 club 2 spade 5 club 6 diamond 4 diamond
[SHOWDOWN] player wereFluke_0_7 shows 4 club 3 club 2 club K club 5 club, which is flush.
[SHOWDOWN] player The Joker_0_3 shows 3 club 2 spade 5 club 6 diamond 4 diamond, which is straight.
[SHOWDOWN] player Mars_0_0 shows 2 club 2 spade K club Q spade 10 spade, which is one pair.
[GAME STAT] pot 0 with 20 chips is shared by 1 players
[GAME STAT] player wereFluke_0_7 gets 20 chips from pot 0
[GAME STAT] pot 1 with 15 chips is shared by 1 players
[GAME STAT] player wereFluke_0_7 gets 15 chips from pot 1
[GAME STAT] overall statistics
[GAME STAT] player Mars_0_0 wins -10 chips in this game
[GAME STAT] player courage_0_1 wins 0 chips in this game
[GAME STAT] player ssw_0_2 wins -5 chips in this game
[GAME STAT] player The Joker_0_3 wins -10 chips in this game
[GAME STAT] player WaP_0_4 wins 0 chips in this game
[GAME STAT] player NX01_0_5 wins 0 chips in this game
[GAME STAT] player Minty_0_6 wins 0 chips in this game
[GAME STAT] player wereFluke_0_7 wins 25 chips in this game
[GAME 8] game ends, invoking player.game_end()
[GAME 9] game starts
[GAME INFO] number of participants in this game = 8
[GAME INFO] participant: Mars_0_0, chip = 4498
[GAME INFO] participant: courage_0_1, chip = 2991
[GAME INFO] participant: ssw_0_2, chip = 2985
[GAME INFO] participant: The Joker_0_3, chip = 1506
[GAME INFO] participant: WaP_0_4, chip = 2997
[GAME INFO] participant: NX01_0_5, chip = 2988
[GAME INFO] participant: Minty_0_6, chip = 2996
[GAME INFO] participant: wereFluke_0_7, chip = 3039
[GAME INFO] blind is 5
[GAME INFO] dealer is ssw_0_2
[GAME INFO] small blind 5 posted by The Joker_0_3
[GAME INFO] big blind 10 posted by WaP_0_4
[hole card] 6 heart
[hole card] 5 club
[preflop] round starts
[preflop] player Mars_0_0 has 4498 chips
[preflop] player courage_0_1 has 2991 chips
[preflop] player ssw_0_2 has 2985 chips
[preflop] player The Joker_0_3 has 1501 chips
[preflop] player WaP_0_4 has 2987 chips
[preflop] player NX01_0_5 has 2988 chips
[preflop] player Minty_0_6 has 2996 chips
[preflop] player wereFluke_0_7 has 3039 chips
[preflop] player NX01_0_5 folds
[preflop] player Minty_0_6 folds
[preflop] player wereFluke_0_7 calls. Total bet is 10
[preflop] player Mars_0_0 calls. Total bet is 10
[preflop] player courage_0_1 calls. Total bet is 10
[preflop] player ssw_0_2 folds
[preflop] action
[preflop] call (5 chips). 
[preflop] player The Joker_0_3 calls. Total bet is 10
[preflop] player WaP_0_4 calls. Total bet is 10
[flop] 7 diamond
[flop] 3 spade
[flop] 6 spade
[flop] round starts
[flop] player Mars_0_0 has 4488 chips
[flop] player courage_0_1 has 2981 chips
[flop] player ssw_0_2 has 2985 chips
[flop] player The Joker_0_3 has 1496 chips
[flop] player WaP_0_4 has 2987 chips
[flop] player NX01_0_5 has 2988 chips
[flop] player Minty_0_6 has 2996 chips
[flop] player wereFluke_0_7 has 3029 chips
[flop] action
[flop] check
[flop] player The Joker_0_3 checks
[flop] player WaP_0_4 checks
[flop] player wereFluke_0_7 checks
[flop] player Mars_0_0 checks
[flop] player courage_0_1 checks
[flop] round ends
[turn] K spade
[turn] round starts
[turn] player Mars_0_0 has 4488 chips
[turn] player courage_0_1 has 2981 chips
[turn] player ssw_0_2 has 2985 chips
[turn] player The Joker_0_3 has 1496 chips
[turn] player WaP_0_4 has 2987 chips
[turn] player NX01_0_5 has 2988 chips
[turn] player Minty_0_6 has 2996 chips
[turn] player wereFluke_0_7 has 3029 chips
[turn] action
[turn] check
[turn] player The Joker_0_3 checks
[turn] player WaP_0_4 checks
[turn] player wereFluke_0_7 checks
[turn] player Mars_0_0 checks
[turn] player courage_0_1 checks
[turn] round ends
[river] 3 heart
[river] round starts
[river] player Mars_0_0 has 4488 chips
[river] player courage_0_1 has 2981 chips
[river] player ssw_0_2 has 2985 chips
[river] player The Joker_0_3 has 1496 chips
[river] player WaP_0_4 has 2987 chips
[river] player NX01_0_5 has 2988 chips
[river] player Minty_0_6 has 2996 chips
[river] player wereFluke_0_7 has 3029 chips
[river] action
[river] check
[river] player The Joker_0_3 checks
[river] player WaP_0_4 checks
[river] player wereFluke_0_7 checks
[river] player Mars_0_0 checks
[river] player courage_0_1 checks
[river] round ends
[SHOWDOWN] showdown starts
[SHOWDOWN] showdown
[SHOWDOWN] 3 spade 6 spade K spade 3 heart 6 heart
[SHOWDOWN] player WaP_0_4 shows K spade 10 spade 7 spade 6 spade 3 spade, which is flush.
[SHOWDOWN] player courage_0_1 shows 9 spade 9 heart 3 spade K spade 3 heart, which is two pair.
[SHOWDOWN] player The Joker_0_3 shows 3 spade 6 spade K spade 3 heart 6 heart, which is two pair.
[SHOWDOWN] player Mars_0_0 shows 3 heart 3 spade 9 diamond K spade Q heart, which is one pair.
[SHOWDOWN] player wereFluke_0_7 shows 8 diamond K heart 7 diamond 3 spade 3 heart, which is one pair.
[GAME STAT] pot 0 with 50 chips is shared by 1 players
[GAME STAT] player WaP_0_4 gets 50 chips from pot 0
[GAME STAT] overall statistics
[GAME STAT] player Mars_0_0 wins -10 chips in this game
[GAME STAT] player courage_0_1 wins -10 chips in this game
[GAME STAT] player ssw_0_2 wins 0 chips in this game
[GAME STAT] player The Joker_0_3 wins -10 chips in this game
[GAME STAT] player WaP_0_4 wins 40 chips in this game
[GAME STAT] player NX01_0_5 wins 0 chips in this game
[GAME STAT] player Minty_0_6 wins 0 chips in this game
[GAME STAT] player wereFluke_0_7 wins -10 chips in this game
[GAME 9] game ends, invoking player.game_end()
[GAME 10] game starts
[GAME INFO] number of participants in this game = 8
[GAME INFO] participant: Mars_0_0, chip = 4488
[GAME INFO] participant: courage_0_1, chip = 2981
[GAME INFO] participant: ssw_0_2, chip = 2985
[GAME INFO] participant: The Joker_0_3, chip = 1496
[GAME INFO] participant: WaP_0_4, chip = 3037
[GAME INFO] participant: NX01_0_5, chip = 2988
[GAME INFO] participant: Minty_0_6, chip = 2996
[GAME INFO] participant: wereFluke_0_7, chip = 3029
[GAME INFO] blind is 10
[GAME INFO] dealer is The Joker_0_3
[GAME INFO] small blind 10 posted by WaP_0_4
[GAME INFO] big blind 20 posted by NX01_0_5
[hole card] 5 diamond
[hole card] 7 club
[preflop] round starts
[preflop] player Mars_0_0 has 4488 chips
[preflop] player courage_0_1 has 2981 chips
[preflop] player ssw_0_2 has 2985 chips
[preflop] player The Joker_0_3 has 1496 chips
[preflop] player WaP_0_4 has 3027 chips
[preflop] player NX01_0_5 has 2968 chips
[preflop] player Minty_0_6 has 2996 chips
[preflop] player wereFluke_0_7 has 3029 chips
[preflop] player Minty_0_6 folds
[preflop] player wereFluke_0_7 calls. Total bet is 20
[preflop] player Mars_0_0 folds
[preflop] player courage_0_1 folds
[preflop] player ssw_0_2 folds
[preflop] action
[preflop] call (20 chips). 
[preflop] player The Joker_0_3 calls. Total bet is 20
[preflop] player WaP_0_4 folds
[preflop] player NX01_0_5 folds
[flop] 10 club
[flop] 5 spade
[flop] 2 spade
[flop] round starts
[flop] player Mars_0_0 has 4488 chips
[flop] player courage_0_1 has 2981 chips
[flop] player ssw_0_2 has 2985 chips
[flop] player The Joker_0_3 has 1476 chips
[flop] player WaP_0_4 has 3027 chips
[flop] player NX01_0_5 has 2968 chips
[flop] player Minty_0_6 has 2996 chips
[flop] player wereFluke_0_7 has 3009 chips
[flop] player wereFluke_0_7 checks
[flop] action
[flop] check
[flop] player The Joker_0_3 checks
[flop] round ends
[turn] K heart
[turn] round starts
[turn] player Mars_0_0 has 4488 chips
[turn] player courage_0_1 has 2981 chips
[turn] player ssw_0_2 has 2985 chips
[turn] player The Joker_0_3 has 1476 chips
[turn] player WaP_0_4 has 3027 chips
[turn] player NX01_0_5 has 2968 chips
[turn] player Minty_0_6 has 2996 chips
[turn] player wereFluke_0_7 has 3009 chips
[turn] player wereFluke_0_7 checks
[turn] action
[turn] check
[turn] player The Joker_0_3 checks
[turn] round ends
[river] Q heart
[river] round starts
[river] player Mars_0_0 has 4488 chips
[river] player courage_0_1 has 2981 chips
[river] player ssw_0_2 has 2985 chips
[river] player The Joker_0_3 has 1476 chips
[river] player WaP_0_4 has 3027 chips
[river] player NX01_0_5 has 2968 chips
[river] player Minty_0_6 has 2996 chips
[river] player wereFluke_0_7 has 3009 chips
[river] player wereFluke_0_7 checks
[river] action
[river] check
[river] player The Joker_0_3 checks
[river] round ends
[SHOWDOWN] showdown starts
[SHOWDOWN] showdown
[SHOWDOWN] 10 club 5 spade K heart Q heart 5 diamond
[SHOWDOWN] player The Joker_0_3 shows 10 club 5 spade K heart Q heart 5 diamond, which is one pair.
[SHOWDOWN] player wereFluke_0_7 shows A club 10 club 5 spade K heart Q heart, which is high card.
[GAME STAT] pot 0 with 40 chips is shared by 1 players
[GAME STAT] player The Joker_0_3 gets 40 chips from pot 0
[GAME STAT] pot 1 with 30 chips is shared by 1 players
[GAME STAT] player The Joker_0_3 gets 30 chips from pot 1
[GAME STAT] overall statistics
[GAME STAT] player Mars_0_0 wins 0 chips in this game
[GAME STAT] player courage_0_1 wins 0 chips in this game
[GAME STAT] player ssw_0_2 wins 0 chips in this game
[GAME STAT] player The Joker_0_3 wins 50 chips in this game
[GAME STAT] player WaP_0_4 wins -10 chips in this game
[GAME STAT] player NX01_0_5 wins -20 chips in this game
[GAME STAT] player Minty_0_6 wins 0 chips in this game
[GAME STAT] player wereFluke_0_7 wins -20 chips in this game
[GAME 10] game ends, invoking player.game_end()
[GAME 11] game starts
[GAME INFO] number of participants in this game = 8
[GAME INFO] participant: Mars_0_0, chip = 4488
[GAME INFO] participant: courage_0_1, chip = 2981
[GAME INFO] participant: ssw_0_2, chip = 2985
[GAME INFO] participant: The Joker_0_3, chip = 1546
[GAME INFO] participant: WaP_0_4, chip = 3027
[GAME INFO] participant: NX01_0_5, chip = 2968
[GAME INFO] participant: Minty_0_6, chip = 2996
[GAME INFO] participant: wereFluke_0_7, chip = 3009
[GAME INFO] blind is 10
[GAME INFO] dealer is WaP_0_4
[GAME INFO] small blind 10 posted by NX01_0_5
[GAME INFO] big blind 20 posted by Minty_0_6
[hole card] 2 spade
[hole card] K diamond
[preflop] round starts
[preflop] player Mars_0_0 has 4488 chips
[preflop] player courage_0_1 has 2981 chips
[preflop] player ssw_0_2 has 2985 chips
[preflop] player The Joker_0_3 has 1546 chips
[preflop] player WaP_0_4 has 3027 chips
[preflop] player NX01_0_5 has 2958 chips
[preflop] player Minty_0_6 has 2976 chips
[preflop] player wereFluke_0_7 has 3009 chips
[preflop] player wereFluke_0_7 calls. Total bet is 20
[preflop] player Mars_0_0 calls. Total bet is 20
[preflop] player courage_0_1 folds
[preflop] player ssw_0_2 folds
[preflop] action
[WARNING] CANNOT check when another player has raised
[preflop] player The Joker_0_3 folds
[preflop] player WaP_0_4 folds
[preflop] player NX01_0_5 calls. Total bet is 20
[preflop] player Minty_0_6 folds
[flop] 7 diamond
[flop] 6 spade
[flop] 9 heart
[flop] round starts
[flop] player Mars_0_0 has 4468 chips
[flop] player courage_0_1 has 2981 chips
[flop] player ssw_0_2 has 2985 chips
[flop] player The Joker_0_3 has 1546 chips
[flop] player WaP_0_4 has 3027 chips
[flop] player NX01_0_5 has 2948 chips
[flop] player Minty_0_6 has 2976 chips
[flop] player wereFluke_0_7 has 2989 chips
[flop] player NX01_0_5 checks
[flop] player wereFluke_0_7 checks
[flop] player Mars_0_0 checks
[flop] round ends
[turn] 3 diamond
[turn] round starts
[turn] player Mars_0_0 has 4468 chips
[turn] player courage_0_1 has 2981 chips
[turn] player ssw_0_2 has 2985 chips
[turn] player The Joker_0_3 has 1546 chips
[turn] player WaP_0_4 has 3027 chips
[turn] player NX01_0_5 has 2948 chips
[turn] player Minty_0_6 has 2976 chips
[turn] player wereFluke_0_7 has 2989 chips
[turn] player NX01_0_5 checks
[turn] player wereFluke_0_7 checks
[turn] player Mars_0_0 checks
[turn] round ends
[river] 5 diamond
[river] round starts
[river] player Mars_0_0 has 4468 chips
[river] player courage_0_1 has 2981 chips
[river] player ssw_0_2 has 2985 chips
[river] player The Joker_0_3 has 1546 chips
[river] player WaP_0_4 has 3027 chips
[river] player NX01_0_5 has 2948 chips
[river] player Minty_0_6 has 2976 chips
[river] player wereFluke_0_7 has 2989 chips
[river] player NX01_0_5 checks
[river] player wereFluke_0_7 checks
[river] player Mars_0_0 checks
[river] round ends
[SHOWDOWN] showdown starts
[SHOWDOWN] player wereFluke_0_7 shows 7 club 7 diamond 6 spade 9 heart 5 diamond, which is one pair.
[SHOWDOWN] player NX01_0_5 shows 5 spade 5 diamond Q club 9 heart 7 diamond, which is one pair.
[SHOWDOWN] player Mars_0_0 shows 5 diamond 6 spade 7 diamond 9 heart 10 spade, which is high card.
[GAME STAT] pot 0 with 80 chips is shared by 1 players
[GAME STAT] player wereFluke_0_7 gets 80 chips from pot 0
[GAME STAT] overall statistics
[GAME STAT] player Mars_0_0 wins -20 chips in this game
[GAME STAT] player courage_0_1 wins 0 chips in this game
[GAME STAT] player ssw_0_2 wins 0 chips in this game
[GAME STAT] player The Joker_0_3 wins 0 chips in this game
[GAME STAT] player WaP_0_4 wins 0 chips in this game
[GAME STAT] player NX01_0_5 wins -20 chips in this game
[GAME STAT] player Minty_0_6 wins -20 chips in this game
[GAME STAT] player wereFluke_0_7 wins 60 chips in this game
[GAME 11] game ends, invoking player.game_end()
[GAME 12] game starts
[GAME INFO] number of participants in this game = 8
[GAME INFO] participant: Mars_0_0, chip = 4468
[GAME INFO] participant: courage_0_1, chip = 2981
[GAME INFO] participant: ssw_0_2, chip = 2985
[GAME INFO] participant: The Joker_0_3, chip = 1546
[GAME INFO] participant: WaP_0_4, chip = 3027
[GAME INFO] participant: NX01_0_5, chip = 2948
[GAME INFO] participant: Minty_0_6, chip = 2976
[GAME INFO] participant: wereFluke_0_7, chip = 3069
[GAME INFO] blind is 10
[GAME INFO] dealer is NX01_0_5
[GAME INFO] small blind 10 posted by Minty_0_6
[GAME INFO] big blind 20 posted by wereFluke_0_7
[hole card] 10 heart
[hole card] K spade
[preflop] round starts
[preflop] player Mars_0_0 has 4468 chips
[preflop] player courage_0_1 has 2981 chips
[preflop] player ssw_0_2 has 2985 chips
[preflop] player The Joker_0_3 has 1546 chips
[preflop] player WaP_0_4 has 3027 chips
[preflop] player NX01_0_5 has 2948 chips
[preflop] player Minty_0_6 has 2966 chips
[preflop] player wereFluke_0_7 has 3049 chips
[preflop] player Mars_0_0 folds
[preflop] player courage_0_1 folds
[preflop] player ssw_0_2 folds
[preflop] action
[preflop] call (20 chips). 
[preflop] player The Joker_0_3 calls. Total bet is 20
[preflop] player WaP_0_4 folds
[preflop] player NX01_0_5 calls. Total bet is 20
[preflop] player Minty_0_6 folds
[preflop] player wereFluke_0_7 calls. Total bet is 20
[flop] 10 diamond
[flop] 3 diamond
[flop] J heart
[flop] round starts
[flop] player Mars_0_0 has 4468 chips
[flop] player courage_0_1 has 2981 chips
[flop] player ssw_0_2 has 2985 chips
[flop] player The Joker_0_3 has 1526 chips
[flop] player WaP_0_4 has 3027 chips
[flop] player NX01_0_5 has 2928 chips
[flop] player Minty_0_6 has 2966 chips
[flop] player wereFluke_0_7 has 3049 chips
[flop] player wereFluke_0_7 checks
[flop] action
[flop] check
[flop] player The Joker_0_3 checks
[flop] player NX01_0_5 checks
[flop] round ends
[turn] 5 spade
[turn] round starts
[turn] player Mars_0_0 has 4468 chips
[turn] player courage_0_1 has 2981 chips
[turn] player ssw_0_2 has 2985 chips
[turn] player The Joker_0_3 has 1526 chips
[turn] player WaP_0_4 has 3027 chips
[turn] player NX01_0_5 has 2928 chips
[turn] player Minty_0_6 has 2966 chips
[turn] player wereFluke_0_7 has 3049 chips
[turn] player wereFluke_0_7 checks
[turn] action
[turn] check
[turn] player The Joker_0_3 checks
[turn] player NX01_0_5 checks
[turn] round ends
[river] 2 club
[river] round starts
[river] player Mars_0_0 has 4468 chips
[river] player courage_0_1 has 2981 chips
[river] player ssw_0_2 has 2985 chips
[river] player The Joker_0_3 has 1526 chips
[river] player WaP_0_4 has 3027 chips
[river] player NX01_0_5 has 2928 chips
[river] player Minty_0_6 has 2966 chips
[river] player wereFluke_0_7 has 3049 chips
[river] player wereFluke_0_7 checks
[river] action
[river] check
[river] player The Joker_0_3 checks
[river] player NX01_0_5 checks
[river] round ends
[SHOWDOWN] showdown starts
[SHOWDOWN] showdown
[SHOWDOWN] 10 diamond J heart 5 spade 10 heart K spade
[SHOWDOWN] player NX01_0_5 shows 3 heart 3 club 3 diamond J heart 10 diamond, which is three of a kind.
[SHOWDOWN] player The Joker_0_3 shows 10 diamond J heart 5 spade 10 heart K spade, which is one pair.
[SHOWDOWN] player wereFluke_0_7 shows 8 club K diamond 10 diamond J heart 5 spade, which is high card.
[GAME STAT] pot 0 with 40 chips is shared by 1 players
[GAME STAT] player NX01_0_5 gets 40 chips from pot 0
[GAME STAT] pot 1 with 30 chips is shared by 1 players
[GAME STAT] player NX01_0_5 gets 30 chips from pot 1
[GAME STAT] overall statistics
[GAME STAT] player Mars_0_0 wins 0 chips in this game
[GAME STAT] player courage_0_1 wins 0 chips in this game
[GAME STAT] player ssw_0_2 wins 0 chips in this game
[GAME STAT] player The Joker_0_3 wins -20 chips in this game
[GAME STAT] player WaP_0_4 wins 0 chips in this game
[GAME STAT] player NX01_0_5 wins 50 chips in this game
[GAME STAT] player Minty_0_6 wins -10 chips in this game
[GAME STAT] player wereFluke_0_7 wins -20 chips in this game
[GAME 12] game ends, invoking player.game_end()
[GAME 13] game starts
[GAME INFO] number of participants in this game = 8
[GAME INFO] participant: Mars_0_0, chip = 4468
[GAME INFO] participant: courage_0_1, chip = 2981
[GAME INFO] participant: ssw_0_2, chip = 2985
[GAME INFO] participant: The Joker_0_3, chip = 1526
[GAME INFO] participant: WaP_0_4, chip = 3027
[GAME INFO] participant: NX01_0_5, chip = 2998
[GAME INFO] participant: Minty_0_6, chip = 2966
[GAME INFO] participant: wereFluke_0_7, chip = 3049
[GAME INFO] blind is 20
[GAME INFO] dealer is Minty_0_6
[GAME INFO] small blind 20 posted by wereFluke_0_7
[GAME INFO] big blind 40 posted by Mars_0_0
[hole card] 3 diamond
[hole card] J club
[preflop] round starts
[preflop] player Mars_0_0 has 4428 chips
[preflop] player courage_0_1 has 2981 chips
[preflop] player ssw_0_2 has 2985 chips
[preflop] player The Joker_0_3 has 1526 chips
[preflop] player WaP_0_4 has 3027 chips
[preflop] player NX01_0_5 has 2998 chips
[preflop] player Minty_0_6 has 2966 chips
[preflop] player wereFluke_0_7 has 3029 chips
[preflop] player courage_0_1 folds
[preflop] player ssw_0_2 folds
[preflop] action
[WARNING] CANNOT check when another player has raised
[preflop] player The Joker_0_3 folds
[preflop] player WaP_0_4 folds
[preflop] player NX01_0_5 folds
[preflop] player Minty_0_6 folds
[preflop] player wereFluke_0_7 calls. Total bet is 40
[preflop] player Mars_0_0 calls. Total bet is 40
[flop] 2 club
[flop] 7 heart
[flop] Q diamond
[flop] round starts
[flop] player Mars_0_0 has 4428 chips
[flop] player courage_0_1 has 2981 chips
[flop] player ssw_0_2 has 2985 chips
[flop] player The Joker_0_3 has 1526 chips
[flop] player WaP_0_4 has 3027 chips
[flop] player NX01_0_5 has 2998 chips
[flop] player Minty_0_6 has 2966 chips
[flop] player wereFluke_0_7 has 3009 chips
[flop] player wereFluke_0_7 checks
[flop] player Mars_0_0 checks
[flop] round ends
[turn] 5 spade
[turn] round starts
[turn] player Mars_0_0 has 4428 chips
[turn] player courage_0_1 has 2981 chips
[turn] player ssw_0_2 has 2985 chips
[turn] player The Joker_0_3 has 1526 chips
[turn] player WaP_0_4 has 3027 chips
[turn] player NX01_0_5 has 2998 chips
[turn] player Minty_0_6 has 2966 chips
[turn] player wereFluke_0_7 has 3009 chips
[turn] player wereFluke_0_7 checks
[turn] player Mars_0_0 checks
[turn] round ends
[river] 6 spade
[river] round starts
[river] player Mars_0_0 has 4428 chips
[river] player courage_0_1 has 2981 chips
[river] player ssw_0_2 has 2985 chips
[river] player The Joker_0_3 has 1526 chips
[river] player WaP_0_4 has 3027 chips
[river] player NX01_0_5 has 2998 chips
[river] player Minty_0_6 has 2966 chips
[river] player wereFluke_0_7 has 3009 chips
[river] player wereFluke_0_7 checks
[river] player Mars_0_0 checks
[river] round ends
[SHOWDOWN] showdown starts
[SHOWDOWN] player Mars_0_0 shows 5 club 5 spade 7 heart 8 spade Q diamond, which is one pair.
[SHOWDOWN] player wereFluke_0_7 shows 8 heart K heart 7 heart Q diamond 6 spade, which is high card.
[GAME STAT] pot 0 with 80 chips is shared by 1 players
[GAME STAT] player Mars_0_0 gets 80 chips from pot 0
[GAME STAT] overall statistics
[GAME STAT] player Mars_0_0 wins 40 chips in this game
[GAME STAT] player courage_0_1 wins 0 chips in this game
[GAME STAT] player ssw_0_2 wins 0 chips in this game
[GAME STAT] player The Joker_0_3 wins 0 chips in this game
[GAME STAT] player WaP_0_4 wins 0 chips in this game
[GAME STAT] player NX01_0_5 wins 0 chips in this game
[GAME STAT] player Minty_0_6 wins 0 chips in this game
[GAME STAT] player wereFluke_0_7 wins -40 chips in this game
[GAME 13] game ends, invoking player.game_end()
[GAME 14] game starts
[GAME INFO] number of participants in this game = 8
[GAME INFO] participant: Mars_0_0, chip = 4508
[GAME INFO] participant: courage_0_1, chip = 2981
[GAME INFO] participant: ssw_0_2, chip = 2985
[GAME INFO] participant: The Joker_0_3, chip = 1526
[GAME INFO] participant: WaP_0_4, chip = 3027
[GAME INFO] participant: NX01_0_5, chip = 2998
[GAME INFO] participant: Minty_0_6, chip = 2966
[GAME INFO] participant: wereFluke_0_7, chip = 3009
[GAME INFO] blind is 20
[GAME INFO] dealer is wereFluke_0_7
[GAME INFO] small blind 20 posted by Mars_0_0
[GAME INFO] big blind 40 posted by courage_0_1
[hole card] 7 club
[hole card] 5 heart
[preflop] round starts
[preflop] player Mars_0_0 has 4488 chips
[preflop] player courage_0_1 has 2941 chips
[preflop] player ssw_0_2 has 2985 chips
[preflop] player The Joker_0_3 has 1526 chips
[preflop] player WaP_0_4 has 3027 chips
[preflop] player NX01_0_5 has 2998 chips
[preflop] player Minty_0_6 has 2966 chips
[preflop] player wereFluke_0_7 has 3009 chips
[preflop] player ssw_0_2 folds
[preflop] action
[WARNING] CANNOT check when another player has raised
[preflop] player The Joker_0_3 folds
[preflop] player WaP_0_4 folds
[preflop] player NX01_0_5 calls. Total bet is 40
[preflop] player Minty_0_6 folds
[preflop] player wereFluke_0_7 calls. Total bet is 40
[preflop] player Mars_0_0 calls. Total bet is 40
[preflop] player courage_0_1 calls. Total bet is 40
[flop] 4 heart
[flop] 7 spade
[flop] 8 heart
[flop] round starts
[flop] player Mars_0_0 has 4468 chips
[flop] player courage_0_1 has 2941 chips
[flop] player ssw_0_2 has 2985 chips
[flop] player The Joker_0_3 has 1526 chips
[flop] player WaP_0_4 has 3027 chips
[flop] player NX01_0_5 has 2958 chips
[flop] player Minty_0_6 has 2966 chips
[flop] player wereFluke_0_7 has 2969 chips
[flop] player Mars_0_0 checks
[flop] player courage_0_1 checks
[flop] player NX01_0_5 checks
[flop] player wereFluke_0_7 checks
[flop] round ends
[turn] 3 club
[turn] round starts
[turn] player Mars_0_0 has 4468 chips
[turn] player courage_0_1 has 2941 chips
[turn] player ssw_0_2 has 2985 chips
[turn] player The Joker_0_3 has 1526 chips
[turn] player WaP_0_4 has 3027 chips
[turn] player NX01_0_5 has 2958 chips
[turn] player Minty_0_6 has 2966 chips
[turn] player wereFluke_0_7 has 2969 chips
[turn] player Mars_0_0 checks
[turn] player courage_0_1 checks
[turn] player NX01_0_5 checks
[turn] player wereFluke_0_7 checks
[turn] round ends
[river] 6 club
[river] round starts
[river] player Mars_0_0 has 4468 chips
[river] player courage_0_1 has 2941 chips
[river] player ssw_0_2 has 2985 chips
[river] player The Joker_0_3 has 1526 chips
[river] player WaP_0_4 has 3027 chips
[river] player NX01_0_5 has 2958 chips
[river] player Minty_0_6 has 2966 chips
[river] player wereFluke_0_7 has 2969 chips
[river] player Mars_0_0 checks
[river] player courage_0_1 checks
[river] player NX01_0_5 checks
[river] player wereFluke_0_7 checks
[river] round ends
[SHOWDOWN] showdown starts
[SHOWDOWN] player wereFluke_0_7 shows Q club 8 club 8 heart 3 club 6 club, which is one pair.
[SHOWDOWN] player Mars_0_0 shows 6 club 7 diamond 7 spade 8 heart A diamond, which is one pair.
[SHOWDOWN] player NX01_0_5 shows A spade K spade 8 heart 7 spade 6 club, which is high card.
[SHOWDOWN] player courage_0_1 shows J spade K club 4 heart 7 spade 8 heart, which is high card.
[GAME STAT] pot 0 with 160 chips is shared by 1 players
[GAME STAT] player wereFluke_0_7 gets 160 chips from pot 0
[GAME STAT] overall statistics
[GAME STAT] player Mars_0_0 wins -40 chips in this game
[GAME STAT] player courage_0_1 wins -40 chips in this game
[GAME STAT] player ssw_0_2 wins 0 chips in this game
[GAME STAT] player The Joker_0_3 wins 0 chips in this game
[GAME STAT] player WaP_0_4 wins 0 chips in this game
[GAME STAT] player NX01_0_5 wins -40 chips in this game
[GAME STAT] player Minty_0_6 wins 0 chips in this game
[GAME STAT] player wereFluke_0_7 wins 120 chips in this game
[GAME 14] game ends, invoking player.game_end()
[GAME 15] game starts
[GAME INFO] number of participants in this game = 8
[GAME INFO] participant: Mars_0_0, chip = 4468
[GAME INFO] participant: courage_0_1, chip = 2941
[GAME INFO] participant: ssw_0_2, chip = 2985
[GAME INFO] participant: The Joker_0_3, chip = 1526
[GAME INFO] participant: WaP_0_4, chip = 3027
[GAME INFO] participant: NX01_0_5, chip = 2958
[GAME INFO] participant: Minty_0_6, chip = 2966
[GAME INFO] participant: wereFluke_0_7, chip = 3129
[GAME INFO] blind is 20
[GAME INFO] dealer is Mars_0_0
[GAME INFO] small blind 20 posted by courage_0_1
[GAME INFO] big blind 40 posted by ssw_0_2
[hole card] 8 diamond
[hole card] 2 spade
[preflop] round starts
[preflop] player Mars_0_0 has 4468 chips
[preflop] player courage_0_1 has 2921 chips
[preflop] player ssw_0_2 has 2945 chips
[preflop] player The Joker_0_3 has 1526 chips
[preflop] player WaP_0_4 has 3027 chips
[preflop] player NX01_0_5 has 2958 chips
[preflop] player Minty_0_6 has 2966 chips
[preflop] player wereFluke_0_7 has 3129 chips
[preflop] action
[WARNING] CANNOT check when another player has raised
[preflop] player The Joker_0_3 folds
[preflop] player WaP_0_4 folds
[preflop] player NX01_0_5 calls. Total bet is 40
[preflop] player Minty_0_6 folds
[preflop] player wereFluke_0_7 calls. Total bet is 40
[preflop] player Mars_0_0 folds
[preflop] player courage_0_1 calls. Total bet is 40
[preflop] player ssw_0_2 calls. Total bet is 40
[flop] 4 heart
[flop] 3 diamond
[flop] 10 heart
[flop] round starts
[flop] player Mars_0_0 has 4468 chips
[flop] player courage_0_1 has 2901 chips
[flop] player ssw_0_2 has 2945 chips
[flop] player The Joker_0_3 has 1526 chips
[flop] player WaP_0_4 has 3027 chips
[flop] player NX01_0_5 has 2918 chips
[flop] player Minty_0_6 has 2966 chips
[flop] player wereFluke_0_7 has 3089 chips
[flop] player courage_0_1 checks
[flop] player ssw_0_2 checks
[flop] player NX01_0_5 checks
[flop] player wereFluke_0_7 checks
[flop] round ends
[turn] Q spade
[turn] round starts
[turn] player Mars_0_0 has 4468 chips
[turn] player courage_0_1 has 2901 chips
[turn] player ssw_0_2 has 2945 chips
[turn] player The Joker_0_3 has 1526 chips
[turn] player WaP_0_4 has 3027 chips
[turn] player NX01_0_5 has 2918 chips
[turn] player Minty_0_6 has 2966 chips
[turn] player wereFluke_0_7 has 3089 chips
[turn] player courage_0_1 checks
[turn] player ssw_0_2 checks
[turn] player NX01_0_5 checks
[turn] player wereFluke_0_7 checks
[turn] round ends
[river] 2 club
[river] round starts
[river] player Mars_0_0 has 4468 chips
[river] player courage_0_1 has 2901 chips
[river] player ssw_0_2 has 2945 chips
[river] player The Joker_0_3 has 1526 chips
[river] player WaP_0_4 has 3027 chips
[river] player NX01_0_5 has 2918 chips
[river] player Minty_0_6 has 2966 chips
[river] player wereFluke_0_7 has 3089 chips
[river] player courage_0_1 checks
[river] player ssw_0_2 checks
[river] player NX01_0_5 checks
[river] player wereFluke_0_7 checks
[river] round ends
[SHOWDOWN] showdown starts
[SHOWDOWN] player ssw_0_2 shows A heart Q club 4 heart 10 heart Q spade, which is one pair.
[SHOWDOWN] player NX01_0_5 shows A spade Q spade 10 heart 8 club 4 heart, which is high card.
[SHOWDOWN] player wereFluke_0_7 shows 6 diamond 8 spade 4 heart 10 heart Q spade, which is high card.
[SHOWDOWN] player courage_0_1 shows 7 club 6 spade 4 heart 10 heart Q spade, which is high card.
[GAME STAT] pot 0 with 160 chips is shared by 1 players
[GAME STAT] player ssw_0_2 gets 160 chips from pot 0
[GAME STAT] overall statistics
[GAME STAT] player Mars_0_0 wins 0 chips in this game
[GAME STAT] player courage_0_1 wins -40 chips in this game
[GAME STAT] player ssw_0_2 wins 120 chips in this game
[GAME STAT] player The Joker_0_3 wins 0 chips in this game
[GAME STAT] player WaP_0_4 wins 0 chips in this game
[GAME STAT] player NX01_0_5 wins -40 chips in this game
[GAME STAT] player Minty_0_6 wins 0 chips in this game
[GAME STAT] player wereFluke_0_7 wins -40 chips in this game
[GAME 15] game ends, invoking player.game_end()
[GAME 16] game starts
[GAME INFO] number of participants in this game = 8
[GAME INFO] participant: Mars_0_0, chip = 4468
[GAME INFO] participant: courage_0_1, chip = 2901
[GAME INFO] participant: ssw_0_2, chip = 3105
[GAME INFO] participant: The Joker_0_3, chip = 1526
[GAME INFO] participant: WaP_0_4, chip = 3027
[GAME INFO] participant: NX01_0_5, chip = 2918
[GAME INFO] participant: Minty_0_6, chip = 2966
[GAME INFO] participant: wereFluke_0_7, chip = 3089
[GAME INFO] blind is 50
[GAME INFO] dealer is courage_0_1
[GAME INFO] small blind 50 posted by ssw_0_2
[GAME INFO] big blind 100 posted by The Joker_0_3
[hole card] 3 club
[hole card] J heart
[preflop] round starts
[preflop] player Mars_0_0 has 4468 chips
[preflop] player courage_0_1 has 2901 chips
[preflop] player ssw_0_2 has 3055 chips
[preflop] player The Joker_0_3 has 1426 chips
[preflop] player WaP_0_4 has 3027 chips
[preflop] player NX01_0_5 has 2918 chips
[preflop] player Minty_0_6 has 2966 chips
[preflop] player wereFluke_0_7 has 3089 chips
[preflop] player WaP_0_4 folds
[preflop] player NX01_0_5 folds
[preflop] player Minty_0_6 folds
[preflop] player wereFluke_0_7 calls. Total bet is 100
[preflop] player Mars_0_0 calls. Total bet is 100
[preflop] player courage_0_1 folds
[preflop] player ssw_0_2 folds
[preflop] action
[preflop] call (0 chips). 
[preflop] player The Joker_0_3 calls. Total bet is 100
[flop] J club
[flop] A spade
[flop] 6 club
[flop] round starts
[flop] player Mars_0_0 has 4368 chips
[flop] player courage_0_1 has 2901 chips
[flop] player ssw_0_2 has 3055 chips
[flop] player The Joker_0_3 has 1426 chips
[flop] player WaP_0_4 has 3027 chips
[flop] player NX01_0_5 has 2918 chips
[flop] player Minty_0_6 has 2966 chips
[flop] player wereFluke_0_7 has 2989 chips
[flop] action
[flop] check
[flop] player The Joker_0_3 checks
[flop] player wereFluke_0_7 checks
[flop] player Mars_0_0 checks
[flop] round ends
[turn] 5 heart
[turn] round starts
[turn] player Mars_0_0 has 4368 chips
[turn] player courage_0_1 has 2901 chips
[turn] player ssw_0_2 has 3055 chips
[turn] player The Joker_0_3 has 1426 chips
[turn] player WaP_0_4 has 3027 chips
[turn] player NX01_0_5 has 2918 chips
[turn] player Minty_0_6 has 2966 chips
[turn] player wereFluke_0_7 has 2989 chips
[turn] action
[turn] check
[turn] player The Joker_0_3 checks
[turn] player wereFluke_0_7 checks
[turn] player Mars_0_0 checks
[turn] round ends
[river] 2 spade
[river] round starts
[river] player Mars_0_0 has 4368 chips
[river] player courage_0_1 has 2901 chips
[river] player ssw_0_2 has 3055 chips
[river] player The Joker_0_3 has 1426 chips
[river] player WaP_0_4 has 3027 chips
[river] player NX01_0_5 has 2918 chips
[river] player Minty_0_6 has 2966 chips
[river] player wereFluke_0_7 has 2989 chips
[river] action
[river] check
[river] player The Joker_0_3 checks
[river] player wereFluke_0_7 checks
[river] player Mars_0_0 checks
[river] round ends
[SHOWDOWN] showdown starts
[SHOWDOWN] showdown
[SHOWDOWN] J club A spade 6 club 5 heart J heart
[SHOWDOWN] player The Joker_0_3 shows J club A spade 6 club 5 heart J heart, which is one pair.
[SHOWDOWN] player Mars_0_0 shows 2 heart 2 spade A spade J club K club, which is one pair.
[SHOWDOWN] player wereFluke_0_7 shows 7 spade Q heart J club A spade 6 club, which is high card.
[GAME STAT] pot 0 with 200 chips is shared by 1 players
[GAME STAT] player The Joker_0_3 gets 200 chips from pot 0
[GAME STAT] pot 1 with 150 chips is shared by 1 players
[GAME STAT] player The Joker_0_3 gets 150 chips from pot 1
[GAME STAT] overall statistics
[GAME STAT] player Mars_0_0 wins -100 chips in this game
[GAME STAT] player courage_0_1 wins 0 chips in this game
[GAME STAT] player ssw_0_2 wins -50 chips in this game
[GAME STAT] player The Joker_0_3 wins 250 chips in this game
[GAME STAT] player WaP_0_4 wins 0 chips in this game
[GAME STAT] player NX01_0_5 wins 0 chips in this game
[GAME STAT] player Minty_0_6 wins 0 chips in this game
[GAME STAT] player wereFluke_0_7 wins -100 chips in this game
[GAME 16] game ends, invoking player.game_end()
[GAME 17] game starts
[GAME INFO] number of participants in this game = 8
[GAME INFO] participant: Mars_0_0, chip = 4368
[GAME INFO] participant: courage_0_1, chip = 2901
[GAME INFO] participant: ssw_0_2, chip = 3055
[GAME INFO] participant: The Joker_0_3, chip = 1776
[GAME INFO] participant: WaP_0_4, chip = 3027
[GAME INFO] participant: NX01_0_5, chip = 2918
[GAME INFO] participant: Minty_0_6, chip = 2966
[GAME INFO] participant: wereFluke_0_7, chip = 2989
[GAME INFO] blind is 50
[GAME INFO] dealer is ssw_0_2
[GAME INFO] small blind 50 posted by The Joker_0_3
[GAME INFO] big blind 100 posted by WaP_0_4
[hole card] 5 heart
[hole card] 3 heart
[preflop] round starts
[preflop] player Mars_0_0 has 4368 chips
[preflop] player courage_0_1 has 2901 chips
[preflop] player ssw_0_2 has 3055 chips
[preflop] player The Joker_0_3 has 1726 chips
[preflop] player WaP_0_4 has 2927 chips
[preflop] player NX01_0_5 has 2918 chips
[preflop] player Minty_0_6 has 2966 chips
[preflop] player wereFluke_0_7 has 2989 chips
[preflop] player NX01_0_5 folds
[preflop] player Minty_0_6 folds
[preflop] player wereFluke_0_7 calls. Total bet is 100
[preflop] player Mars_0_0 calls. Total bet is 100
[preflop] player courage_0_1 folds
[preflop] player ssw_0_2 folds
[preflop] action
[preflop] call (50 chips). 
[preflop] player The Joker_0_3 calls. Total bet is 100
[preflop] player WaP_0_4 calls. Total bet is 100
[flop] 4 spade
[flop] 4 club
[flop] J heart
[flop] round starts
[flop] player Mars_0_0 has 4268 chips
[flop] player courage_0_1 has 2901 chips
[flop] player ssw_0_2 has 3055 chips
[flop] player The Joker_0_3 has 1676 chips
[flop] player WaP_0_4 has 2927 chips
[flop] player NX01_0_5 has 2918 chips
[flop] player Minty_0_6 has 2966 chips
[flop] player wereFluke_0_7 has 2889 chips
[flop] action
[flop] check
[flop] player The Joker_0_3 checks
[flop] player WaP_0_4 checks
[flop] player wereFluke_0_7 checks
[flop] player Mars_0_0 checks
[flop] round ends
[turn] 10 club
[turn] round starts
[turn] player Mars_0_0 has 4268 chips
[turn] player courage_0_1 has 2901 chips
[turn] player ssw_0_2 has 3055 chips
[turn] player The Joker_0_3 has 1676 chips
[turn] player WaP_0_4 has 2927 chips
[turn] player NX01_0_5 has 2918 chips
[turn] player Minty_0_6 has 2966 chips
[turn] player wereFluke_0_7 has 2889 chips
[turn] action
[turn] check
[turn] player The Joker_0_3 checks
[turn] player WaP_0_4 checks
[turn] player wereFluke_0_7 checks
[turn] player Mars_0_0 checks
[turn] round ends
[river] 7 heart
[river] round starts
[river] player Mars_0_0 has 4268 chips
[river] player courage_0_1 has 2901 chips
[river] player ssw_0_2 has 3055 chips
[river] player The Joker_0_3 has 1676 chips
[river] player WaP_0_4 has 2927 chips
[river] player NX01_0_5 has 2918 chips
[river] player Minty_0_6 has 2966 chips
[river] player wereFluke_0_7 has 2889 chips
[river] action
[river] check
[river] player The Joker_0_3 checks
[river] player WaP_0_4 checks
[river] player wereFluke_0_7 checks
[river] player Mars_0_0 checks
[river] round ends
[SHOWDOWN] showdown starts
[SHOWDOWN] showdown
[SHOWDOWN] 4 spade 4 club J heart 10 club 7 heart
[SHOWDOWN] player Mars_0_0 shows 4 club 4 spade A spade J heart 10 club, which is one pair.
[SHOWDOWN] player wereFluke_0_7 shows 9 club 4 spade 4 club J heart 10 club, which is one pair.
[SHOWDOWN] player The Joker_0_3 shows 4 spade 4 club J heart 10 club 7 heart, which is one pair.
[SHOWDOWN] player WaP_0_4 shows J heart 10 club 4 spade 4 club 2 diamond, which is one pair.
[GAME STAT] pot 0 with 400 chips is shared by 1 players
[GAME STAT] player Mars_0_0 gets 400 chips from pot 0
[GAME STAT] overall statistics
[GAME STAT] player Mars_0_0 wins 300 chips in this game
[GAME STAT] player courage_0_1 wins 0 chips in this game
[GAME STAT] player ssw_0_2 wins 0 chips in this game
[GAME STAT] player The Joker_0_3 wins -100 chips in this game
[GAME STAT] player WaP_0_4 wins -100 chips in this game
[GAME STAT] player NX01_0_5 wins 0 chips in this game
[GAME STAT] player Minty_0_6 wins 0 chips in this game
[GAME STAT] player wereFluke_0_7 wins -100 chips in this game
[GAME 17] game ends, invoking player.game_end()
[GAME 18] game starts
[GAME INFO] number of participants in this game = 8
[GAME INFO] participant: Mars_0_0, chip = 4668
[GAME INFO] participant: courage_0_1, chip = 2901
[GAME INFO] participant: ssw_0_2, chip = 3055
[GAME INFO] participant: The Joker_0_3, chip = 1676
[GAME INFO] participant: WaP_0_4, chip = 2927
[GAME INFO] participant: NX01_0_5, chip = 2918
[GAME INFO] participant: Minty_0_6, chip = 2966
[GAME INFO] participant: wereFluke_0_7, chip = 2889
[GAME INFO] blind is 50
[GAME INFO] dealer is The Joker_0_3
[GAME INFO] small blind 50 posted by WaP_0_4
[GAME INFO] big blind 100 posted by NX01_0_5
[hole card] 3 spade
[hole card] A spade
[preflop] round starts
[preflop] player Mars_0_0 has 4668 chips
[preflop] player courage_0_1 has 2901 chips
[preflop] player ssw_0_2 has 3055 chips
[preflop] player The Joker_0_3 has 1676 chips
[preflop] player WaP_0_4 has 2877 chips
[preflop] player NX01_0_5 has 2818 chips
[preflop] player Minty_0_6 has 2966 chips
[preflop] player wereFluke_0_7 has 2889 chips
[preflop] player Minty_0_6 folds
[preflop] player wereFluke_0_7 calls. Total bet is 100
[preflop] player Mars_0_0 folds
[preflop] player courage_0_1 folds
[preflop] player ssw_0_2 folds
[preflop] action
[preflop] call (100 chips). 
[preflop] player The Joker_0_3 calls. Total bet is 100
[preflop] player WaP_0_4 folds
[preflop] player NX01_0_5 folds
[flop] J club
[flop] 4 diamond
[flop] 3 diamond
[flop] round starts
[flop] player Mars_0_0 has 4668 chips
[flop] player courage_0_1 has 2901 chips
[flop] player ssw_0_2 has 3055 chips
[flop] player The Joker_0_3 has 1576 chips
[flop] player WaP_0_4 has 2877 chips
[flop] player NX01_0_5 has 2818 chips
[flop] player Minty_0_6 has 2966 chips
[flop] player wereFluke_0_7 has 2789 chips
[flop] player wereFluke_0_7 checks
[flop] action
[flop] check
[flop] player The Joker_0_3 checks
[flop] round ends
[turn] 5 heart
[turn] round starts
[turn] player Mars_0_0 has 4668 chips
[turn] player courage_0_1 has 2901 chips
[turn] player ssw_0_2 has 3055 chips
[turn] player The Joker_0_3 has 1576 chips
[turn] player WaP_0_4 has 2877 chips
[turn] player NX01_0_5 has 2818 chips
[turn] player Minty_0_6 has 2966 chips
[turn] player wereFluke_0_7 has 2789 chips
[turn] player wereFluke_0_7 checks
[turn] action
[turn] check
[turn] player The Joker_0_3 checks
[turn] round ends
[river] K diamond
[river] round starts
[river] player Mars_0_0 has 4668 chips
[river] player courage_0_1 has 2901 chips
[river] player ssw_0_2 has 3055 chips
[river] player The Joker_0_3 has 1576 chips
[river] player WaP_0_4 has 2877 chips
[river] player NX01_0_5 has 2818 chips
[river] player Minty_0_6 has 2966 chips
[river] player wereFluke_0_7 has 2789 chips
[river] player wereFluke_0_7 checks
[river] action
[river] check
[river] player The Joker_0_3 checks
[river] round ends
[SHOWDOWN] showdown starts
[SHOWDOWN] showdown
[SHOWDOWN] J club 3 diamond K diamond 3 spade A spade
[SHOWDOWN] player wereFluke_0_7 shows Q spade J spade J club 5 heart K diamond, which is one pair.
[SHOWDOWN] player The Joker_0_3 shows J club 3 diamond K diamond 3 spade A spade, which is one pair.
[GAME STAT] pot 0 with 200 chips is shared by 1 players
[GAME STAT] player wereFluke_0_7 gets 200 chips from pot 0
[GAME STAT] pot 1 with 150 chips is shared by 1 players
[GAME STAT] player wereFluke_0_7 gets 150 chips from pot 1
[GAME STAT] overall statistics
[GAME STAT] player Mars_0_0 wins 0 chips in this game
[GAME STAT] player courage_0_1 wins 0 chips in this game
[GAME STAT] player ssw_0_2 wins 0 chips in this game
[GAME STAT] player The Joker_0_3 wins -100 chips in this game
[GAME STAT] player WaP_0_4 wins -50 chips in this game
[GAME STAT] player NX01_0_5 wins -100 chips in this game
[GAME STAT] player Minty_0_6 wins 0 chips in this game
[GAME STAT] player wereFluke_0_7 wins 250 chips in this game
[GAME 18] game ends, invoking player.game_end()
[GAME 19] game starts
[GAME INFO] number of participants in this game = 8
[GAME INFO] participant: Mars_0_0, chip = 4668
[GAME INFO] participant: courage_0_1, chip = 2901
[GAME INFO] participant: ssw_0_2, chip = 3055
[GAME INFO] participant: The Joker_0_3, chip = 1576
[GAME INFO] participant: WaP_0_4, chip = 2877
[GAME INFO] participant: NX01_0_5, chip = 2818
[GAME INFO] participant: Minty_0_6, chip = 2966
[GAME INFO] participant: wereFluke_0_7, chip = 3139
[GAME INFO] blind is 100
[GAME INFO] dealer is WaP_0_4
[GAME INFO] small blind 100 posted by NX01_0_5
[GAME INFO] big blind 200 posted by Minty_0_6
[hole card] A club
[hole card] J heart
[preflop] round starts
[preflop] player Mars_0_0 has 4668 chips
[preflop] player courage_0_1 has 2901 chips
[preflop] player ssw_0_2 has 3055 chips
[preflop] player The Joker_0_3 has 1576 chips
[preflop] player WaP_0_4 has 2877 chips
[preflop] player NX01_0_5 has 2718 chips
[preflop] player Minty_0_6 has 2766 chips
[preflop] player wereFluke_0_7 has 3139 chips
[preflop] player wereFluke_0_7 calls. Total bet is 200
[preflop] player Mars_0_0 calls. Total bet is 200
[preflop] player courage_0_1 folds
[preflop] player ssw_0_2 folds
[preflop] action
[preflop] call (200 chips). 
[preflop] player The Joker_0_3 calls. Total bet is 200
[preflop] player WaP_0_4 folds
[preflop] player NX01_0_5 folds
[preflop] player Minty_0_6 folds
[flop] 4 heart
[flop] 3 heart
[flop] 6 spade
[flop] round starts
[flop] player Mars_0_0 has 4468 chips
[flop] player courage_0_1 has 2901 chips
[flop] player ssw_0_2 has 3055 chips
[flop] player The Joker_0_3 has 1376 chips
[flop] player WaP_0_4 has 2877 chips
[flop] player NX01_0_5 has 2718 chips
[flop] player Minty_0_6 has 2766 chips
[flop] player wereFluke_0_7 has 2939 chips
[flop] player wereFluke_0_7 folds
[flop] player Mars_0_0 checks
[flop] action
[flop] check
[flop] player The Joker_0_3 checks
[flop] round ends
[turn] 2 diamond
[turn] round starts
[turn] player Mars_0_0 has 4468 chips
[turn] player courage_0_1 has 2901 chips
[turn] player ssw_0_2 has 3055 chips
[turn] player The Joker_0_3 has 1376 chips
[turn] player WaP_0_4 has 2877 chips
[turn] player NX01_0_5 has 2718 chips
[turn] player Minty_0_6 has 2766 chips
[turn] player wereFluke_0_7 has 2939 chips
[turn] player Mars_0_0 checks
[turn] action
[turn] check
[turn] player The Joker_0_3 checks
[turn] round ends
[river] 10 spade
[river] round starts
[river] player Mars_0_0 has 4468 chips
[river] player courage_0_1 has 2901 chips
[river] player ssw_0_2 has 3055 chips
[river] player The Joker_0_3 has 1376 chips
[river] player WaP_0_4 has 2877 chips
[river] player NX01_0_5 has 2718 chips
[river] player Minty_0_6 has 2766 chips
[river] player wereFluke_0_7 has 2939 chips
[river] player Mars_0_0 checks
[river] action
[river] check
[river] player The Joker_0_3 checks
[river] round ends
[SHOWDOWN] showdown starts
[SHOWDOWN] showdown
[SHOWDOWN] 4 heart 6 spade 10 spade A club J heart
[SHOWDOWN] player The Joker_0_3 shows 4 heart 6 spade 10 spade A club J heart, which is high card.
[SHOWDOWN] player Mars_0_0 shows 4 heart 6 spade J diamond K spade 10 spade, which is high card.
[GAME STAT] pot 0 with 500 chips is shared by 1 players
[GAME STAT] player The Joker_0_3 gets 500 chips from pot 0
[GAME STAT] pot 1 with 400 chips is shared by 1 players
[GAME STAT] player The Joker_0_3 gets 400 chips from pot 1
[GAME STAT] overall statistics
[GAME STAT] player Mars_0_0 wins -200 chips in this game
[GAME STAT] player courage_0_1 wins 0 chips in this game
[GAME STAT] player ssw_0_2 wins 0 chips in this game
[GAME STAT] player The Joker_0_3 wins 700 chips in this game
[GAME STAT] player WaP_0_4 wins 0 chips in this game
[GAME STAT] player NX01_0_5 wins -100 chips in this game
[GAME STAT] player Minty_0_6 wins -200 chips in this game
[GAME STAT] player wereFluke_0_7 wins -200 chips in this game
[GAME 19] game ends, invoking player.game_end()
[GAME 20] game starts
[GAME INFO] number of participants in this game = 8
[GAME INFO] participant: Mars_0_0, chip = 4468
[GAME INFO] participant: courage_0_1, chip = 2901
[GAME INFO] participant: ssw_0_2, chip = 3055
[GAME INFO] participant: The Joker_0_3, chip = 2276
[GAME INFO] participant: WaP_0_4, chip = 2877
[GAME INFO] participant: NX01_0_5, chip = 2718
[GAME INFO] participant: Minty_0_6, chip = 2766
[GAME INFO] participant: wereFluke_0_7, chip = 2939
[GAME INFO] blind is 100
[GAME INFO] dealer is NX01_0_5
[GAME INFO] small blind 100 posted by Minty_0_6
[GAME INFO] big blind 200 posted by wereFluke_0_7
[hole card] 7 diamond
[hole card] K club
[preflop] round starts
[preflop] player Mars_0_0 has 4468 chips
[preflop] player courage_0_1 has 2901 chips
[preflop] player ssw_0_2 has 3055 chips
[preflop] player The Joker_0_3 has 2276 chips
[preflop] player WaP_0_4 has 2877 chips
[preflop] player NX01_0_5 has 2718 chips
[preflop] player Minty_0_6 has 2666 chips
[preflop] player wereFluke_0_7 has 2739 chips
[preflop] player Mars_0_0 folds
[preflop] player courage_0_1 folds
[preflop] player ssw_0_2 calls. Total bet is 200
[preflop] action
[preflop] call (200 chips). 
[preflop] player The Joker_0_3 calls. Total bet is 200
[preflop] player WaP_0_4 folds
[preflop] player NX01_0_5 folds
[preflop] player Minty_0_6 folds
[preflop] player wereFluke_0_7 calls. Total bet is 200
[flop] A heart
[flop] 4 club
[flop] K spade
[flop] round starts
[flop] player Mars_0_0 has 4468 chips
[flop] player courage_0_1 has 2901 chips
[flop] player ssw_0_2 has 2855 chips
[flop] player The Joker_0_3 has 2076 chips
[flop] player WaP_0_4 has 2877 chips
[flop] player NX01_0_5 has 2718 chips
[flop] player Minty_0_6 has 2666 chips
[flop] player wereFluke_0_7 has 2739 chips
[flop] player wereFluke_0_7 checks
[flop] player ssw_0_2 checks
[flop] action
[flop] check
[flop] player The Joker_0_3 checks
[flop] round ends
[turn] A spade
[turn] round starts
[turn] player Mars_0_0 has 4468 chips
[turn] player courage_0_1 has 2901 chips
[turn] player ssw_0_2 has 2855 chips
[turn] player The Joker_0_3 has 2076 chips
[turn] player WaP_0_4 has 2877 chips
[turn] player NX01_0_5 has 2718 chips
[turn] player Minty_0_6 has 2666 chips
[turn] player wereFluke_0_7 has 2739 chips
[turn] player wereFluke_0_7 checks
[turn] player ssw_0_2 checks
[turn] action
[turn] raise 706 (706 chips).
[turn] player The Joker_0_3 raises 706. Total bet is 706
[turn] player wereFluke_0_7 calls. Total bet is 706
[turn] player ssw_0_2 calls. Total bet is 706
[river] Q heart
[river] round starts
[river] player Mars_0_0 has 4468 chips
[river] player courage_0_1 has 2901 chips
[river] player ssw_0_2 has 2149 chips
[river] player The Joker_0_3 has 1370 chips
[river] player WaP_0_4 has 2877 chips
[river] player NX01_0_5 has 2718 chips
[river] player Minty_0_6 has 2666 chips
[river] player wereFluke_0_7 has 2033 chips
[river] player wereFluke_0_7 checks
[river] player ssw_0_2 checks
[river] action
[river] raise 693 (693 chips).
[river] player The Joker_0_3 raises 693. Total bet is 693
[river] player wereFluke_0_7 calls. Total bet is 693
[river] player ssw_0_2 calls. Total bet is 693
[SHOWDOWN] showdown starts
[SHOWDOWN] showdown
[SHOWDOWN] A heart K spade A spade Q heart K club
[SHOWDOWN] player The Joker_0_3 shows A heart K spade A spade Q heart K club, which is two pair.
[SHOWDOWN] player ssw_0_2 shows 7 spade 7 heart A heart K spade A spade, which is two pair.
[SHOWDOWN] player wereFluke_0_7 shows 8 diamond 9 diamond A heart A spade Q heart, which is one pair.
[GAME STAT] pot 0 with 400 chips is shared by 1 players
[GAME STAT] player The Joker_0_3 gets 400 chips from pot 0
[GAME STAT] pot 1 with 4497 chips is shared by 1 players
[GAME STAT] player The Joker_0_3 gets 4497 chips from pot 1
[GAME STAT] overall statistics
[GAME STAT] player Mars_0_0 wins 0 chips in this game
[GAME STAT] player courage_0_1 wins 0 chips in this game
[GAME STAT] player ssw_0_2 wins -1599 chips in this game
[GAME STAT] player The Joker_0_3 wins 3298 chips in this game
[GAME STAT] player WaP_0_4 wins 0 chips in this game
[GAME STAT] player NX01_0_5 wins 0 chips in this game
[GAME STAT] player Minty_0_6 wins -100 chips in this game
[GAME STAT] player wereFluke_0_7 wins -1599 chips in this game
[GAME 20] game ends, invoking player.game_end()
[GAME 21] game starts
[GAME INFO] number of participants in this game = 8
[GAME INFO] participant: Mars_0_0, chip = 4468
[GAME INFO] participant: courage_0_1, chip = 2901
[GAME INFO] participant: ssw_0_2, chip = 1456
[GAME INFO] participant: The Joker_0_3, chip = 5574
[GAME INFO] participant: WaP_0_4, chip = 2877
[GAME INFO] participant: NX01_0_5, chip = 2718
[GAME INFO] participant: Minty_0_6, chip = 2666
[GAME INFO] participant: wereFluke_0_7, chip = 1340
[GAME INFO] blind is 100
[GAME INFO] dealer is Minty_0_6
[GAME INFO] small blind 100 posted by wereFluke_0_7
[GAME INFO] big blind 200 posted by Mars_0_0
[hole card] 5 heart
[hole card] 6 heart
[preflop] round starts
[preflop] player Mars_0_0 has 4268 chips
[preflop] player courage_0_1 has 2901 chips
[preflop] player ssw_0_2 has 1456 chips
[preflop] player The Joker_0_3 has 5574 chips
[preflop] player WaP_0_4 has 2877 chips
[preflop] player NX01_0_5 has 2718 chips
[preflop] player Minty_0_6 has 2666 chips
[preflop] player wereFluke_0_7 has 1240 chips
[preflop] player courage_0_1 folds
[preflop] player ssw_0_2 folds
[preflop] action
[preflop] call (200 chips). 
[preflop] player The Joker_0_3 calls. Total bet is 200
[preflop] player WaP_0_4 folds
[preflop] player NX01_0_5 folds
[preflop] player Minty_0_6 folds
[preflop] player wereFluke_0_7 calls. Total bet is 200
[preflop] player Mars_0_0 calls. Total bet is 200
[flop] A diamond
[flop] 8 diamond
[flop] 3 diamond
[flop] round starts
[flop] player Mars_0_0 has 4268 chips
[flop] player courage_0_1 has 2901 chips
[flop] player ssw_0_2 has 1456 chips
[flop] player The Joker_0_3 has 5374 chips
[flop] player WaP_0_4 has 2877 chips
[flop] player NX01_0_5 has 2718 chips
[flop] player Minty_0_6 has 2666 chips
[flop] player wereFluke_0_7 has 1140 chips
[flop] player wereFluke_0_7 checks
[flop] player Mars_0_0 checks
[flop] action
[flop] check
[flop] player The Joker_0_3 checks
[flop] round ends
[turn] 10 heart
[turn] round starts
[turn] player Mars_0_0 has 4268 chips
[turn] player courage_0_1 has 2901 chips
[turn] player ssw_0_2 has 1456 chips
[turn] player The Joker_0_3 has 5374 chips
[turn] player WaP_0_4 has 2877 chips
[turn] player NX01_0_5 has 2718 chips
[turn] player Minty_0_6 has 2666 chips
[turn] player wereFluke_0_7 has 1140 chips
[turn] player wereFluke_0_7 checks
[turn] player Mars_0_0 checks
[turn] action
[turn] check
[turn] player The Joker_0_3 checks
[turn] round ends
[river] 3 club
[river] round starts
[river] player Mars_0_0 has 4268 chips
[river] player courage_0_1 has 2901 chips
[river] player ssw_0_2 has 1456 chips
[river] player The Joker_0_3 has 5374 chips
[river] player WaP_0_4 has 2877 chips
[river] player NX01_0_5 has 2718 chips
[river] player Minty_0_6 has 2666 chips
[river] player wereFluke_0_7 has 1140 chips
[river] player wereFluke_0_7 folds
[river] player Mars_0_0 checks
[river] action
[river] check
[river] player The Joker_0_3 checks
[river] round ends
[SHOWDOWN] showdown starts
[SHOWDOWN] showdown
[SHOWDOWN] A diamond 8 diamond 3 diamond 10 heart 3 club
[SHOWDOWN] player Mars_0_0 shows 3 club 3 diamond A diamond J heart 10 heart, which is one pair.
[SHOWDOWN] player The Joker_0_3 shows A diamond 8 diamond 3 diamond 10 heart 3 club, which is one pair.
[GAME STAT] pot 0 with 600 chips is shared by 1 players
[GAME STAT] player Mars_0_0 gets 600 chips from pot 0
[GAME STAT] overall statistics
[GAME STAT] player Mars_0_0 wins 400 chips in this game
[GAME STAT] player courage_0_1 wins 0 chips in this game
[GAME STAT] player ssw_0_2 wins 0 chips in this game
[GAME STAT] player The Joker_0_3 wins -200 chips in this game
[GAME STAT] player WaP_0_4 wins 0 chips in this game
[GAME STAT] player NX01_0_5 wins 0 chips in this game
[GAME STAT] player Minty_0_6 wins 0 chips in this game
[GAME STAT] player wereFluke_0_7 wins -200 chips in this game
[GAME 21] game ends, invoking player.game_end()
[GAME 22] game starts
[GAME INFO] number of participants in this game = 8
[GAME INFO] participant: Mars_0_0, chip = 4868
[GAME INFO] participant: courage_0_1, chip = 2901
[GAME INFO] participant: ssw_0_2, chip = 1456
[GAME INFO] participant: The Joker_0_3, chip = 5374
[GAME INFO] participant: WaP_0_4, chip = 2877
[GAME INFO] participant: NX01_0_5, chip = 2718
[GAME INFO] participant: Minty_0_6, chip = 2666
[GAME INFO] participant: wereFluke_0_7, chip = 1140
[GAME INFO] blind is 200
[GAME INFO] dealer is wereFluke_0_7
[GAME INFO] small blind 200 posted by Mars_0_0
[GAME INFO] big blind 400 posted by courage_0_1
[hole card] K club
[hole card] 2 heart
[preflop] round starts
[preflop] player Mars_0_0 has 4668 chips
[preflop] player courage_0_1 has 2501 chips
[preflop] player ssw_0_2 has 1456 chips
[preflop] player The Joker_0_3 has 5374 chips
[preflop] player WaP_0_4 has 2877 chips
[preflop] player NX01_0_5 has 2718 chips
[preflop] player Minty_0_6 has 2666 chips
[preflop] player wereFluke_0_7 has 1140 chips
[preflop] player ssw_0_2 folds
[preflop] action
[WARNING] CANNOT check when another player has raised
[preflop] player The Joker_0_3 folds
[preflop] player WaP_0_4 folds
[preflop] player NX01_0_5 folds
[preflop] player Minty_0_6 folds
[preflop] player wereFluke_0_7 folds
[preflop] player Mars_0_0 folds
[GAME STAT] pot 0 with 400 chips is shared by 1 players
[GAME STAT] player courage_0_1 gets 400 chips from pot 0
[GAME STAT] pot 1 with 200 chips is shared by 1 players
[GAME STAT] player courage_0_1 gets 200 chips from pot 1
[GAME STAT] overall statistics
[GAME STAT] player Mars_0_0 wins -200 chips in this game
[GAME STAT] player courage_0_1 wins 200 chips in this game
[GAME STAT] player ssw_0_2 wins 0 chips in this game
[GAME STAT] player The Joker_0_3 wins 0 chips in this game
[GAME STAT] player WaP_0_4 wins 0 chips in this game
[GAME STAT] player NX01_0_5 wins 0 chips in this game
[GAME STAT] player Minty_0_6 wins 0 chips in this game
[GAME STAT] player wereFluke_0_7 wins 0 chips in this game
[GAME 22] game ends, invoking player.game_end()
[GAME 23] game starts
[GAME INFO] number of participants in this game = 8
[GAME INFO] participant: Mars_0_0, chip = 4668
[GAME INFO] participant: courage_0_1, chip = 3101
[GAME INFO] participant: ssw_0_2, chip = 1456
[GAME INFO] participant: The Joker_0_3, chip = 5374
[GAME INFO] participant: WaP_0_4, chip = 2877
[GAME INFO] participant: NX01_0_5, chip = 2718
[GAME INFO] participant: Minty_0_6, chip = 2666
[GAME INFO] participant: wereFluke_0_7, chip = 1140
[GAME INFO] blind is 200
[GAME INFO] dealer is Mars_0_0
[GAME INFO] small blind 200 posted by courage_0_1
[GAME INFO] big blind 400 posted by ssw_0_2
[hole card] 6 heart
[hole card] 3 diamond
[preflop] round starts
[preflop] player Mars_0_0 has 4668 chips
[preflop] player courage_0_1 has 2901 chips
[preflop] player ssw_0_2 has 1056 chips
[preflop] player The Joker_0_3 has 5374 chips
[preflop] player WaP_0_4 has 2877 chips
[preflop] player NX01_0_5 has 2718 chips
[preflop] player Minty_0_6 has 2666 chips
[preflop] player wereFluke_0_7 has 1140 chips
[preflop] action
[WARNING] CANNOT check when another player has raised
[preflop] player The Joker_0_3 folds
[preflop] player WaP_0_4 folds
[preflop] player NX01_0_5 folds
[preflop] player Minty_0_6 folds
[preflop] player wereFluke_0_7 folds
[preflop] player Mars_0_0 folds
[preflop] player courage_0_1 calls. Total bet is 400
[preflop] player ssw_0_2 folds
[GAME STAT] pot 0 with 800 chips is shared by 1 players
[GAME STAT] player courage_0_1 gets 800 chips from pot 0
[GAME STAT] overall statistics
[GAME STAT] player Mars_0_0 wins 0 chips in this game
[GAME STAT] player courage_0_1 wins 400 chips in this game
[GAME STAT] player ssw_0_2 wins -400 chips in this game
[GAME STAT] player The Joker_0_3 wins 0 chips in this game
[GAME STAT] player WaP_0_4 wins 0 chips in this game
[GAME STAT] player NX01_0_5 wins 0 chips in this game
[GAME STAT] player Minty_0_6 wins 0 chips in this game
[GAME STAT] player wereFluke_0_7 wins 0 chips in this game
[GAME 23] game ends, invoking player.game_end()
[GAME 24] game starts
[GAME INFO] number of participants in this game = 8
[GAME INFO] participant: Mars_0_0, chip = 4668
[GAME INFO] participant: courage_0_1, chip = 3501
[GAME INFO] participant: ssw_0_2, chip = 1056
[GAME INFO] participant: The Joker_0_3, chip = 5374
[GAME INFO] participant: WaP_0_4, chip = 2877
[GAME INFO] participant: NX01_0_5, chip = 2718
[GAME INFO] participant: Minty_0_6, chip = 2666
[GAME INFO] participant: wereFluke_0_7, chip = 1140
[GAME INFO] blind is 200
[GAME INFO] dealer is courage_0_1
[GAME INFO] small blind 200 posted by ssw_0_2
[GAME INFO] big blind 400 posted by The Joker_0_3
[hole card] A club
[hole card] 3 heart
[preflop] round starts
[preflop] player Mars_0_0 has 4668 chips
[preflop] player courage_0_1 has 3501 chips
[preflop] player ssw_0_2 has 856 chips
[preflop] player The Joker_0_3 has 4974 chips
[preflop] player WaP_0_4 has 2877 chips
[preflop] player NX01_0_5 has 2718 chips
[preflop] player Minty_0_6 has 2666 chips
[preflop] player wereFluke_0_7 has 1140 chips
[preflop] player WaP_0_4 folds
[preflop] player NX01_0_5 folds
[preflop] player Minty_0_6 folds
[preflop] player wereFluke_0_7 folds
[preflop] player Mars_0_0 calls. Total bet is 400
[preflop] player courage_0_1 folds
[preflop] player ssw_0_2 folds
[preflop] action
[preflop] call (0 chips). 
[preflop] player The Joker_0_3 calls. Total bet is 400
[flop] K heart
[flop] 8 club
[flop] 3 spade
[flop] round starts
[flop] player Mars_0_0 has 4268 chips
[flop] player courage_0_1 has 3501 chips
[flop] player ssw_0_2 has 856 chips
[flop] player The Joker_0_3 has 4974 chips
[flop] player WaP_0_4 has 2877 chips
[flop] player NX01_0_5 has 2718 chips
[flop] player Minty_0_6 has 2666 chips
[flop] player wereFluke_0_7 has 1140 chips
[flop] action
[flop] check
[flop] player The Joker_0_3 checks
[flop] player Mars_0_0 checks
[flop] round ends
[turn] 7 spade
[turn] round starts
[turn] player Mars_0_0 has 4268 chips
[turn] player courage_0_1 has 3501 chips
[turn] player ssw_0_2 has 856 chips
[turn] player The Joker_0_3 has 4974 chips
[turn] player WaP_0_4 has 2877 chips
[turn] player NX01_0_5 has 2718 chips
[turn] player Minty_0_6 has 2666 chips
[turn] player wereFluke_0_7 has 1140 chips
[turn] action
[turn] check
[turn] player The Joker_0_3 checks
[turn] player Mars_0_0 checks
[turn] round ends
[river] 3 diamond
[river] round starts
[river] player Mars_0_0 has 4268 chips
[river] player courage_0_1 has 3501 chips
[river] player ssw_0_2 has 856 chips
[river] player The Joker_0_3 has 4974 chips
[river] player WaP_0_4 has 2877 chips
[river] player NX01_0_5 has 2718 chips
[river] player Minty_0_6 has 2666 chips
[river] player wereFluke_0_7 has 1140 chips
[river] action
[river] raise 981 (981 chips).
[river] player The Joker_0_3 raises 981. Total bet is 981
[river] player Mars_0_0 folds
[GAME STAT] pot 0 with 600 chips is shared by 1 players
[GAME STAT] player The Joker_0_3 gets 600 chips from pot 0
[GAME STAT] pot 1 with 400 chips is shared by 1 players
[GAME STAT] player The Joker_0_3 gets 400 chips from pot 1
[GAME STAT] pot 2 with 981 chips is shared by 1 players
[GAME STAT] player The Joker_0_3 gets 981 chips from pot 2
[GAME STAT] overall statistics
[GAME STAT] player Mars_0_0 wins -400 chips in this game
[GAME STAT] player courage_0_1 wins 0 chips in this game
[GAME STAT] player ssw_0_2 wins -200 chips in this game
[GAME STAT] player The Joker_0_3 wins 600 chips in this game
[GAME STAT] player WaP_0_4 wins 0 chips in this game
[GAME STAT] player NX01_0_5 wins 0 chips in this game
[GAME STAT] player Minty_0_6 wins 0 chips in this game
[GAME STAT] player wereFluke_0_7 wins 0 chips in this game
[GAME 24] game ends, invoking player.game_end()
[GAME 25] game starts
[GAME INFO] number of participants in this game = 8
[GAME INFO] participant: Mars_0_0, chip = 4268
[GAME INFO] participant: courage_0_1, chip = 3501
[GAME INFO] participant: ssw_0_2, chip = 856
[GAME INFO] participant: The Joker_0_3, chip = 5974
[GAME INFO] participant: WaP_0_4, chip = 2877
[GAME INFO] participant: NX01_0_5, chip = 2718
[GAME INFO] participant: Minty_0_6, chip = 2666
[GAME INFO] participant: wereFluke_0_7, chip = 1140
[GAME INFO] blind is 500
[GAME INFO] dealer is ssw_0_2
[GAME INFO] small blind 500 posted by The Joker_0_3
[GAME INFO] big blind 1000 posted by WaP_0_4
[hole card] 2 spade
[hole card] Q heart
[preflop] round starts
[preflop] player Mars_0_0 has 4268 chips
[preflop] player courage_0_1 has 3501 chips
[preflop] player ssw_0_2 has 856 chips
[preflop] player The Joker_0_3 has 5474 chips
[preflop] player WaP_0_4 has 1877 chips
[preflop] player NX01_0_5 has 2718 chips
[preflop] player Minty_0_6 has 2666 chips
[preflop] player wereFluke_0_7 has 1140 chips
[preflop] player NX01_0_5 folds
[preflop] player Minty_0_6 folds
[preflop] player wereFluke_0_7 folds
[preflop] player Mars_0_0 folds
[preflop] player courage_0_1 folds
[preflop] player ssw_0_2 folds
[preflop] action
[preflop] call (500 chips). 
[preflop] player The Joker_0_3 calls. Total bet is 1000
[preflop] player WaP_0_4 calls. Total bet is 1000
[flop] 6 heart
[flop] 3 diamond
[flop] 5 spade
[flop] round starts
[flop] player Mars_0_0 has 4268 chips
[flop] player courage_0_1 has 3501 chips
[flop] player ssw_0_2 has 856 chips
[flop] player The Joker_0_3 has 4974 chips
[flop] player WaP_0_4 has 1877 chips
[flop] player NX01_0_5 has 2718 chips
[flop] player Minty_0_6 has 2666 chips
[flop] player wereFluke_0_7 has 1140 chips
[flop] action
[flop] check
[flop] player The Joker_0_3 checks
[flop] player WaP_0_4 checks
[flop] round ends
[turn] 5 heart
[turn] round starts
[turn] player Mars_0_0 has 4268 chips
[turn] player courage_0_1 has 3501 chips
[turn] player ssw_0_2 has 856 chips
[turn] player The Joker_0_3 has 4974 chips
[turn] player WaP_0_4 has 1877 chips
[turn] player NX01_0_5 has 2718 chips
[turn] player Minty_0_6 has 2666 chips
[turn] player wereFluke_0_7 has 1140 chips
[turn] action
[turn] check
[turn] player The Joker_0_3 checks
[turn] player WaP_0_4 checks
[turn] round ends
[river] J diamond
[river] round starts
[river] player Mars_0_0 has 4268 chips
[river] player courage_0_1 has 3501 chips
[river] player ssw_0_2 has 856 chips
[river] player The Joker_0_3 has 4974 chips
[river] player WaP_0_4 has 1877 chips
[river] player NX01_0_5 has 2718 chips
[river] player Minty_0_6 has 2666 chips
[river] player wereFluke_0_7 has 1140 chips
[river] action
[river] check
[river] player The Joker_0_3 checks
[river] player WaP_0_4 checks
[river] round ends
[SHOWDOWN] showdown starts
[SHOWDOWN] showdown
[SHOWDOWN] 6 heart 5 spade 5 heart J diamond Q heart
[SHOWDOWN] player The Joker_0_3 shows 6 heart 5 spade 5 heart J diamond Q heart, which is one pair.
[SHOWDOWN] player WaP_0_4 shows J diamond 10 club 5 spade 5 heart 3 diamond, which is one pair.
[GAME STAT] pot 0 with 2000 chips is shared by 1 players
[GAME STAT] player The Joker_0_3 gets 2000 chips from pot 0
[GAME STAT] overall statistics
[GAME STAT] player Mars_0_0 wins 0 chips in this game
[GAME STAT] player courage_0_1 wins 0 chips in this game
[GAME STAT] player ssw_0_2 wins 0 chips in this game
[GAME STAT] player The Joker_0_3 wins 1000 chips in this game
[GAME STAT] player WaP_0_4 wins -1000 chips in this game
[GAME STAT] player NX01_0_5 wins 0 chips in this game
[GAME STAT] player Minty_0_6 wins 0 chips in this game
[GAME STAT] player wereFluke_0_7 wins 0 chips in this game
[GAME 25] game ends, invoking player.game_end()
[GAME 26] game starts
[GAME INFO] number of participants in this game = 8
[GAME INFO] participant: Mars_0_0, chip = 4268
[GAME INFO] participant: courage_0_1, chip = 3501
[GAME INFO] participant: ssw_0_2, chip = 856
[GAME INFO] participant: The Joker_0_3, chip = 6974
[GAME INFO] participant: WaP_0_4, chip = 1877
[GAME INFO] participant: NX01_0_5, chip = 2718
[GAME INFO] participant: Minty_0_6, chip = 2666
[GAME INFO] participant: wereFluke_0_7, chip = 1140
[GAME INFO] blind is 500
[GAME INFO] dealer is The Joker_0_3
[GAME INFO] small blind 500 posted by WaP_0_4
[GAME INFO] big blind 1000 posted by NX01_0_5
[hole card] 9 diamond
[hole card] J club
[preflop] round starts
[preflop] player Mars_0_0 has 4268 chips
[preflop] player courage_0_1 has 3501 chips
[preflop] player ssw_0_2 has 856 chips
[preflop] player The Joker_0_3 has 6974 chips
[preflop] player WaP_0_4 has 1377 chips
[preflop] player NX01_0_5 has 1718 chips
[preflop] player Minty_0_6 has 2666 chips
[preflop] player wereFluke_0_7 has 1140 chips
[preflop] player Minty_0_6 folds
[preflop] player wereFluke_0_7 folds
[preflop] player Mars_0_0 folds
[preflop] player courage_0_1 folds
[preflop] player ssw_0_2 folds
[preflop] action
[preflop] call (1000 chips). 
[preflop] player The Joker_0_3 calls. Total bet is 1000
[preflop] player WaP_0_4 folds
[preflop] player NX01_0_5 folds
[GAME STAT] pot 0 with 1500 chips is shared by 1 players
[GAME STAT] player The Joker_0_3 gets 1500 chips from pot 0
[GAME STAT] pot 1 with 1000 chips is shared by 1 players
[GAME STAT] player The Joker_0_3 gets 1000 chips from pot 1
[GAME STAT] overall statistics
[GAME STAT] player Mars_0_0 wins 0 chips in this game
[GAME STAT] player courage_0_1 wins 0 chips in this game
[GAME STAT] player ssw_0_2 wins 0 chips in this game
[GAME STAT] player The Joker_0_3 wins 1500 chips in this game
[GAME STAT] player WaP_0_4 wins -500 chips in this game
[GAME STAT] player NX01_0_5 wins -1000 chips in this game
[GAME STAT] player Minty_0_6 wins 0 chips in this game
[GAME STAT] player wereFluke_0_7 wins 0 chips in this game
[GAME 26] game ends, invoking player.game_end()
[GAME 27] game starts
[GAME INFO] number of participants in this game = 8
[GAME INFO] participant: Mars_0_0, chip = 4268
[GAME INFO] participant: courage_0_1, chip = 3501
[GAME INFO] participant: ssw_0_2, chip = 856
[GAME INFO] participant: The Joker_0_3, chip = 8474
[GAME INFO] participant: WaP_0_4, chip = 1377
[GAME INFO] participant: NX01_0_5, chip = 1718
[GAME INFO] participant: Minty_0_6, chip = 2666
[GAME INFO] participant: wereFluke_0_7, chip = 1140
[GAME INFO] blind is 500
[GAME INFO] dealer is WaP_0_4
[GAME INFO] small blind 500 posted by NX01_0_5
[GAME INFO] big blind 1000 posted by Minty_0_6
[hole card] 7 club
[hole card] J club
[preflop] round starts
[preflop] player Mars_0_0 has 4268 chips
[preflop] player courage_0_1 has 3501 chips
[preflop] player ssw_0_2 has 856 chips
[preflop] player The Joker_0_3 has 8474 chips
[preflop] player WaP_0_4 has 1377 chips
[preflop] player NX01_0_5 has 1218 chips
[preflop] player Minty_0_6 has 1666 chips
[preflop] player wereFluke_0_7 has 1140 chips
[preflop] player wereFluke_0_7 folds
[preflop] player Mars_0_0 folds
[preflop] player courage_0_1 folds
[preflop] player ssw_0_2 folds
[preflop] action
[preflop] call (1000 chips). 
[preflop] player The Joker_0_3 calls. Total bet is 1000
[preflop] player WaP_0_4 folds
[preflop] player NX01_0_5 folds
[preflop] player Minty_0_6 folds
[GAME STAT] pot 0 with 1500 chips is shared by 1 players
[GAME STAT] player The Joker_0_3 gets 1500 chips from pot 0
[GAME STAT] pot 1 with 1000 chips is shared by 1 players
[GAME STAT] player The Joker_0_3 gets 1000 chips from pot 1
[GAME STAT] overall statistics
[GAME STAT] player Mars_0_0 wins 0 chips in this game
[GAME STAT] player courage_0_1 wins 0 chips in this game
[GAME STAT] player ssw_0_2 wins 0 chips in this game
[GAME STAT] player The Joker_0_3 wins 1500 chips in this game
[GAME STAT] player WaP_0_4 wins 0 chips in this game
[GAME STAT] player NX01_0_5 wins -500 chips in this game
[GAME STAT] player Minty_0_6 wins -1000 chips in this game
[GAME STAT] player wereFluke_0_7 wins 0 chips in this game
[GAME 27] game ends, invoking player.game_end()
[END]
[FINAL STAT] chips
[FINAL STAT] Mars_0_0 has 4268 chips
[FINAL STAT] courage_0_1 has 3501 chips
[FINAL STAT] ssw_0_2 has 856 chips
[FINAL STAT] The Joker_0_3 has 9974 chips
[FINAL STAT] WaP_0_4 has 1377 chips
[FINAL STAT] NX01_0_5 has 1218 chips
[FINAL STAT] Minty_0_6 has 1666 chips
[FINAL STAT] wereFluke_0_7 has 1140 chips
