[UI] login name: [UI] succefully login as The Joker_2_5
[login] The Joker_2_5
[player 0] ssw_2_0
[player 1] yyyyyr_2_1
[player 2] courage_2_2
[player 3] Sister_Lily_2_3
[player 4] Mars_2_4
[player 5] The Joker_2_5
[player 6] Jerry Xu_2_6
[player 7] XinWQNMLGB_2_7
[GAME INFO] number of players = 8
[GAME INFO] initial chips = 3000
[GAME 1] game starts
[GAME INFO] number of participants in this game = 8
[GAME INFO] participant: ssw_2_0, chip = 3000
[GAME INFO] participant: yyyyyr_2_1, chip = 3000
[GAME INFO] participant: courage_2_2, chip = 3000
[GAME INFO] participant: Sister_Lily_2_3, chip = 3000
[GAME INFO] participant: Mars_2_4, chip = 3000
[GAME INFO] participant: The Joker_2_5, chip = 3000
[GAME INFO] participant: Jerry Xu_2_6, chip = 3000
[GAME INFO] participant: XinWQNMLGB_2_7, chip = 3000
[GAME INFO] blind is 1
[GAME INFO] dealer is ssw_2_0
[GAME INFO] small blind 1 posted by yyyyyr_2_1
[GAME INFO] big blind 2 posted by courage_2_2
[hole card] 7 club
[hole card] 3 spade
[preflop] round starts
[preflop] player ssw_2_0 has 3000 chips
[preflop] player yyyyyr_2_1 has 2999 chips
[preflop] player courage_2_2 has 2998 chips
[preflop] player Sister_Lily_2_3 has 3000 chips
[preflop] player Mars_2_4 has 3000 chips
[preflop] player The Joker_2_5 has 3000 chips
[preflop] player Jerry Xu_2_6 has 3000 chips
[preflop] player XinWQNMLGB_2_7 has 3000 chips
[preflop] player Sister_Lily_2_3 calls. Total bet is 2
[preflop] player Mars_2_4 calls. Total bet is 2
[preflop] action
[WARNING] CANNOT check when another player has raised
[preflop] player The Joker_2_5 folds
[preflop] player Jerry Xu_2_6 folds
[preflop] player XinWQNMLGB_2_7 calls. Total bet is 2
[preflop] player ssw_2_0 folds
[preflop] player yyyyyr_2_1 folds
[preflop] player courage_2_2 calls. Total bet is 2
[flop] A spade
[flop] 4 diamond
[flop] 8 diamond
[flop] round starts
[flop] player ssw_2_0 has 3000 chips
[flop] player yyyyyr_2_1 has 2999 chips
[flop] player courage_2_2 has 2998 chips
[flop] player Sister_Lily_2_3 has 2998 chips
[flop] player Mars_2_4 has 2998 chips
[flop] player The Joker_2_5 has 3000 chips
[flop] player Jerry Xu_2_6 has 3000 chips
[flop] player XinWQNMLGB_2_7 has 2998 chips
[flop] player courage_2_2 checks
[flop] player Sister_Lily_2_3 checks
[flop] player Mars_2_4 checks
[flop] player XinWQNMLGB_2_7 checks
[flop] round ends
[turn] 4 spade
[turn] round starts
[turn] player ssw_2_0 has 3000 chips
[turn] player yyyyyr_2_1 has 2999 chips
[turn] player courage_2_2 has 2998 chips
[turn] player Sister_Lily_2_3 has 2998 chips
[turn] player Mars_2_4 has 2998 chips
[turn] player The Joker_2_5 has 3000 chips
[turn] player Jerry Xu_2_6 has 3000 chips
[turn] player XinWQNMLGB_2_7 has 2998 chips
[turn] player courage_2_2 checks
[turn] player Sister_Lily_2_3 checks
[turn] player Mars_2_4 checks
[turn] player XinWQNMLGB_2_7 folds
[turn] round ends
[river] J spade
[river] round starts
[river] player ssw_2_0 has 3000 chips
[river] player yyyyyr_2_1 has 2999 chips
[river] player courage_2_2 has 2998 chips
[river] player Sister_Lily_2_3 has 2998 chips
[river] player Mars_2_4 has 2998 chips
[river] player The Joker_2_5 has 3000 chips
[river] player Jerry Xu_2_6 has 3000 chips
[river] player XinWQNMLGB_2_7 has 2998 chips
[river] player courage_2_2 checks
[river] player Sister_Lily_2_3 checks
[river] player Mars_2_4 raises 1498. Total bet is 1498
[river] player courage_2_2 folds
[river] player Sister_Lily_2_3 folds
[GAME STAT] pot 0 with 5 chips is shared by 1 players
[GAME STAT] player Mars_2_4 gets 5 chips from pot 0
[GAME STAT] pot 1 with 4 chips is shared by 1 players
[GAME STAT] player Mars_2_4 gets 4 chips from pot 1
[GAME STAT] pot 2 with 1498 chips is shared by 1 players
[GAME STAT] player Mars_2_4 gets 1498 chips from pot 2
[GAME STAT] overall statistics
[GAME STAT] player ssw_2_0 wins 0 chips in this game
[GAME STAT] player yyyyyr_2_1 wins -1 chips in this game
[GAME STAT] player courage_2_2 wins -2 chips in this game
[GAME STAT] player Sister_Lily_2_3 wins -2 chips in this game
[GAME STAT] player Mars_2_4 wins 7 chips in this game
[GAME STAT] player The Joker_2_5 wins 0 chips in this game
[GAME STAT] player Jerry Xu_2_6 wins 0 chips in this game
[GAME STAT] player XinWQNMLGB_2_7 wins -2 chips in this game
[GAME 1] game ends, invoking player.game_end()
[GAME 2] game starts
[GAME INFO] number of participants in this game = 8
[GAME INFO] participant: ssw_2_0, chip = 3000
[GAME INFO] participant: yyyyyr_2_1, chip = 2999
[GAME INFO] participant: courage_2_2, chip = 2998
[GAME INFO] participant: Sister_Lily_2_3, chip = 2998
[GAME INFO] participant: Mars_2_4, chip = 3007
[GAME INFO] participant: The Joker_2_5, chip = 3000
[GAME INFO] participant: Jerry Xu_2_6, chip = 3000
[GAME INFO] participant: XinWQNMLGB_2_7, chip = 2998
[GAME INFO] blind is 1
[GAME INFO] dealer is yyyyyr_2_1
[GAME INFO] small blind 1 posted by courage_2_2
[GAME INFO] big blind 2 posted by Sister_Lily_2_3
[hole card] 9 club
[hole card] 10 spade
[preflop] round starts
[preflop] player ssw_2_0 has 3000 chips
[preflop] player yyyyyr_2_1 has 2999 chips
[preflop] player courage_2_2 has 2997 chips
[preflop] player Sister_Lily_2_3 has 2996 chips
[preflop] player Mars_2_4 has 3007 chips
[preflop] player The Joker_2_5 has 3000 chips
[preflop] player Jerry Xu_2_6 has 3000 chips
[preflop] player XinWQNMLGB_2_7 has 2998 chips
[preflop] player Mars_2_4 calls. Total bet is 2
[preflop] action
[WARNING] CANNOT check when another player has raised
[preflop] player The Joker_2_5 folds
[preflop] player Jerry Xu_2_6 calls. Total bet is 2
[preflop] player XinWQNMLGB_2_7 calls. Total bet is 2
[preflop] player ssw_2_0 folds
[preflop] player yyyyyr_2_1 calls. Total bet is 2
[preflop] player courage_2_2 folds
[preflop] player Sister_Lily_2_3 calls. Total bet is 2
[flop] Q diamond
[flop] 6 diamond
[flop] 5 spade
[flop] round starts
[flop] player ssw_2_0 has 3000 chips
[flop] player yyyyyr_2_1 has 2997 chips
[flop] player courage_2_2 has 2997 chips
[flop] player Sister_Lily_2_3 has 2996 chips
[flop] player Mars_2_4 has 3005 chips
[flop] player The Joker_2_5 has 3000 chips
[flop] player Jerry Xu_2_6 has 2998 chips
[flop] player XinWQNMLGB_2_7 has 2996 chips
[flop] player Sister_Lily_2_3 checks
[flop] player Mars_2_4 checks
[flop] player Jerry Xu_2_6 checks
[flop] player XinWQNMLGB_2_7 checks
[flop] player yyyyyr_2_1 checks
[flop] round ends
[turn] 5 club
[turn] round starts
[turn] player ssw_2_0 has 3000 chips
[turn] player yyyyyr_2_1 has 2997 chips
[turn] player courage_2_2 has 2997 chips
[turn] player Sister_Lily_2_3 has 2996 chips
[turn] player Mars_2_4 has 3005 chips
[turn] player The Joker_2_5 has 3000 chips
[turn] player Jerry Xu_2_6 has 2998 chips
[turn] player XinWQNMLGB_2_7 has 2996 chips
[turn] player Sister_Lily_2_3 checks
[turn] player Mars_2_4 checks
[turn] player Jerry Xu_2_6 checks
[turn] player XinWQNMLGB_2_7 folds
[turn] player yyyyyr_2_1 checks
[turn] round ends
[river] 2 heart
[river] round starts
[river] player ssw_2_0 has 3000 chips
[river] player yyyyyr_2_1 has 2997 chips
[river] player courage_2_2 has 2997 chips
[river] player Sister_Lily_2_3 has 2996 chips
[river] player Mars_2_4 has 3005 chips
[river] player The Joker_2_5 has 3000 chips
[river] player Jerry Xu_2_6 has 2998 chips
[river] player XinWQNMLGB_2_7 has 2996 chips
[river] player Sister_Lily_2_3 checks
[river] player Mars_2_4 checks
[river] player Jerry Xu_2_6 checks
[river] player yyyyyr_2_1 checks
[river] round ends
[SHOWDOWN] showdown starts
[SHOWDOWN] player yyyyyr_2_1 shows Q spade K spade Q diamond 5 spade 5 club, which is two pair.
[SHOWDOWN] player Jerry Xu_2_6 shows Q diamond 7 diamond 5 spade 5 club Q club, which is two pair.
[SHOWDOWN] player Sister_Lily_2_3 shows Q heart Q diamond 6 diamond 5 spade 5 club, which is two pair.
[SHOWDOWN] player Mars_2_4 shows 5 club 5 spade 7 club K diamond Q diamond, which is one pair.
[GAME STAT] pot 0 with 6 chips is shared by 1 players
[GAME STAT] player yyyyyr_2_1 gets 6 chips from pot 0
[GAME STAT] pot 1 with 5 chips is shared by 1 players
[GAME STAT] player yyyyyr_2_1 gets 5 chips from pot 1
[GAME STAT] overall statistics
[GAME STAT] player ssw_2_0 wins 0 chips in this game
[GAME STAT] player yyyyyr_2_1 wins 9 chips in this game
[GAME STAT] player courage_2_2 wins -1 chips in this game
[GAME STAT] player Sister_Lily_2_3 wins -2 chips in this game
[GAME STAT] player Mars_2_4 wins -2 chips in this game
[GAME STAT] player The Joker_2_5 wins 0 chips in this game
[GAME STAT] player Jerry Xu_2_6 wins -2 chips in this game
[GAME STAT] player XinWQNMLGB_2_7 wins -2 chips in this game
[GAME 2] game ends, invoking player.game_end()
[GAME 3] game starts
[GAME INFO] number of participants in this game = 8
[GAME INFO] participant: ssw_2_0, chip = 3000
[GAME INFO] participant: yyyyyr_2_1, chip = 3008
[GAME INFO] participant: courage_2_2, chip = 2997
[GAME INFO] participant: Sister_Lily_2_3, chip = 2996
[GAME INFO] participant: Mars_2_4, chip = 3005
[GAME INFO] participant: The Joker_2_5, chip = 3000
[GAME INFO] participant: Jerry Xu_2_6, chip = 2998
[GAME INFO] participant: XinWQNMLGB_2_7, chip = 2996
[GAME INFO] blind is 1
[GAME INFO] dealer is courage_2_2
[GAME INFO] small blind 1 posted by Sister_Lily_2_3
[GAME INFO] big blind 2 posted by Mars_2_4
[hole card] K spade
[hole card] 8 heart
[preflop] round starts
[preflop] player ssw_2_0 has 3000 chips
[preflop] player yyyyyr_2_1 has 3008 chips
[preflop] player courage_2_2 has 2997 chips
[preflop] player Sister_Lily_2_3 has 2995 chips
[preflop] player Mars_2_4 has 3003 chips
[preflop] player The Joker_2_5 has 3000 chips
[preflop] player Jerry Xu_2_6 has 2998 chips
[preflop] player XinWQNMLGB_2_7 has 2996 chips
[preflop] action
[WARNING] CANNOT check when another player has raised
[preflop] player The Joker_2_5 folds
[preflop] player Jerry Xu_2_6 folds
[preflop] player XinWQNMLGB_2_7 calls. Total bet is 2
[preflop] player ssw_2_0 folds
[preflop] player yyyyyr_2_1 folds
[preflop] player courage_2_2 folds
[preflop] player Sister_Lily_2_3 calls. Total bet is 2
[preflop] player Mars_2_4 calls. Total bet is 2
[flop] 4 club
[flop] 3 spade
[flop] 9 heart
[flop] round starts
[flop] player ssw_2_0 has 3000 chips
[flop] player yyyyyr_2_1 has 3008 chips
[flop] player courage_2_2 has 2997 chips
[flop] player Sister_Lily_2_3 has 2994 chips
[flop] player Mars_2_4 has 3003 chips
[flop] player The Joker_2_5 has 3000 chips
[flop] player Jerry Xu_2_6 has 2998 chips
[flop] player XinWQNMLGB_2_7 has 2994 chips
[flop] player Sister_Lily_2_3 checks
[flop] player Mars_2_4 checks
[flop] player XinWQNMLGB_2_7 checks
[flop] round ends
[turn] 7 club
[turn] round starts
[turn] player ssw_2_0 has 3000 chips
[turn] player yyyyyr_2_1 has 3008 chips
[turn] player courage_2_2 has 2997 chips
[turn] player Sister_Lily_2_3 has 2994 chips
[turn] player Mars_2_4 has 3003 chips
[turn] player The Joker_2_5 has 3000 chips
[turn] player Jerry Xu_2_6 has 2998 chips
[turn] player XinWQNMLGB_2_7 has 2994 chips
[turn] player Sister_Lily_2_3 checks
[turn] player Mars_2_4 checks
[turn] player XinWQNMLGB_2_7 folds
[turn] round ends
[river] A club
[river] round starts
[river] player ssw_2_0 has 3000 chips
[river] player yyyyyr_2_1 has 3008 chips
[river] player courage_2_2 has 2997 chips
[river] player Sister_Lily_2_3 has 2994 chips
[river] player Mars_2_4 has 3003 chips
[river] player The Joker_2_5 has 3000 chips
[river] player Jerry Xu_2_6 has 2998 chips
[river] player XinWQNMLGB_2_7 has 2994 chips
[river] player Sister_Lily_2_3 checks
[river] player Mars_2_4 checks
[river] round ends
[SHOWDOWN] showdown starts
[SHOWDOWN] player Mars_2_4 shows 4 club 4 heart 9 diamond 9 heart A club, which is two pair.
[SHOWDOWN] player Sister_Lily_2_3 shows K club 8 diamond 9 heart 7 club A club, which is high card.
[GAME STAT] pot 0 with 6 chips is shared by 1 players
[GAME STAT] player Mars_2_4 gets 6 chips from pot 0
[GAME STAT] overall statistics
[GAME STAT] player ssw_2_0 wins 0 chips in this game
[GAME STAT] player yyyyyr_2_1 wins 0 chips in this game
[GAME STAT] player courage_2_2 wins 0 chips in this game
[GAME STAT] player Sister_Lily_2_3 wins -2 chips in this game
[GAME STAT] player Mars_2_4 wins 4 chips in this game
[GAME STAT] player The Joker_2_5 wins 0 chips in this game
[GAME STAT] player Jerry Xu_2_6 wins 0 chips in this game
[GAME STAT] player XinWQNMLGB_2_7 wins -2 chips in this game
[GAME 3] game ends, invoking player.game_end()
[GAME 4] game starts
[GAME INFO] number of participants in this game = 8
[GAME INFO] participant: ssw_2_0, chip = 3000
[GAME INFO] participant: yyyyyr_2_1, chip = 3008
[GAME INFO] participant: courage_2_2, chip = 2997
[GAME INFO] participant: Sister_Lily_2_3, chip = 2994
[GAME INFO] participant: Mars_2_4, chip = 3009
[GAME INFO] participant: The Joker_2_5, chip = 3000
[GAME INFO] participant: Jerry Xu_2_6, chip = 2998
[GAME INFO] participant: XinWQNMLGB_2_7, chip = 2994
[GAME INFO] blind is 2
[GAME INFO] dealer is Sister_Lily_2_3
[GAME INFO] small blind 2 posted by Mars_2_4
[GAME INFO] big blind 4 posted by The Joker_2_5
[hole card] 9 diamond
[hole card] J diamond
[preflop] round starts
[preflop] player ssw_2_0 has 3000 chips
[preflop] player yyyyyr_2_1 has 3008 chips
[preflop] player courage_2_2 has 2997 chips
[preflop] player Sister_Lily_2_3 has 2994 chips
[preflop] player Mars_2_4 has 3007 chips
[preflop] player The Joker_2_5 has 2996 chips
[preflop] player Jerry Xu_2_6 has 2998 chips
[preflop] player XinWQNMLGB_2_7 has 2994 chips
[preflop] player Jerry Xu_2_6 calls. Total bet is 4
[preflop] player XinWQNMLGB_2_7 calls. Total bet is 4
[preflop] player ssw_2_0 folds
[preflop] player yyyyyr_2_1 folds
[preflop] player courage_2_2 folds
[preflop] player Sister_Lily_2_3 calls. Total bet is 4
[preflop] player Mars_2_4 calls. Total bet is 4
[preflop] action
[preflop] call (0 chips). 
[preflop] player The Joker_2_5 calls. Total bet is 4
[flop] A club
[flop] 8 spade
[flop] J heart
[flop] round starts
[flop] player ssw_2_0 has 3000 chips
[flop] player yyyyyr_2_1 has 3008 chips
[flop] player courage_2_2 has 2997 chips
[flop] player Sister_Lily_2_3 has 2990 chips
[flop] player Mars_2_4 has 3005 chips
[flop] player The Joker_2_5 has 2996 chips
[flop] player Jerry Xu_2_6 has 2994 chips
[flop] player XinWQNMLGB_2_7 has 2990 chips
[flop] player Mars_2_4 checks
[flop] action
[flop] check
[flop] player The Joker_2_5 checks
[flop] player Jerry Xu_2_6 folds
[flop] player XinWQNMLGB_2_7 checks
[flop] player Sister_Lily_2_3 checks
[flop] round ends
[turn] 9 club
[turn] round starts
[turn] player ssw_2_0 has 3000 chips
[turn] player yyyyyr_2_1 has 3008 chips
[turn] player courage_2_2 has 2997 chips
[turn] player Sister_Lily_2_3 has 2990 chips
[turn] player Mars_2_4 has 3005 chips
[turn] player The Joker_2_5 has 2996 chips
[turn] player Jerry Xu_2_6 has 2994 chips
[turn] player XinWQNMLGB_2_7 has 2990 chips
[turn] player Mars_2_4 checks
[turn] action
[turn] check
[turn] player The Joker_2_5 checks
[turn] player XinWQNMLGB_2_7 folds
[turn] player Sister_Lily_2_3 checks
[turn] round ends
[river] 5 heart
[river] round starts
[river] player ssw_2_0 has 3000 chips
[river] player yyyyyr_2_1 has 3008 chips
[river] player courage_2_2 has 2997 chips
[river] player Sister_Lily_2_3 has 2990 chips
[river] player Mars_2_4 has 3005 chips
[river] player The Joker_2_5 has 2996 chips
[river] player Jerry Xu_2_6 has 2994 chips
[river] player XinWQNMLGB_2_7 has 2990 chips
[river] player Mars_2_4 checks
[river] action
[river] check
[river] player The Joker_2_5 checks
[river] player Sister_Lily_2_3 checks
[river] round ends
[SHOWDOWN] showdown starts
[SHOWDOWN] showdown
[SHOWDOWN] A club J heart 9 club 9 diamond J diamond
[SHOWDOWN] player Mars_2_4 shows 9 club A club A diamond J club J heart, which is two pair.
[SHOWDOWN] player The Joker_2_5 shows A club J heart 9 club 9 diamond J diamond, which is two pair.
[SHOWDOWN] player Sister_Lily_2_3 shows A heart A club 8 spade J heart 9 club, which is one pair.
[GAME STAT] pot 0 with 20 chips is shared by 1 players
[GAME STAT] player Mars_2_4 gets 20 chips from pot 0
[GAME STAT] overall statistics
[GAME STAT] player ssw_2_0 wins 0 chips in this game
[GAME STAT] player yyyyyr_2_1 wins 0 chips in this game
[GAME STAT] player courage_2_2 wins 0 chips in this game
[GAME STAT] player Sister_Lily_2_3 wins -4 chips in this game
[GAME STAT] player Mars_2_4 wins 16 chips in this game
[GAME STAT] player The Joker_2_5 wins -4 chips in this game
[GAME STAT] player Jerry Xu_2_6 wins -4 chips in this game
[GAME STAT] player XinWQNMLGB_2_7 wins -4 chips in this game
[GAME 4] game ends, invoking player.game_end()
[GAME 5] game starts
[GAME INFO] number of participants in this game = 8
[GAME INFO] participant: ssw_2_0, chip = 3000
[GAME INFO] participant: yyyyyr_2_1, chip = 3008
[GAME INFO] participant: courage_2_2, chip = 2997
[GAME INFO] participant: Sister_Lily_2_3, chip = 2990
[GAME INFO] participant: Mars_2_4, chip = 3025
[GAME INFO] participant: The Joker_2_5, chip = 2996
[GAME INFO] participant: Jerry Xu_2_6, chip = 2994
[GAME INFO] participant: XinWQNMLGB_2_7, chip = 2990
[GAME INFO] blind is 2
[GAME INFO] dealer is Mars_2_4
[GAME INFO] small blind 2 posted by The Joker_2_5
[GAME INFO] big blind 4 posted by Jerry Xu_2_6
[hole card] 3 heart
[hole card] A spade
[preflop] round starts
[preflop] player ssw_2_0 has 3000 chips
[preflop] player yyyyyr_2_1 has 3008 chips
[preflop] player courage_2_2 has 2997 chips
[preflop] player Sister_Lily_2_3 has 2990 chips
[preflop] player Mars_2_4 has 3025 chips
[preflop] player The Joker_2_5 has 2994 chips
[preflop] player Jerry Xu_2_6 has 2990 chips
[preflop] player XinWQNMLGB_2_7 has 2990 chips
[preflop] player XinWQNMLGB_2_7 calls. Total bet is 4
[preflop] player ssw_2_0 folds
[preflop] player yyyyyr_2_1 folds
[preflop] player courage_2_2 folds
[preflop] player Sister_Lily_2_3 calls. Total bet is 4
[preflop] player Mars_2_4 folds
[preflop] action
[preflop] call (2 chips). 
[preflop] player The Joker_2_5 calls. Total bet is 4
[preflop] player Jerry Xu_2_6 folds
[flop] 10 spade
[flop] 2 spade
[flop] Q spade
[flop] round starts
[flop] player ssw_2_0 has 3000 chips
[flop] player yyyyyr_2_1 has 3008 chips
[flop] player courage_2_2 has 2997 chips
[flop] player Sister_Lily_2_3 has 2986 chips
[flop] player Mars_2_4 has 3025 chips
[flop] player The Joker_2_5 has 2992 chips
[flop] player Jerry Xu_2_6 has 2990 chips
[flop] player XinWQNMLGB_2_7 has 2986 chips
[flop] action
[flop] check
[flop] player The Joker_2_5 checks
[flop] player XinWQNMLGB_2_7 checks
[flop] player Sister_Lily_2_3 checks
[flop] round ends
[turn] 8 spade
[turn] round starts
[turn] player ssw_2_0 has 3000 chips
[turn] player yyyyyr_2_1 has 3008 chips
[turn] player courage_2_2 has 2997 chips
[turn] player Sister_Lily_2_3 has 2986 chips
[turn] player Mars_2_4 has 3025 chips
[turn] player The Joker_2_5 has 2992 chips
[turn] player Jerry Xu_2_6 has 2990 chips
[turn] player XinWQNMLGB_2_7 has 2986 chips
[turn] action
[turn] check
[turn] player The Joker_2_5 checks
[turn] player XinWQNMLGB_2_7 folds
[turn] player Sister_Lily_2_3 goes all in (2986 chips). Total bet is 2986
[turn] action
[turn] insufficient chips to raise 2986 (need 5972, has 2992). All in.
[turn] player The Joker_2_5 goes all in (2992 chips). Total bet is 2992
[turn] player Sister_Lily_2_3 goes all in (0 chips). Total bet is 2986
[river] 6 spade
[river] round starts
[river] player ssw_2_0 has 3000 chips
[river] player yyyyyr_2_1 has 3008 chips
[river] player courage_2_2 has 2997 chips
[river] player Sister_Lily_2_3 has 0 chips
[river] player Mars_2_4 has 3025 chips
[river] player The Joker_2_5 has 0 chips
[river] player Jerry Xu_2_6 has 2990 chips
[river] player XinWQNMLGB_2_7 has 2986 chips
[river] action
[WARNING] CANNOT call when no one has raised. check instead
[river] player The Joker_2_5 checks
[river] player Sister_Lily_2_3 checks
[river] player Sister_Lily_2_3 goes all in (0 chips). Total bet is 0
[river] round ends
[SHOWDOWN] showdown starts
[SHOWDOWN] showdown
[SHOWDOWN] 10 spade Q spade 8 spade 6 spade A spade
[SHOWDOWN] player The Joker_2_5 shows 10 spade Q spade 8 spade 6 spade A spade, which is flush.
[SHOWDOWN] player Sister_Lily_2_3 shows 9 spade 10 spade Q spade 8 spade 6 spade, which is flush.
[GAME STAT] pot 0 with 16 chips is shared by 1 players
[GAME STAT] player The Joker_2_5 gets 16 chips from pot 0
[GAME STAT] pot 1 with 5972 chips is shared by 1 players
[GAME STAT] player The Joker_2_5 gets 5972 chips from pot 1
[GAME STAT] pot 2 with 6 chips is shared by 1 players
[GAME STAT] player The Joker_2_5 gets 6 chips from pot 2
[GAME STAT] overall statistics
[GAME STAT] player ssw_2_0 wins 0 chips in this game
[GAME STAT] player yyyyyr_2_1 wins 0 chips in this game
[GAME STAT] player courage_2_2 wins 0 chips in this game
[GAME STAT] player Sister_Lily_2_3 wins -2990 chips in this game
[GAME STAT] player Mars_2_4 wins 0 chips in this game
[GAME STAT] player The Joker_2_5 wins 2998 chips in this game
[GAME STAT] player Jerry Xu_2_6 wins -4 chips in this game
[GAME STAT] player XinWQNMLGB_2_7 wins -4 chips in this game
[GAME 5] game ends, invoking player.game_end()
[GAME 6] game starts
[GAME INFO] number of participants in this game = 7
[GAME INFO] participant: ssw_2_0, chip = 3000
[GAME INFO] participant: yyyyyr_2_1, chip = 3008
[GAME INFO] participant: courage_2_2, chip = 2997
[GAME INFO] participant: Mars_2_4, chip = 3025
[GAME INFO] participant: The Joker_2_5, chip = 5994
[GAME INFO] participant: Jerry Xu_2_6, chip = 2990
[GAME INFO] participant: XinWQNMLGB_2_7, chip = 2986
[GAME INFO] blind is 2
[GAME INFO] dealer is The Joker_2_5
[GAME INFO] small blind 2 posted by Jerry Xu_2_6
[GAME INFO] big blind 4 posted by XinWQNMLGB_2_7
[hole card] 9 heart
[hole card] 3 diamond
[preflop] round starts
[preflop] player ssw_2_0 has 3000 chips
[preflop] player yyyyyr_2_1 has 3008 chips
[preflop] player courage_2_2 has 2997 chips
[preflop] player Mars_2_4 has 3025 chips
[preflop] player The Joker_2_5 has 5994 chips
[preflop] player Jerry Xu_2_6 has 2988 chips
[preflop] player XinWQNMLGB_2_7 has 2982 chips
[preflop] player ssw_2_0 folds
[preflop] player yyyyyr_2_1 calls. Total bet is 4
[preflop] player courage_2_2 folds
[preflop] player Mars_2_4 calls. Total bet is 4
[preflop] action
[WARNING] CANNOT check when another player has raised
[preflop] player The Joker_2_5 folds
[preflop] player Jerry Xu_2_6 calls. Total bet is 4
[preflop] player XinWQNMLGB_2_7 calls. Total bet is 4
[flop] K heart
[flop] K diamond
[flop] 7 spade
[flop] round starts
[flop] player ssw_2_0 has 3000 chips
[flop] player yyyyyr_2_1 has 3004 chips
[flop] player courage_2_2 has 2997 chips
[flop] player Mars_2_4 has 3021 chips
[flop] player The Joker_2_5 has 5994 chips
[flop] player Jerry Xu_2_6 has 2986 chips
[flop] player XinWQNMLGB_2_7 has 2982 chips
[flop] player Jerry Xu_2_6 checks
[flop] player XinWQNMLGB_2_7 checks
[flop] player yyyyyr_2_1 checks
[flop] player Mars_2_4 checks
[flop] round ends
[turn] 9 diamond
[turn] round starts
[turn] player ssw_2_0 has 3000 chips
[turn] player yyyyyr_2_1 has 3004 chips
[turn] player courage_2_2 has 2997 chips
[turn] player Mars_2_4 has 3021 chips
[turn] player The Joker_2_5 has 5994 chips
[turn] player Jerry Xu_2_6 has 2986 chips
[turn] player XinWQNMLGB_2_7 has 2982 chips
[turn] player Jerry Xu_2_6 checks
[turn] player XinWQNMLGB_2_7 folds
[turn] player yyyyyr_2_1 checks
[turn] player Mars_2_4 checks
[turn] round ends
[river] Q diamond
[river] round starts
[river] player ssw_2_0 has 3000 chips
[river] player yyyyyr_2_1 has 3004 chips
[river] player courage_2_2 has 2997 chips
[river] player Mars_2_4 has 3021 chips
[river] player The Joker_2_5 has 5994 chips
[river] player Jerry Xu_2_6 has 2986 chips
[river] player XinWQNMLGB_2_7 has 2982 chips
[river] player Jerry Xu_2_6 checks
[river] player yyyyyr_2_1 checks
[river] player Mars_2_4 checks
[river] round ends
[SHOWDOWN] showdown starts
[SHOWDOWN] player Jerry Xu_2_6 shows K heart K diamond A diamond A heart Q diamond, which is two pair.
[SHOWDOWN] player yyyyyr_2_1 shows A club Q spade K heart K diamond Q diamond, which is two pair.
[SHOWDOWN] player Mars_2_4 shows 9 diamond J club K diamond K heart Q diamond, which is one pair.
[GAME STAT] pot 0 with 16 chips is shared by 1 players
[GAME STAT] player Jerry Xu_2_6 gets 16 chips from pot 0
[GAME STAT] overall statistics
[GAME STAT] player ssw_2_0 wins 0 chips in this game
[GAME STAT] player yyyyyr_2_1 wins -4 chips in this game
[GAME STAT] player courage_2_2 wins 0 chips in this game
[GAME STAT] player Mars_2_4 wins -4 chips in this game
[GAME STAT] player The Joker_2_5 wins 0 chips in this game
[GAME STAT] player Jerry Xu_2_6 wins 12 chips in this game
[GAME STAT] player XinWQNMLGB_2_7 wins -4 chips in this game
[GAME 6] game ends, invoking player.game_end()
[GAME 7] game starts
[GAME INFO] number of participants in this game = 7
[GAME INFO] participant: ssw_2_0, chip = 3000
[GAME INFO] participant: yyyyyr_2_1, chip = 3004
[GAME INFO] participant: courage_2_2, chip = 2997
[GAME INFO] participant: Mars_2_4, chip = 3021
[GAME INFO] participant: The Joker_2_5, chip = 5994
[GAME INFO] participant: Jerry Xu_2_6, chip = 3002
[GAME INFO] participant: XinWQNMLGB_2_7, chip = 2982
[GAME INFO] blind is 5
[GAME INFO] dealer is Jerry Xu_2_6
[GAME INFO] small blind 5 posted by XinWQNMLGB_2_7
[GAME INFO] big blind 10 posted by ssw_2_0
[hole card] 4 heart
[hole card] Q club
[preflop] round starts
[preflop] player ssw_2_0 has 2990 chips
[preflop] player yyyyyr_2_1 has 3004 chips
[preflop] player courage_2_2 has 2997 chips
[preflop] player Mars_2_4 has 3021 chips
[preflop] player The Joker_2_5 has 5994 chips
[preflop] player Jerry Xu_2_6 has 3002 chips
[preflop] player XinWQNMLGB_2_7 has 2977 chips
[preflop] player yyyyyr_2_1 folds
[preflop] player courage_2_2 folds
[preflop] player Mars_2_4 folds
[preflop] action
[WARNING] CANNOT check when another player has raised
[preflop] player The Joker_2_5 folds
[preflop] player Jerry Xu_2_6 calls. Total bet is 10
[preflop] player XinWQNMLGB_2_7 calls. Total bet is 10
[preflop] player ssw_2_0 folds
[flop] 5 spade
[flop] 9 spade
[flop] 8 spade
[flop] round starts
[flop] player ssw_2_0 has 2990 chips
[flop] player yyyyyr_2_1 has 3004 chips
[flop] player courage_2_2 has 2997 chips
[flop] player Mars_2_4 has 3021 chips
[flop] player The Joker_2_5 has 5994 chips
[flop] player Jerry Xu_2_6 has 2992 chips
[flop] player XinWQNMLGB_2_7 has 2972 chips
[flop] player XinWQNMLGB_2_7 checks
[flop] player Jerry Xu_2_6 folds
[flop] round ends
[GAME STAT] pot 0 with 30 chips is shared by 1 players
[GAME STAT] player XinWQNMLGB_2_7 gets 30 chips from pot 0
[GAME STAT] overall statistics
[GAME STAT] player ssw_2_0 wins -10 chips in this game
[GAME STAT] player yyyyyr_2_1 wins 0 chips in this game
[GAME STAT] player courage_2_2 wins 0 chips in this game
[GAME STAT] player Mars_2_4 wins 0 chips in this game
[GAME STAT] player The Joker_2_5 wins 0 chips in this game
[GAME STAT] player Jerry Xu_2_6 wins -10 chips in this game
[GAME STAT] player XinWQNMLGB_2_7 wins 20 chips in this game
[GAME 7] game ends, invoking player.game_end()
[GAME 8] game starts
[GAME INFO] number of participants in this game = 7
[GAME INFO] participant: ssw_2_0, chip = 2990
[GAME INFO] participant: yyyyyr_2_1, chip = 3004
[GAME INFO] participant: courage_2_2, chip = 2997
[GAME INFO] participant: Mars_2_4, chip = 3021
[GAME INFO] participant: The Joker_2_5, chip = 5994
[GAME INFO] participant: Jerry Xu_2_6, chip = 2992
[GAME INFO] participant: XinWQNMLGB_2_7, chip = 3002
[GAME INFO] blind is 5
[GAME INFO] dealer is XinWQNMLGB_2_7
[GAME INFO] small blind 5 posted by ssw_2_0
[GAME INFO] big blind 10 posted by yyyyyr_2_1
[hole card] A club
[hole card] 7 spade
[preflop] round starts
[preflop] player ssw_2_0 has 2985 chips
[preflop] player yyyyyr_2_1 has 2994 chips
[preflop] player courage_2_2 has 2997 chips
[preflop] player Mars_2_4 has 3021 chips
[preflop] player The Joker_2_5 has 5994 chips
[preflop] player Jerry Xu_2_6 has 2992 chips
[preflop] player XinWQNMLGB_2_7 has 3002 chips
[preflop] player courage_2_2 folds
[preflop] player Mars_2_4 folds
[preflop] action
[preflop] call (10 chips). 
[preflop] player The Joker_2_5 calls. Total bet is 10
[preflop] player Jerry Xu_2_6 calls. Total bet is 10
[preflop] player XinWQNMLGB_2_7 calls. Total bet is 10
[preflop] player ssw_2_0 folds
[preflop] player yyyyyr_2_1 calls. Total bet is 10
[flop] J heart
[flop] 7 club
[flop] 8 heart
[flop] round starts
[flop] player ssw_2_0 has 2985 chips
[flop] player yyyyyr_2_1 has 2994 chips
[flop] player courage_2_2 has 2997 chips
[flop] player Mars_2_4 has 3021 chips
[flop] player The Joker_2_5 has 5984 chips
[flop] player Jerry Xu_2_6 has 2982 chips
[flop] player XinWQNMLGB_2_7 has 2992 chips
[flop] player yyyyyr_2_1 checks
[flop] action
[flop] check
[flop] player The Joker_2_5 checks
[flop] player Jerry Xu_2_6 folds
[flop] player XinWQNMLGB_2_7 checks
[flop] round ends
[turn] 7 heart
[turn] round starts
[turn] player ssw_2_0 has 2985 chips
[turn] player yyyyyr_2_1 has 2994 chips
[turn] player courage_2_2 has 2997 chips
[turn] player Mars_2_4 has 3021 chips
[turn] player The Joker_2_5 has 5984 chips
[turn] player Jerry Xu_2_6 has 2982 chips
[turn] player XinWQNMLGB_2_7 has 2992 chips
[turn] player yyyyyr_2_1 checks
[turn] action
[turn] check
[turn] player The Joker_2_5 checks
[turn] player XinWQNMLGB_2_7 folds
[turn] round ends
[river] 6 diamond
[river] round starts
[river] player ssw_2_0 has 2985 chips
[river] player yyyyyr_2_1 has 2994 chips
[river] player courage_2_2 has 2997 chips
[river] player Mars_2_4 has 3021 chips
[river] player The Joker_2_5 has 5984 chips
[river] player Jerry Xu_2_6 has 2982 chips
[river] player XinWQNMLGB_2_7 has 2992 chips
[river] player yyyyyr_2_1 checks
[river] action
[river] check
[river] player The Joker_2_5 checks
[river] round ends
[SHOWDOWN] showdown starts
[SHOWDOWN] showdown
[SHOWDOWN] J heart 7 club 7 heart A club 7 spade
[SHOWDOWN] player The Joker_2_5 shows J heart 7 club 7 heart A club 7 spade, which is three of a kind.
[SHOWDOWN] player yyyyyr_2_1 shows 10 club 10 spade J heart 7 club 7 heart, which is two pair.
[GAME STAT] pot 0 with 25 chips is shared by 1 players
[GAME STAT] player The Joker_2_5 gets 25 chips from pot 0
[GAME STAT] pot 1 with 20 chips is shared by 1 players
[GAME STAT] player The Joker_2_5 gets 20 chips from pot 1
[GAME STAT] overall statistics
[GAME STAT] player ssw_2_0 wins -5 chips in this game
[GAME STAT] player yyyyyr_2_1 wins -10 chips in this game
[GAME STAT] player courage_2_2 wins 0 chips in this game
[GAME STAT] player Mars_2_4 wins 0 chips in this game
[GAME STAT] player The Joker_2_5 wins 35 chips in this game
[GAME STAT] player Jerry Xu_2_6 wins -10 chips in this game
[GAME STAT] player XinWQNMLGB_2_7 wins -10 chips in this game
[GAME 8] game ends, invoking player.game_end()
[GAME 9] game starts
[GAME INFO] number of participants in this game = 7
[GAME INFO] participant: ssw_2_0, chip = 2985
[GAME INFO] participant: yyyyyr_2_1, chip = 2994
[GAME INFO] participant: courage_2_2, chip = 2997
[GAME INFO] participant: Mars_2_4, chip = 3021
[GAME INFO] participant: The Joker_2_5, chip = 6029
[GAME INFO] participant: Jerry Xu_2_6, chip = 2982
[GAME INFO] participant: XinWQNMLGB_2_7, chip = 2992
[GAME INFO] blind is 5
[GAME INFO] dealer is ssw_2_0
[GAME INFO] small blind 5 posted by yyyyyr_2_1
[GAME INFO] big blind 10 posted by courage_2_2
[hole card] 8 heart
[hole card] 7 heart
[preflop] round starts
[preflop] player ssw_2_0 has 2985 chips
[preflop] player yyyyyr_2_1 has 2989 chips
[preflop] player courage_2_2 has 2987 chips
[preflop] player Mars_2_4 has 3021 chips
[preflop] player The Joker_2_5 has 6029 chips
[preflop] player Jerry Xu_2_6 has 2982 chips
[preflop] player XinWQNMLGB_2_7 has 2992 chips
[preflop] player Mars_2_4 calls. Total bet is 10
[preflop] action
[WARNING] CANNOT check when another player has raised
[preflop] player The Joker_2_5 folds
[preflop] player Jerry Xu_2_6 folds
[preflop] player XinWQNMLGB_2_7 calls. Total bet is 10
[preflop] player ssw_2_0 folds
[preflop] player yyyyyr_2_1 folds
[preflop] player courage_2_2 calls. Total bet is 10
[flop] 4 heart
[flop] 8 spade
[flop] 3 club
[flop] round starts
[flop] player ssw_2_0 has 2985 chips
[flop] player yyyyyr_2_1 has 2989 chips
[flop] player courage_2_2 has 2987 chips
[flop] player Mars_2_4 has 3011 chips
[flop] player The Joker_2_5 has 6029 chips
[flop] player Jerry Xu_2_6 has 2982 chips
[flop] player XinWQNMLGB_2_7 has 2982 chips
[flop] player courage_2_2 checks
[flop] player Mars_2_4 checks
[flop] player XinWQNMLGB_2_7 checks
[flop] round ends
[turn] J spade
[turn] round starts
[turn] player ssw_2_0 has 2985 chips
[turn] player yyyyyr_2_1 has 2989 chips
[turn] player courage_2_2 has 2987 chips
[turn] player Mars_2_4 has 3011 chips
[turn] player The Joker_2_5 has 6029 chips
[turn] player Jerry Xu_2_6 has 2982 chips
[turn] player XinWQNMLGB_2_7 has 2982 chips
[turn] player courage_2_2 checks
[turn] player Mars_2_4 checks
[turn] player XinWQNMLGB_2_7 folds
[turn] round ends
[river] 2 spade
[river] round starts
[river] player ssw_2_0 has 2985 chips
[river] player yyyyyr_2_1 has 2989 chips
[river] player courage_2_2 has 2987 chips
[river] player Mars_2_4 has 3011 chips
[river] player The Joker_2_5 has 6029 chips
[river] player Jerry Xu_2_6 has 2982 chips
[river] player XinWQNMLGB_2_7 has 2982 chips
[river] player courage_2_2 checks
[river] player Mars_2_4 checks
[river] round ends
[SHOWDOWN] showdown starts
[SHOWDOWN] player Mars_2_4 shows 4 heart 8 spade 9 spade J diamond J spade, which is one pair.
[SHOWDOWN] player courage_2_2 shows 10 club 3 diamond 8 spade 3 club J spade, which is one pair.
[GAME STAT] pot 0 with 20 chips is shared by 1 players
[GAME STAT] player Mars_2_4 gets 20 chips from pot 0
[GAME STAT] pot 1 with 15 chips is shared by 1 players
[GAME STAT] player Mars_2_4 gets 15 chips from pot 1
[GAME STAT] overall statistics
[GAME STAT] player ssw_2_0 wins 0 chips in this game
[GAME STAT] player yyyyyr_2_1 wins -5 chips in this game
[GAME STAT] player courage_2_2 wins -10 chips in this game
[GAME STAT] player Mars_2_4 wins 25 chips in this game
[GAME STAT] player The Joker_2_5 wins 0 chips in this game
[GAME STAT] player Jerry Xu_2_6 wins 0 chips in this game
[GAME STAT] player XinWQNMLGB_2_7 wins -10 chips in this game
[GAME 9] game ends, invoking player.game_end()
[GAME 10] game starts
[GAME INFO] number of participants in this game = 7
[GAME INFO] participant: ssw_2_0, chip = 2985
[GAME INFO] participant: yyyyyr_2_1, chip = 2989
[GAME INFO] participant: courage_2_2, chip = 2987
[GAME INFO] participant: Mars_2_4, chip = 3046
[GAME INFO] participant: The Joker_2_5, chip = 6029
[GAME INFO] participant: Jerry Xu_2_6, chip = 2982
[GAME INFO] participant: XinWQNMLGB_2_7, chip = 2982
[GAME INFO] blind is 10
[GAME INFO] dealer is yyyyyr_2_1
[GAME INFO] small blind 10 posted by courage_2_2
[GAME INFO] big blind 20 posted by Mars_2_4
[hole card] 6 spade
[hole card] 8 heart
[preflop] round starts
[preflop] player ssw_2_0 has 2985 chips
[preflop] player yyyyyr_2_1 has 2989 chips
[preflop] player courage_2_2 has 2977 chips
[preflop] player Mars_2_4 has 3026 chips
[preflop] player The Joker_2_5 has 6029 chips
[preflop] player Jerry Xu_2_6 has 2982 chips
[preflop] player XinWQNMLGB_2_7 has 2982 chips
[preflop] action
[WARNING] CANNOT check when another player has raised
[preflop] player The Joker_2_5 folds
[preflop] player Jerry Xu_2_6 calls. Total bet is 20
[preflop] player XinWQNMLGB_2_7 calls. Total bet is 20
[preflop] player ssw_2_0 folds
[preflop] player yyyyyr_2_1 calls. Total bet is 20
[preflop] player courage_2_2 calls. Total bet is 20
[preflop] player Mars_2_4 calls. Total bet is 20
[flop] 7 diamond
[flop] Q heart
[flop] A heart
[flop] round starts
[flop] player ssw_2_0 has 2985 chips
[flop] player yyyyyr_2_1 has 2969 chips
[flop] player courage_2_2 has 2967 chips
[flop] player Mars_2_4 has 3026 chips
[flop] player The Joker_2_5 has 6029 chips
[flop] player Jerry Xu_2_6 has 2962 chips
[flop] player XinWQNMLGB_2_7 has 2962 chips
[flop] player courage_2_2 checks
[flop] player Mars_2_4 checks
[flop] player Jerry Xu_2_6 checks
[flop] player XinWQNMLGB_2_7 checks
[flop] player yyyyyr_2_1 checks
[flop] round ends
[turn] 5 club
[turn] round starts
[turn] player ssw_2_0 has 2985 chips
[turn] player yyyyyr_2_1 has 2969 chips
[turn] player courage_2_2 has 2967 chips
[turn] player Mars_2_4 has 3026 chips
[turn] player The Joker_2_5 has 6029 chips
[turn] player Jerry Xu_2_6 has 2962 chips
[turn] player XinWQNMLGB_2_7 has 2962 chips
[turn] player courage_2_2 checks
[turn] player Mars_2_4 checks
[turn] player Jerry Xu_2_6 checks
[turn] player XinWQNMLGB_2_7 folds
[turn] player yyyyyr_2_1 checks
[turn] round ends
[river] 10 spade
[river] round starts
[river] player ssw_2_0 has 2985 chips
[river] player yyyyyr_2_1 has 2969 chips
[river] player courage_2_2 has 2967 chips
[river] player Mars_2_4 has 3026 chips
[river] player The Joker_2_5 has 6029 chips
[river] player Jerry Xu_2_6 has 2962 chips
[river] player XinWQNMLGB_2_7 has 2962 chips
[river] player courage_2_2 checks
[river] player Mars_2_4 checks
[river] player Jerry Xu_2_6 checks
[river] player yyyyyr_2_1 checks
[river] round ends
[SHOWDOWN] showdown starts
[SHOWDOWN] player Mars_2_4 shows 7 diamond 7 spade A diamond A heart Q heart, which is two pair.
[SHOWDOWN] player yyyyyr_2_1 shows K spade K club Q heart A heart 10 spade, which is one pair.
[SHOWDOWN] player Jerry Xu_2_6 shows Q spade Q heart 9 club 5 club 10 spade, which is one pair.
[SHOWDOWN] player courage_2_2 shows K heart 9 spade Q heart A heart 10 spade, which is high card.
[GAME STAT] pot 0 with 100 chips is shared by 1 players
[GAME STAT] player Mars_2_4 gets 100 chips from pot 0
[GAME STAT] overall statistics
[GAME STAT] player ssw_2_0 wins 0 chips in this game
[GAME STAT] player yyyyyr_2_1 wins -20 chips in this game
[GAME STAT] player courage_2_2 wins -20 chips in this game
[GAME STAT] player Mars_2_4 wins 80 chips in this game
[GAME STAT] player The Joker_2_5 wins 0 chips in this game
[GAME STAT] player Jerry Xu_2_6 wins -20 chips in this game
[GAME STAT] player XinWQNMLGB_2_7 wins -20 chips in this game
[GAME 10] game ends, invoking player.game_end()
[GAME 11] game starts
[GAME INFO] number of participants in this game = 7
[GAME INFO] participant: ssw_2_0, chip = 2985
[GAME INFO] participant: yyyyyr_2_1, chip = 2969
[GAME INFO] participant: courage_2_2, chip = 2967
[GAME INFO] participant: Mars_2_4, chip = 3126
[GAME INFO] participant: The Joker_2_5, chip = 6029
[GAME INFO] participant: Jerry Xu_2_6, chip = 2962
[GAME INFO] participant: XinWQNMLGB_2_7, chip = 2962
[GAME INFO] blind is 10
[GAME INFO] dealer is courage_2_2
[GAME INFO] small blind 10 posted by Mars_2_4
[GAME INFO] big blind 20 posted by The Joker_2_5
[hole card] 9 spade
[hole card] 3 club
[preflop] round starts
[preflop] player ssw_2_0 has 2985 chips
[preflop] player yyyyyr_2_1 has 2969 chips
[preflop] player courage_2_2 has 2967 chips
[preflop] player Mars_2_4 has 3116 chips
[preflop] player The Joker_2_5 has 6009 chips
[preflop] player Jerry Xu_2_6 has 2962 chips
[preflop] player XinWQNMLGB_2_7 has 2962 chips
[preflop] player Jerry Xu_2_6 folds
[preflop] player XinWQNMLGB_2_7 calls. Total bet is 20
[preflop] player ssw_2_0 folds
[preflop] player yyyyyr_2_1 calls. Total bet is 20
[preflop] player courage_2_2 folds
[preflop] player Mars_2_4 folds
[preflop] action
[preflop] call (0 chips). 
[preflop] player The Joker_2_5 calls. Total bet is 20
[flop] 3 spade
[flop] 5 heart
[flop] K heart
[flop] round starts
[flop] player ssw_2_0 has 2985 chips
[flop] player yyyyyr_2_1 has 2949 chips
[flop] player courage_2_2 has 2967 chips
[flop] player Mars_2_4 has 3116 chips
[flop] player The Joker_2_5 has 6009 chips
[flop] player Jerry Xu_2_6 has 2962 chips
[flop] player XinWQNMLGB_2_7 has 2942 chips
[flop] action
[flop] check
[flop] player The Joker_2_5 checks
[flop] player XinWQNMLGB_2_7 checks
[flop] player yyyyyr_2_1 checks
[flop] round ends
[turn] J spade
[turn] round starts
[turn] player ssw_2_0 has 2985 chips
[turn] player yyyyyr_2_1 has 2949 chips
[turn] player courage_2_2 has 2967 chips
[turn] player Mars_2_4 has 3116 chips
[turn] player The Joker_2_5 has 6009 chips
[turn] player Jerry Xu_2_6 has 2962 chips
[turn] player XinWQNMLGB_2_7 has 2942 chips
[turn] action
[turn] check
[turn] player The Joker_2_5 checks
[turn] player XinWQNMLGB_2_7 folds
[turn] player yyyyyr_2_1 checks
[turn] round ends
[river] 8 spade
[river] round starts
[river] player ssw_2_0 has 2985 chips
[river] player yyyyyr_2_1 has 2949 chips
[river] player courage_2_2 has 2967 chips
[river] player Mars_2_4 has 3116 chips
[river] player The Joker_2_5 has 6009 chips
[river] player Jerry Xu_2_6 has 2962 chips
[river] player XinWQNMLGB_2_7 has 2942 chips
[river] action
[river] check
[river] player The Joker_2_5 checks
[river] player yyyyyr_2_1 checks
[river] round ends
[SHOWDOWN] showdown starts
[SHOWDOWN] showdown
[SHOWDOWN] 3 spade K heart J spade 9 spade 3 club
[SHOWDOWN] player yyyyyr_2_1 shows K club J diamond K heart J spade 8 spade, which is two pair.
[SHOWDOWN] player The Joker_2_5 shows 3 spade K heart J spade 9 spade 3 club, which is one pair.
[GAME STAT] pot 0 with 40 chips is shared by 1 players
[GAME STAT] player yyyyyr_2_1 gets 40 chips from pot 0
[GAME STAT] pot 1 with 30 chips is shared by 1 players
[GAME STAT] player yyyyyr_2_1 gets 30 chips from pot 1
[GAME STAT] overall statistics
[GAME STAT] player ssw_2_0 wins 0 chips in this game
[GAME STAT] player yyyyyr_2_1 wins 50 chips in this game
[GAME STAT] player courage_2_2 wins 0 chips in this game
[GAME STAT] player Mars_2_4 wins -10 chips in this game
[GAME STAT] player The Joker_2_5 wins -20 chips in this game
[GAME STAT] player Jerry Xu_2_6 wins 0 chips in this game
[GAME STAT] player XinWQNMLGB_2_7 wins -20 chips in this game
[GAME 11] game ends, invoking player.game_end()
[GAME 12] game starts
[GAME INFO] number of participants in this game = 7
[GAME INFO] participant: ssw_2_0, chip = 2985
[GAME INFO] participant: yyyyyr_2_1, chip = 3019
[GAME INFO] participant: courage_2_2, chip = 2967
[GAME INFO] participant: Mars_2_4, chip = 3116
[GAME INFO] participant: The Joker_2_5, chip = 6009
[GAME INFO] participant: Jerry Xu_2_6, chip = 2962
[GAME INFO] participant: XinWQNMLGB_2_7, chip = 2942
[GAME INFO] blind is 10
[GAME INFO] dealer is Mars_2_4
[GAME INFO] small blind 10 posted by The Joker_2_5
[GAME INFO] big blind 20 posted by Jerry Xu_2_6
[hole card] 2 diamond
[hole card] K diamond
[preflop] round starts
[preflop] player ssw_2_0 has 2985 chips
[preflop] player yyyyyr_2_1 has 3019 chips
[preflop] player courage_2_2 has 2967 chips
[preflop] player Mars_2_4 has 3116 chips
[preflop] player The Joker_2_5 has 5999 chips
[preflop] player Jerry Xu_2_6 has 2942 chips
[preflop] player XinWQNMLGB_2_7 has 2942 chips
[preflop] player XinWQNMLGB_2_7 calls. Total bet is 20
[preflop] player ssw_2_0 folds
[preflop] player yyyyyr_2_1 folds
[preflop] player courage_2_2 folds
[preflop] player Mars_2_4 calls. Total bet is 20
[preflop] action
[preflop] call (10 chips). 
[preflop] player The Joker_2_5 calls. Total bet is 20
[preflop] player Jerry Xu_2_6 folds
[flop] 2 club
[flop] 6 diamond
[flop] K heart
[flop] round starts
[flop] player ssw_2_0 has 2985 chips
[flop] player yyyyyr_2_1 has 3019 chips
[flop] player courage_2_2 has 2967 chips
[flop] player Mars_2_4 has 3096 chips
[flop] player The Joker_2_5 has 5989 chips
[flop] player Jerry Xu_2_6 has 2942 chips
[flop] player XinWQNMLGB_2_7 has 2922 chips
[flop] action
[flop] check
[flop] player The Joker_2_5 checks
[flop] player XinWQNMLGB_2_7 checks
[flop] player Mars_2_4 checks
[flop] round ends
[turn] 10 diamond
[turn] round starts
[turn] player ssw_2_0 has 2985 chips
[turn] player yyyyyr_2_1 has 3019 chips
[turn] player courage_2_2 has 2967 chips
[turn] player Mars_2_4 has 3096 chips
[turn] player The Joker_2_5 has 5989 chips
[turn] player Jerry Xu_2_6 has 2942 chips
[turn] player XinWQNMLGB_2_7 has 2922 chips
[turn] action
[turn] check
[turn] player The Joker_2_5 checks
[turn] player XinWQNMLGB_2_7 folds
[turn] player Mars_2_4 checks
[turn] round ends
[river] 9 diamond
[river] round starts
[river] player ssw_2_0 has 2985 chips
[river] player yyyyyr_2_1 has 3019 chips
[river] player courage_2_2 has 2967 chips
[river] player Mars_2_4 has 3096 chips
[river] player The Joker_2_5 has 5989 chips
[river] player Jerry Xu_2_6 has 2942 chips
[river] player XinWQNMLGB_2_7 has 2922 chips
[river] action
[river] raise 985 (985 chips).
[river] player The Joker_2_5 raises 985. Total bet is 985
[river] player Mars_2_4 folds
[GAME STAT] pot 0 with 80 chips is shared by 1 players
[GAME STAT] player The Joker_2_5 gets 80 chips from pot 0
[GAME STAT] pot 1 with 985 chips is shared by 1 players
[GAME STAT] player The Joker_2_5 gets 985 chips from pot 1
[GAME STAT] overall statistics
[GAME STAT] player ssw_2_0 wins 0 chips in this game
[GAME STAT] player yyyyyr_2_1 wins 0 chips in this game
[GAME STAT] player courage_2_2 wins 0 chips in this game
[GAME STAT] player Mars_2_4 wins -20 chips in this game
[GAME STAT] player The Joker_2_5 wins 60 chips in this game
[GAME STAT] player Jerry Xu_2_6 wins -20 chips in this game
[GAME STAT] player XinWQNMLGB_2_7 wins -20 chips in this game
[GAME 12] game ends, invoking player.game_end()
[GAME 13] game starts
[GAME INFO] number of participants in this game = 7
[GAME INFO] participant: ssw_2_0, chip = 2985
[GAME INFO] participant: yyyyyr_2_1, chip = 3019
[GAME INFO] participant: courage_2_2, chip = 2967
[GAME INFO] participant: Mars_2_4, chip = 3096
[GAME INFO] participant: The Joker_2_5, chip = 6069
[GAME INFO] participant: Jerry Xu_2_6, chip = 2942
[GAME INFO] participant: XinWQNMLGB_2_7, chip = 2922
[GAME INFO] blind is 20
[GAME INFO] dealer is The Joker_2_5
[GAME INFO] small blind 20 posted by Jerry Xu_2_6
[GAME INFO] big blind 40 posted by XinWQNMLGB_2_7
[hole card] 5 heart
[hole card] Q club
[preflop] round starts
[preflop] player ssw_2_0 has 2985 chips
[preflop] player yyyyyr_2_1 has 3019 chips
[preflop] player courage_2_2 has 2967 chips
[preflop] player Mars_2_4 has 3096 chips
[preflop] player The Joker_2_5 has 6069 chips
[preflop] player Jerry Xu_2_6 has 2922 chips
[preflop] player XinWQNMLGB_2_7 has 2882 chips
[preflop] player ssw_2_0 folds
[preflop] player yyyyyr_2_1 folds
[preflop] player courage_2_2 folds
[preflop] player Mars_2_4 calls. Total bet is 40
[preflop] action
[preflop] call (40 chips). 
[preflop] player The Joker_2_5 calls. Total bet is 40
[preflop] player Jerry Xu_2_6 folds
[preflop] player XinWQNMLGB_2_7 calls. Total bet is 40
[flop] 3 spade
[flop] 7 diamond
[flop] K club
[flop] round starts
[flop] player ssw_2_0 has 2985 chips
[flop] player yyyyyr_2_1 has 3019 chips
[flop] player courage_2_2 has 2967 chips
[flop] player Mars_2_4 has 3056 chips
[flop] player The Joker_2_5 has 6029 chips
[flop] player Jerry Xu_2_6 has 2922 chips
[flop] player XinWQNMLGB_2_7 has 2882 chips
[flop] player XinWQNMLGB_2_7 checks
[flop] player Mars_2_4 checks
[flop] action
[flop] check
[flop] player The Joker_2_5 checks
[flop] round ends
[turn] 6 heart
[turn] round starts
[turn] player ssw_2_0 has 2985 chips
[turn] player yyyyyr_2_1 has 3019 chips
[turn] player courage_2_2 has 2967 chips
[turn] player Mars_2_4 has 3056 chips
[turn] player The Joker_2_5 has 6029 chips
[turn] player Jerry Xu_2_6 has 2922 chips
[turn] player XinWQNMLGB_2_7 has 2882 chips
[turn] player XinWQNMLGB_2_7 folds
[turn] player Mars_2_4 checks
[turn] action
[turn] check
[turn] player The Joker_2_5 checks
[turn] round ends
[river] 10 diamond
[river] round starts
[river] player ssw_2_0 has 2985 chips
[river] player yyyyyr_2_1 has 3019 chips
[river] player courage_2_2 has 2967 chips
[river] player Mars_2_4 has 3056 chips
[river] player The Joker_2_5 has 6029 chips
[river] player Jerry Xu_2_6 has 2922 chips
[river] player XinWQNMLGB_2_7 has 2882 chips
[river] player Mars_2_4 checks
[river] action
[river] check
[river] player The Joker_2_5 checks
[river] round ends
[SHOWDOWN] showdown starts
[SHOWDOWN] showdown
[SHOWDOWN] 7 diamond K club 6 heart 10 diamond Q club
[SHOWDOWN] player Mars_2_4 shows 6 heart 7 diamond K club 10 diamond 10 heart, which is one pair.
[SHOWDOWN] player The Joker_2_5 shows 7 diamond K club 6 heart 10 diamond Q club, which is high card.
[GAME STAT] pot 0 with 80 chips is shared by 1 players
[GAME STAT] player Mars_2_4 gets 80 chips from pot 0
[GAME STAT] pot 1 with 60 chips is shared by 1 players
[GAME STAT] player Mars_2_4 gets 60 chips from pot 1
[GAME STAT] overall statistics
[GAME STAT] player ssw_2_0 wins 0 chips in this game
[GAME STAT] player yyyyyr_2_1 wins 0 chips in this game
[GAME STAT] player courage_2_2 wins 0 chips in this game
[GAME STAT] player Mars_2_4 wins 100 chips in this game
[GAME STAT] player The Joker_2_5 wins -40 chips in this game
[GAME STAT] player Jerry Xu_2_6 wins -20 chips in this game
[GAME STAT] player XinWQNMLGB_2_7 wins -40 chips in this game
[GAME 13] game ends, invoking player.game_end()
[GAME 14] game starts
[GAME INFO] number of participants in this game = 7
[GAME INFO] participant: ssw_2_0, chip = 2985
[GAME INFO] participant: yyyyyr_2_1, chip = 3019
[GAME INFO] participant: courage_2_2, chip = 2967
[GAME INFO] participant: Mars_2_4, chip = 3196
[GAME INFO] participant: The Joker_2_5, chip = 6029
[GAME INFO] participant: Jerry Xu_2_6, chip = 2922
[GAME INFO] participant: XinWQNMLGB_2_7, chip = 2882
[GAME INFO] blind is 20
[GAME INFO] dealer is Jerry Xu_2_6
[GAME INFO] small blind 20 posted by XinWQNMLGB_2_7
[GAME INFO] big blind 40 posted by ssw_2_0
[hole card] 10 spade
[hole card] 6 diamond
[preflop] round starts
[preflop] player ssw_2_0 has 2945 chips
[preflop] player yyyyyr_2_1 has 3019 chips
[preflop] player courage_2_2 has 2967 chips
[preflop] player Mars_2_4 has 3196 chips
[preflop] player The Joker_2_5 has 6029 chips
[preflop] player Jerry Xu_2_6 has 2922 chips
[preflop] player XinWQNMLGB_2_7 has 2862 chips
[preflop] player yyyyyr_2_1 folds
[preflop] player courage_2_2 folds
[preflop] player Mars_2_4 folds
[preflop] action
[WARNING] CANNOT check when another player has raised
[preflop] player The Joker_2_5 folds
[preflop] player Jerry Xu_2_6 folds
[preflop] player XinWQNMLGB_2_7 calls. Total bet is 40
[preflop] player ssw_2_0 folds
[GAME STAT] pot 0 with 80 chips is shared by 1 players
[GAME STAT] player XinWQNMLGB_2_7 gets 80 chips from pot 0
[GAME STAT] overall statistics
[GAME STAT] player ssw_2_0 wins -40 chips in this game
[GAME STAT] player yyyyyr_2_1 wins 0 chips in this game
[GAME STAT] player courage_2_2 wins 0 chips in this game
[GAME STAT] player Mars_2_4 wins 0 chips in this game
[GAME STAT] player The Joker_2_5 wins 0 chips in this game
[GAME STAT] player Jerry Xu_2_6 wins 0 chips in this game
[GAME STAT] player XinWQNMLGB_2_7 wins 40 chips in this game
[GAME 14] game ends, invoking player.game_end()
[GAME 15] game starts
[GAME INFO] number of participants in this game = 7
[GAME INFO] participant: ssw_2_0, chip = 2945
[GAME INFO] participant: yyyyyr_2_1, chip = 3019
[GAME INFO] participant: courage_2_2, chip = 2967
[GAME INFO] participant: Mars_2_4, chip = 3196
[GAME INFO] participant: The Joker_2_5, chip = 6029
[GAME INFO] participant: Jerry Xu_2_6, chip = 2922
[GAME INFO] participant: XinWQNMLGB_2_7, chip = 2922
[GAME INFO] blind is 20
[GAME INFO] dealer is XinWQNMLGB_2_7
[GAME INFO] small blind 20 posted by ssw_2_0
[GAME INFO] big blind 40 posted by yyyyyr_2_1
[hole card] 6 club
[hole card] 3 heart
[preflop] round starts
[preflop] player ssw_2_0 has 2925 chips
[preflop] player yyyyyr_2_1 has 2979 chips
[preflop] player courage_2_2 has 2967 chips
[preflop] player Mars_2_4 has 3196 chips
[preflop] player The Joker_2_5 has 6029 chips
[preflop] player Jerry Xu_2_6 has 2922 chips
[preflop] player XinWQNMLGB_2_7 has 2922 chips
[preflop] player courage_2_2 folds
[preflop] player Mars_2_4 folds
[preflop] action
[WARNING] CANNOT check when another player has raised
[preflop] player The Joker_2_5 folds
[preflop] player Jerry Xu_2_6 calls. Total bet is 40
[preflop] player XinWQNMLGB_2_7 calls. Total bet is 40
[preflop] player ssw_2_0 folds
[preflop] player yyyyyr_2_1 calls. Total bet is 40
[flop] K club
[flop] 4 club
[flop] 8 heart
[flop] round starts
[flop] player ssw_2_0 has 2925 chips
[flop] player yyyyyr_2_1 has 2979 chips
[flop] player courage_2_2 has 2967 chips
[flop] player Mars_2_4 has 3196 chips
[flop] player The Joker_2_5 has 6029 chips
[flop] player Jerry Xu_2_6 has 2882 chips
[flop] player XinWQNMLGB_2_7 has 2882 chips
[flop] player yyyyyr_2_1 checks
[flop] player Jerry Xu_2_6 checks
[flop] player XinWQNMLGB_2_7 checks
[flop] round ends
[turn] 9 heart
[turn] round starts
[turn] player ssw_2_0 has 2925 chips
[turn] player yyyyyr_2_1 has 2979 chips
[turn] player courage_2_2 has 2967 chips
[turn] player Mars_2_4 has 3196 chips
[turn] player The Joker_2_5 has 6029 chips
[turn] player Jerry Xu_2_6 has 2882 chips
[turn] player XinWQNMLGB_2_7 has 2882 chips
[turn] player yyyyyr_2_1 checks
[turn] player Jerry Xu_2_6 checks
[turn] player XinWQNMLGB_2_7 folds
[turn] round ends
[river] 4 spade
[river] round starts
[river] player ssw_2_0 has 2925 chips
[river] player yyyyyr_2_1 has 2979 chips
[river] player courage_2_2 has 2967 chips
[river] player Mars_2_4 has 3196 chips
[river] player The Joker_2_5 has 6029 chips
[river] player Jerry Xu_2_6 has 2882 chips
[river] player XinWQNMLGB_2_7 has 2882 chips
[river] player yyyyyr_2_1 checks
[river] player Jerry Xu_2_6 checks
[river] round ends
[SHOWDOWN] showdown starts
[SHOWDOWN] player Jerry Xu_2_6 shows 8 diamond 4 club 8 heart Q diamond 4 spade, which is two pair.
[SHOWDOWN] player yyyyyr_2_1 shows A heart 10 club K club 4 club 4 spade, which is one pair.
[GAME STAT] pot 0 with 80 chips is shared by 1 players
[GAME STAT] player Jerry Xu_2_6 gets 80 chips from pot 0
[GAME STAT] pot 1 with 60 chips is shared by 1 players
[GAME STAT] player Jerry Xu_2_6 gets 60 chips from pot 1
[GAME STAT] overall statistics
[GAME STAT] player ssw_2_0 wins -20 chips in this game
[GAME STAT] player yyyyyr_2_1 wins -40 chips in this game
[GAME STAT] player courage_2_2 wins 0 chips in this game
[GAME STAT] player Mars_2_4 wins 0 chips in this game
[GAME STAT] player The Joker_2_5 wins 0 chips in this game
[GAME STAT] player Jerry Xu_2_6 wins 100 chips in this game
[GAME STAT] player XinWQNMLGB_2_7 wins -40 chips in this game
[GAME 15] game ends, invoking player.game_end()
[GAME 16] game starts
[GAME INFO] number of participants in this game = 7
[GAME INFO] participant: ssw_2_0, chip = 2925
[GAME INFO] participant: yyyyyr_2_1, chip = 2979
[GAME INFO] participant: courage_2_2, chip = 2967
[GAME INFO] participant: Mars_2_4, chip = 3196
[GAME INFO] participant: The Joker_2_5, chip = 6029
[GAME INFO] participant: Jerry Xu_2_6, chip = 3022
[GAME INFO] participant: XinWQNMLGB_2_7, chip = 2882
[GAME INFO] blind is 50
[GAME INFO] dealer is ssw_2_0
[GAME INFO] small blind 50 posted by yyyyyr_2_1
[GAME INFO] big blind 100 posted by courage_2_2
[hole card] A club
[hole card] 9 heart
[preflop] round starts
[preflop] player ssw_2_0 has 2925 chips
[preflop] player yyyyyr_2_1 has 2929 chips
[preflop] player courage_2_2 has 2867 chips
[preflop] player Mars_2_4 has 3196 chips
[preflop] player The Joker_2_5 has 6029 chips
[preflop] player Jerry Xu_2_6 has 3022 chips
[preflop] player XinWQNMLGB_2_7 has 2882 chips
[preflop] player Mars_2_4 calls. Total bet is 100
[preflop] action
[WARNING] CANNOT check when another player has raised
[preflop] player The Joker_2_5 folds
[preflop] player Jerry Xu_2_6 folds
[preflop] player XinWQNMLGB_2_7 calls. Total bet is 100
[preflop] player ssw_2_0 folds
[preflop] player yyyyyr_2_1 folds
[preflop] player courage_2_2 calls. Total bet is 100
[flop] K heart
[flop] 8 club
[flop] Q heart
[flop] round starts
[flop] player ssw_2_0 has 2925 chips
[flop] player yyyyyr_2_1 has 2929 chips
[flop] player courage_2_2 has 2867 chips
[flop] player Mars_2_4 has 3096 chips
[flop] player The Joker_2_5 has 6029 chips
[flop] player Jerry Xu_2_6 has 3022 chips
[flop] player XinWQNMLGB_2_7 has 2782 chips
[flop] player courage_2_2 checks
[flop] player Mars_2_4 checks
[flop] player XinWQNMLGB_2_7 checks
[flop] round ends
[turn] K diamond
[turn] round starts
[turn] player ssw_2_0 has 2925 chips
[turn] player yyyyyr_2_1 has 2929 chips
[turn] player courage_2_2 has 2867 chips
[turn] player Mars_2_4 has 3096 chips
[turn] player The Joker_2_5 has 6029 chips
[turn] player Jerry Xu_2_6 has 3022 chips
[turn] player XinWQNMLGB_2_7 has 2782 chips
[turn] player courage_2_2 checks
[turn] player Mars_2_4 checks
[turn] player XinWQNMLGB_2_7 folds
[turn] round ends
[river] 3 heart
[river] round starts
[river] player ssw_2_0 has 2925 chips
[river] player yyyyyr_2_1 has 2929 chips
[river] player courage_2_2 has 2867 chips
[river] player Mars_2_4 has 3096 chips
[river] player The Joker_2_5 has 6029 chips
[river] player Jerry Xu_2_6 has 3022 chips
[river] player XinWQNMLGB_2_7 has 2782 chips
[river] player courage_2_2 checks
[river] player Mars_2_4 checks
[river] round ends
[SHOWDOWN] showdown starts
[SHOWDOWN] player courage_2_2 shows A spade 9 diamond K heart Q heart K diamond, which is one pair.
[SHOWDOWN] player Mars_2_4 shows 8 club J diamond K diamond K heart Q heart, which is one pair.
[GAME STAT] pot 0 with 200 chips is shared by 1 players
[GAME STAT] player courage_2_2 gets 200 chips from pot 0
[GAME STAT] pot 1 with 150 chips is shared by 1 players
[GAME STAT] player courage_2_2 gets 150 chips from pot 1
[GAME STAT] overall statistics
[GAME STAT] player ssw_2_0 wins 0 chips in this game
[GAME STAT] player yyyyyr_2_1 wins -50 chips in this game
[GAME STAT] player courage_2_2 wins 250 chips in this game
[GAME STAT] player Mars_2_4 wins -100 chips in this game
[GAME STAT] player The Joker_2_5 wins 0 chips in this game
[GAME STAT] player Jerry Xu_2_6 wins 0 chips in this game
[GAME STAT] player XinWQNMLGB_2_7 wins -100 chips in this game
[GAME 16] game ends, invoking player.game_end()
[GAME 17] game starts
[GAME INFO] number of participants in this game = 7
[GAME INFO] participant: ssw_2_0, chip = 2925
[GAME INFO] participant: yyyyyr_2_1, chip = 2929
[GAME INFO] participant: courage_2_2, chip = 3217
[GAME INFO] participant: Mars_2_4, chip = 3096
[GAME INFO] participant: The Joker_2_5, chip = 6029
[GAME INFO] participant: Jerry Xu_2_6, chip = 3022
[GAME INFO] participant: XinWQNMLGB_2_7, chip = 2782
[GAME INFO] blind is 50
[GAME INFO] dealer is yyyyyr_2_1
[GAME INFO] small blind 50 posted by courage_2_2
[GAME INFO] big blind 100 posted by Mars_2_4
[hole card] 2 spade
[hole card] 9 heart
[preflop] round starts
[preflop] player ssw_2_0 has 2925 chips
[preflop] player yyyyyr_2_1 has 2929 chips
[preflop] player courage_2_2 has 3167 chips
[preflop] player Mars_2_4 has 2996 chips
[preflop] player The Joker_2_5 has 6029 chips
[preflop] player Jerry Xu_2_6 has 3022 chips
[preflop] player XinWQNMLGB_2_7 has 2782 chips
[preflop] action
[WARNING] CANNOT check when another player has raised
[preflop] player The Joker_2_5 folds
[preflop] player Jerry Xu_2_6 calls. Total bet is 100
[preflop] player XinWQNMLGB_2_7 calls. Total bet is 100
[preflop] player ssw_2_0 folds
[preflop] player yyyyyr_2_1 calls. Total bet is 100
[preflop] player courage_2_2 calls. Total bet is 100
[preflop] player Mars_2_4 calls. Total bet is 100
[flop] 7 spade
[flop] 5 spade
[flop] 5 club
[flop] round starts
[flop] player ssw_2_0 has 2925 chips
[flop] player yyyyyr_2_1 has 2829 chips
[flop] player courage_2_2 has 3117 chips
[flop] player Mars_2_4 has 2996 chips
[flop] player The Joker_2_5 has 6029 chips
[flop] player Jerry Xu_2_6 has 2922 chips
[flop] player XinWQNMLGB_2_7 has 2682 chips
[flop] player courage_2_2 checks
[flop] player Mars_2_4 checks
[flop] player Jerry Xu_2_6 checks
[flop] player XinWQNMLGB_2_7 checks
[flop] player yyyyyr_2_1 checks
[flop] round ends
[turn] 5 diamond
[turn] round starts
[turn] player ssw_2_0 has 2925 chips
[turn] player yyyyyr_2_1 has 2829 chips
[turn] player courage_2_2 has 3117 chips
[turn] player Mars_2_4 has 2996 chips
[turn] player The Joker_2_5 has 6029 chips
[turn] player Jerry Xu_2_6 has 2922 chips
[turn] player XinWQNMLGB_2_7 has 2682 chips
[turn] player courage_2_2 goes all in (3117 chips). Total bet is 3117
[turn] player Mars_2_4 goes all in (2996 chips). Total bet is 2996
[turn] player Jerry Xu_2_6 goes all in (2922 chips). Total bet is 2922
[turn] player XinWQNMLGB_2_7 folds
[turn] player yyyyyr_2_1 goes all in (2829 chips). Total bet is 2829
[river] 10 heart
[river] round starts
[river] player ssw_2_0 has 2925 chips
[river] player yyyyyr_2_1 has 0 chips
[river] player courage_2_2 has 0 chips
[river] player Mars_2_4 has 0 chips
[river] player The Joker_2_5 has 6029 chips
[river] player Jerry Xu_2_6 has 0 chips
[river] player XinWQNMLGB_2_7 has 2682 chips
[river] player courage_2_2 checks
[river] player Mars_2_4 checks
[river] player Jerry Xu_2_6 checks
[river] player yyyyyr_2_1 checks
[river] round ends
[SHOWDOWN] showdown starts
[SHOWDOWN] player yyyyyr_2_1 shows J spade J heart 5 spade 5 club 5 diamond, which is full house.
[SHOWDOWN] player Jerry Xu_2_6 shows K heart 5 spade 5 club 5 diamond A heart, which is three of a kind.
[SHOWDOWN] player courage_2_2 shows A spade 5 spade 5 club 5 diamond 10 heart, which is three of a kind.
[SHOWDOWN] player Mars_2_4 shows 5 club 5 diamond 5 spade 9 diamond 10 heart, which is three of a kind.
[GAME STAT] pot 0 with 500 chips is shared by 1 players
[GAME STAT] player yyyyyr_2_1 gets 500 chips from pot 0
[GAME STAT] pot 1 with 11316 chips is shared by 1 players
[GAME STAT] player yyyyyr_2_1 gets 11316 chips from pot 1
[GAME STAT] pot 2 with 279 chips is shared by 1 players
[GAME STAT] player Jerry Xu_2_6 gets 279 chips from pot 2
[GAME STAT] pot 3 with 148 chips is shared by 1 players
[GAME STAT] player courage_2_2 gets 148 chips from pot 3
[GAME STAT] pot 4 with 121 chips is shared by 1 players
[GAME STAT] player courage_2_2 gets 121 chips from pot 4
[GAME STAT] overall statistics
[GAME STAT] player ssw_2_0 wins 0 chips in this game
[GAME STAT] player yyyyyr_2_1 wins 8887 chips in this game
[GAME STAT] player courage_2_2 wins -2948 chips in this game
[GAME STAT] player Mars_2_4 wins -3096 chips in this game
[GAME STAT] player The Joker_2_5 wins 0 chips in this game
[GAME STAT] player Jerry Xu_2_6 wins -2743 chips in this game
[GAME STAT] player XinWQNMLGB_2_7 wins -100 chips in this game
[GAME 17] game ends, invoking player.game_end()
[GAME 18] game starts
[GAME INFO] number of participants in this game = 6
[GAME INFO] participant: ssw_2_0, chip = 2925
[GAME INFO] participant: yyyyyr_2_1, chip = 11816
[GAME INFO] participant: courage_2_2, chip = 269
[GAME INFO] participant: The Joker_2_5, chip = 6029
[GAME INFO] participant: Jerry Xu_2_6, chip = 279
[GAME INFO] participant: XinWQNMLGB_2_7, chip = 2682
[GAME INFO] blind is 50
[GAME INFO] dealer is courage_2_2
[GAME INFO] small blind 50 posted by The Joker_2_5
[GAME INFO] big blind 100 posted by Jerry Xu_2_6
[hole card] A club
[hole card] K heart
[preflop] round starts
[preflop] player ssw_2_0 has 2925 chips
[preflop] player yyyyyr_2_1 has 11816 chips
[preflop] player courage_2_2 has 269 chips
[preflop] player The Joker_2_5 has 5979 chips
[preflop] player Jerry Xu_2_6 has 179 chips
[preflop] player XinWQNMLGB_2_7 has 2682 chips
[preflop] player XinWQNMLGB_2_7 calls. Total bet is 100
[preflop] player ssw_2_0 folds
[preflop] player yyyyyr_2_1 folds
[preflop] player courage_2_2 folds
[preflop] action
[preflop] call (50 chips). 
[preflop] player The Joker_2_5 calls. Total bet is 100
[preflop] player Jerry Xu_2_6 folds
[flop] 9 club
[flop] A heart
[flop] 4 heart
[flop] round starts
[flop] player ssw_2_0 has 2925 chips
[flop] player yyyyyr_2_1 has 11816 chips
[flop] player courage_2_2 has 269 chips
[flop] player The Joker_2_5 has 5929 chips
[flop] player Jerry Xu_2_6 has 179 chips
[flop] player XinWQNMLGB_2_7 has 2582 chips
[flop] action
[flop] check
[flop] player The Joker_2_5 checks
[flop] player XinWQNMLGB_2_7 checks
[flop] round ends
[turn] 2 diamond
[turn] round starts
[turn] player ssw_2_0 has 2925 chips
[turn] player yyyyyr_2_1 has 11816 chips
[turn] player courage_2_2 has 269 chips
[turn] player The Joker_2_5 has 5929 chips
[turn] player Jerry Xu_2_6 has 179 chips
[turn] player XinWQNMLGB_2_7 has 2582 chips
[turn] action
[turn] check
[turn] player The Joker_2_5 checks
[turn] player XinWQNMLGB_2_7 folds
[turn] round ends
[GAME STAT] pot 0 with 300 chips is shared by 1 players
[GAME STAT] player The Joker_2_5 gets 300 chips from pot 0
[GAME STAT] overall statistics
[GAME STAT] player ssw_2_0 wins 0 chips in this game
[GAME STAT] player yyyyyr_2_1 wins 0 chips in this game
[GAME STAT] player courage_2_2 wins 0 chips in this game
[GAME STAT] player The Joker_2_5 wins 200 chips in this game
[GAME STAT] player Jerry Xu_2_6 wins -100 chips in this game
[GAME STAT] player XinWQNMLGB_2_7 wins -100 chips in this game
[GAME 18] game ends, invoking player.game_end()
[GAME 19] game starts
[GAME INFO] number of participants in this game = 6
[GAME INFO] participant: ssw_2_0, chip = 2925
[GAME INFO] participant: yyyyyr_2_1, chip = 11816
[GAME INFO] participant: courage_2_2, chip = 269
[GAME INFO] participant: The Joker_2_5, chip = 6229
[GAME INFO] participant: Jerry Xu_2_6, chip = 179
[GAME INFO] participant: XinWQNMLGB_2_7, chip = 2582
[GAME INFO] blind is 100
[GAME INFO] dealer is The Joker_2_5
[GAME INFO] small blind 100 posted by Jerry Xu_2_6
[GAME INFO] big blind 200 posted by XinWQNMLGB_2_7
[hole card] K diamond
[hole card] J diamond
[preflop] round starts
[preflop] player ssw_2_0 has 2925 chips
[preflop] player yyyyyr_2_1 has 11816 chips
[preflop] player courage_2_2 has 269 chips
[preflop] player The Joker_2_5 has 6229 chips
[preflop] player Jerry Xu_2_6 has 79 chips
[preflop] player XinWQNMLGB_2_7 has 2382 chips
[preflop] player ssw_2_0 folds
[preflop] player yyyyyr_2_1 folds
[preflop] player courage_2_2 folds
[preflop] action
[preflop] call (200 chips). 
[preflop] player The Joker_2_5 calls. Total bet is 200
[preflop] player Jerry Xu_2_6 folds
[preflop] player XinWQNMLGB_2_7 calls. Total bet is 200
[flop] 9 diamond
[flop] Q spade
[flop] A diamond
[flop] round starts
[flop] player ssw_2_0 has 2925 chips
[flop] player yyyyyr_2_1 has 11816 chips
[flop] player courage_2_2 has 269 chips
[flop] player The Joker_2_5 has 6029 chips
[flop] player Jerry Xu_2_6 has 79 chips
[flop] player XinWQNMLGB_2_7 has 2382 chips
[flop] player XinWQNMLGB_2_7 checks
[flop] action
[flop] check
[flop] player The Joker_2_5 checks
[flop] round ends
[turn] A spade
[turn] round starts
[turn] player ssw_2_0 has 2925 chips
[turn] player yyyyyr_2_1 has 11816 chips
[turn] player courage_2_2 has 269 chips
[turn] player The Joker_2_5 has 6029 chips
[turn] player Jerry Xu_2_6 has 79 chips
[turn] player XinWQNMLGB_2_7 has 2382 chips
[turn] player XinWQNMLGB_2_7 folds
[turn] round ends
[GAME STAT] pot 0 with 300 chips is shared by 1 players
[GAME STAT] player The Joker_2_5 gets 300 chips from pot 0
[GAME STAT] pot 1 with 200 chips is shared by 1 players
[GAME STAT] player The Joker_2_5 gets 200 chips from pot 1
[GAME STAT] overall statistics
[GAME STAT] player ssw_2_0 wins 0 chips in this game
[GAME STAT] player yyyyyr_2_1 wins 0 chips in this game
[GAME STAT] player courage_2_2 wins 0 chips in this game
[GAME STAT] player The Joker_2_5 wins 300 chips in this game
[GAME STAT] player Jerry Xu_2_6 wins -100 chips in this game
[GAME STAT] player XinWQNMLGB_2_7 wins -200 chips in this game
[GAME 19] game ends, invoking player.game_end()
[GAME 20] game starts
[GAME INFO] number of participants in this game = 6
[GAME INFO] participant: ssw_2_0, chip = 2925
[GAME INFO] participant: yyyyyr_2_1, chip = 11816
[GAME INFO] participant: courage_2_2, chip = 269
[GAME INFO] participant: The Joker_2_5, chip = 6529
[GAME INFO] participant: Jerry Xu_2_6, chip = 79
[GAME INFO] participant: XinWQNMLGB_2_7, chip = 2382
[GAME INFO] blind is 100
[GAME INFO] dealer is Jerry Xu_2_6
[GAME INFO] small blind 100 posted by XinWQNMLGB_2_7
[GAME INFO] big blind 200 posted by ssw_2_0
[hole card] J spade
[hole card] J diamond
[preflop] round starts
[preflop] player ssw_2_0 has 2725 chips
[preflop] player yyyyyr_2_1 has 11816 chips
[preflop] player courage_2_2 has 269 chips
[preflop] player The Joker_2_5 has 6529 chips
[preflop] player Jerry Xu_2_6 has 79 chips
[preflop] player XinWQNMLGB_2_7 has 2282 chips
[preflop] player yyyyyr_2_1 folds
[preflop] player courage_2_2 folds
[preflop] action
[preflop] call (200 chips). 
[preflop] player The Joker_2_5 calls. Total bet is 200
[preflop] player Jerry Xu_2_6 goes all in (79 chips). Total bet is 79
[preflop] player XinWQNMLGB_2_7 calls. Total bet is 200
[preflop] player ssw_2_0 folds
[flop] 4 heart
[flop] 10 spade
[flop] 7 spade
[flop] round starts
[flop] player ssw_2_0 has 2725 chips
[flop] player yyyyyr_2_1 has 11816 chips
[flop] player courage_2_2 has 269 chips
[flop] player The Joker_2_5 has 6329 chips
[flop] player Jerry Xu_2_6 has 0 chips
[flop] player XinWQNMLGB_2_7 has 2182 chips
[flop] player XinWQNMLGB_2_7 checks
[flop] action
[flop] check
[flop] player The Joker_2_5 checks
[flop] player Jerry Xu_2_6 folds
[flop] round ends
[turn] 4 diamond
[turn] round starts
[turn] player ssw_2_0 has 2725 chips
[turn] player yyyyyr_2_1 has 11816 chips
[turn] player courage_2_2 has 269 chips
[turn] player The Joker_2_5 has 6329 chips
[turn] player Jerry Xu_2_6 has 0 chips
[turn] player XinWQNMLGB_2_7 has 2182 chips
[turn] player XinWQNMLGB_2_7 folds
[turn] round ends
[GAME STAT] pot 0 with 316 chips is shared by 1 players
[GAME STAT] player The Joker_2_5 gets 316 chips from pot 0
[GAME STAT] pot 1 with 363 chips is shared by 1 players
[GAME STAT] player The Joker_2_5 gets 363 chips from pot 1
[GAME STAT] overall statistics
[GAME STAT] player ssw_2_0 wins -200 chips in this game
[GAME STAT] player yyyyyr_2_1 wins 0 chips in this game
[GAME STAT] player courage_2_2 wins 0 chips in this game
[GAME STAT] player The Joker_2_5 wins 479 chips in this game
[GAME STAT] player Jerry Xu_2_6 wins -79 chips in this game
[GAME STAT] player XinWQNMLGB_2_7 wins -200 chips in this game
[GAME 20] game ends, invoking player.game_end()
[GAME 21] game starts
[GAME INFO] number of participants in this game = 5
[GAME INFO] participant: ssw_2_0, chip = 2725
[GAME INFO] participant: yyyyyr_2_1, chip = 11816
[GAME INFO] participant: courage_2_2, chip = 269
[GAME INFO] participant: The Joker_2_5, chip = 7008
[GAME INFO] participant: XinWQNMLGB_2_7, chip = 2182
[GAME INFO] blind is 100
[GAME INFO] dealer is XinWQNMLGB_2_7
[GAME INFO] small blind 100 posted by ssw_2_0
[GAME INFO] big blind 200 posted by yyyyyr_2_1
[hole card] Q spade
[hole card] 4 spade
[preflop] round starts
[preflop] player ssw_2_0 has 2625 chips
[preflop] player yyyyyr_2_1 has 11616 chips
[preflop] player courage_2_2 has 269 chips
[preflop] player The Joker_2_5 has 7008 chips
[preflop] player XinWQNMLGB_2_7 has 2182 chips
[preflop] player courage_2_2 folds
[preflop] action
[WARNING] CANNOT check when another player has raised
[preflop] player The Joker_2_5 folds
[preflop] player XinWQNMLGB_2_7 calls. Total bet is 200
[preflop] player ssw_2_0 folds
[preflop] player yyyyyr_2_1 folds
[GAME STAT] pot 0 with 300 chips is shared by 1 players
[GAME STAT] player XinWQNMLGB_2_7 gets 300 chips from pot 0
[GAME STAT] pot 1 with 200 chips is shared by 1 players
[GAME STAT] player XinWQNMLGB_2_7 gets 200 chips from pot 1
[GAME STAT] overall statistics
[GAME STAT] player ssw_2_0 wins -100 chips in this game
[GAME STAT] player yyyyyr_2_1 wins -200 chips in this game
[GAME STAT] player courage_2_2 wins 0 chips in this game
[GAME STAT] player The Joker_2_5 wins 0 chips in this game
[GAME STAT] player XinWQNMLGB_2_7 wins 300 chips in this game
[GAME 21] game ends, invoking player.game_end()
[GAME 22] game starts
[GAME INFO] number of participants in this game = 5
[GAME INFO] participant: ssw_2_0, chip = 2625
[GAME INFO] participant: yyyyyr_2_1, chip = 11616
[GAME INFO] participant: courage_2_2, chip = 269
[GAME INFO] participant: The Joker_2_5, chip = 7008
[GAME INFO] participant: XinWQNMLGB_2_7, chip = 2482
[GAME INFO] blind is 200
[GAME INFO] dealer is ssw_2_0
[GAME INFO] small blind 200 posted by yyyyyr_2_1
[GAME INFO] big blind 269 posted by courage_2_2
[hole card] J club
[hole card] J spade
[preflop] round starts
[preflop] player ssw_2_0 has 2625 chips
[preflop] player yyyyyr_2_1 has 11416 chips
[preflop] player courage_2_2 has 0 chips
[preflop] player The Joker_2_5 has 7008 chips
[preflop] player XinWQNMLGB_2_7 has 2482 chips
[preflop] action
[preflop] call (269 chips). 
[preflop] player The Joker_2_5 calls. Total bet is 269
[preflop] player XinWQNMLGB_2_7 calls. Total bet is 269
[preflop] player ssw_2_0 folds
[preflop] player yyyyyr_2_1 folds
[preflop] player courage_2_2 goes all in (0 chips). Total bet is 269
[flop] J heart
[flop] A heart
[flop] 3 spade
[flop] round starts
[flop] player ssw_2_0 has 2625 chips
[flop] player yyyyyr_2_1 has 11416 chips
[flop] player courage_2_2 has 0 chips
[flop] player The Joker_2_5 has 6739 chips
[flop] player XinWQNMLGB_2_7 has 2213 chips
[flop] player courage_2_2 checks
[flop] action
[flop] raise 765 (765 chips).
[flop] player The Joker_2_5 raises 765. Total bet is 765
[flop] player XinWQNMLGB_2_7 calls. Total bet is 765
[flop] player courage_2_2 folds
[turn] 2 spade
[turn] round starts
[turn] player ssw_2_0 has 2625 chips
[turn] player yyyyyr_2_1 has 11416 chips
[turn] player courage_2_2 has 0 chips
[turn] player The Joker_2_5 has 5974 chips
[turn] player XinWQNMLGB_2_7 has 1448 chips
[turn] action
[turn] raise 792 (792 chips).
[turn] player The Joker_2_5 raises 792. Total bet is 792
[turn] player XinWQNMLGB_2_7 folds
[GAME STAT] pot 0 with 800 chips is shared by 1 players
[GAME STAT] player The Joker_2_5 gets 800 chips from pot 0
[GAME STAT] pot 1 with 207 chips is shared by 1 players
[GAME STAT] player The Joker_2_5 gets 207 chips from pot 1
[GAME STAT] pot 2 with 1530 chips is shared by 1 players
[GAME STAT] player The Joker_2_5 gets 1530 chips from pot 2
[GAME STAT] pot 3 with 792 chips is shared by 1 players
[GAME STAT] player The Joker_2_5 gets 792 chips from pot 3
[GAME STAT] overall statistics
[GAME STAT] player ssw_2_0 wins 0 chips in this game
[GAME STAT] player yyyyyr_2_1 wins -200 chips in this game
[GAME STAT] player courage_2_2 wins -269 chips in this game
[GAME STAT] player The Joker_2_5 wins 1503 chips in this game
[GAME STAT] player XinWQNMLGB_2_7 wins -1034 chips in this game
[GAME 22] game ends, invoking player.game_end()
[GAME 23] game starts
[GAME INFO] number of participants in this game = 4
[GAME INFO] participant: ssw_2_0, chip = 2625
[GAME INFO] participant: yyyyyr_2_1, chip = 11416
[GAME INFO] participant: The Joker_2_5, chip = 8511
[GAME INFO] participant: XinWQNMLGB_2_7, chip = 1448
[GAME INFO] blind is 200
[GAME INFO] dealer is yyyyyr_2_1
[GAME INFO] small blind 200 posted by The Joker_2_5
[GAME INFO] big blind 400 posted by XinWQNMLGB_2_7
[hole card] 9 club
[hole card] K diamond
[preflop] round starts
[preflop] player ssw_2_0 has 2625 chips
[preflop] player yyyyyr_2_1 has 11416 chips
[preflop] player The Joker_2_5 has 8311 chips
[preflop] player XinWQNMLGB_2_7 has 1048 chips
[preflop] player ssw_2_0 folds
[preflop] player yyyyyr_2_1 folds
[preflop] action
[WARNING] CANNOT check when another player has raised
[preflop] player The Joker_2_5 folds
[GAME STAT] pot 0 with 400 chips is shared by 1 players
[GAME STAT] player XinWQNMLGB_2_7 gets 400 chips from pot 0
[GAME STAT] pot 1 with 200 chips is shared by 1 players
[GAME STAT] player XinWQNMLGB_2_7 gets 200 chips from pot 1
[GAME STAT] overall statistics
[GAME STAT] player ssw_2_0 wins 0 chips in this game
[GAME STAT] player yyyyyr_2_1 wins 0 chips in this game
[GAME STAT] player The Joker_2_5 wins -200 chips in this game
[GAME STAT] player XinWQNMLGB_2_7 wins 200 chips in this game
[GAME 23] game ends, invoking player.game_end()
[GAME 24] game starts
[GAME INFO] number of participants in this game = 4
[GAME INFO] participant: ssw_2_0, chip = 2625
[GAME INFO] participant: yyyyyr_2_1, chip = 11416
[GAME INFO] participant: The Joker_2_5, chip = 8311
[GAME INFO] participant: XinWQNMLGB_2_7, chip = 1648
[GAME INFO] blind is 200
[GAME INFO] dealer is The Joker_2_5
[GAME INFO] small blind 200 posted by XinWQNMLGB_2_7
[GAME INFO] big blind 400 posted by ssw_2_0
[hole card] 9 spade
[hole card] 5 heart
[preflop] round starts
[preflop] player ssw_2_0 has 2225 chips
[preflop] player yyyyyr_2_1 has 11416 chips
[preflop] player The Joker_2_5 has 8311 chips
[preflop] player XinWQNMLGB_2_7 has 1448 chips
[preflop] player yyyyyr_2_1 folds
[preflop] action
[WARNING] CANNOT check when another player has raised
[preflop] player The Joker_2_5 folds
[preflop] player XinWQNMLGB_2_7 calls. Total bet is 400
[preflop] player ssw_2_0 folds
[GAME STAT] pot 0 with 800 chips is shared by 1 players
[GAME STAT] player XinWQNMLGB_2_7 gets 800 chips from pot 0
[GAME STAT] overall statistics
[GAME STAT] player ssw_2_0 wins -400 chips in this game
[GAME STAT] player yyyyyr_2_1 wins 0 chips in this game
[GAME STAT] player The Joker_2_5 wins 0 chips in this game
[GAME STAT] player XinWQNMLGB_2_7 wins 400 chips in this game
[GAME 24] game ends, invoking player.game_end()
[GAME 25] game starts
[GAME INFO] number of participants in this game = 4
[GAME INFO] participant: ssw_2_0, chip = 2225
[GAME INFO] participant: yyyyyr_2_1, chip = 11416
[GAME INFO] participant: The Joker_2_5, chip = 8311
[GAME INFO] participant: XinWQNMLGB_2_7, chip = 2048
[GAME INFO] blind is 500
[GAME INFO] dealer is XinWQNMLGB_2_7
[GAME INFO] small blind 500 posted by ssw_2_0
[GAME INFO] big blind 1000 posted by yyyyyr_2_1
[hole card] 6 diamond
[hole card] 6 spade
[preflop] round starts
[preflop] player ssw_2_0 has 1725 chips
[preflop] player yyyyyr_2_1 has 10416 chips
[preflop] player The Joker_2_5 has 8311 chips
[preflop] player XinWQNMLGB_2_7 has 2048 chips
[preflop] action
[WARNING] CANNOT check when another player has raised
[preflop] player The Joker_2_5 folds
[preflop] player XinWQNMLGB_2_7 calls. Total bet is 1000
[preflop] player ssw_2_0 folds
[preflop] player yyyyyr_2_1 folds
[GAME STAT] pot 0 with 1500 chips is shared by 1 players
[GAME STAT] player XinWQNMLGB_2_7 gets 1500 chips from pot 0
[GAME STAT] pot 1 with 1000 chips is shared by 1 players
[GAME STAT] player XinWQNMLGB_2_7 gets 1000 chips from pot 1
[GAME STAT] overall statistics
[GAME STAT] player ssw_2_0 wins -500 chips in this game
[GAME STAT] player yyyyyr_2_1 wins -1000 chips in this game
[GAME STAT] player The Joker_2_5 wins 0 chips in this game
[GAME STAT] player XinWQNMLGB_2_7 wins 1500 chips in this game
[GAME 25] game ends, invoking player.game_end()
[GAME 26] game starts
[GAME INFO] number of participants in this game = 4
[GAME INFO] participant: ssw_2_0, chip = 1725
[GAME INFO] participant: yyyyyr_2_1, chip = 10416
[GAME INFO] participant: The Joker_2_5, chip = 8311
[GAME INFO] participant: XinWQNMLGB_2_7, chip = 3548
[GAME INFO] blind is 500
[GAME INFO] dealer is ssw_2_0
[GAME INFO] small blind 500 posted by yyyyyr_2_1
[GAME INFO] big blind 1000 posted by The Joker_2_5
[hole card] 9 club
[hole card] 7 club
[preflop] round starts
[preflop] player ssw_2_0 has 1725 chips
[preflop] player yyyyyr_2_1 has 9916 chips
[preflop] player The Joker_2_5 has 7311 chips
[preflop] player XinWQNMLGB_2_7 has 3548 chips
[preflop] player XinWQNMLGB_2_7 calls. Total bet is 1000
[preflop] player ssw_2_0 folds
[preflop] player yyyyyr_2_1 calls. Total bet is 1000
[preflop] action
[preflop] call (0 chips). 
[preflop] player The Joker_2_5 calls. Total bet is 1000
[flop] Q spade
[flop] 2 club
[flop] 2 spade
[flop] round starts
[flop] player ssw_2_0 has 1725 chips
[flop] player yyyyyr_2_1 has 9416 chips
[flop] player The Joker_2_5 has 7311 chips
[flop] player XinWQNMLGB_2_7 has 2548 chips
[flop] player yyyyyr_2_1 checks
[flop] action
[flop] check
[flop] player The Joker_2_5 checks
[flop] player XinWQNMLGB_2_7 checks
[flop] round ends
[turn] 7 diamond
[turn] round starts
[turn] player ssw_2_0 has 1725 chips
[turn] player yyyyyr_2_1 has 9416 chips
[turn] player The Joker_2_5 has 7311 chips
[turn] player XinWQNMLGB_2_7 has 2548 chips
[turn] player yyyyyr_2_1 checks
[turn] action
[turn] check
[turn] player The Joker_2_5 checks
[turn] player XinWQNMLGB_2_7 folds
[turn] round ends
[river] J heart
[river] round starts
[river] player ssw_2_0 has 1725 chips
[river] player yyyyyr_2_1 has 9416 chips
[river] player The Joker_2_5 has 7311 chips
[river] player XinWQNMLGB_2_7 has 2548 chips
[river] player yyyyyr_2_1 checks
[river] action
[river] check
[river] player The Joker_2_5 checks
[river] round ends
[SHOWDOWN] showdown starts
[SHOWDOWN] showdown
[SHOWDOWN] Q spade 2 club 2 spade 7 diamond 7 club
[SHOWDOWN] player The Joker_2_5 shows Q spade 2 club 2 spade 7 diamond 7 club, which is two pair.
[SHOWDOWN] player yyyyyr_2_1 shows 4 club 4 heart Q spade 2 club 2 spade, which is two pair.
[GAME STAT] pot 0 with 3000 chips is shared by 1 players
[GAME STAT] player The Joker_2_5 gets 3000 chips from pot 0
[GAME STAT] overall statistics
[GAME STAT] player ssw_2_0 wins 0 chips in this game
[GAME STAT] player yyyyyr_2_1 wins -1000 chips in this game
[GAME STAT] player The Joker_2_5 wins 2000 chips in this game
[GAME STAT] player XinWQNMLGB_2_7 wins -1000 chips in this game
[GAME 26] game ends, invoking player.game_end()
[GAME 27] game starts
[GAME INFO] number of participants in this game = 4
[GAME INFO] participant: ssw_2_0, chip = 1725
[GAME INFO] participant: yyyyyr_2_1, chip = 9416
[GAME INFO] participant: The Joker_2_5, chip = 10311
[GAME INFO] participant: XinWQNMLGB_2_7, chip = 2548
[GAME INFO] blind is 500
[GAME INFO] dealer is yyyyyr_2_1
[GAME INFO] small blind 500 posted by The Joker_2_5
[GAME INFO] big blind 1000 posted by XinWQNMLGB_2_7
[hole card] 7 heart
[hole card] 8 club
[preflop] round starts
[preflop] player ssw_2_0 has 1725 chips
[preflop] player yyyyyr_2_1 has 9416 chips
[preflop] player The Joker_2_5 has 9811 chips
[preflop] player XinWQNMLGB_2_7 has 1548 chips
[preflop] player ssw_2_0 folds
[preflop] player yyyyyr_2_1 folds
[preflop] action
[WARNING] CANNOT check when another player has raised
[preflop] player The Joker_2_5 folds
[GAME STAT] pot 0 with 1000 chips is shared by 1 players
[GAME STAT] player XinWQNMLGB_2_7 gets 1000 chips from pot 0
[GAME STAT] pot 1 with 500 chips is shared by 1 players
[GAME STAT] player XinWQNMLGB_2_7 gets 500 chips from pot 1
[GAME STAT] overall statistics
[GAME STAT] player ssw_2_0 wins 0 chips in this game
[GAME STAT] player yyyyyr_2_1 wins 0 chips in this game
[GAME STAT] player The Joker_2_5 wins -500 chips in this game
[GAME STAT] player XinWQNMLGB_2_7 wins 500 chips in this game
[GAME 27] game ends, invoking player.game_end()
[END]
[FINAL STAT] chips
[FINAL STAT] ssw_2_0 has 1725 chips
[FINAL STAT] yyyyyr_2_1 has 9416 chips
[FINAL STAT] courage_2_2 has 0 chips
[FINAL STAT] Sister_Lily_2_3 has 0 chips
[FINAL STAT] Mars_2_4 has 0 chips
[FINAL STAT] The Joker_2_5 has 9811 chips
[FINAL STAT] Jerry Xu_2_6 has 0 chips
[FINAL STAT] XinWQNMLGB_2_7 has 3048 chips
