[UI] login name: [UI] succefully login as The Joker_1_5
[login] The Joker_1_5
[player 0] Mars_1_0
[player 1] courage_1_1
[player 2] were_1_2
[player 3] Jerry Xu_1_3
[player 4] Sister_Lily_1_4
[player 5] The Joker_1_5
[player 6] XinWQNMLGB_1_6
[player 7] Gaotaku_1_7
[GAME INFO] number of players = 8
[GAME INFO] initial chips = 3000
[GAME 1] game starts
[GAME INFO] number of participants in this game = 8
[GAME INFO] participant: Mars_1_0, chip = 3000
[GAME INFO] participant: courage_1_1, chip = 3000
[GAME INFO] participant: were_1_2, chip = 3000
[GAME INFO] participant: Jerry Xu_1_3, chip = 3000
[GAME INFO] participant: Sister_Lily_1_4, chip = 3000
[GAME INFO] participant: The Joker_1_5, chip = 3000
[GAME INFO] participant: XinWQNMLGB_1_6, chip = 3000
[GAME INFO] participant: Gaotaku_1_7, chip = 3000
[GAME INFO] blind is 1
[GAME INFO] dealer is Mars_1_0
[GAME INFO] small blind 1 posted by courage_1_1
[GAME INFO] big blind 2 posted by were_1_2
[hole card] J spade
[hole card] 4 heart
[preflop] round starts
[preflop] player Mars_1_0 has 3000 chips
[preflop] player courage_1_1 has 2999 chips
[preflop] player were_1_2 has 2998 chips
[preflop] player Jerry Xu_1_3 has 3000 chips
[preflop] player Sister_Lily_1_4 has 3000 chips
[preflop] player The Joker_1_5 has 3000 chips
[preflop] player XinWQNMLGB_1_6 has 3000 chips
[preflop] player Gaotaku_1_7 has 3000 chips
[preflop] player Jerry Xu_1_3 folds
[preflop] player Sister_Lily_1_4 calls. Total bet is 2
[preflop] action
[WARNING] CANNOT check when another player has raised
[preflop] player The Joker_1_5 folds
[preflop] player XinWQNMLGB_1_6 calls. Total bet is 2
[preflop] player Gaotaku_1_7 folds
[preflop] player Mars_1_0 folds
[preflop] player courage_1_1 calls. Total bet is 2
[preflop] player were_1_2 calls. Total bet is 2
[flop] J heart
[flop] A club
[flop] 2 club
[flop] round starts
[flop] player Mars_1_0 has 3000 chips
[flop] player courage_1_1 has 2998 chips
[flop] player were_1_2 has 2998 chips
[flop] player Jerry Xu_1_3 has 3000 chips
[flop] player Sister_Lily_1_4 has 2998 chips
[flop] player The Joker_1_5 has 3000 chips
[flop] player XinWQNMLGB_1_6 has 2998 chips
[flop] player Gaotaku_1_7 has 3000 chips
[flop] player courage_1_1 checks
[flop] player were_1_2 checks
[flop] player Sister_Lily_1_4 checks
[flop] player XinWQNMLGB_1_6 checks
[flop] round ends
[turn] K spade
[turn] round starts
[turn] player Mars_1_0 has 3000 chips
[turn] player courage_1_1 has 2998 chips
[turn] player were_1_2 has 2998 chips
[turn] player Jerry Xu_1_3 has 3000 chips
[turn] player Sister_Lily_1_4 has 2998 chips
[turn] player The Joker_1_5 has 3000 chips
[turn] player XinWQNMLGB_1_6 has 2998 chips
[turn] player Gaotaku_1_7 has 3000 chips
[turn] player courage_1_1 checks
[turn] player were_1_2 checks
[turn] player Sister_Lily_1_4 checks
[turn] player XinWQNMLGB_1_6 folds
[turn] round ends
[river] 8 spade
[river] round starts
[river] player Mars_1_0 has 3000 chips
[river] player courage_1_1 has 2998 chips
[river] player were_1_2 has 2998 chips
[river] player Jerry Xu_1_3 has 3000 chips
[river] player Sister_Lily_1_4 has 2998 chips
[river] player The Joker_1_5 has 3000 chips
[river] player XinWQNMLGB_1_6 has 2998 chips
[river] player Gaotaku_1_7 has 3000 chips
[river] player courage_1_1 checks
[river] player were_1_2 checks
[river] player Sister_Lily_1_4 checks
[river] round ends
[SHOWDOWN] showdown starts
[SHOWDOWN] player were_1_2 shows 10 club K heart J heart A club K spade, which is one pair.
[SHOWDOWN] player courage_1_1 shows 9 heart K club J heart A club K spade, which is one pair.
[SHOWDOWN] player Sister_Lily_1_4 shows 8 heart J heart A club K spade 8 spade, which is one pair.
[GAME STAT] pot 0 with 8 chips is shared by 1 players
[GAME STAT] player were_1_2 gets 8 chips from pot 0
[GAME STAT] overall statistics
[GAME STAT] player Mars_1_0 wins 0 chips in this game
[GAME STAT] player courage_1_1 wins -2 chips in this game
[GAME STAT] player were_1_2 wins 6 chips in this game
[GAME STAT] player Jerry Xu_1_3 wins 0 chips in this game
[GAME STAT] player Sister_Lily_1_4 wins -2 chips in this game
[GAME STAT] player The Joker_1_5 wins 0 chips in this game
[GAME STAT] player XinWQNMLGB_1_6 wins -2 chips in this game
[GAME STAT] player Gaotaku_1_7 wins 0 chips in this game
[GAME 1] game ends, invoking player.game_end()
[GAME 2] game starts
[GAME INFO] number of participants in this game = 8
[GAME INFO] participant: Mars_1_0, chip = 3000
[GAME INFO] participant: courage_1_1, chip = 2998
[GAME INFO] participant: were_1_2, chip = 3006
[GAME INFO] participant: Jerry Xu_1_3, chip = 3000
[GAME INFO] participant: Sister_Lily_1_4, chip = 2998
[GAME INFO] participant: The Joker_1_5, chip = 3000
[GAME INFO] participant: XinWQNMLGB_1_6, chip = 2998
[GAME INFO] participant: Gaotaku_1_7, chip = 3000
[GAME INFO] blind is 1
[GAME INFO] dealer is courage_1_1
[GAME INFO] small blind 1 posted by were_1_2
[GAME INFO] big blind 2 posted by Jerry Xu_1_3
[hole card] J spade
[hole card] K club
[preflop] round starts
[preflop] player Mars_1_0 has 3000 chips
[preflop] player courage_1_1 has 2998 chips
[preflop] player were_1_2 has 3005 chips
[preflop] player Jerry Xu_1_3 has 2998 chips
[preflop] player Sister_Lily_1_4 has 2998 chips
[preflop] player The Joker_1_5 has 3000 chips
[preflop] player XinWQNMLGB_1_6 has 2998 chips
[preflop] player Gaotaku_1_7 has 3000 chips
[preflop] player Sister_Lily_1_4 calls. Total bet is 2
[preflop] action
[preflop] call (2 chips). 
[preflop] player The Joker_1_5 calls. Total bet is 2
[preflop] player XinWQNMLGB_1_6 calls. Total bet is 2
[preflop] player Gaotaku_1_7 folds
[preflop] player Mars_1_0 calls. Total bet is 2
[preflop] player courage_1_1 folds
[preflop] player were_1_2 calls. Total bet is 2
[preflop] player Jerry Xu_1_3 folds
[flop] 10 heart
[flop] 8 diamond
[flop] 4 heart
[flop] round starts
[flop] player Mars_1_0 has 2998 chips
[flop] player courage_1_1 has 2998 chips
[flop] player were_1_2 has 3004 chips
[flop] player Jerry Xu_1_3 has 2998 chips
[flop] player Sister_Lily_1_4 has 2996 chips
[flop] player The Joker_1_5 has 2998 chips
[flop] player XinWQNMLGB_1_6 has 2996 chips
[flop] player Gaotaku_1_7 has 3000 chips
[flop] player were_1_2 checks
[flop] player Sister_Lily_1_4 checks
[flop] action
[flop] check
[flop] player The Joker_1_5 checks
[flop] player XinWQNMLGB_1_6 checks
[flop] player Mars_1_0 checks
[flop] round ends
[turn] 10 diamond
[turn] round starts
[turn] player Mars_1_0 has 2998 chips
[turn] player courage_1_1 has 2998 chips
[turn] player were_1_2 has 3004 chips
[turn] player Jerry Xu_1_3 has 2998 chips
[turn] player Sister_Lily_1_4 has 2996 chips
[turn] player The Joker_1_5 has 2998 chips
[turn] player XinWQNMLGB_1_6 has 2996 chips
[turn] player Gaotaku_1_7 has 3000 chips
[turn] player were_1_2 checks
[turn] player Sister_Lily_1_4 checks
[turn] action
[turn] check
[turn] player The Joker_1_5 checks
[turn] player XinWQNMLGB_1_6 folds
[turn] player Mars_1_0 checks
[turn] round ends
[river] 5 spade
[river] round starts
[river] player Mars_1_0 has 2998 chips
[river] player courage_1_1 has 2998 chips
[river] player were_1_2 has 3004 chips
[river] player Jerry Xu_1_3 has 2998 chips
[river] player Sister_Lily_1_4 has 2996 chips
[river] player The Joker_1_5 has 2998 chips
[river] player XinWQNMLGB_1_6 has 2996 chips
[river] player Gaotaku_1_7 has 3000 chips
[river] player were_1_2 checks
[river] player Sister_Lily_1_4 checks
[river] action
[river] check
[river] player The Joker_1_5 checks
[river] player Mars_1_0 checks
[river] round ends
[SHOWDOWN] showdown starts
[SHOWDOWN] showdown
[SHOWDOWN] 10 heart 8 diamond 10 diamond J spade K club
[SHOWDOWN] player were_1_2 shows 5 heart A heart 10 heart 10 diamond 5 spade, which is two pair.
[SHOWDOWN] player Mars_1_0 shows 6 spade 8 diamond A club 10 diamond 10 heart, which is one pair.
[SHOWDOWN] player Sister_Lily_1_4 shows A diamond 10 heart 8 diamond 10 diamond 5 spade, which is one pair.
[SHOWDOWN] player The Joker_1_5 shows 10 heart 8 diamond 10 diamond J spade K club, which is one pair.
[GAME STAT] pot 0 with 12 chips is shared by 1 players
[GAME STAT] player were_1_2 gets 12 chips from pot 0
[GAME STAT] overall statistics
[GAME STAT] player Mars_1_0 wins -2 chips in this game
[GAME STAT] player courage_1_1 wins 0 chips in this game
[GAME STAT] player were_1_2 wins 10 chips in this game
[GAME STAT] player Jerry Xu_1_3 wins -2 chips in this game
[GAME STAT] player Sister_Lily_1_4 wins -2 chips in this game
[GAME STAT] player The Joker_1_5 wins -2 chips in this game
[GAME STAT] player XinWQNMLGB_1_6 wins -2 chips in this game
[GAME STAT] player Gaotaku_1_7 wins 0 chips in this game
[GAME 2] game ends, invoking player.game_end()
[GAME 3] game starts
[GAME INFO] number of participants in this game = 8
[GAME INFO] participant: Mars_1_0, chip = 2998
[GAME INFO] participant: courage_1_1, chip = 2998
[GAME INFO] participant: were_1_2, chip = 3016
[GAME INFO] participant: Jerry Xu_1_3, chip = 2998
[GAME INFO] participant: Sister_Lily_1_4, chip = 2996
[GAME INFO] participant: The Joker_1_5, chip = 2998
[GAME INFO] participant: XinWQNMLGB_1_6, chip = 2996
[GAME INFO] participant: Gaotaku_1_7, chip = 3000
[GAME INFO] blind is 1
[GAME INFO] dealer is were_1_2
[GAME INFO] small blind 1 posted by Jerry Xu_1_3
[GAME INFO] big blind 2 posted by Sister_Lily_1_4
[hole card] 10 heart
[hole card] 7 heart
[preflop] round starts
[preflop] player Mars_1_0 has 2998 chips
[preflop] player courage_1_1 has 2998 chips
[preflop] player were_1_2 has 3016 chips
[preflop] player Jerry Xu_1_3 has 2997 chips
[preflop] player Sister_Lily_1_4 has 2994 chips
[preflop] player The Joker_1_5 has 2998 chips
[preflop] player XinWQNMLGB_1_6 has 2996 chips
[preflop] player Gaotaku_1_7 has 3000 chips
[preflop] action
[WARNING] CANNOT check when another player has raised
[preflop] player The Joker_1_5 folds
[preflop] player XinWQNMLGB_1_6 calls. Total bet is 2
[preflop] player Gaotaku_1_7 folds
[preflop] player Mars_1_0 calls. Total bet is 2
[preflop] player courage_1_1 folds
[preflop] player were_1_2 calls. Total bet is 2
[preflop] player Jerry Xu_1_3 calls. Total bet is 2
[preflop] player Sister_Lily_1_4 calls. Total bet is 2
[flop] 6 diamond
[flop] 5 club
[flop] 9 diamond
[flop] round starts
[flop] player Mars_1_0 has 2996 chips
[flop] player courage_1_1 has 2998 chips
[flop] player were_1_2 has 3014 chips
[flop] player Jerry Xu_1_3 has 2996 chips
[flop] player Sister_Lily_1_4 has 2994 chips
[flop] player The Joker_1_5 has 2998 chips
[flop] player XinWQNMLGB_1_6 has 2994 chips
[flop] player Gaotaku_1_7 has 3000 chips
[flop] player Jerry Xu_1_3 folds
[flop] player Sister_Lily_1_4 checks
[flop] player XinWQNMLGB_1_6 checks
[flop] player Mars_1_0 checks
[flop] player were_1_2 checks
[flop] round ends
[turn] 4 club
[turn] round starts
[turn] player Mars_1_0 has 2996 chips
[turn] player courage_1_1 has 2998 chips
[turn] player were_1_2 has 3014 chips
[turn] player Jerry Xu_1_3 has 2996 chips
[turn] player Sister_Lily_1_4 has 2994 chips
[turn] player The Joker_1_5 has 2998 chips
[turn] player XinWQNMLGB_1_6 has 2994 chips
[turn] player Gaotaku_1_7 has 3000 chips
[turn] player Sister_Lily_1_4 checks
[turn] player XinWQNMLGB_1_6 folds
[turn] player Mars_1_0 checks
[turn] player were_1_2 checks
[turn] round ends
[river] 7 diamond
[river] round starts
[river] player Mars_1_0 has 2996 chips
[river] player courage_1_1 has 2998 chips
[river] player were_1_2 has 3014 chips
[river] player Jerry Xu_1_3 has 2996 chips
[river] player Sister_Lily_1_4 has 2994 chips
[river] player The Joker_1_5 has 2998 chips
[river] player XinWQNMLGB_1_6 has 2994 chips
[river] player Gaotaku_1_7 has 3000 chips
[river] player Sister_Lily_1_4 checks
[river] player Mars_1_0 checks
[river] player were_1_2 goes all in (3014 chips). Total bet is 3014
[river] player Sister_Lily_1_4 folds
[river] player Mars_1_0 folds
[GAME STAT] pot 0 with 10 chips is shared by 1 players
[GAME STAT] player were_1_2 gets 10 chips from pot 0
[GAME STAT] pot 1 with 3014 chips is shared by 1 players
[GAME STAT] player were_1_2 gets 3014 chips from pot 1
[GAME STAT] overall statistics
[GAME STAT] player Mars_1_0 wins -2 chips in this game
[GAME STAT] player courage_1_1 wins 0 chips in this game
[GAME STAT] player were_1_2 wins 8 chips in this game
[GAME STAT] player Jerry Xu_1_3 wins -2 chips in this game
[GAME STAT] player Sister_Lily_1_4 wins -2 chips in this game
[GAME STAT] player The Joker_1_5 wins 0 chips in this game
[GAME STAT] player XinWQNMLGB_1_6 wins -2 chips in this game
[GAME STAT] player Gaotaku_1_7 wins 0 chips in this game
[GAME 3] game ends, invoking player.game_end()
[GAME 4] game starts
[GAME INFO] number of participants in this game = 8
[GAME INFO] participant: Mars_1_0, chip = 2996
[GAME INFO] participant: courage_1_1, chip = 2998
[GAME INFO] participant: were_1_2, chip = 3024
[GAME INFO] participant: Jerry Xu_1_3, chip = 2996
[GAME INFO] participant: Sister_Lily_1_4, chip = 2994
[GAME INFO] participant: The Joker_1_5, chip = 2998
[GAME INFO] participant: XinWQNMLGB_1_6, chip = 2994
[GAME INFO] participant: Gaotaku_1_7, chip = 3000
[GAME INFO] blind is 2
[GAME INFO] dealer is Jerry Xu_1_3
[GAME INFO] small blind 2 posted by Sister_Lily_1_4
[GAME INFO] big blind 4 posted by The Joker_1_5
[hole card] 3 spade
[hole card] 9 spade
[preflop] round starts
[preflop] player Mars_1_0 has 2996 chips
[preflop] player courage_1_1 has 2998 chips
[preflop] player were_1_2 has 3024 chips
[preflop] player Jerry Xu_1_3 has 2996 chips
[preflop] player Sister_Lily_1_4 has 2992 chips
[preflop] player The Joker_1_5 has 2994 chips
[preflop] player XinWQNMLGB_1_6 has 2994 chips
[preflop] player Gaotaku_1_7 has 3000 chips
[preflop] player XinWQNMLGB_1_6 calls. Total bet is 4
[preflop] player Gaotaku_1_7 folds
[preflop] player Mars_1_0 calls. Total bet is 4
[preflop] player courage_1_1 folds
[preflop] player were_1_2 calls. Total bet is 4
[preflop] player Jerry Xu_1_3 folds
[preflop] player Sister_Lily_1_4 calls. Total bet is 4
[preflop] action
[preflop] call (0 chips). 
[preflop] player The Joker_1_5 calls. Total bet is 4
[flop] 9 club
[flop] Q diamond
[flop] 5 diamond
[flop] round starts
[flop] player Mars_1_0 has 2992 chips
[flop] player courage_1_1 has 2998 chips
[flop] player were_1_2 has 3020 chips
[flop] player Jerry Xu_1_3 has 2996 chips
[flop] player Sister_Lily_1_4 has 2990 chips
[flop] player The Joker_1_5 has 2994 chips
[flop] player XinWQNMLGB_1_6 has 2990 chips
[flop] player Gaotaku_1_7 has 3000 chips
[flop] player Sister_Lily_1_4 checks
[flop] action
[flop] check
[flop] player The Joker_1_5 checks
[flop] player XinWQNMLGB_1_6 checks
[flop] player Mars_1_0 checks
[flop] player were_1_2 checks
[flop] round ends
[turn] 7 club
[turn] round starts
[turn] player Mars_1_0 has 2992 chips
[turn] player courage_1_1 has 2998 chips
[turn] player were_1_2 has 3020 chips
[turn] player Jerry Xu_1_3 has 2996 chips
[turn] player Sister_Lily_1_4 has 2990 chips
[turn] player The Joker_1_5 has 2994 chips
[turn] player XinWQNMLGB_1_6 has 2990 chips
[turn] player Gaotaku_1_7 has 3000 chips
[turn] player Sister_Lily_1_4 checks
[turn] action
[turn] check
[turn] player The Joker_1_5 checks
[turn] player XinWQNMLGB_1_6 folds
[turn] player Mars_1_0 checks
[turn] player were_1_2 checks
[turn] round ends
[river] 6 heart
[river] round starts
[river] player Mars_1_0 has 2992 chips
[river] player courage_1_1 has 2998 chips
[river] player were_1_2 has 3020 chips
[river] player Jerry Xu_1_3 has 2996 chips
[river] player Sister_Lily_1_4 has 2990 chips
[river] player The Joker_1_5 has 2994 chips
[river] player XinWQNMLGB_1_6 has 2990 chips
[river] player Gaotaku_1_7 has 3000 chips
[river] player Sister_Lily_1_4 checks
[river] action
[river] check
[river] player The Joker_1_5 checks
[river] player Mars_1_0 checks
[river] player were_1_2 checks
[river] round ends
[SHOWDOWN] showdown starts
[SHOWDOWN] showdown
[SHOWDOWN] 9 club Q diamond 7 club 6 heart 9 spade
[SHOWDOWN] player The Joker_1_5 shows 9 club Q diamond 7 club 6 heart 9 spade, which is one pair.
[SHOWDOWN] player Sister_Lily_1_4 shows K club 5 spade 9 club Q diamond 5 diamond, which is one pair.
[SHOWDOWN] player were_1_2 shows 2 diamond 5 club 5 diamond 7 club 6 heart, which is one pair.
[SHOWDOWN] player Mars_1_0 shows 7 club 9 club K diamond Q diamond 10 spade, which is high card.
[GAME STAT] pot 0 with 20 chips is shared by 1 players
[GAME STAT] player The Joker_1_5 gets 20 chips from pot 0
[GAME STAT] overall statistics
[GAME STAT] player Mars_1_0 wins -4 chips in this game
[GAME STAT] player courage_1_1 wins 0 chips in this game
[GAME STAT] player were_1_2 wins -4 chips in this game
[GAME STAT] player Jerry Xu_1_3 wins 0 chips in this game
[GAME STAT] player Sister_Lily_1_4 wins -4 chips in this game
[GAME STAT] player The Joker_1_5 wins 16 chips in this game
[GAME STAT] player XinWQNMLGB_1_6 wins -4 chips in this game
[GAME STAT] player Gaotaku_1_7 wins 0 chips in this game
[GAME 4] game ends, invoking player.game_end()
[GAME 5] game starts
[GAME INFO] number of participants in this game = 8
[GAME INFO] participant: Mars_1_0, chip = 2992
[GAME INFO] participant: courage_1_1, chip = 2998
[GAME INFO] participant: were_1_2, chip = 3020
[GAME INFO] participant: Jerry Xu_1_3, chip = 2996
[GAME INFO] participant: Sister_Lily_1_4, chip = 2990
[GAME INFO] participant: The Joker_1_5, chip = 3014
[GAME INFO] participant: XinWQNMLGB_1_6, chip = 2990
[GAME INFO] participant: Gaotaku_1_7, chip = 3000
[GAME INFO] blind is 2
[GAME INFO] dealer is Sister_Lily_1_4
[GAME INFO] small blind 2 posted by The Joker_1_5
[GAME INFO] big blind 4 posted by XinWQNMLGB_1_6
[hole card] 5 spade
[hole card] 6 spade
[preflop] round starts
[preflop] player Mars_1_0 has 2992 chips
[preflop] player courage_1_1 has 2998 chips
[preflop] player were_1_2 has 3020 chips
[preflop] player Jerry Xu_1_3 has 2996 chips
[preflop] player Sister_Lily_1_4 has 2990 chips
[preflop] player The Joker_1_5 has 3012 chips
[preflop] player XinWQNMLGB_1_6 has 2986 chips
[preflop] player Gaotaku_1_7 has 3000 chips
[preflop] player Gaotaku_1_7 folds
[preflop] player Mars_1_0 calls. Total bet is 4
[preflop] player courage_1_1 folds
[preflop] player were_1_2 calls. Total bet is 4
[preflop] player Jerry Xu_1_3 calls. Total bet is 4
[preflop] player Sister_Lily_1_4 calls. Total bet is 4
[preflop] action
[preflop] call (2 chips). 
[preflop] player The Joker_1_5 calls. Total bet is 4
[preflop] player XinWQNMLGB_1_6 calls. Total bet is 4
[flop] A heart
[flop] A club
[flop] 9 heart
[flop] round starts
[flop] player Mars_1_0 has 2988 chips
[flop] player courage_1_1 has 2998 chips
[flop] player were_1_2 has 3016 chips
[flop] player Jerry Xu_1_3 has 2992 chips
[flop] player Sister_Lily_1_4 has 2986 chips
[flop] player The Joker_1_5 has 3010 chips
[flop] player XinWQNMLGB_1_6 has 2986 chips
[flop] player Gaotaku_1_7 has 3000 chips
[flop] action
[flop] check
[flop] player The Joker_1_5 checks
[flop] player XinWQNMLGB_1_6 checks
[flop] player Mars_1_0 checks
[flop] player were_1_2 checks
[flop] player Jerry Xu_1_3 checks
[flop] player Sister_Lily_1_4 checks
[flop] round ends
[turn] 9 club
[turn] round starts
[turn] player Mars_1_0 has 2988 chips
[turn] player courage_1_1 has 2998 chips
[turn] player were_1_2 has 3016 chips
[turn] player Jerry Xu_1_3 has 2992 chips
[turn] player Sister_Lily_1_4 has 2986 chips
[turn] player The Joker_1_5 has 3010 chips
[turn] player XinWQNMLGB_1_6 has 2986 chips
[turn] player Gaotaku_1_7 has 3000 chips
[turn] action
[turn] check
[turn] player The Joker_1_5 checks
[turn] player XinWQNMLGB_1_6 folds
[turn] player Mars_1_0 checks
[turn] player were_1_2 checks
[turn] player Jerry Xu_1_3 checks
[turn] player Sister_Lily_1_4 checks
[turn] round ends
[river] 10 spade
[river] round starts
[river] player Mars_1_0 has 2988 chips
[river] player courage_1_1 has 2998 chips
[river] player were_1_2 has 3016 chips
[river] player Jerry Xu_1_3 has 2992 chips
[river] player Sister_Lily_1_4 has 2986 chips
[river] player The Joker_1_5 has 3010 chips
[river] player XinWQNMLGB_1_6 has 2986 chips
[river] player Gaotaku_1_7 has 3000 chips
[river] action
[river] check
[river] player The Joker_1_5 checks
[river] player Mars_1_0 checks
[river] player were_1_2 goes all in (3016 chips). Total bet is 3016
[river] player Jerry Xu_1_3 goes all in (2992 chips). Total bet is 2992
[river] player Sister_Lily_1_4 goes all in (2986 chips). Total bet is 2986
[river] action
[WARNING] CANNOT check when another player has raised
[river] player The Joker_1_5 folds
[river] player Mars_1_0 folds
[SHOWDOWN] showdown starts
[SHOWDOWN] player were_1_2 shows A heart A club 9 heart 9 club 10 spade, which is two pair.
[SHOWDOWN] player Sister_Lily_1_4 shows A heart A club 9 heart 9 club 10 spade, which is two pair.
[SHOWDOWN] player Jerry Xu_1_3 shows A heart A club 9 heart 9 club 7 heart, which is two pair.
[GAME STAT] pot 0 with 24 chips is shared by 2 players
[GAME STAT] player Sister_Lily_1_4 gets 12 chips from pot 0
[GAME STAT] player were_1_2 gets 12 chips from pot 0
[GAME STAT] pot 1 with 8958 chips is shared by 2 players
[GAME STAT] player Sister_Lily_1_4 gets 4479 chips from pot 1
[GAME STAT] player were_1_2 gets 4479 chips from pot 1
[GAME STAT] pot 2 with 12 chips is shared by 1 players
[GAME STAT] player were_1_2 gets 12 chips from pot 2
[GAME STAT] pot 3 with 24 chips is shared by 1 players
[GAME STAT] player were_1_2 gets 24 chips from pot 3
[GAME STAT] overall statistics
[GAME STAT] player Mars_1_0 wins -4 chips in this game
[GAME STAT] player courage_1_1 wins 0 chips in this game
[GAME STAT] player were_1_2 wins 1507 chips in this game
[GAME STAT] player Jerry Xu_1_3 wins -2996 chips in this game
[GAME STAT] player Sister_Lily_1_4 wins 1501 chips in this game
[GAME STAT] player The Joker_1_5 wins -4 chips in this game
[GAME STAT] player XinWQNMLGB_1_6 wins -4 chips in this game
[GAME STAT] player Gaotaku_1_7 wins 0 chips in this game
[GAME 5] game ends, invoking player.game_end()
[GAME 6] game starts
[GAME INFO] number of participants in this game = 7
[GAME INFO] participant: Mars_1_0, chip = 2988
[GAME INFO] participant: courage_1_1, chip = 2998
[GAME INFO] participant: were_1_2, chip = 4527
[GAME INFO] participant: Sister_Lily_1_4, chip = 4491
[GAME INFO] participant: The Joker_1_5, chip = 3010
[GAME INFO] participant: XinWQNMLGB_1_6, chip = 2986
[GAME INFO] participant: Gaotaku_1_7, chip = 3000
[GAME INFO] blind is 2
[GAME INFO] dealer is The Joker_1_5
[GAME INFO] small blind 2 posted by XinWQNMLGB_1_6
[GAME INFO] big blind 4 posted by Gaotaku_1_7
[hole card] A spade
[hole card] 3 heart
[preflop] round starts
[preflop] player Mars_1_0 has 2988 chips
[preflop] player courage_1_1 has 2998 chips
[preflop] player were_1_2 has 4527 chips
[preflop] player Sister_Lily_1_4 has 4491 chips
[preflop] player The Joker_1_5 has 3010 chips
[preflop] player XinWQNMLGB_1_6 has 2984 chips
[preflop] player Gaotaku_1_7 has 2996 chips
[preflop] player Mars_1_0 calls. Total bet is 4
[preflop] player courage_1_1 folds
[preflop] player were_1_2 calls. Total bet is 4
[preflop] player Sister_Lily_1_4 calls. Total bet is 4
[preflop] action
[WARNING] CANNOT check when another player has raised
[preflop] player The Joker_1_5 folds
[preflop] player XinWQNMLGB_1_6 calls. Total bet is 4
[preflop] player Gaotaku_1_7 folds
[flop] 8 diamond
[flop] A heart
[flop] K club
[flop] round starts
[flop] player Mars_1_0 has 2984 chips
[flop] player courage_1_1 has 2998 chips
[flop] player were_1_2 has 4523 chips
[flop] player Sister_Lily_1_4 has 4487 chips
[flop] player The Joker_1_5 has 3010 chips
[flop] player XinWQNMLGB_1_6 has 2982 chips
[flop] player Gaotaku_1_7 has 2996 chips
[flop] player XinWQNMLGB_1_6 checks
[flop] player Mars_1_0 checks
[flop] player were_1_2 checks
[flop] player Sister_Lily_1_4 checks
[flop] round ends
[turn] 10 diamond
[turn] round starts
[turn] player Mars_1_0 has 2984 chips
[turn] player courage_1_1 has 2998 chips
[turn] player were_1_2 has 4523 chips
[turn] player Sister_Lily_1_4 has 4487 chips
[turn] player The Joker_1_5 has 3010 chips
[turn] player XinWQNMLGB_1_6 has 2982 chips
[turn] player Gaotaku_1_7 has 2996 chips
[turn] player XinWQNMLGB_1_6 folds
[turn] player Mars_1_0 checks
[turn] player were_1_2 checks
[turn] player Sister_Lily_1_4 checks
[turn] round ends
[river] Q heart
[river] round starts
[river] player Mars_1_0 has 2984 chips
[river] player courage_1_1 has 2998 chips
[river] player were_1_2 has 4523 chips
[river] player Sister_Lily_1_4 has 4487 chips
[river] player The Joker_1_5 has 3010 chips
[river] player XinWQNMLGB_1_6 has 2982 chips
[river] player Gaotaku_1_7 has 2996 chips
[river] player Mars_1_0 checks
[river] player were_1_2 goes all in (4523 chips). Total bet is 4523
[river] player Sister_Lily_1_4 goes all in (4487 chips). Total bet is 4487
[river] player Mars_1_0 folds
[SHOWDOWN] showdown starts
[SHOWDOWN] player were_1_2 shows J club A heart K club 10 diamond Q heart, which is straight.
[SHOWDOWN] player Sister_Lily_1_4 shows J heart A heart K club 10 diamond Q heart, which is straight.
[GAME STAT] pot 0 with 20 chips is shared by 2 players
[GAME STAT] player Sister_Lily_1_4 gets 10 chips from pot 0
[GAME STAT] player were_1_2 gets 10 chips from pot 0
[GAME STAT] pot 1 with 8974 chips is shared by 2 players
[GAME STAT] player Sister_Lily_1_4 gets 4487 chips from pot 1
[GAME STAT] player were_1_2 gets 4487 chips from pot 1
[GAME STAT] pot 2 with 36 chips is shared by 1 players
[GAME STAT] player were_1_2 gets 36 chips from pot 2
[GAME STAT] overall statistics
[GAME STAT] player Mars_1_0 wins -4 chips in this game
[GAME STAT] player courage_1_1 wins 0 chips in this game
[GAME STAT] player were_1_2 wins 6 chips in this game
[GAME STAT] player Sister_Lily_1_4 wins 6 chips in this game
[GAME STAT] player The Joker_1_5 wins 0 chips in this game
[GAME STAT] player XinWQNMLGB_1_6 wins -4 chips in this game
[GAME STAT] player Gaotaku_1_7 wins -4 chips in this game
[GAME 6] game ends, invoking player.game_end()
[GAME 7] game starts
[GAME INFO] number of participants in this game = 7
[GAME INFO] participant: Mars_1_0, chip = 2984
[GAME INFO] participant: courage_1_1, chip = 2998
[GAME INFO] participant: were_1_2, chip = 4533
[GAME INFO] participant: Sister_Lily_1_4, chip = 4497
[GAME INFO] participant: The Joker_1_5, chip = 3010
[GAME INFO] participant: XinWQNMLGB_1_6, chip = 2982
[GAME INFO] participant: Gaotaku_1_7, chip = 2996
[GAME INFO] blind is 5
[GAME INFO] dealer is XinWQNMLGB_1_6
[GAME INFO] small blind 5 posted by Gaotaku_1_7
[GAME INFO] big blind 10 posted by Mars_1_0
[hole card] A club
[hole card] J diamond
[preflop] round starts
[preflop] player Mars_1_0 has 2974 chips
[preflop] player courage_1_1 has 2998 chips
[preflop] player were_1_2 has 4533 chips
[preflop] player Sister_Lily_1_4 has 4497 chips
[preflop] player The Joker_1_5 has 3010 chips
[preflop] player XinWQNMLGB_1_6 has 2982 chips
[preflop] player Gaotaku_1_7 has 2991 chips
[preflop] player courage_1_1 folds
[preflop] player were_1_2 calls. Total bet is 10
[preflop] player Sister_Lily_1_4 calls. Total bet is 10
[preflop] action
[preflop] call (10 chips). 
[preflop] player The Joker_1_5 calls. Total bet is 10
[preflop] player XinWQNMLGB_1_6 calls. Total bet is 10
[preflop] player Gaotaku_1_7 folds
[preflop] player Mars_1_0 calls. Total bet is 10
[flop] 10 heart
[flop] 10 spade
[flop] 7 spade
[flop] round starts
[flop] player Mars_1_0 has 2974 chips
[flop] player courage_1_1 has 2998 chips
[flop] player were_1_2 has 4523 chips
[flop] player Sister_Lily_1_4 has 4487 chips
[flop] player The Joker_1_5 has 3000 chips
[flop] player XinWQNMLGB_1_6 has 2972 chips
[flop] player Gaotaku_1_7 has 2991 chips
[flop] player Mars_1_0 checks
[flop] player were_1_2 checks
[flop] player Sister_Lily_1_4 checks
[flop] action
[flop] check
[flop] player The Joker_1_5 checks
[flop] player XinWQNMLGB_1_6 checks
[flop] round ends
[turn] 3 heart
[turn] round starts
[turn] player Mars_1_0 has 2974 chips
[turn] player courage_1_1 has 2998 chips
[turn] player were_1_2 has 4523 chips
[turn] player Sister_Lily_1_4 has 4487 chips
[turn] player The Joker_1_5 has 3000 chips
[turn] player XinWQNMLGB_1_6 has 2972 chips
[turn] player Gaotaku_1_7 has 2991 chips
[turn] player Mars_1_0 checks
[turn] player were_1_2 checks
[turn] player Sister_Lily_1_4 checks
[turn] action
[turn] check
[turn] player The Joker_1_5 checks
[turn] player XinWQNMLGB_1_6 folds
[turn] round ends
[river] 2 diamond
[river] round starts
[river] player Mars_1_0 has 2974 chips
[river] player courage_1_1 has 2998 chips
[river] player were_1_2 has 4523 chips
[river] player Sister_Lily_1_4 has 4487 chips
[river] player The Joker_1_5 has 3000 chips
[river] player XinWQNMLGB_1_6 has 2972 chips
[river] player Gaotaku_1_7 has 2991 chips
[river] player Mars_1_0 checks
[river] player were_1_2 checks
[river] player Sister_Lily_1_4 checks
[river] action
[river] check
[river] player The Joker_1_5 checks
[river] round ends
[SHOWDOWN] showdown starts
[SHOWDOWN] showdown
[SHOWDOWN] 10 heart 10 spade 7 spade A club J diamond
[SHOWDOWN] player Sister_Lily_1_4 shows 8 heart 2 spade 10 heart 10 spade 2 diamond, which is two pair.
[SHOWDOWN] player The Joker_1_5 shows 10 heart 10 spade 7 spade A club J diamond, which is one pair.
[SHOWDOWN] player were_1_2 shows 3 diamond A heart 10 heart 10 spade 7 spade, which is one pair.
[SHOWDOWN] player Mars_1_0 shows 5 diamond 7 spade 8 diamond 10 heart 10 spade, which is one pair.
[GAME STAT] pot 0 with 30 chips is shared by 1 players
[GAME STAT] player Sister_Lily_1_4 gets 30 chips from pot 0
[GAME STAT] pot 1 with 25 chips is shared by 1 players
[GAME STAT] player Sister_Lily_1_4 gets 25 chips from pot 1
[GAME STAT] overall statistics
[GAME STAT] player Mars_1_0 wins -10 chips in this game
[GAME STAT] player courage_1_1 wins 0 chips in this game
[GAME STAT] player were_1_2 wins -10 chips in this game
[GAME STAT] player Sister_Lily_1_4 wins 45 chips in this game
[GAME STAT] player The Joker_1_5 wins -10 chips in this game
[GAME STAT] player XinWQNMLGB_1_6 wins -10 chips in this game
[GAME STAT] player Gaotaku_1_7 wins -5 chips in this game
[GAME 7] game ends, invoking player.game_end()
[GAME 8] game starts
[GAME INFO] number of participants in this game = 7
[GAME INFO] participant: Mars_1_0, chip = 2974
[GAME INFO] participant: courage_1_1, chip = 2998
[GAME INFO] participant: were_1_2, chip = 4523
[GAME INFO] participant: Sister_Lily_1_4, chip = 4542
[GAME INFO] participant: The Joker_1_5, chip = 3000
[GAME INFO] participant: XinWQNMLGB_1_6, chip = 2972
[GAME INFO] participant: Gaotaku_1_7, chip = 2991
[GAME INFO] blind is 5
[GAME INFO] dealer is Gaotaku_1_7
[GAME INFO] small blind 5 posted by Mars_1_0
[GAME INFO] big blind 10 posted by courage_1_1
[hole card] 6 spade
[hole card] 4 heart
[preflop] round starts
[preflop] player Mars_1_0 has 2969 chips
[preflop] player courage_1_1 has 2988 chips
[preflop] player were_1_2 has 4523 chips
[preflop] player Sister_Lily_1_4 has 4542 chips
[preflop] player The Joker_1_5 has 3000 chips
[preflop] player XinWQNMLGB_1_6 has 2972 chips
[preflop] player Gaotaku_1_7 has 2991 chips
[preflop] player were_1_2 calls. Total bet is 10
[preflop] player Sister_Lily_1_4 calls. Total bet is 10
[preflop] action
[WARNING] CANNOT check when another player has raised
[preflop] player The Joker_1_5 folds
[preflop] player XinWQNMLGB_1_6 calls. Total bet is 10
[preflop] player Gaotaku_1_7 folds
[preflop] player Mars_1_0 folds
[preflop] player courage_1_1 calls. Total bet is 10
[flop] 10 spade
[flop] A diamond
[flop] 7 diamond
[flop] round starts
[flop] player Mars_1_0 has 2969 chips
[flop] player courage_1_1 has 2988 chips
[flop] player were_1_2 has 4513 chips
[flop] player Sister_Lily_1_4 has 4532 chips
[flop] player The Joker_1_5 has 3000 chips
[flop] player XinWQNMLGB_1_6 has 2962 chips
[flop] player Gaotaku_1_7 has 2991 chips
[flop] player courage_1_1 goes all in (2988 chips). Total bet is 2988
[flop] player were_1_2 calls. Total bet is 2988
[flop] player Sister_Lily_1_4 folds
[flop] player XinWQNMLGB_1_6 goes all in (2962 chips). Total bet is 2962
[turn] K spade
[turn] round starts
[turn] player Mars_1_0 has 2969 chips
[turn] player courage_1_1 has 0 chips
[turn] player were_1_2 has 1525 chips
[turn] player Sister_Lily_1_4 has 4532 chips
[turn] player The Joker_1_5 has 3000 chips
[turn] player XinWQNMLGB_1_6 has 0 chips
[turn] player Gaotaku_1_7 has 2991 chips
[turn] player courage_1_1 checks
[turn] player were_1_2 checks
[turn] player XinWQNMLGB_1_6 checks
[turn] player XinWQNMLGB_1_6 goes all in (0 chips). Total bet is 0
[turn] round ends
[river] 4 diamond
[river] round starts
[river] player Mars_1_0 has 2969 chips
[river] player courage_1_1 has 0 chips
[river] player were_1_2 has 1525 chips
[river] player Sister_Lily_1_4 has 4532 chips
[river] player The Joker_1_5 has 3000 chips
[river] player XinWQNMLGB_1_6 has 0 chips
[river] player Gaotaku_1_7 has 2991 chips
[river] player courage_1_1 checks
[river] player were_1_2 checks
[river] player XinWQNMLGB_1_6 checks
[river] player XinWQNMLGB_1_6 goes all in (0 chips). Total bet is 0
[river] round ends
[SHOWDOWN] showdown starts
[SHOWDOWN] player courage_1_1 shows A club A heart 10 spade A diamond K spade, which is three of a kind.
[SHOWDOWN] player were_1_2 shows A spade A diamond 7 diamond K spade 4 diamond, which is one pair.
[SHOWDOWN] player XinWQNMLGB_1_6 shows 10 spade A diamond 7 diamond K spade 4 diamond, which is high card.
[GAME STAT] pot 0 with 25 chips is shared by 1 players
[GAME STAT] player courage_1_1 gets 25 chips from pot 0
[GAME STAT] pot 1 with 20 chips is shared by 1 players
[GAME STAT] player courage_1_1 gets 20 chips from pot 1
[GAME STAT] pot 2 with 8886 chips is shared by 1 players
[GAME STAT] player courage_1_1 gets 8886 chips from pot 2
[GAME STAT] pot 3 with 52 chips is shared by 1 players
[GAME STAT] player courage_1_1 gets 52 chips from pot 3
[GAME STAT] overall statistics
[GAME STAT] player Mars_1_0 wins -5 chips in this game
[GAME STAT] player courage_1_1 wins 5985 chips in this game
[GAME STAT] player were_1_2 wins -2998 chips in this game
[GAME STAT] player Sister_Lily_1_4 wins -10 chips in this game
[GAME STAT] player The Joker_1_5 wins 0 chips in this game
[GAME STAT] player XinWQNMLGB_1_6 wins -2972 chips in this game
[GAME STAT] player Gaotaku_1_7 wins 0 chips in this game
[GAME 8] game ends, invoking player.game_end()
[GAME 9] game starts
[GAME INFO] number of participants in this game = 6
[GAME INFO] participant: Mars_1_0, chip = 2969
[GAME INFO] participant: courage_1_1, chip = 8983
[GAME INFO] participant: were_1_2, chip = 1525
[GAME INFO] participant: Sister_Lily_1_4, chip = 4532
[GAME INFO] participant: The Joker_1_5, chip = 3000
[GAME INFO] participant: Gaotaku_1_7, chip = 2991
[GAME INFO] blind is 5
[GAME INFO] dealer is Mars_1_0
[GAME INFO] small blind 5 posted by courage_1_1
[GAME INFO] big blind 10 posted by were_1_2
[hole card] 9 heart
[hole card] 10 diamond
[preflop] round starts
[preflop] player Mars_1_0 has 2969 chips
[preflop] player courage_1_1 has 8978 chips
[preflop] player were_1_2 has 1515 chips
[preflop] player Sister_Lily_1_4 has 4532 chips
[preflop] player The Joker_1_5 has 3000 chips
[preflop] player Gaotaku_1_7 has 2991 chips
[preflop] player Sister_Lily_1_4 calls. Total bet is 10
[preflop] action
[WARNING] CANNOT check when another player has raised
[preflop] player The Joker_1_5 folds
[preflop] player Gaotaku_1_7 folds
[preflop] player Mars_1_0 calls. Total bet is 10
[preflop] player courage_1_1 calls. Total bet is 10
[preflop] player were_1_2 calls. Total bet is 10
[flop] 5 club
[flop] Q spade
[flop] 10 heart
[flop] round starts
[flop] player Mars_1_0 has 2959 chips
[flop] player courage_1_1 has 8973 chips
[flop] player were_1_2 has 1515 chips
[flop] player Sister_Lily_1_4 has 4522 chips
[flop] player The Joker_1_5 has 3000 chips
[flop] player Gaotaku_1_7 has 2991 chips
[flop] player courage_1_1 checks
[flop] player were_1_2 checks
[flop] player Sister_Lily_1_4 checks
[flop] player Mars_1_0 checks
[flop] round ends
[turn] 9 spade
[turn] round starts
[turn] player Mars_1_0 has 2959 chips
[turn] player courage_1_1 has 8973 chips
[turn] player were_1_2 has 1515 chips
[turn] player Sister_Lily_1_4 has 4522 chips
[turn] player The Joker_1_5 has 3000 chips
[turn] player Gaotaku_1_7 has 2991 chips
[turn] player courage_1_1 checks
[turn] player were_1_2 checks
[turn] player Sister_Lily_1_4 checks
[turn] player Mars_1_0 checks
[turn] round ends
[river] 8 spade
[river] round starts
[river] player Mars_1_0 has 2959 chips
[river] player courage_1_1 has 8973 chips
[river] player were_1_2 has 1515 chips
[river] player Sister_Lily_1_4 has 4522 chips
[river] player The Joker_1_5 has 3000 chips
[river] player Gaotaku_1_7 has 2991 chips
[river] player courage_1_1 checks
[river] player were_1_2 checks
[river] player Sister_Lily_1_4 checks
[river] player Mars_1_0 checks
[river] round ends
[SHOWDOWN] showdown starts
[SHOWDOWN] player courage_1_1 shows J club Q spade 10 heart 9 spade 8 spade, which is straight.
[SHOWDOWN] player Mars_1_0 shows 9 spade A diamond Q diamond Q spade 10 heart, which is one pair.
[SHOWDOWN] player Sister_Lily_1_4 shows 8 heart Q spade 10 heart 9 spade 8 spade, which is one pair.
[SHOWDOWN] player were_1_2 shows 5 club Q spade 10 heart 9 spade 8 spade, which is high card.
[GAME STAT] pot 0 with 40 chips is shared by 1 players
[GAME STAT] player courage_1_1 gets 40 chips from pot 0
[GAME STAT] overall statistics
[GAME STAT] player Mars_1_0 wins -10 chips in this game
[GAME STAT] player courage_1_1 wins 30 chips in this game
[GAME STAT] player were_1_2 wins -10 chips in this game
[GAME STAT] player Sister_Lily_1_4 wins -10 chips in this game
[GAME STAT] player The Joker_1_5 wins 0 chips in this game
[GAME STAT] player Gaotaku_1_7 wins 0 chips in this game
[GAME 9] game ends, invoking player.game_end()
[GAME 10] game starts
[GAME INFO] number of participants in this game = 6
[GAME INFO] participant: Mars_1_0, chip = 2959
[GAME INFO] participant: courage_1_1, chip = 9013
[GAME INFO] participant: were_1_2, chip = 1515
[GAME INFO] participant: Sister_Lily_1_4, chip = 4522
[GAME INFO] participant: The Joker_1_5, chip = 3000
[GAME INFO] participant: Gaotaku_1_7, chip = 2991
[GAME INFO] blind is 10
[GAME INFO] dealer is courage_1_1
[GAME INFO] small blind 10 posted by were_1_2
[GAME INFO] big blind 20 posted by Sister_Lily_1_4
[hole card] 9 spade
[hole card] 10 spade
[preflop] round starts
[preflop] player Mars_1_0 has 2959 chips
[preflop] player courage_1_1 has 9013 chips
[preflop] player were_1_2 has 1505 chips
[preflop] player Sister_Lily_1_4 has 4502 chips
[preflop] player The Joker_1_5 has 3000 chips
[preflop] player Gaotaku_1_7 has 2991 chips
[preflop] action
[WARNING] CANNOT check when another player has raised
[preflop] player The Joker_1_5 folds
[preflop] player Gaotaku_1_7 folds
[preflop] player Mars_1_0 folds
[preflop] player courage_1_1 folds
[preflop] player were_1_2 calls. Total bet is 20
[preflop] player Sister_Lily_1_4 calls. Total bet is 20
[flop] 6 diamond
[flop] 6 heart
[flop] 10 heart
[flop] round starts
[flop] player Mars_1_0 has 2959 chips
[flop] player courage_1_1 has 9013 chips
[flop] player were_1_2 has 1495 chips
[flop] player Sister_Lily_1_4 has 4502 chips
[flop] player The Joker_1_5 has 3000 chips
[flop] player Gaotaku_1_7 has 2991 chips
[flop] player were_1_2 checks
[flop] player Sister_Lily_1_4 checks
[flop] round ends
[turn] 9 heart
[turn] round starts
[turn] player Mars_1_0 has 2959 chips
[turn] player courage_1_1 has 9013 chips
[turn] player were_1_2 has 1495 chips
[turn] player Sister_Lily_1_4 has 4502 chips
[turn] player The Joker_1_5 has 3000 chips
[turn] player Gaotaku_1_7 has 2991 chips
[turn] player were_1_2 checks
[turn] player Sister_Lily_1_4 checks
[turn] round ends
[river] 10 club
[river] round starts
[river] player Mars_1_0 has 2959 chips
[river] player courage_1_1 has 9013 chips
[river] player were_1_2 has 1495 chips
[river] player Sister_Lily_1_4 has 4502 chips
[river] player The Joker_1_5 has 3000 chips
[river] player Gaotaku_1_7 has 2991 chips
[river] player were_1_2 goes all in (1495 chips). Total bet is 1495
[river] player Sister_Lily_1_4 calls. Total bet is 1495
[SHOWDOWN] showdown starts
[SHOWDOWN] player Sister_Lily_1_4 shows 6 diamond 6 heart 10 heart 9 heart 10 club, which is two pair.
[SHOWDOWN] player were_1_2 shows 7 diamond 6 diamond 6 heart 10 heart 10 club, which is two pair.
[GAME STAT] pot 0 with 3030 chips is shared by 1 players
[GAME STAT] player Sister_Lily_1_4 gets 3030 chips from pot 0
[GAME STAT] overall statistics
[GAME STAT] player Mars_1_0 wins 0 chips in this game
[GAME STAT] player courage_1_1 wins 0 chips in this game
[GAME STAT] player were_1_2 wins -1515 chips in this game
[GAME STAT] player Sister_Lily_1_4 wins 1515 chips in this game
[GAME STAT] player The Joker_1_5 wins 0 chips in this game
[GAME STAT] player Gaotaku_1_7 wins 0 chips in this game
[GAME 10] game ends, invoking player.game_end()
[GAME 11] game starts
[GAME INFO] number of participants in this game = 5
[GAME INFO] participant: Mars_1_0, chip = 2959
[GAME INFO] participant: courage_1_1, chip = 9013
[GAME INFO] participant: Sister_Lily_1_4, chip = 6037
[GAME INFO] participant: The Joker_1_5, chip = 3000
[GAME INFO] participant: Gaotaku_1_7, chip = 2991
[GAME INFO] blind is 10
[GAME INFO] dealer is Sister_Lily_1_4
[GAME INFO] small blind 10 posted by The Joker_1_5
[GAME INFO] big blind 20 posted by Gaotaku_1_7
[hole card] 6 diamond
[hole card] 7 club
[preflop] round starts
[preflop] player Mars_1_0 has 2959 chips
[preflop] player courage_1_1 has 9013 chips
[preflop] player Sister_Lily_1_4 has 6037 chips
[preflop] player The Joker_1_5 has 2990 chips
[preflop] player Gaotaku_1_7 has 2971 chips
[preflop] player Mars_1_0 calls. Total bet is 20
[preflop] player courage_1_1 folds
[preflop] player Sister_Lily_1_4 calls. Total bet is 20
[preflop] action
[WARNING] CANNOT check when another player has raised
[preflop] player The Joker_1_5 folds
[preflop] player Gaotaku_1_7 folds
[flop] A diamond
[flop] 2 club
[flop] J diamond
[flop] round starts
[flop] player Mars_1_0 has 2939 chips
[flop] player courage_1_1 has 9013 chips
[flop] player Sister_Lily_1_4 has 6017 chips
[flop] player The Joker_1_5 has 2990 chips
[flop] player Gaotaku_1_7 has 2971 chips
[flop] player Mars_1_0 checks
[flop] player Sister_Lily_1_4 checks
[flop] round ends
[turn] Q heart
[turn] round starts
[turn] player Mars_1_0 has 2939 chips
[turn] player courage_1_1 has 9013 chips
[turn] player Sister_Lily_1_4 has 6017 chips
[turn] player The Joker_1_5 has 2990 chips
[turn] player Gaotaku_1_7 has 2971 chips
[turn] player Mars_1_0 checks
[turn] player Sister_Lily_1_4 checks
[turn] round ends
[river] 2 heart
[river] round starts
[river] player Mars_1_0 has 2939 chips
[river] player courage_1_1 has 9013 chips
[river] player Sister_Lily_1_4 has 6017 chips
[river] player The Joker_1_5 has 2990 chips
[river] player Gaotaku_1_7 has 2971 chips
[river] player Mars_1_0 checks
[river] player Sister_Lily_1_4 checks
[river] round ends
[SHOWDOWN] showdown starts
[SHOWDOWN] player Mars_1_0 shows 2 club 2 heart A diamond K club Q heart, which is one pair.
[SHOWDOWN] player Sister_Lily_1_4 shows A diamond 2 club J diamond Q heart 2 heart, which is one pair.
[GAME STAT] pot 0 with 40 chips is shared by 1 players
[GAME STAT] player Mars_1_0 gets 40 chips from pot 0
[GAME STAT] pot 1 with 30 chips is shared by 1 players
[GAME STAT] player Mars_1_0 gets 30 chips from pot 1
[GAME STAT] overall statistics
[GAME STAT] player Mars_1_0 wins 50 chips in this game
[GAME STAT] player courage_1_1 wins 0 chips in this game
[GAME STAT] player Sister_Lily_1_4 wins -20 chips in this game
[GAME STAT] player The Joker_1_5 wins -10 chips in this game
[GAME STAT] player Gaotaku_1_7 wins -20 chips in this game
[GAME 11] game ends, invoking player.game_end()
[GAME 12] game starts
[GAME INFO] number of participants in this game = 5
[GAME INFO] participant: Mars_1_0, chip = 3009
[GAME INFO] participant: courage_1_1, chip = 9013
[GAME INFO] participant: Sister_Lily_1_4, chip = 6017
[GAME INFO] participant: The Joker_1_5, chip = 2990
[GAME INFO] participant: Gaotaku_1_7, chip = 2971
[GAME INFO] blind is 10
[GAME INFO] dealer is The Joker_1_5
[GAME INFO] small blind 10 posted by Gaotaku_1_7
[GAME INFO] big blind 20 posted by Mars_1_0
[hole card] 2 club
[hole card] 6 spade
[preflop] round starts
[preflop] player Mars_1_0 has 2989 chips
[preflop] player courage_1_1 has 9013 chips
[preflop] player Sister_Lily_1_4 has 6017 chips
[preflop] player The Joker_1_5 has 2990 chips
[preflop] player Gaotaku_1_7 has 2961 chips
[preflop] player courage_1_1 folds
[preflop] player Sister_Lily_1_4 calls. Total bet is 20
[preflop] action
[WARNING] CANNOT check when another player has raised
[preflop] player The Joker_1_5 folds
[preflop] player Gaotaku_1_7 folds
[preflop] player Mars_1_0 calls. Total bet is 20
[flop] 5 spade
[flop] 4 diamond
[flop] K diamond
[flop] round starts
[flop] player Mars_1_0 has 2989 chips
[flop] player courage_1_1 has 9013 chips
[flop] player Sister_Lily_1_4 has 5997 chips
[flop] player The Joker_1_5 has 2990 chips
[flop] player Gaotaku_1_7 has 2961 chips
[flop] player Mars_1_0 checks
[flop] player Sister_Lily_1_4 checks
[flop] round ends
[turn] 10 heart
[turn] round starts
[turn] player Mars_1_0 has 2989 chips
[turn] player courage_1_1 has 9013 chips
[turn] player Sister_Lily_1_4 has 5997 chips
[turn] player The Joker_1_5 has 2990 chips
[turn] player Gaotaku_1_7 has 2961 chips
[turn] player Mars_1_0 checks
[turn] player Sister_Lily_1_4 checks
[turn] round ends
[river] A heart
[river] round starts
[river] player Mars_1_0 has 2989 chips
[river] player courage_1_1 has 9013 chips
[river] player Sister_Lily_1_4 has 5997 chips
[river] player The Joker_1_5 has 2990 chips
[river] player Gaotaku_1_7 has 2961 chips
[river] player Mars_1_0 checks
[river] player Sister_Lily_1_4 checks
[river] round ends
[SHOWDOWN] showdown starts
[SHOWDOWN] player Sister_Lily_1_4 shows Q spade 9 spade K diamond 10 heart A heart, which is high card.
[SHOWDOWN] player Mars_1_0 shows 5 spade 9 diamond A heart K diamond 10 heart, which is high card.
[GAME STAT] pot 0 with 30 chips is shared by 1 players
[GAME STAT] player Sister_Lily_1_4 gets 30 chips from pot 0
[GAME STAT] pot 1 with 20 chips is shared by 1 players
[GAME STAT] player Sister_Lily_1_4 gets 20 chips from pot 1
[GAME STAT] overall statistics
[GAME STAT] player Mars_1_0 wins -20 chips in this game
[GAME STAT] player courage_1_1 wins 0 chips in this game
[GAME STAT] player Sister_Lily_1_4 wins 30 chips in this game
[GAME STAT] player The Joker_1_5 wins 0 chips in this game
[GAME STAT] player Gaotaku_1_7 wins -10 chips in this game
[GAME 12] game ends, invoking player.game_end()
[GAME 13] game starts
[GAME INFO] number of participants in this game = 5
[GAME INFO] participant: Mars_1_0, chip = 2989
[GAME INFO] participant: courage_1_1, chip = 9013
[GAME INFO] participant: Sister_Lily_1_4, chip = 6047
[GAME INFO] participant: The Joker_1_5, chip = 2990
[GAME INFO] participant: Gaotaku_1_7, chip = 2961
[GAME INFO] blind is 20
[GAME INFO] dealer is Gaotaku_1_7
[GAME INFO] small blind 20 posted by Mars_1_0
[GAME INFO] big blind 40 posted by courage_1_1
[hole card] J spade
[hole card] 3 spade
[preflop] round starts
[preflop] player Mars_1_0 has 2969 chips
[preflop] player courage_1_1 has 8973 chips
[preflop] player Sister_Lily_1_4 has 6047 chips
[preflop] player The Joker_1_5 has 2990 chips
[preflop] player Gaotaku_1_7 has 2961 chips
[preflop] player Sister_Lily_1_4 calls. Total bet is 40
[preflop] action
[WARNING] CANNOT check when another player has raised
[preflop] player The Joker_1_5 folds
[preflop] player Gaotaku_1_7 folds
[preflop] player Mars_1_0 folds
[preflop] player courage_1_1 calls. Total bet is 40
[flop] A heart
[flop] Q club
[flop] 5 heart
[flop] round starts
[flop] player Mars_1_0 has 2969 chips
[flop] player courage_1_1 has 8973 chips
[flop] player Sister_Lily_1_4 has 6007 chips
[flop] player The Joker_1_5 has 2990 chips
[flop] player Gaotaku_1_7 has 2961 chips
[flop] player courage_1_1 checks
[flop] player Sister_Lily_1_4 checks
[flop] round ends
[turn] Q heart
[turn] round starts
[turn] player Mars_1_0 has 2969 chips
[turn] player courage_1_1 has 8973 chips
[turn] player Sister_Lily_1_4 has 6007 chips
[turn] player The Joker_1_5 has 2990 chips
[turn] player Gaotaku_1_7 has 2961 chips
[turn] player courage_1_1 checks
[turn] player Sister_Lily_1_4 checks
[turn] round ends
[river] Q diamond
[river] round starts
[river] player Mars_1_0 has 2969 chips
[river] player courage_1_1 has 8973 chips
[river] player Sister_Lily_1_4 has 6007 chips
[river] player The Joker_1_5 has 2990 chips
[river] player Gaotaku_1_7 has 2961 chips
[river] player courage_1_1 checks
[river] player Sister_Lily_1_4 goes all in (6007 chips). Total bet is 6007
[river] player courage_1_1 folds
[GAME STAT] pot 0 with 60 chips is shared by 1 players
[GAME STAT] player Sister_Lily_1_4 gets 60 chips from pot 0
[GAME STAT] pot 1 with 40 chips is shared by 1 players
[GAME STAT] player Sister_Lily_1_4 gets 40 chips from pot 1
[GAME STAT] pot 2 with 6007 chips is shared by 1 players
[GAME STAT] player Sister_Lily_1_4 gets 6007 chips from pot 2
[GAME STAT] overall statistics
[GAME STAT] player Mars_1_0 wins -20 chips in this game
[GAME STAT] player courage_1_1 wins -40 chips in this game
[GAME STAT] player Sister_Lily_1_4 wins 60 chips in this game
[GAME STAT] player The Joker_1_5 wins 0 chips in this game
[GAME STAT] player Gaotaku_1_7 wins 0 chips in this game
[GAME 13] game ends, invoking player.game_end()
[GAME 14] game starts
[GAME INFO] number of participants in this game = 5
[GAME INFO] participant: Mars_1_0, chip = 2969
[GAME INFO] participant: courage_1_1, chip = 8973
[GAME INFO] participant: Sister_Lily_1_4, chip = 6107
[GAME INFO] participant: The Joker_1_5, chip = 2990
[GAME INFO] participant: Gaotaku_1_7, chip = 2961
[GAME INFO] blind is 20
[GAME INFO] dealer is Mars_1_0
[GAME INFO] small blind 20 posted by courage_1_1
[GAME INFO] big blind 40 posted by Sister_Lily_1_4
[hole card] Q diamond
[hole card] 10 club
[preflop] round starts
[preflop] player Mars_1_0 has 2969 chips
[preflop] player courage_1_1 has 8953 chips
[preflop] player Sister_Lily_1_4 has 6067 chips
[preflop] player The Joker_1_5 has 2990 chips
[preflop] player Gaotaku_1_7 has 2961 chips
[preflop] action
[WARNING] CANNOT check when another player has raised
[preflop] player The Joker_1_5 folds
[preflop] player Gaotaku_1_7 folds
[preflop] player Mars_1_0 folds
[preflop] player courage_1_1 folds
[GAME STAT] pot 0 with 40 chips is shared by 1 players
[GAME STAT] player Sister_Lily_1_4 gets 40 chips from pot 0
[GAME STAT] pot 1 with 20 chips is shared by 1 players
[GAME STAT] player Sister_Lily_1_4 gets 20 chips from pot 1
[GAME STAT] overall statistics
[GAME STAT] player Mars_1_0 wins 0 chips in this game
[GAME STAT] player courage_1_1 wins -20 chips in this game
[GAME STAT] player Sister_Lily_1_4 wins 20 chips in this game
[GAME STAT] player The Joker_1_5 wins 0 chips in this game
[GAME STAT] player Gaotaku_1_7 wins 0 chips in this game
[GAME 14] game ends, invoking player.game_end()
[GAME 15] game starts
[GAME INFO] number of participants in this game = 5
[GAME INFO] participant: Mars_1_0, chip = 2969
[GAME INFO] participant: courage_1_1, chip = 8953
[GAME INFO] participant: Sister_Lily_1_4, chip = 6127
[GAME INFO] participant: The Joker_1_5, chip = 2990
[GAME INFO] participant: Gaotaku_1_7, chip = 2961
[GAME INFO] blind is 20
[GAME INFO] dealer is courage_1_1
[GAME INFO] small blind 20 posted by Sister_Lily_1_4
[GAME INFO] big blind 40 posted by The Joker_1_5
[hole card] J spade
[hole card] 7 club
[preflop] round starts
[preflop] player Mars_1_0 has 2969 chips
[preflop] player courage_1_1 has 8953 chips
[preflop] player Sister_Lily_1_4 has 6107 chips
[preflop] player The Joker_1_5 has 2950 chips
[preflop] player Gaotaku_1_7 has 2961 chips
[preflop] player Gaotaku_1_7 folds
[preflop] player Mars_1_0 calls. Total bet is 40
[preflop] player courage_1_1 folds
[preflop] player Sister_Lily_1_4 calls. Total bet is 40
[preflop] action
[preflop] call (0 chips). 
[preflop] player The Joker_1_5 calls. Total bet is 40
[flop] 9 diamond
[flop] 6 spade
[flop] J heart
[flop] round starts
[flop] player Mars_1_0 has 2929 chips
[flop] player courage_1_1 has 8953 chips
[flop] player Sister_Lily_1_4 has 6087 chips
[flop] player The Joker_1_5 has 2950 chips
[flop] player Gaotaku_1_7 has 2961 chips
[flop] player Sister_Lily_1_4 checks
[flop] action
[flop] check
[flop] player The Joker_1_5 checks
[flop] player Mars_1_0 checks
[flop] round ends
[turn] 2 heart
[turn] round starts
[turn] player Mars_1_0 has 2929 chips
[turn] player courage_1_1 has 8953 chips
[turn] player Sister_Lily_1_4 has 6087 chips
[turn] player The Joker_1_5 has 2950 chips
[turn] player Gaotaku_1_7 has 2961 chips
[turn] player Sister_Lily_1_4 checks
[turn] action
[turn] check
[turn] player The Joker_1_5 checks
[turn] player Mars_1_0 checks
[turn] round ends
[river] 7 diamond
[river] round starts
[river] player Mars_1_0 has 2929 chips
[river] player courage_1_1 has 8953 chips
[river] player Sister_Lily_1_4 has 6087 chips
[river] player The Joker_1_5 has 2950 chips
[river] player Gaotaku_1_7 has 2961 chips
[river] player Sister_Lily_1_4 checks
[river] action
[river] check
[river] player The Joker_1_5 checks
[river] player Mars_1_0 checks
[river] round ends
[SHOWDOWN] showdown starts
[SHOWDOWN] showdown
[SHOWDOWN] 9 diamond J heart 7 diamond J spade 7 club
[SHOWDOWN] player The Joker_1_5 shows 9 diamond J heart 7 diamond J spade 7 club, which is two pair.
[SHOWDOWN] player Sister_Lily_1_4 shows 2 diamond 9 diamond J heart 2 heart 7 diamond, which is one pair.
[SHOWDOWN] player Mars_1_0 shows 6 spade 7 diamond 9 diamond J heart 10 diamond, which is high card.
[GAME STAT] pot 0 with 120 chips is shared by 1 players
[GAME STAT] player The Joker_1_5 gets 120 chips from pot 0
[GAME STAT] overall statistics
[GAME STAT] player Mars_1_0 wins -40 chips in this game
[GAME STAT] player courage_1_1 wins 0 chips in this game
[GAME STAT] player Sister_Lily_1_4 wins -40 chips in this game
[GAME STAT] player The Joker_1_5 wins 80 chips in this game
[GAME STAT] player Gaotaku_1_7 wins 0 chips in this game
[GAME 15] game ends, invoking player.game_end()
[GAME 16] game starts
[GAME INFO] number of participants in this game = 5
[GAME INFO] participant: Mars_1_0, chip = 2929
[GAME INFO] participant: courage_1_1, chip = 8953
[GAME INFO] participant: Sister_Lily_1_4, chip = 6087
[GAME INFO] participant: The Joker_1_5, chip = 3070
[GAME INFO] participant: Gaotaku_1_7, chip = 2961
[GAME INFO] blind is 50
[GAME INFO] dealer is Sister_Lily_1_4
[GAME INFO] small blind 50 posted by The Joker_1_5
[GAME INFO] big blind 100 posted by Gaotaku_1_7
[hole card] K spade
[hole card] 5 diamond
[preflop] round starts
[preflop] player Mars_1_0 has 2929 chips
[preflop] player courage_1_1 has 8953 chips
[preflop] player Sister_Lily_1_4 has 6087 chips
[preflop] player The Joker_1_5 has 3020 chips
[preflop] player Gaotaku_1_7 has 2861 chips
[preflop] player Mars_1_0 calls. Total bet is 100
[preflop] player courage_1_1 folds
[preflop] player Sister_Lily_1_4 goes all in (6087 chips). Total bet is 6087
[preflop] action
[WARNING] CANNOT check when another player has raised
[preflop] player The Joker_1_5 folds
[preflop] player Gaotaku_1_7 folds
[preflop] player Mars_1_0 folds
[GAME STAT] pot 0 with 200 chips is shared by 1 players
[GAME STAT] player Sister_Lily_1_4 gets 200 chips from pot 0
[GAME STAT] pot 1 with 150 chips is shared by 1 players
[GAME STAT] player Sister_Lily_1_4 gets 150 chips from pot 1
[GAME STAT] pot 2 with 5987 chips is shared by 1 players
[GAME STAT] player Sister_Lily_1_4 gets 5987 chips from pot 2
[GAME STAT] overall statistics
[GAME STAT] player Mars_1_0 wins -100 chips in this game
[GAME STAT] player courage_1_1 wins 0 chips in this game
[GAME STAT] player Sister_Lily_1_4 wins 250 chips in this game
[GAME STAT] player The Joker_1_5 wins -50 chips in this game
[GAME STAT] player Gaotaku_1_7 wins -100 chips in this game
[GAME 16] game ends, invoking player.game_end()
[GAME 17] game starts
[GAME INFO] number of participants in this game = 5
[GAME INFO] participant: Mars_1_0, chip = 2829
[GAME INFO] participant: courage_1_1, chip = 8953
[GAME INFO] participant: Sister_Lily_1_4, chip = 6337
[GAME INFO] participant: The Joker_1_5, chip = 3020
[GAME INFO] participant: Gaotaku_1_7, chip = 2861
[GAME INFO] blind is 50
[GAME INFO] dealer is The Joker_1_5
[GAME INFO] small blind 50 posted by Gaotaku_1_7
[GAME INFO] big blind 100 posted by Mars_1_0
[hole card] A heart
[hole card] 8 club
[preflop] round starts
[preflop] player Mars_1_0 has 2729 chips
[preflop] player courage_1_1 has 8953 chips
[preflop] player Sister_Lily_1_4 has 6337 chips
[preflop] player The Joker_1_5 has 3020 chips
[preflop] player Gaotaku_1_7 has 2811 chips
[preflop] player courage_1_1 folds
[preflop] player Sister_Lily_1_4 calls. Total bet is 100
[preflop] action
[WARNING] CANNOT check when another player has raised
[preflop] player The Joker_1_5 folds
[preflop] player Gaotaku_1_7 calls. Total bet is 100
[preflop] player Mars_1_0 calls. Total bet is 100
[flop] 6 heart
[flop] 2 club
[flop] 6 spade
[flop] round starts
[flop] player Mars_1_0 has 2729 chips
[flop] player courage_1_1 has 8953 chips
[flop] player Sister_Lily_1_4 has 6237 chips
[flop] player The Joker_1_5 has 3020 chips
[flop] player Gaotaku_1_7 has 2761 chips
[flop] player Gaotaku_1_7 checks
[flop] player Mars_1_0 checks
[flop] player Sister_Lily_1_4 checks
[flop] round ends
[turn] 5 club
[turn] round starts
[turn] player Mars_1_0 has 2729 chips
[turn] player courage_1_1 has 8953 chips
[turn] player Sister_Lily_1_4 has 6237 chips
[turn] player The Joker_1_5 has 3020 chips
[turn] player Gaotaku_1_7 has 2761 chips
[turn] player Gaotaku_1_7 checks
[turn] player Mars_1_0 checks
[turn] player Sister_Lily_1_4 checks
[turn] round ends
[river] Q club
[river] round starts
[river] player Mars_1_0 has 2729 chips
[river] player courage_1_1 has 8953 chips
[river] player Sister_Lily_1_4 has 6237 chips
[river] player The Joker_1_5 has 3020 chips
[river] player Gaotaku_1_7 has 2761 chips
[river] player Gaotaku_1_7 checks
[river] player Mars_1_0 checks
[river] player Sister_Lily_1_4 checks
[river] round ends
[SHOWDOWN] showdown starts
[SHOWDOWN] player Gaotaku_1_7 shows A diamond A spade 6 spade 6 heart Q club, which is two pair.
[SHOWDOWN] player Sister_Lily_1_4 shows 5 spade 6 heart 6 spade 5 club Q club, which is two pair.
[SHOWDOWN] player Mars_1_0 shows 5 club 6 heart 6 spade 9 diamond Q club, which is one pair.
[GAME STAT] pot 0 with 300 chips is shared by 1 players
[GAME STAT] player Gaotaku_1_7 gets 300 chips from pot 0
[GAME STAT] overall statistics
[GAME STAT] player Mars_1_0 wins -100 chips in this game
[GAME STAT] player courage_1_1 wins 0 chips in this game
[GAME STAT] player Sister_Lily_1_4 wins -100 chips in this game
[GAME STAT] player The Joker_1_5 wins 0 chips in this game
[GAME STAT] player Gaotaku_1_7 wins 200 chips in this game
[GAME 17] game ends, invoking player.game_end()
[GAME 18] game starts
[GAME INFO] number of participants in this game = 5
[GAME INFO] participant: Mars_1_0, chip = 2729
[GAME INFO] participant: courage_1_1, chip = 8953
[GAME INFO] participant: Sister_Lily_1_4, chip = 6237
[GAME INFO] participant: The Joker_1_5, chip = 3020
[GAME INFO] participant: Gaotaku_1_7, chip = 3061
[GAME INFO] blind is 50
[GAME INFO] dealer is Gaotaku_1_7
[GAME INFO] small blind 50 posted by Mars_1_0
[GAME INFO] big blind 100 posted by courage_1_1
[hole card] J diamond
[hole card] 9 heart
[preflop] round starts
[preflop] player Mars_1_0 has 2679 chips
[preflop] player courage_1_1 has 8853 chips
[preflop] player Sister_Lily_1_4 has 6237 chips
[preflop] player The Joker_1_5 has 3020 chips
[preflop] player Gaotaku_1_7 has 3061 chips
[preflop] player Sister_Lily_1_4 calls. Total bet is 100
[preflop] action
[WARNING] CANNOT check when another player has raised
[preflop] player The Joker_1_5 folds
[preflop] player Gaotaku_1_7 folds
[preflop] player Mars_1_0 calls. Total bet is 100
[preflop] player courage_1_1 calls. Total bet is 100
[flop] 2 club
[flop] 3 spade
[flop] Q spade
[flop] round starts
[flop] player Mars_1_0 has 2629 chips
[flop] player courage_1_1 has 8853 chips
[flop] player Sister_Lily_1_4 has 6137 chips
[flop] player The Joker_1_5 has 3020 chips
[flop] player Gaotaku_1_7 has 3061 chips
[flop] player Mars_1_0 checks
[flop] player courage_1_1 checks
[flop] player Sister_Lily_1_4 checks
[flop] round ends
[turn] 10 club
[turn] round starts
[turn] player Mars_1_0 has 2629 chips
[turn] player courage_1_1 has 8853 chips
[turn] player Sister_Lily_1_4 has 6137 chips
[turn] player The Joker_1_5 has 3020 chips
[turn] player Gaotaku_1_7 has 3061 chips
[turn] player Mars_1_0 checks
[turn] player courage_1_1 checks
[turn] player Sister_Lily_1_4 checks
[turn] round ends
[river] 7 heart
[river] round starts
[river] player Mars_1_0 has 2629 chips
[river] player courage_1_1 has 8853 chips
[river] player Sister_Lily_1_4 has 6137 chips
[river] player The Joker_1_5 has 3020 chips
[river] player Gaotaku_1_7 has 3061 chips
[river] player Mars_1_0 checks
[river] player courage_1_1 checks
[river] player Sister_Lily_1_4 checks
[river] round ends
[SHOWDOWN] showdown starts
[SHOWDOWN] player courage_1_1 shows 5 club 7 spade Q spade 10 club 7 heart, which is one pair.
[SHOWDOWN] player Mars_1_0 shows 7 heart 8 heart J spade Q spade 10 club, which is high card.
[SHOWDOWN] player Sister_Lily_1_4 shows 6 club 8 club Q spade 10 club 7 heart, which is high card.
[GAME STAT] pot 0 with 300 chips is shared by 1 players
[GAME STAT] player courage_1_1 gets 300 chips from pot 0
[GAME STAT] overall statistics
[GAME STAT] player Mars_1_0 wins -100 chips in this game
[GAME STAT] player courage_1_1 wins 200 chips in this game
[GAME STAT] player Sister_Lily_1_4 wins -100 chips in this game
[GAME STAT] player The Joker_1_5 wins 0 chips in this game
[GAME STAT] player Gaotaku_1_7 wins 0 chips in this game
[GAME 18] game ends, invoking player.game_end()
[GAME 19] game starts
[GAME INFO] number of participants in this game = 5
[GAME INFO] participant: Mars_1_0, chip = 2629
[GAME INFO] participant: courage_1_1, chip = 9153
[GAME INFO] participant: Sister_Lily_1_4, chip = 6137
[GAME INFO] participant: The Joker_1_5, chip = 3020
[GAME INFO] participant: Gaotaku_1_7, chip = 3061
[GAME INFO] blind is 100
[GAME INFO] dealer is Mars_1_0
[GAME INFO] small blind 100 posted by courage_1_1
[GAME INFO] big blind 200 posted by Sister_Lily_1_4
[hole card] J diamond
[hole card] 7 heart
[preflop] round starts
[preflop] player Mars_1_0 has 2629 chips
[preflop] player courage_1_1 has 9053 chips
[preflop] player Sister_Lily_1_4 has 5937 chips
[preflop] player The Joker_1_5 has 3020 chips
[preflop] player Gaotaku_1_7 has 3061 chips
[preflop] action
[WARNING] CANNOT check when another player has raised
[preflop] player The Joker_1_5 folds
[preflop] player Gaotaku_1_7 folds
[preflop] player Mars_1_0 folds
[preflop] player courage_1_1 folds
[GAME STAT] pot 0 with 200 chips is shared by 1 players
[GAME STAT] player Sister_Lily_1_4 gets 200 chips from pot 0
[GAME STAT] pot 1 with 100 chips is shared by 1 players
[GAME STAT] player Sister_Lily_1_4 gets 100 chips from pot 1
[GAME STAT] overall statistics
[GAME STAT] player Mars_1_0 wins 0 chips in this game
[GAME STAT] player courage_1_1 wins -100 chips in this game
[GAME STAT] player Sister_Lily_1_4 wins 100 chips in this game
[GAME STAT] player The Joker_1_5 wins 0 chips in this game
[GAME STAT] player Gaotaku_1_7 wins 0 chips in this game
[GAME 19] game ends, invoking player.game_end()
[GAME 20] game starts
[GAME INFO] number of participants in this game = 5
[GAME INFO] participant: Mars_1_0, chip = 2629
[GAME INFO] participant: courage_1_1, chip = 9053
[GAME INFO] participant: Sister_Lily_1_4, chip = 6237
[GAME INFO] participant: The Joker_1_5, chip = 3020
[GAME INFO] participant: Gaotaku_1_7, chip = 3061
[GAME INFO] blind is 100
[GAME INFO] dealer is courage_1_1
[GAME INFO] small blind 100 posted by Sister_Lily_1_4
[GAME INFO] big blind 200 posted by The Joker_1_5
[hole card] 9 diamond
[hole card] 10 heart
[preflop] round starts
[preflop] player Mars_1_0 has 2629 chips
[preflop] player courage_1_1 has 9053 chips
[preflop] player Sister_Lily_1_4 has 6137 chips
[preflop] player The Joker_1_5 has 2820 chips
[preflop] player Gaotaku_1_7 has 3061 chips
[preflop] player Gaotaku_1_7 calls. Total bet is 200
[preflop] player Mars_1_0 calls. Total bet is 200
[preflop] player courage_1_1 folds
[preflop] player Sister_Lily_1_4 calls. Total bet is 200
[preflop] action
[preflop] call (0 chips). 
[preflop] player The Joker_1_5 calls. Total bet is 200
[flop] J spade
[flop] 7 heart
[flop] 3 club
[flop] round starts
[flop] player Mars_1_0 has 2429 chips
[flop] player courage_1_1 has 9053 chips
[flop] player Sister_Lily_1_4 has 6037 chips
[flop] player The Joker_1_5 has 2820 chips
[flop] player Gaotaku_1_7 has 2861 chips
[flop] player Sister_Lily_1_4 checks
[flop] action
[flop] check
[flop] player The Joker_1_5 checks
[flop] player Gaotaku_1_7 checks
[flop] player Mars_1_0 checks
[flop] round ends
[turn] 8 heart
[turn] round starts
[turn] player Mars_1_0 has 2429 chips
[turn] player courage_1_1 has 9053 chips
[turn] player Sister_Lily_1_4 has 6037 chips
[turn] player The Joker_1_5 has 2820 chips
[turn] player Gaotaku_1_7 has 2861 chips
[turn] player Sister_Lily_1_4 checks
[turn] action
[turn] check
[turn] player The Joker_1_5 checks
[turn] player Gaotaku_1_7 folds
[turn] player Mars_1_0 checks
[turn] round ends
[river] Q club
[river] round starts
[river] player Mars_1_0 has 2429 chips
[river] player courage_1_1 has 9053 chips
[river] player Sister_Lily_1_4 has 6037 chips
[river] player The Joker_1_5 has 2820 chips
[river] player Gaotaku_1_7 has 2861 chips
[river] player Sister_Lily_1_4 checks
[river] action
[river] raise 980 (980 chips).
[river] player The Joker_1_5 raises 980. Total bet is 980
[river] player Mars_1_0 folds
[river] player Sister_Lily_1_4 folds
[GAME STAT] pot 0 with 800 chips is shared by 1 players
[GAME STAT] player The Joker_1_5 gets 800 chips from pot 0
[GAME STAT] pot 1 with 980 chips is shared by 1 players
[GAME STAT] player The Joker_1_5 gets 980 chips from pot 1
[GAME STAT] overall statistics
[GAME STAT] player Mars_1_0 wins -200 chips in this game
[GAME STAT] player courage_1_1 wins 0 chips in this game
[GAME STAT] player Sister_Lily_1_4 wins -200 chips in this game
[GAME STAT] player The Joker_1_5 wins 600 chips in this game
[GAME STAT] player Gaotaku_1_7 wins -200 chips in this game
[GAME 20] game ends, invoking player.game_end()
[GAME 21] game starts
[GAME INFO] number of participants in this game = 5
[GAME INFO] participant: Mars_1_0, chip = 2429
[GAME INFO] participant: courage_1_1, chip = 9053
[GAME INFO] participant: Sister_Lily_1_4, chip = 6037
[GAME INFO] participant: The Joker_1_5, chip = 3620
[GAME INFO] participant: Gaotaku_1_7, chip = 2861
[GAME INFO] blind is 100
[GAME INFO] dealer is Sister_Lily_1_4
[GAME INFO] small blind 100 posted by The Joker_1_5
[GAME INFO] big blind 200 posted by Gaotaku_1_7
[hole card] K spade
[hole card] J club
[preflop] round starts
[preflop] player Mars_1_0 has 2429 chips
[preflop] player courage_1_1 has 9053 chips
[preflop] player Sister_Lily_1_4 has 6037 chips
[preflop] player The Joker_1_5 has 3520 chips
[preflop] player Gaotaku_1_7 has 2661 chips
[preflop] player Mars_1_0 calls. Total bet is 200
[preflop] player courage_1_1 folds
[preflop] player Sister_Lily_1_4 calls. Total bet is 200
[preflop] action
[WARNING] CANNOT check when another player has raised
[preflop] player The Joker_1_5 folds
[preflop] player Gaotaku_1_7 folds
[flop] 7 club
[flop] 8 spade
[flop] K heart
[flop] round starts
[flop] player Mars_1_0 has 2229 chips
[flop] player courage_1_1 has 9053 chips
[flop] player Sister_Lily_1_4 has 5837 chips
[flop] player The Joker_1_5 has 3520 chips
[flop] player Gaotaku_1_7 has 2661 chips
[flop] player Mars_1_0 checks
[flop] player Sister_Lily_1_4 checks
[flop] round ends
[turn] 7 diamond
[turn] round starts
[turn] player Mars_1_0 has 2229 chips
[turn] player courage_1_1 has 9053 chips
[turn] player Sister_Lily_1_4 has 5837 chips
[turn] player The Joker_1_5 has 3520 chips
[turn] player Gaotaku_1_7 has 2661 chips
[turn] player Mars_1_0 checks
[turn] player Sister_Lily_1_4 checks
[turn] round ends
[river] 10 heart
[river] round starts
[river] player Mars_1_0 has 2229 chips
[river] player courage_1_1 has 9053 chips
[river] player Sister_Lily_1_4 has 5837 chips
[river] player The Joker_1_5 has 3520 chips
[river] player Gaotaku_1_7 has 2661 chips
[river] player Mars_1_0 checks
[river] player Sister_Lily_1_4 checks
[river] round ends
[SHOWDOWN] showdown starts
[SHOWDOWN] player Mars_1_0 shows 7 club 7 diamond J spade K heart 10 heart, which is one pair.
[SHOWDOWN] player Sister_Lily_1_4 shows 7 club 8 spade K heart 7 diamond 10 heart, which is one pair.
[GAME STAT] pot 0 with 400 chips is shared by 1 players
[GAME STAT] player Mars_1_0 gets 400 chips from pot 0
[GAME STAT] pot 1 with 300 chips is shared by 1 players
[GAME STAT] player Mars_1_0 gets 300 chips from pot 1
[GAME STAT] overall statistics
[GAME STAT] player Mars_1_0 wins 500 chips in this game
[GAME STAT] player courage_1_1 wins 0 chips in this game
[GAME STAT] player Sister_Lily_1_4 wins -200 chips in this game
[GAME STAT] player The Joker_1_5 wins -100 chips in this game
[GAME STAT] player Gaotaku_1_7 wins -200 chips in this game
[GAME 21] game ends, invoking player.game_end()
[GAME 22] game starts
[GAME INFO] number of participants in this game = 5
[GAME INFO] participant: Mars_1_0, chip = 2929
[GAME INFO] participant: courage_1_1, chip = 9053
[GAME INFO] participant: Sister_Lily_1_4, chip = 5837
[GAME INFO] participant: The Joker_1_5, chip = 3520
[GAME INFO] participant: Gaotaku_1_7, chip = 2661
[GAME INFO] blind is 200
[GAME INFO] dealer is The Joker_1_5
[GAME INFO] small blind 200 posted by Gaotaku_1_7
[GAME INFO] big blind 400 posted by Mars_1_0
[hole card] 4 spade
[hole card] 10 spade
[preflop] round starts
[preflop] player Mars_1_0 has 2529 chips
[preflop] player courage_1_1 has 9053 chips
[preflop] player Sister_Lily_1_4 has 5837 chips
[preflop] player The Joker_1_5 has 3520 chips
[preflop] player Gaotaku_1_7 has 2461 chips
[preflop] player courage_1_1 folds
[preflop] player Sister_Lily_1_4 folds
[preflop] action
[WARNING] CANNOT check when another player has raised
[preflop] player The Joker_1_5 folds
[preflop] player Gaotaku_1_7 folds
[GAME STAT] pot 0 with 400 chips is shared by 1 players
[GAME STAT] player Mars_1_0 gets 400 chips from pot 0
[GAME STAT] pot 1 with 200 chips is shared by 1 players
[GAME STAT] player Mars_1_0 gets 200 chips from pot 1
[GAME STAT] overall statistics
[GAME STAT] player Mars_1_0 wins 200 chips in this game
[GAME STAT] player courage_1_1 wins 0 chips in this game
[GAME STAT] player Sister_Lily_1_4 wins 0 chips in this game
[GAME STAT] player The Joker_1_5 wins 0 chips in this game
[GAME STAT] player Gaotaku_1_7 wins -200 chips in this game
[GAME 22] game ends, invoking player.game_end()
[GAME 23] game starts
[GAME INFO] number of participants in this game = 5
[GAME INFO] participant: Mars_1_0, chip = 3129
[GAME INFO] participant: courage_1_1, chip = 9053
[GAME INFO] participant: Sister_Lily_1_4, chip = 5837
[GAME INFO] participant: The Joker_1_5, chip = 3520
[GAME INFO] participant: Gaotaku_1_7, chip = 2461
[GAME INFO] blind is 200
[GAME INFO] dealer is Gaotaku_1_7
[GAME INFO] small blind 200 posted by Mars_1_0
[GAME INFO] big blind 400 posted by courage_1_1
[hole card] 5 club
[hole card] 10 diamond
[preflop] round starts
[preflop] player Mars_1_0 has 2929 chips
[preflop] player courage_1_1 has 8653 chips
[preflop] player Sister_Lily_1_4 has 5837 chips
[preflop] player The Joker_1_5 has 3520 chips
[preflop] player Gaotaku_1_7 has 2461 chips
[preflop] player Sister_Lily_1_4 folds
[preflop] action
[WARNING] CANNOT check when another player has raised
[preflop] player The Joker_1_5 folds
[preflop] player Gaotaku_1_7 folds
[preflop] player Mars_1_0 folds
[GAME STAT] pot 0 with 400 chips is shared by 1 players
[GAME STAT] player courage_1_1 gets 400 chips from pot 0
[GAME STAT] pot 1 with 200 chips is shared by 1 players
[GAME STAT] player courage_1_1 gets 200 chips from pot 1
[GAME STAT] overall statistics
[GAME STAT] player Mars_1_0 wins -200 chips in this game
[GAME STAT] player courage_1_1 wins 200 chips in this game
[GAME STAT] player Sister_Lily_1_4 wins 0 chips in this game
[GAME STAT] player The Joker_1_5 wins 0 chips in this game
[GAME STAT] player Gaotaku_1_7 wins 0 chips in this game
[GAME 23] game ends, invoking player.game_end()
[GAME 24] game starts
[GAME INFO] number of participants in this game = 5
[GAME INFO] participant: Mars_1_0, chip = 2929
[GAME INFO] participant: courage_1_1, chip = 9253
[GAME INFO] participant: Sister_Lily_1_4, chip = 5837
[GAME INFO] participant: The Joker_1_5, chip = 3520
[GAME INFO] participant: Gaotaku_1_7, chip = 2461
[GAME INFO] blind is 200
[GAME INFO] dealer is Mars_1_0
[GAME INFO] small blind 200 posted by courage_1_1
[GAME INFO] big blind 400 posted by Sister_Lily_1_4
[hole card] K club
[hole card] J heart
[preflop] round starts
[preflop] player Mars_1_0 has 2929 chips
[preflop] player courage_1_1 has 9053 chips
[preflop] player Sister_Lily_1_4 has 5437 chips
[preflop] player The Joker_1_5 has 3520 chips
[preflop] player Gaotaku_1_7 has 2461 chips
[preflop] action
[WARNING] CANNOT check when another player has raised
[preflop] player The Joker_1_5 folds
[preflop] player Gaotaku_1_7 folds
[preflop] player Mars_1_0 folds
[preflop] player courage_1_1 calls. Total bet is 400
[preflop] player Sister_Lily_1_4 folds
[GAME STAT] pot 0 with 800 chips is shared by 1 players
[GAME STAT] player courage_1_1 gets 800 chips from pot 0
[GAME STAT] overall statistics
[GAME STAT] player Mars_1_0 wins 0 chips in this game
[GAME STAT] player courage_1_1 wins 400 chips in this game
[GAME STAT] player Sister_Lily_1_4 wins -400 chips in this game
[GAME STAT] player The Joker_1_5 wins 0 chips in this game
[GAME STAT] player Gaotaku_1_7 wins 0 chips in this game
[GAME 24] game ends, invoking player.game_end()
[GAME 25] game starts
[GAME INFO] number of participants in this game = 5
[GAME INFO] participant: Mars_1_0, chip = 2929
[GAME INFO] participant: courage_1_1, chip = 9653
[GAME INFO] participant: Sister_Lily_1_4, chip = 5437
[GAME INFO] participant: The Joker_1_5, chip = 3520
[GAME INFO] participant: Gaotaku_1_7, chip = 2461
[GAME INFO] blind is 500
[GAME INFO] dealer is courage_1_1
[GAME INFO] small blind 500 posted by Sister_Lily_1_4
[GAME INFO] big blind 1000 posted by The Joker_1_5
[hole card] 7 spade
[hole card] 10 spade
[preflop] round starts
[preflop] player Mars_1_0 has 2929 chips
[preflop] player courage_1_1 has 9653 chips
[preflop] player Sister_Lily_1_4 has 4937 chips
[preflop] player The Joker_1_5 has 2520 chips
[preflop] player Gaotaku_1_7 has 2461 chips
[preflop] player Gaotaku_1_7 folds
[preflop] player Mars_1_0 folds
[preflop] player courage_1_1 folds
[preflop] player Sister_Lily_1_4 folds
[GAME STAT] pot 0 with 1000 chips is shared by 1 players
[GAME STAT] player The Joker_1_5 gets 1000 chips from pot 0
[GAME STAT] pot 1 with 500 chips is shared by 1 players
[GAME STAT] player The Joker_1_5 gets 500 chips from pot 1
[GAME STAT] overall statistics
[GAME STAT] player Mars_1_0 wins 0 chips in this game
[GAME STAT] player courage_1_1 wins 0 chips in this game
[GAME STAT] player Sister_Lily_1_4 wins -500 chips in this game
[GAME STAT] player The Joker_1_5 wins 500 chips in this game
[GAME STAT] player Gaotaku_1_7 wins 0 chips in this game
[GAME 25] game ends, invoking player.game_end()
[GAME 26] game starts
[GAME INFO] number of participants in this game = 5
[GAME INFO] participant: Mars_1_0, chip = 2929
[GAME INFO] participant: courage_1_1, chip = 9653
[GAME INFO] participant: Sister_Lily_1_4, chip = 4937
[GAME INFO] participant: The Joker_1_5, chip = 4020
[GAME INFO] participant: Gaotaku_1_7, chip = 2461
[GAME INFO] blind is 500
[GAME INFO] dealer is Sister_Lily_1_4
[GAME INFO] small blind 500 posted by The Joker_1_5
[GAME INFO] big blind 1000 posted by Gaotaku_1_7
[hole card] 3 heart
[hole card] 10 diamond
[preflop] round starts
[preflop] player Mars_1_0 has 2929 chips
[preflop] player courage_1_1 has 9653 chips
[preflop] player Sister_Lily_1_4 has 4937 chips
[preflop] player The Joker_1_5 has 3520 chips
[preflop] player Gaotaku_1_7 has 1461 chips
[preflop] player Mars_1_0 folds
[preflop] player courage_1_1 folds
[preflop] player Sister_Lily_1_4 folds
[preflop] action
[WARNING] CANNOT check when another player has raised
[preflop] player The Joker_1_5 folds
[GAME STAT] pot 0 with 1000 chips is shared by 1 players
[GAME STAT] player Gaotaku_1_7 gets 1000 chips from pot 0
[GAME STAT] pot 1 with 500 chips is shared by 1 players
[GAME STAT] player Gaotaku_1_7 gets 500 chips from pot 1
[GAME STAT] overall statistics
[GAME STAT] player Mars_1_0 wins 0 chips in this game
[GAME STAT] player courage_1_1 wins 0 chips in this game
[GAME STAT] player Sister_Lily_1_4 wins 0 chips in this game
[GAME STAT] player The Joker_1_5 wins -500 chips in this game
[GAME STAT] player Gaotaku_1_7 wins 500 chips in this game
[GAME 26] game ends, invoking player.game_end()
[GAME 27] game starts
[GAME INFO] number of participants in this game = 5
[GAME INFO] participant: Mars_1_0, chip = 2929
[GAME INFO] participant: courage_1_1, chip = 9653
[GAME INFO] participant: Sister_Lily_1_4, chip = 4937
[GAME INFO] participant: The Joker_1_5, chip = 3520
[GAME INFO] participant: Gaotaku_1_7, chip = 2961
[GAME INFO] blind is 500
[GAME INFO] dealer is The Joker_1_5
[GAME INFO] small blind 500 posted by Gaotaku_1_7
[GAME INFO] big blind 1000 posted by Mars_1_0
[hole card] 5 diamond
[hole card] K spade
[preflop] round starts
[preflop] player Mars_1_0 has 1929 chips
[preflop] player courage_1_1 has 9653 chips
[preflop] player Sister_Lily_1_4 has 4937 chips
[preflop] player The Joker_1_5 has 3520 chips
[preflop] player Gaotaku_1_7 has 2461 chips
[preflop] player courage_1_1 folds
[preflop] player Sister_Lily_1_4 folds
[preflop] action
[WARNING] CANNOT check when another player has raised
[preflop] player The Joker_1_5 folds
[preflop] player Gaotaku_1_7 folds
[GAME STAT] pot 0 with 1000 chips is shared by 1 players
[GAME STAT] player Mars_1_0 gets 1000 chips from pot 0
[GAME STAT] pot 1 with 500 chips is shared by 1 players
[GAME STAT] player Mars_1_0 gets 500 chips from pot 1
[GAME STAT] overall statistics
[GAME STAT] player Mars_1_0 wins 500 chips in this game
[GAME STAT] player courage_1_1 wins 0 chips in this game
[GAME STAT] player Sister_Lily_1_4 wins 0 chips in this game
[GAME STAT] player The Joker_1_5 wins 0 chips in this game
[GAME STAT] player Gaotaku_1_7 wins -500 chips in this game
[GAME 27] game ends, invoking player.game_end()
[END]
[FINAL STAT] chips
[FINAL STAT] Mars_1_0 has 3429 chips
[FINAL STAT] courage_1_1 has 9653 chips
[FINAL STAT] were_1_2 has 0 chips
[FINAL STAT] Jerry Xu_1_3 has 0 chips
[FINAL STAT] Sister_Lily_1_4 has 4937 chips
[FINAL STAT] The Joker_1_5 has 3520 chips
[FINAL STAT] XinWQNMLGB_1_6 has 0 chips
[FINAL STAT] Gaotaku_1_7 has 2461 chips
