[UI] login name: [UI] succefully login as The Joker_0_4
[login] The Joker_0_4
[player 0] were_0_0
[player 1] yyyyyr_0_1
[player 2] XinWQNMLGB_0_2
[player 3] ssw_0_3
[player 4] The Joker_0_4
[player 5] Sister_Lily_0_5
[player 6] Jerry Xu_0_6
[player 7] Mars_0_7
[GAME INFO] number of players = 8
[GAME INFO] initial chips = 3000
[GAME 1] game starts
[GAME INFO] number of participants in this game = 8
[GAME INFO] participant: were_0_0, chip = 3000
[GAME INFO] participant: yyyyyr_0_1, chip = 3000
[GAME INFO] participant: XinWQNMLGB_0_2, chip = 3000
[GAME INFO] participant: ssw_0_3, chip = 3000
[GAME INFO] participant: The Joker_0_4, chip = 3000
[GAME INFO] participant: Sister_Lily_0_5, chip = 3000
[GAME INFO] participant: Jerry Xu_0_6, chip = 3000
[GAME INFO] participant: Mars_0_7, chip = 3000
[GAME INFO] blind is 1
[GAME INFO] dealer is were_0_0
[GAME INFO] small blind 1 posted by yyyyyr_0_1
[GAME INFO] big blind 2 posted by XinWQNMLGB_0_2
[hole card] 5 spade
[hole card] 2 spade
[preflop] round starts
[preflop] player were_0_0 has 3000 chips
[preflop] player yyyyyr_0_1 has 2999 chips
[preflop] player XinWQNMLGB_0_2 has 2998 chips
[preflop] player ssw_0_3 has 3000 chips
[preflop] player The Joker_0_4 has 3000 chips
[preflop] player Sister_Lily_0_5 has 3000 chips
[preflop] player Jerry Xu_0_6 has 3000 chips
[preflop] player Mars_0_7 has 3000 chips
[preflop] player ssw_0_3 folds
[preflop] action
[WARNING] CANNOT check when another player has raised
[preflop] player The Joker_0_4 folds
[preflop] player Sister_Lily_0_5 calls. Total bet is 2
[preflop] player Jerry Xu_0_6 folds
[preflop] player Mars_0_7 calls. Total bet is 2
[preflop] player were_0_0 calls. Total bet is 2
[preflop] player yyyyyr_0_1 folds
[preflop] player XinWQNMLGB_0_2 calls. Total bet is 2
[flop] 6 heart
[flop] 9 heart
[flop] 4 club
[flop] round starts
[flop] player were_0_0 has 2998 chips
[flop] player yyyyyr_0_1 has 2999 chips
[flop] player XinWQNMLGB_0_2 has 2998 chips
[flop] player ssw_0_3 has 3000 chips
[flop] player The Joker_0_4 has 3000 chips
[flop] player Sister_Lily_0_5 has 2998 chips
[flop] player Jerry Xu_0_6 has 3000 chips
[flop] player Mars_0_7 has 2998 chips
[flop] player XinWQNMLGB_0_2 folds
[flop] player Sister_Lily_0_5 checks
[flop] player Mars_0_7 checks
[flop] player were_0_0 folds
[flop] round ends
[turn] 8 diamond
[turn] round starts
[turn] player were_0_0 has 2998 chips
[turn] player yyyyyr_0_1 has 2999 chips
[turn] player XinWQNMLGB_0_2 has 2998 chips
[turn] player ssw_0_3 has 3000 chips
[turn] player The Joker_0_4 has 3000 chips
[turn] player Sister_Lily_0_5 has 2998 chips
[turn] player Jerry Xu_0_6 has 3000 chips
[turn] player Mars_0_7 has 2998 chips
[turn] player Sister_Lily_0_5 goes all in (2998 chips). Total bet is 2998
[turn] player Mars_0_7 folds
[GAME STAT] pot 0 with 5 chips is shared by 1 players
[GAME STAT] player Sister_Lily_0_5 gets 5 chips from pot 0
[GAME STAT] pot 1 with 4 chips is shared by 1 players
[GAME STAT] player Sister_Lily_0_5 gets 4 chips from pot 1
[GAME STAT] pot 2 with 2998 chips is shared by 1 players
[GAME STAT] player Sister_Lily_0_5 gets 2998 chips from pot 2
[GAME STAT] overall statistics
[GAME STAT] player were_0_0 wins -2 chips in this game
[GAME STAT] player yyyyyr_0_1 wins -1 chips in this game
[GAME STAT] player XinWQNMLGB_0_2 wins -2 chips in this game
[GAME STAT] player ssw_0_3 wins 0 chips in this game
[GAME STAT] player The Joker_0_4 wins 0 chips in this game
[GAME STAT] player Sister_Lily_0_5 wins 7 chips in this game
[GAME STAT] player Jerry Xu_0_6 wins 0 chips in this game
[GAME STAT] player Mars_0_7 wins -2 chips in this game
[GAME 1] game ends, invoking player.game_end()
[GAME 2] game starts
[GAME INFO] number of participants in this game = 8
[GAME INFO] participant: were_0_0, chip = 2998
[GAME INFO] participant: yyyyyr_0_1, chip = 2999
[GAME INFO] participant: XinWQNMLGB_0_2, chip = 2998
[GAME INFO] participant: ssw_0_3, chip = 3000
[GAME INFO] participant: The Joker_0_4, chip = 3000
[GAME INFO] participant: Sister_Lily_0_5, chip = 3007
[GAME INFO] participant: Jerry Xu_0_6, chip = 3000
[GAME INFO] participant: Mars_0_7, chip = 2998
[GAME INFO] blind is 1
[GAME INFO] dealer is yyyyyr_0_1
[GAME INFO] small blind 1 posted by XinWQNMLGB_0_2
[GAME INFO] big blind 2 posted by ssw_0_3
[hole card] K heart
[hole card] 10 heart
[preflop] round starts
[preflop] player were_0_0 has 2998 chips
[preflop] player yyyyyr_0_1 has 2999 chips
[preflop] player XinWQNMLGB_0_2 has 2997 chips
[preflop] player ssw_0_3 has 2998 chips
[preflop] player The Joker_0_4 has 3000 chips
[preflop] player Sister_Lily_0_5 has 3007 chips
[preflop] player Jerry Xu_0_6 has 3000 chips
[preflop] player Mars_0_7 has 2998 chips
[preflop] action
[preflop] call (2 chips). 
[preflop] player The Joker_0_4 calls. Total bet is 2
[preflop] player Sister_Lily_0_5 calls. Total bet is 2
[preflop] player Jerry Xu_0_6 folds
[preflop] player Mars_0_7 calls. Total bet is 2
[preflop] player were_0_0 calls. Total bet is 2
[preflop] player yyyyyr_0_1 folds
[preflop] player XinWQNMLGB_0_2 calls. Total bet is 2
[preflop] player ssw_0_3 folds
[flop] Q heart
[flop] 3 diamond
[flop] 6 spade
[flop] round starts
[flop] player were_0_0 has 2996 chips
[flop] player yyyyyr_0_1 has 2999 chips
[flop] player XinWQNMLGB_0_2 has 2996 chips
[flop] player ssw_0_3 has 2998 chips
[flop] player The Joker_0_4 has 2998 chips
[flop] player Sister_Lily_0_5 has 3005 chips
[flop] player Jerry Xu_0_6 has 3000 chips
[flop] player Mars_0_7 has 2996 chips
[flop] player XinWQNMLGB_0_2 folds
[flop] action
[flop] check
[flop] player The Joker_0_4 checks
[flop] player Sister_Lily_0_5 checks
[flop] player Mars_0_7 checks
[flop] player were_0_0 folds
[flop] round ends
[turn] Q diamond
[turn] round starts
[turn] player were_0_0 has 2996 chips
[turn] player yyyyyr_0_1 has 2999 chips
[turn] player XinWQNMLGB_0_2 has 2996 chips
[turn] player ssw_0_3 has 2998 chips
[turn] player The Joker_0_4 has 2998 chips
[turn] player Sister_Lily_0_5 has 3005 chips
[turn] player Jerry Xu_0_6 has 3000 chips
[turn] player Mars_0_7 has 2996 chips
[turn] action
[turn] check
[turn] player The Joker_0_4 checks
[turn] player Sister_Lily_0_5 checks
[turn] player Mars_0_7 checks
[turn] round ends
[river] 7 heart
[river] round starts
[river] player were_0_0 has 2996 chips
[river] player yyyyyr_0_1 has 2999 chips
[river] player XinWQNMLGB_0_2 has 2996 chips
[river] player ssw_0_3 has 2998 chips
[river] player The Joker_0_4 has 2998 chips
[river] player Sister_Lily_0_5 has 3005 chips
[river] player Jerry Xu_0_6 has 3000 chips
[river] player Mars_0_7 has 2996 chips
[river] action
[river] check
[river] player The Joker_0_4 checks
[river] player Sister_Lily_0_5 goes all in (3005 chips). Total bet is 3005
[river] player Mars_0_7 folds
[river] action
[WARNING] CANNOT check when another player has raised
[river] player The Joker_0_4 folds
[GAME STAT] pot 0 with 12 chips is shared by 1 players
[GAME STAT] player Sister_Lily_0_5 gets 12 chips from pot 0
[GAME STAT] pot 1 with 3005 chips is shared by 1 players
[GAME STAT] player Sister_Lily_0_5 gets 3005 chips from pot 1
[GAME STAT] overall statistics
[GAME STAT] player were_0_0 wins -2 chips in this game
[GAME STAT] player yyyyyr_0_1 wins 0 chips in this game
[GAME STAT] player XinWQNMLGB_0_2 wins -2 chips in this game
[GAME STAT] player ssw_0_3 wins -2 chips in this game
[GAME STAT] player The Joker_0_4 wins -2 chips in this game
[GAME STAT] player Sister_Lily_0_5 wins 10 chips in this game
[GAME STAT] player Jerry Xu_0_6 wins 0 chips in this game
[GAME STAT] player Mars_0_7 wins -2 chips in this game
[GAME 2] game ends, invoking player.game_end()
[GAME 3] game starts
[GAME INFO] number of participants in this game = 8
[GAME INFO] participant: were_0_0, chip = 2996
[GAME INFO] participant: yyyyyr_0_1, chip = 2999
[GAME INFO] participant: XinWQNMLGB_0_2, chip = 2996
[GAME INFO] participant: ssw_0_3, chip = 2998
[GAME INFO] participant: The Joker_0_4, chip = 2998
[GAME INFO] participant: Sister_Lily_0_5, chip = 3017
[GAME INFO] participant: Jerry Xu_0_6, chip = 3000
[GAME INFO] participant: Mars_0_7, chip = 2996
[GAME INFO] blind is 1
[GAME INFO] dealer is XinWQNMLGB_0_2
[GAME INFO] small blind 1 posted by ssw_0_3
[GAME INFO] big blind 2 posted by The Joker_0_4
[hole card] 4 diamond
[hole card] K heart
[preflop] round starts
[preflop] player were_0_0 has 2996 chips
[preflop] player yyyyyr_0_1 has 2999 chips
[preflop] player XinWQNMLGB_0_2 has 2996 chips
[preflop] player ssw_0_3 has 2997 chips
[preflop] player The Joker_0_4 has 2996 chips
[preflop] player Sister_Lily_0_5 has 3017 chips
[preflop] player Jerry Xu_0_6 has 3000 chips
[preflop] player Mars_0_7 has 2996 chips
[preflop] player Sister_Lily_0_5 calls. Total bet is 2
[preflop] player Jerry Xu_0_6 calls. Total bet is 2
[preflop] player Mars_0_7 calls. Total bet is 2
[preflop] player were_0_0 calls. Total bet is 2
[preflop] player yyyyyr_0_1 calls. Total bet is 2
[preflop] player XinWQNMLGB_0_2 calls. Total bet is 2
[preflop] player ssw_0_3 folds
[preflop] action
[preflop] call (0 chips). 
[preflop] player The Joker_0_4 calls. Total bet is 2
[flop] K club
[flop] 8 heart
[flop] 7 heart
[flop] round starts
[flop] player were_0_0 has 2994 chips
[flop] player yyyyyr_0_1 has 2997 chips
[flop] player XinWQNMLGB_0_2 has 2994 chips
[flop] player ssw_0_3 has 2997 chips
[flop] player The Joker_0_4 has 2996 chips
[flop] player Sister_Lily_0_5 has 3015 chips
[flop] player Jerry Xu_0_6 has 2998 chips
[flop] player Mars_0_7 has 2994 chips
[flop] action
[flop] check
[flop] player The Joker_0_4 checks
[flop] player Sister_Lily_0_5 checks
[flop] player Jerry Xu_0_6 folds
[flop] player Mars_0_7 checks
[flop] player were_0_0 folds
[flop] player yyyyyr_0_1 checks
[flop] player XinWQNMLGB_0_2 folds
[flop] round ends
[turn] 8 spade
[turn] round starts
[turn] player were_0_0 has 2994 chips
[turn] player yyyyyr_0_1 has 2997 chips
[turn] player XinWQNMLGB_0_2 has 2994 chips
[turn] player ssw_0_3 has 2997 chips
[turn] player The Joker_0_4 has 2996 chips
[turn] player Sister_Lily_0_5 has 3015 chips
[turn] player Jerry Xu_0_6 has 2998 chips
[turn] player Mars_0_7 has 2994 chips
[turn] action
[turn] check
[turn] player The Joker_0_4 checks
[turn] player Sister_Lily_0_5 checks
[turn] player Mars_0_7 checks
[turn] player yyyyyr_0_1 checks
[turn] round ends
[river] 10 heart
[river] round starts
[river] player were_0_0 has 2994 chips
[river] player yyyyyr_0_1 has 2997 chips
[river] player XinWQNMLGB_0_2 has 2994 chips
[river] player ssw_0_3 has 2997 chips
[river] player The Joker_0_4 has 2996 chips
[river] player Sister_Lily_0_5 has 3015 chips
[river] player Jerry Xu_0_6 has 2998 chips
[river] player Mars_0_7 has 2994 chips
[river] action
[river] check
[river] player The Joker_0_4 checks
[river] player Sister_Lily_0_5 checks
[river] player Mars_0_7 checks
[river] player yyyyyr_0_1 checks
[river] round ends
[SHOWDOWN] showdown starts
[SHOWDOWN] showdown
[SHOWDOWN] K club 8 heart 8 spade 10 heart K heart
[SHOWDOWN] player The Joker_0_4 shows K club 8 heart 8 spade 10 heart K heart, which is two pair.
[SHOWDOWN] player Mars_0_7 shows 8 heart 8 spade K club 10 heart 10 spade, which is two pair.
[SHOWDOWN] player yyyyyr_0_1 shows A spade K club 8 heart 8 spade 10 heart, which is one pair.
[SHOWDOWN] player Sister_Lily_0_5 shows J club K club 8 heart 8 spade 10 heart, which is one pair.
[GAME STAT] pot 0 with 8 chips is shared by 1 players
[GAME STAT] player The Joker_0_4 gets 8 chips from pot 0
[GAME STAT] pot 1 with 7 chips is shared by 1 players
[GAME STAT] player The Joker_0_4 gets 7 chips from pot 1
[GAME STAT] overall statistics
[GAME STAT] player were_0_0 wins -2 chips in this game
[GAME STAT] player yyyyyr_0_1 wins -2 chips in this game
[GAME STAT] player XinWQNMLGB_0_2 wins -2 chips in this game
[GAME STAT] player ssw_0_3 wins -1 chips in this game
[GAME STAT] player The Joker_0_4 wins 13 chips in this game
[GAME STAT] player Sister_Lily_0_5 wins -2 chips in this game
[GAME STAT] player Jerry Xu_0_6 wins -2 chips in this game
[GAME STAT] player Mars_0_7 wins -2 chips in this game
[GAME 3] game ends, invoking player.game_end()
[GAME 4] game starts
[GAME INFO] number of participants in this game = 8
[GAME INFO] participant: were_0_0, chip = 2994
[GAME INFO] participant: yyyyyr_0_1, chip = 2997
[GAME INFO] participant: XinWQNMLGB_0_2, chip = 2994
[GAME INFO] participant: ssw_0_3, chip = 2997
[GAME INFO] participant: The Joker_0_4, chip = 3011
[GAME INFO] participant: Sister_Lily_0_5, chip = 3015
[GAME INFO] participant: Jerry Xu_0_6, chip = 2998
[GAME INFO] participant: Mars_0_7, chip = 2994
[GAME INFO] blind is 2
[GAME INFO] dealer is ssw_0_3
[GAME INFO] small blind 2 posted by The Joker_0_4
[GAME INFO] big blind 4 posted by Sister_Lily_0_5
[hole card] 2 spade
[hole card] 2 club
[preflop] round starts
[preflop] player were_0_0 has 2994 chips
[preflop] player yyyyyr_0_1 has 2997 chips
[preflop] player XinWQNMLGB_0_2 has 2994 chips
[preflop] player ssw_0_3 has 2997 chips
[preflop] player The Joker_0_4 has 3009 chips
[preflop] player Sister_Lily_0_5 has 3011 chips
[preflop] player Jerry Xu_0_6 has 2998 chips
[preflop] player Mars_0_7 has 2994 chips
[preflop] player Jerry Xu_0_6 folds
[preflop] player Mars_0_7 calls. Total bet is 4
[preflop] player were_0_0 calls. Total bet is 4
[preflop] player yyyyyr_0_1 folds
[preflop] player XinWQNMLGB_0_2 calls. Total bet is 4
[preflop] player ssw_0_3 calls. Total bet is 4
[preflop] action
[preflop] call (2 chips). 
[preflop] player The Joker_0_4 calls. Total bet is 4
[preflop] player Sister_Lily_0_5 calls. Total bet is 4
[flop] Q club
[flop] 4 club
[flop] 2 diamond
[flop] round starts
[flop] player were_0_0 has 2990 chips
[flop] player yyyyyr_0_1 has 2997 chips
[flop] player XinWQNMLGB_0_2 has 2990 chips
[flop] player ssw_0_3 has 2993 chips
[flop] player The Joker_0_4 has 3007 chips
[flop] player Sister_Lily_0_5 has 3011 chips
[flop] player Jerry Xu_0_6 has 2998 chips
[flop] player Mars_0_7 has 2990 chips
[flop] action
[flop] check
[flop] player The Joker_0_4 checks
[flop] player Sister_Lily_0_5 checks
[flop] player Mars_0_7 checks
[flop] player were_0_0 folds
[flop] player XinWQNMLGB_0_2 folds
[flop] player ssw_0_3 checks
[flop] round ends
[turn] 8 heart
[turn] round starts
[turn] player were_0_0 has 2990 chips
[turn] player yyyyyr_0_1 has 2997 chips
[turn] player XinWQNMLGB_0_2 has 2990 chips
[turn] player ssw_0_3 has 2993 chips
[turn] player The Joker_0_4 has 3007 chips
[turn] player Sister_Lily_0_5 has 3011 chips
[turn] player Jerry Xu_0_6 has 2998 chips
[turn] player Mars_0_7 has 2990 chips
[turn] action
[turn] check
[turn] player The Joker_0_4 checks
[turn] player Sister_Lily_0_5 checks
[turn] player Mars_0_7 checks
[turn] player ssw_0_3 checks
[turn] round ends
[river] A spade
[river] round starts
[river] player were_0_0 has 2990 chips
[river] player yyyyyr_0_1 has 2997 chips
[river] player XinWQNMLGB_0_2 has 2990 chips
[river] player ssw_0_3 has 2993 chips
[river] player The Joker_0_4 has 3007 chips
[river] player Sister_Lily_0_5 has 3011 chips
[river] player Jerry Xu_0_6 has 2998 chips
[river] player Mars_0_7 has 2990 chips
[river] action
[river] check
[river] player The Joker_0_4 checks
[river] player Sister_Lily_0_5 checks
[river] player Mars_0_7 checks
[river] player ssw_0_3 checks
[river] round ends
[SHOWDOWN] showdown starts
[SHOWDOWN] showdown
[SHOWDOWN] Q club 2 diamond A spade 2 spade 2 club
[SHOWDOWN] player The Joker_0_4 shows Q club 2 diamond A spade 2 spade 2 club, which is three of a kind.
[SHOWDOWN] player Sister_Lily_0_5 shows A club Q spade Q club 8 heart A spade, which is two pair.
[SHOWDOWN] player ssw_0_3 shows 10 spade 10 heart Q club 8 heart A spade, which is one pair.
[SHOWDOWN] player Mars_0_7 shows 4 club 4 spade A spade J diamond Q club, which is one pair.
[GAME STAT] pot 0 with 24 chips is shared by 1 players
[GAME STAT] player The Joker_0_4 gets 24 chips from pot 0
[GAME STAT] overall statistics
[GAME STAT] player were_0_0 wins -4 chips in this game
[GAME STAT] player yyyyyr_0_1 wins 0 chips in this game
[GAME STAT] player XinWQNMLGB_0_2 wins -4 chips in this game
[GAME STAT] player ssw_0_3 wins -4 chips in this game
[GAME STAT] player The Joker_0_4 wins 20 chips in this game
[GAME STAT] player Sister_Lily_0_5 wins -4 chips in this game
[GAME STAT] player Jerry Xu_0_6 wins 0 chips in this game
[GAME STAT] player Mars_0_7 wins -4 chips in this game
[GAME 4] game ends, invoking player.game_end()
[GAME 5] game starts
[GAME INFO] number of participants in this game = 8
[GAME INFO] participant: were_0_0, chip = 2990
[GAME INFO] participant: yyyyyr_0_1, chip = 2997
[GAME INFO] participant: XinWQNMLGB_0_2, chip = 2990
[GAME INFO] participant: ssw_0_3, chip = 2993
[GAME INFO] participant: The Joker_0_4, chip = 3031
[GAME INFO] participant: Sister_Lily_0_5, chip = 3011
[GAME INFO] participant: Jerry Xu_0_6, chip = 2998
[GAME INFO] participant: Mars_0_7, chip = 2990
[GAME INFO] blind is 2
[GAME INFO] dealer is The Joker_0_4
[GAME INFO] small blind 2 posted by Sister_Lily_0_5
[GAME INFO] big blind 4 posted by Jerry Xu_0_6
[hole card] 8 heart
[hole card] 5 club
[preflop] round starts
[preflop] player were_0_0 has 2990 chips
[preflop] player yyyyyr_0_1 has 2997 chips
[preflop] player XinWQNMLGB_0_2 has 2990 chips
[preflop] player ssw_0_3 has 2993 chips
[preflop] player The Joker_0_4 has 3031 chips
[preflop] player Sister_Lily_0_5 has 3009 chips
[preflop] player Jerry Xu_0_6 has 2994 chips
[preflop] player Mars_0_7 has 2990 chips
[preflop] player Mars_0_7 folds
[preflop] player were_0_0 calls. Total bet is 4
[preflop] player yyyyyr_0_1 folds
[preflop] player XinWQNMLGB_0_2 calls. Total bet is 4
[preflop] player ssw_0_3 folds
[preflop] action
[WARNING] CANNOT check when another player has raised
[preflop] player The Joker_0_4 folds
[preflop] player Sister_Lily_0_5 calls. Total bet is 4
[preflop] player Jerry Xu_0_6 folds
[flop] 8 club
[flop] J club
[flop] 6 diamond
[flop] round starts
[flop] player were_0_0 has 2986 chips
[flop] player yyyyyr_0_1 has 2997 chips
[flop] player XinWQNMLGB_0_2 has 2986 chips
[flop] player ssw_0_3 has 2993 chips
[flop] player The Joker_0_4 has 3031 chips
[flop] player Sister_Lily_0_5 has 3007 chips
[flop] player Jerry Xu_0_6 has 2994 chips
[flop] player Mars_0_7 has 2990 chips
[flop] player Sister_Lily_0_5 checks
[flop] player were_0_0 folds
[flop] player XinWQNMLGB_0_2 folds
[flop] round ends
[GAME STAT] pot 0 with 16 chips is shared by 1 players
[GAME STAT] player Sister_Lily_0_5 gets 16 chips from pot 0
[GAME STAT] overall statistics
[GAME STAT] player were_0_0 wins -4 chips in this game
[GAME STAT] player yyyyyr_0_1 wins 0 chips in this game
[GAME STAT] player XinWQNMLGB_0_2 wins -4 chips in this game
[GAME STAT] player ssw_0_3 wins 0 chips in this game
[GAME STAT] player The Joker_0_4 wins 0 chips in this game
[GAME STAT] player Sister_Lily_0_5 wins 12 chips in this game
[GAME STAT] player Jerry Xu_0_6 wins -4 chips in this game
[GAME STAT] player Mars_0_7 wins 0 chips in this game
[GAME 5] game ends, invoking player.game_end()
[GAME 6] game starts
[GAME INFO] number of participants in this game = 8
[GAME INFO] participant: were_0_0, chip = 2986
[GAME INFO] participant: yyyyyr_0_1, chip = 2997
[GAME INFO] participant: XinWQNMLGB_0_2, chip = 2986
[GAME INFO] participant: ssw_0_3, chip = 2993
[GAME INFO] participant: The Joker_0_4, chip = 3031
[GAME INFO] participant: Sister_Lily_0_5, chip = 3023
[GAME INFO] participant: Jerry Xu_0_6, chip = 2994
[GAME INFO] participant: Mars_0_7, chip = 2990
[GAME INFO] blind is 2
[GAME INFO] dealer is Sister_Lily_0_5
[GAME INFO] small blind 2 posted by Jerry Xu_0_6
[GAME INFO] big blind 4 posted by Mars_0_7
[hole card] 7 club
[hole card] 4 heart
[preflop] round starts
[preflop] player were_0_0 has 2986 chips
[preflop] player yyyyyr_0_1 has 2997 chips
[preflop] player XinWQNMLGB_0_2 has 2986 chips
[preflop] player ssw_0_3 has 2993 chips
[preflop] player The Joker_0_4 has 3031 chips
[preflop] player Sister_Lily_0_5 has 3023 chips
[preflop] player Jerry Xu_0_6 has 2992 chips
[preflop] player Mars_0_7 has 2986 chips
[preflop] player were_0_0 calls. Total bet is 4
[preflop] player yyyyyr_0_1 folds
[preflop] player XinWQNMLGB_0_2 calls. Total bet is 4
[preflop] player ssw_0_3 folds
[preflop] action
[WARNING] CANNOT check when another player has raised
[preflop] player The Joker_0_4 folds
[preflop] player Sister_Lily_0_5 calls. Total bet is 4
[preflop] player Jerry Xu_0_6 calls. Total bet is 4
[preflop] player Mars_0_7 calls. Total bet is 4
[flop] J diamond
[flop] 10 diamond
[flop] 3 diamond
[flop] round starts
[flop] player were_0_0 has 2982 chips
[flop] player yyyyyr_0_1 has 2997 chips
[flop] player XinWQNMLGB_0_2 has 2982 chips
[flop] player ssw_0_3 has 2993 chips
[flop] player The Joker_0_4 has 3031 chips
[flop] player Sister_Lily_0_5 has 3019 chips
[flop] player Jerry Xu_0_6 has 2990 chips
[flop] player Mars_0_7 has 2986 chips
[flop] player Jerry Xu_0_6 checks
[flop] player Mars_0_7 checks
[flop] player were_0_0 folds
[flop] player XinWQNMLGB_0_2 folds
[flop] player Sister_Lily_0_5 goes all in (3019 chips). Total bet is 3019
[flop] player Jerry Xu_0_6 goes all in (2990 chips). Total bet is 2990
[flop] player Mars_0_7 folds
[turn] 6 club
[turn] round starts
[turn] player were_0_0 has 2982 chips
[turn] player yyyyyr_0_1 has 2997 chips
[turn] player XinWQNMLGB_0_2 has 2982 chips
[turn] player ssw_0_3 has 2993 chips
[turn] player The Joker_0_4 has 3031 chips
[turn] player Sister_Lily_0_5 has 0 chips
[turn] player Jerry Xu_0_6 has 0 chips
[turn] player Mars_0_7 has 2986 chips
[turn] player Jerry Xu_0_6 checks
[turn] player Sister_Lily_0_5 checks
[turn] player Sister_Lily_0_5 goes all in (0 chips). Total bet is 0
[turn] round ends
[river] 9 spade
[river] round starts
[river] player were_0_0 has 2982 chips
[river] player yyyyyr_0_1 has 2997 chips
[river] player XinWQNMLGB_0_2 has 2982 chips
[river] player ssw_0_3 has 2993 chips
[river] player The Joker_0_4 has 3031 chips
[river] player Sister_Lily_0_5 has 0 chips
[river] player Jerry Xu_0_6 has 0 chips
[river] player Mars_0_7 has 2986 chips
[river] player Jerry Xu_0_6 checks
[river] player Sister_Lily_0_5 checks
[river] player Sister_Lily_0_5 goes all in (0 chips). Total bet is 0
[river] round ends
[SHOWDOWN] showdown starts
[SHOWDOWN] player Sister_Lily_0_5 shows J club J heart J diamond 10 diamond 9 spade, which is three of a kind.
[SHOWDOWN] player Jerry Xu_0_6 shows J diamond J spade A heart 6 club 9 spade, which is one pair.
[GAME STAT] pot 0 with 20 chips is shared by 1 players
[GAME STAT] player Sister_Lily_0_5 gets 20 chips from pot 0
[GAME STAT] pot 1 with 5980 chips is shared by 1 players
[GAME STAT] player Sister_Lily_0_5 gets 5980 chips from pot 1
[GAME STAT] pot 2 with 29 chips is shared by 1 players
[GAME STAT] player Sister_Lily_0_5 gets 29 chips from pot 2
[GAME STAT] overall statistics
[GAME STAT] player were_0_0 wins -4 chips in this game
[GAME STAT] player yyyyyr_0_1 wins 0 chips in this game
[GAME STAT] player XinWQNMLGB_0_2 wins -4 chips in this game
[GAME STAT] player ssw_0_3 wins 0 chips in this game
[GAME STAT] player The Joker_0_4 wins 0 chips in this game
[GAME STAT] player Sister_Lily_0_5 wins 3006 chips in this game
[GAME STAT] player Jerry Xu_0_6 wins -2994 chips in this game
[GAME STAT] player Mars_0_7 wins -4 chips in this game
[GAME 6] game ends, invoking player.game_end()
[GAME 7] game starts
[GAME INFO] number of participants in this game = 7
[GAME INFO] participant: were_0_0, chip = 2982
[GAME INFO] participant: yyyyyr_0_1, chip = 2997
[GAME INFO] participant: XinWQNMLGB_0_2, chip = 2982
[GAME INFO] participant: ssw_0_3, chip = 2993
[GAME INFO] participant: The Joker_0_4, chip = 3031
[GAME INFO] participant: Sister_Lily_0_5, chip = 6029
[GAME INFO] participant: Mars_0_7, chip = 2986
[GAME INFO] blind is 5
[GAME INFO] dealer is Mars_0_7
[GAME INFO] small blind 5 posted by were_0_0
[GAME INFO] big blind 10 posted by yyyyyr_0_1
[hole card] J diamond
[hole card] 7 spade
[preflop] round starts
[preflop] player were_0_0 has 2977 chips
[preflop] player yyyyyr_0_1 has 2987 chips
[preflop] player XinWQNMLGB_0_2 has 2982 chips
[preflop] player ssw_0_3 has 2993 chips
[preflop] player The Joker_0_4 has 3031 chips
[preflop] player Sister_Lily_0_5 has 6029 chips
[preflop] player Mars_0_7 has 2986 chips
[preflop] player XinWQNMLGB_0_2 calls. Total bet is 10
[preflop] player ssw_0_3 folds
[preflop] action
[WARNING] CANNOT check when another player has raised
[preflop] player The Joker_0_4 folds
[preflop] player Sister_Lily_0_5 calls. Total bet is 10
[preflop] player Mars_0_7 calls. Total bet is 10
[preflop] player were_0_0 calls. Total bet is 10
[preflop] player yyyyyr_0_1 folds
[flop] 2 club
[flop] K heart
[flop] 7 club
[flop] round starts
[flop] player were_0_0 has 2972 chips
[flop] player yyyyyr_0_1 has 2987 chips
[flop] player XinWQNMLGB_0_2 has 2972 chips
[flop] player ssw_0_3 has 2993 chips
[flop] player The Joker_0_4 has 3031 chips
[flop] player Sister_Lily_0_5 has 6019 chips
[flop] player Mars_0_7 has 2976 chips
[flop] player were_0_0 folds
[flop] player XinWQNMLGB_0_2 folds
[flop] player Sister_Lily_0_5 checks
[flop] player Mars_0_7 checks
[flop] round ends
[turn] K spade
[turn] round starts
[turn] player were_0_0 has 2972 chips
[turn] player yyyyyr_0_1 has 2987 chips
[turn] player XinWQNMLGB_0_2 has 2972 chips
[turn] player ssw_0_3 has 2993 chips
[turn] player The Joker_0_4 has 3031 chips
[turn] player Sister_Lily_0_5 has 6019 chips
[turn] player Mars_0_7 has 2976 chips
[turn] player Sister_Lily_0_5 checks
[turn] player Mars_0_7 checks
[turn] round ends
[river] 3 spade
[river] round starts
[river] player were_0_0 has 2972 chips
[river] player yyyyyr_0_1 has 2987 chips
[river] player XinWQNMLGB_0_2 has 2972 chips
[river] player ssw_0_3 has 2993 chips
[river] player The Joker_0_4 has 3031 chips
[river] player Sister_Lily_0_5 has 6019 chips
[river] player Mars_0_7 has 2976 chips
[river] player Sister_Lily_0_5 checks
[river] player Mars_0_7 checks
[river] round ends
[SHOWDOWN] showdown starts
[SHOWDOWN] player Sister_Lily_0_5 shows 3 heart 8 heart K heart K spade 3 spade, which is two pair.
[SHOWDOWN] player Mars_0_7 shows 6 club 7 club A spade K heart K spade, which is one pair.
[GAME STAT] pot 0 with 50 chips is shared by 1 players
[GAME STAT] player Sister_Lily_0_5 gets 50 chips from pot 0
[GAME STAT] overall statistics
[GAME STAT] player were_0_0 wins -10 chips in this game
[GAME STAT] player yyyyyr_0_1 wins -10 chips in this game
[GAME STAT] player XinWQNMLGB_0_2 wins -10 chips in this game
[GAME STAT] player ssw_0_3 wins 0 chips in this game
[GAME STAT] player The Joker_0_4 wins 0 chips in this game
[GAME STAT] player Sister_Lily_0_5 wins 40 chips in this game
[GAME STAT] player Mars_0_7 wins -10 chips in this game
[GAME 7] game ends, invoking player.game_end()
[GAME 8] game starts
[GAME INFO] number of participants in this game = 7
[GAME INFO] participant: were_0_0, chip = 2972
[GAME INFO] participant: yyyyyr_0_1, chip = 2987
[GAME INFO] participant: XinWQNMLGB_0_2, chip = 2972
[GAME INFO] participant: ssw_0_3, chip = 2993
[GAME INFO] participant: The Joker_0_4, chip = 3031
[GAME INFO] participant: Sister_Lily_0_5, chip = 6069
[GAME INFO] participant: Mars_0_7, chip = 2976
[GAME INFO] blind is 5
[GAME INFO] dealer is were_0_0
[GAME INFO] small blind 5 posted by yyyyyr_0_1
[GAME INFO] big blind 10 posted by XinWQNMLGB_0_2
[hole card] 9 diamond
[hole card] Q heart
[preflop] round starts
[preflop] player were_0_0 has 2972 chips
[preflop] player yyyyyr_0_1 has 2982 chips
[preflop] player XinWQNMLGB_0_2 has 2962 chips
[preflop] player ssw_0_3 has 2993 chips
[preflop] player The Joker_0_4 has 3031 chips
[preflop] player Sister_Lily_0_5 has 6069 chips
[preflop] player Mars_0_7 has 2976 chips
[preflop] player ssw_0_3 folds
[preflop] action
[WARNING] CANNOT check when another player has raised
[preflop] player The Joker_0_4 folds
[preflop] player Sister_Lily_0_5 calls. Total bet is 10
[preflop] player Mars_0_7 folds
[preflop] player were_0_0 calls. Total bet is 10
[preflop] player yyyyyr_0_1 folds
[preflop] player XinWQNMLGB_0_2 calls. Total bet is 10
[flop] 6 heart
[flop] J heart
[flop] 6 club
[flop] round starts
[flop] player were_0_0 has 2962 chips
[flop] player yyyyyr_0_1 has 2982 chips
[flop] player XinWQNMLGB_0_2 has 2962 chips
[flop] player ssw_0_3 has 2993 chips
[flop] player The Joker_0_4 has 3031 chips
[flop] player Sister_Lily_0_5 has 6059 chips
[flop] player Mars_0_7 has 2976 chips
[flop] player XinWQNMLGB_0_2 folds
[flop] player Sister_Lily_0_5 checks
[flop] player were_0_0 folds
[flop] round ends
[GAME STAT] pot 0 with 20 chips is shared by 1 players
[GAME STAT] player Sister_Lily_0_5 gets 20 chips from pot 0
[GAME STAT] pot 1 with 15 chips is shared by 1 players
[GAME STAT] player Sister_Lily_0_5 gets 15 chips from pot 1
[GAME STAT] overall statistics
[GAME STAT] player were_0_0 wins -10 chips in this game
[GAME STAT] player yyyyyr_0_1 wins -5 chips in this game
[GAME STAT] player XinWQNMLGB_0_2 wins -10 chips in this game
[GAME STAT] player ssw_0_3 wins 0 chips in this game
[GAME STAT] player The Joker_0_4 wins 0 chips in this game
[GAME STAT] player Sister_Lily_0_5 wins 25 chips in this game
[GAME STAT] player Mars_0_7 wins 0 chips in this game
[GAME 8] game ends, invoking player.game_end()
[GAME 9] game starts
[GAME INFO] number of participants in this game = 7
[GAME INFO] participant: were_0_0, chip = 2962
[GAME INFO] participant: yyyyyr_0_1, chip = 2982
[GAME INFO] participant: XinWQNMLGB_0_2, chip = 2962
[GAME INFO] participant: ssw_0_3, chip = 2993
[GAME INFO] participant: The Joker_0_4, chip = 3031
[GAME INFO] participant: Sister_Lily_0_5, chip = 6094
[GAME INFO] participant: Mars_0_7, chip = 2976
[GAME INFO] blind is 5
[GAME INFO] dealer is yyyyyr_0_1
[GAME INFO] small blind 5 posted by XinWQNMLGB_0_2
[GAME INFO] big blind 10 posted by ssw_0_3
[hole card] 7 diamond
[hole card] 10 club
[preflop] round starts
[preflop] player were_0_0 has 2962 chips
[preflop] player yyyyyr_0_1 has 2982 chips
[preflop] player XinWQNMLGB_0_2 has 2957 chips
[preflop] player ssw_0_3 has 2983 chips
[preflop] player The Joker_0_4 has 3031 chips
[preflop] player Sister_Lily_0_5 has 6094 chips
[preflop] player Mars_0_7 has 2976 chips
[preflop] action
[WARNING] CANNOT check when another player has raised
[preflop] player The Joker_0_4 folds
[preflop] player Sister_Lily_0_5 calls. Total bet is 10
[preflop] player Mars_0_7 calls. Total bet is 10
[preflop] player were_0_0 calls. Total bet is 10
[preflop] player yyyyyr_0_1 folds
[preflop] player XinWQNMLGB_0_2 calls. Total bet is 10
[preflop] player ssw_0_3 folds
[flop] 9 spade
[flop] 9 heart
[flop] 7 heart
[flop] round starts
[flop] player were_0_0 has 2952 chips
[flop] player yyyyyr_0_1 has 2982 chips
[flop] player XinWQNMLGB_0_2 has 2952 chips
[flop] player ssw_0_3 has 2983 chips
[flop] player The Joker_0_4 has 3031 chips
[flop] player Sister_Lily_0_5 has 6084 chips
[flop] player Mars_0_7 has 2966 chips
[flop] player XinWQNMLGB_0_2 folds
[flop] player Sister_Lily_0_5 checks
[flop] player Mars_0_7 checks
[flop] player were_0_0 folds
[flop] round ends
[turn] 2 spade
[turn] round starts
[turn] player were_0_0 has 2952 chips
[turn] player yyyyyr_0_1 has 2982 chips
[turn] player XinWQNMLGB_0_2 has 2952 chips
[turn] player ssw_0_3 has 2983 chips
[turn] player The Joker_0_4 has 3031 chips
[turn] player Sister_Lily_0_5 has 6084 chips
[turn] player Mars_0_7 has 2966 chips
[turn] player Sister_Lily_0_5 checks
[turn] player Mars_0_7 checks
[turn] round ends
[river] 8 spade
[river] round starts
[river] player were_0_0 has 2952 chips
[river] player yyyyyr_0_1 has 2982 chips
[river] player XinWQNMLGB_0_2 has 2952 chips
[river] player ssw_0_3 has 2983 chips
[river] player The Joker_0_4 has 3031 chips
[river] player Sister_Lily_0_5 has 6084 chips
[river] player Mars_0_7 has 2966 chips
[river] player Sister_Lily_0_5 checks
[river] player Mars_0_7 checks
[river] round ends
[SHOWDOWN] showdown starts
[SHOWDOWN] player Mars_0_7 shows 8 club 8 spade 9 heart 9 spade K diamond, which is two pair.
[SHOWDOWN] player Sister_Lily_0_5 shows 8 heart 9 spade 9 heart 7 heart 8 spade, which is two pair.
[GAME STAT] pot 0 with 50 chips is shared by 1 players
[GAME STAT] player Mars_0_7 gets 50 chips from pot 0
[GAME STAT] overall statistics
[GAME STAT] player were_0_0 wins -10 chips in this game
[GAME STAT] player yyyyyr_0_1 wins 0 chips in this game
[GAME STAT] player XinWQNMLGB_0_2 wins -10 chips in this game
[GAME STAT] player ssw_0_3 wins -10 chips in this game
[GAME STAT] player The Joker_0_4 wins 0 chips in this game
[GAME STAT] player Sister_Lily_0_5 wins -10 chips in this game
[GAME STAT] player Mars_0_7 wins 40 chips in this game
[GAME 9] game ends, invoking player.game_end()
[GAME 10] game starts
[GAME INFO] number of participants in this game = 7
[GAME INFO] participant: were_0_0, chip = 2952
[GAME INFO] participant: yyyyyr_0_1, chip = 2982
[GAME INFO] participant: XinWQNMLGB_0_2, chip = 2952
[GAME INFO] participant: ssw_0_3, chip = 2983
[GAME INFO] participant: The Joker_0_4, chip = 3031
[GAME INFO] participant: Sister_Lily_0_5, chip = 6084
[GAME INFO] participant: Mars_0_7, chip = 3016
[GAME INFO] blind is 10
[GAME INFO] dealer is XinWQNMLGB_0_2
[GAME INFO] small blind 10 posted by ssw_0_3
[GAME INFO] big blind 20 posted by The Joker_0_4
[hole card] 3 spade
[hole card] J club
[preflop] round starts
[preflop] player were_0_0 has 2952 chips
[preflop] player yyyyyr_0_1 has 2982 chips
[preflop] player XinWQNMLGB_0_2 has 2952 chips
[preflop] player ssw_0_3 has 2973 chips
[preflop] player The Joker_0_4 has 3011 chips
[preflop] player Sister_Lily_0_5 has 6084 chips
[preflop] player Mars_0_7 has 3016 chips
[preflop] player Sister_Lily_0_5 calls. Total bet is 20
[preflop] player Mars_0_7 folds
[preflop] player were_0_0 calls. Total bet is 20
[preflop] player yyyyyr_0_1 folds
[preflop] player XinWQNMLGB_0_2 calls. Total bet is 20
[preflop] player ssw_0_3 folds
[preflop] action
[preflop] call (0 chips). 
[preflop] player The Joker_0_4 calls. Total bet is 20
[flop] 4 diamond
[flop] 9 spade
[flop] A spade
[flop] round starts
[flop] player were_0_0 has 2932 chips
[flop] player yyyyyr_0_1 has 2982 chips
[flop] player XinWQNMLGB_0_2 has 2932 chips
[flop] player ssw_0_3 has 2973 chips
[flop] player The Joker_0_4 has 3011 chips
[flop] player Sister_Lily_0_5 has 6064 chips
[flop] player Mars_0_7 has 3016 chips
[flop] action
[flop] check
[flop] player The Joker_0_4 checks
[flop] player Sister_Lily_0_5 checks
[flop] player were_0_0 folds
[flop] player XinWQNMLGB_0_2 folds
[flop] round ends
[turn] 10 diamond
[turn] round starts
[turn] player were_0_0 has 2932 chips
[turn] player yyyyyr_0_1 has 2982 chips
[turn] player XinWQNMLGB_0_2 has 2932 chips
[turn] player ssw_0_3 has 2973 chips
[turn] player The Joker_0_4 has 3011 chips
[turn] player Sister_Lily_0_5 has 6064 chips
[turn] player Mars_0_7 has 3016 chips
[turn] action
[turn] check
[turn] player The Joker_0_4 checks
[turn] player Sister_Lily_0_5 checks
[turn] round ends
[river] 5 spade
[river] round starts
[river] player were_0_0 has 2932 chips
[river] player yyyyyr_0_1 has 2982 chips
[river] player XinWQNMLGB_0_2 has 2932 chips
[river] player ssw_0_3 has 2973 chips
[river] player The Joker_0_4 has 3011 chips
[river] player Sister_Lily_0_5 has 6064 chips
[river] player Mars_0_7 has 3016 chips
[river] action
[river] check
[river] player The Joker_0_4 checks
[river] player Sister_Lily_0_5 checks
[river] round ends
[SHOWDOWN] showdown starts
[SHOWDOWN] showdown
[SHOWDOWN] 9 spade A spade 10 diamond 5 spade J club
[SHOWDOWN] player Sister_Lily_0_5 shows Q spade 9 spade A spade 10 diamond 5 spade, which is high card.
[SHOWDOWN] player The Joker_0_4 shows 9 spade A spade 10 diamond 5 spade J club, which is high card.
[GAME STAT] pot 0 with 50 chips is shared by 1 players
[GAME STAT] player Sister_Lily_0_5 gets 50 chips from pot 0
[GAME STAT] pot 1 with 40 chips is shared by 1 players
[GAME STAT] player Sister_Lily_0_5 gets 40 chips from pot 1
[GAME STAT] overall statistics
[GAME STAT] player were_0_0 wins -20 chips in this game
[GAME STAT] player yyyyyr_0_1 wins 0 chips in this game
[GAME STAT] player XinWQNMLGB_0_2 wins -20 chips in this game
[GAME STAT] player ssw_0_3 wins -10 chips in this game
[GAME STAT] player The Joker_0_4 wins -20 chips in this game
[GAME STAT] player Sister_Lily_0_5 wins 70 chips in this game
[GAME STAT] player Mars_0_7 wins 0 chips in this game
[GAME 10] game ends, invoking player.game_end()
[GAME 11] game starts
[GAME INFO] number of participants in this game = 7
[GAME INFO] participant: were_0_0, chip = 2932
[GAME INFO] participant: yyyyyr_0_1, chip = 2982
[GAME INFO] participant: XinWQNMLGB_0_2, chip = 2932
[GAME INFO] participant: ssw_0_3, chip = 2973
[GAME INFO] participant: The Joker_0_4, chip = 3011
[GAME INFO] participant: Sister_Lily_0_5, chip = 6154
[GAME INFO] participant: Mars_0_7, chip = 3016
[GAME INFO] blind is 10
[GAME INFO] dealer is ssw_0_3
[GAME INFO] small blind 10 posted by The Joker_0_4
[GAME INFO] big blind 20 posted by Sister_Lily_0_5
[hole card] A diamond
[hole card] 4 spade
[preflop] round starts
[preflop] player were_0_0 has 2932 chips
[preflop] player yyyyyr_0_1 has 2982 chips
[preflop] player XinWQNMLGB_0_2 has 2932 chips
[preflop] player ssw_0_3 has 2973 chips
[preflop] player The Joker_0_4 has 3001 chips
[preflop] player Sister_Lily_0_5 has 6134 chips
[preflop] player Mars_0_7 has 3016 chips
[preflop] player Mars_0_7 calls. Total bet is 20
[preflop] player were_0_0 calls. Total bet is 20
[preflop] player yyyyyr_0_1 folds
[preflop] player XinWQNMLGB_0_2 calls. Total bet is 20
[preflop] player ssw_0_3 folds
[preflop] action
[preflop] call (10 chips). 
[preflop] player The Joker_0_4 calls. Total bet is 20
[preflop] player Sister_Lily_0_5 calls. Total bet is 20
[flop] J diamond
[flop] 3 club
[flop] 2 spade
[flop] round starts
[flop] player were_0_0 has 2912 chips
[flop] player yyyyyr_0_1 has 2982 chips
[flop] player XinWQNMLGB_0_2 has 2912 chips
[flop] player ssw_0_3 has 2973 chips
[flop] player The Joker_0_4 has 2991 chips
[flop] player Sister_Lily_0_5 has 6134 chips
[flop] player Mars_0_7 has 2996 chips
[flop] action
[flop] check
[flop] player The Joker_0_4 checks
[flop] player Sister_Lily_0_5 checks
[flop] player Mars_0_7 checks
[flop] player were_0_0 folds
[flop] player XinWQNMLGB_0_2 folds
[flop] round ends
[turn] 5 club
[turn] round starts
[turn] player were_0_0 has 2912 chips
[turn] player yyyyyr_0_1 has 2982 chips
[turn] player XinWQNMLGB_0_2 has 2912 chips
[turn] player ssw_0_3 has 2973 chips
[turn] player The Joker_0_4 has 2991 chips
[turn] player Sister_Lily_0_5 has 6134 chips
[turn] player Mars_0_7 has 2996 chips
[turn] action
[turn] check
[turn] player The Joker_0_4 checks
[turn] player Sister_Lily_0_5 checks
[turn] player Mars_0_7 checks
[turn] round ends
[river] Q heart
[river] round starts
[river] player were_0_0 has 2912 chips
[river] player yyyyyr_0_1 has 2982 chips
[river] player XinWQNMLGB_0_2 has 2912 chips
[river] player ssw_0_3 has 2973 chips
[river] player The Joker_0_4 has 2991 chips
[river] player Sister_Lily_0_5 has 6134 chips
[river] player Mars_0_7 has 2996 chips
[river] action
[river] raise 949 (949 chips).
[river] player The Joker_0_4 raises 949. Total bet is 949
[river] player Sister_Lily_0_5 folds
[river] player Mars_0_7 folds
[GAME STAT] pot 0 with 100 chips is shared by 1 players
[GAME STAT] player The Joker_0_4 gets 100 chips from pot 0
[GAME STAT] pot 1 with 949 chips is shared by 1 players
[GAME STAT] player The Joker_0_4 gets 949 chips from pot 1
[GAME STAT] overall statistics
[GAME STAT] player were_0_0 wins -20 chips in this game
[GAME STAT] player yyyyyr_0_1 wins 0 chips in this game
[GAME STAT] player XinWQNMLGB_0_2 wins -20 chips in this game
[GAME STAT] player ssw_0_3 wins 0 chips in this game
[GAME STAT] player The Joker_0_4 wins 80 chips in this game
[GAME STAT] player Sister_Lily_0_5 wins -20 chips in this game
[GAME STAT] player Mars_0_7 wins -20 chips in this game
[GAME 11] game ends, invoking player.game_end()
[GAME 12] game starts
[GAME INFO] number of participants in this game = 7
[GAME INFO] participant: were_0_0, chip = 2912
[GAME INFO] participant: yyyyyr_0_1, chip = 2982
[GAME INFO] participant: XinWQNMLGB_0_2, chip = 2912
[GAME INFO] participant: ssw_0_3, chip = 2973
[GAME INFO] participant: The Joker_0_4, chip = 3091
[GAME INFO] participant: Sister_Lily_0_5, chip = 6134
[GAME INFO] participant: Mars_0_7, chip = 2996
[GAME INFO] blind is 10
[GAME INFO] dealer is The Joker_0_4
[GAME INFO] small blind 10 posted by Sister_Lily_0_5
[GAME INFO] big blind 20 posted by Mars_0_7
[hole card] 2 heart
[hole card] 8 heart
[preflop] round starts
[preflop] player were_0_0 has 2912 chips
[preflop] player yyyyyr_0_1 has 2982 chips
[preflop] player XinWQNMLGB_0_2 has 2912 chips
[preflop] player ssw_0_3 has 2973 chips
[preflop] player The Joker_0_4 has 3091 chips
[preflop] player Sister_Lily_0_5 has 6124 chips
[preflop] player Mars_0_7 has 2976 chips
[preflop] player were_0_0 calls. Total bet is 20
[preflop] player yyyyyr_0_1 calls. Total bet is 20
[preflop] player XinWQNMLGB_0_2 calls. Total bet is 20
[preflop] player ssw_0_3 calls. Total bet is 20
[preflop] action
[WARNING] CANNOT check when another player has raised
[preflop] player The Joker_0_4 folds
[preflop] player Sister_Lily_0_5 calls. Total bet is 20
[preflop] player Mars_0_7 calls. Total bet is 20
[flop] A spade
[flop] Q spade
[flop] 5 diamond
[flop] round starts
[flop] player were_0_0 has 2892 chips
[flop] player yyyyyr_0_1 has 2962 chips
[flop] player XinWQNMLGB_0_2 has 2892 chips
[flop] player ssw_0_3 has 2953 chips
[flop] player The Joker_0_4 has 3091 chips
[flop] player Sister_Lily_0_5 has 6114 chips
[flop] player Mars_0_7 has 2976 chips
[flop] player Sister_Lily_0_5 checks
[flop] player Mars_0_7 checks
[flop] player were_0_0 folds
[flop] player yyyyyr_0_1 checks
[flop] player XinWQNMLGB_0_2 folds
[flop] player ssw_0_3 checks
[flop] round ends
[turn] 9 club
[turn] round starts
[turn] player were_0_0 has 2892 chips
[turn] player yyyyyr_0_1 has 2962 chips
[turn] player XinWQNMLGB_0_2 has 2892 chips
[turn] player ssw_0_3 has 2953 chips
[turn] player The Joker_0_4 has 3091 chips
[turn] player Sister_Lily_0_5 has 6114 chips
[turn] player Mars_0_7 has 2976 chips
[turn] player Sister_Lily_0_5 checks
[turn] player Mars_0_7 checks
[turn] player yyyyyr_0_1 checks
[turn] player ssw_0_3 checks
[turn] round ends
[river] 2 diamond
[river] round starts
[river] player were_0_0 has 2892 chips
[river] player yyyyyr_0_1 has 2962 chips
[river] player XinWQNMLGB_0_2 has 2892 chips
[river] player ssw_0_3 has 2953 chips
[river] player The Joker_0_4 has 3091 chips
[river] player Sister_Lily_0_5 has 6114 chips
[river] player Mars_0_7 has 2976 chips
[river] player Sister_Lily_0_5 checks
[river] player Mars_0_7 checks
[river] player yyyyyr_0_1 checks
[river] player ssw_0_3 checks
[river] round ends
[SHOWDOWN] showdown starts
[SHOWDOWN] player ssw_0_3 shows A heart Q heart A spade Q spade 9 club, which is two pair.
[SHOWDOWN] player yyyyyr_0_1 shows A club 10 club A spade Q spade 9 club, which is one pair.
[SHOWDOWN] player Sister_Lily_0_5 shows K club 5 spade A spade Q spade 5 diamond, which is one pair.
[SHOWDOWN] player Mars_0_7 shows 5 diamond 9 club A spade J spade Q spade, which is high card.
[GAME STAT] pot 0 with 120 chips is shared by 1 players
[GAME STAT] player ssw_0_3 gets 120 chips from pot 0
[GAME STAT] overall statistics
[GAME STAT] player were_0_0 wins -20 chips in this game
[GAME STAT] player yyyyyr_0_1 wins -20 chips in this game
[GAME STAT] player XinWQNMLGB_0_2 wins -20 chips in this game
[GAME STAT] player ssw_0_3 wins 100 chips in this game
[GAME STAT] player The Joker_0_4 wins 0 chips in this game
[GAME STAT] player Sister_Lily_0_5 wins -20 chips in this game
[GAME STAT] player Mars_0_7 wins -20 chips in this game
[GAME 12] game ends, invoking player.game_end()
[GAME 13] game starts
[GAME INFO] number of participants in this game = 7
[GAME INFO] participant: were_0_0, chip = 2892
[GAME INFO] participant: yyyyyr_0_1, chip = 2962
[GAME INFO] participant: XinWQNMLGB_0_2, chip = 2892
[GAME INFO] participant: ssw_0_3, chip = 3073
[GAME INFO] participant: The Joker_0_4, chip = 3091
[GAME INFO] participant: Sister_Lily_0_5, chip = 6114
[GAME INFO] participant: Mars_0_7, chip = 2976
[GAME INFO] blind is 20
[GAME INFO] dealer is Sister_Lily_0_5
[GAME INFO] small blind 20 posted by Mars_0_7
[GAME INFO] big blind 40 posted by were_0_0
[hole card] A diamond
[hole card] 9 club
[preflop] round starts
[preflop] player were_0_0 has 2852 chips
[preflop] player yyyyyr_0_1 has 2962 chips
[preflop] player XinWQNMLGB_0_2 has 2892 chips
[preflop] player ssw_0_3 has 3073 chips
[preflop] player The Joker_0_4 has 3091 chips
[preflop] player Sister_Lily_0_5 has 6114 chips
[preflop] player Mars_0_7 has 2956 chips
[preflop] player yyyyyr_0_1 calls. Total bet is 40
[preflop] player XinWQNMLGB_0_2 calls. Total bet is 40
[preflop] player ssw_0_3 folds
[preflop] action
[WARNING] CANNOT check when another player has raised
[preflop] player The Joker_0_4 folds
[preflop] player Sister_Lily_0_5 calls. Total bet is 40
[preflop] player Mars_0_7 calls. Total bet is 40
[preflop] player were_0_0 calls. Total bet is 40
[flop] 3 spade
[flop] 7 heart
[flop] 10 diamond
[flop] round starts
[flop] player were_0_0 has 2852 chips
[flop] player yyyyyr_0_1 has 2922 chips
[flop] player XinWQNMLGB_0_2 has 2852 chips
[flop] player ssw_0_3 has 3073 chips
[flop] player The Joker_0_4 has 3091 chips
[flop] player Sister_Lily_0_5 has 6074 chips
[flop] player Mars_0_7 has 2936 chips
[flop] player Mars_0_7 checks
[flop] player were_0_0 folds
[flop] player yyyyyr_0_1 checks
[flop] player XinWQNMLGB_0_2 folds
[flop] player Sister_Lily_0_5 checks
[flop] round ends
[turn] 10 club
[turn] round starts
[turn] player were_0_0 has 2852 chips
[turn] player yyyyyr_0_1 has 2922 chips
[turn] player XinWQNMLGB_0_2 has 2852 chips
[turn] player ssw_0_3 has 3073 chips
[turn] player The Joker_0_4 has 3091 chips
[turn] player Sister_Lily_0_5 has 6074 chips
[turn] player Mars_0_7 has 2936 chips
[turn] player Mars_0_7 checks
[turn] player yyyyyr_0_1 checks
[turn] player Sister_Lily_0_5 checks
[turn] round ends
[river] J heart
[river] round starts
[river] player were_0_0 has 2852 chips
[river] player yyyyyr_0_1 has 2922 chips
[river] player XinWQNMLGB_0_2 has 2852 chips
[river] player ssw_0_3 has 3073 chips
[river] player The Joker_0_4 has 3091 chips
[river] player Sister_Lily_0_5 has 6074 chips
[river] player Mars_0_7 has 2936 chips
[river] player Mars_0_7 checks
[river] player yyyyyr_0_1 checks
[river] player Sister_Lily_0_5 checks
[river] round ends
[SHOWDOWN] showdown starts
[SHOWDOWN] player yyyyyr_0_1 shows K club Q spade 10 diamond 10 club J heart, which is one pair.
[SHOWDOWN] player Sister_Lily_0_5 shows Q diamond 7 heart 10 diamond 10 club J heart, which is one pair.
[SHOWDOWN] player Mars_0_7 shows 7 heart J heart Q heart 10 club 10 diamond, which is one pair.
[GAME STAT] pot 0 with 200 chips is shared by 1 players
[GAME STAT] player yyyyyr_0_1 gets 200 chips from pot 0
[GAME STAT] overall statistics
[GAME STAT] player were_0_0 wins -40 chips in this game
[GAME STAT] player yyyyyr_0_1 wins 160 chips in this game
[GAME STAT] player XinWQNMLGB_0_2 wins -40 chips in this game
[GAME STAT] player ssw_0_3 wins 0 chips in this game
[GAME STAT] player The Joker_0_4 wins 0 chips in this game
[GAME STAT] player Sister_Lily_0_5 wins -40 chips in this game
[GAME STAT] player Mars_0_7 wins -40 chips in this game
[GAME 13] game ends, invoking player.game_end()
[GAME 14] game starts
[GAME INFO] number of participants in this game = 7
[GAME INFO] participant: were_0_0, chip = 2852
[GAME INFO] participant: yyyyyr_0_1, chip = 3122
[GAME INFO] participant: XinWQNMLGB_0_2, chip = 2852
[GAME INFO] participant: ssw_0_3, chip = 3073
[GAME INFO] participant: The Joker_0_4, chip = 3091
[GAME INFO] participant: Sister_Lily_0_5, chip = 6074
[GAME INFO] participant: Mars_0_7, chip = 2936
[GAME INFO] blind is 20
[GAME INFO] dealer is Mars_0_7
[GAME INFO] small blind 20 posted by were_0_0
[GAME INFO] big blind 40 posted by yyyyyr_0_1
[hole card] 6 club
[hole card] A heart
[preflop] round starts
[preflop] player were_0_0 has 2832 chips
[preflop] player yyyyyr_0_1 has 3082 chips
[preflop] player XinWQNMLGB_0_2 has 2852 chips
[preflop] player ssw_0_3 has 3073 chips
[preflop] player The Joker_0_4 has 3091 chips
[preflop] player Sister_Lily_0_5 has 6074 chips
[preflop] player Mars_0_7 has 2936 chips
[preflop] player XinWQNMLGB_0_2 calls. Total bet is 40
[preflop] player ssw_0_3 folds
[preflop] action
[WARNING] CANNOT check when another player has raised
[preflop] player The Joker_0_4 folds
[preflop] player Sister_Lily_0_5 calls. Total bet is 40
[preflop] player Mars_0_7 folds
[preflop] player were_0_0 calls. Total bet is 40
[preflop] player yyyyyr_0_1 folds
[flop] 7 spade
[flop] 4 spade
[flop] Q spade
[flop] round starts
[flop] player were_0_0 has 2812 chips
[flop] player yyyyyr_0_1 has 3082 chips
[flop] player XinWQNMLGB_0_2 has 2812 chips
[flop] player ssw_0_3 has 3073 chips
[flop] player The Joker_0_4 has 3091 chips
[flop] player Sister_Lily_0_5 has 6034 chips
[flop] player Mars_0_7 has 2936 chips
[flop] player were_0_0 folds
[flop] player XinWQNMLGB_0_2 folds
[flop] round ends
[GAME STAT] pot 0 with 160 chips is shared by 1 players
[GAME STAT] player Sister_Lily_0_5 gets 160 chips from pot 0
[GAME STAT] overall statistics
[GAME STAT] player were_0_0 wins -40 chips in this game
[GAME STAT] player yyyyyr_0_1 wins -40 chips in this game
[GAME STAT] player XinWQNMLGB_0_2 wins -40 chips in this game
[GAME STAT] player ssw_0_3 wins 0 chips in this game
[GAME STAT] player The Joker_0_4 wins 0 chips in this game
[GAME STAT] player Sister_Lily_0_5 wins 120 chips in this game
[GAME STAT] player Mars_0_7 wins 0 chips in this game
[GAME 14] game ends, invoking player.game_end()
[GAME 15] game starts
[GAME INFO] number of participants in this game = 7
[GAME INFO] participant: were_0_0, chip = 2812
[GAME INFO] participant: yyyyyr_0_1, chip = 3082
[GAME INFO] participant: XinWQNMLGB_0_2, chip = 2812
[GAME INFO] participant: ssw_0_3, chip = 3073
[GAME INFO] participant: The Joker_0_4, chip = 3091
[GAME INFO] participant: Sister_Lily_0_5, chip = 6194
[GAME INFO] participant: Mars_0_7, chip = 2936
[GAME INFO] blind is 20
[GAME INFO] dealer is were_0_0
[GAME INFO] small blind 20 posted by yyyyyr_0_1
[GAME INFO] big blind 40 posted by XinWQNMLGB_0_2
[hole card] 5 heart
[hole card] 5 diamond
[preflop] round starts
[preflop] player were_0_0 has 2812 chips
[preflop] player yyyyyr_0_1 has 3062 chips
[preflop] player XinWQNMLGB_0_2 has 2772 chips
[preflop] player ssw_0_3 has 3073 chips
[preflop] player The Joker_0_4 has 3091 chips
[preflop] player Sister_Lily_0_5 has 6194 chips
[preflop] player Mars_0_7 has 2936 chips
[preflop] player ssw_0_3 folds
[preflop] action
[WARNING] CANNOT check when another player has raised
[preflop] player The Joker_0_4 folds
[preflop] player Sister_Lily_0_5 calls. Total bet is 40
[preflop] player Mars_0_7 calls. Total bet is 40
[preflop] player were_0_0 calls. Total bet is 40
[preflop] player yyyyyr_0_1 folds
[preflop] player XinWQNMLGB_0_2 calls. Total bet is 40
[flop] 7 spade
[flop] 4 club
[flop] 9 spade
[flop] round starts
[flop] player were_0_0 has 2772 chips
[flop] player yyyyyr_0_1 has 3062 chips
[flop] player XinWQNMLGB_0_2 has 2772 chips
[flop] player ssw_0_3 has 3073 chips
[flop] player The Joker_0_4 has 3091 chips
[flop] player Sister_Lily_0_5 has 6154 chips
[flop] player Mars_0_7 has 2896 chips
[flop] player XinWQNMLGB_0_2 folds
[flop] player Sister_Lily_0_5 checks
[flop] player Mars_0_7 checks
[flop] player were_0_0 folds
[flop] round ends
[turn] 10 diamond
[turn] round starts
[turn] player were_0_0 has 2772 chips
[turn] player yyyyyr_0_1 has 3062 chips
[turn] player XinWQNMLGB_0_2 has 2772 chips
[turn] player ssw_0_3 has 3073 chips
[turn] player The Joker_0_4 has 3091 chips
[turn] player Sister_Lily_0_5 has 6154 chips
[turn] player Mars_0_7 has 2896 chips
[turn] player Sister_Lily_0_5 checks
[turn] player Mars_0_7 checks
[turn] round ends
[river] 8 spade
[river] round starts
[river] player were_0_0 has 2772 chips
[river] player yyyyyr_0_1 has 3062 chips
[river] player XinWQNMLGB_0_2 has 2772 chips
[river] player ssw_0_3 has 3073 chips
[river] player The Joker_0_4 has 3091 chips
[river] player Sister_Lily_0_5 has 6154 chips
[river] player Mars_0_7 has 2896 chips
[river] player Sister_Lily_0_5 checks
[river] player Mars_0_7 checks
[river] round ends
[SHOWDOWN] showdown starts
[SHOWDOWN] player Mars_0_7 shows 6 club 7 spade 8 spade 9 spade 10 diamond, which is straight.
[SHOWDOWN] player Sister_Lily_0_5 shows 7 heart 7 spade 9 spade 10 diamond 8 spade, which is one pair.
[GAME STAT] pot 0 with 100 chips is shared by 1 players
[GAME STAT] player Mars_0_7 gets 100 chips from pot 0
[GAME STAT] pot 1 with 80 chips is shared by 1 players
[GAME STAT] player Mars_0_7 gets 80 chips from pot 1
[GAME STAT] overall statistics
[GAME STAT] player were_0_0 wins -40 chips in this game
[GAME STAT] player yyyyyr_0_1 wins -20 chips in this game
[GAME STAT] player XinWQNMLGB_0_2 wins -40 chips in this game
[GAME STAT] player ssw_0_3 wins 0 chips in this game
[GAME STAT] player The Joker_0_4 wins 0 chips in this game
[GAME STAT] player Sister_Lily_0_5 wins -40 chips in this game
[GAME STAT] player Mars_0_7 wins 140 chips in this game
[GAME 15] game ends, invoking player.game_end()
[GAME 16] game starts
[GAME INFO] number of participants in this game = 7
[GAME INFO] participant: were_0_0, chip = 2772
[GAME INFO] participant: yyyyyr_0_1, chip = 3062
[GAME INFO] participant: XinWQNMLGB_0_2, chip = 2772
[GAME INFO] participant: ssw_0_3, chip = 3073
[GAME INFO] participant: The Joker_0_4, chip = 3091
[GAME INFO] participant: Sister_Lily_0_5, chip = 6154
[GAME INFO] participant: Mars_0_7, chip = 3076
[GAME INFO] blind is 50
[GAME INFO] dealer is yyyyyr_0_1
[GAME INFO] small blind 50 posted by XinWQNMLGB_0_2
[GAME INFO] big blind 100 posted by ssw_0_3
[hole card] J heart
[hole card] 4 diamond
[preflop] round starts
[preflop] player were_0_0 has 2772 chips
[preflop] player yyyyyr_0_1 has 3062 chips
[preflop] player XinWQNMLGB_0_2 has 2722 chips
[preflop] player ssw_0_3 has 2973 chips
[preflop] player The Joker_0_4 has 3091 chips
[preflop] player Sister_Lily_0_5 has 6154 chips
[preflop] player Mars_0_7 has 3076 chips
[preflop] action
[WARNING] CANNOT check when another player has raised
[preflop] player The Joker_0_4 folds
[preflop] player Sister_Lily_0_5 calls. Total bet is 100
[preflop] player Mars_0_7 calls. Total bet is 100
[preflop] player were_0_0 calls. Total bet is 100
[preflop] player yyyyyr_0_1 folds
[preflop] player XinWQNMLGB_0_2 calls. Total bet is 100
[preflop] player ssw_0_3 folds
[flop] K club
[flop] Q diamond
[flop] 7 spade
[flop] round starts
[flop] player were_0_0 has 2672 chips
[flop] player yyyyyr_0_1 has 3062 chips
[flop] player XinWQNMLGB_0_2 has 2672 chips
[flop] player ssw_0_3 has 2973 chips
[flop] player The Joker_0_4 has 3091 chips
[flop] player Sister_Lily_0_5 has 6054 chips
[flop] player Mars_0_7 has 2976 chips
[flop] player XinWQNMLGB_0_2 folds
[flop] player Sister_Lily_0_5 checks
[flop] player Mars_0_7 checks
[flop] player were_0_0 folds
[flop] round ends
[turn] 7 heart
[turn] round starts
[turn] player were_0_0 has 2672 chips
[turn] player yyyyyr_0_1 has 3062 chips
[turn] player XinWQNMLGB_0_2 has 2672 chips
[turn] player ssw_0_3 has 2973 chips
[turn] player The Joker_0_4 has 3091 chips
[turn] player Sister_Lily_0_5 has 6054 chips
[turn] player Mars_0_7 has 2976 chips
[turn] player Sister_Lily_0_5 goes all in (6054 chips). Total bet is 6054
[turn] player Mars_0_7 folds
[GAME STAT] pot 0 with 500 chips is shared by 1 players
[GAME STAT] player Sister_Lily_0_5 gets 500 chips from pot 0
[GAME STAT] pot 1 with 6054 chips is shared by 1 players
[GAME STAT] player Sister_Lily_0_5 gets 6054 chips from pot 1
[GAME STAT] overall statistics
[GAME STAT] player were_0_0 wins -100 chips in this game
[GAME STAT] player yyyyyr_0_1 wins 0 chips in this game
[GAME STAT] player XinWQNMLGB_0_2 wins -100 chips in this game
[GAME STAT] player ssw_0_3 wins -100 chips in this game
[GAME STAT] player The Joker_0_4 wins 0 chips in this game
[GAME STAT] player Sister_Lily_0_5 wins 400 chips in this game
[GAME STAT] player Mars_0_7 wins -100 chips in this game
[GAME 16] game ends, invoking player.game_end()
[GAME 17] game starts
[GAME INFO] number of participants in this game = 7
[GAME INFO] participant: were_0_0, chip = 2672
[GAME INFO] participant: yyyyyr_0_1, chip = 3062
[GAME INFO] participant: XinWQNMLGB_0_2, chip = 2672
[GAME INFO] participant: ssw_0_3, chip = 2973
[GAME INFO] participant: The Joker_0_4, chip = 3091
[GAME INFO] participant: Sister_Lily_0_5, chip = 6554
[GAME INFO] participant: Mars_0_7, chip = 2976
[GAME INFO] blind is 50
[GAME INFO] dealer is XinWQNMLGB_0_2
[GAME INFO] small blind 50 posted by ssw_0_3
[GAME INFO] big blind 100 posted by The Joker_0_4
[hole card] 8 spade
[hole card] 2 spade
[preflop] round starts
[preflop] player were_0_0 has 2672 chips
[preflop] player yyyyyr_0_1 has 3062 chips
[preflop] player XinWQNMLGB_0_2 has 2672 chips
[preflop] player ssw_0_3 has 2923 chips
[preflop] player The Joker_0_4 has 2991 chips
[preflop] player Sister_Lily_0_5 has 6554 chips
[preflop] player Mars_0_7 has 2976 chips
[preflop] player Sister_Lily_0_5 calls. Total bet is 100
[preflop] player Mars_0_7 calls. Total bet is 100
[preflop] player were_0_0 calls. Total bet is 100
[preflop] player yyyyyr_0_1 folds
[preflop] player XinWQNMLGB_0_2 calls. Total bet is 100
[preflop] player ssw_0_3 folds
[preflop] action
[preflop] call (0 chips). 
[preflop] player The Joker_0_4 calls. Total bet is 100
[flop] K spade
[flop] 10 diamond
[flop] A spade
[flop] round starts
[flop] player were_0_0 has 2572 chips
[flop] player yyyyyr_0_1 has 3062 chips
[flop] player XinWQNMLGB_0_2 has 2572 chips
[flop] player ssw_0_3 has 2923 chips
[flop] player The Joker_0_4 has 2991 chips
[flop] player Sister_Lily_0_5 has 6454 chips
[flop] player Mars_0_7 has 2876 chips
[flop] action
[flop] check
[flop] player The Joker_0_4 checks
[flop] player Sister_Lily_0_5 checks
[flop] player Mars_0_7 checks
[flop] player were_0_0 folds
[flop] player XinWQNMLGB_0_2 folds
[flop] round ends
[turn] J diamond
[turn] round starts
[turn] player were_0_0 has 2572 chips
[turn] player yyyyyr_0_1 has 3062 chips
[turn] player XinWQNMLGB_0_2 has 2572 chips
[turn] player ssw_0_3 has 2923 chips
[turn] player The Joker_0_4 has 2991 chips
[turn] player Sister_Lily_0_5 has 6454 chips
[turn] player Mars_0_7 has 2876 chips
[turn] action
[turn] check
[turn] player The Joker_0_4 checks
[turn] player Sister_Lily_0_5 checks
[turn] player Mars_0_7 checks
[turn] round ends
[river] Q spade
[river] round starts
[river] player were_0_0 has 2572 chips
[river] player yyyyyr_0_1 has 3062 chips
[river] player XinWQNMLGB_0_2 has 2572 chips
[river] player ssw_0_3 has 2923 chips
[river] player The Joker_0_4 has 2991 chips
[river] player Sister_Lily_0_5 has 6454 chips
[river] player Mars_0_7 has 2876 chips
[river] action
[river] check
[river] player The Joker_0_4 checks
[river] player Sister_Lily_0_5 goes all in (6454 chips). Total bet is 6454
[river] player Mars_0_7 goes all in (2876 chips). Total bet is 2876
[river] action
[river] insufficient chips to raise 6454 (need 12908, has 2991). All in.
[river] player The Joker_0_4 goes all in (2991 chips). Total bet is 2991
[SHOWDOWN] showdown starts
[SHOWDOWN] showdown
[SHOWDOWN] K spade A spade Q spade 8 spade 2 spade
[SHOWDOWN] player The Joker_0_4 shows K spade A spade Q spade 8 spade 2 spade, which is flush.
[SHOWDOWN] player Sister_Lily_0_5 shows K spade 10 diamond A spade J diamond Q spade, which is straight.
[SHOWDOWN] player Mars_0_7 shows A diamond J diamond K spade Q spade 10 diamond, which is straight.
[GAME STAT] pot 0 with 300 chips is shared by 1 players
[GAME STAT] player The Joker_0_4 gets 300 chips from pot 0
[GAME STAT] pot 1 with 250 chips is shared by 1 players
[GAME STAT] player The Joker_0_4 gets 250 chips from pot 1
[GAME STAT] pot 2 with 8628 chips is shared by 1 players
[GAME STAT] player The Joker_0_4 gets 8628 chips from pot 2
[GAME STAT] pot 3 with 230 chips is shared by 1 players
[GAME STAT] player The Joker_0_4 gets 230 chips from pot 3
[GAME STAT] pot 4 with 3463 chips is shared by 1 players
[GAME STAT] player Sister_Lily_0_5 gets 3463 chips from pot 4
[GAME STAT] overall statistics
[GAME STAT] player were_0_0 wins -100 chips in this game
[GAME STAT] player yyyyyr_0_1 wins 0 chips in this game
[GAME STAT] player XinWQNMLGB_0_2 wins -100 chips in this game
[GAME STAT] player ssw_0_3 wins -50 chips in this game
[GAME STAT] player The Joker_0_4 wins 6317 chips in this game
[GAME STAT] player Sister_Lily_0_5 wins -3091 chips in this game
[GAME STAT] player Mars_0_7 wins -2976 chips in this game
[GAME 17] game ends, invoking player.game_end()
[GAME 18] game starts
[GAME INFO] number of participants in this game = 6
[GAME INFO] participant: were_0_0, chip = 2572
[GAME INFO] participant: yyyyyr_0_1, chip = 3062
[GAME INFO] participant: XinWQNMLGB_0_2, chip = 2572
[GAME INFO] participant: ssw_0_3, chip = 2923
[GAME INFO] participant: The Joker_0_4, chip = 9408
[GAME INFO] participant: Sister_Lily_0_5, chip = 3463
[GAME INFO] blind is 50
[GAME INFO] dealer is ssw_0_3
[GAME INFO] small blind 50 posted by The Joker_0_4
[GAME INFO] big blind 100 posted by Sister_Lily_0_5
[hole card] J club
[hole card] 8 club
[preflop] round starts
[preflop] player were_0_0 has 2572 chips
[preflop] player yyyyyr_0_1 has 3062 chips
[preflop] player XinWQNMLGB_0_2 has 2572 chips
[preflop] player ssw_0_3 has 2923 chips
[preflop] player The Joker_0_4 has 9358 chips
[preflop] player Sister_Lily_0_5 has 3363 chips
[preflop] player were_0_0 calls. Total bet is 100
[preflop] player yyyyyr_0_1 folds
[preflop] player XinWQNMLGB_0_2 calls. Total bet is 100
[preflop] player ssw_0_3 folds
[preflop] action
[preflop] call (50 chips). 
[preflop] player The Joker_0_4 calls. Total bet is 100
[preflop] player Sister_Lily_0_5 calls. Total bet is 100
[flop] J heart
[flop] A club
[flop] K diamond
[flop] round starts
[flop] player were_0_0 has 2472 chips
[flop] player yyyyyr_0_1 has 3062 chips
[flop] player XinWQNMLGB_0_2 has 2472 chips
[flop] player ssw_0_3 has 2923 chips
[flop] player The Joker_0_4 has 9308 chips
[flop] player Sister_Lily_0_5 has 3363 chips
[flop] action
[flop] check
[flop] player The Joker_0_4 checks
[flop] player Sister_Lily_0_5 checks
[flop] player were_0_0 folds
[flop] player XinWQNMLGB_0_2 folds
[flop] round ends
[turn] 3 spade
[turn] round starts
[turn] player were_0_0 has 2472 chips
[turn] player yyyyyr_0_1 has 3062 chips
[turn] player XinWQNMLGB_0_2 has 2472 chips
[turn] player ssw_0_3 has 2923 chips
[turn] player The Joker_0_4 has 9308 chips
[turn] player Sister_Lily_0_5 has 3363 chips
[turn] action
[turn] check
[turn] player The Joker_0_4 checks
[turn] player Sister_Lily_0_5 checks
[turn] round ends
[river] 9 diamond
[river] round starts
[river] player were_0_0 has 2472 chips
[river] player yyyyyr_0_1 has 3062 chips
[river] player XinWQNMLGB_0_2 has 2472 chips
[river] player ssw_0_3 has 2923 chips
[river] player The Joker_0_4 has 9308 chips
[river] player Sister_Lily_0_5 has 3363 chips
[river] action
[river] check
[river] player The Joker_0_4 checks
[river] player Sister_Lily_0_5 checks
[river] round ends
[SHOWDOWN] showdown starts
[SHOWDOWN] showdown
[SHOWDOWN] J heart A club K diamond 9 diamond J club
[SHOWDOWN] player The Joker_0_4 shows J heart A club K diamond 9 diamond J club, which is one pair.
[SHOWDOWN] player Sister_Lily_0_5 shows 10 club J heart A club K diamond 9 diamond, which is high card.
[GAME STAT] pot 0 with 400 chips is shared by 1 players
[GAME STAT] player The Joker_0_4 gets 400 chips from pot 0
[GAME STAT] overall statistics
[GAME STAT] player were_0_0 wins -100 chips in this game
[GAME STAT] player yyyyyr_0_1 wins 0 chips in this game
[GAME STAT] player XinWQNMLGB_0_2 wins -100 chips in this game
[GAME STAT] player ssw_0_3 wins 0 chips in this game
[GAME STAT] player The Joker_0_4 wins 300 chips in this game
[GAME STAT] player Sister_Lily_0_5 wins -100 chips in this game
[GAME 18] game ends, invoking player.game_end()
[GAME 19] game starts
[GAME INFO] number of participants in this game = 6
[GAME INFO] participant: were_0_0, chip = 2472
[GAME INFO] participant: yyyyyr_0_1, chip = 3062
[GAME INFO] participant: XinWQNMLGB_0_2, chip = 2472
[GAME INFO] participant: ssw_0_3, chip = 2923
[GAME INFO] participant: The Joker_0_4, chip = 9708
[GAME INFO] participant: Sister_Lily_0_5, chip = 3363
[GAME INFO] blind is 100
[GAME INFO] dealer is The Joker_0_4
[GAME INFO] small blind 100 posted by Sister_Lily_0_5
[GAME INFO] big blind 200 posted by were_0_0
[hole card] 7 club
[hole card] K diamond
[preflop] round starts
[preflop] player were_0_0 has 2272 chips
[preflop] player yyyyyr_0_1 has 3062 chips
[preflop] player XinWQNMLGB_0_2 has 2472 chips
[preflop] player ssw_0_3 has 2923 chips
[preflop] player The Joker_0_4 has 9708 chips
[preflop] player Sister_Lily_0_5 has 3263 chips
[preflop] player yyyyyr_0_1 calls. Total bet is 200
[preflop] player XinWQNMLGB_0_2 calls. Total bet is 200
[preflop] player ssw_0_3 calls. Total bet is 200
[preflop] action
[WARNING] CANNOT check when another player has raised
[preflop] player The Joker_0_4 folds
[preflop] player Sister_Lily_0_5 calls. Total bet is 200
[preflop] player were_0_0 calls. Total bet is 200
[flop] 6 diamond
[flop] 10 diamond
[flop] 9 club
[flop] round starts
[flop] player were_0_0 has 2272 chips
[flop] player yyyyyr_0_1 has 2862 chips
[flop] player XinWQNMLGB_0_2 has 2272 chips
[flop] player ssw_0_3 has 2723 chips
[flop] player The Joker_0_4 has 9708 chips
[flop] player Sister_Lily_0_5 has 3163 chips
[flop] player Sister_Lily_0_5 checks
[flop] player were_0_0 folds
[flop] player yyyyyr_0_1 checks
[flop] player XinWQNMLGB_0_2 folds
[flop] player ssw_0_3 checks
[flop] round ends
[turn] 6 club
[turn] round starts
[turn] player were_0_0 has 2272 chips
[turn] player yyyyyr_0_1 has 2862 chips
[turn] player XinWQNMLGB_0_2 has 2272 chips
[turn] player ssw_0_3 has 2723 chips
[turn] player The Joker_0_4 has 9708 chips
[turn] player Sister_Lily_0_5 has 3163 chips
[turn] player Sister_Lily_0_5 checks
[turn] player yyyyyr_0_1 checks
[turn] player ssw_0_3 checks
[turn] round ends
[river] Q club
[river] round starts
[river] player were_0_0 has 2272 chips
[river] player yyyyyr_0_1 has 2862 chips
[river] player XinWQNMLGB_0_2 has 2272 chips
[river] player ssw_0_3 has 2723 chips
[river] player The Joker_0_4 has 9708 chips
[river] player Sister_Lily_0_5 has 3163 chips
[river] player Sister_Lily_0_5 checks
[river] player yyyyyr_0_1 checks
[river] player ssw_0_3 checks
[river] round ends
[SHOWDOWN] showdown starts
[SHOWDOWN] player Sister_Lily_0_5 shows Q spade 6 diamond 10 diamond 6 club Q club, which is two pair.
[SHOWDOWN] player yyyyyr_0_1 shows A club K heart 6 diamond 6 club Q club, which is one pair.
[SHOWDOWN] player ssw_0_3 shows K club A diamond 6 diamond 6 club Q club, which is one pair.
[GAME STAT] pot 0 with 1000 chips is shared by 1 players
[GAME STAT] player Sister_Lily_0_5 gets 1000 chips from pot 0
[GAME STAT] overall statistics
[GAME STAT] player were_0_0 wins -200 chips in this game
[GAME STAT] player yyyyyr_0_1 wins -200 chips in this game
[GAME STAT] player XinWQNMLGB_0_2 wins -200 chips in this game
[GAME STAT] player ssw_0_3 wins -200 chips in this game
[GAME STAT] player The Joker_0_4 wins 0 chips in this game
[GAME STAT] player Sister_Lily_0_5 wins 800 chips in this game
[GAME 19] game ends, invoking player.game_end()
[GAME 20] game starts
[GAME INFO] number of participants in this game = 6
[GAME INFO] participant: were_0_0, chip = 2272
[GAME INFO] participant: yyyyyr_0_1, chip = 2862
[GAME INFO] participant: XinWQNMLGB_0_2, chip = 2272
[GAME INFO] participant: ssw_0_3, chip = 2723
[GAME INFO] participant: The Joker_0_4, chip = 9708
[GAME INFO] participant: Sister_Lily_0_5, chip = 4163
[GAME INFO] blind is 100
[GAME INFO] dealer is Sister_Lily_0_5
[GAME INFO] small blind 100 posted by were_0_0
[GAME INFO] big blind 200 posted by yyyyyr_0_1
[hole card] 9 club
[hole card] J heart
[preflop] round starts
[preflop] player were_0_0 has 2172 chips
[preflop] player yyyyyr_0_1 has 2662 chips
[preflop] player XinWQNMLGB_0_2 has 2272 chips
[preflop] player ssw_0_3 has 2723 chips
[preflop] player The Joker_0_4 has 9708 chips
[preflop] player Sister_Lily_0_5 has 4163 chips
[preflop] player XinWQNMLGB_0_2 calls. Total bet is 200
[preflop] player ssw_0_3 folds
[preflop] action
[WARNING] CANNOT check when another player has raised
[preflop] player The Joker_0_4 folds
[preflop] player Sister_Lily_0_5 calls. Total bet is 200
[preflop] player were_0_0 calls. Total bet is 200
[preflop] player yyyyyr_0_1 folds
[flop] 7 diamond
[flop] 3 heart
[flop] 10 club
[flop] round starts
[flop] player were_0_0 has 2072 chips
[flop] player yyyyyr_0_1 has 2662 chips
[flop] player XinWQNMLGB_0_2 has 2072 chips
[flop] player ssw_0_3 has 2723 chips
[flop] player The Joker_0_4 has 9708 chips
[flop] player Sister_Lily_0_5 has 3963 chips
[flop] player were_0_0 folds
[flop] player XinWQNMLGB_0_2 folds
[flop] round ends
[GAME STAT] pot 0 with 800 chips is shared by 1 players
[GAME STAT] player Sister_Lily_0_5 gets 800 chips from pot 0
[GAME STAT] overall statistics
[GAME STAT] player were_0_0 wins -200 chips in this game
[GAME STAT] player yyyyyr_0_1 wins -200 chips in this game
[GAME STAT] player XinWQNMLGB_0_2 wins -200 chips in this game
[GAME STAT] player ssw_0_3 wins 0 chips in this game
[GAME STAT] player The Joker_0_4 wins 0 chips in this game
[GAME STAT] player Sister_Lily_0_5 wins 600 chips in this game
[GAME 20] game ends, invoking player.game_end()
[GAME 21] game starts
[GAME INFO] number of participants in this game = 6
[GAME INFO] participant: were_0_0, chip = 2072
[GAME INFO] participant: yyyyyr_0_1, chip = 2662
[GAME INFO] participant: XinWQNMLGB_0_2, chip = 2072
[GAME INFO] participant: ssw_0_3, chip = 2723
[GAME INFO] participant: The Joker_0_4, chip = 9708
[GAME INFO] participant: Sister_Lily_0_5, chip = 4763
[GAME INFO] blind is 100
[GAME INFO] dealer is were_0_0
[GAME INFO] small blind 100 posted by yyyyyr_0_1
[GAME INFO] big blind 200 posted by XinWQNMLGB_0_2
[hole card] 7 club
[hole card] A diamond
[preflop] round starts
[preflop] player were_0_0 has 2072 chips
[preflop] player yyyyyr_0_1 has 2562 chips
[preflop] player XinWQNMLGB_0_2 has 1872 chips
[preflop] player ssw_0_3 has 2723 chips
[preflop] player The Joker_0_4 has 9708 chips
[preflop] player Sister_Lily_0_5 has 4763 chips
[preflop] player ssw_0_3 calls. Total bet is 200
[preflop] action
[WARNING] CANNOT check when another player has raised
[preflop] player The Joker_0_4 folds
[preflop] player Sister_Lily_0_5 calls. Total bet is 200
[preflop] player were_0_0 calls. Total bet is 200
[preflop] player yyyyyr_0_1 folds
[preflop] player XinWQNMLGB_0_2 calls. Total bet is 200
[flop] Q club
[flop] 5 heart
[flop] J club
[flop] round starts
[flop] player were_0_0 has 1872 chips
[flop] player yyyyyr_0_1 has 2562 chips
[flop] player XinWQNMLGB_0_2 has 1872 chips
[flop] player ssw_0_3 has 2523 chips
[flop] player The Joker_0_4 has 9708 chips
[flop] player Sister_Lily_0_5 has 4563 chips
[flop] player XinWQNMLGB_0_2 folds
[flop] player ssw_0_3 checks
[flop] player Sister_Lily_0_5 checks
[flop] player were_0_0 folds
[flop] round ends
[turn] J spade
[turn] round starts
[turn] player were_0_0 has 1872 chips
[turn] player yyyyyr_0_1 has 2562 chips
[turn] player XinWQNMLGB_0_2 has 1872 chips
[turn] player ssw_0_3 has 2523 chips
[turn] player The Joker_0_4 has 9708 chips
[turn] player Sister_Lily_0_5 has 4563 chips
[turn] player ssw_0_3 checks
[turn] player Sister_Lily_0_5 checks
[turn] round ends
[river] 6 diamond
[river] round starts
[river] player were_0_0 has 1872 chips
[river] player yyyyyr_0_1 has 2562 chips
[river] player XinWQNMLGB_0_2 has 1872 chips
[river] player ssw_0_3 has 2523 chips
[river] player The Joker_0_4 has 9708 chips
[river] player Sister_Lily_0_5 has 4563 chips
[river] player ssw_0_3 checks
[river] player Sister_Lily_0_5 checks
[river] round ends
[SHOWDOWN] showdown starts
[SHOWDOWN] player Sister_Lily_0_5 shows K club Q diamond Q club J club J spade, which is two pair.
[SHOWDOWN] player ssw_0_3 shows 10 heart 10 diamond Q club J club J spade, which is two pair.
[GAME STAT] pot 0 with 500 chips is shared by 1 players
[GAME STAT] player Sister_Lily_0_5 gets 500 chips from pot 0
[GAME STAT] pot 1 with 400 chips is shared by 1 players
[GAME STAT] player Sister_Lily_0_5 gets 400 chips from pot 1
[GAME STAT] overall statistics
[GAME STAT] player were_0_0 wins -200 chips in this game
[GAME STAT] player yyyyyr_0_1 wins -100 chips in this game
[GAME STAT] player XinWQNMLGB_0_2 wins -200 chips in this game
[GAME STAT] player ssw_0_3 wins -200 chips in this game
[GAME STAT] player The Joker_0_4 wins 0 chips in this game
[GAME STAT] player Sister_Lily_0_5 wins 700 chips in this game
[GAME 21] game ends, invoking player.game_end()
[GAME 22] game starts
[GAME INFO] number of participants in this game = 6
[GAME INFO] participant: were_0_0, chip = 1872
[GAME INFO] participant: yyyyyr_0_1, chip = 2562
[GAME INFO] participant: XinWQNMLGB_0_2, chip = 1872
[GAME INFO] participant: ssw_0_3, chip = 2523
[GAME INFO] participant: The Joker_0_4, chip = 9708
[GAME INFO] participant: Sister_Lily_0_5, chip = 5463
[GAME INFO] blind is 200
[GAME INFO] dealer is yyyyyr_0_1
[GAME INFO] small blind 200 posted by XinWQNMLGB_0_2
[GAME INFO] big blind 400 posted by ssw_0_3
[hole card] K diamond
[hole card] A diamond
[preflop] round starts
[preflop] player were_0_0 has 1872 chips
[preflop] player yyyyyr_0_1 has 2562 chips
[preflop] player XinWQNMLGB_0_2 has 1672 chips
[preflop] player ssw_0_3 has 2123 chips
[preflop] player The Joker_0_4 has 9708 chips
[preflop] player Sister_Lily_0_5 has 5463 chips
[preflop] action
[preflop] call (400 chips). 
[preflop] player The Joker_0_4 calls. Total bet is 400
[preflop] player Sister_Lily_0_5 folds
[preflop] player were_0_0 calls. Total bet is 400
[preflop] player yyyyyr_0_1 calls. Total bet is 400
[preflop] player XinWQNMLGB_0_2 calls. Total bet is 400
[preflop] player ssw_0_3 folds
[flop] 7 heart
[flop] 8 club
[flop] 2 spade
[flop] round starts
[flop] player were_0_0 has 1472 chips
[flop] player yyyyyr_0_1 has 2162 chips
[flop] player XinWQNMLGB_0_2 has 1472 chips
[flop] player ssw_0_3 has 2123 chips
[flop] player The Joker_0_4 has 9308 chips
[flop] player Sister_Lily_0_5 has 5463 chips
[flop] player XinWQNMLGB_0_2 folds
[flop] action
[flop] check
[flop] player The Joker_0_4 checks
[flop] player were_0_0 folds
[flop] player yyyyyr_0_1 checks
[flop] round ends
[turn] 5 diamond
[turn] round starts
[turn] player were_0_0 has 1472 chips
[turn] player yyyyyr_0_1 has 2162 chips
[turn] player XinWQNMLGB_0_2 has 1472 chips
[turn] player ssw_0_3 has 2123 chips
[turn] player The Joker_0_4 has 9308 chips
[turn] player Sister_Lily_0_5 has 5463 chips
[turn] action
[turn] check
[turn] player The Joker_0_4 checks
[turn] player yyyyyr_0_1 checks
[turn] round ends
[river] Q club
[river] round starts
[river] player were_0_0 has 1472 chips
[river] player yyyyyr_0_1 has 2162 chips
[river] player XinWQNMLGB_0_2 has 1472 chips
[river] player ssw_0_3 has 2123 chips
[river] player The Joker_0_4 has 9308 chips
[river] player Sister_Lily_0_5 has 5463 chips
[river] action
[river] check
[river] player The Joker_0_4 checks
[river] player yyyyyr_0_1 checks
[river] round ends
[SHOWDOWN] showdown starts
[SHOWDOWN] showdown
[SHOWDOWN] 7 heart 8 club Q club K diamond A diamond
[SHOWDOWN] player yyyyyr_0_1 shows 3 spade 3 club 7 heart 8 club Q club, which is one pair.
[SHOWDOWN] player The Joker_0_4 shows 7 heart 8 club Q club K diamond A diamond, which is high card.
[GAME STAT] pot 0 with 2000 chips is shared by 1 players
[GAME STAT] player yyyyyr_0_1 gets 2000 chips from pot 0
[GAME STAT] overall statistics
[GAME STAT] player were_0_0 wins -400 chips in this game
[GAME STAT] player yyyyyr_0_1 wins 1600 chips in this game
[GAME STAT] player XinWQNMLGB_0_2 wins -400 chips in this game
[GAME STAT] player ssw_0_3 wins -400 chips in this game
[GAME STAT] player The Joker_0_4 wins -400 chips in this game
[GAME STAT] player Sister_Lily_0_5 wins 0 chips in this game
[GAME 22] game ends, invoking player.game_end()
[GAME 23] game starts
[GAME INFO] number of participants in this game = 6
[GAME INFO] participant: were_0_0, chip = 1472
[GAME INFO] participant: yyyyyr_0_1, chip = 4162
[GAME INFO] participant: XinWQNMLGB_0_2, chip = 1472
[GAME INFO] participant: ssw_0_3, chip = 2123
[GAME INFO] participant: The Joker_0_4, chip = 9308
[GAME INFO] participant: Sister_Lily_0_5, chip = 5463
[GAME INFO] blind is 200
[GAME INFO] dealer is XinWQNMLGB_0_2
[GAME INFO] small blind 200 posted by ssw_0_3
[GAME INFO] big blind 400 posted by The Joker_0_4
[hole card] Q heart
[hole card] 2 spade
[preflop] round starts
[preflop] player were_0_0 has 1472 chips
[preflop] player yyyyyr_0_1 has 4162 chips
[preflop] player XinWQNMLGB_0_2 has 1472 chips
[preflop] player ssw_0_3 has 1923 chips
[preflop] player The Joker_0_4 has 8908 chips
[preflop] player Sister_Lily_0_5 has 5463 chips
[preflop] player Sister_Lily_0_5 folds
[preflop] player were_0_0 calls. Total bet is 400
[preflop] player yyyyyr_0_1 folds
[preflop] player XinWQNMLGB_0_2 calls. Total bet is 400
[preflop] player ssw_0_3 folds
[preflop] action
[preflop] call (0 chips). 
[preflop] player The Joker_0_4 calls. Total bet is 400
[flop] 5 diamond
[flop] 4 spade
[flop] A club
[flop] round starts
[flop] player were_0_0 has 1072 chips
[flop] player yyyyyr_0_1 has 4162 chips
[flop] player XinWQNMLGB_0_2 has 1072 chips
[flop] player ssw_0_3 has 1923 chips
[flop] player The Joker_0_4 has 8908 chips
[flop] player Sister_Lily_0_5 has 5463 chips
[flop] action
[flop] check
[flop] player The Joker_0_4 checks
[flop] player were_0_0 folds
[flop] player XinWQNMLGB_0_2 folds
[flop] round ends
[GAME STAT] pot 0 with 800 chips is shared by 1 players
[GAME STAT] player The Joker_0_4 gets 800 chips from pot 0
[GAME STAT] pot 1 with 600 chips is shared by 1 players
[GAME STAT] player The Joker_0_4 gets 600 chips from pot 1
[GAME STAT] overall statistics
[GAME STAT] player were_0_0 wins -400 chips in this game
[GAME STAT] player yyyyyr_0_1 wins 0 chips in this game
[GAME STAT] player XinWQNMLGB_0_2 wins -400 chips in this game
[GAME STAT] player ssw_0_3 wins -200 chips in this game
[GAME STAT] player The Joker_0_4 wins 1000 chips in this game
[GAME STAT] player Sister_Lily_0_5 wins 0 chips in this game
[GAME 23] game ends, invoking player.game_end()
[GAME 24] game starts
[GAME INFO] number of participants in this game = 6
[GAME INFO] participant: were_0_0, chip = 1072
[GAME INFO] participant: yyyyyr_0_1, chip = 4162
[GAME INFO] participant: XinWQNMLGB_0_2, chip = 1072
[GAME INFO] participant: ssw_0_3, chip = 1923
[GAME INFO] participant: The Joker_0_4, chip = 10308
[GAME INFO] participant: Sister_Lily_0_5, chip = 5463
[GAME INFO] blind is 200
[GAME INFO] dealer is ssw_0_3
[GAME INFO] small blind 200 posted by The Joker_0_4
[GAME INFO] big blind 400 posted by Sister_Lily_0_5
[hole card] 8 club
[hole card] 7 heart
[preflop] round starts
[preflop] player were_0_0 has 1072 chips
[preflop] player yyyyyr_0_1 has 4162 chips
[preflop] player XinWQNMLGB_0_2 has 1072 chips
[preflop] player ssw_0_3 has 1923 chips
[preflop] player The Joker_0_4 has 10108 chips
[preflop] player Sister_Lily_0_5 has 5063 chips
[preflop] player were_0_0 calls. Total bet is 400
[preflop] player yyyyyr_0_1 folds
[preflop] player XinWQNMLGB_0_2 calls. Total bet is 400
[preflop] player ssw_0_3 folds
[preflop] action
[WARNING] CANNOT check when another player has raised
[preflop] player The Joker_0_4 folds
[preflop] player Sister_Lily_0_5 folds
[flop] 4 spade
[flop] 10 diamond
[flop] 9 club
[flop] round starts
[flop] player were_0_0 has 672 chips
[flop] player yyyyyr_0_1 has 4162 chips
[flop] player XinWQNMLGB_0_2 has 672 chips
[flop] player ssw_0_3 has 1923 chips
[flop] player The Joker_0_4 has 10108 chips
[flop] player Sister_Lily_0_5 has 5063 chips
[flop] player were_0_0 folds
[flop] round ends
[GAME STAT] pot 0 with 800 chips is shared by 1 players
[GAME STAT] player XinWQNMLGB_0_2 gets 800 chips from pot 0
[GAME STAT] pot 1 with 600 chips is shared by 1 players
[GAME STAT] player XinWQNMLGB_0_2 gets 600 chips from pot 1
[GAME STAT] overall statistics
[GAME STAT] player were_0_0 wins -400 chips in this game
[GAME STAT] player yyyyyr_0_1 wins 0 chips in this game
[GAME STAT] player XinWQNMLGB_0_2 wins 1000 chips in this game
[GAME STAT] player ssw_0_3 wins 0 chips in this game
[GAME STAT] player The Joker_0_4 wins -200 chips in this game
[GAME STAT] player Sister_Lily_0_5 wins -400 chips in this game
[GAME 24] game ends, invoking player.game_end()
[GAME 25] game starts
[GAME INFO] number of participants in this game = 6
[GAME INFO] participant: were_0_0, chip = 672
[GAME INFO] participant: yyyyyr_0_1, chip = 4162
[GAME INFO] participant: XinWQNMLGB_0_2, chip = 2072
[GAME INFO] participant: ssw_0_3, chip = 1923
[GAME INFO] participant: The Joker_0_4, chip = 10108
[GAME INFO] participant: Sister_Lily_0_5, chip = 5063
[GAME INFO] blind is 500
[GAME INFO] dealer is The Joker_0_4
[GAME INFO] small blind 500 posted by Sister_Lily_0_5
[GAME INFO] big blind 672 posted by were_0_0
[hole card] Q diamond
[hole card] K club
[preflop] round starts
[preflop] player were_0_0 has 0 chips
[preflop] player yyyyyr_0_1 has 4162 chips
[preflop] player XinWQNMLGB_0_2 has 2072 chips
[preflop] player ssw_0_3 has 1923 chips
[preflop] player The Joker_0_4 has 10108 chips
[preflop] player Sister_Lily_0_5 has 4563 chips
[preflop] player yyyyyr_0_1 folds
[preflop] player XinWQNMLGB_0_2 calls. Total bet is 672
[preflop] player ssw_0_3 folds
[preflop] action
[preflop] call (672 chips). 
[preflop] player The Joker_0_4 calls. Total bet is 672
[preflop] player Sister_Lily_0_5 folds
[preflop] player were_0_0 goes all in (0 chips). Total bet is 672
[flop] Q club
[flop] J spade
[flop] 2 heart
[flop] round starts
[flop] player were_0_0 has 0 chips
[flop] player yyyyyr_0_1 has 4162 chips
[flop] player XinWQNMLGB_0_2 has 1400 chips
[flop] player ssw_0_3 has 1923 chips
[flop] player The Joker_0_4 has 9436 chips
[flop] player Sister_Lily_0_5 has 4563 chips
[flop] player were_0_0 folds
[flop] player XinWQNMLGB_0_2 folds
[flop] round ends
[GAME STAT] pot 0 with 2000 chips is shared by 1 players
[GAME STAT] player The Joker_0_4 gets 2000 chips from pot 0
[GAME STAT] pot 1 with 516 chips is shared by 1 players
[GAME STAT] player The Joker_0_4 gets 516 chips from pot 1
[GAME STAT] overall statistics
[GAME STAT] player were_0_0 wins -672 chips in this game
[GAME STAT] player yyyyyr_0_1 wins 0 chips in this game
[GAME STAT] player XinWQNMLGB_0_2 wins -672 chips in this game
[GAME STAT] player ssw_0_3 wins 0 chips in this game
[GAME STAT] player The Joker_0_4 wins 1844 chips in this game
[GAME STAT] player Sister_Lily_0_5 wins -500 chips in this game
[GAME 25] game ends, invoking player.game_end()
[GAME 26] game starts
[GAME INFO] number of participants in this game = 5
[GAME INFO] participant: yyyyyr_0_1, chip = 4162
[GAME INFO] participant: XinWQNMLGB_0_2, chip = 1400
[GAME INFO] participant: ssw_0_3, chip = 1923
[GAME INFO] participant: The Joker_0_4, chip = 11952
[GAME INFO] participant: Sister_Lily_0_5, chip = 4563
[GAME INFO] blind is 500
[GAME INFO] dealer is Sister_Lily_0_5
[GAME INFO] small blind 500 posted by yyyyyr_0_1
[GAME INFO] big blind 1000 posted by XinWQNMLGB_0_2
[hole card] Q diamond
[hole card] A heart
[preflop] round starts
[preflop] player yyyyyr_0_1 has 3662 chips
[preflop] player XinWQNMLGB_0_2 has 400 chips
[preflop] player ssw_0_3 has 1923 chips
[preflop] player The Joker_0_4 has 11952 chips
[preflop] player Sister_Lily_0_5 has 4563 chips
[preflop] player ssw_0_3 goes all in (1923 chips). Total bet is 1923
[preflop] action
[WARNING] CANNOT check when another player has raised
[preflop] player The Joker_0_4 folds
[preflop] player Sister_Lily_0_5 folds
[preflop] player yyyyyr_0_1 folds
[preflop] player XinWQNMLGB_0_2 goes all in (400 chips). Total bet is 1400
[flop] 9 club
[flop] 3 spade
[flop] J club
[flop] round starts
[flop] player yyyyyr_0_1 has 3662 chips
[flop] player XinWQNMLGB_0_2 has 0 chips
[flop] player ssw_0_3 has 0 chips
[flop] player The Joker_0_4 has 11952 chips
[flop] player Sister_Lily_0_5 has 4563 chips
[flop] player XinWQNMLGB_0_2 folds
[flop] round ends
[GAME STAT] pot 0 with 1500 chips is shared by 1 players
[GAME STAT] player ssw_0_3 gets 1500 chips from pot 0
[GAME STAT] pot 1 with 1800 chips is shared by 1 players
[GAME STAT] player ssw_0_3 gets 1800 chips from pot 1
[GAME STAT] pot 2 with 523 chips is shared by 1 players
[GAME STAT] player ssw_0_3 gets 523 chips from pot 2
[GAME STAT] overall statistics
[GAME STAT] player yyyyyr_0_1 wins -500 chips in this game
[GAME STAT] player XinWQNMLGB_0_2 wins -1400 chips in this game
[GAME STAT] player ssw_0_3 wins 1900 chips in this game
[GAME STAT] player The Joker_0_4 wins 0 chips in this game
[GAME STAT] player Sister_Lily_0_5 wins 0 chips in this game
[GAME 26] game ends, invoking player.game_end()
[GAME 27] game starts
[GAME INFO] number of participants in this game = 4
[GAME INFO] participant: yyyyyr_0_1, chip = 3662
[GAME INFO] participant: ssw_0_3, chip = 3823
[GAME INFO] participant: The Joker_0_4, chip = 11952
[GAME INFO] participant: Sister_Lily_0_5, chip = 4563
[GAME INFO] blind is 500
[GAME INFO] dealer is yyyyyr_0_1
[GAME INFO] small blind 500 posted by ssw_0_3
[GAME INFO] big blind 1000 posted by The Joker_0_4
[hole card] K spade
[hole card] 2 club
[preflop] round starts
[preflop] player yyyyyr_0_1 has 3662 chips
[preflop] player ssw_0_3 has 3323 chips
[preflop] player The Joker_0_4 has 10952 chips
[preflop] player Sister_Lily_0_5 has 4563 chips
[preflop] player Sister_Lily_0_5 folds
[preflop] player yyyyyr_0_1 folds
[preflop] player ssw_0_3 folds
[GAME STAT] pot 0 with 1000 chips is shared by 1 players
[GAME STAT] player The Joker_0_4 gets 1000 chips from pot 0
[GAME STAT] pot 1 with 500 chips is shared by 1 players
[GAME STAT] player The Joker_0_4 gets 500 chips from pot 1
[GAME STAT] overall statistics
[GAME STAT] player yyyyyr_0_1 wins 0 chips in this game
[GAME STAT] player ssw_0_3 wins -500 chips in this game
[GAME STAT] player The Joker_0_4 wins 500 chips in this game
[GAME STAT] player Sister_Lily_0_5 wins 0 chips in this game
[GAME 27] game ends, invoking player.game_end()
[END]
[FINAL STAT] chips
[FINAL STAT] were_0_0 has 0 chips
[FINAL STAT] yyyyyr_0_1 has 3662 chips
[FINAL STAT] XinWQNMLGB_0_2 has 0 chips
[FINAL STAT] ssw_0_3 has 3323 chips
[FINAL STAT] The Joker_0_4 has 12452 chips
[FINAL STAT] Sister_Lily_0_5 has 4563 chips
[FINAL STAT] Jerry Xu_0_6 has 0 chips
[FINAL STAT] Mars_0_7 has 0 chips
