[UI] login name: [UI] succefully login as The Joker_0_0
[login] The Joker_0_0
[player 0] The Joker_0_0
[player 1] GiHe_0_1
[player 2] XinWQNMLGB_0_2
[player 3] Sister_Lily_0_3
[player 4] yyyyyr_0_4
[player 5] were_0_5
[player 6] ssw_0_6
[player 7] Gaotaku_0_7
[GAME INFO] number of players = 8
[GAME INFO] initial chips = 3000
[GAME 1] game starts
[GAME INFO] number of participants in this game = 8
[GAME INFO] participant: The Joker_0_0, chip = 3000
[GAME INFO] participant: GiHe_0_1, chip = 3000
[GAME INFO] participant: XinWQNMLGB_0_2, chip = 3000
[GAME INFO] participant: Sister_Lily_0_3, chip = 3000
[GAME INFO] participant: yyyyyr_0_4, chip = 3000
[GAME INFO] participant: were_0_5, chip = 3000
[GAME INFO] participant: ssw_0_6, chip = 3000
[GAME INFO] participant: Gaotaku_0_7, chip = 3000
[GAME INFO] blind is 1
[GAME INFO] dealer is The Joker_0_0
[GAME INFO] small blind 1 posted by GiHe_0_1
[GAME INFO] big blind 2 posted by XinWQNMLGB_0_2
[hole card] 10 club
[hole card] A club
[preflop] round starts
[preflop] player The Joker_0_0 has 3000 chips
[preflop] player GiHe_0_1 has 2999 chips
[preflop] player XinWQNMLGB_0_2 has 2998 chips
[preflop] player Sister_Lily_0_3 has 3000 chips
[preflop] player yyyyyr_0_4 has 3000 chips
[preflop] player were_0_5 has 3000 chips
[preflop] player ssw_0_6 has 3000 chips
[preflop] player Gaotaku_0_7 has 3000 chips
[preflop] player Sister_Lily_0_3 calls. Total bet is 2
[preflop] player yyyyyr_0_4 folds
[preflop] player were_0_5 calls. Total bet is 2
[preflop] player ssw_0_6 folds
[preflop] player Gaotaku_0_7 folds
[preflop] action
[preflop] call (2 chips). 
[preflop] player The Joker_0_0 calls. Total bet is 2
[preflop] player GiHe_0_1 calls. Total bet is 2
[preflop] player XinWQNMLGB_0_2 calls. Total bet is 2
[flop] 6 club
[flop] Q club
[flop] 2 club
[flop] round starts
[flop] player The Joker_0_0 has 2998 chips
[flop] player GiHe_0_1 has 2998 chips
[flop] player XinWQNMLGB_0_2 has 2998 chips
[flop] player Sister_Lily_0_3 has 2998 chips
[flop] player yyyyyr_0_4 has 3000 chips
[flop] player were_0_5 has 2998 chips
[flop] player ssw_0_6 has 3000 chips
[flop] player Gaotaku_0_7 has 3000 chips
[flop] player GiHe_0_1 checks
[flop] player XinWQNMLGB_0_2 checks
[flop] player Sister_Lily_0_3 checks
[flop] player were_0_5 folds
[flop] action
[flop] check
[flop] player The Joker_0_0 checks
[flop] round ends
[turn] 9 club
[turn] round starts
[turn] player The Joker_0_0 has 2998 chips
[turn] player GiHe_0_1 has 2998 chips
[turn] player XinWQNMLGB_0_2 has 2998 chips
[turn] player Sister_Lily_0_3 has 2998 chips
[turn] player yyyyyr_0_4 has 3000 chips
[turn] player were_0_5 has 2998 chips
[turn] player ssw_0_6 has 3000 chips
[turn] player Gaotaku_0_7 has 3000 chips
[turn] player GiHe_0_1 checks
[turn] player XinWQNMLGB_0_2 folds
[turn] player Sister_Lily_0_3 goes all in (2998 chips). Total bet is 2998
[turn] action
[turn] insufficient chips to raise 2998 (need 5996, has 2998). All in.
[turn] player The Joker_0_0 goes all in (2998 chips). Total bet is 2998
[turn] player GiHe_0_1 goes all in (2998 chips). Total bet is 2998
[river] Q heart
[river] round starts
[river] player The Joker_0_0 has 0 chips
[river] player GiHe_0_1 has 0 chips
[river] player XinWQNMLGB_0_2 has 2998 chips
[river] player Sister_Lily_0_3 has 0 chips
[river] player yyyyyr_0_4 has 3000 chips
[river] player were_0_5 has 2998 chips
[river] player ssw_0_6 has 3000 chips
[river] player Gaotaku_0_7 has 3000 chips
[river] player GiHe_0_1 checks
[river] player Sister_Lily_0_3 checks
[river] player Sister_Lily_0_3 goes all in (0 chips). Total bet is 0
[river] action
[river] all in (0 chips).
[river] player The Joker_0_0 checks
[river] player The Joker_0_0 goes all in (0 chips). Total bet is 0
[river] round ends
[SHOWDOWN] showdown starts
[SHOWDOWN] showdown
[SHOWDOWN] 6 club Q club 9 club 10 club A club
[SHOWDOWN] player The Joker_0_0 shows 6 club Q club 9 club 10 club A club, which is flush.
[SHOWDOWN] player Sister_Lily_0_3 shows 8 club 6 club Q club 2 club 9 club, which is flush.
[SHOWDOWN] player GiHe_0_1 shows 9 heart 6 diamond Q club 9 club Q heart, which is two pair.
[GAME STAT] pot 0 with 10 chips is shared by 1 players
[GAME STAT] player The Joker_0_0 gets 10 chips from pot 0
[GAME STAT] pot 1 with 8994 chips is shared by 1 players
[GAME STAT] player The Joker_0_0 gets 8994 chips from pot 1
[GAME STAT] overall statistics
[GAME STAT] player The Joker_0_0 wins 6004 chips in this game
[GAME STAT] player GiHe_0_1 wins -3000 chips in this game
[GAME STAT] player XinWQNMLGB_0_2 wins -2 chips in this game
[GAME STAT] player Sister_Lily_0_3 wins -3000 chips in this game
[GAME STAT] player yyyyyr_0_4 wins 0 chips in this game
[GAME STAT] player were_0_5 wins -2 chips in this game
[GAME STAT] player ssw_0_6 wins 0 chips in this game
[GAME STAT] player Gaotaku_0_7 wins 0 chips in this game
[GAME 1] game ends, invoking player.game_end()
[GAME 2] game starts
[GAME INFO] number of participants in this game = 6
[GAME INFO] participant: The Joker_0_0, chip = 9004
[GAME INFO] participant: XinWQNMLGB_0_2, chip = 2998
[GAME INFO] participant: yyyyyr_0_4, chip = 3000
[GAME INFO] participant: were_0_5, chip = 2998
[GAME INFO] participant: ssw_0_6, chip = 3000
[GAME INFO] participant: Gaotaku_0_7, chip = 3000
[GAME INFO] blind is 1
[GAME INFO] dealer is XinWQNMLGB_0_2
[GAME INFO] small blind 1 posted by yyyyyr_0_4
[GAME INFO] big blind 2 posted by were_0_5
[hole card] 3 club
[hole card] 5 diamond
[preflop] round starts
[preflop] player The Joker_0_0 has 9004 chips
[preflop] player XinWQNMLGB_0_2 has 2998 chips
[preflop] player yyyyyr_0_4 has 2999 chips
[preflop] player were_0_5 has 2996 chips
[preflop] player ssw_0_6 has 3000 chips
[preflop] player Gaotaku_0_7 has 3000 chips
[preflop] player ssw_0_6 folds
[preflop] player Gaotaku_0_7 folds
[preflop] action
[WARNING] CANNOT check when another player has raised
[preflop] player The Joker_0_0 folds
[preflop] player XinWQNMLGB_0_2 calls. Total bet is 2
[preflop] player yyyyyr_0_4 folds
[preflop] player were_0_5 calls. Total bet is 2
[flop] 3 spade
[flop] J spade
[flop] 8 diamond
[flop] round starts
[flop] player The Joker_0_0 has 9004 chips
[flop] player XinWQNMLGB_0_2 has 2996 chips
[flop] player yyyyyr_0_4 has 2999 chips
[flop] player were_0_5 has 2996 chips
[flop] player ssw_0_6 has 3000 chips
[flop] player Gaotaku_0_7 has 3000 chips
[flop] player were_0_5 folds
[flop] round ends
[GAME STAT] pot 0 with 3 chips is shared by 1 players
[GAME STAT] player XinWQNMLGB_0_2 gets 3 chips from pot 0
[GAME STAT] pot 1 with 2 chips is shared by 1 players
[GAME STAT] player XinWQNMLGB_0_2 gets 2 chips from pot 1
[GAME STAT] overall statistics
[GAME STAT] player The Joker_0_0 wins 0 chips in this game
[GAME STAT] player XinWQNMLGB_0_2 wins 3 chips in this game
[GAME STAT] player yyyyyr_0_4 wins -1 chips in this game
[GAME STAT] player were_0_5 wins -2 chips in this game
[GAME STAT] player ssw_0_6 wins 0 chips in this game
[GAME STAT] player Gaotaku_0_7 wins 0 chips in this game
[GAME 2] game ends, invoking player.game_end()
[GAME 3] game starts
[GAME INFO] number of participants in this game = 6
[GAME INFO] participant: The Joker_0_0, chip = 9004
[GAME INFO] participant: XinWQNMLGB_0_2, chip = 3001
[GAME INFO] participant: yyyyyr_0_4, chip = 2999
[GAME INFO] participant: were_0_5, chip = 2996
[GAME INFO] participant: ssw_0_6, chip = 3000
[GAME INFO] participant: Gaotaku_0_7, chip = 3000
[GAME INFO] blind is 1
[GAME INFO] dealer is yyyyyr_0_4
[GAME INFO] small blind 1 posted by were_0_5
[GAME INFO] big blind 2 posted by ssw_0_6
[hole card] 10 club
[hole card] 5 club
[preflop] round starts
[preflop] player The Joker_0_0 has 9004 chips
[preflop] player XinWQNMLGB_0_2 has 3001 chips
[preflop] player yyyyyr_0_4 has 2999 chips
[preflop] player were_0_5 has 2995 chips
[preflop] player ssw_0_6 has 2998 chips
[preflop] player Gaotaku_0_7 has 3000 chips
[preflop] player Gaotaku_0_7 folds
[preflop] action
[WARNING] CANNOT check when another player has raised
[preflop] player The Joker_0_0 folds
[preflop] player XinWQNMLGB_0_2 calls. Total bet is 2
[preflop] player yyyyyr_0_4 folds
[preflop] player were_0_5 calls. Total bet is 2
[preflop] player ssw_0_6 folds
[flop] 7 diamond
[flop] 2 club
[flop] K club
[flop] round starts
[flop] player The Joker_0_0 has 9004 chips
[flop] player XinWQNMLGB_0_2 has 2999 chips
[flop] player yyyyyr_0_4 has 2999 chips
[flop] player were_0_5 has 2994 chips
[flop] player ssw_0_6 has 2998 chips
[flop] player Gaotaku_0_7 has 3000 chips
[flop] player were_0_5 folds
[flop] round ends
[GAME STAT] pot 0 with 6 chips is shared by 1 players
[GAME STAT] player XinWQNMLGB_0_2 gets 6 chips from pot 0
[GAME STAT] overall statistics
[GAME STAT] player The Joker_0_0 wins 0 chips in this game
[GAME STAT] player XinWQNMLGB_0_2 wins 4 chips in this game
[GAME STAT] player yyyyyr_0_4 wins 0 chips in this game
[GAME STAT] player were_0_5 wins -2 chips in this game
[GAME STAT] player ssw_0_6 wins -2 chips in this game
[GAME STAT] player Gaotaku_0_7 wins 0 chips in this game
[GAME 3] game ends, invoking player.game_end()
[GAME 4] game starts
[GAME INFO] number of participants in this game = 6
[GAME INFO] participant: The Joker_0_0, chip = 9004
[GAME INFO] participant: XinWQNMLGB_0_2, chip = 3005
[GAME INFO] participant: yyyyyr_0_4, chip = 2999
[GAME INFO] participant: were_0_5, chip = 2994
[GAME INFO] participant: ssw_0_6, chip = 2998
[GAME INFO] participant: Gaotaku_0_7, chip = 3000
[GAME INFO] blind is 2
[GAME INFO] dealer is were_0_5
[GAME INFO] small blind 2 posted by ssw_0_6
[GAME INFO] big blind 4 posted by Gaotaku_0_7
[hole card] 3 heart
[hole card] 6 club
[preflop] round starts
[preflop] player The Joker_0_0 has 9004 chips
[preflop] player XinWQNMLGB_0_2 has 3005 chips
[preflop] player yyyyyr_0_4 has 2999 chips
[preflop] player were_0_5 has 2994 chips
[preflop] player ssw_0_6 has 2996 chips
[preflop] player Gaotaku_0_7 has 2996 chips
[preflop] action
[WARNING] CANNOT check when another player has raised
[preflop] player The Joker_0_0 folds
[preflop] player XinWQNMLGB_0_2 calls. Total bet is 4
[preflop] player yyyyyr_0_4 calls. Total bet is 4
[preflop] player were_0_5 calls. Total bet is 4
[preflop] player ssw_0_6 folds
[preflop] player Gaotaku_0_7 folds
[flop] 7 heart
[flop] 6 spade
[flop] 9 diamond
[flop] round starts
[flop] player The Joker_0_0 has 9004 chips
[flop] player XinWQNMLGB_0_2 has 3001 chips
[flop] player yyyyyr_0_4 has 2995 chips
[flop] player were_0_5 has 2990 chips
[flop] player ssw_0_6 has 2996 chips
[flop] player Gaotaku_0_7 has 2996 chips
[flop] player XinWQNMLGB_0_2 checks
[flop] player yyyyyr_0_4 checks
[flop] player were_0_5 folds
[flop] round ends
[turn] 8 club
[turn] round starts
[turn] player The Joker_0_0 has 9004 chips
[turn] player XinWQNMLGB_0_2 has 3001 chips
[turn] player yyyyyr_0_4 has 2995 chips
[turn] player were_0_5 has 2990 chips
[turn] player ssw_0_6 has 2996 chips
[turn] player Gaotaku_0_7 has 2996 chips
[turn] player XinWQNMLGB_0_2 folds
[turn] round ends
[GAME STAT] pot 0 with 10 chips is shared by 1 players
[GAME STAT] player yyyyyr_0_4 gets 10 chips from pot 0
[GAME STAT] pot 1 with 8 chips is shared by 1 players
[GAME STAT] player yyyyyr_0_4 gets 8 chips from pot 1
[GAME STAT] overall statistics
[GAME STAT] player The Joker_0_0 wins 0 chips in this game
[GAME STAT] player XinWQNMLGB_0_2 wins -4 chips in this game
[GAME STAT] player yyyyyr_0_4 wins 14 chips in this game
[GAME STAT] player were_0_5 wins -4 chips in this game
[GAME STAT] player ssw_0_6 wins -2 chips in this game
[GAME STAT] player Gaotaku_0_7 wins -4 chips in this game
[GAME 4] game ends, invoking player.game_end()
[GAME 5] game starts
[GAME INFO] number of participants in this game = 6
[GAME INFO] participant: The Joker_0_0, chip = 9004
[GAME INFO] participant: XinWQNMLGB_0_2, chip = 3001
[GAME INFO] participant: yyyyyr_0_4, chip = 3013
[GAME INFO] participant: were_0_5, chip = 2990
[GAME INFO] participant: ssw_0_6, chip = 2996
[GAME INFO] participant: Gaotaku_0_7, chip = 2996
[GAME INFO] blind is 2
[GAME INFO] dealer is ssw_0_6
[GAME INFO] small blind 2 posted by Gaotaku_0_7
[GAME INFO] big blind 4 posted by The Joker_0_0
[hole card] 8 heart
[hole card] A diamond
[preflop] round starts
[preflop] player The Joker_0_0 has 9000 chips
[preflop] player XinWQNMLGB_0_2 has 3001 chips
[preflop] player yyyyyr_0_4 has 3013 chips
[preflop] player were_0_5 has 2990 chips
[preflop] player ssw_0_6 has 2996 chips
[preflop] player Gaotaku_0_7 has 2994 chips
[preflop] player XinWQNMLGB_0_2 calls. Total bet is 4
[preflop] player yyyyyr_0_4 calls. Total bet is 4
[preflop] player were_0_5 calls. Total bet is 4
[preflop] player ssw_0_6 folds
[preflop] player Gaotaku_0_7 folds
[preflop] action
[preflop] call (0 chips). 
[preflop] player The Joker_0_0 calls. Total bet is 4
[flop] A club
[flop] 7 heart
[flop] Q heart
[flop] round starts
[flop] player The Joker_0_0 has 9000 chips
[flop] player XinWQNMLGB_0_2 has 2997 chips
[flop] player yyyyyr_0_4 has 3009 chips
[flop] player were_0_5 has 2986 chips
[flop] player ssw_0_6 has 2996 chips
[flop] player Gaotaku_0_7 has 2994 chips
[flop] action
[flop] check
[flop] player The Joker_0_0 checks
[flop] player XinWQNMLGB_0_2 checks
[flop] player yyyyyr_0_4 checks
[flop] player were_0_5 folds
[flop] round ends
[turn] 2 club
[turn] round starts
[turn] player The Joker_0_0 has 9000 chips
[turn] player XinWQNMLGB_0_2 has 2997 chips
[turn] player yyyyyr_0_4 has 3009 chips
[turn] player were_0_5 has 2986 chips
[turn] player ssw_0_6 has 2996 chips
[turn] player Gaotaku_0_7 has 2994 chips
[turn] action
[turn] check
[turn] player The Joker_0_0 checks
[turn] player XinWQNMLGB_0_2 folds
[turn] player yyyyyr_0_4 checks
[turn] round ends
[river] 3 diamond
[river] round starts
[river] player The Joker_0_0 has 9000 chips
[river] player XinWQNMLGB_0_2 has 2997 chips
[river] player yyyyyr_0_4 has 3009 chips
[river] player were_0_5 has 2986 chips
[river] player ssw_0_6 has 2996 chips
[river] player Gaotaku_0_7 has 2994 chips
[river] action
[river] check
[river] player The Joker_0_0 checks
[river] player yyyyyr_0_4 checks
[river] round ends
[SHOWDOWN] showdown starts
[SHOWDOWN] showdown
[SHOWDOWN] A club 7 heart Q heart 8 heart A diamond
[SHOWDOWN] player The Joker_0_0 shows A club 7 heart Q heart 8 heart A diamond, which is one pair.
[SHOWDOWN] player yyyyyr_0_4 shows 10 club 10 diamond A club 7 heart Q heart, which is one pair.
[GAME STAT] pot 0 with 10 chips is shared by 1 players
[GAME STAT] player The Joker_0_0 gets 10 chips from pot 0
[GAME STAT] pot 1 with 8 chips is shared by 1 players
[GAME STAT] player The Joker_0_0 gets 8 chips from pot 1
[GAME STAT] overall statistics
[GAME STAT] player The Joker_0_0 wins 14 chips in this game
[GAME STAT] player XinWQNMLGB_0_2 wins -4 chips in this game
[GAME STAT] player yyyyyr_0_4 wins -4 chips in this game
[GAME STAT] player were_0_5 wins -4 chips in this game
[GAME STAT] player ssw_0_6 wins 0 chips in this game
[GAME STAT] player Gaotaku_0_7 wins -2 chips in this game
[GAME 5] game ends, invoking player.game_end()
[GAME 6] game starts
[GAME INFO] number of participants in this game = 6
[GAME INFO] participant: The Joker_0_0, chip = 9018
[GAME INFO] participant: XinWQNMLGB_0_2, chip = 2997
[GAME INFO] participant: yyyyyr_0_4, chip = 3009
[GAME INFO] participant: were_0_5, chip = 2986
[GAME INFO] participant: ssw_0_6, chip = 2996
[GAME INFO] participant: Gaotaku_0_7, chip = 2994
[GAME INFO] blind is 2
[GAME INFO] dealer is Gaotaku_0_7
[GAME INFO] small blind 2 posted by The Joker_0_0
[GAME INFO] big blind 4 posted by XinWQNMLGB_0_2
[hole card] J spade
[hole card] A diamond
[preflop] round starts
[preflop] player The Joker_0_0 has 9016 chips
[preflop] player XinWQNMLGB_0_2 has 2993 chips
[preflop] player yyyyyr_0_4 has 3009 chips
[preflop] player were_0_5 has 2986 chips
[preflop] player ssw_0_6 has 2996 chips
[preflop] player Gaotaku_0_7 has 2994 chips
[preflop] player yyyyyr_0_4 folds
[preflop] player were_0_5 calls. Total bet is 4
[preflop] player ssw_0_6 folds
[preflop] player Gaotaku_0_7 folds
[preflop] action
[preflop] call (2 chips). 
[preflop] player The Joker_0_0 calls. Total bet is 4
[preflop] player XinWQNMLGB_0_2 calls. Total bet is 4
[flop] J heart
[flop] A heart
[flop] Q spade
[flop] round starts
[flop] player The Joker_0_0 has 9014 chips
[flop] player XinWQNMLGB_0_2 has 2993 chips
[flop] player yyyyyr_0_4 has 3009 chips
[flop] player were_0_5 has 2982 chips
[flop] player ssw_0_6 has 2996 chips
[flop] player Gaotaku_0_7 has 2994 chips
[flop] action
[flop] check
[flop] player The Joker_0_0 checks
[flop] player XinWQNMLGB_0_2 checks
[flop] player were_0_5 folds
[flop] round ends
[turn] 10 spade
[turn] round starts
[turn] player The Joker_0_0 has 9014 chips
[turn] player XinWQNMLGB_0_2 has 2993 chips
[turn] player yyyyyr_0_4 has 3009 chips
[turn] player were_0_5 has 2982 chips
[turn] player ssw_0_6 has 2996 chips
[turn] player Gaotaku_0_7 has 2994 chips
[turn] action
[turn] check
[turn] player The Joker_0_0 checks
[turn] player XinWQNMLGB_0_2 folds
[turn] round ends
[GAME STAT] pot 0 with 12 chips is shared by 1 players
[GAME STAT] player The Joker_0_0 gets 12 chips from pot 0
[GAME STAT] overall statistics
[GAME STAT] player The Joker_0_0 wins 8 chips in this game
[GAME STAT] player XinWQNMLGB_0_2 wins -4 chips in this game
[GAME STAT] player yyyyyr_0_4 wins 0 chips in this game
[GAME STAT] player were_0_5 wins -4 chips in this game
[GAME STAT] player ssw_0_6 wins 0 chips in this game
[GAME STAT] player Gaotaku_0_7 wins 0 chips in this game
[GAME 6] game ends, invoking player.game_end()
[GAME 7] game starts
[GAME INFO] number of participants in this game = 6
[GAME INFO] participant: The Joker_0_0, chip = 9026
[GAME INFO] participant: XinWQNMLGB_0_2, chip = 2993
[GAME INFO] participant: yyyyyr_0_4, chip = 3009
[GAME INFO] participant: were_0_5, chip = 2982
[GAME INFO] participant: ssw_0_6, chip = 2996
[GAME INFO] participant: Gaotaku_0_7, chip = 2994
[GAME INFO] blind is 5
[GAME INFO] dealer is The Joker_0_0
[GAME INFO] small blind 5 posted by XinWQNMLGB_0_2
[GAME INFO] big blind 10 posted by yyyyyr_0_4
[hole card] 7 diamond
[hole card] K spade
[preflop] round starts
[preflop] player The Joker_0_0 has 9026 chips
[preflop] player XinWQNMLGB_0_2 has 2988 chips
[preflop] player yyyyyr_0_4 has 2999 chips
[preflop] player were_0_5 has 2982 chips
[preflop] player ssw_0_6 has 2996 chips
[preflop] player Gaotaku_0_7 has 2994 chips
[preflop] player were_0_5 calls. Total bet is 10
[preflop] player ssw_0_6 folds
[preflop] player Gaotaku_0_7 folds
[preflop] action
[WARNING] CANNOT check when another player has raised
[preflop] player The Joker_0_0 folds
[preflop] player XinWQNMLGB_0_2 calls. Total bet is 10
[preflop] player yyyyyr_0_4 calls. Total bet is 10
[flop] J spade
[flop] 7 heart
[flop] 6 diamond
[flop] round starts
[flop] player The Joker_0_0 has 9026 chips
[flop] player XinWQNMLGB_0_2 has 2983 chips
[flop] player yyyyyr_0_4 has 2999 chips
[flop] player were_0_5 has 2972 chips
[flop] player ssw_0_6 has 2996 chips
[flop] player Gaotaku_0_7 has 2994 chips
[flop] player XinWQNMLGB_0_2 checks
[flop] player yyyyyr_0_4 checks
[flop] player were_0_5 folds
[flop] round ends
[turn] 2 club
[turn] round starts
[turn] player The Joker_0_0 has 9026 chips
[turn] player XinWQNMLGB_0_2 has 2983 chips
[turn] player yyyyyr_0_4 has 2999 chips
[turn] player were_0_5 has 2972 chips
[turn] player ssw_0_6 has 2996 chips
[turn] player Gaotaku_0_7 has 2994 chips
[turn] player XinWQNMLGB_0_2 folds
[turn] round ends
[GAME STAT] pot 0 with 30 chips is shared by 1 players
[GAME STAT] player yyyyyr_0_4 gets 30 chips from pot 0
[GAME STAT] overall statistics
[GAME STAT] player The Joker_0_0 wins 0 chips in this game
[GAME STAT] player XinWQNMLGB_0_2 wins -10 chips in this game
[GAME STAT] player yyyyyr_0_4 wins 20 chips in this game
[GAME STAT] player were_0_5 wins -10 chips in this game
[GAME STAT] player ssw_0_6 wins 0 chips in this game
[GAME STAT] player Gaotaku_0_7 wins 0 chips in this game
[GAME 7] game ends, invoking player.game_end()
[GAME 8] game starts
[GAME INFO] number of participants in this game = 6
[GAME INFO] participant: The Joker_0_0, chip = 9026
[GAME INFO] participant: XinWQNMLGB_0_2, chip = 2983
[GAME INFO] participant: yyyyyr_0_4, chip = 3029
[GAME INFO] participant: were_0_5, chip = 2972
[GAME INFO] participant: ssw_0_6, chip = 2996
[GAME INFO] participant: Gaotaku_0_7, chip = 2994
[GAME INFO] blind is 5
[GAME INFO] dealer is XinWQNMLGB_0_2
[GAME INFO] small blind 5 posted by yyyyyr_0_4
[GAME INFO] big blind 10 posted by were_0_5
[hole card] J spade
[hole card] 10 heart
[preflop] round starts
[preflop] player The Joker_0_0 has 9026 chips
[preflop] player XinWQNMLGB_0_2 has 2983 chips
[preflop] player yyyyyr_0_4 has 3024 chips
[preflop] player were_0_5 has 2962 chips
[preflop] player ssw_0_6 has 2996 chips
[preflop] player Gaotaku_0_7 has 2994 chips
[preflop] player ssw_0_6 folds
[preflop] player Gaotaku_0_7 folds
[preflop] action
[preflop] call (10 chips). 
[preflop] player The Joker_0_0 calls. Total bet is 10
[preflop] player XinWQNMLGB_0_2 calls. Total bet is 10
[preflop] player yyyyyr_0_4 folds
[preflop] player were_0_5 calls. Total bet is 10
[flop] K diamond
[flop] 3 spade
[flop] 4 spade
[flop] round starts
[flop] player The Joker_0_0 has 9016 chips
[flop] player XinWQNMLGB_0_2 has 2973 chips
[flop] player yyyyyr_0_4 has 3024 chips
[flop] player were_0_5 has 2962 chips
[flop] player ssw_0_6 has 2996 chips
[flop] player Gaotaku_0_7 has 2994 chips
[flop] player were_0_5 folds
[flop] action
[flop] check
[flop] player The Joker_0_0 checks
[flop] player XinWQNMLGB_0_2 checks
[flop] round ends
[turn] 2 club
[turn] round starts
[turn] player The Joker_0_0 has 9016 chips
[turn] player XinWQNMLGB_0_2 has 2973 chips
[turn] player yyyyyr_0_4 has 3024 chips
[turn] player were_0_5 has 2962 chips
[turn] player ssw_0_6 has 2996 chips
[turn] player Gaotaku_0_7 has 2994 chips
[turn] action
[turn] check
[turn] player The Joker_0_0 checks
[turn] player XinWQNMLGB_0_2 folds
[turn] round ends
[GAME STAT] pot 0 with 20 chips is shared by 1 players
[GAME STAT] player The Joker_0_0 gets 20 chips from pot 0
[GAME STAT] pot 1 with 15 chips is shared by 1 players
[GAME STAT] player The Joker_0_0 gets 15 chips from pot 1
[GAME STAT] overall statistics
[GAME STAT] player The Joker_0_0 wins 25 chips in this game
[GAME STAT] player XinWQNMLGB_0_2 wins -10 chips in this game
[GAME STAT] player yyyyyr_0_4 wins -5 chips in this game
[GAME STAT] player were_0_5 wins -10 chips in this game
[GAME STAT] player ssw_0_6 wins 0 chips in this game
[GAME STAT] player Gaotaku_0_7 wins 0 chips in this game
[GAME 8] game ends, invoking player.game_end()
[GAME 9] game starts
[GAME INFO] number of participants in this game = 6
[GAME INFO] participant: The Joker_0_0, chip = 9051
[GAME INFO] participant: XinWQNMLGB_0_2, chip = 2973
[GAME INFO] participant: yyyyyr_0_4, chip = 3024
[GAME INFO] participant: were_0_5, chip = 2962
[GAME INFO] participant: ssw_0_6, chip = 2996
[GAME INFO] participant: Gaotaku_0_7, chip = 2994
[GAME INFO] blind is 5
[GAME INFO] dealer is yyyyyr_0_4
[GAME INFO] small blind 5 posted by were_0_5
[GAME INFO] big blind 10 posted by ssw_0_6
[hole card] 2 spade
[hole card] 6 club
[preflop] round starts
[preflop] player The Joker_0_0 has 9051 chips
[preflop] player XinWQNMLGB_0_2 has 2973 chips
[preflop] player yyyyyr_0_4 has 3024 chips
[preflop] player were_0_5 has 2957 chips
[preflop] player ssw_0_6 has 2986 chips
[preflop] player Gaotaku_0_7 has 2994 chips
[preflop] player Gaotaku_0_7 folds
[preflop] action
[WARNING] CANNOT check when another player has raised
[preflop] player The Joker_0_0 folds
[preflop] player XinWQNMLGB_0_2 calls. Total bet is 10
[preflop] player yyyyyr_0_4 folds
[preflop] player were_0_5 calls. Total bet is 10
[preflop] player ssw_0_6 folds
[flop] K heart
[flop] 4 diamond
[flop] K spade
[flop] round starts
[flop] player The Joker_0_0 has 9051 chips
[flop] player XinWQNMLGB_0_2 has 2963 chips
[flop] player yyyyyr_0_4 has 3024 chips
[flop] player were_0_5 has 2952 chips
[flop] player ssw_0_6 has 2986 chips
[flop] player Gaotaku_0_7 has 2994 chips
[flop] player were_0_5 folds
[flop] round ends
[GAME STAT] pot 0 with 30 chips is shared by 1 players
[GAME STAT] player XinWQNMLGB_0_2 gets 30 chips from pot 0
[GAME STAT] overall statistics
[GAME STAT] player The Joker_0_0 wins 0 chips in this game
[GAME STAT] player XinWQNMLGB_0_2 wins 20 chips in this game
[GAME STAT] player yyyyyr_0_4 wins 0 chips in this game
[GAME STAT] player were_0_5 wins -10 chips in this game
[GAME STAT] player ssw_0_6 wins -10 chips in this game
[GAME STAT] player Gaotaku_0_7 wins 0 chips in this game
[GAME 9] game ends, invoking player.game_end()
[GAME 10] game starts
[GAME INFO] number of participants in this game = 6
[GAME INFO] participant: The Joker_0_0, chip = 9051
[GAME INFO] participant: XinWQNMLGB_0_2, chip = 2993
[GAME INFO] participant: yyyyyr_0_4, chip = 3024
[GAME INFO] participant: were_0_5, chip = 2952
[GAME INFO] participant: ssw_0_6, chip = 2986
[GAME INFO] participant: Gaotaku_0_7, chip = 2994
[GAME INFO] blind is 10
[GAME INFO] dealer is were_0_5
[GAME INFO] small blind 10 posted by ssw_0_6
[GAME INFO] big blind 20 posted by Gaotaku_0_7
[hole card] 5 club
[hole card] 8 club
[preflop] round starts
[preflop] player The Joker_0_0 has 9051 chips
[preflop] player XinWQNMLGB_0_2 has 2993 chips
[preflop] player yyyyyr_0_4 has 3024 chips
[preflop] player were_0_5 has 2952 chips
[preflop] player ssw_0_6 has 2976 chips
[preflop] player Gaotaku_0_7 has 2974 chips
[preflop] action
[WARNING] CANNOT check when another player has raised
[preflop] player The Joker_0_0 folds
[preflop] player XinWQNMLGB_0_2 calls. Total bet is 20
[preflop] player yyyyyr_0_4 calls. Total bet is 20
[preflop] player were_0_5 calls. Total bet is 20
[preflop] player ssw_0_6 folds
[preflop] player Gaotaku_0_7 folds
[flop] 2 spade
[flop] J club
[flop] Q heart
[flop] round starts
[flop] player The Joker_0_0 has 9051 chips
[flop] player XinWQNMLGB_0_2 has 2973 chips
[flop] player yyyyyr_0_4 has 3004 chips
[flop] player were_0_5 has 2932 chips
[flop] player ssw_0_6 has 2976 chips
[flop] player Gaotaku_0_7 has 2974 chips
[flop] player XinWQNMLGB_0_2 checks
[flop] player yyyyyr_0_4 checks
[flop] player were_0_5 folds
[flop] round ends
[turn] K club
[turn] round starts
[turn] player The Joker_0_0 has 9051 chips
[turn] player XinWQNMLGB_0_2 has 2973 chips
[turn] player yyyyyr_0_4 has 3004 chips
[turn] player were_0_5 has 2932 chips
[turn] player ssw_0_6 has 2976 chips
[turn] player Gaotaku_0_7 has 2974 chips
[turn] player XinWQNMLGB_0_2 folds
[turn] round ends
[GAME STAT] pot 0 with 50 chips is shared by 1 players
[GAME STAT] player yyyyyr_0_4 gets 50 chips from pot 0
[GAME STAT] pot 1 with 40 chips is shared by 1 players
[GAME STAT] player yyyyyr_0_4 gets 40 chips from pot 1
[GAME STAT] overall statistics
[GAME STAT] player The Joker_0_0 wins 0 chips in this game
[GAME STAT] player XinWQNMLGB_0_2 wins -20 chips in this game
[GAME STAT] player yyyyyr_0_4 wins 70 chips in this game
[GAME STAT] player were_0_5 wins -20 chips in this game
[GAME STAT] player ssw_0_6 wins -10 chips in this game
[GAME STAT] player Gaotaku_0_7 wins -20 chips in this game
[GAME 10] game ends, invoking player.game_end()
[GAME 11] game starts
[GAME INFO] number of participants in this game = 6
[GAME INFO] participant: The Joker_0_0, chip = 9051
[GAME INFO] participant: XinWQNMLGB_0_2, chip = 2973
[GAME INFO] participant: yyyyyr_0_4, chip = 3094
[GAME INFO] participant: were_0_5, chip = 2932
[GAME INFO] participant: ssw_0_6, chip = 2976
[GAME INFO] participant: Gaotaku_0_7, chip = 2974
[GAME INFO] blind is 10
[GAME INFO] dealer is ssw_0_6
[GAME INFO] small blind 10 posted by Gaotaku_0_7
[GAME INFO] big blind 20 posted by The Joker_0_0
[hole card] 9 club
[hole card] 6 spade
[preflop] round starts
[preflop] player The Joker_0_0 has 9031 chips
[preflop] player XinWQNMLGB_0_2 has 2973 chips
[preflop] player yyyyyr_0_4 has 3094 chips
[preflop] player were_0_5 has 2932 chips
[preflop] player ssw_0_6 has 2976 chips
[preflop] player Gaotaku_0_7 has 2964 chips
[preflop] player XinWQNMLGB_0_2 calls. Total bet is 20
[preflop] player yyyyyr_0_4 calls. Total bet is 20
[preflop] player were_0_5 calls. Total bet is 20
[preflop] player ssw_0_6 folds
[preflop] player Gaotaku_0_7 calls. Total bet is 20
[preflop] action
[preflop] call (0 chips). 
[preflop] player The Joker_0_0 calls. Total bet is 20
[flop] 2 club
[flop] 4 spade
[flop] 3 heart
[flop] round starts
[flop] player The Joker_0_0 has 9031 chips
[flop] player XinWQNMLGB_0_2 has 2953 chips
[flop] player yyyyyr_0_4 has 3074 chips
[flop] player were_0_5 has 2912 chips
[flop] player ssw_0_6 has 2976 chips
[flop] player Gaotaku_0_7 has 2954 chips
[flop] player Gaotaku_0_7 folds
[flop] action
[flop] check
[flop] player The Joker_0_0 checks
[flop] player XinWQNMLGB_0_2 checks
[flop] player yyyyyr_0_4 checks
[flop] player were_0_5 folds
[flop] round ends
[turn] 3 diamond
[turn] round starts
[turn] player The Joker_0_0 has 9031 chips
[turn] player XinWQNMLGB_0_2 has 2953 chips
[turn] player yyyyyr_0_4 has 3074 chips
[turn] player were_0_5 has 2912 chips
[turn] player ssw_0_6 has 2976 chips
[turn] player Gaotaku_0_7 has 2954 chips
[turn] action
[turn] check
[turn] player The Joker_0_0 checks
[turn] player XinWQNMLGB_0_2 folds
[turn] player yyyyyr_0_4 checks
[turn] round ends
[river] 4 heart
[river] round starts
[river] player The Joker_0_0 has 9031 chips
[river] player XinWQNMLGB_0_2 has 2953 chips
[river] player yyyyyr_0_4 has 3074 chips
[river] player were_0_5 has 2912 chips
[river] player ssw_0_6 has 2976 chips
[river] player Gaotaku_0_7 has 2954 chips
[river] action
[river] check
[river] player The Joker_0_0 checks
[river] player yyyyyr_0_4 checks
[river] round ends
[SHOWDOWN] showdown starts
[SHOWDOWN] showdown
[SHOWDOWN] 4 spade 3 heart 3 diamond 4 heart 9 club
[SHOWDOWN] player yyyyyr_0_4 shows Q club 4 spade 3 heart 3 diamond 4 heart, which is two pair.
[SHOWDOWN] player The Joker_0_0 shows 4 spade 3 heart 3 diamond 4 heart 9 club, which is two pair.
[GAME STAT] pot 0 with 100 chips is shared by 1 players
[GAME STAT] player yyyyyr_0_4 gets 100 chips from pot 0
[GAME STAT] overall statistics
[GAME STAT] player The Joker_0_0 wins -20 chips in this game
[GAME STAT] player XinWQNMLGB_0_2 wins -20 chips in this game
[GAME STAT] player yyyyyr_0_4 wins 80 chips in this game
[GAME STAT] player were_0_5 wins -20 chips in this game
[GAME STAT] player ssw_0_6 wins 0 chips in this game
[GAME STAT] player Gaotaku_0_7 wins -20 chips in this game
[GAME 11] game ends, invoking player.game_end()
[GAME 12] game starts
[GAME INFO] number of participants in this game = 6
[GAME INFO] participant: The Joker_0_0, chip = 9031
[GAME INFO] participant: XinWQNMLGB_0_2, chip = 2953
[GAME INFO] participant: yyyyyr_0_4, chip = 3174
[GAME INFO] participant: were_0_5, chip = 2912
[GAME INFO] participant: ssw_0_6, chip = 2976
[GAME INFO] participant: Gaotaku_0_7, chip = 2954
[GAME INFO] blind is 10
[GAME INFO] dealer is Gaotaku_0_7
[GAME INFO] small blind 10 posted by The Joker_0_0
[GAME INFO] big blind 20 posted by XinWQNMLGB_0_2
[hole card] 7 spade
[hole card] A heart
[preflop] round starts
[preflop] player The Joker_0_0 has 9021 chips
[preflop] player XinWQNMLGB_0_2 has 2933 chips
[preflop] player yyyyyr_0_4 has 3174 chips
[preflop] player were_0_5 has 2912 chips
[preflop] player ssw_0_6 has 2976 chips
[preflop] player Gaotaku_0_7 has 2954 chips
[preflop] player yyyyyr_0_4 folds
[preflop] player were_0_5 calls. Total bet is 20
[preflop] player ssw_0_6 folds
[preflop] player Gaotaku_0_7 calls. Total bet is 20
[preflop] action
[WARNING] CANNOT check when another player has raised
[preflop] player The Joker_0_0 folds
[preflop] player XinWQNMLGB_0_2 calls. Total bet is 20
[flop] 2 diamond
[flop] 6 heart
[flop] K heart
[flop] round starts
[flop] player The Joker_0_0 has 9021 chips
[flop] player XinWQNMLGB_0_2 has 2933 chips
[flop] player yyyyyr_0_4 has 3174 chips
[flop] player were_0_5 has 2892 chips
[flop] player ssw_0_6 has 2976 chips
[flop] player Gaotaku_0_7 has 2934 chips
[flop] player XinWQNMLGB_0_2 checks
[flop] player were_0_5 checks
[flop] player Gaotaku_0_7 checks
[flop] round ends
[turn] 4 club
[turn] round starts
[turn] player The Joker_0_0 has 9021 chips
[turn] player XinWQNMLGB_0_2 has 2933 chips
[turn] player yyyyyr_0_4 has 3174 chips
[turn] player were_0_5 has 2892 chips
[turn] player ssw_0_6 has 2976 chips
[turn] player Gaotaku_0_7 has 2934 chips
[turn] player XinWQNMLGB_0_2 folds
[turn] player were_0_5 checks
[turn] player Gaotaku_0_7 folds
[turn] round ends
[GAME STAT] pot 0 with 40 chips is shared by 1 players
[GAME STAT] player were_0_5 gets 40 chips from pot 0
[GAME STAT] pot 1 with 30 chips is shared by 1 players
[GAME STAT] player were_0_5 gets 30 chips from pot 1
[GAME STAT] overall statistics
[GAME STAT] player The Joker_0_0 wins -10 chips in this game
[GAME STAT] player XinWQNMLGB_0_2 wins -20 chips in this game
[GAME STAT] player yyyyyr_0_4 wins 0 chips in this game
[GAME STAT] player were_0_5 wins 50 chips in this game
[GAME STAT] player ssw_0_6 wins 0 chips in this game
[GAME STAT] player Gaotaku_0_7 wins -20 chips in this game
[GAME 12] game ends, invoking player.game_end()
[GAME 13] game starts
[GAME INFO] number of participants in this game = 6
[GAME INFO] participant: The Joker_0_0, chip = 9021
[GAME INFO] participant: XinWQNMLGB_0_2, chip = 2933
[GAME INFO] participant: yyyyyr_0_4, chip = 3174
[GAME INFO] participant: were_0_5, chip = 2962
[GAME INFO] participant: ssw_0_6, chip = 2976
[GAME INFO] participant: Gaotaku_0_7, chip = 2934
[GAME INFO] blind is 20
[GAME INFO] dealer is The Joker_0_0
[GAME INFO] small blind 20 posted by XinWQNMLGB_0_2
[GAME INFO] big blind 40 posted by yyyyyr_0_4
[hole card] 5 club
[hole card] 8 heart
[preflop] round starts
[preflop] player The Joker_0_0 has 9021 chips
[preflop] player XinWQNMLGB_0_2 has 2913 chips
[preflop] player yyyyyr_0_4 has 3134 chips
[preflop] player were_0_5 has 2962 chips
[preflop] player ssw_0_6 has 2976 chips
[preflop] player Gaotaku_0_7 has 2934 chips
[preflop] player were_0_5 calls. Total bet is 40
[preflop] player ssw_0_6 folds
[preflop] player Gaotaku_0_7 folds
[preflop] action
[WARNING] CANNOT check when another player has raised
[preflop] player The Joker_0_0 folds
[preflop] player XinWQNMLGB_0_2 calls. Total bet is 40
[preflop] player yyyyyr_0_4 folds
[flop] Q diamond
[flop] 9 heart
[flop] 2 spade
[flop] round starts
[flop] player The Joker_0_0 has 9021 chips
[flop] player XinWQNMLGB_0_2 has 2893 chips
[flop] player yyyyyr_0_4 has 3134 chips
[flop] player were_0_5 has 2922 chips
[flop] player ssw_0_6 has 2976 chips
[flop] player Gaotaku_0_7 has 2934 chips
[flop] player XinWQNMLGB_0_2 checks
[flop] player were_0_5 folds
[flop] round ends
[GAME STAT] pot 0 with 120 chips is shared by 1 players
[GAME STAT] player XinWQNMLGB_0_2 gets 120 chips from pot 0
[GAME STAT] overall statistics
[GAME STAT] player The Joker_0_0 wins 0 chips in this game
[GAME STAT] player XinWQNMLGB_0_2 wins 80 chips in this game
[GAME STAT] player yyyyyr_0_4 wins -40 chips in this game
[GAME STAT] player were_0_5 wins -40 chips in this game
[GAME STAT] player ssw_0_6 wins 0 chips in this game
[GAME STAT] player Gaotaku_0_7 wins 0 chips in this game
[GAME 13] game ends, invoking player.game_end()
[GAME 14] game starts
[GAME INFO] number of participants in this game = 6
[GAME INFO] participant: The Joker_0_0, chip = 9021
[GAME INFO] participant: XinWQNMLGB_0_2, chip = 3013
[GAME INFO] participant: yyyyyr_0_4, chip = 3134
[GAME INFO] participant: were_0_5, chip = 2922
[GAME INFO] participant: ssw_0_6, chip = 2976
[GAME INFO] participant: Gaotaku_0_7, chip = 2934
[GAME INFO] blind is 20
[GAME INFO] dealer is XinWQNMLGB_0_2
[GAME INFO] small blind 20 posted by yyyyyr_0_4
[GAME INFO] big blind 40 posted by were_0_5
[hole card] 3 club
[hole card] A heart
[preflop] round starts
[preflop] player The Joker_0_0 has 9021 chips
[preflop] player XinWQNMLGB_0_2 has 3013 chips
[preflop] player yyyyyr_0_4 has 3114 chips
[preflop] player were_0_5 has 2882 chips
[preflop] player ssw_0_6 has 2976 chips
[preflop] player Gaotaku_0_7 has 2934 chips
[preflop] player ssw_0_6 folds
[preflop] player Gaotaku_0_7 folds
[preflop] action
[WARNING] CANNOT check when another player has raised
[preflop] player The Joker_0_0 folds
[preflop] player XinWQNMLGB_0_2 calls. Total bet is 40
[preflop] player yyyyyr_0_4 folds
[preflop] player were_0_5 calls. Total bet is 40
[flop] A diamond
[flop] J club
[flop] 8 heart
[flop] round starts
[flop] player The Joker_0_0 has 9021 chips
[flop] player XinWQNMLGB_0_2 has 2973 chips
[flop] player yyyyyr_0_4 has 3114 chips
[flop] player were_0_5 has 2882 chips
[flop] player ssw_0_6 has 2976 chips
[flop] player Gaotaku_0_7 has 2934 chips
[flop] player were_0_5 folds
[flop] round ends
[GAME STAT] pot 0 with 60 chips is shared by 1 players
[GAME STAT] player XinWQNMLGB_0_2 gets 60 chips from pot 0
[GAME STAT] pot 1 with 40 chips is shared by 1 players
[GAME STAT] player XinWQNMLGB_0_2 gets 40 chips from pot 1
[GAME STAT] overall statistics
[GAME STAT] player The Joker_0_0 wins 0 chips in this game
[GAME STAT] player XinWQNMLGB_0_2 wins 60 chips in this game
[GAME STAT] player yyyyyr_0_4 wins -20 chips in this game
[GAME STAT] player were_0_5 wins -40 chips in this game
[GAME STAT] player ssw_0_6 wins 0 chips in this game
[GAME STAT] player Gaotaku_0_7 wins 0 chips in this game
[GAME 14] game ends, invoking player.game_end()
[GAME 15] game starts
[GAME INFO] number of participants in this game = 6
[GAME INFO] participant: The Joker_0_0, chip = 9021
[GAME INFO] participant: XinWQNMLGB_0_2, chip = 3073
[GAME INFO] participant: yyyyyr_0_4, chip = 3114
[GAME INFO] participant: were_0_5, chip = 2882
[GAME INFO] participant: ssw_0_6, chip = 2976
[GAME INFO] participant: Gaotaku_0_7, chip = 2934
[GAME INFO] blind is 20
[GAME INFO] dealer is yyyyyr_0_4
[GAME INFO] small blind 20 posted by were_0_5
[GAME INFO] big blind 40 posted by ssw_0_6
[hole card] 2 club
[hole card] J spade
[preflop] round starts
[preflop] player The Joker_0_0 has 9021 chips
[preflop] player XinWQNMLGB_0_2 has 3073 chips
[preflop] player yyyyyr_0_4 has 3114 chips
[preflop] player were_0_5 has 2862 chips
[preflop] player ssw_0_6 has 2936 chips
[preflop] player Gaotaku_0_7 has 2934 chips
[preflop] player Gaotaku_0_7 folds
[preflop] action
[WARNING] CANNOT check when another player has raised
[preflop] player The Joker_0_0 folds
[preflop] player XinWQNMLGB_0_2 calls. Total bet is 40
[preflop] player yyyyyr_0_4 folds
[preflop] player were_0_5 calls. Total bet is 40
[preflop] player ssw_0_6 folds
[flop] J heart
[flop] 2 diamond
[flop] 5 diamond
[flop] round starts
[flop] player The Joker_0_0 has 9021 chips
[flop] player XinWQNMLGB_0_2 has 3033 chips
[flop] player yyyyyr_0_4 has 3114 chips
[flop] player were_0_5 has 2842 chips
[flop] player ssw_0_6 has 2936 chips
[flop] player Gaotaku_0_7 has 2934 chips
[flop] player were_0_5 folds
[flop] round ends
[GAME STAT] pot 0 with 120 chips is shared by 1 players
[GAME STAT] player XinWQNMLGB_0_2 gets 120 chips from pot 0
[GAME STAT] overall statistics
[GAME STAT] player The Joker_0_0 wins 0 chips in this game
[GAME STAT] player XinWQNMLGB_0_2 wins 80 chips in this game
[GAME STAT] player yyyyyr_0_4 wins 0 chips in this game
[GAME STAT] player were_0_5 wins -40 chips in this game
[GAME STAT] player ssw_0_6 wins -40 chips in this game
[GAME STAT] player Gaotaku_0_7 wins 0 chips in this game
[GAME 15] game ends, invoking player.game_end()
[GAME 16] game starts
[GAME INFO] number of participants in this game = 6
[GAME INFO] participant: The Joker_0_0, chip = 9021
[GAME INFO] participant: XinWQNMLGB_0_2, chip = 3153
[GAME INFO] participant: yyyyyr_0_4, chip = 3114
[GAME INFO] participant: were_0_5, chip = 2842
[GAME INFO] participant: ssw_0_6, chip = 2936
[GAME INFO] participant: Gaotaku_0_7, chip = 2934
[GAME INFO] blind is 50
[GAME INFO] dealer is were_0_5
[GAME INFO] small blind 50 posted by ssw_0_6
[GAME INFO] big blind 100 posted by Gaotaku_0_7
[hole card] 9 spade
[hole card] K club
[preflop] round starts
[preflop] player The Joker_0_0 has 9021 chips
[preflop] player XinWQNMLGB_0_2 has 3153 chips
[preflop] player yyyyyr_0_4 has 3114 chips
[preflop] player were_0_5 has 2842 chips
[preflop] player ssw_0_6 has 2886 chips
[preflop] player Gaotaku_0_7 has 2834 chips
[preflop] action
[WARNING] CANNOT check when another player has raised
[preflop] player The Joker_0_0 folds
[preflop] player XinWQNMLGB_0_2 calls. Total bet is 100
[preflop] player yyyyyr_0_4 calls. Total bet is 100
[preflop] player were_0_5 calls. Total bet is 100
[preflop] player ssw_0_6 folds
[preflop] player Gaotaku_0_7 folds
[flop] 5 heart
[flop] 10 diamond
[flop] 10 heart
[flop] round starts
[flop] player The Joker_0_0 has 9021 chips
[flop] player XinWQNMLGB_0_2 has 3053 chips
[flop] player yyyyyr_0_4 has 3014 chips
[flop] player were_0_5 has 2742 chips
[flop] player ssw_0_6 has 2886 chips
[flop] player Gaotaku_0_7 has 2834 chips
[flop] player XinWQNMLGB_0_2 checks
[flop] player yyyyyr_0_4 checks
[flop] player were_0_5 checks
[flop] round ends
[turn] 6 diamond
[turn] round starts
[turn] player The Joker_0_0 has 9021 chips
[turn] player XinWQNMLGB_0_2 has 3053 chips
[turn] player yyyyyr_0_4 has 3014 chips
[turn] player were_0_5 has 2742 chips
[turn] player ssw_0_6 has 2886 chips
[turn] player Gaotaku_0_7 has 2834 chips
[turn] player XinWQNMLGB_0_2 folds
[turn] player yyyyyr_0_4 checks
[turn] player were_0_5 checks
[turn] round ends
[river] 4 club
[river] round starts
[river] player The Joker_0_0 has 9021 chips
[river] player XinWQNMLGB_0_2 has 3053 chips
[river] player yyyyyr_0_4 has 3014 chips
[river] player were_0_5 has 2742 chips
[river] player ssw_0_6 has 2886 chips
[river] player Gaotaku_0_7 has 2834 chips
[river] player yyyyyr_0_4 checks
[river] player were_0_5 checks
[river] round ends
[SHOWDOWN] showdown starts
[SHOWDOWN] player yyyyyr_0_4 shows A spade 7 heart 10 diamond 10 heart 6 diamond, which is one pair.
[SHOWDOWN] player were_0_5 shows J heart 5 heart 10 diamond 10 heart 6 diamond, which is one pair.
[GAME STAT] pot 0 with 250 chips is shared by 1 players
[GAME STAT] player yyyyyr_0_4 gets 250 chips from pot 0
[GAME STAT] pot 1 with 200 chips is shared by 1 players
[GAME STAT] player yyyyyr_0_4 gets 200 chips from pot 1
[GAME STAT] overall statistics
[GAME STAT] player The Joker_0_0 wins 0 chips in this game
[GAME STAT] player XinWQNMLGB_0_2 wins -100 chips in this game
[GAME STAT] player yyyyyr_0_4 wins 350 chips in this game
[GAME STAT] player were_0_5 wins -100 chips in this game
[GAME STAT] player ssw_0_6 wins -50 chips in this game
[GAME STAT] player Gaotaku_0_7 wins -100 chips in this game
[GAME 16] game ends, invoking player.game_end()
[GAME 17] game starts
[GAME INFO] number of participants in this game = 6
[GAME INFO] participant: The Joker_0_0, chip = 9021
[GAME INFO] participant: XinWQNMLGB_0_2, chip = 3053
[GAME INFO] participant: yyyyyr_0_4, chip = 3464
[GAME INFO] participant: were_0_5, chip = 2742
[GAME INFO] participant: ssw_0_6, chip = 2886
[GAME INFO] participant: Gaotaku_0_7, chip = 2834
[GAME INFO] blind is 50
[GAME INFO] dealer is ssw_0_6
[GAME INFO] small blind 50 posted by Gaotaku_0_7
[GAME INFO] big blind 100 posted by The Joker_0_0
[hole card] 7 club
[hole card] J club
[preflop] round starts
[preflop] player The Joker_0_0 has 8921 chips
[preflop] player XinWQNMLGB_0_2 has 3053 chips
[preflop] player yyyyyr_0_4 has 3464 chips
[preflop] player were_0_5 has 2742 chips
[preflop] player ssw_0_6 has 2886 chips
[preflop] player Gaotaku_0_7 has 2784 chips
[preflop] player XinWQNMLGB_0_2 calls. Total bet is 100
[preflop] player yyyyyr_0_4 calls. Total bet is 100
[preflop] player were_0_5 calls. Total bet is 100
[preflop] player ssw_0_6 goes all in (2886 chips). Total bet is 2886
[preflop] player Gaotaku_0_7 folds
[preflop] action
[WARNING] CANNOT check when another player has raised
[preflop] player The Joker_0_0 folds
[preflop] player XinWQNMLGB_0_2 calls. Total bet is 2886
[preflop] player yyyyyr_0_4 calls. Total bet is 2886
[preflop] player were_0_5 goes all in (2642 chips). Total bet is 2742
[flop] 10 diamond
[flop] Q club
[flop] 4 diamond
[flop] round starts
[flop] player The Joker_0_0 has 8921 chips
[flop] player XinWQNMLGB_0_2 has 167 chips
[flop] player yyyyyr_0_4 has 578 chips
[flop] player were_0_5 has 0 chips
[flop] player ssw_0_6 has 0 chips
[flop] player Gaotaku_0_7 has 2784 chips
[flop] player XinWQNMLGB_0_2 checks
[flop] player yyyyyr_0_4 checks
[flop] player were_0_5 folds
[flop] player ssw_0_6 checks
[flop] round ends
[turn] 8 diamond
[turn] round starts
[turn] player The Joker_0_0 has 8921 chips
[turn] player XinWQNMLGB_0_2 has 167 chips
[turn] player yyyyyr_0_4 has 578 chips
[turn] player were_0_5 has 0 chips
[turn] player ssw_0_6 has 0 chips
[turn] player Gaotaku_0_7 has 2784 chips
[turn] player XinWQNMLGB_0_2 folds
[turn] player yyyyyr_0_4 checks
[turn] player ssw_0_6 checks
[turn] round ends
[river] 4 spade
[river] round starts
[river] player The Joker_0_0 has 8921 chips
[river] player XinWQNMLGB_0_2 has 167 chips
[river] player yyyyyr_0_4 has 578 chips
[river] player were_0_5 has 0 chips
[river] player ssw_0_6 has 0 chips
[river] player Gaotaku_0_7 has 2784 chips
[river] player yyyyyr_0_4 checks
[river] player ssw_0_6 checks
[river] round ends
[SHOWDOWN] showdown starts
[SHOWDOWN] player ssw_0_6 shows A diamond A spade Q club 4 diamond 4 spade, which is two pair.
[SHOWDOWN] player yyyyyr_0_4 shows K club 10 diamond Q club 4 diamond 4 spade, which is one pair.
[GAME STAT] pot 0 with 300 chips is shared by 1 players
[GAME STAT] player ssw_0_6 gets 300 chips from pot 0
[GAME STAT] pot 1 with 250 chips is shared by 1 players
[GAME STAT] player ssw_0_6 gets 250 chips from pot 1
[GAME STAT] pot 2 with 10568 chips is shared by 1 players
[GAME STAT] player ssw_0_6 gets 10568 chips from pot 2
[GAME STAT] pot 3 with 432 chips is shared by 1 players
[GAME STAT] player ssw_0_6 gets 432 chips from pot 3
[GAME STAT] overall statistics
[GAME STAT] player The Joker_0_0 wins -100 chips in this game
[GAME STAT] player XinWQNMLGB_0_2 wins -2886 chips in this game
[GAME STAT] player yyyyyr_0_4 wins -2886 chips in this game
[GAME STAT] player were_0_5 wins -2742 chips in this game
[GAME STAT] player ssw_0_6 wins 8664 chips in this game
[GAME STAT] player Gaotaku_0_7 wins -50 chips in this game
[GAME 17] game ends, invoking player.game_end()
[GAME 18] game starts
[GAME INFO] number of participants in this game = 5
[GAME INFO] participant: The Joker_0_0, chip = 8921
[GAME INFO] participant: XinWQNMLGB_0_2, chip = 167
[GAME INFO] participant: yyyyyr_0_4, chip = 578
[GAME INFO] participant: ssw_0_6, chip = 11550
[GAME INFO] participant: Gaotaku_0_7, chip = 2784
[GAME INFO] blind is 50
[GAME INFO] dealer is Gaotaku_0_7
[GAME INFO] small blind 50 posted by The Joker_0_0
[GAME INFO] big blind 100 posted by XinWQNMLGB_0_2
[hole card] K spade
[hole card] 3 club
[preflop] round starts
[preflop] player The Joker_0_0 has 8871 chips
[preflop] player XinWQNMLGB_0_2 has 67 chips
[preflop] player yyyyyr_0_4 has 578 chips
[preflop] player ssw_0_6 has 11550 chips
[preflop] player Gaotaku_0_7 has 2784 chips
[preflop] player yyyyyr_0_4 folds
[preflop] player ssw_0_6 folds
[preflop] player Gaotaku_0_7 folds
[preflop] action
[WARNING] CANNOT check when another player has raised
[preflop] player The Joker_0_0 folds
[GAME STAT] pot 0 with 100 chips is shared by 1 players
[GAME STAT] player XinWQNMLGB_0_2 gets 100 chips from pot 0
[GAME STAT] pot 1 with 50 chips is shared by 1 players
[GAME STAT] player XinWQNMLGB_0_2 gets 50 chips from pot 1
[GAME STAT] overall statistics
[GAME STAT] player The Joker_0_0 wins -50 chips in this game
[GAME STAT] player XinWQNMLGB_0_2 wins 50 chips in this game
[GAME STAT] player yyyyyr_0_4 wins 0 chips in this game
[GAME STAT] player ssw_0_6 wins 0 chips in this game
[GAME STAT] player Gaotaku_0_7 wins 0 chips in this game
[GAME 18] game ends, invoking player.game_end()
[GAME 19] game starts
[GAME INFO] number of participants in this game = 5
[GAME INFO] participant: The Joker_0_0, chip = 8871
[GAME INFO] participant: XinWQNMLGB_0_2, chip = 217
[GAME INFO] participant: yyyyyr_0_4, chip = 578
[GAME INFO] participant: ssw_0_6, chip = 11550
[GAME INFO] participant: Gaotaku_0_7, chip = 2784
[GAME INFO] blind is 100
[GAME INFO] dealer is The Joker_0_0
[GAME INFO] small blind 100 posted by XinWQNMLGB_0_2
[GAME INFO] big blind 200 posted by yyyyyr_0_4
[hole card] 8 diamond
[hole card] 5 spade
[preflop] round starts
[preflop] player The Joker_0_0 has 8871 chips
[preflop] player XinWQNMLGB_0_2 has 117 chips
[preflop] player yyyyyr_0_4 has 378 chips
[preflop] player ssw_0_6 has 11550 chips
[preflop] player Gaotaku_0_7 has 2784 chips
[preflop] player ssw_0_6 folds
[preflop] player Gaotaku_0_7 folds
[preflop] action
[WARNING] CANNOT check when another player has raised
[preflop] player The Joker_0_0 folds
[preflop] player XinWQNMLGB_0_2 calls. Total bet is 200
[preflop] player yyyyyr_0_4 folds
[GAME STAT] pot 0 with 400 chips is shared by 1 players
[GAME STAT] player XinWQNMLGB_0_2 gets 400 chips from pot 0
[GAME STAT] overall statistics
[GAME STAT] player The Joker_0_0 wins 0 chips in this game
[GAME STAT] player XinWQNMLGB_0_2 wins 200 chips in this game
[GAME STAT] player yyyyyr_0_4 wins -200 chips in this game
[GAME STAT] player ssw_0_6 wins 0 chips in this game
[GAME STAT] player Gaotaku_0_7 wins 0 chips in this game
[GAME 19] game ends, invoking player.game_end()
[GAME 20] game starts
[GAME INFO] number of participants in this game = 5
[GAME INFO] participant: The Joker_0_0, chip = 8871
[GAME INFO] participant: XinWQNMLGB_0_2, chip = 417
[GAME INFO] participant: yyyyyr_0_4, chip = 378
[GAME INFO] participant: ssw_0_6, chip = 11550
[GAME INFO] participant: Gaotaku_0_7, chip = 2784
[GAME INFO] blind is 100
[GAME INFO] dealer is XinWQNMLGB_0_2
[GAME INFO] small blind 100 posted by yyyyyr_0_4
[GAME INFO] big blind 200 posted by ssw_0_6
[hole card] 3 club
[hole card] 10 diamond
[preflop] round starts
[preflop] player The Joker_0_0 has 8871 chips
[preflop] player XinWQNMLGB_0_2 has 417 chips
[preflop] player yyyyyr_0_4 has 278 chips
[preflop] player ssw_0_6 has 11350 chips
[preflop] player Gaotaku_0_7 has 2784 chips
[preflop] player Gaotaku_0_7 folds
[preflop] action
[WARNING] CANNOT check when another player has raised
[preflop] player The Joker_0_0 folds
[preflop] player XinWQNMLGB_0_2 calls. Total bet is 200
[preflop] player yyyyyr_0_4 folds
[preflop] player ssw_0_6 folds
[GAME STAT] pot 0 with 300 chips is shared by 1 players
[GAME STAT] player XinWQNMLGB_0_2 gets 300 chips from pot 0
[GAME STAT] pot 1 with 200 chips is shared by 1 players
[GAME STAT] player XinWQNMLGB_0_2 gets 200 chips from pot 1
[GAME STAT] overall statistics
[GAME STAT] player The Joker_0_0 wins 0 chips in this game
[GAME STAT] player XinWQNMLGB_0_2 wins 300 chips in this game
[GAME STAT] player yyyyyr_0_4 wins -100 chips in this game
[GAME STAT] player ssw_0_6 wins -200 chips in this game
[GAME STAT] player Gaotaku_0_7 wins 0 chips in this game
[GAME 20] game ends, invoking player.game_end()
[GAME 21] game starts
[GAME INFO] number of participants in this game = 5
[GAME INFO] participant: The Joker_0_0, chip = 8871
[GAME INFO] participant: XinWQNMLGB_0_2, chip = 717
[GAME INFO] participant: yyyyyr_0_4, chip = 278
[GAME INFO] participant: ssw_0_6, chip = 11350
[GAME INFO] participant: Gaotaku_0_7, chip = 2784
[GAME INFO] blind is 100
[GAME INFO] dealer is yyyyyr_0_4
[GAME INFO] small blind 100 posted by ssw_0_6
[GAME INFO] big blind 200 posted by Gaotaku_0_7
[hole card] 2 spade
[hole card] 6 spade
[preflop] round starts
[preflop] player The Joker_0_0 has 8871 chips
[preflop] player XinWQNMLGB_0_2 has 717 chips
[preflop] player yyyyyr_0_4 has 278 chips
[preflop] player ssw_0_6 has 11250 chips
[preflop] player Gaotaku_0_7 has 2584 chips
[preflop] action
[WARNING] CANNOT check when another player has raised
[preflop] player The Joker_0_0 folds
[preflop] player XinWQNMLGB_0_2 calls. Total bet is 200
[preflop] player yyyyyr_0_4 folds
[preflop] player ssw_0_6 folds
[preflop] player Gaotaku_0_7 folds
[GAME STAT] pot 0 with 300 chips is shared by 1 players
[GAME STAT] player XinWQNMLGB_0_2 gets 300 chips from pot 0
[GAME STAT] pot 1 with 200 chips is shared by 1 players
[GAME STAT] player XinWQNMLGB_0_2 gets 200 chips from pot 1
[GAME STAT] overall statistics
[GAME STAT] player The Joker_0_0 wins 0 chips in this game
[GAME STAT] player XinWQNMLGB_0_2 wins 300 chips in this game
[GAME STAT] player yyyyyr_0_4 wins 0 chips in this game
[GAME STAT] player ssw_0_6 wins -100 chips in this game
[GAME STAT] player Gaotaku_0_7 wins -200 chips in this game
[GAME 21] game ends, invoking player.game_end()
[GAME 22] game starts
[GAME INFO] number of participants in this game = 5
[GAME INFO] participant: The Joker_0_0, chip = 8871
[GAME INFO] participant: XinWQNMLGB_0_2, chip = 1017
[GAME INFO] participant: yyyyyr_0_4, chip = 278
[GAME INFO] participant: ssw_0_6, chip = 11250
[GAME INFO] participant: Gaotaku_0_7, chip = 2584
[GAME INFO] blind is 200
[GAME INFO] dealer is ssw_0_6
[GAME INFO] small blind 200 posted by Gaotaku_0_7
[GAME INFO] big blind 400 posted by The Joker_0_0
[hole card] 8 club
[hole card] 9 spade
[preflop] round starts
[preflop] player The Joker_0_0 has 8471 chips
[preflop] player XinWQNMLGB_0_2 has 1017 chips
[preflop] player yyyyyr_0_4 has 278 chips
[preflop] player ssw_0_6 has 11250 chips
[preflop] player Gaotaku_0_7 has 2384 chips
[preflop] player XinWQNMLGB_0_2 calls. Total bet is 400
[preflop] player yyyyyr_0_4 folds
[preflop] player ssw_0_6 folds
[preflop] player Gaotaku_0_7 folds
[preflop] action
[preflop] call (0 chips). 
[preflop] player The Joker_0_0 calls. Total bet is 400
[flop] 7 club
[flop] 7 diamond
[flop] 5 diamond
[flop] round starts
[flop] player The Joker_0_0 has 8471 chips
[flop] player XinWQNMLGB_0_2 has 617 chips
[flop] player yyyyyr_0_4 has 278 chips
[flop] player ssw_0_6 has 11250 chips
[flop] player Gaotaku_0_7 has 2384 chips
[flop] action
[flop] check
[flop] player The Joker_0_0 checks
[flop] player XinWQNMLGB_0_2 checks
[flop] round ends
[turn] 9 heart
[turn] round starts
[turn] player The Joker_0_0 has 8471 chips
[turn] player XinWQNMLGB_0_2 has 617 chips
[turn] player yyyyyr_0_4 has 278 chips
[turn] player ssw_0_6 has 11250 chips
[turn] player Gaotaku_0_7 has 2384 chips
[turn] action
[turn] check
[turn] player The Joker_0_0 checks
[turn] player XinWQNMLGB_0_2 folds
[turn] round ends
[GAME STAT] pot 0 with 600 chips is shared by 1 players
[GAME STAT] player The Joker_0_0 gets 600 chips from pot 0
[GAME STAT] pot 1 with 400 chips is shared by 1 players
[GAME STAT] player The Joker_0_0 gets 400 chips from pot 1
[GAME STAT] overall statistics
[GAME STAT] player The Joker_0_0 wins 600 chips in this game
[GAME STAT] player XinWQNMLGB_0_2 wins -400 chips in this game
[GAME STAT] player yyyyyr_0_4 wins 0 chips in this game
[GAME STAT] player ssw_0_6 wins 0 chips in this game
[GAME STAT] player Gaotaku_0_7 wins -200 chips in this game
[GAME 22] game ends, invoking player.game_end()
[GAME 23] game starts
[GAME INFO] number of participants in this game = 5
[GAME INFO] participant: The Joker_0_0, chip = 9471
[GAME INFO] participant: XinWQNMLGB_0_2, chip = 617
[GAME INFO] participant: yyyyyr_0_4, chip = 278
[GAME INFO] participant: ssw_0_6, chip = 11250
[GAME INFO] participant: Gaotaku_0_7, chip = 2384
[GAME INFO] blind is 200
[GAME INFO] dealer is Gaotaku_0_7
[GAME INFO] small blind 200 posted by The Joker_0_0
[GAME INFO] big blind 400 posted by XinWQNMLGB_0_2
[hole card] Q spade
[hole card] K club
[preflop] round starts
[preflop] player The Joker_0_0 has 9271 chips
[preflop] player XinWQNMLGB_0_2 has 217 chips
[preflop] player yyyyyr_0_4 has 278 chips
[preflop] player ssw_0_6 has 11250 chips
[preflop] player Gaotaku_0_7 has 2384 chips
[preflop] player yyyyyr_0_4 folds
[preflop] player ssw_0_6 folds
[preflop] player Gaotaku_0_7 folds
[preflop] action
[preflop] call (200 chips). 
[preflop] player The Joker_0_0 calls. Total bet is 400
[preflop] player XinWQNMLGB_0_2 calls. Total bet is 400
[flop] 6 spade
[flop] 2 club
[flop] 5 club
[flop] round starts
[flop] player The Joker_0_0 has 9071 chips
[flop] player XinWQNMLGB_0_2 has 217 chips
[flop] player yyyyyr_0_4 has 278 chips
[flop] player ssw_0_6 has 11250 chips
[flop] player Gaotaku_0_7 has 2384 chips
[flop] action
[flop] check
[flop] player The Joker_0_0 checks
[flop] player XinWQNMLGB_0_2 checks
[flop] round ends
[turn] 2 diamond
[turn] round starts
[turn] player The Joker_0_0 has 9071 chips
[turn] player XinWQNMLGB_0_2 has 217 chips
[turn] player yyyyyr_0_4 has 278 chips
[turn] player ssw_0_6 has 11250 chips
[turn] player Gaotaku_0_7 has 2384 chips
[turn] action
[turn] check
[turn] player The Joker_0_0 checks
[turn] player XinWQNMLGB_0_2 folds
[turn] round ends
[GAME STAT] pot 0 with 800 chips is shared by 1 players
[GAME STAT] player The Joker_0_0 gets 800 chips from pot 0
[GAME STAT] overall statistics
[GAME STAT] player The Joker_0_0 wins 400 chips in this game
[GAME STAT] player XinWQNMLGB_0_2 wins -400 chips in this game
[GAME STAT] player yyyyyr_0_4 wins 0 chips in this game
[GAME STAT] player ssw_0_6 wins 0 chips in this game
[GAME STAT] player Gaotaku_0_7 wins 0 chips in this game
[GAME 23] game ends, invoking player.game_end()
[GAME 24] game starts
[GAME INFO] number of participants in this game = 5
[GAME INFO] participant: The Joker_0_0, chip = 9871
[GAME INFO] participant: XinWQNMLGB_0_2, chip = 217
[GAME INFO] participant: yyyyyr_0_4, chip = 278
[GAME INFO] participant: ssw_0_6, chip = 11250
[GAME INFO] participant: Gaotaku_0_7, chip = 2384
[GAME INFO] blind is 200
[GAME INFO] dealer is The Joker_0_0
[GAME INFO] small blind 200 posted by XinWQNMLGB_0_2
[GAME INFO] big blind 278 posted by yyyyyr_0_4
[hole card] 9 spade
[hole card] 9 heart
[preflop] round starts
[preflop] player The Joker_0_0 has 9871 chips
[preflop] player XinWQNMLGB_0_2 has 17 chips
[preflop] player yyyyyr_0_4 has 0 chips
[preflop] player ssw_0_6 has 11250 chips
[preflop] player Gaotaku_0_7 has 2384 chips
[preflop] player ssw_0_6 folds
[preflop] player Gaotaku_0_7 folds
[preflop] action
[preflop] call (278 chips). 
[preflop] player The Joker_0_0 calls. Total bet is 278
[preflop] player XinWQNMLGB_0_2 goes all in (17 chips). Total bet is 217
[preflop] player yyyyyr_0_4 goes all in (0 chips). Total bet is 278
[flop] A diamond
[flop] 8 diamond
[flop] K diamond
[flop] round starts
[flop] player The Joker_0_0 has 9593 chips
[flop] player XinWQNMLGB_0_2 has 0 chips
[flop] player yyyyyr_0_4 has 0 chips
[flop] player ssw_0_6 has 11250 chips
[flop] player Gaotaku_0_7 has 2384 chips
[flop] player XinWQNMLGB_0_2 checks
[flop] player yyyyyr_0_4 checks
[flop] action
[flop] check
[flop] player The Joker_0_0 checks
[flop] round ends
[turn] 2 club
[turn] round starts
[turn] player The Joker_0_0 has 9593 chips
[turn] player XinWQNMLGB_0_2 has 0 chips
[turn] player yyyyyr_0_4 has 0 chips
[turn] player ssw_0_6 has 11250 chips
[turn] player Gaotaku_0_7 has 2384 chips
[turn] player XinWQNMLGB_0_2 checks
[turn] player XinWQNMLGB_0_2 goes all in (0 chips). Total bet is 0
[turn] player yyyyyr_0_4 checks
[turn] player yyyyyr_0_4 goes all in (0 chips). Total bet is 0
[turn] action
[WARNING] CANNOT check when another player has raised
[turn] player The Joker_0_0 checks
[turn] round ends
[river] 2 diamond
[river] round starts
[river] player The Joker_0_0 has 9593 chips
[river] player XinWQNMLGB_0_2 has 0 chips
[river] player yyyyyr_0_4 has 0 chips
[river] player ssw_0_6 has 11250 chips
[river] player Gaotaku_0_7 has 2384 chips
[river] player XinWQNMLGB_0_2 checks
[river] player XinWQNMLGB_0_2 goes all in (0 chips). Total bet is 0
[river] player yyyyyr_0_4 checks
[river] player yyyyyr_0_4 goes all in (0 chips). Total bet is 0
[river] action
[WARNING] CANNOT check when another player has raised
[river] player The Joker_0_0 checks
[river] round ends
[SHOWDOWN] showdown starts
[SHOWDOWN] showdown
[SHOWDOWN] A diamond 2 club 2 diamond 9 spade 9 heart
[SHOWDOWN] player yyyyyr_0_4 shows 9 diamond A diamond 8 diamond K diamond 2 diamond, which is flush.
[SHOWDOWN] player The Joker_0_0 shows A diamond 2 club 2 diamond 9 spade 9 heart, which is two pair.
[SHOWDOWN] player XinWQNMLGB_0_2 shows A diamond 8 diamond K diamond 2 club 2 diamond, which is one pair.
[GAME STAT] pot 0 with 651 chips is shared by 1 players
[GAME STAT] player yyyyyr_0_4 gets 651 chips from pot 0
[GAME STAT] pot 1 with 122 chips is shared by 1 players
[GAME STAT] player yyyyyr_0_4 gets 122 chips from pot 1
[GAME STAT] overall statistics
[GAME STAT] player The Joker_0_0 wins -278 chips in this game
[GAME STAT] player XinWQNMLGB_0_2 wins -217 chips in this game
[GAME STAT] player yyyyyr_0_4 wins 495 chips in this game
[GAME STAT] player ssw_0_6 wins 0 chips in this game
[GAME STAT] player Gaotaku_0_7 wins 0 chips in this game
[GAME 24] game ends, invoking player.game_end()
[GAME 25] game starts
[GAME INFO] number of participants in this game = 4
[GAME INFO] participant: The Joker_0_0, chip = 9593
[GAME INFO] participant: yyyyyr_0_4, chip = 773
[GAME INFO] participant: ssw_0_6, chip = 11250
[GAME INFO] participant: Gaotaku_0_7, chip = 2384
[GAME INFO] blind is 500
[GAME INFO] dealer is yyyyyr_0_4
[GAME INFO] small blind 500 posted by ssw_0_6
[GAME INFO] big blind 1000 posted by Gaotaku_0_7
[hole card] J club
[hole card] 10 heart
[preflop] round starts
[preflop] player The Joker_0_0 has 9593 chips
[preflop] player yyyyyr_0_4 has 773 chips
[preflop] player ssw_0_6 has 10750 chips
[preflop] player Gaotaku_0_7 has 1384 chips
[preflop] action
[WARNING] CANNOT check when another player has raised
[preflop] player The Joker_0_0 folds
[preflop] player yyyyyr_0_4 folds
[preflop] player ssw_0_6 folds
[GAME STAT] pot 0 with 1000 chips is shared by 1 players
[GAME STAT] player Gaotaku_0_7 gets 1000 chips from pot 0
[GAME STAT] pot 1 with 500 chips is shared by 1 players
[GAME STAT] player Gaotaku_0_7 gets 500 chips from pot 1
[GAME STAT] overall statistics
[GAME STAT] player The Joker_0_0 wins 0 chips in this game
[GAME STAT] player yyyyyr_0_4 wins 0 chips in this game
[GAME STAT] player ssw_0_6 wins -500 chips in this game
[GAME STAT] player Gaotaku_0_7 wins 500 chips in this game
[GAME 25] game ends, invoking player.game_end()
[GAME 26] game starts
[GAME INFO] number of participants in this game = 4
[GAME INFO] participant: The Joker_0_0, chip = 9593
[GAME INFO] participant: yyyyyr_0_4, chip = 773
[GAME INFO] participant: ssw_0_6, chip = 10750
[GAME INFO] participant: Gaotaku_0_7, chip = 2884
[GAME INFO] blind is 500
[GAME INFO] dealer is ssw_0_6
[GAME INFO] small blind 500 posted by Gaotaku_0_7
[GAME INFO] big blind 1000 posted by The Joker_0_0
[hole card] K spade
[hole card] 2 club
[preflop] round starts
[preflop] player The Joker_0_0 has 8593 chips
[preflop] player yyyyyr_0_4 has 773 chips
[preflop] player ssw_0_6 has 10750 chips
[preflop] player Gaotaku_0_7 has 2384 chips
[preflop] player yyyyyr_0_4 goes all in (773 chips). Total bet is 773
[preflop] player ssw_0_6 folds
[preflop] player Gaotaku_0_7 calls. Total bet is 1000
[preflop] action
[preflop] call (0 chips). 
[preflop] player The Joker_0_0 calls. Total bet is 1000
[flop] 10 heart
[flop] 5 diamond
[flop] Q heart
[flop] round starts
[flop] player The Joker_0_0 has 8593 chips
[flop] player yyyyyr_0_4 has 0 chips
[flop] player ssw_0_6 has 10750 chips
[flop] player Gaotaku_0_7 has 1884 chips
[flop] player Gaotaku_0_7 folds
[flop] action
[flop] check
[flop] player The Joker_0_0 checks
[flop] player yyyyyr_0_4 checks
[flop] round ends
[turn] 5 spade
[turn] round starts
[turn] player The Joker_0_0 has 8593 chips
[turn] player yyyyyr_0_4 has 0 chips
[turn] player ssw_0_6 has 10750 chips
[turn] player Gaotaku_0_7 has 1884 chips
[turn] action
[turn] check
[turn] player The Joker_0_0 checks
[turn] player yyyyyr_0_4 checks
[turn] round ends
[river] A club
[river] round starts
[river] player The Joker_0_0 has 8593 chips
[river] player yyyyyr_0_4 has 0 chips
[river] player ssw_0_6 has 10750 chips
[river] player Gaotaku_0_7 has 1884 chips
[river] action
[river] check
[river] player The Joker_0_0 checks
[river] player yyyyyr_0_4 checks
[river] round ends
[SHOWDOWN] showdown starts
[SHOWDOWN] showdown
[SHOWDOWN] 5 diamond Q heart 5 spade A club K spade
[SHOWDOWN] player The Joker_0_0 shows 5 diamond Q heart 5 spade A club K spade, which is one pair.
[SHOWDOWN] player yyyyyr_0_4 shows K club 5 diamond Q heart 5 spade A club, which is one pair.
[GAME STAT] pot 0 with 2319 chips is shared by 2 players
[GAME STAT] player yyyyyr_0_4 gets 1159 chips from pot 0
[GAME STAT] player The Joker_0_0 gets 1160 chips from pot 0
[GAME STAT] pot 1 with 454 chips is shared by 1 players
[GAME STAT] player The Joker_0_0 gets 454 chips from pot 1
[GAME STAT] overall statistics
[GAME STAT] player The Joker_0_0 wins 614 chips in this game
[GAME STAT] player yyyyyr_0_4 wins 386 chips in this game
[GAME STAT] player ssw_0_6 wins 0 chips in this game
[GAME STAT] player Gaotaku_0_7 wins -1000 chips in this game
[GAME 26] game ends, invoking player.game_end()
[GAME 27] game starts
[GAME INFO] number of participants in this game = 4
[GAME INFO] participant: The Joker_0_0, chip = 10207
[GAME INFO] participant: yyyyyr_0_4, chip = 1159
[GAME INFO] participant: ssw_0_6, chip = 10750
[GAME INFO] participant: Gaotaku_0_7, chip = 1884
[GAME INFO] blind is 500
[GAME INFO] dealer is Gaotaku_0_7
[GAME INFO] small blind 500 posted by The Joker_0_0
[GAME INFO] big blind 1000 posted by yyyyyr_0_4
[hole card] 6 heart
[hole card] 2 diamond
[preflop] round starts
[preflop] player The Joker_0_0 has 9707 chips
[preflop] player yyyyyr_0_4 has 159 chips
[preflop] player ssw_0_6 has 10750 chips
[preflop] player Gaotaku_0_7 has 1884 chips
[preflop] player ssw_0_6 folds
[preflop] player Gaotaku_0_7 calls. Total bet is 1000
[preflop] action
[WARNING] CANNOT check when another player has raised
[preflop] player The Joker_0_0 folds
[preflop] player yyyyyr_0_4 calls. Total bet is 1000
[flop] 7 heart
[flop] 4 spade
[flop] 6 club
[flop] round starts
[flop] player The Joker_0_0 has 9707 chips
[flop] player yyyyyr_0_4 has 159 chips
[flop] player ssw_0_6 has 10750 chips
[flop] player Gaotaku_0_7 has 884 chips
[flop] player yyyyyr_0_4 checks
[flop] player Gaotaku_0_7 folds
[flop] round ends
[GAME STAT] pot 0 with 1500 chips is shared by 1 players
[GAME STAT] player yyyyyr_0_4 gets 1500 chips from pot 0
[GAME STAT] pot 1 with 1000 chips is shared by 1 players
[GAME STAT] player yyyyyr_0_4 gets 1000 chips from pot 1
[GAME STAT] overall statistics
[GAME STAT] player The Joker_0_0 wins -500 chips in this game
[GAME STAT] player yyyyyr_0_4 wins 1500 chips in this game
[GAME STAT] player ssw_0_6 wins 0 chips in this game
[GAME STAT] player Gaotaku_0_7 wins -1000 chips in this game
[GAME 27] game ends, invoking player.game_end()
[END]
[FINAL STAT] chips
[FINAL STAT] The Joker_0_0 has 9707 chips
[FINAL STAT] GiHe_0_1 has 0 chips
[FINAL STAT] XinWQNMLGB_0_2 has 0 chips
[FINAL STAT] Sister_Lily_0_3 has 0 chips
[FINAL STAT] yyyyyr_0_4 has 2659 chips
[FINAL STAT] were_0_5 has 0 chips
[FINAL STAT] ssw_0_6 has 10750 chips
[FINAL STAT] Gaotaku_0_7 has 884 chips
