[UI] login name: [UI] succefully login as The Joker_2_3
[login] The Joker_2_3
[player 0] Mars_2_0
[player 1] Sister_Lily_2_1
[player 2] Gaotaku_2_2
[player 3] The Joker_2_3
[player 4] GiHe_2_4
[player 5] were_2_5
[player 6] yyyyyr_2_6
[player 7] ssw_2_7
[GAME INFO] number of players = 8
[GAME INFO] initial chips = 3000
[GAME 1] game starts
[GAME INFO] number of participants in this game = 8
[GAME INFO] participant: Mars_2_0, chip = 3000
[GAME INFO] participant: Sister_Lily_2_1, chip = 3000
[GAME INFO] participant: Gaotaku_2_2, chip = 3000
[GAME INFO] participant: The Joker_2_3, chip = 3000
[GAME INFO] participant: GiHe_2_4, chip = 3000
[GAME INFO] participant: were_2_5, chip = 3000
[GAME INFO] participant: yyyyyr_2_6, chip = 3000
[GAME INFO] participant: ssw_2_7, chip = 3000
[GAME INFO] blind is 1
[GAME INFO] dealer is Mars_2_0
[GAME INFO] small blind 1 posted by Sister_Lily_2_1
[GAME INFO] big blind 2 posted by Gaotaku_2_2
[hole card] 9 diamond
[hole card] 6 spade
[preflop] round starts
[preflop] player Mars_2_0 has 3000 chips
[preflop] player Sister_Lily_2_1 has 2999 chips
[preflop] player Gaotaku_2_2 has 2998 chips
[preflop] player The Joker_2_3 has 3000 chips
[preflop] player GiHe_2_4 has 3000 chips
[preflop] player were_2_5 has 3000 chips
[preflop] player yyyyyr_2_6 has 3000 chips
[preflop] player ssw_2_7 has 3000 chips
[preflop] action
[WARNING] CANNOT check when another player has raised
[preflop] player The Joker_2_3 folds
[preflop] player GiHe_2_4 folds
[preflop] player were_2_5 calls. Total bet is 2
[preflop] player yyyyyr_2_6 folds
[preflop] player ssw_2_7 folds
[preflop] player Mars_2_0 calls. Total bet is 2
[preflop] player Sister_Lily_2_1 calls. Total bet is 2
[preflop] player Gaotaku_2_2 folds
[flop] A spade
[flop] J heart
[flop] 10 spade
[flop] round starts
[flop] player Mars_2_0 has 2998 chips
[flop] player Sister_Lily_2_1 has 2998 chips
[flop] player Gaotaku_2_2 has 2998 chips
[flop] player The Joker_2_3 has 3000 chips
[flop] player GiHe_2_4 has 3000 chips
[flop] player were_2_5 has 2998 chips
[flop] player yyyyyr_2_6 has 3000 chips
[flop] player ssw_2_7 has 3000 chips
[flop] player Sister_Lily_2_1 checks
[flop] player were_2_5 folds
[flop] player Mars_2_0 checks
[flop] round ends
[turn] 4 diamond
[turn] round starts
[turn] player Mars_2_0 has 2998 chips
[turn] player Sister_Lily_2_1 has 2998 chips
[turn] player Gaotaku_2_2 has 2998 chips
[turn] player The Joker_2_3 has 3000 chips
[turn] player GiHe_2_4 has 3000 chips
[turn] player were_2_5 has 2998 chips
[turn] player yyyyyr_2_6 has 3000 chips
[turn] player ssw_2_7 has 3000 chips
[turn] player Sister_Lily_2_1 checks
[turn] player Mars_2_0 checks
[turn] round ends
[river] 8 club
[river] round starts
[river] player Mars_2_0 has 2998 chips
[river] player Sister_Lily_2_1 has 2998 chips
[river] player Gaotaku_2_2 has 2998 chips
[river] player The Joker_2_3 has 3000 chips
[river] player GiHe_2_4 has 3000 chips
[river] player were_2_5 has 2998 chips
[river] player yyyyyr_2_6 has 3000 chips
[river] player ssw_2_7 has 3000 chips
[river] player Sister_Lily_2_1 checks
[river] player Mars_2_0 checks
[river] round ends
[SHOWDOWN] showdown starts
[SHOWDOWN] player Sister_Lily_2_1 shows A diamond K spade A spade J heart 10 spade, which is one pair.
[SHOWDOWN] player Mars_2_0 shows 8 club A spade J heart 10 heart 10 spade, which is one pair.
[GAME STAT] pot 0 with 8 chips is shared by 1 players
[GAME STAT] player Sister_Lily_2_1 gets 8 chips from pot 0
[GAME STAT] overall statistics
[GAME STAT] player Mars_2_0 wins -2 chips in this game
[GAME STAT] player Sister_Lily_2_1 wins 6 chips in this game
[GAME STAT] player Gaotaku_2_2 wins -2 chips in this game
[GAME STAT] player The Joker_2_3 wins 0 chips in this game
[GAME STAT] player GiHe_2_4 wins 0 chips in this game
[GAME STAT] player were_2_5 wins -2 chips in this game
[GAME STAT] player yyyyyr_2_6 wins 0 chips in this game
[GAME STAT] player ssw_2_7 wins 0 chips in this game
[GAME 1] game ends, invoking player.game_end()
[GAME 2] game starts
[GAME INFO] number of participants in this game = 8
[GAME INFO] participant: Mars_2_0, chip = 2998
[GAME INFO] participant: Sister_Lily_2_1, chip = 3006
[GAME INFO] participant: Gaotaku_2_2, chip = 2998
[GAME INFO] participant: The Joker_2_3, chip = 3000
[GAME INFO] participant: GiHe_2_4, chip = 3000
[GAME INFO] participant: were_2_5, chip = 2998
[GAME INFO] participant: yyyyyr_2_6, chip = 3000
[GAME INFO] participant: ssw_2_7, chip = 3000
[GAME INFO] blind is 1
[GAME INFO] dealer is Sister_Lily_2_1
[GAME INFO] small blind 1 posted by Gaotaku_2_2
[GAME INFO] big blind 2 posted by The Joker_2_3
[hole card] K heart
[hole card] K spade
[preflop] round starts
[preflop] player Mars_2_0 has 2998 chips
[preflop] player Sister_Lily_2_1 has 3006 chips
[preflop] player Gaotaku_2_2 has 2997 chips
[preflop] player The Joker_2_3 has 2998 chips
[preflop] player GiHe_2_4 has 3000 chips
[preflop] player were_2_5 has 2998 chips
[preflop] player yyyyyr_2_6 has 3000 chips
[preflop] player ssw_2_7 has 3000 chips
[preflop] player GiHe_2_4 folds
[preflop] player were_2_5 calls. Total bet is 2
[preflop] player yyyyyr_2_6 calls. Total bet is 2
[preflop] player ssw_2_7 folds
[preflop] player Mars_2_0 folds
[preflop] player Sister_Lily_2_1 calls. Total bet is 2
[preflop] player Gaotaku_2_2 folds
[preflop] action
[preflop] call (0 chips). 
[preflop] player The Joker_2_3 calls. Total bet is 2
[flop] 6 spade
[flop] A spade
[flop] 2 club
[flop] round starts
[flop] player Mars_2_0 has 2998 chips
[flop] player Sister_Lily_2_1 has 3004 chips
[flop] player Gaotaku_2_2 has 2997 chips
[flop] player The Joker_2_3 has 2998 chips
[flop] player GiHe_2_4 has 3000 chips
[flop] player were_2_5 has 2996 chips
[flop] player yyyyyr_2_6 has 2998 chips
[flop] player ssw_2_7 has 3000 chips
[flop] action
[flop] check
[flop] player The Joker_2_3 checks
[flop] player were_2_5 folds
[flop] player yyyyyr_2_6 checks
[flop] player Sister_Lily_2_1 checks
[flop] round ends
[turn] 3 diamond
[turn] round starts
[turn] player Mars_2_0 has 2998 chips
[turn] player Sister_Lily_2_1 has 3004 chips
[turn] player Gaotaku_2_2 has 2997 chips
[turn] player The Joker_2_3 has 2998 chips
[turn] player GiHe_2_4 has 3000 chips
[turn] player were_2_5 has 2996 chips
[turn] player yyyyyr_2_6 has 2998 chips
[turn] player ssw_2_7 has 3000 chips
[turn] action
[turn] check
[turn] player The Joker_2_3 checks
[turn] player yyyyyr_2_6 checks
[turn] player Sister_Lily_2_1 checks
[turn] round ends
[river] 8 club
[river] round starts
[river] player Mars_2_0 has 2998 chips
[river] player Sister_Lily_2_1 has 3004 chips
[river] player Gaotaku_2_2 has 2997 chips
[river] player The Joker_2_3 has 2998 chips
[river] player GiHe_2_4 has 3000 chips
[river] player were_2_5 has 2996 chips
[river] player yyyyyr_2_6 has 2998 chips
[river] player ssw_2_7 has 3000 chips
[river] action
[river] check
[river] player The Joker_2_3 checks
[river] player yyyyyr_2_6 checks
[river] player Sister_Lily_2_1 checks
[river] round ends
[SHOWDOWN] showdown starts
[SHOWDOWN] showdown
[SHOWDOWN] 6 spade A spade 8 club K heart K spade
[SHOWDOWN] player The Joker_2_3 shows 6 spade A spade 8 club K heart K spade, which is one pair.
[SHOWDOWN] player yyyyyr_2_6 shows Q spade 5 heart 6 spade A spade 8 club, which is high card.
[SHOWDOWN] player Sister_Lily_2_1 shows 4 spade 10 heart 6 spade A spade 8 club, which is high card.
[GAME STAT] pot 0 with 5 chips is shared by 1 players
[GAME STAT] player The Joker_2_3 gets 5 chips from pot 0
[GAME STAT] pot 1 with 4 chips is shared by 1 players
[GAME STAT] player The Joker_2_3 gets 4 chips from pot 1
[GAME STAT] overall statistics
[GAME STAT] player Mars_2_0 wins 0 chips in this game
[GAME STAT] player Sister_Lily_2_1 wins -2 chips in this game
[GAME STAT] player Gaotaku_2_2 wins -1 chips in this game
[GAME STAT] player The Joker_2_3 wins 7 chips in this game
[GAME STAT] player GiHe_2_4 wins 0 chips in this game
[GAME STAT] player were_2_5 wins -2 chips in this game
[GAME STAT] player yyyyyr_2_6 wins -2 chips in this game
[GAME STAT] player ssw_2_7 wins 0 chips in this game
[GAME 2] game ends, invoking player.game_end()
[GAME 3] game starts
[GAME INFO] number of participants in this game = 8
[GAME INFO] participant: Mars_2_0, chip = 2998
[GAME INFO] participant: Sister_Lily_2_1, chip = 3004
[GAME INFO] participant: Gaotaku_2_2, chip = 2997
[GAME INFO] participant: The Joker_2_3, chip = 3007
[GAME INFO] participant: GiHe_2_4, chip = 3000
[GAME INFO] participant: were_2_5, chip = 2996
[GAME INFO] participant: yyyyyr_2_6, chip = 2998
[GAME INFO] participant: ssw_2_7, chip = 3000
[GAME INFO] blind is 1
[GAME INFO] dealer is Gaotaku_2_2
[GAME INFO] small blind 1 posted by The Joker_2_3
[GAME INFO] big blind 2 posted by GiHe_2_4
[hole card] 8 club
[hole card] J club
[preflop] round starts
[preflop] player Mars_2_0 has 2998 chips
[preflop] player Sister_Lily_2_1 has 3004 chips
[preflop] player Gaotaku_2_2 has 2997 chips
[preflop] player The Joker_2_3 has 3006 chips
[preflop] player GiHe_2_4 has 2998 chips
[preflop] player were_2_5 has 2996 chips
[preflop] player yyyyyr_2_6 has 2998 chips
[preflop] player ssw_2_7 has 3000 chips
[preflop] player were_2_5 calls. Total bet is 2
[preflop] player yyyyyr_2_6 folds
[preflop] player ssw_2_7 folds
[preflop] player Mars_2_0 calls. Total bet is 2
[preflop] player Sister_Lily_2_1 calls. Total bet is 2
[preflop] player Gaotaku_2_2 folds
[preflop] action
[preflop] call (1 chips). 
[preflop] player The Joker_2_3 calls. Total bet is 2
[preflop] player GiHe_2_4 calls. Total bet is 2
[flop] 10 heart
[flop] 8 diamond
[flop] 9 club
[flop] round starts
[flop] player Mars_2_0 has 2996 chips
[flop] player Sister_Lily_2_1 has 3002 chips
[flop] player Gaotaku_2_2 has 2997 chips
[flop] player The Joker_2_3 has 3005 chips
[flop] player GiHe_2_4 has 2998 chips
[flop] player were_2_5 has 2994 chips
[flop] player yyyyyr_2_6 has 2998 chips
[flop] player ssw_2_7 has 3000 chips
[flop] action
[flop] check
[flop] player The Joker_2_3 checks
[flop] player GiHe_2_4 checks
[flop] player were_2_5 folds
[flop] player Mars_2_0 checks
[flop] player Sister_Lily_2_1 checks
[flop] round ends
[turn] 3 spade
[turn] round starts
[turn] player Mars_2_0 has 2996 chips
[turn] player Sister_Lily_2_1 has 3002 chips
[turn] player Gaotaku_2_2 has 2997 chips
[turn] player The Joker_2_3 has 3005 chips
[turn] player GiHe_2_4 has 2998 chips
[turn] player were_2_5 has 2994 chips
[turn] player yyyyyr_2_6 has 2998 chips
[turn] player ssw_2_7 has 3000 chips
[turn] action
[turn] check
[turn] player The Joker_2_3 checks
[turn] player GiHe_2_4 checks
[turn] player Mars_2_0 checks
[turn] player Sister_Lily_2_1 checks
[turn] round ends
[river] 2 heart
[river] round starts
[river] player Mars_2_0 has 2996 chips
[river] player Sister_Lily_2_1 has 3002 chips
[river] player Gaotaku_2_2 has 2997 chips
[river] player The Joker_2_3 has 3005 chips
[river] player GiHe_2_4 has 2998 chips
[river] player were_2_5 has 2994 chips
[river] player yyyyyr_2_6 has 2998 chips
[river] player ssw_2_7 has 3000 chips
[river] action
[river] check
[river] player The Joker_2_3 checks
[river] player GiHe_2_4 checks
[river] player Mars_2_0 checks
[river] player Sister_Lily_2_1 checks
[river] round ends
[SHOWDOWN] showdown starts
[SHOWDOWN] showdown
[SHOWDOWN] 10 heart 8 diamond 9 club 8 club J club
[SHOWDOWN] player GiHe_2_4 shows A heart A diamond 10 heart 8 diamond 9 club, which is one pair.
[SHOWDOWN] player Mars_2_0 shows 8 diamond 8 spade 9 club K club 10 heart, which is one pair.
[SHOWDOWN] player The Joker_2_3 shows 10 heart 8 diamond 9 club 8 club J club, which is one pair.
[SHOWDOWN] player Sister_Lily_2_1 shows J heart 3 heart 10 heart 9 club 3 spade, which is one pair.
[GAME STAT] pot 0 with 10 chips is shared by 1 players
[GAME STAT] player GiHe_2_4 gets 10 chips from pot 0
[GAME STAT] overall statistics
[GAME STAT] player Mars_2_0 wins -2 chips in this game
[GAME STAT] player Sister_Lily_2_1 wins -2 chips in this game
[GAME STAT] player Gaotaku_2_2 wins 0 chips in this game
[GAME STAT] player The Joker_2_3 wins -2 chips in this game
[GAME STAT] player GiHe_2_4 wins 8 chips in this game
[GAME STAT] player were_2_5 wins -2 chips in this game
[GAME STAT] player yyyyyr_2_6 wins 0 chips in this game
[GAME STAT] player ssw_2_7 wins 0 chips in this game
[GAME 3] game ends, invoking player.game_end()
[GAME 4] game starts
[GAME INFO] number of participants in this game = 8
[GAME INFO] participant: Mars_2_0, chip = 2996
[GAME INFO] participant: Sister_Lily_2_1, chip = 3002
[GAME INFO] participant: Gaotaku_2_2, chip = 2997
[GAME INFO] participant: The Joker_2_3, chip = 3005
[GAME INFO] participant: GiHe_2_4, chip = 3008
[GAME INFO] participant: were_2_5, chip = 2994
[GAME INFO] participant: yyyyyr_2_6, chip = 2998
[GAME INFO] participant: ssw_2_7, chip = 3000
[GAME INFO] blind is 2
[GAME INFO] dealer is The Joker_2_3
[GAME INFO] small blind 2 posted by GiHe_2_4
[GAME INFO] big blind 4 posted by were_2_5
[hole card] 8 heart
[hole card] 8 spade
[preflop] round starts
[preflop] player Mars_2_0 has 2996 chips
[preflop] player Sister_Lily_2_1 has 3002 chips
[preflop] player Gaotaku_2_2 has 2997 chips
[preflop] player The Joker_2_3 has 3005 chips
[preflop] player GiHe_2_4 has 3006 chips
[preflop] player were_2_5 has 2990 chips
[preflop] player yyyyyr_2_6 has 2998 chips
[preflop] player ssw_2_7 has 3000 chips
[preflop] player yyyyyr_2_6 calls. Total bet is 4
[preflop] player ssw_2_7 folds
[preflop] player Mars_2_0 folds
[preflop] player Sister_Lily_2_1 calls. Total bet is 4
[preflop] player Gaotaku_2_2 folds
[preflop] action
[preflop] call (4 chips). 
[preflop] player The Joker_2_3 calls. Total bet is 4
[preflop] player GiHe_2_4 calls. Total bet is 4
[preflop] player were_2_5 calls. Total bet is 4
[flop] Q spade
[flop] 7 diamond
[flop] 3 heart
[flop] round starts
[flop] player Mars_2_0 has 2996 chips
[flop] player Sister_Lily_2_1 has 2998 chips
[flop] player Gaotaku_2_2 has 2997 chips
[flop] player The Joker_2_3 has 3001 chips
[flop] player GiHe_2_4 has 3004 chips
[flop] player were_2_5 has 2990 chips
[flop] player yyyyyr_2_6 has 2994 chips
[flop] player ssw_2_7 has 3000 chips
[flop] player GiHe_2_4 checks
[flop] player were_2_5 checks
[flop] player yyyyyr_2_6 checks
[flop] player Sister_Lily_2_1 checks
[flop] action
[flop] check
[flop] player The Joker_2_3 checks
[flop] round ends
[turn] A heart
[turn] round starts
[turn] player Mars_2_0 has 2996 chips
[turn] player Sister_Lily_2_1 has 2998 chips
[turn] player Gaotaku_2_2 has 2997 chips
[turn] player The Joker_2_3 has 3001 chips
[turn] player GiHe_2_4 has 3004 chips
[turn] player were_2_5 has 2990 chips
[turn] player yyyyyr_2_6 has 2994 chips
[turn] player ssw_2_7 has 3000 chips
[turn] player GiHe_2_4 checks
[turn] player were_2_5 checks
[turn] player yyyyyr_2_6 checks
[turn] player Sister_Lily_2_1 checks
[turn] action
[turn] check
[turn] player The Joker_2_3 checks
[turn] round ends
[river] K club
[river] round starts
[river] player Mars_2_0 has 2996 chips
[river] player Sister_Lily_2_1 has 2998 chips
[river] player Gaotaku_2_2 has 2997 chips
[river] player The Joker_2_3 has 3001 chips
[river] player GiHe_2_4 has 3004 chips
[river] player were_2_5 has 2990 chips
[river] player yyyyyr_2_6 has 2994 chips
[river] player ssw_2_7 has 3000 chips
[river] player GiHe_2_4 checks
[river] player were_2_5 checks
[river] player yyyyyr_2_6 checks
[river] player Sister_Lily_2_1 checks
[river] action
[river] check
[river] player The Joker_2_3 checks
[river] round ends
[SHOWDOWN] showdown starts
[SHOWDOWN] showdown
[SHOWDOWN] Q spade A heart K club 8 heart 8 spade
[SHOWDOWN] player GiHe_2_4 shows A spade Q spade 7 diamond A heart K club, which is one pair.
[SHOWDOWN] player The Joker_2_3 shows Q spade A heart K club 8 heart 8 spade, which is one pair.
[SHOWDOWN] player were_2_5 shows 7 heart 7 diamond 3 heart A heart K club, which is one pair.
[SHOWDOWN] player Sister_Lily_2_1 shows J heart Q spade 7 diamond A heart K club, which is high card.
[SHOWDOWN] player yyyyyr_2_6 shows J club Q spade 7 diamond A heart K club, which is high card.
[GAME STAT] pot 0 with 20 chips is shared by 1 players
[GAME STAT] player GiHe_2_4 gets 20 chips from pot 0
[GAME STAT] overall statistics
[GAME STAT] player Mars_2_0 wins 0 chips in this game
[GAME STAT] player Sister_Lily_2_1 wins -4 chips in this game
[GAME STAT] player Gaotaku_2_2 wins 0 chips in this game
[GAME STAT] player The Joker_2_3 wins -4 chips in this game
[GAME STAT] player GiHe_2_4 wins 16 chips in this game
[GAME STAT] player were_2_5 wins -4 chips in this game
[GAME STAT] player yyyyyr_2_6 wins -4 chips in this game
[GAME STAT] player ssw_2_7 wins 0 chips in this game
[GAME 4] game ends, invoking player.game_end()
[GAME 5] game starts
[GAME INFO] number of participants in this game = 8
[GAME INFO] participant: Mars_2_0, chip = 2996
[GAME INFO] participant: Sister_Lily_2_1, chip = 2998
[GAME INFO] participant: Gaotaku_2_2, chip = 2997
[GAME INFO] participant: The Joker_2_3, chip = 3001
[GAME INFO] participant: GiHe_2_4, chip = 3024
[GAME INFO] participant: were_2_5, chip = 2990
[GAME INFO] participant: yyyyyr_2_6, chip = 2994
[GAME INFO] participant: ssw_2_7, chip = 3000
[GAME INFO] blind is 2
[GAME INFO] dealer is GiHe_2_4
[GAME INFO] small blind 2 posted by were_2_5
[GAME INFO] big blind 4 posted by yyyyyr_2_6
[hole card] 10 heart
[hole card] 4 club
[preflop] round starts
[preflop] player Mars_2_0 has 2996 chips
[preflop] player Sister_Lily_2_1 has 2998 chips
[preflop] player Gaotaku_2_2 has 2997 chips
[preflop] player The Joker_2_3 has 3001 chips
[preflop] player GiHe_2_4 has 3024 chips
[preflop] player were_2_5 has 2988 chips
[preflop] player yyyyyr_2_6 has 2990 chips
[preflop] player ssw_2_7 has 3000 chips
[preflop] player ssw_2_7 folds
[preflop] player Mars_2_0 calls. Total bet is 4
[preflop] player Sister_Lily_2_1 calls. Total bet is 4
[preflop] player Gaotaku_2_2 folds
[preflop] action
[WARNING] CANNOT check when another player has raised
[preflop] player The Joker_2_3 folds
[preflop] player GiHe_2_4 folds
[preflop] player were_2_5 calls. Total bet is 4
[preflop] player yyyyyr_2_6 folds
[flop] Q club
[flop] 5 heart
[flop] 9 club
[flop] round starts
[flop] player Mars_2_0 has 2992 chips
[flop] player Sister_Lily_2_1 has 2994 chips
[flop] player Gaotaku_2_2 has 2997 chips
[flop] player The Joker_2_3 has 3001 chips
[flop] player GiHe_2_4 has 3024 chips
[flop] player were_2_5 has 2986 chips
[flop] player yyyyyr_2_6 has 2990 chips
[flop] player ssw_2_7 has 3000 chips
[flop] player were_2_5 checks
[flop] player Mars_2_0 checks
[flop] player Sister_Lily_2_1 checks
[flop] round ends
[turn] 5 spade
[turn] round starts
[turn] player Mars_2_0 has 2992 chips
[turn] player Sister_Lily_2_1 has 2994 chips
[turn] player Gaotaku_2_2 has 2997 chips
[turn] player The Joker_2_3 has 3001 chips
[turn] player GiHe_2_4 has 3024 chips
[turn] player were_2_5 has 2986 chips
[turn] player yyyyyr_2_6 has 2990 chips
[turn] player ssw_2_7 has 3000 chips
[turn] player were_2_5 checks
[turn] player Mars_2_0 checks
[turn] player Sister_Lily_2_1 checks
[turn] round ends
[river] K spade
[river] round starts
[river] player Mars_2_0 has 2992 chips
[river] player Sister_Lily_2_1 has 2994 chips
[river] player Gaotaku_2_2 has 2997 chips
[river] player The Joker_2_3 has 3001 chips
[river] player GiHe_2_4 has 3024 chips
[river] player were_2_5 has 2986 chips
[river] player yyyyyr_2_6 has 2990 chips
[river] player ssw_2_7 has 3000 chips
[river] player were_2_5 goes all in (2986 chips). Total bet is 2986
[river] player Mars_2_0 folds
[river] player Sister_Lily_2_1 calls. Total bet is 2986
[SHOWDOWN] showdown starts
[SHOWDOWN] player were_2_5 shows 10 club J spade Q club 9 club K spade, which is straight.
[SHOWDOWN] player Sister_Lily_2_1 shows 9 heart 5 heart 9 club 5 spade K spade, which is two pair.
[GAME STAT] pot 0 with 16 chips is shared by 1 players
[GAME STAT] player were_2_5 gets 16 chips from pot 0
[GAME STAT] pot 1 with 5972 chips is shared by 1 players
[GAME STAT] player were_2_5 gets 5972 chips from pot 1
[GAME STAT] overall statistics
[GAME STAT] player Mars_2_0 wins -4 chips in this game
[GAME STAT] player Sister_Lily_2_1 wins -2990 chips in this game
[GAME STAT] player Gaotaku_2_2 wins 0 chips in this game
[GAME STAT] player The Joker_2_3 wins 0 chips in this game
[GAME STAT] player GiHe_2_4 wins 0 chips in this game
[GAME STAT] player were_2_5 wins 2998 chips in this game
[GAME STAT] player yyyyyr_2_6 wins -4 chips in this game
[GAME STAT] player ssw_2_7 wins 0 chips in this game
[GAME 5] game ends, invoking player.game_end()
[GAME 6] game starts
[GAME INFO] number of participants in this game = 8
[GAME INFO] participant: Mars_2_0, chip = 2992
[GAME INFO] participant: Sister_Lily_2_1, chip = 8
[GAME INFO] participant: Gaotaku_2_2, chip = 2997
[GAME INFO] participant: The Joker_2_3, chip = 3001
[GAME INFO] participant: GiHe_2_4, chip = 3024
[GAME INFO] participant: were_2_5, chip = 5988
[GAME INFO] participant: yyyyyr_2_6, chip = 2990
[GAME INFO] participant: ssw_2_7, chip = 3000
[GAME INFO] blind is 2
[GAME INFO] dealer is were_2_5
[GAME INFO] small blind 2 posted by yyyyyr_2_6
[GAME INFO] big blind 4 posted by ssw_2_7
[hole card] 8 club
[hole card] 10 club
[preflop] round starts
[preflop] player Mars_2_0 has 2992 chips
[preflop] player Sister_Lily_2_1 has 8 chips
[preflop] player Gaotaku_2_2 has 2997 chips
[preflop] player The Joker_2_3 has 3001 chips
[preflop] player GiHe_2_4 has 3024 chips
[preflop] player were_2_5 has 5988 chips
[preflop] player yyyyyr_2_6 has 2988 chips
[preflop] player ssw_2_7 has 2996 chips
[preflop] player Mars_2_0 folds
[preflop] player Sister_Lily_2_1 calls. Total bet is 4
[preflop] player Gaotaku_2_2 folds
[preflop] action
[preflop] call (4 chips). 
[preflop] player The Joker_2_3 calls. Total bet is 4
[preflop] player GiHe_2_4 folds
[preflop] player were_2_5 calls. Total bet is 4
[preflop] player yyyyyr_2_6 calls. Total bet is 4
[preflop] player ssw_2_7 folds
[flop] 5 spade
[flop] J spade
[flop] 6 heart
[flop] round starts
[flop] player Mars_2_0 has 2992 chips
[flop] player Sister_Lily_2_1 has 4 chips
[flop] player Gaotaku_2_2 has 2997 chips
[flop] player The Joker_2_3 has 2997 chips
[flop] player GiHe_2_4 has 3024 chips
[flop] player were_2_5 has 5984 chips
[flop] player yyyyyr_2_6 has 2986 chips
[flop] player ssw_2_7 has 2996 chips
[flop] player yyyyyr_2_6 checks
[flop] player Sister_Lily_2_1 checks
[flop] action
[flop] check
[flop] player The Joker_2_3 checks
[flop] player were_2_5 checks
[flop] round ends
[turn] 4 diamond
[turn] round starts
[turn] player Mars_2_0 has 2992 chips
[turn] player Sister_Lily_2_1 has 4 chips
[turn] player Gaotaku_2_2 has 2997 chips
[turn] player The Joker_2_3 has 2997 chips
[turn] player GiHe_2_4 has 3024 chips
[turn] player were_2_5 has 5984 chips
[turn] player yyyyyr_2_6 has 2986 chips
[turn] player ssw_2_7 has 2996 chips
[turn] player yyyyyr_2_6 checks
[turn] player Sister_Lily_2_1 checks
[turn] action
[turn] check
[turn] player The Joker_2_3 checks
[turn] player were_2_5 checks
[turn] round ends
[river] 7 spade
[river] round starts
[river] player Mars_2_0 has 2992 chips
[river] player Sister_Lily_2_1 has 4 chips
[river] player Gaotaku_2_2 has 2997 chips
[river] player The Joker_2_3 has 2997 chips
[river] player GiHe_2_4 has 3024 chips
[river] player were_2_5 has 5984 chips
[river] player yyyyyr_2_6 has 2986 chips
[river] player ssw_2_7 has 2996 chips
[river] player yyyyyr_2_6 checks
[river] player Sister_Lily_2_1 checks
[river] action
[river] check
[river] player The Joker_2_3 checks
[river] player were_2_5 checks
[river] round ends
[SHOWDOWN] showdown starts
[SHOWDOWN] showdown
[SHOWDOWN] 5 spade 6 heart 4 diamond 7 spade 8 club
[SHOWDOWN] player The Joker_2_3 shows 5 spade 6 heart 4 diamond 7 spade 8 club, which is straight.
[SHOWDOWN] player were_2_5 shows Q heart 5 club 5 spade J spade 7 spade, which is one pair.
[SHOWDOWN] player Sister_Lily_2_1 shows K diamond A club J spade 6 heart 7 spade, which is high card.
[SHOWDOWN] player yyyyyr_2_6 shows 9 club K club J spade 6 heart 7 spade, which is high card.
[GAME STAT] pot 0 with 20 chips is shared by 1 players
[GAME STAT] player The Joker_2_3 gets 20 chips from pot 0
[GAME STAT] overall statistics
[GAME STAT] player Mars_2_0 wins 0 chips in this game
[GAME STAT] player Sister_Lily_2_1 wins -4 chips in this game
[GAME STAT] player Gaotaku_2_2 wins 0 chips in this game
[GAME STAT] player The Joker_2_3 wins 16 chips in this game
[GAME STAT] player GiHe_2_4 wins 0 chips in this game
[GAME STAT] player were_2_5 wins -4 chips in this game
[GAME STAT] player yyyyyr_2_6 wins -4 chips in this game
[GAME STAT] player ssw_2_7 wins -4 chips in this game
[GAME 6] game ends, invoking player.game_end()
[GAME 7] game starts
[GAME INFO] number of participants in this game = 8
[GAME INFO] participant: Mars_2_0, chip = 2992
[GAME INFO] participant: Sister_Lily_2_1, chip = 4
[GAME INFO] participant: Gaotaku_2_2, chip = 2997
[GAME INFO] participant: The Joker_2_3, chip = 3017
[GAME INFO] participant: GiHe_2_4, chip = 3024
[GAME INFO] participant: were_2_5, chip = 5984
[GAME INFO] participant: yyyyyr_2_6, chip = 2986
[GAME INFO] participant: ssw_2_7, chip = 2996
[GAME INFO] blind is 5
[GAME INFO] dealer is yyyyyr_2_6
[GAME INFO] small blind 5 posted by ssw_2_7
[GAME INFO] big blind 10 posted by Mars_2_0
[hole card] 3 club
[hole card] 7 heart
[preflop] round starts
[preflop] player Mars_2_0 has 2982 chips
[preflop] player Sister_Lily_2_1 has 4 chips
[preflop] player Gaotaku_2_2 has 2997 chips
[preflop] player The Joker_2_3 has 3017 chips
[preflop] player GiHe_2_4 has 3024 chips
[preflop] player were_2_5 has 5984 chips
[preflop] player yyyyyr_2_6 has 2986 chips
[preflop] player ssw_2_7 has 2991 chips
[preflop] player Sister_Lily_2_1 goes all in (4 chips). Total bet is 4
[preflop] player Gaotaku_2_2 folds
[preflop] action
[WARNING] CANNOT check when another player has raised
[preflop] player The Joker_2_3 folds
[preflop] player GiHe_2_4 folds
[preflop] player were_2_5 calls. Total bet is 10
[preflop] player yyyyyr_2_6 folds
[preflop] player ssw_2_7 folds
[preflop] player Mars_2_0 calls. Total bet is 10
[flop] Q spade
[flop] 10 heart
[flop] 2 heart
[flop] round starts
[flop] player Mars_2_0 has 2982 chips
[flop] player Sister_Lily_2_1 has 0 chips
[flop] player Gaotaku_2_2 has 2997 chips
[flop] player The Joker_2_3 has 3017 chips
[flop] player GiHe_2_4 has 3024 chips
[flop] player were_2_5 has 5974 chips
[flop] player yyyyyr_2_6 has 2986 chips
[flop] player ssw_2_7 has 2991 chips
[flop] player Mars_2_0 checks
[flop] player Sister_Lily_2_1 checks
[flop] player were_2_5 folds
[flop] round ends
[turn] 8 diamond
[turn] round starts
[turn] player Mars_2_0 has 2982 chips
[turn] player Sister_Lily_2_1 has 0 chips
[turn] player Gaotaku_2_2 has 2997 chips
[turn] player The Joker_2_3 has 3017 chips
[turn] player GiHe_2_4 has 3024 chips
[turn] player were_2_5 has 5974 chips
[turn] player yyyyyr_2_6 has 2986 chips
[turn] player ssw_2_7 has 2991 chips
[turn] player Mars_2_0 checks
[turn] player Sister_Lily_2_1 checks
[turn] round ends
[river] 2 diamond
[river] round starts
[river] player Mars_2_0 has 2982 chips
[river] player Sister_Lily_2_1 has 0 chips
[river] player Gaotaku_2_2 has 2997 chips
[river] player The Joker_2_3 has 3017 chips
[river] player GiHe_2_4 has 3024 chips
[river] player were_2_5 has 5974 chips
[river] player yyyyyr_2_6 has 2986 chips
[river] player ssw_2_7 has 2991 chips
[river] player Mars_2_0 checks
[river] player Sister_Lily_2_1 checks
[river] round ends
[SHOWDOWN] showdown starts
[SHOWDOWN] player Mars_2_0 shows 2 diamond 2 heart 8 diamond 8 spade Q spade, which is two pair.
[SHOWDOWN] player Sister_Lily_2_1 shows K heart Q spade 10 heart 2 heart 2 diamond, which is one pair.
[GAME STAT] pot 0 with 16 chips is shared by 1 players
[GAME STAT] player Mars_2_0 gets 16 chips from pot 0
[GAME STAT] pot 1 with 3 chips is shared by 1 players
[GAME STAT] player Mars_2_0 gets 3 chips from pot 1
[GAME STAT] pot 2 with 10 chips is shared by 1 players
[GAME STAT] player Mars_2_0 gets 10 chips from pot 2
[GAME STAT] overall statistics
[GAME STAT] player Mars_2_0 wins 19 chips in this game
[GAME STAT] player Sister_Lily_2_1 wins -4 chips in this game
[GAME STAT] player Gaotaku_2_2 wins 0 chips in this game
[GAME STAT] player The Joker_2_3 wins 0 chips in this game
[GAME STAT] player GiHe_2_4 wins 0 chips in this game
[GAME STAT] player were_2_5 wins -10 chips in this game
[GAME STAT] player yyyyyr_2_6 wins 0 chips in this game
[GAME STAT] player ssw_2_7 wins -5 chips in this game
[GAME 7] game ends, invoking player.game_end()
[GAME 8] game starts
[GAME INFO] number of participants in this game = 7
[GAME INFO] participant: Mars_2_0, chip = 3011
[GAME INFO] participant: Gaotaku_2_2, chip = 2997
[GAME INFO] participant: The Joker_2_3, chip = 3017
[GAME INFO] participant: GiHe_2_4, chip = 3024
[GAME INFO] participant: were_2_5, chip = 5974
[GAME INFO] participant: yyyyyr_2_6, chip = 2986
[GAME INFO] participant: ssw_2_7, chip = 2991
[GAME INFO] blind is 5
[GAME INFO] dealer is ssw_2_7
[GAME INFO] small blind 5 posted by Mars_2_0
[GAME INFO] big blind 10 posted by Gaotaku_2_2
[hole card] A spade
[hole card] K spade
[preflop] round starts
[preflop] player Mars_2_0 has 3006 chips
[preflop] player Gaotaku_2_2 has 2987 chips
[preflop] player The Joker_2_3 has 3017 chips
[preflop] player GiHe_2_4 has 3024 chips
[preflop] player were_2_5 has 5974 chips
[preflop] player yyyyyr_2_6 has 2986 chips
[preflop] player ssw_2_7 has 2991 chips
[preflop] action
[preflop] call (10 chips). 
[preflop] player The Joker_2_3 calls. Total bet is 10
[preflop] player GiHe_2_4 calls. Total bet is 10
[preflop] player were_2_5 calls. Total bet is 10
[preflop] player yyyyyr_2_6 folds
[preflop] player ssw_2_7 folds
[preflop] player Mars_2_0 calls. Total bet is 10
[preflop] player Gaotaku_2_2 folds
[flop] 8 diamond
[flop] K club
[flop] 4 diamond
[flop] round starts
[flop] player Mars_2_0 has 3001 chips
[flop] player Gaotaku_2_2 has 2987 chips
[flop] player The Joker_2_3 has 3007 chips
[flop] player GiHe_2_4 has 3014 chips
[flop] player were_2_5 has 5964 chips
[flop] player yyyyyr_2_6 has 2986 chips
[flop] player ssw_2_7 has 2991 chips
[flop] player Mars_2_0 checks
[flop] action
[flop] check
[flop] player The Joker_2_3 checks
[flop] player GiHe_2_4 checks
[flop] player were_2_5 folds
[flop] round ends
[turn] 4 club
[turn] round starts
[turn] player Mars_2_0 has 3001 chips
[turn] player Gaotaku_2_2 has 2987 chips
[turn] player The Joker_2_3 has 3007 chips
[turn] player GiHe_2_4 has 3014 chips
[turn] player were_2_5 has 5964 chips
[turn] player yyyyyr_2_6 has 2986 chips
[turn] player ssw_2_7 has 2991 chips
[turn] player Mars_2_0 checks
[turn] action
[turn] check
[turn] player The Joker_2_3 checks
[turn] player GiHe_2_4 checks
[turn] round ends
[river] 3 heart
[river] round starts
[river] player Mars_2_0 has 3001 chips
[river] player Gaotaku_2_2 has 2987 chips
[river] player The Joker_2_3 has 3007 chips
[river] player GiHe_2_4 has 3014 chips
[river] player were_2_5 has 5964 chips
[river] player yyyyyr_2_6 has 2986 chips
[river] player ssw_2_7 has 2991 chips
[river] player Mars_2_0 checks
[river] action
[river] check
[river] player The Joker_2_3 checks
[river] player GiHe_2_4 checks
[river] round ends
[SHOWDOWN] showdown starts
[SHOWDOWN] showdown
[SHOWDOWN] K club 4 diamond 4 club A spade K spade
[SHOWDOWN] player The Joker_2_3 shows K club 4 diamond 4 club A spade K spade, which is two pair.
[SHOWDOWN] player GiHe_2_4 shows 8 spade 8 diamond K club 4 diamond 4 club, which is two pair.
[SHOWDOWN] player Mars_2_0 shows 4 club 4 diamond 9 club K club Q club, which is one pair.
[GAME STAT] pot 0 with 50 chips is shared by 1 players
[GAME STAT] player The Joker_2_3 gets 50 chips from pot 0
[GAME STAT] overall statistics
[GAME STAT] player Mars_2_0 wins -10 chips in this game
[GAME STAT] player Gaotaku_2_2 wins -10 chips in this game
[GAME STAT] player The Joker_2_3 wins 40 chips in this game
[GAME STAT] player GiHe_2_4 wins -10 chips in this game
[GAME STAT] player were_2_5 wins -10 chips in this game
[GAME STAT] player yyyyyr_2_6 wins 0 chips in this game
[GAME STAT] player ssw_2_7 wins 0 chips in this game
[GAME 8] game ends, invoking player.game_end()
[GAME 9] game starts
[GAME INFO] number of participants in this game = 7
[GAME INFO] participant: Mars_2_0, chip = 3001
[GAME INFO] participant: Gaotaku_2_2, chip = 2987
[GAME INFO] participant: The Joker_2_3, chip = 3057
[GAME INFO] participant: GiHe_2_4, chip = 3014
[GAME INFO] participant: were_2_5, chip = 5964
[GAME INFO] participant: yyyyyr_2_6, chip = 2986
[GAME INFO] participant: ssw_2_7, chip = 2991
[GAME INFO] blind is 5
[GAME INFO] dealer is Mars_2_0
[GAME INFO] small blind 5 posted by Gaotaku_2_2
[GAME INFO] big blind 10 posted by The Joker_2_3
[hole card] 10 spade
[hole card] 5 heart
[preflop] round starts
[preflop] player Mars_2_0 has 3001 chips
[preflop] player Gaotaku_2_2 has 2982 chips
[preflop] player The Joker_2_3 has 3047 chips
[preflop] player GiHe_2_4 has 3014 chips
[preflop] player were_2_5 has 5964 chips
[preflop] player yyyyyr_2_6 has 2986 chips
[preflop] player ssw_2_7 has 2991 chips
[preflop] player GiHe_2_4 folds
[preflop] player were_2_5 calls. Total bet is 10
[preflop] player yyyyyr_2_6 folds
[preflop] player ssw_2_7 folds
[preflop] player Mars_2_0 calls. Total bet is 10
[preflop] player Gaotaku_2_2 calls. Total bet is 10
[preflop] action
[preflop] call (0 chips). 
[preflop] player The Joker_2_3 calls. Total bet is 10
[flop] 3 spade
[flop] A club
[flop] 6 spade
[flop] round starts
[flop] player Mars_2_0 has 2991 chips
[flop] player Gaotaku_2_2 has 2977 chips
[flop] player The Joker_2_3 has 3047 chips
[flop] player GiHe_2_4 has 3014 chips
[flop] player were_2_5 has 5954 chips
[flop] player yyyyyr_2_6 has 2986 chips
[flop] player ssw_2_7 has 2991 chips
[flop] player Gaotaku_2_2 folds
[flop] action
[flop] check
[flop] player The Joker_2_3 checks
[flop] player were_2_5 folds
[flop] player Mars_2_0 checks
[flop] round ends
[turn] K heart
[turn] round starts
[turn] player Mars_2_0 has 2991 chips
[turn] player Gaotaku_2_2 has 2977 chips
[turn] player The Joker_2_3 has 3047 chips
[turn] player GiHe_2_4 has 3014 chips
[turn] player were_2_5 has 5954 chips
[turn] player yyyyyr_2_6 has 2986 chips
[turn] player ssw_2_7 has 2991 chips
[turn] action
[turn] check
[turn] player The Joker_2_3 checks
[turn] player Mars_2_0 checks
[turn] round ends
[river] 5 club
[river] round starts
[river] player Mars_2_0 has 2991 chips
[river] player Gaotaku_2_2 has 2977 chips
[river] player The Joker_2_3 has 3047 chips
[river] player GiHe_2_4 has 3014 chips
[river] player were_2_5 has 5954 chips
[river] player yyyyyr_2_6 has 2986 chips
[river] player ssw_2_7 has 2991 chips
[river] action
[river] check
[river] player The Joker_2_3 checks
[river] player Mars_2_0 checks
[river] round ends
[SHOWDOWN] showdown starts
[SHOWDOWN] showdown
[SHOWDOWN] A club K heart 5 club 10 spade 5 heart
[SHOWDOWN] player The Joker_2_3 shows A club K heart 5 club 10 spade 5 heart, which is one pair.
[SHOWDOWN] player Mars_2_0 shows 5 club 6 spade A club K heart Q spade, which is high card.
[GAME STAT] pot 0 with 40 chips is shared by 1 players
[GAME STAT] player The Joker_2_3 gets 40 chips from pot 0
[GAME STAT] overall statistics
[GAME STAT] player Mars_2_0 wins -10 chips in this game
[GAME STAT] player Gaotaku_2_2 wins -10 chips in this game
[GAME STAT] player The Joker_2_3 wins 30 chips in this game
[GAME STAT] player GiHe_2_4 wins 0 chips in this game
[GAME STAT] player were_2_5 wins -10 chips in this game
[GAME STAT] player yyyyyr_2_6 wins 0 chips in this game
[GAME STAT] player ssw_2_7 wins 0 chips in this game
[GAME 9] game ends, invoking player.game_end()
[GAME 10] game starts
[GAME INFO] number of participants in this game = 7
[GAME INFO] participant: Mars_2_0, chip = 2991
[GAME INFO] participant: Gaotaku_2_2, chip = 2977
[GAME INFO] participant: The Joker_2_3, chip = 3087
[GAME INFO] participant: GiHe_2_4, chip = 3014
[GAME INFO] participant: were_2_5, chip = 5954
[GAME INFO] participant: yyyyyr_2_6, chip = 2986
[GAME INFO] participant: ssw_2_7, chip = 2991
[GAME INFO] blind is 10
[GAME INFO] dealer is Gaotaku_2_2
[GAME INFO] small blind 10 posted by The Joker_2_3
[GAME INFO] big blind 20 posted by GiHe_2_4
[hole card] 8 diamond
[hole card] 2 spade
[preflop] round starts
[preflop] player Mars_2_0 has 2991 chips
[preflop] player Gaotaku_2_2 has 2977 chips
[preflop] player The Joker_2_3 has 3077 chips
[preflop] player GiHe_2_4 has 2994 chips
[preflop] player were_2_5 has 5954 chips
[preflop] player yyyyyr_2_6 has 2986 chips
[preflop] player ssw_2_7 has 2991 chips
[preflop] player were_2_5 calls. Total bet is 20
[preflop] player yyyyyr_2_6 folds
[preflop] player ssw_2_7 folds
[preflop] player Mars_2_0 calls. Total bet is 20
[preflop] player Gaotaku_2_2 folds
[preflop] action
[WARNING] CANNOT check when another player has raised
[preflop] player The Joker_2_3 folds
[preflop] player GiHe_2_4 calls. Total bet is 20
[flop] K spade
[flop] 10 spade
[flop] J heart
[flop] round starts
[flop] player Mars_2_0 has 2971 chips
[flop] player Gaotaku_2_2 has 2977 chips
[flop] player The Joker_2_3 has 3077 chips
[flop] player GiHe_2_4 has 2994 chips
[flop] player were_2_5 has 5934 chips
[flop] player yyyyyr_2_6 has 2986 chips
[flop] player ssw_2_7 has 2991 chips
[flop] player GiHe_2_4 checks
[flop] player were_2_5 checks
[flop] player Mars_2_0 checks
[flop] round ends
[turn] 6 spade
[turn] round starts
[turn] player Mars_2_0 has 2971 chips
[turn] player Gaotaku_2_2 has 2977 chips
[turn] player The Joker_2_3 has 3077 chips
[turn] player GiHe_2_4 has 2994 chips
[turn] player were_2_5 has 5934 chips
[turn] player yyyyyr_2_6 has 2986 chips
[turn] player ssw_2_7 has 2991 chips
[turn] player GiHe_2_4 checks
[turn] player were_2_5 checks
[turn] player Mars_2_0 checks
[turn] round ends
[river] Q club
[river] round starts
[river] player Mars_2_0 has 2971 chips
[river] player Gaotaku_2_2 has 2977 chips
[river] player The Joker_2_3 has 3077 chips
[river] player GiHe_2_4 has 2994 chips
[river] player were_2_5 has 5934 chips
[river] player yyyyyr_2_6 has 2986 chips
[river] player ssw_2_7 has 2991 chips
[river] player GiHe_2_4 checks
[river] player were_2_5 checks
[river] player Mars_2_0 checks
[river] round ends
[SHOWDOWN] showdown starts
[SHOWDOWN] player were_2_5 shows K diamond K spade 10 spade J heart Q club, which is one pair.
[SHOWDOWN] player Mars_2_0 shows J heart K spade Q club Q diamond 10 spade, which is one pair.
[SHOWDOWN] player GiHe_2_4 shows Q heart K spade 10 spade J heart Q club, which is one pair.
[GAME STAT] pot 0 with 40 chips is shared by 1 players
[GAME STAT] player were_2_5 gets 40 chips from pot 0
[GAME STAT] pot 1 with 30 chips is shared by 1 players
[GAME STAT] player were_2_5 gets 30 chips from pot 1
[GAME STAT] overall statistics
[GAME STAT] player Mars_2_0 wins -20 chips in this game
[GAME STAT] player Gaotaku_2_2 wins 0 chips in this game
[GAME STAT] player The Joker_2_3 wins -10 chips in this game
[GAME STAT] player GiHe_2_4 wins -20 chips in this game
[GAME STAT] player were_2_5 wins 50 chips in this game
[GAME STAT] player yyyyyr_2_6 wins 0 chips in this game
[GAME STAT] player ssw_2_7 wins 0 chips in this game
[GAME 10] game ends, invoking player.game_end()
[GAME 11] game starts
[GAME INFO] number of participants in this game = 7
[GAME INFO] participant: Mars_2_0, chip = 2971
[GAME INFO] participant: Gaotaku_2_2, chip = 2977
[GAME INFO] participant: The Joker_2_3, chip = 3077
[GAME INFO] participant: GiHe_2_4, chip = 2994
[GAME INFO] participant: were_2_5, chip = 6004
[GAME INFO] participant: yyyyyr_2_6, chip = 2986
[GAME INFO] participant: ssw_2_7, chip = 2991
[GAME INFO] blind is 10
[GAME INFO] dealer is The Joker_2_3
[GAME INFO] small blind 10 posted by GiHe_2_4
[GAME INFO] big blind 20 posted by were_2_5
[hole card] 4 heart
[hole card] 6 spade
[preflop] round starts
[preflop] player Mars_2_0 has 2971 chips
[preflop] player Gaotaku_2_2 has 2977 chips
[preflop] player The Joker_2_3 has 3077 chips
[preflop] player GiHe_2_4 has 2984 chips
[preflop] player were_2_5 has 5984 chips
[preflop] player yyyyyr_2_6 has 2986 chips
[preflop] player ssw_2_7 has 2991 chips
[preflop] player yyyyyr_2_6 folds
[preflop] player ssw_2_7 folds
[preflop] player Mars_2_0 calls. Total bet is 20
[preflop] player Gaotaku_2_2 folds
[preflop] action
[WARNING] CANNOT check when another player has raised
[preflop] player The Joker_2_3 folds
[preflop] player GiHe_2_4 calls. Total bet is 20
[preflop] player were_2_5 calls. Total bet is 20
[flop] 7 club
[flop] 3 spade
[flop] 9 heart
[flop] round starts
[flop] player Mars_2_0 has 2951 chips
[flop] player Gaotaku_2_2 has 2977 chips
[flop] player The Joker_2_3 has 3077 chips
[flop] player GiHe_2_4 has 2974 chips
[flop] player were_2_5 has 5984 chips
[flop] player yyyyyr_2_6 has 2986 chips
[flop] player ssw_2_7 has 2991 chips
[flop] player GiHe_2_4 checks
[flop] player were_2_5 checks
[flop] player Mars_2_0 checks
[flop] round ends
[turn] 2 spade
[turn] round starts
[turn] player Mars_2_0 has 2951 chips
[turn] player Gaotaku_2_2 has 2977 chips
[turn] player The Joker_2_3 has 3077 chips
[turn] player GiHe_2_4 has 2974 chips
[turn] player were_2_5 has 5984 chips
[turn] player yyyyyr_2_6 has 2986 chips
[turn] player ssw_2_7 has 2991 chips
[turn] player GiHe_2_4 checks
[turn] player were_2_5 checks
[turn] player Mars_2_0 checks
[turn] round ends
[river] 10 diamond
[river] round starts
[river] player Mars_2_0 has 2951 chips
[river] player Gaotaku_2_2 has 2977 chips
[river] player The Joker_2_3 has 3077 chips
[river] player GiHe_2_4 has 2974 chips
[river] player were_2_5 has 5984 chips
[river] player yyyyyr_2_6 has 2986 chips
[river] player ssw_2_7 has 2991 chips
[river] player GiHe_2_4 checks
[river] player were_2_5 checks
[river] player Mars_2_0 checks
[river] round ends
[SHOWDOWN] showdown starts
[SHOWDOWN] player GiHe_2_4 shows 8 heart 6 diamond 7 club 9 heart 10 diamond, which is straight.
[SHOWDOWN] player were_2_5 shows K club 9 spade 9 heart 2 spade 10 diamond, which is one pair.
[SHOWDOWN] player Mars_2_0 shows 5 heart 7 club 9 heart J spade 10 diamond, which is high card.
[GAME STAT] pot 0 with 60 chips is shared by 1 players
[GAME STAT] player GiHe_2_4 gets 60 chips from pot 0
[GAME STAT] overall statistics
[GAME STAT] player Mars_2_0 wins -20 chips in this game
[GAME STAT] player Gaotaku_2_2 wins 0 chips in this game
[GAME STAT] player The Joker_2_3 wins 0 chips in this game
[GAME STAT] player GiHe_2_4 wins 40 chips in this game
[GAME STAT] player were_2_5 wins -20 chips in this game
[GAME STAT] player yyyyyr_2_6 wins 0 chips in this game
[GAME STAT] player ssw_2_7 wins 0 chips in this game
[GAME 11] game ends, invoking player.game_end()
[GAME 12] game starts
[GAME INFO] number of participants in this game = 7
[GAME INFO] participant: Mars_2_0, chip = 2951
[GAME INFO] participant: Gaotaku_2_2, chip = 2977
[GAME INFO] participant: The Joker_2_3, chip = 3077
[GAME INFO] participant: GiHe_2_4, chip = 3034
[GAME INFO] participant: were_2_5, chip = 5984
[GAME INFO] participant: yyyyyr_2_6, chip = 2986
[GAME INFO] participant: ssw_2_7, chip = 2991
[GAME INFO] blind is 10
[GAME INFO] dealer is GiHe_2_4
[GAME INFO] small blind 10 posted by were_2_5
[GAME INFO] big blind 20 posted by yyyyyr_2_6
[hole card] 8 spade
[hole card] 3 spade
[preflop] round starts
[preflop] player Mars_2_0 has 2951 chips
[preflop] player Gaotaku_2_2 has 2977 chips
[preflop] player The Joker_2_3 has 3077 chips
[preflop] player GiHe_2_4 has 3034 chips
[preflop] player were_2_5 has 5974 chips
[preflop] player yyyyyr_2_6 has 2966 chips
[preflop] player ssw_2_7 has 2991 chips
[preflop] player ssw_2_7 folds
[preflop] player Mars_2_0 folds
[preflop] player Gaotaku_2_2 folds
[preflop] action
[WARNING] CANNOT check when another player has raised
[preflop] player The Joker_2_3 folds
[preflop] player GiHe_2_4 calls. Total bet is 20
[preflop] player were_2_5 calls. Total bet is 20
[preflop] player yyyyyr_2_6 calls. Total bet is 20
[flop] 6 spade
[flop] 10 diamond
[flop] 4 diamond
[flop] round starts
[flop] player Mars_2_0 has 2951 chips
[flop] player Gaotaku_2_2 has 2977 chips
[flop] player The Joker_2_3 has 3077 chips
[flop] player GiHe_2_4 has 3014 chips
[flop] player were_2_5 has 5964 chips
[flop] player yyyyyr_2_6 has 2966 chips
[flop] player ssw_2_7 has 2991 chips
[flop] player were_2_5 checks
[flop] player yyyyyr_2_6 checks
[flop] player GiHe_2_4 checks
[flop] round ends
[turn] 7 spade
[turn] round starts
[turn] player Mars_2_0 has 2951 chips
[turn] player Gaotaku_2_2 has 2977 chips
[turn] player The Joker_2_3 has 3077 chips
[turn] player GiHe_2_4 has 3014 chips
[turn] player were_2_5 has 5964 chips
[turn] player yyyyyr_2_6 has 2966 chips
[turn] player ssw_2_7 has 2991 chips
[turn] player were_2_5 checks
[turn] player yyyyyr_2_6 checks
[turn] player GiHe_2_4 checks
[turn] round ends
[river] Q diamond
[river] round starts
[river] player Mars_2_0 has 2951 chips
[river] player Gaotaku_2_2 has 2977 chips
[river] player The Joker_2_3 has 3077 chips
[river] player GiHe_2_4 has 3014 chips
[river] player were_2_5 has 5964 chips
[river] player yyyyyr_2_6 has 2966 chips
[river] player ssw_2_7 has 2991 chips
[river] player were_2_5 checks
[river] player yyyyyr_2_6 checks
[river] player GiHe_2_4 checks
[river] round ends
[SHOWDOWN] showdown starts
[SHOWDOWN] player GiHe_2_4 shows A diamond 8 diamond 10 diamond 4 diamond Q diamond, which is flush.
[SHOWDOWN] player were_2_5 shows A club Q heart 10 diamond 7 spade Q diamond, which is one pair.
[SHOWDOWN] player yyyyyr_2_6 shows 4 heart A spade 10 diamond 4 diamond Q diamond, which is one pair.
[GAME STAT] pot 0 with 60 chips is shared by 1 players
[GAME STAT] player GiHe_2_4 gets 60 chips from pot 0
[GAME STAT] overall statistics
[GAME STAT] player Mars_2_0 wins 0 chips in this game
[GAME STAT] player Gaotaku_2_2 wins 0 chips in this game
[GAME STAT] player The Joker_2_3 wins 0 chips in this game
[GAME STAT] player GiHe_2_4 wins 40 chips in this game
[GAME STAT] player were_2_5 wins -20 chips in this game
[GAME STAT] player yyyyyr_2_6 wins -20 chips in this game
[GAME STAT] player ssw_2_7 wins 0 chips in this game
[GAME 12] game ends, invoking player.game_end()
[GAME 13] game starts
[GAME INFO] number of participants in this game = 7
[GAME INFO] participant: Mars_2_0, chip = 2951
[GAME INFO] participant: Gaotaku_2_2, chip = 2977
[GAME INFO] participant: The Joker_2_3, chip = 3077
[GAME INFO] participant: GiHe_2_4, chip = 3074
[GAME INFO] participant: were_2_5, chip = 5964
[GAME INFO] participant: yyyyyr_2_6, chip = 2966
[GAME INFO] participant: ssw_2_7, chip = 2991
[GAME INFO] blind is 20
[GAME INFO] dealer is were_2_5
[GAME INFO] small blind 20 posted by yyyyyr_2_6
[GAME INFO] big blind 40 posted by ssw_2_7
[hole card] 10 heart
[hole card] 7 heart
[preflop] round starts
[preflop] player Mars_2_0 has 2951 chips
[preflop] player Gaotaku_2_2 has 2977 chips
[preflop] player The Joker_2_3 has 3077 chips
[preflop] player GiHe_2_4 has 3074 chips
[preflop] player were_2_5 has 5964 chips
[preflop] player yyyyyr_2_6 has 2946 chips
[preflop] player ssw_2_7 has 2951 chips
[preflop] player Mars_2_0 calls. Total bet is 40
[preflop] player Gaotaku_2_2 folds
[preflop] action
[WARNING] CANNOT check when another player has raised
[preflop] player The Joker_2_3 folds
[preflop] player GiHe_2_4 folds
[preflop] player were_2_5 calls. Total bet is 40
[preflop] player yyyyyr_2_6 folds
[preflop] player ssw_2_7 folds
[flop] 8 diamond
[flop] 2 club
[flop] A heart
[flop] round starts
[flop] player Mars_2_0 has 2911 chips
[flop] player Gaotaku_2_2 has 2977 chips
[flop] player The Joker_2_3 has 3077 chips
[flop] player GiHe_2_4 has 3074 chips
[flop] player were_2_5 has 5924 chips
[flop] player yyyyyr_2_6 has 2946 chips
[flop] player ssw_2_7 has 2951 chips
[flop] player Mars_2_0 checks
[flop] player were_2_5 folds
[flop] round ends
[GAME STAT] pot 0 with 80 chips is shared by 1 players
[GAME STAT] player Mars_2_0 gets 80 chips from pot 0
[GAME STAT] pot 1 with 60 chips is shared by 1 players
[GAME STAT] player Mars_2_0 gets 60 chips from pot 1
[GAME STAT] overall statistics
[GAME STAT] player Mars_2_0 wins 100 chips in this game
[GAME STAT] player Gaotaku_2_2 wins 0 chips in this game
[GAME STAT] player The Joker_2_3 wins 0 chips in this game
[GAME STAT] player GiHe_2_4 wins 0 chips in this game
[GAME STAT] player were_2_5 wins -40 chips in this game
[GAME STAT] player yyyyyr_2_6 wins -20 chips in this game
[GAME STAT] player ssw_2_7 wins -40 chips in this game
[GAME 13] game ends, invoking player.game_end()
[GAME 14] game starts
[GAME INFO] number of participants in this game = 7
[GAME INFO] participant: Mars_2_0, chip = 3051
[GAME INFO] participant: Gaotaku_2_2, chip = 2977
[GAME INFO] participant: The Joker_2_3, chip = 3077
[GAME INFO] participant: GiHe_2_4, chip = 3074
[GAME INFO] participant: were_2_5, chip = 5924
[GAME INFO] participant: yyyyyr_2_6, chip = 2946
[GAME INFO] participant: ssw_2_7, chip = 2951
[GAME INFO] blind is 20
[GAME INFO] dealer is yyyyyr_2_6
[GAME INFO] small blind 20 posted by ssw_2_7
[GAME INFO] big blind 40 posted by Mars_2_0
[hole card] Q heart
[hole card] 7 heart
[preflop] round starts
[preflop] player Mars_2_0 has 3011 chips
[preflop] player Gaotaku_2_2 has 2977 chips
[preflop] player The Joker_2_3 has 3077 chips
[preflop] player GiHe_2_4 has 3074 chips
[preflop] player were_2_5 has 5924 chips
[preflop] player yyyyyr_2_6 has 2946 chips
[preflop] player ssw_2_7 has 2931 chips
[preflop] player Gaotaku_2_2 folds
[preflop] action
[preflop] call (40 chips). 
[preflop] player The Joker_2_3 calls. Total bet is 40
[preflop] player GiHe_2_4 folds
[preflop] player were_2_5 calls. Total bet is 40
[preflop] player yyyyyr_2_6 calls. Total bet is 40
[preflop] player ssw_2_7 folds
[preflop] player Mars_2_0 calls. Total bet is 40
[flop] Q diamond
[flop] K heart
[flop] J heart
[flop] round starts
[flop] player Mars_2_0 has 3011 chips
[flop] player Gaotaku_2_2 has 2977 chips
[flop] player The Joker_2_3 has 3037 chips
[flop] player GiHe_2_4 has 3074 chips
[flop] player were_2_5 has 5884 chips
[flop] player yyyyyr_2_6 has 2906 chips
[flop] player ssw_2_7 has 2931 chips
[flop] player Mars_2_0 checks
[flop] action
[flop] check
[flop] player The Joker_2_3 checks
[flop] player were_2_5 folds
[flop] player yyyyyr_2_6 checks
[flop] round ends
[turn] K club
[turn] round starts
[turn] player Mars_2_0 has 3011 chips
[turn] player Gaotaku_2_2 has 2977 chips
[turn] player The Joker_2_3 has 3037 chips
[turn] player GiHe_2_4 has 3074 chips
[turn] player were_2_5 has 5884 chips
[turn] player yyyyyr_2_6 has 2906 chips
[turn] player ssw_2_7 has 2931 chips
[turn] player Mars_2_0 checks
[turn] action
[turn] check
[turn] player The Joker_2_3 checks
[turn] player yyyyyr_2_6 checks
[turn] round ends
[river] A diamond
[river] round starts
[river] player Mars_2_0 has 3011 chips
[river] player Gaotaku_2_2 has 2977 chips
[river] player The Joker_2_3 has 3037 chips
[river] player GiHe_2_4 has 3074 chips
[river] player were_2_5 has 5884 chips
[river] player yyyyyr_2_6 has 2906 chips
[river] player ssw_2_7 has 2931 chips
[river] player Mars_2_0 checks
[river] action
[river] check
[river] player The Joker_2_3 checks
[river] player yyyyyr_2_6 checks
[river] round ends
[SHOWDOWN] showdown starts
[SHOWDOWN] showdown
[SHOWDOWN] Q diamond K heart K club A diamond Q heart
[SHOWDOWN] player Mars_2_0 shows A diamond J heart K club Q diamond 10 heart, which is straight.
[SHOWDOWN] player yyyyyr_2_6 shows A spade Q diamond K heart K club A diamond, which is two pair.
[SHOWDOWN] player The Joker_2_3 shows Q diamond K heart K club A diamond Q heart, which is two pair.
[GAME STAT] pot 0 with 100 chips is shared by 1 players
[GAME STAT] player Mars_2_0 gets 100 chips from pot 0
[GAME STAT] pot 1 with 80 chips is shared by 1 players
[GAME STAT] player Mars_2_0 gets 80 chips from pot 1
[GAME STAT] overall statistics
[GAME STAT] player Mars_2_0 wins 140 chips in this game
[GAME STAT] player Gaotaku_2_2 wins 0 chips in this game
[GAME STAT] player The Joker_2_3 wins -40 chips in this game
[GAME STAT] player GiHe_2_4 wins 0 chips in this game
[GAME STAT] player were_2_5 wins -40 chips in this game
[GAME STAT] player yyyyyr_2_6 wins -40 chips in this game
[GAME STAT] player ssw_2_7 wins -20 chips in this game
[GAME 14] game ends, invoking player.game_end()
[GAME 15] game starts
[GAME INFO] number of participants in this game = 7
[GAME INFO] participant: Mars_2_0, chip = 3191
[GAME INFO] participant: Gaotaku_2_2, chip = 2977
[GAME INFO] participant: The Joker_2_3, chip = 3037
[GAME INFO] participant: GiHe_2_4, chip = 3074
[GAME INFO] participant: were_2_5, chip = 5884
[GAME INFO] participant: yyyyyr_2_6, chip = 2906
[GAME INFO] participant: ssw_2_7, chip = 2931
[GAME INFO] blind is 20
[GAME INFO] dealer is ssw_2_7
[GAME INFO] small blind 20 posted by Mars_2_0
[GAME INFO] big blind 40 posted by Gaotaku_2_2
[hole card] 8 diamond
[hole card] J club
[preflop] round starts
[preflop] player Mars_2_0 has 3171 chips
[preflop] player Gaotaku_2_2 has 2937 chips
[preflop] player The Joker_2_3 has 3037 chips
[preflop] player GiHe_2_4 has 3074 chips
[preflop] player were_2_5 has 5884 chips
[preflop] player yyyyyr_2_6 has 2906 chips
[preflop] player ssw_2_7 has 2931 chips
[preflop] action
[WARNING] CANNOT check when another player has raised
[preflop] player The Joker_2_3 folds
[preflop] player GiHe_2_4 folds
[preflop] player were_2_5 calls. Total bet is 40
[preflop] player yyyyyr_2_6 calls. Total bet is 40
[preflop] player ssw_2_7 folds
[preflop] player Mars_2_0 calls. Total bet is 40
[preflop] player Gaotaku_2_2 folds
[flop] 10 heart
[flop] 5 club
[flop] 4 heart
[flop] round starts
[flop] player Mars_2_0 has 3151 chips
[flop] player Gaotaku_2_2 has 2937 chips
[flop] player The Joker_2_3 has 3037 chips
[flop] player GiHe_2_4 has 3074 chips
[flop] player were_2_5 has 5844 chips
[flop] player yyyyyr_2_6 has 2866 chips
[flop] player ssw_2_7 has 2931 chips
[flop] player Mars_2_0 checks
[flop] player were_2_5 folds
[flop] player yyyyyr_2_6 checks
[flop] round ends
[turn] Q diamond
[turn] round starts
[turn] player Mars_2_0 has 3151 chips
[turn] player Gaotaku_2_2 has 2937 chips
[turn] player The Joker_2_3 has 3037 chips
[turn] player GiHe_2_4 has 3074 chips
[turn] player were_2_5 has 5844 chips
[turn] player yyyyyr_2_6 has 2866 chips
[turn] player ssw_2_7 has 2931 chips
[turn] player Mars_2_0 checks
[turn] player yyyyyr_2_6 checks
[turn] round ends
[river] K diamond
[river] round starts
[river] player Mars_2_0 has 3151 chips
[river] player Gaotaku_2_2 has 2937 chips
[river] player The Joker_2_3 has 3037 chips
[river] player GiHe_2_4 has 3074 chips
[river] player were_2_5 has 5844 chips
[river] player yyyyyr_2_6 has 2866 chips
[river] player ssw_2_7 has 2931 chips
[river] player Mars_2_0 checks
[river] player yyyyyr_2_6 checks
[river] round ends
[SHOWDOWN] showdown starts
[SHOWDOWN] player Mars_2_0 shows K club K diamond K spade Q diamond 10 heart, which is three of a kind.
[SHOWDOWN] player yyyyyr_2_6 shows 8 club 8 spade 10 heart Q diamond K diamond, which is one pair.
[GAME STAT] pot 0 with 160 chips is shared by 1 players
[GAME STAT] player Mars_2_0 gets 160 chips from pot 0
[GAME STAT] overall statistics
[GAME STAT] player Mars_2_0 wins 120 chips in this game
[GAME STAT] player Gaotaku_2_2 wins -40 chips in this game
[GAME STAT] player The Joker_2_3 wins 0 chips in this game
[GAME STAT] player GiHe_2_4 wins 0 chips in this game
[GAME STAT] player were_2_5 wins -40 chips in this game
[GAME STAT] player yyyyyr_2_6 wins -40 chips in this game
[GAME STAT] player ssw_2_7 wins 0 chips in this game
[GAME 15] game ends, invoking player.game_end()
[GAME 16] game starts
[GAME INFO] number of participants in this game = 7
[GAME INFO] participant: Mars_2_0, chip = 3311
[GAME INFO] participant: Gaotaku_2_2, chip = 2937
[GAME INFO] participant: The Joker_2_3, chip = 3037
[GAME INFO] participant: GiHe_2_4, chip = 3074
[GAME INFO] participant: were_2_5, chip = 5844
[GAME INFO] participant: yyyyyr_2_6, chip = 2866
[GAME INFO] participant: ssw_2_7, chip = 2931
[GAME INFO] blind is 50
[GAME INFO] dealer is Mars_2_0
[GAME INFO] small blind 50 posted by Gaotaku_2_2
[GAME INFO] big blind 100 posted by The Joker_2_3
[hole card] 10 club
[hole card] 3 diamond
[preflop] round starts
[preflop] player Mars_2_0 has 3311 chips
[preflop] player Gaotaku_2_2 has 2887 chips
[preflop] player The Joker_2_3 has 2937 chips
[preflop] player GiHe_2_4 has 3074 chips
[preflop] player were_2_5 has 5844 chips
[preflop] player yyyyyr_2_6 has 2866 chips
[preflop] player ssw_2_7 has 2931 chips
[preflop] player GiHe_2_4 folds
[preflop] player were_2_5 calls. Total bet is 100
[preflop] player yyyyyr_2_6 folds
[preflop] player ssw_2_7 folds
[preflop] player Mars_2_0 calls. Total bet is 100
[preflop] player Gaotaku_2_2 folds
[preflop] action
[preflop] call (0 chips). 
[preflop] player The Joker_2_3 calls. Total bet is 100
[flop] 9 heart
[flop] 8 club
[flop] Q spade
[flop] round starts
[flop] player Mars_2_0 has 3211 chips
[flop] player Gaotaku_2_2 has 2887 chips
[flop] player The Joker_2_3 has 2937 chips
[flop] player GiHe_2_4 has 3074 chips
[flop] player were_2_5 has 5744 chips
[flop] player yyyyyr_2_6 has 2866 chips
[flop] player ssw_2_7 has 2931 chips
[flop] action
[flop] check
[flop] player The Joker_2_3 checks
[flop] player were_2_5 folds
[flop] player Mars_2_0 checks
[flop] round ends
[turn] K diamond
[turn] round starts
[turn] player Mars_2_0 has 3211 chips
[turn] player Gaotaku_2_2 has 2887 chips
[turn] player The Joker_2_3 has 2937 chips
[turn] player GiHe_2_4 has 3074 chips
[turn] player were_2_5 has 5744 chips
[turn] player yyyyyr_2_6 has 2866 chips
[turn] player ssw_2_7 has 2931 chips
[turn] action
[turn] check
[turn] player The Joker_2_3 checks
[turn] player Mars_2_0 checks
[turn] round ends
[river] 6 spade
[river] round starts
[river] player Mars_2_0 has 3211 chips
[river] player Gaotaku_2_2 has 2887 chips
[river] player The Joker_2_3 has 2937 chips
[river] player GiHe_2_4 has 3074 chips
[river] player were_2_5 has 5744 chips
[river] player yyyyyr_2_6 has 2866 chips
[river] player ssw_2_7 has 2931 chips
[river] action
[river] check
[river] player The Joker_2_3 checks
[river] player Mars_2_0 checks
[river] round ends
[SHOWDOWN] showdown starts
[SHOWDOWN] showdown
[SHOWDOWN] 9 heart 8 club Q spade K diamond 10 club
[SHOWDOWN] player Mars_2_0 shows 9 heart J diamond K diamond K spade Q spade, which is one pair.
[SHOWDOWN] player The Joker_2_3 shows 9 heart 8 club Q spade K diamond 10 club, which is high card.
[GAME STAT] pot 0 with 200 chips is shared by 1 players
[GAME STAT] player Mars_2_0 gets 200 chips from pot 0
[GAME STAT] pot 1 with 150 chips is shared by 1 players
[GAME STAT] player Mars_2_0 gets 150 chips from pot 1
[GAME STAT] overall statistics
[GAME STAT] player Mars_2_0 wins 250 chips in this game
[GAME STAT] player Gaotaku_2_2 wins -50 chips in this game
[GAME STAT] player The Joker_2_3 wins -100 chips in this game
[GAME STAT] player GiHe_2_4 wins 0 chips in this game
[GAME STAT] player were_2_5 wins -100 chips in this game
[GAME STAT] player yyyyyr_2_6 wins 0 chips in this game
[GAME STAT] player ssw_2_7 wins 0 chips in this game
[GAME 16] game ends, invoking player.game_end()
[GAME 17] game starts
[GAME INFO] number of participants in this game = 7
[GAME INFO] participant: Mars_2_0, chip = 3561
[GAME INFO] participant: Gaotaku_2_2, chip = 2887
[GAME INFO] participant: The Joker_2_3, chip = 2937
[GAME INFO] participant: GiHe_2_4, chip = 3074
[GAME INFO] participant: were_2_5, chip = 5744
[GAME INFO] participant: yyyyyr_2_6, chip = 2866
[GAME INFO] participant: ssw_2_7, chip = 2931
[GAME INFO] blind is 50
[GAME INFO] dealer is Gaotaku_2_2
[GAME INFO] small blind 50 posted by The Joker_2_3
[GAME INFO] big blind 100 posted by GiHe_2_4
[hole card] A heart
[hole card] 9 diamond
[preflop] round starts
[preflop] player Mars_2_0 has 3561 chips
[preflop] player Gaotaku_2_2 has 2887 chips
[preflop] player The Joker_2_3 has 2887 chips
[preflop] player GiHe_2_4 has 2974 chips
[preflop] player were_2_5 has 5744 chips
[preflop] player yyyyyr_2_6 has 2866 chips
[preflop] player ssw_2_7 has 2931 chips
[preflop] player were_2_5 calls. Total bet is 100
[preflop] player yyyyyr_2_6 calls. Total bet is 100
[preflop] player ssw_2_7 folds
[preflop] player Mars_2_0 calls. Total bet is 100
[preflop] player Gaotaku_2_2 folds
[preflop] action
[preflop] call (50 chips). 
[preflop] player The Joker_2_3 calls. Total bet is 100
[preflop] player GiHe_2_4 calls. Total bet is 100
[flop] J spade
[flop] 4 club
[flop] Q club
[flop] round starts
[flop] player Mars_2_0 has 3461 chips
[flop] player Gaotaku_2_2 has 2887 chips
[flop] player The Joker_2_3 has 2837 chips
[flop] player GiHe_2_4 has 2974 chips
[flop] player were_2_5 has 5644 chips
[flop] player yyyyyr_2_6 has 2766 chips
[flop] player ssw_2_7 has 2931 chips
[flop] action
[flop] check
[flop] player The Joker_2_3 checks
[flop] player GiHe_2_4 checks
[flop] player were_2_5 folds
[flop] player yyyyyr_2_6 checks
[flop] player Mars_2_0 checks
[flop] round ends
[turn] 3 club
[turn] round starts
[turn] player Mars_2_0 has 3461 chips
[turn] player Gaotaku_2_2 has 2887 chips
[turn] player The Joker_2_3 has 2837 chips
[turn] player GiHe_2_4 has 2974 chips
[turn] player were_2_5 has 5644 chips
[turn] player yyyyyr_2_6 has 2766 chips
[turn] player ssw_2_7 has 2931 chips
[turn] action
[turn] check
[turn] player The Joker_2_3 checks
[turn] player GiHe_2_4 checks
[turn] player yyyyyr_2_6 checks
[turn] player Mars_2_0 checks
[turn] round ends
[river] 5 club
[river] round starts
[river] player Mars_2_0 has 3461 chips
[river] player Gaotaku_2_2 has 2887 chips
[river] player The Joker_2_3 has 2837 chips
[river] player GiHe_2_4 has 2974 chips
[river] player were_2_5 has 5644 chips
[river] player yyyyyr_2_6 has 2766 chips
[river] player ssw_2_7 has 2931 chips
[river] action
[river] check
[river] player The Joker_2_3 checks
[river] player GiHe_2_4 checks
[river] player yyyyyr_2_6 checks
[river] player Mars_2_0 checks
[river] round ends
[SHOWDOWN] showdown starts
[SHOWDOWN] showdown
[SHOWDOWN] J spade Q club 5 club A heart 9 diamond
[SHOWDOWN] player yyyyyr_2_6 shows 8 heart J heart J spade Q club 5 club, which is one pair.
[SHOWDOWN] player GiHe_2_4 shows 6 heart 3 heart J spade Q club 3 club, which is one pair.
[SHOWDOWN] player The Joker_2_3 shows J spade Q club 5 club A heart 9 diamond, which is high card.
[SHOWDOWN] player Mars_2_0 shows 2 spade 3 club 4 club 5 club A diamond, which is high card.
[GAME STAT] pot 0 with 500 chips is shared by 1 players
[GAME STAT] player yyyyyr_2_6 gets 500 chips from pot 0
[GAME STAT] overall statistics
[GAME STAT] player Mars_2_0 wins -100 chips in this game
[GAME STAT] player Gaotaku_2_2 wins 0 chips in this game
[GAME STAT] player The Joker_2_3 wins -100 chips in this game
[GAME STAT] player GiHe_2_4 wins -100 chips in this game
[GAME STAT] player were_2_5 wins -100 chips in this game
[GAME STAT] player yyyyyr_2_6 wins 400 chips in this game
[GAME STAT] player ssw_2_7 wins 0 chips in this game
[GAME 17] game ends, invoking player.game_end()
[GAME 18] game starts
[GAME INFO] number of participants in this game = 7
[GAME INFO] participant: Mars_2_0, chip = 3461
[GAME INFO] participant: Gaotaku_2_2, chip = 2887
[GAME INFO] participant: The Joker_2_3, chip = 2837
[GAME INFO] participant: GiHe_2_4, chip = 2974
[GAME INFO] participant: were_2_5, chip = 5644
[GAME INFO] participant: yyyyyr_2_6, chip = 3266
[GAME INFO] participant: ssw_2_7, chip = 2931
[GAME INFO] blind is 50
[GAME INFO] dealer is The Joker_2_3
[GAME INFO] small blind 50 posted by GiHe_2_4
[GAME INFO] big blind 100 posted by were_2_5
[hole card] 6 diamond
[hole card] J diamond
[preflop] round starts
[preflop] player Mars_2_0 has 3461 chips
[preflop] player Gaotaku_2_2 has 2887 chips
[preflop] player The Joker_2_3 has 2837 chips
[preflop] player GiHe_2_4 has 2924 chips
[preflop] player were_2_5 has 5544 chips
[preflop] player yyyyyr_2_6 has 3266 chips
[preflop] player ssw_2_7 has 2931 chips
[preflop] player yyyyyr_2_6 folds
[preflop] player ssw_2_7 folds
[preflop] player Mars_2_0 calls. Total bet is 100
[preflop] player Gaotaku_2_2 folds
[preflop] action
[preflop] call (100 chips). 
[preflop] player The Joker_2_3 calls. Total bet is 100
[preflop] player GiHe_2_4 calls. Total bet is 100
[preflop] player were_2_5 calls. Total bet is 100
[flop] 5 heart
[flop] 3 heart
[flop] 8 spade
[flop] round starts
[flop] player Mars_2_0 has 3361 chips
[flop] player Gaotaku_2_2 has 2887 chips
[flop] player The Joker_2_3 has 2737 chips
[flop] player GiHe_2_4 has 2874 chips
[flop] player were_2_5 has 5544 chips
[flop] player yyyyyr_2_6 has 3266 chips
[flop] player ssw_2_7 has 2931 chips
[flop] player GiHe_2_4 checks
[flop] player were_2_5 checks
[flop] player Mars_2_0 checks
[flop] action
[flop] check
[flop] player The Joker_2_3 checks
[flop] round ends
[turn] 3 club
[turn] round starts
[turn] player Mars_2_0 has 3361 chips
[turn] player Gaotaku_2_2 has 2887 chips
[turn] player The Joker_2_3 has 2737 chips
[turn] player GiHe_2_4 has 2874 chips
[turn] player were_2_5 has 5544 chips
[turn] player yyyyyr_2_6 has 3266 chips
[turn] player ssw_2_7 has 2931 chips
[turn] player GiHe_2_4 checks
[turn] player were_2_5 checks
[turn] player Mars_2_0 checks
[turn] action
[turn] check
[turn] player The Joker_2_3 checks
[turn] round ends
[river] 10 club
[river] round starts
[river] player Mars_2_0 has 3361 chips
[river] player Gaotaku_2_2 has 2887 chips
[river] player The Joker_2_3 has 2737 chips
[river] player GiHe_2_4 has 2874 chips
[river] player were_2_5 has 5544 chips
[river] player yyyyyr_2_6 has 3266 chips
[river] player ssw_2_7 has 2931 chips
[river] player GiHe_2_4 checks
[river] player were_2_5 checks
[river] player Mars_2_0 checks
[river] action
[river] check
[river] player The Joker_2_3 checks
[river] round ends
[SHOWDOWN] showdown starts
[SHOWDOWN] showdown
[SHOWDOWN] 3 heart 8 spade 3 club 10 club J diamond
[SHOWDOWN] player Mars_2_0 shows 3 club 3 heart 5 club 5 heart K diamond, which is two pair.
[SHOWDOWN] player were_2_5 shows 9 club 8 diamond 8 spade 3 club 10 club, which is one pair.
[SHOWDOWN] player GiHe_2_4 shows 9 diamond A diamond 3 heart 3 club 10 club, which is one pair.
[SHOWDOWN] player The Joker_2_3 shows 3 heart 8 spade 3 club 10 club J diamond, which is one pair.
[GAME STAT] pot 0 with 400 chips is shared by 1 players
[GAME STAT] player Mars_2_0 gets 400 chips from pot 0
[GAME STAT] overall statistics
[GAME STAT] player Mars_2_0 wins 300 chips in this game
[GAME STAT] player Gaotaku_2_2 wins 0 chips in this game
[GAME STAT] player The Joker_2_3 wins -100 chips in this game
[GAME STAT] player GiHe_2_4 wins -100 chips in this game
[GAME STAT] player were_2_5 wins -100 chips in this game
[GAME STAT] player yyyyyr_2_6 wins 0 chips in this game
[GAME STAT] player ssw_2_7 wins 0 chips in this game
[GAME 18] game ends, invoking player.game_end()
[GAME 19] game starts
[GAME INFO] number of participants in this game = 7
[GAME INFO] participant: Mars_2_0, chip = 3761
[GAME INFO] participant: Gaotaku_2_2, chip = 2887
[GAME INFO] participant: The Joker_2_3, chip = 2737
[GAME INFO] participant: GiHe_2_4, chip = 2874
[GAME INFO] participant: were_2_5, chip = 5544
[GAME INFO] participant: yyyyyr_2_6, chip = 3266
[GAME INFO] participant: ssw_2_7, chip = 2931
[GAME INFO] blind is 100
[GAME INFO] dealer is GiHe_2_4
[GAME INFO] small blind 100 posted by were_2_5
[GAME INFO] big blind 200 posted by yyyyyr_2_6
[hole card] 5 diamond
[hole card] 2 heart
[preflop] round starts
[preflop] player Mars_2_0 has 3761 chips
[preflop] player Gaotaku_2_2 has 2887 chips
[preflop] player The Joker_2_3 has 2737 chips
[preflop] player GiHe_2_4 has 2874 chips
[preflop] player were_2_5 has 5444 chips
[preflop] player yyyyyr_2_6 has 3066 chips
[preflop] player ssw_2_7 has 2931 chips
[preflop] player ssw_2_7 folds
[preflop] player Mars_2_0 calls. Total bet is 200
[preflop] player Gaotaku_2_2 folds
[preflop] action
[WARNING] CANNOT check when another player has raised
[preflop] player The Joker_2_3 folds
[preflop] player GiHe_2_4 calls. Total bet is 200
[preflop] player were_2_5 calls. Total bet is 200
[preflop] player yyyyyr_2_6 folds
[flop] A diamond
[flop] 8 spade
[flop] 10 spade
[flop] round starts
[flop] player Mars_2_0 has 3561 chips
[flop] player Gaotaku_2_2 has 2887 chips
[flop] player The Joker_2_3 has 2737 chips
[flop] player GiHe_2_4 has 2674 chips
[flop] player were_2_5 has 5344 chips
[flop] player yyyyyr_2_6 has 3066 chips
[flop] player ssw_2_7 has 2931 chips
[flop] player were_2_5 checks
[flop] player Mars_2_0 checks
[flop] player GiHe_2_4 checks
[flop] round ends
[turn] A club
[turn] round starts
[turn] player Mars_2_0 has 3561 chips
[turn] player Gaotaku_2_2 has 2887 chips
[turn] player The Joker_2_3 has 2737 chips
[turn] player GiHe_2_4 has 2674 chips
[turn] player were_2_5 has 5344 chips
[turn] player yyyyyr_2_6 has 3066 chips
[turn] player ssw_2_7 has 2931 chips
[turn] player were_2_5 checks
[turn] player Mars_2_0 checks
[turn] player GiHe_2_4 checks
[turn] round ends
[river] 4 club
[river] round starts
[river] player Mars_2_0 has 3561 chips
[river] player Gaotaku_2_2 has 2887 chips
[river] player The Joker_2_3 has 2737 chips
[river] player GiHe_2_4 has 2674 chips
[river] player were_2_5 has 5344 chips
[river] player yyyyyr_2_6 has 3066 chips
[river] player ssw_2_7 has 2931 chips
[river] player were_2_5 checks
[river] player Mars_2_0 checks
[river] player GiHe_2_4 checks
[river] round ends
[SHOWDOWN] showdown starts
[SHOWDOWN] player GiHe_2_4 shows K diamond Q diamond A diamond 10 spade A club, which is one pair.
[SHOWDOWN] player Mars_2_0 shows 9 spade A club A diamond K club 10 spade, which is one pair.
[SHOWDOWN] player were_2_5 shows Q club 7 diamond A diamond A club 4 club, which is one pair.
[GAME STAT] pot 0 with 800 chips is shared by 1 players
[GAME STAT] player GiHe_2_4 gets 800 chips from pot 0
[GAME STAT] overall statistics
[GAME STAT] player Mars_2_0 wins -200 chips in this game
[GAME STAT] player Gaotaku_2_2 wins 0 chips in this game
[GAME STAT] player The Joker_2_3 wins 0 chips in this game
[GAME STAT] player GiHe_2_4 wins 600 chips in this game
[GAME STAT] player were_2_5 wins -200 chips in this game
[GAME STAT] player yyyyyr_2_6 wins -200 chips in this game
[GAME STAT] player ssw_2_7 wins 0 chips in this game
[GAME 19] game ends, invoking player.game_end()
[GAME 20] game starts
[GAME INFO] number of participants in this game = 7
[GAME INFO] participant: Mars_2_0, chip = 3561
[GAME INFO] participant: Gaotaku_2_2, chip = 2887
[GAME INFO] participant: The Joker_2_3, chip = 2737
[GAME INFO] participant: GiHe_2_4, chip = 3474
[GAME INFO] participant: were_2_5, chip = 5344
[GAME INFO] participant: yyyyyr_2_6, chip = 3066
[GAME INFO] participant: ssw_2_7, chip = 2931
[GAME INFO] blind is 100
[GAME INFO] dealer is were_2_5
[GAME INFO] small blind 100 posted by yyyyyr_2_6
[GAME INFO] big blind 200 posted by ssw_2_7
[hole card] 3 spade
[hole card] K club
[preflop] round starts
[preflop] player Mars_2_0 has 3561 chips
[preflop] player Gaotaku_2_2 has 2887 chips
[preflop] player The Joker_2_3 has 2737 chips
[preflop] player GiHe_2_4 has 3474 chips
[preflop] player were_2_5 has 5344 chips
[preflop] player yyyyyr_2_6 has 2966 chips
[preflop] player ssw_2_7 has 2731 chips
[preflop] player Mars_2_0 calls. Total bet is 200
[preflop] player Gaotaku_2_2 folds
[preflop] action
[WARNING] CANNOT check when another player has raised
[preflop] player The Joker_2_3 folds
[preflop] player GiHe_2_4 folds
[preflop] player were_2_5 calls. Total bet is 200
[preflop] player yyyyyr_2_6 folds
[preflop] player ssw_2_7 folds
[flop] 10 club
[flop] 10 diamond
[flop] 6 heart
[flop] round starts
[flop] player Mars_2_0 has 3361 chips
[flop] player Gaotaku_2_2 has 2887 chips
[flop] player The Joker_2_3 has 2737 chips
[flop] player GiHe_2_4 has 3474 chips
[flop] player were_2_5 has 5144 chips
[flop] player yyyyyr_2_6 has 2966 chips
[flop] player ssw_2_7 has 2731 chips
[flop] player Mars_2_0 checks
[flop] player were_2_5 checks
[flop] round ends
[turn] J club
[turn] round starts
[turn] player Mars_2_0 has 3361 chips
[turn] player Gaotaku_2_2 has 2887 chips
[turn] player The Joker_2_3 has 2737 chips
[turn] player GiHe_2_4 has 3474 chips
[turn] player were_2_5 has 5144 chips
[turn] player yyyyyr_2_6 has 2966 chips
[turn] player ssw_2_7 has 2731 chips
[turn] player Mars_2_0 checks
[turn] player were_2_5 checks
[turn] round ends
[river] 5 club
[river] round starts
[river] player Mars_2_0 has 3361 chips
[river] player Gaotaku_2_2 has 2887 chips
[river] player The Joker_2_3 has 2737 chips
[river] player GiHe_2_4 has 3474 chips
[river] player were_2_5 has 5144 chips
[river] player yyyyyr_2_6 has 2966 chips
[river] player ssw_2_7 has 2731 chips
[river] player Mars_2_0 checks
[river] player were_2_5 checks
[river] round ends
[SHOWDOWN] showdown starts
[SHOWDOWN] player Mars_2_0 shows 6 club 6 heart K spade 10 club 10 diamond, which is two pair.
[SHOWDOWN] player were_2_5 shows 10 club 10 diamond 6 heart J club 5 club, which is one pair.
[GAME STAT] pot 0 with 400 chips is shared by 1 players
[GAME STAT] player Mars_2_0 gets 400 chips from pot 0
[GAME STAT] pot 1 with 300 chips is shared by 1 players
[GAME STAT] player Mars_2_0 gets 300 chips from pot 1
[GAME STAT] overall statistics
[GAME STAT] player Mars_2_0 wins 500 chips in this game
[GAME STAT] player Gaotaku_2_2 wins 0 chips in this game
[GAME STAT] player The Joker_2_3 wins 0 chips in this game
[GAME STAT] player GiHe_2_4 wins 0 chips in this game
[GAME STAT] player were_2_5 wins -200 chips in this game
[GAME STAT] player yyyyyr_2_6 wins -100 chips in this game
[GAME STAT] player ssw_2_7 wins -200 chips in this game
[GAME 20] game ends, invoking player.game_end()
[GAME 21] game starts
[GAME INFO] number of participants in this game = 7
[GAME INFO] participant: Mars_2_0, chip = 4061
[GAME INFO] participant: Gaotaku_2_2, chip = 2887
[GAME INFO] participant: The Joker_2_3, chip = 2737
[GAME INFO] participant: GiHe_2_4, chip = 3474
[GAME INFO] participant: were_2_5, chip = 5144
[GAME INFO] participant: yyyyyr_2_6, chip = 2966
[GAME INFO] participant: ssw_2_7, chip = 2731
[GAME INFO] blind is 100
[GAME INFO] dealer is yyyyyr_2_6
[GAME INFO] small blind 100 posted by ssw_2_7
[GAME INFO] big blind 200 posted by Mars_2_0
[hole card] 9 club
[hole card] J club
[preflop] round starts
[preflop] player Mars_2_0 has 3861 chips
[preflop] player Gaotaku_2_2 has 2887 chips
[preflop] player The Joker_2_3 has 2737 chips
[preflop] player GiHe_2_4 has 3474 chips
[preflop] player were_2_5 has 5144 chips
[preflop] player yyyyyr_2_6 has 2966 chips
[preflop] player ssw_2_7 has 2631 chips
[preflop] player Gaotaku_2_2 calls. Total bet is 200
[preflop] action
[preflop] call (200 chips). 
[preflop] player The Joker_2_3 calls. Total bet is 200
[preflop] player GiHe_2_4 folds
[preflop] player were_2_5 calls. Total bet is 200
[preflop] player yyyyyr_2_6 folds
[preflop] player ssw_2_7 folds
[preflop] player Mars_2_0 calls. Total bet is 200
[flop] Q heart
[flop] 3 diamond
[flop] 8 spade
[flop] round starts
[flop] player Mars_2_0 has 3861 chips
[flop] player Gaotaku_2_2 has 2687 chips
[flop] player The Joker_2_3 has 2537 chips
[flop] player GiHe_2_4 has 3474 chips
[flop] player were_2_5 has 4944 chips
[flop] player yyyyyr_2_6 has 2966 chips
[flop] player ssw_2_7 has 2631 chips
[flop] player Mars_2_0 checks
[flop] player Gaotaku_2_2 folds
[flop] action
[flop] check
[flop] player The Joker_2_3 checks
[flop] player were_2_5 folds
[flop] round ends
[turn] 3 spade
[turn] round starts
[turn] player Mars_2_0 has 3861 chips
[turn] player Gaotaku_2_2 has 2687 chips
[turn] player The Joker_2_3 has 2537 chips
[turn] player GiHe_2_4 has 3474 chips
[turn] player were_2_5 has 4944 chips
[turn] player yyyyyr_2_6 has 2966 chips
[turn] player ssw_2_7 has 2631 chips
[turn] player Mars_2_0 checks
[turn] action
[turn] check
[turn] player The Joker_2_3 checks
[turn] round ends
[river] 7 diamond
[river] round starts
[river] player Mars_2_0 has 3861 chips
[river] player Gaotaku_2_2 has 2687 chips
[river] player The Joker_2_3 has 2537 chips
[river] player GiHe_2_4 has 3474 chips
[river] player were_2_5 has 4944 chips
[river] player yyyyyr_2_6 has 2966 chips
[river] player ssw_2_7 has 2631 chips
[river] player Mars_2_0 checks
[river] action
[river] check
[river] player The Joker_2_3 checks
[river] round ends
[SHOWDOWN] showdown starts
[SHOWDOWN] showdown
[SHOWDOWN] Q heart 3 diamond 3 spade 9 club J club
[SHOWDOWN] player Mars_2_0 shows 3 diamond 3 spade 8 diamond 8 spade Q heart, which is two pair.
[SHOWDOWN] player The Joker_2_3 shows Q heart 3 diamond 3 spade 9 club J club, which is one pair.
[GAME STAT] pot 0 with 500 chips is shared by 1 players
[GAME STAT] player Mars_2_0 gets 500 chips from pot 0
[GAME STAT] pot 1 with 400 chips is shared by 1 players
[GAME STAT] player Mars_2_0 gets 400 chips from pot 1
[GAME STAT] overall statistics
[GAME STAT] player Mars_2_0 wins 700 chips in this game
[GAME STAT] player Gaotaku_2_2 wins -200 chips in this game
[GAME STAT] player The Joker_2_3 wins -200 chips in this game
[GAME STAT] player GiHe_2_4 wins 0 chips in this game
[GAME STAT] player were_2_5 wins -200 chips in this game
[GAME STAT] player yyyyyr_2_6 wins 0 chips in this game
[GAME STAT] player ssw_2_7 wins -100 chips in this game
[GAME 21] game ends, invoking player.game_end()
[GAME 22] game starts
[GAME INFO] number of participants in this game = 7
[GAME INFO] participant: Mars_2_0, chip = 4761
[GAME INFO] participant: Gaotaku_2_2, chip = 2687
[GAME INFO] participant: The Joker_2_3, chip = 2537
[GAME INFO] participant: GiHe_2_4, chip = 3474
[GAME INFO] participant: were_2_5, chip = 4944
[GAME INFO] participant: yyyyyr_2_6, chip = 2966
[GAME INFO] participant: ssw_2_7, chip = 2631
[GAME INFO] blind is 200
[GAME INFO] dealer is ssw_2_7
[GAME INFO] small blind 200 posted by Mars_2_0
[GAME INFO] big blind 400 posted by Gaotaku_2_2
[hole card] 10 club
[hole card] Q spade
[preflop] round starts
[preflop] player Mars_2_0 has 4561 chips
[preflop] player Gaotaku_2_2 has 2287 chips
[preflop] player The Joker_2_3 has 2537 chips
[preflop] player GiHe_2_4 has 3474 chips
[preflop] player were_2_5 has 4944 chips
[preflop] player yyyyyr_2_6 has 2966 chips
[preflop] player ssw_2_7 has 2631 chips
[preflop] action
[preflop] call (400 chips). 
[preflop] player The Joker_2_3 calls. Total bet is 400
[preflop] player GiHe_2_4 folds
[preflop] player were_2_5 calls. Total bet is 400
[preflop] player yyyyyr_2_6 calls. Total bet is 400
[preflop] player ssw_2_7 folds
[preflop] player Mars_2_0 folds
[preflop] player Gaotaku_2_2 folds
[flop] 6 club
[flop] 3 diamond
[flop] J diamond
[flop] round starts
[flop] player Mars_2_0 has 4561 chips
[flop] player Gaotaku_2_2 has 2287 chips
[flop] player The Joker_2_3 has 2137 chips
[flop] player GiHe_2_4 has 3474 chips
[flop] player were_2_5 has 4544 chips
[flop] player yyyyyr_2_6 has 2566 chips
[flop] player ssw_2_7 has 2631 chips
[flop] action
[flop] check
[flop] player The Joker_2_3 checks
[flop] player were_2_5 folds
[flop] player yyyyyr_2_6 checks
[flop] round ends
[turn] Q club
[turn] round starts
[turn] player Mars_2_0 has 4561 chips
[turn] player Gaotaku_2_2 has 2287 chips
[turn] player The Joker_2_3 has 2137 chips
[turn] player GiHe_2_4 has 3474 chips
[turn] player were_2_5 has 4544 chips
[turn] player yyyyyr_2_6 has 2566 chips
[turn] player ssw_2_7 has 2631 chips
[turn] action
[turn] raise 681 (681 chips).
[turn] player The Joker_2_3 raises 681. Total bet is 681
[turn] player yyyyyr_2_6 folds
[GAME STAT] pot 0 with 1000 chips is shared by 1 players
[GAME STAT] player The Joker_2_3 gets 1000 chips from pot 0
[GAME STAT] pot 1 with 800 chips is shared by 1 players
[GAME STAT] player The Joker_2_3 gets 800 chips from pot 1
[GAME STAT] pot 2 with 681 chips is shared by 1 players
[GAME STAT] player The Joker_2_3 gets 681 chips from pot 2
[GAME STAT] overall statistics
[GAME STAT] player Mars_2_0 wins -200 chips in this game
[GAME STAT] player Gaotaku_2_2 wins -400 chips in this game
[GAME STAT] player The Joker_2_3 wins 1400 chips in this game
[GAME STAT] player GiHe_2_4 wins 0 chips in this game
[GAME STAT] player were_2_5 wins -400 chips in this game
[GAME STAT] player yyyyyr_2_6 wins -400 chips in this game
[GAME STAT] player ssw_2_7 wins 0 chips in this game
[GAME 22] game ends, invoking player.game_end()
[GAME 23] game starts
[GAME INFO] number of participants in this game = 7
[GAME INFO] participant: Mars_2_0, chip = 4561
[GAME INFO] participant: Gaotaku_2_2, chip = 2287
[GAME INFO] participant: The Joker_2_3, chip = 3937
[GAME INFO] participant: GiHe_2_4, chip = 3474
[GAME INFO] participant: were_2_5, chip = 4544
[GAME INFO] participant: yyyyyr_2_6, chip = 2566
[GAME INFO] participant: ssw_2_7, chip = 2631
[GAME INFO] blind is 200
[GAME INFO] dealer is Mars_2_0
[GAME INFO] small blind 200 posted by Gaotaku_2_2
[GAME INFO] big blind 400 posted by The Joker_2_3
[hole card] 8 spade
[hole card] 4 diamond
[preflop] round starts
[preflop] player Mars_2_0 has 4561 chips
[preflop] player Gaotaku_2_2 has 2087 chips
[preflop] player The Joker_2_3 has 3537 chips
[preflop] player GiHe_2_4 has 3474 chips
[preflop] player were_2_5 has 4544 chips
[preflop] player yyyyyr_2_6 has 2566 chips
[preflop] player ssw_2_7 has 2631 chips
[preflop] player GiHe_2_4 folds
[preflop] player were_2_5 calls. Total bet is 400
[preflop] player yyyyyr_2_6 calls. Total bet is 400
[preflop] player ssw_2_7 folds
[preflop] player Mars_2_0 folds
[preflop] player Gaotaku_2_2 folds
[preflop] action
[preflop] call (0 chips). 
[preflop] player The Joker_2_3 calls. Total bet is 400
[flop] 5 club
[flop] 5 spade
[flop] 9 heart
[flop] round starts
[flop] player Mars_2_0 has 4561 chips
[flop] player Gaotaku_2_2 has 2087 chips
[flop] player The Joker_2_3 has 3537 chips
[flop] player GiHe_2_4 has 3474 chips
[flop] player were_2_5 has 4144 chips
[flop] player yyyyyr_2_6 has 2166 chips
[flop] player ssw_2_7 has 2631 chips
[flop] action
[flop] check
[flop] player The Joker_2_3 checks
[flop] player were_2_5 checks
[flop] player yyyyyr_2_6 checks
[flop] round ends
[turn] 9 diamond
[turn] round starts
[turn] player Mars_2_0 has 4561 chips
[turn] player Gaotaku_2_2 has 2087 chips
[turn] player The Joker_2_3 has 3537 chips
[turn] player GiHe_2_4 has 3474 chips
[turn] player were_2_5 has 4144 chips
[turn] player yyyyyr_2_6 has 2166 chips
[turn] player ssw_2_7 has 2631 chips
[turn] action
[turn] check
[turn] player The Joker_2_3 checks
[turn] player were_2_5 checks
[turn] player yyyyyr_2_6 checks
[turn] round ends
[river] A heart
[river] round starts
[river] player Mars_2_0 has 4561 chips
[river] player Gaotaku_2_2 has 2087 chips
[river] player The Joker_2_3 has 3537 chips
[river] player GiHe_2_4 has 3474 chips
[river] player were_2_5 has 4144 chips
[river] player yyyyyr_2_6 has 2166 chips
[river] player ssw_2_7 has 2631 chips
[river] action
[river] check
[river] player The Joker_2_3 checks
[river] player were_2_5 goes all in (4144 chips). Total bet is 4144
[river] player yyyyyr_2_6 folds
[river] action
[WARNING] CANNOT check when another player has raised
[river] player The Joker_2_3 folds
[GAME STAT] pot 0 with 800 chips is shared by 1 players
[GAME STAT] player were_2_5 gets 800 chips from pot 0
[GAME STAT] pot 1 with 600 chips is shared by 1 players
[GAME STAT] player were_2_5 gets 600 chips from pot 1
[GAME STAT] pot 2 with 4144 chips is shared by 1 players
[GAME STAT] player were_2_5 gets 4144 chips from pot 2
[GAME STAT] overall statistics
[GAME STAT] player Mars_2_0 wins 0 chips in this game
[GAME STAT] player Gaotaku_2_2 wins -200 chips in this game
[GAME STAT] player The Joker_2_3 wins -400 chips in this game
[GAME STAT] player GiHe_2_4 wins 0 chips in this game
[GAME STAT] player were_2_5 wins 1000 chips in this game
[GAME STAT] player yyyyyr_2_6 wins -400 chips in this game
[GAME STAT] player ssw_2_7 wins 0 chips in this game
[GAME 23] game ends, invoking player.game_end()
[GAME 24] game starts
[GAME INFO] number of participants in this game = 7
[GAME INFO] participant: Mars_2_0, chip = 4561
[GAME INFO] participant: Gaotaku_2_2, chip = 2087
[GAME INFO] participant: The Joker_2_3, chip = 3537
[GAME INFO] participant: GiHe_2_4, chip = 3474
[GAME INFO] participant: were_2_5, chip = 5544
[GAME INFO] participant: yyyyyr_2_6, chip = 2166
[GAME INFO] participant: ssw_2_7, chip = 2631
[GAME INFO] blind is 200
[GAME INFO] dealer is Gaotaku_2_2
[GAME INFO] small blind 200 posted by The Joker_2_3
[GAME INFO] big blind 400 posted by GiHe_2_4
[hole card] Q heart
[hole card] 2 heart
[preflop] round starts
[preflop] player Mars_2_0 has 4561 chips
[preflop] player Gaotaku_2_2 has 2087 chips
[preflop] player The Joker_2_3 has 3337 chips
[preflop] player GiHe_2_4 has 3074 chips
[preflop] player were_2_5 has 5544 chips
[preflop] player yyyyyr_2_6 has 2166 chips
[preflop] player ssw_2_7 has 2631 chips
[preflop] player were_2_5 calls. Total bet is 400
[preflop] player yyyyyr_2_6 folds
[preflop] player ssw_2_7 folds
[preflop] player Mars_2_0 calls. Total bet is 400
[preflop] player Gaotaku_2_2 folds
[preflop] action
[preflop] call (200 chips). 
[preflop] player The Joker_2_3 calls. Total bet is 400
[preflop] player GiHe_2_4 calls. Total bet is 400
[flop] 10 diamond
[flop] J club
[flop] 7 spade
[flop] round starts
[flop] player Mars_2_0 has 4161 chips
[flop] player Gaotaku_2_2 has 2087 chips
[flop] player The Joker_2_3 has 3137 chips
[flop] player GiHe_2_4 has 3074 chips
[flop] player were_2_5 has 5144 chips
[flop] player yyyyyr_2_6 has 2166 chips
[flop] player ssw_2_7 has 2631 chips
[flop] action
[flop] check
[flop] player The Joker_2_3 checks
[flop] player GiHe_2_4 checks
[flop] player were_2_5 folds
[flop] player Mars_2_0 checks
[flop] round ends
[turn] K heart
[turn] round starts
[turn] player Mars_2_0 has 4161 chips
[turn] player Gaotaku_2_2 has 2087 chips
[turn] player The Joker_2_3 has 3137 chips
[turn] player GiHe_2_4 has 3074 chips
[turn] player were_2_5 has 5144 chips
[turn] player yyyyyr_2_6 has 2166 chips
[turn] player ssw_2_7 has 2631 chips
[turn] action
[turn] check
[turn] player The Joker_2_3 checks
[turn] player GiHe_2_4 checks
[turn] player Mars_2_0 checks
[turn] round ends
[river] J heart
[river] round starts
[river] player Mars_2_0 has 4161 chips
[river] player Gaotaku_2_2 has 2087 chips
[river] player The Joker_2_3 has 3137 chips
[river] player GiHe_2_4 has 3074 chips
[river] player were_2_5 has 5144 chips
[river] player yyyyyr_2_6 has 2166 chips
[river] player ssw_2_7 has 2631 chips
[river] action
[river] check
[river] player The Joker_2_3 checks
[river] player GiHe_2_4 checks
[river] player Mars_2_0 checks
[river] round ends
[SHOWDOWN] showdown starts
[SHOWDOWN] showdown
[SHOWDOWN] 10 diamond J club K heart J heart Q heart
[SHOWDOWN] player Mars_2_0 shows J club J diamond J heart K heart 10 diamond, which is three of a kind.
[SHOWDOWN] player The Joker_2_3 shows 10 diamond J club K heart J heart Q heart, which is one pair.
[SHOWDOWN] player GiHe_2_4 shows 8 club 10 diamond J club K heart J heart, which is one pair.
[GAME STAT] pot 0 with 1600 chips is shared by 1 players
[GAME STAT] player Mars_2_0 gets 1600 chips from pot 0
[GAME STAT] overall statistics
[GAME STAT] player Mars_2_0 wins 1200 chips in this game
[GAME STAT] player Gaotaku_2_2 wins 0 chips in this game
[GAME STAT] player The Joker_2_3 wins -400 chips in this game
[GAME STAT] player GiHe_2_4 wins -400 chips in this game
[GAME STAT] player were_2_5 wins -400 chips in this game
[GAME STAT] player yyyyyr_2_6 wins 0 chips in this game
[GAME STAT] player ssw_2_7 wins 0 chips in this game
[GAME 24] game ends, invoking player.game_end()
[GAME 25] game starts
[GAME INFO] number of participants in this game = 7
[GAME INFO] participant: Mars_2_0, chip = 5761
[GAME INFO] participant: Gaotaku_2_2, chip = 2087
[GAME INFO] participant: The Joker_2_3, chip = 3137
[GAME INFO] participant: GiHe_2_4, chip = 3074
[GAME INFO] participant: were_2_5, chip = 5144
[GAME INFO] participant: yyyyyr_2_6, chip = 2166
[GAME INFO] participant: ssw_2_7, chip = 2631
[GAME INFO] blind is 500
[GAME INFO] dealer is The Joker_2_3
[GAME INFO] small blind 500 posted by GiHe_2_4
[GAME INFO] big blind 1000 posted by were_2_5
[hole card] 2 diamond
[hole card] Q club
[preflop] round starts
[preflop] player Mars_2_0 has 5761 chips
[preflop] player Gaotaku_2_2 has 2087 chips
[preflop] player The Joker_2_3 has 3137 chips
[preflop] player GiHe_2_4 has 2574 chips
[preflop] player were_2_5 has 4144 chips
[preflop] player yyyyyr_2_6 has 2166 chips
[preflop] player ssw_2_7 has 2631 chips
[preflop] player yyyyyr_2_6 calls. Total bet is 1000
[preflop] player ssw_2_7 folds
[preflop] player Mars_2_0 folds
[preflop] player Gaotaku_2_2 folds
[preflop] action
[WARNING] CANNOT check when another player has raised
[preflop] player The Joker_2_3 folds
[preflop] player GiHe_2_4 calls. Total bet is 1000
[preflop] player were_2_5 calls. Total bet is 1000
[flop] 2 heart
[flop] 3 diamond
[flop] 2 club
[flop] round starts
[flop] player Mars_2_0 has 5761 chips
[flop] player Gaotaku_2_2 has 2087 chips
[flop] player The Joker_2_3 has 3137 chips
[flop] player GiHe_2_4 has 2074 chips
[flop] player were_2_5 has 4144 chips
[flop] player yyyyyr_2_6 has 1166 chips
[flop] player ssw_2_7 has 2631 chips
[flop] player GiHe_2_4 checks
[flop] player were_2_5 checks
[flop] player yyyyyr_2_6 checks
[flop] round ends
[turn] 9 spade
[turn] round starts
[turn] player Mars_2_0 has 5761 chips
[turn] player Gaotaku_2_2 has 2087 chips
[turn] player The Joker_2_3 has 3137 chips
[turn] player GiHe_2_4 has 2074 chips
[turn] player were_2_5 has 4144 chips
[turn] player yyyyyr_2_6 has 1166 chips
[turn] player ssw_2_7 has 2631 chips
[turn] player GiHe_2_4 checks
[turn] player were_2_5 checks
[turn] player yyyyyr_2_6 checks
[turn] round ends
[river] 3 club
[river] round starts
[river] player Mars_2_0 has 5761 chips
[river] player Gaotaku_2_2 has 2087 chips
[river] player The Joker_2_3 has 3137 chips
[river] player GiHe_2_4 has 2074 chips
[river] player were_2_5 has 4144 chips
[river] player yyyyyr_2_6 has 1166 chips
[river] player ssw_2_7 has 2631 chips
[river] player GiHe_2_4 checks
[river] player were_2_5 goes all in (4144 chips). Total bet is 4144
[river] player yyyyyr_2_6 folds
[river] player GiHe_2_4 goes all in (2074 chips). Total bet is 2074
[SHOWDOWN] showdown starts
[SHOWDOWN] player were_2_5 shows J diamond J club 2 heart 3 diamond 3 club, which is two pair.
[SHOWDOWN] player GiHe_2_4 shows A spade 2 heart 3 diamond 2 club 3 club, which is two pair.
[GAME STAT] pot 0 with 3000 chips is shared by 1 players
[GAME STAT] player were_2_5 gets 3000 chips from pot 0
[GAME STAT] pot 1 with 4148 chips is shared by 1 players
[GAME STAT] player were_2_5 gets 4148 chips from pot 1
[GAME STAT] pot 2 with 2070 chips is shared by 1 players
[GAME STAT] player were_2_5 gets 2070 chips from pot 2
[GAME STAT] overall statistics
[GAME STAT] player Mars_2_0 wins 0 chips in this game
[GAME STAT] player Gaotaku_2_2 wins 0 chips in this game
[GAME STAT] player The Joker_2_3 wins 0 chips in this game
[GAME STAT] player GiHe_2_4 wins -3074 chips in this game
[GAME STAT] player were_2_5 wins 4074 chips in this game
[GAME STAT] player yyyyyr_2_6 wins -1000 chips in this game
[GAME STAT] player ssw_2_7 wins 0 chips in this game
[GAME 25] game ends, invoking player.game_end()
[GAME 26] game starts
[GAME INFO] number of participants in this game = 6
[GAME INFO] participant: Mars_2_0, chip = 5761
[GAME INFO] participant: Gaotaku_2_2, chip = 2087
[GAME INFO] participant: The Joker_2_3, chip = 3137
[GAME INFO] participant: were_2_5, chip = 9218
[GAME INFO] participant: yyyyyr_2_6, chip = 1166
[GAME INFO] participant: ssw_2_7, chip = 2631
[GAME INFO] blind is 500
[GAME INFO] dealer is were_2_5
[GAME INFO] small blind 500 posted by yyyyyr_2_6
[GAME INFO] big blind 1000 posted by ssw_2_7
[hole card] 4 club
[hole card] 2 spade
[preflop] round starts
[preflop] player Mars_2_0 has 5761 chips
[preflop] player Gaotaku_2_2 has 2087 chips
[preflop] player The Joker_2_3 has 3137 chips
[preflop] player were_2_5 has 9218 chips
[preflop] player yyyyyr_2_6 has 666 chips
[preflop] player ssw_2_7 has 1631 chips
[preflop] player Mars_2_0 folds
[preflop] player Gaotaku_2_2 calls. Total bet is 1000
[preflop] action
[WARNING] CANNOT check when another player has raised
[preflop] player The Joker_2_3 folds
[preflop] player were_2_5 calls. Total bet is 1000
[preflop] player yyyyyr_2_6 calls. Total bet is 1000
[preflop] player ssw_2_7 folds
[flop] 10 heart
[flop] 9 diamond
[flop] 5 diamond
[flop] round starts
[flop] player Mars_2_0 has 5761 chips
[flop] player Gaotaku_2_2 has 1087 chips
[flop] player The Joker_2_3 has 3137 chips
[flop] player were_2_5 has 8218 chips
[flop] player yyyyyr_2_6 has 166 chips
[flop] player ssw_2_7 has 1631 chips
[flop] player yyyyyr_2_6 checks
[flop] player Gaotaku_2_2 folds
[flop] player were_2_5 folds
[flop] round ends
[GAME STAT] pot 0 with 4000 chips is shared by 1 players
[GAME STAT] player yyyyyr_2_6 gets 4000 chips from pot 0
[GAME STAT] overall statistics
[GAME STAT] player Mars_2_0 wins 0 chips in this game
[GAME STAT] player Gaotaku_2_2 wins -1000 chips in this game
[GAME STAT] player The Joker_2_3 wins 0 chips in this game
[GAME STAT] player were_2_5 wins -1000 chips in this game
[GAME STAT] player yyyyyr_2_6 wins 3000 chips in this game
[GAME STAT] player ssw_2_7 wins -1000 chips in this game
[GAME 26] game ends, invoking player.game_end()
[GAME 27] game starts
[GAME INFO] number of participants in this game = 6
[GAME INFO] participant: Mars_2_0, chip = 5761
[GAME INFO] participant: Gaotaku_2_2, chip = 1087
[GAME INFO] participant: The Joker_2_3, chip = 3137
[GAME INFO] participant: were_2_5, chip = 8218
[GAME INFO] participant: yyyyyr_2_6, chip = 4166
[GAME INFO] participant: ssw_2_7, chip = 1631
[GAME INFO] blind is 500
[GAME INFO] dealer is yyyyyr_2_6
[GAME INFO] small blind 500 posted by ssw_2_7
[GAME INFO] big blind 1000 posted by Mars_2_0
[hole card] 6 club
[hole card] 2 club
[preflop] round starts
[preflop] player Mars_2_0 has 4761 chips
[preflop] player Gaotaku_2_2 has 1087 chips
[preflop] player The Joker_2_3 has 3137 chips
[preflop] player were_2_5 has 8218 chips
[preflop] player yyyyyr_2_6 has 4166 chips
[preflop] player ssw_2_7 has 1131 chips
[preflop] player Gaotaku_2_2 folds
[preflop] action
[WARNING] CANNOT check when another player has raised
[preflop] player The Joker_2_3 folds
[preflop] player were_2_5 calls. Total bet is 1000
[preflop] player yyyyyr_2_6 calls. Total bet is 1000
[preflop] player ssw_2_7 folds
[preflop] player Mars_2_0 calls. Total bet is 1000
[flop] 8 spade
[flop] 4 heart
[flop] 4 club
[flop] round starts
[flop] player Mars_2_0 has 4761 chips
[flop] player Gaotaku_2_2 has 1087 chips
[flop] player The Joker_2_3 has 3137 chips
[flop] player were_2_5 has 7218 chips
[flop] player yyyyyr_2_6 has 3166 chips
[flop] player ssw_2_7 has 1131 chips
[flop] player Mars_2_0 checks
[flop] player were_2_5 checks
[flop] player yyyyyr_2_6 checks
[flop] round ends
[turn] 6 spade
[turn] round starts
[turn] player Mars_2_0 has 4761 chips
[turn] player Gaotaku_2_2 has 1087 chips
[turn] player The Joker_2_3 has 3137 chips
[turn] player were_2_5 has 7218 chips
[turn] player yyyyyr_2_6 has 3166 chips
[turn] player ssw_2_7 has 1131 chips
[turn] player Mars_2_0 checks
[turn] player were_2_5 checks
[turn] player yyyyyr_2_6 checks
[turn] round ends
[river] 8 heart
[river] round starts
[river] player Mars_2_0 has 4761 chips
[river] player Gaotaku_2_2 has 1087 chips
[river] player The Joker_2_3 has 3137 chips
[river] player were_2_5 has 7218 chips
[river] player yyyyyr_2_6 has 3166 chips
[river] player ssw_2_7 has 1131 chips
[river] player Mars_2_0 checks
[river] player were_2_5 checks
[river] player yyyyyr_2_6 checks
[river] round ends
[SHOWDOWN] showdown starts
[SHOWDOWN] player Mars_2_0 shows 4 club 4 heart 8 heart 8 spade A club, which is two pair.
[SHOWDOWN] player yyyyyr_2_6 shows A diamond 8 spade 4 heart 4 club 8 heart, which is two pair.
[SHOWDOWN] player were_2_5 shows 9 heart Q heart 8 spade 4 heart 4 club, which is one pair.
[GAME STAT] pot 0 with 2000 chips is shared by 2 players
[GAME STAT] player yyyyyr_2_6 gets 1000 chips from pot 0
[GAME STAT] player Mars_2_0 gets 1000 chips from pot 0
[GAME STAT] pot 1 with 1500 chips is shared by 2 players
[GAME STAT] player yyyyyr_2_6 gets 750 chips from pot 1
[GAME STAT] player Mars_2_0 gets 750 chips from pot 1
[GAME STAT] overall statistics
[GAME STAT] player Mars_2_0 wins 750 chips in this game
[GAME STAT] player Gaotaku_2_2 wins 0 chips in this game
[GAME STAT] player The Joker_2_3 wins 0 chips in this game
[GAME STAT] player were_2_5 wins -1000 chips in this game
[GAME STAT] player yyyyyr_2_6 wins 750 chips in this game
[GAME STAT] player ssw_2_7 wins -500 chips in this game
[GAME 27] game ends, invoking player.game_end()
[END]
[FINAL STAT] chips
[FINAL STAT] Mars_2_0 has 6511 chips
[FINAL STAT] Sister_Lily_2_1 has 0 chips
[FINAL STAT] Gaotaku_2_2 has 1087 chips
[FINAL STAT] The Joker_2_3 has 3137 chips
[FINAL STAT] GiHe_2_4 has 0 chips
[FINAL STAT] were_2_5 has 7218 chips
[FINAL STAT] yyyyyr_2_6 has 4916 chips
[FINAL STAT] ssw_2_7 has 1131 chips
