[UI] login name: [UI] succefully login as The Joker_1_1
[login] The Joker_1_1
[player 0] Mars_1_0
[player 1] The Joker_1_1
[player 2] Sister_Lily_1_2
[player 3] Gaotaku_1_3
[player 4] yyyyyr_1_4
[player 5] were_1_5
[player 6] NX01_1_6
[player 7] ssw_1_7
[GAME INFO] number of players = 8
[GAME INFO] initial chips = 3000
[GAME 1] game starts
[GAME INFO] number of participants in this game = 8
[GAME INFO] participant: Mars_1_0, chip = 3000
[GAME INFO] participant: The Joker_1_1, chip = 3000
[GAME INFO] participant: Sister_Lily_1_2, chip = 3000
[GAME INFO] participant: Gaotaku_1_3, chip = 3000
[GAME INFO] participant: yyyyyr_1_4, chip = 3000
[GAME INFO] participant: were_1_5, chip = 3000
[GAME INFO] participant: NX01_1_6, chip = 3000
[GAME INFO] participant: ssw_1_7, chip = 3000
[GAME INFO] blind is 1
[GAME INFO] dealer is Mars_1_0
[GAME INFO] small blind 1 posted by The Joker_1_1
[GAME INFO] big blind 2 posted by Sister_Lily_1_2
[hole card] K spade
[hole card] 3 spade
[preflop] round starts
[preflop] player Mars_1_0 has 3000 chips
[preflop] player The Joker_1_1 has 2999 chips
[preflop] player Sister_Lily_1_2 has 2998 chips
[preflop] player Gaotaku_1_3 has 3000 chips
[preflop] player yyyyyr_1_4 has 3000 chips
[preflop] player were_1_5 has 3000 chips
[preflop] player NX01_1_6 has 3000 chips
[preflop] player ssw_1_7 has 3000 chips
[preflop] player Gaotaku_1_3 folds
[preflop] player yyyyyr_1_4 folds
[preflop] player were_1_5 calls. Total bet is 2
[preflop] player NX01_1_6 calls. Total bet is 2
[preflop] player ssw_1_7 folds
[preflop] player Mars_1_0 calls. Total bet is 2
[preflop] action
[preflop] call (1 chips). 
[preflop] player The Joker_1_1 calls. Total bet is 2
[preflop] player Sister_Lily_1_2 calls. Total bet is 2
[flop] A heart
[flop] 9 diamond
[flop] 10 diamond
[flop] round starts
[flop] player Mars_1_0 has 2998 chips
[flop] player The Joker_1_1 has 2998 chips
[flop] player Sister_Lily_1_2 has 2998 chips
[flop] player Gaotaku_1_3 has 3000 chips
[flop] player yyyyyr_1_4 has 3000 chips
[flop] player were_1_5 has 2998 chips
[flop] player NX01_1_6 has 2998 chips
[flop] player ssw_1_7 has 3000 chips
[flop] action
[flop] check
[flop] player The Joker_1_1 checks
[flop] player Sister_Lily_1_2 checks
[flop] player were_1_5 folds
[flop] player NX01_1_6 checks
[flop] player Mars_1_0 checks
[flop] round ends
[turn] 7 spade
[turn] round starts
[turn] player Mars_1_0 has 2998 chips
[turn] player The Joker_1_1 has 2998 chips
[turn] player Sister_Lily_1_2 has 2998 chips
[turn] player Gaotaku_1_3 has 3000 chips
[turn] player yyyyyr_1_4 has 3000 chips
[turn] player were_1_5 has 2998 chips
[turn] player NX01_1_6 has 2998 chips
[turn] player ssw_1_7 has 3000 chips
[turn] action
[turn] check
[turn] player The Joker_1_1 checks
[turn] player Sister_Lily_1_2 checks
[turn] player NX01_1_6 checks
[turn] player Mars_1_0 checks
[turn] round ends
[river] J club
[river] round starts
[river] player Mars_1_0 has 2998 chips
[river] player The Joker_1_1 has 2998 chips
[river] player Sister_Lily_1_2 has 2998 chips
[river] player Gaotaku_1_3 has 3000 chips
[river] player yyyyyr_1_4 has 3000 chips
[river] player were_1_5 has 2998 chips
[river] player NX01_1_6 has 2998 chips
[river] player ssw_1_7 has 3000 chips
[river] action
[river] check
[river] player The Joker_1_1 checks
[river] player Sister_Lily_1_2 checks
[river] player NX01_1_6 checks
[river] player Mars_1_0 checks
[river] round ends
[SHOWDOWN] showdown starts
[SHOWDOWN] showdown
[SHOWDOWN] A heart 9 diamond 10 diamond J club K spade
[SHOWDOWN] player NX01_1_6 shows J club 10 diamond 9 diamond 8 heart 7 spade, which is straight.
[SHOWDOWN] player Mars_1_0 shows 9 diamond A heart J club 10 diamond 10 heart, which is one pair.
[SHOWDOWN] player Sister_Lily_1_2 shows K club 7 club A heart 7 spade J club, which is one pair.
[SHOWDOWN] player The Joker_1_1 shows A heart 9 diamond 10 diamond J club K spade, which is high card.
[GAME STAT] pot 0 with 10 chips is shared by 1 players
[GAME STAT] player NX01_1_6 gets 10 chips from pot 0
[GAME STAT] overall statistics
[GAME STAT] player Mars_1_0 wins -2 chips in this game
[GAME STAT] player The Joker_1_1 wins -2 chips in this game
[GAME STAT] player Sister_Lily_1_2 wins -2 chips in this game
[GAME STAT] player Gaotaku_1_3 wins 0 chips in this game
[GAME STAT] player yyyyyr_1_4 wins 0 chips in this game
[GAME STAT] player were_1_5 wins -2 chips in this game
[GAME STAT] player NX01_1_6 wins 8 chips in this game
[GAME STAT] player ssw_1_7 wins 0 chips in this game
[GAME 1] game ends, invoking player.game_end()
[GAME 2] game starts
[GAME INFO] number of participants in this game = 8
[GAME INFO] participant: Mars_1_0, chip = 2998
[GAME INFO] participant: The Joker_1_1, chip = 2998
[GAME INFO] participant: Sister_Lily_1_2, chip = 2998
[GAME INFO] participant: Gaotaku_1_3, chip = 3000
[GAME INFO] participant: yyyyyr_1_4, chip = 3000
[GAME INFO] participant: were_1_5, chip = 2998
[GAME INFO] participant: NX01_1_6, chip = 3008
[GAME INFO] participant: ssw_1_7, chip = 3000
[GAME INFO] blind is 1
[GAME INFO] dealer is The Joker_1_1
[GAME INFO] small blind 1 posted by Sister_Lily_1_2
[GAME INFO] big blind 2 posted by Gaotaku_1_3
[hole card] J diamond
[hole card] 10 diamond
[preflop] round starts
[preflop] player Mars_1_0 has 2998 chips
[preflop] player The Joker_1_1 has 2998 chips
[preflop] player Sister_Lily_1_2 has 2997 chips
[preflop] player Gaotaku_1_3 has 2998 chips
[preflop] player yyyyyr_1_4 has 3000 chips
[preflop] player were_1_5 has 2998 chips
[preflop] player NX01_1_6 has 3008 chips
[preflop] player ssw_1_7 has 3000 chips
[preflop] player yyyyyr_1_4 folds
[preflop] player were_1_5 calls. Total bet is 2
[preflop] player NX01_1_6 calls. Total bet is 2
[preflop] player ssw_1_7 folds
[preflop] player Mars_1_0 calls. Total bet is 2
[preflop] action
[preflop] call (2 chips). 
[preflop] player The Joker_1_1 calls. Total bet is 2
[preflop] player Sister_Lily_1_2 calls. Total bet is 2
[preflop] player Gaotaku_1_3 folds
[flop] 2 heart
[flop] 6 club
[flop] J heart
[flop] round starts
[flop] player Mars_1_0 has 2996 chips
[flop] player The Joker_1_1 has 2996 chips
[flop] player Sister_Lily_1_2 has 2996 chips
[flop] player Gaotaku_1_3 has 2998 chips
[flop] player yyyyyr_1_4 has 3000 chips
[flop] player were_1_5 has 2996 chips
[flop] player NX01_1_6 has 3006 chips
[flop] player ssw_1_7 has 3000 chips
[flop] player Sister_Lily_1_2 checks
[flop] player were_1_5 folds
[flop] player NX01_1_6 checks
[flop] player Mars_1_0 checks
[flop] action
[flop] check
[flop] player The Joker_1_1 checks
[flop] round ends
[turn] K spade
[turn] round starts
[turn] player Mars_1_0 has 2996 chips
[turn] player The Joker_1_1 has 2996 chips
[turn] player Sister_Lily_1_2 has 2996 chips
[turn] player Gaotaku_1_3 has 2998 chips
[turn] player yyyyyr_1_4 has 3000 chips
[turn] player were_1_5 has 2996 chips
[turn] player NX01_1_6 has 3006 chips
[turn] player ssw_1_7 has 3000 chips
[turn] player Sister_Lily_1_2 checks
[turn] player NX01_1_6 checks
[turn] player Mars_1_0 checks
[turn] action
[turn] check
[turn] player The Joker_1_1 checks
[turn] round ends
[river] 4 heart
[river] round starts
[river] player Mars_1_0 has 2996 chips
[river] player The Joker_1_1 has 2996 chips
[river] player Sister_Lily_1_2 has 2996 chips
[river] player Gaotaku_1_3 has 2998 chips
[river] player yyyyyr_1_4 has 3000 chips
[river] player were_1_5 has 2996 chips
[river] player NX01_1_6 has 3006 chips
[river] player ssw_1_7 has 3000 chips
[river] player Sister_Lily_1_2 checks
[river] player NX01_1_6 checks
[river] player Mars_1_0 checks
[river] action
[river] check
[river] player The Joker_1_1 checks
[river] round ends
[SHOWDOWN] showdown starts
[SHOWDOWN] showdown
[SHOWDOWN] 6 club J heart K spade J diamond 10 diamond
[SHOWDOWN] player Mars_1_0 shows 6 club J heart K spade Q diamond Q spade, which is one pair.
[SHOWDOWN] player The Joker_1_1 shows 6 club J heart K spade J diamond 10 diamond, which is one pair.
[SHOWDOWN] player Sister_Lily_1_2 shows 7 heart 10 spade 6 club J heart K spade, which is high card.
[SHOWDOWN] player NX01_1_6 shows K spade J heart 10 club 7 spade 6 club, which is high card.
[GAME STAT] pot 0 with 12 chips is shared by 1 players
[GAME STAT] player Mars_1_0 gets 12 chips from pot 0
[GAME STAT] overall statistics
[GAME STAT] player Mars_1_0 wins 10 chips in this game
[GAME STAT] player The Joker_1_1 wins -2 chips in this game
[GAME STAT] player Sister_Lily_1_2 wins -2 chips in this game
[GAME STAT] player Gaotaku_1_3 wins -2 chips in this game
[GAME STAT] player yyyyyr_1_4 wins 0 chips in this game
[GAME STAT] player were_1_5 wins -2 chips in this game
[GAME STAT] player NX01_1_6 wins -2 chips in this game
[GAME STAT] player ssw_1_7 wins 0 chips in this game
[GAME 2] game ends, invoking player.game_end()
[GAME 3] game starts
[GAME INFO] number of participants in this game = 8
[GAME INFO] participant: Mars_1_0, chip = 3008
[GAME INFO] participant: The Joker_1_1, chip = 2996
[GAME INFO] participant: Sister_Lily_1_2, chip = 2996
[GAME INFO] participant: Gaotaku_1_3, chip = 2998
[GAME INFO] participant: yyyyyr_1_4, chip = 3000
[GAME INFO] participant: were_1_5, chip = 2996
[GAME INFO] participant: NX01_1_6, chip = 3006
[GAME INFO] participant: ssw_1_7, chip = 3000
[GAME INFO] blind is 1
[GAME INFO] dealer is Sister_Lily_1_2
[GAME INFO] small blind 1 posted by Gaotaku_1_3
[GAME INFO] big blind 2 posted by yyyyyr_1_4
[hole card] A diamond
[hole card] 10 diamond
[preflop] round starts
[preflop] player Mars_1_0 has 3008 chips
[preflop] player The Joker_1_1 has 2996 chips
[preflop] player Sister_Lily_1_2 has 2996 chips
[preflop] player Gaotaku_1_3 has 2997 chips
[preflop] player yyyyyr_1_4 has 2998 chips
[preflop] player were_1_5 has 2996 chips
[preflop] player NX01_1_6 has 3006 chips
[preflop] player ssw_1_7 has 3000 chips
[preflop] player were_1_5 calls. Total bet is 2
[preflop] player NX01_1_6 folds
[preflop] player ssw_1_7 folds
[preflop] player Mars_1_0 folds
[preflop] action
[preflop] call (2 chips). 
[preflop] player The Joker_1_1 calls. Total bet is 2
[preflop] player Sister_Lily_1_2 calls. Total bet is 2
[preflop] player Gaotaku_1_3 folds
[preflop] player yyyyyr_1_4 calls. Total bet is 2
[flop] J heart
[flop] 7 club
[flop] A club
[flop] round starts
[flop] player Mars_1_0 has 3008 chips
[flop] player The Joker_1_1 has 2994 chips
[flop] player Sister_Lily_1_2 has 2994 chips
[flop] player Gaotaku_1_3 has 2997 chips
[flop] player yyyyyr_1_4 has 2998 chips
[flop] player were_1_5 has 2994 chips
[flop] player NX01_1_6 has 3006 chips
[flop] player ssw_1_7 has 3000 chips
[flop] player yyyyyr_1_4 checks
[flop] player were_1_5 folds
[flop] action
[flop] check
[flop] player The Joker_1_1 checks
[flop] player Sister_Lily_1_2 checks
[flop] round ends
[turn] 6 spade
[turn] round starts
[turn] player Mars_1_0 has 3008 chips
[turn] player The Joker_1_1 has 2994 chips
[turn] player Sister_Lily_1_2 has 2994 chips
[turn] player Gaotaku_1_3 has 2997 chips
[turn] player yyyyyr_1_4 has 2998 chips
[turn] player were_1_5 has 2994 chips
[turn] player NX01_1_6 has 3006 chips
[turn] player ssw_1_7 has 3000 chips
[turn] player yyyyyr_1_4 checks
[turn] action
[turn] check
[turn] player The Joker_1_1 checks
[turn] player Sister_Lily_1_2 checks
[turn] round ends
[river] 9 diamond
[river] round starts
[river] player Mars_1_0 has 3008 chips
[river] player The Joker_1_1 has 2994 chips
[river] player Sister_Lily_1_2 has 2994 chips
[river] player Gaotaku_1_3 has 2997 chips
[river] player yyyyyr_1_4 has 2998 chips
[river] player were_1_5 has 2994 chips
[river] player NX01_1_6 has 3006 chips
[river] player ssw_1_7 has 3000 chips
[river] player yyyyyr_1_4 checks
[river] action
[river] check
[river] player The Joker_1_1 checks
[river] player Sister_Lily_1_2 checks
[river] round ends
[SHOWDOWN] showdown starts
[SHOWDOWN] showdown
[SHOWDOWN] J heart A club 9 diamond A diamond 10 diamond
[SHOWDOWN] player The Joker_1_1 shows J heart A club 9 diamond A diamond 10 diamond, which is one pair.
[SHOWDOWN] player yyyyyr_1_4 shows 8 club A spade J heart A club 9 diamond, which is one pair.
[SHOWDOWN] player Sister_Lily_1_2 shows J spade J heart 7 club A club 9 diamond, which is one pair.
[GAME STAT] pot 0 with 5 chips is shared by 1 players
[GAME STAT] player The Joker_1_1 gets 5 chips from pot 0
[GAME STAT] pot 1 with 4 chips is shared by 1 players
[GAME STAT] player The Joker_1_1 gets 4 chips from pot 1
[GAME STAT] overall statistics
[GAME STAT] player Mars_1_0 wins 0 chips in this game
[GAME STAT] player The Joker_1_1 wins 7 chips in this game
[GAME STAT] player Sister_Lily_1_2 wins -2 chips in this game
[GAME STAT] player Gaotaku_1_3 wins -1 chips in this game
[GAME STAT] player yyyyyr_1_4 wins -2 chips in this game
[GAME STAT] player were_1_5 wins -2 chips in this game
[GAME STAT] player NX01_1_6 wins 0 chips in this game
[GAME STAT] player ssw_1_7 wins 0 chips in this game
[GAME 3] game ends, invoking player.game_end()
[GAME 4] game starts
[GAME INFO] number of participants in this game = 8
[GAME INFO] participant: Mars_1_0, chip = 3008
[GAME INFO] participant: The Joker_1_1, chip = 3003
[GAME INFO] participant: Sister_Lily_1_2, chip = 2994
[GAME INFO] participant: Gaotaku_1_3, chip = 2997
[GAME INFO] participant: yyyyyr_1_4, chip = 2998
[GAME INFO] participant: were_1_5, chip = 2994
[GAME INFO] participant: NX01_1_6, chip = 3006
[GAME INFO] participant: ssw_1_7, chip = 3000
[GAME INFO] blind is 2
[GAME INFO] dealer is Gaotaku_1_3
[GAME INFO] small blind 2 posted by yyyyyr_1_4
[GAME INFO] big blind 4 posted by were_1_5
[hole card] 9 spade
[hole card] 3 heart
[preflop] round starts
[preflop] player Mars_1_0 has 3008 chips
[preflop] player The Joker_1_1 has 3003 chips
[preflop] player Sister_Lily_1_2 has 2994 chips
[preflop] player Gaotaku_1_3 has 2997 chips
[preflop] player yyyyyr_1_4 has 2996 chips
[preflop] player were_1_5 has 2990 chips
[preflop] player NX01_1_6 has 3006 chips
[preflop] player ssw_1_7 has 3000 chips
[preflop] player NX01_1_6 folds
[preflop] player ssw_1_7 folds
[preflop] player Mars_1_0 calls. Total bet is 4
[preflop] action
[WARNING] CANNOT check when another player has raised
[preflop] player The Joker_1_1 folds
[preflop] player Sister_Lily_1_2 calls. Total bet is 4
[preflop] player Gaotaku_1_3 folds
[preflop] player yyyyyr_1_4 calls. Total bet is 4
[preflop] player were_1_5 calls. Total bet is 4
[flop] Q diamond
[flop] 3 diamond
[flop] 7 club
[flop] round starts
[flop] player Mars_1_0 has 3004 chips
[flop] player The Joker_1_1 has 3003 chips
[flop] player Sister_Lily_1_2 has 2990 chips
[flop] player Gaotaku_1_3 has 2997 chips
[flop] player yyyyyr_1_4 has 2994 chips
[flop] player were_1_5 has 2990 chips
[flop] player NX01_1_6 has 3006 chips
[flop] player ssw_1_7 has 3000 chips
[flop] player yyyyyr_1_4 checks
[flop] player were_1_5 checks
[flop] player Mars_1_0 checks
[flop] player Sister_Lily_1_2 checks
[flop] round ends
[turn] 8 spade
[turn] round starts
[turn] player Mars_1_0 has 3004 chips
[turn] player The Joker_1_1 has 3003 chips
[turn] player Sister_Lily_1_2 has 2990 chips
[turn] player Gaotaku_1_3 has 2997 chips
[turn] player yyyyyr_1_4 has 2994 chips
[turn] player were_1_5 has 2990 chips
[turn] player NX01_1_6 has 3006 chips
[turn] player ssw_1_7 has 3000 chips
[turn] player yyyyyr_1_4 checks
[turn] player were_1_5 checks
[turn] player Mars_1_0 checks
[turn] player Sister_Lily_1_2 checks
[turn] round ends
[river] A spade
[river] round starts
[river] player Mars_1_0 has 3004 chips
[river] player The Joker_1_1 has 3003 chips
[river] player Sister_Lily_1_2 has 2990 chips
[river] player Gaotaku_1_3 has 2997 chips
[river] player yyyyyr_1_4 has 2994 chips
[river] player were_1_5 has 2990 chips
[river] player NX01_1_6 has 3006 chips
[river] player ssw_1_7 has 3000 chips
[river] player yyyyyr_1_4 checks
[river] player were_1_5 checks
[river] player Mars_1_0 checks
[river] player Sister_Lily_1_2 checks
[river] round ends
[SHOWDOWN] showdown starts
[SHOWDOWN] player Sister_Lily_1_2 shows 8 club Q club Q diamond 8 spade A spade, which is two pair.
[SHOWDOWN] player yyyyyr_1_4 shows 10 heart K spade Q diamond 8 spade A spade, which is high card.
[SHOWDOWN] player were_1_5 shows K club Q diamond 7 club 8 spade A spade, which is high card.
[SHOWDOWN] player Mars_1_0 shows 7 club 8 spade A spade J diamond Q diamond, which is high card.
[GAME STAT] pot 0 with 16 chips is shared by 1 players
[GAME STAT] player Sister_Lily_1_2 gets 16 chips from pot 0
[GAME STAT] overall statistics
[GAME STAT] player Mars_1_0 wins -4 chips in this game
[GAME STAT] player The Joker_1_1 wins 0 chips in this game
[GAME STAT] player Sister_Lily_1_2 wins 12 chips in this game
[GAME STAT] player Gaotaku_1_3 wins 0 chips in this game
[GAME STAT] player yyyyyr_1_4 wins -4 chips in this game
[GAME STAT] player were_1_5 wins -4 chips in this game
[GAME STAT] player NX01_1_6 wins 0 chips in this game
[GAME STAT] player ssw_1_7 wins 0 chips in this game
[GAME 4] game ends, invoking player.game_end()
[GAME 5] game starts
[GAME INFO] number of participants in this game = 8
[GAME INFO] participant: Mars_1_0, chip = 3004
[GAME INFO] participant: The Joker_1_1, chip = 3003
[GAME INFO] participant: Sister_Lily_1_2, chip = 3006
[GAME INFO] participant: Gaotaku_1_3, chip = 2997
[GAME INFO] participant: yyyyyr_1_4, chip = 2994
[GAME INFO] participant: were_1_5, chip = 2990
[GAME INFO] participant: NX01_1_6, chip = 3006
[GAME INFO] participant: ssw_1_7, chip = 3000
[GAME INFO] blind is 2
[GAME INFO] dealer is yyyyyr_1_4
[GAME INFO] small blind 2 posted by were_1_5
[GAME INFO] big blind 4 posted by NX01_1_6
[hole card] 5 spade
[hole card] A spade
[preflop] round starts
[preflop] player Mars_1_0 has 3004 chips
[preflop] player The Joker_1_1 has 3003 chips
[preflop] player Sister_Lily_1_2 has 3006 chips
[preflop] player Gaotaku_1_3 has 2997 chips
[preflop] player yyyyyr_1_4 has 2994 chips
[preflop] player were_1_5 has 2988 chips
[preflop] player NX01_1_6 has 3002 chips
[preflop] player ssw_1_7 has 3000 chips
[preflop] player ssw_1_7 folds
[preflop] player Mars_1_0 calls. Total bet is 4
[preflop] action
[preflop] call (4 chips). 
[preflop] player The Joker_1_1 calls. Total bet is 4
[preflop] player Sister_Lily_1_2 calls. Total bet is 4
[preflop] player Gaotaku_1_3 folds
[preflop] player yyyyyr_1_4 folds
[preflop] player were_1_5 calls. Total bet is 4
[preflop] player NX01_1_6 calls. Total bet is 4
[flop] 6 diamond
[flop] 3 spade
[flop] 4 spade
[flop] round starts
[flop] player Mars_1_0 has 3000 chips
[flop] player The Joker_1_1 has 2999 chips
[flop] player Sister_Lily_1_2 has 3002 chips
[flop] player Gaotaku_1_3 has 2997 chips
[flop] player yyyyyr_1_4 has 2994 chips
[flop] player were_1_5 has 2986 chips
[flop] player NX01_1_6 has 3002 chips
[flop] player ssw_1_7 has 3000 chips
[flop] player were_1_5 checks
[flop] player NX01_1_6 checks
[flop] player Mars_1_0 checks
[flop] action
[flop] check
[flop] player The Joker_1_1 checks
[flop] player Sister_Lily_1_2 checks
[flop] round ends
[turn] 5 club
[turn] round starts
[turn] player Mars_1_0 has 3000 chips
[turn] player The Joker_1_1 has 2999 chips
[turn] player Sister_Lily_1_2 has 3002 chips
[turn] player Gaotaku_1_3 has 2997 chips
[turn] player yyyyyr_1_4 has 2994 chips
[turn] player were_1_5 has 2986 chips
[turn] player NX01_1_6 has 3002 chips
[turn] player ssw_1_7 has 3000 chips
[turn] player were_1_5 checks
[turn] player NX01_1_6 checks
[turn] player Mars_1_0 checks
[turn] action
[turn] check
[turn] player The Joker_1_1 checks
[turn] player Sister_Lily_1_2 checks
[turn] round ends
[river] K club
[river] round starts
[river] player Mars_1_0 has 3000 chips
[river] player The Joker_1_1 has 2999 chips
[river] player Sister_Lily_1_2 has 3002 chips
[river] player Gaotaku_1_3 has 2997 chips
[river] player yyyyyr_1_4 has 2994 chips
[river] player were_1_5 has 2986 chips
[river] player NX01_1_6 has 3002 chips
[river] player ssw_1_7 has 3000 chips
[river] player were_1_5 goes all in (2986 chips). Total bet is 2986
[river] player NX01_1_6 folds
[river] player Mars_1_0 folds
[river] action
[WARNING] CANNOT check when another player has raised
[river] player The Joker_1_1 folds
[river] player Sister_Lily_1_2 folds
[GAME STAT] pot 0 with 20 chips is shared by 1 players
[GAME STAT] player were_1_5 gets 20 chips from pot 0
[GAME STAT] pot 1 with 2986 chips is shared by 1 players
[GAME STAT] player were_1_5 gets 2986 chips from pot 1
[GAME STAT] overall statistics
[GAME STAT] player Mars_1_0 wins -4 chips in this game
[GAME STAT] player The Joker_1_1 wins -4 chips in this game
[GAME STAT] player Sister_Lily_1_2 wins -4 chips in this game
[GAME STAT] player Gaotaku_1_3 wins 0 chips in this game
[GAME STAT] player yyyyyr_1_4 wins 0 chips in this game
[GAME STAT] player were_1_5 wins 16 chips in this game
[GAME STAT] player NX01_1_6 wins -4 chips in this game
[GAME STAT] player ssw_1_7 wins 0 chips in this game
[GAME 5] game ends, invoking player.game_end()
[GAME 6] game starts
[GAME INFO] number of participants in this game = 8
[GAME INFO] participant: Mars_1_0, chip = 3000
[GAME INFO] participant: The Joker_1_1, chip = 2999
[GAME INFO] participant: Sister_Lily_1_2, chip = 3002
[GAME INFO] participant: Gaotaku_1_3, chip = 2997
[GAME INFO] participant: yyyyyr_1_4, chip = 2994
[GAME INFO] participant: were_1_5, chip = 3006
[GAME INFO] participant: NX01_1_6, chip = 3002
[GAME INFO] participant: ssw_1_7, chip = 3000
[GAME INFO] blind is 2
[GAME INFO] dealer is were_1_5
[GAME INFO] small blind 2 posted by NX01_1_6
[GAME INFO] big blind 4 posted by ssw_1_7
[hole card] K heart
[hole card] 9 heart
[preflop] round starts
[preflop] player Mars_1_0 has 3000 chips
[preflop] player The Joker_1_1 has 2999 chips
[preflop] player Sister_Lily_1_2 has 3002 chips
[preflop] player Gaotaku_1_3 has 2997 chips
[preflop] player yyyyyr_1_4 has 2994 chips
[preflop] player were_1_5 has 3006 chips
[preflop] player NX01_1_6 has 3000 chips
[preflop] player ssw_1_7 has 2996 chips
[preflop] player Mars_1_0 calls. Total bet is 4
[preflop] action
[preflop] call (4 chips). 
[preflop] player The Joker_1_1 calls. Total bet is 4
[preflop] player Sister_Lily_1_2 calls. Total bet is 4
[preflop] player Gaotaku_1_3 folds
[preflop] player yyyyyr_1_4 folds
[preflop] player were_1_5 calls. Total bet is 4
[preflop] player NX01_1_6 calls. Total bet is 4
[preflop] player ssw_1_7 folds
[flop] 9 club
[flop] 3 club
[flop] A heart
[flop] round starts
[flop] player Mars_1_0 has 2996 chips
[flop] player The Joker_1_1 has 2995 chips
[flop] player Sister_Lily_1_2 has 2998 chips
[flop] player Gaotaku_1_3 has 2997 chips
[flop] player yyyyyr_1_4 has 2994 chips
[flop] player were_1_5 has 3002 chips
[flop] player NX01_1_6 has 2998 chips
[flop] player ssw_1_7 has 2996 chips
[flop] player NX01_1_6 checks
[flop] player Mars_1_0 checks
[flop] action
[flop] check
[flop] player The Joker_1_1 checks
[flop] player Sister_Lily_1_2 checks
[flop] player were_1_5 checks
[flop] round ends
[turn] 4 heart
[turn] round starts
[turn] player Mars_1_0 has 2996 chips
[turn] player The Joker_1_1 has 2995 chips
[turn] player Sister_Lily_1_2 has 2998 chips
[turn] player Gaotaku_1_3 has 2997 chips
[turn] player yyyyyr_1_4 has 2994 chips
[turn] player were_1_5 has 3002 chips
[turn] player NX01_1_6 has 2998 chips
[turn] player ssw_1_7 has 2996 chips
[turn] player NX01_1_6 checks
[turn] player Mars_1_0 checks
[turn] action
[turn] check
[turn] player The Joker_1_1 checks
[turn] player Sister_Lily_1_2 checks
[turn] player were_1_5 checks
[turn] round ends
[river] 4 club
[river] round starts
[river] player Mars_1_0 has 2996 chips
[river] player The Joker_1_1 has 2995 chips
[river] player Sister_Lily_1_2 has 2998 chips
[river] player Gaotaku_1_3 has 2997 chips
[river] player yyyyyr_1_4 has 2994 chips
[river] player were_1_5 has 3002 chips
[river] player NX01_1_6 has 2998 chips
[river] player ssw_1_7 has 2996 chips
[river] player NX01_1_6 checks
[river] player Mars_1_0 checks
[river] action
[river] check
[river] player The Joker_1_1 checks
[river] player Sister_Lily_1_2 checks
[river] player were_1_5 goes all in (3002 chips). Total bet is 3002
[river] player NX01_1_6 folds
[river] player Mars_1_0 folds
[river] action
[WARNING] CANNOT check when another player has raised
[river] player The Joker_1_1 folds
[river] player Sister_Lily_1_2 folds
[GAME STAT] pot 0 with 24 chips is shared by 1 players
[GAME STAT] player were_1_5 gets 24 chips from pot 0
[GAME STAT] pot 1 with 3002 chips is shared by 1 players
[GAME STAT] player were_1_5 gets 3002 chips from pot 1
[GAME STAT] overall statistics
[GAME STAT] player Mars_1_0 wins -4 chips in this game
[GAME STAT] player The Joker_1_1 wins -4 chips in this game
[GAME STAT] player Sister_Lily_1_2 wins -4 chips in this game
[GAME STAT] player Gaotaku_1_3 wins 0 chips in this game
[GAME STAT] player yyyyyr_1_4 wins 0 chips in this game
[GAME STAT] player were_1_5 wins 20 chips in this game
[GAME STAT] player NX01_1_6 wins -4 chips in this game
[GAME STAT] player ssw_1_7 wins -4 chips in this game
[GAME 6] game ends, invoking player.game_end()
[GAME 7] game starts
[GAME INFO] number of participants in this game = 8
[GAME INFO] participant: Mars_1_0, chip = 2996
[GAME INFO] participant: The Joker_1_1, chip = 2995
[GAME INFO] participant: Sister_Lily_1_2, chip = 2998
[GAME INFO] participant: Gaotaku_1_3, chip = 2997
[GAME INFO] participant: yyyyyr_1_4, chip = 2994
[GAME INFO] participant: were_1_5, chip = 3026
[GAME INFO] participant: NX01_1_6, chip = 2998
[GAME INFO] participant: ssw_1_7, chip = 2996
[GAME INFO] blind is 5
[GAME INFO] dealer is NX01_1_6
[GAME INFO] small blind 5 posted by ssw_1_7
[GAME INFO] big blind 10 posted by Mars_1_0
[hole card] 3 spade
[hole card] 6 heart
[preflop] round starts
[preflop] player Mars_1_0 has 2986 chips
[preflop] player The Joker_1_1 has 2995 chips
[preflop] player Sister_Lily_1_2 has 2998 chips
[preflop] player Gaotaku_1_3 has 2997 chips
[preflop] player yyyyyr_1_4 has 2994 chips
[preflop] player were_1_5 has 3026 chips
[preflop] player NX01_1_6 has 2998 chips
[preflop] player ssw_1_7 has 2991 chips
[preflop] action
[WARNING] CANNOT check when another player has raised
[preflop] player The Joker_1_1 folds
[preflop] player Sister_Lily_1_2 calls. Total bet is 10
[preflop] player Gaotaku_1_3 folds
[preflop] player yyyyyr_1_4 calls. Total bet is 10
[preflop] player were_1_5 calls. Total bet is 10
[preflop] player NX01_1_6 folds
[preflop] player ssw_1_7 folds
[preflop] player Mars_1_0 calls. Total bet is 10
[flop] 9 spade
[flop] 10 diamond
[flop] 8 club
[flop] round starts
[flop] player Mars_1_0 has 2986 chips
[flop] player The Joker_1_1 has 2995 chips
[flop] player Sister_Lily_1_2 has 2988 chips
[flop] player Gaotaku_1_3 has 2997 chips
[flop] player yyyyyr_1_4 has 2984 chips
[flop] player were_1_5 has 3016 chips
[flop] player NX01_1_6 has 2998 chips
[flop] player ssw_1_7 has 2991 chips
[flop] player Mars_1_0 raises 298. Total bet is 298
[flop] player Sister_Lily_1_2 folds
[flop] player yyyyyr_1_4 folds
[flop] player were_1_5 calls. Total bet is 298
[turn] 4 club
[turn] round starts
[turn] player Mars_1_0 has 2688 chips
[turn] player The Joker_1_1 has 2995 chips
[turn] player Sister_Lily_1_2 has 2988 chips
[turn] player Gaotaku_1_3 has 2997 chips
[turn] player yyyyyr_1_4 has 2984 chips
[turn] player were_1_5 has 2718 chips
[turn] player NX01_1_6 has 2998 chips
[turn] player ssw_1_7 has 2991 chips
[turn] player Mars_1_0 raises 299. Total bet is 299
[turn] player were_1_5 calls. Total bet is 299
[river] 4 heart
[river] round starts
[river] player Mars_1_0 has 2389 chips
[river] player The Joker_1_1 has 2995 chips
[river] player Sister_Lily_1_2 has 2988 chips
[river] player Gaotaku_1_3 has 2997 chips
[river] player yyyyyr_1_4 has 2984 chips
[river] player were_1_5 has 2419 chips
[river] player NX01_1_6 has 2998 chips
[river] player ssw_1_7 has 2991 chips
[river] player Mars_1_0 checks
[river] player were_1_5 goes all in (2419 chips). Total bet is 2419
[river] player Mars_1_0 goes all in (2389 chips). Total bet is 2389
[SHOWDOWN] showdown starts
[SHOWDOWN] player Mars_1_0 shows 7 heart 8 club 9 spade J spade 10 diamond, which is straight.
[SHOWDOWN] player were_1_5 shows 2 diamond 2 heart 10 diamond 4 club 4 heart, which is two pair.
[GAME STAT] pot 0 with 25 chips is shared by 1 players
[GAME STAT] player Mars_1_0 gets 25 chips from pot 0
[GAME STAT] pot 1 with 20 chips is shared by 1 players
[GAME STAT] player Mars_1_0 gets 20 chips from pot 1
[GAME STAT] pot 2 with 5972 chips is shared by 1 players
[GAME STAT] player Mars_1_0 gets 5972 chips from pot 2
[GAME STAT] pot 3 with 30 chips is shared by 1 players
[GAME STAT] player were_1_5 gets 30 chips from pot 3
[GAME STAT] overall statistics
[GAME STAT] player Mars_1_0 wins 3021 chips in this game
[GAME STAT] player The Joker_1_1 wins 0 chips in this game
[GAME STAT] player Sister_Lily_1_2 wins -10 chips in this game
[GAME STAT] player Gaotaku_1_3 wins 0 chips in this game
[GAME STAT] player yyyyyr_1_4 wins -10 chips in this game
[GAME STAT] player were_1_5 wins -2996 chips in this game
[GAME STAT] player NX01_1_6 wins 0 chips in this game
[GAME STAT] player ssw_1_7 wins -5 chips in this game
[GAME 7] game ends, invoking player.game_end()
[GAME 8] game starts
[GAME INFO] number of participants in this game = 8
[GAME INFO] participant: Mars_1_0, chip = 6017
[GAME INFO] participant: The Joker_1_1, chip = 2995
[GAME INFO] participant: Sister_Lily_1_2, chip = 2988
[GAME INFO] participant: Gaotaku_1_3, chip = 2997
[GAME INFO] participant: yyyyyr_1_4, chip = 2984
[GAME INFO] participant: were_1_5, chip = 30
[GAME INFO] participant: NX01_1_6, chip = 2998
[GAME INFO] participant: ssw_1_7, chip = 2991
[GAME INFO] blind is 5
[GAME INFO] dealer is ssw_1_7
[GAME INFO] small blind 5 posted by Mars_1_0
[GAME INFO] big blind 10 posted by The Joker_1_1
[hole card] K club
[hole card] Q club
[preflop] round starts
[preflop] player Mars_1_0 has 6012 chips
[preflop] player The Joker_1_1 has 2985 chips
[preflop] player Sister_Lily_1_2 has 2988 chips
[preflop] player Gaotaku_1_3 has 2997 chips
[preflop] player yyyyyr_1_4 has 2984 chips
[preflop] player were_1_5 has 30 chips
[preflop] player NX01_1_6 has 2998 chips
[preflop] player ssw_1_7 has 2991 chips
[preflop] player Sister_Lily_1_2 calls. Total bet is 10
[preflop] player Gaotaku_1_3 folds
[preflop] player yyyyyr_1_4 calls. Total bet is 10
[preflop] player were_1_5 calls. Total bet is 10
[preflop] player NX01_1_6 folds
[preflop] player ssw_1_7 folds
[preflop] player Mars_1_0 calls. Total bet is 10
[preflop] action
[preflop] call (0 chips). 
[preflop] player The Joker_1_1 calls. Total bet is 10
[flop] 9 diamond
[flop] J heart
[flop] J diamond
[flop] round starts
[flop] player Mars_1_0 has 6007 chips
[flop] player The Joker_1_1 has 2985 chips
[flop] player Sister_Lily_1_2 has 2978 chips
[flop] player Gaotaku_1_3 has 2997 chips
[flop] player yyyyyr_1_4 has 2974 chips
[flop] player were_1_5 has 20 chips
[flop] player NX01_1_6 has 2998 chips
[flop] player ssw_1_7 has 2991 chips
[flop] player Mars_1_0 raises 596. Total bet is 596
[flop] action
[WARNING] CANNOT check when another player has raised
[flop] player The Joker_1_1 folds
[flop] player Sister_Lily_1_2 folds
[flop] player yyyyyr_1_4 folds
[flop] player were_1_5 goes all in (20 chips). Total bet is 20
[turn] 8 diamond
[turn] round starts
[turn] player Mars_1_0 has 5411 chips
[turn] player The Joker_1_1 has 2985 chips
[turn] player Sister_Lily_1_2 has 2978 chips
[turn] player Gaotaku_1_3 has 2997 chips
[turn] player yyyyyr_1_4 has 2974 chips
[turn] player were_1_5 has 0 chips
[turn] player NX01_1_6 has 2998 chips
[turn] player ssw_1_7 has 2991 chips
[turn] player Mars_1_0 raises 601. Total bet is 601
[turn] player were_1_5 goes all in (0 chips). Total bet is 0
[river] J spade
[river] round starts
[river] player Mars_1_0 has 4810 chips
[river] player The Joker_1_1 has 2985 chips
[river] player Sister_Lily_1_2 has 2978 chips
[river] player Gaotaku_1_3 has 2997 chips
[river] player yyyyyr_1_4 has 2974 chips
[river] player were_1_5 has 0 chips
[river] player NX01_1_6 has 2998 chips
[river] player ssw_1_7 has 2991 chips
[river] player Mars_1_0 raises 1804. Total bet is 1804
[river] player were_1_5 goes all in (0 chips). Total bet is 0
[SHOWDOWN] showdown starts
[SHOWDOWN] player Mars_1_0 shows 9 club J club J diamond J heart J spade, which is four of a kind.
[SHOWDOWN] player were_1_5 shows 7 club 9 diamond J heart J diamond J spade, which is three of a kind.
[GAME STAT] pot 0 with 50 chips is shared by 1 players
[GAME STAT] player Mars_1_0 gets 50 chips from pot 0
[GAME STAT] pot 1 with 40 chips is shared by 1 players
[GAME STAT] player Mars_1_0 gets 40 chips from pot 1
[GAME STAT] pot 2 with 2981 chips is shared by 1 players
[GAME STAT] player Mars_1_0 gets 2981 chips from pot 2
[GAME STAT] overall statistics
[GAME STAT] player Mars_1_0 wins 60 chips in this game
[GAME STAT] player The Joker_1_1 wins -10 chips in this game
[GAME STAT] player Sister_Lily_1_2 wins -10 chips in this game
[GAME STAT] player Gaotaku_1_3 wins 0 chips in this game
[GAME STAT] player yyyyyr_1_4 wins -10 chips in this game
[GAME STAT] player were_1_5 wins -30 chips in this game
[GAME STAT] player NX01_1_6 wins 0 chips in this game
[GAME STAT] player ssw_1_7 wins 0 chips in this game
[GAME 8] game ends, invoking player.game_end()
[GAME 9] game starts
[GAME INFO] number of participants in this game = 7
[GAME INFO] participant: Mars_1_0, chip = 6077
[GAME INFO] participant: The Joker_1_1, chip = 2985
[GAME INFO] participant: Sister_Lily_1_2, chip = 2978
[GAME INFO] participant: Gaotaku_1_3, chip = 2997
[GAME INFO] participant: yyyyyr_1_4, chip = 2974
[GAME INFO] participant: NX01_1_6, chip = 2998
[GAME INFO] participant: ssw_1_7, chip = 2991
[GAME INFO] blind is 5
[GAME INFO] dealer is Mars_1_0
[GAME INFO] small blind 5 posted by The Joker_1_1
[GAME INFO] big blind 10 posted by Sister_Lily_1_2
[hole card] 5 diamond
[hole card] A club
[preflop] round starts
[preflop] player Mars_1_0 has 6077 chips
[preflop] player The Joker_1_1 has 2980 chips
[preflop] player Sister_Lily_1_2 has 2968 chips
[preflop] player Gaotaku_1_3 has 2997 chips
[preflop] player yyyyyr_1_4 has 2974 chips
[preflop] player NX01_1_6 has 2998 chips
[preflop] player ssw_1_7 has 2991 chips
[preflop] player Gaotaku_1_3 folds
[preflop] player yyyyyr_1_4 folds
[preflop] player NX01_1_6 folds
[preflop] player ssw_1_7 folds
[preflop] player Mars_1_0 calls. Total bet is 10
[preflop] action
[preflop] call (5 chips). 
[preflop] player The Joker_1_1 calls. Total bet is 10
[preflop] player Sister_Lily_1_2 calls. Total bet is 10
[flop] Q club
[flop] 2 diamond
[flop] 3 heart
[flop] round starts
[flop] player Mars_1_0 has 6067 chips
[flop] player The Joker_1_1 has 2975 chips
[flop] player Sister_Lily_1_2 has 2968 chips
[flop] player Gaotaku_1_3 has 2997 chips
[flop] player yyyyyr_1_4 has 2974 chips
[flop] player NX01_1_6 has 2998 chips
[flop] player ssw_1_7 has 2991 chips
[flop] action
[flop] check
[flop] player The Joker_1_1 checks
[flop] player Sister_Lily_1_2 checks
[flop] player Mars_1_0 checks
[flop] round ends
[turn] 4 spade
[turn] round starts
[turn] player Mars_1_0 has 6067 chips
[turn] player The Joker_1_1 has 2975 chips
[turn] player Sister_Lily_1_2 has 2968 chips
[turn] player Gaotaku_1_3 has 2997 chips
[turn] player yyyyyr_1_4 has 2974 chips
[turn] player NX01_1_6 has 2998 chips
[turn] player ssw_1_7 has 2991 chips
[turn] action
[turn] check
[turn] player The Joker_1_1 checks
[turn] player Sister_Lily_1_2 checks
[turn] player Mars_1_0 checks
[turn] round ends
[river] 4 heart
[river] round starts
[river] player Mars_1_0 has 6067 chips
[river] player The Joker_1_1 has 2975 chips
[river] player Sister_Lily_1_2 has 2968 chips
[river] player Gaotaku_1_3 has 2997 chips
[river] player yyyyyr_1_4 has 2974 chips
[river] player NX01_1_6 has 2998 chips
[river] player ssw_1_7 has 2991 chips
[river] action
[river] check
[river] player The Joker_1_1 checks
[river] player Sister_Lily_1_2 checks
[river] player Mars_1_0 checks
[river] round ends
[SHOWDOWN] showdown starts
[SHOWDOWN] showdown
[SHOWDOWN] 2 diamond 3 heart 4 heart 5 diamond A club
[SHOWDOWN] player Mars_1_0 shows 4 heart 4 spade K diamond Q club Q spade, which is two pair.
[SHOWDOWN] player Sister_Lily_1_2 shows 8 club 10 spade Q club 4 spade 4 heart, which is one pair.
[SHOWDOWN] player The Joker_1_1 shows 2 diamond 3 heart 4 heart 5 diamond A club, which is high card.
[GAME STAT] pot 0 with 30 chips is shared by 1 players
[GAME STAT] player Mars_1_0 gets 30 chips from pot 0
[GAME STAT] overall statistics
[GAME STAT] player Mars_1_0 wins 20 chips in this game
[GAME STAT] player The Joker_1_1 wins -10 chips in this game
[GAME STAT] player Sister_Lily_1_2 wins -10 chips in this game
[GAME STAT] player Gaotaku_1_3 wins 0 chips in this game
[GAME STAT] player yyyyyr_1_4 wins 0 chips in this game
[GAME STAT] player NX01_1_6 wins 0 chips in this game
[GAME STAT] player ssw_1_7 wins 0 chips in this game
[GAME 9] game ends, invoking player.game_end()
[GAME 10] game starts
[GAME INFO] number of participants in this game = 7
[GAME INFO] participant: Mars_1_0, chip = 6097
[GAME INFO] participant: The Joker_1_1, chip = 2975
[GAME INFO] participant: Sister_Lily_1_2, chip = 2968
[GAME INFO] participant: Gaotaku_1_3, chip = 2997
[GAME INFO] participant: yyyyyr_1_4, chip = 2974
[GAME INFO] participant: NX01_1_6, chip = 2998
[GAME INFO] participant: ssw_1_7, chip = 2991
[GAME INFO] blind is 10
[GAME INFO] dealer is The Joker_1_1
[GAME INFO] small blind 10 posted by Sister_Lily_1_2
[GAME INFO] big blind 20 posted by Gaotaku_1_3
[hole card] 6 heart
[hole card] 5 spade
[preflop] round starts
[preflop] player Mars_1_0 has 6097 chips
[preflop] player The Joker_1_1 has 2975 chips
[preflop] player Sister_Lily_1_2 has 2958 chips
[preflop] player Gaotaku_1_3 has 2977 chips
[preflop] player yyyyyr_1_4 has 2974 chips
[preflop] player NX01_1_6 has 2998 chips
[preflop] player ssw_1_7 has 2991 chips
[preflop] player yyyyyr_1_4 folds
[preflop] player NX01_1_6 calls. Total bet is 20
[preflop] player ssw_1_7 folds
[preflop] player Mars_1_0 folds
[preflop] action
[WARNING] CANNOT check when another player has raised
[preflop] player The Joker_1_1 folds
[preflop] player Sister_Lily_1_2 calls. Total bet is 20
[preflop] player Gaotaku_1_3 folds
[flop] 2 heart
[flop] Q diamond
[flop] 9 heart
[flop] round starts
[flop] player Mars_1_0 has 6097 chips
[flop] player The Joker_1_1 has 2975 chips
[flop] player Sister_Lily_1_2 has 2948 chips
[flop] player Gaotaku_1_3 has 2977 chips
[flop] player yyyyyr_1_4 has 2974 chips
[flop] player NX01_1_6 has 2978 chips
[flop] player ssw_1_7 has 2991 chips
[flop] player Sister_Lily_1_2 checks
[flop] player NX01_1_6 checks
[flop] round ends
[turn] K diamond
[turn] round starts
[turn] player Mars_1_0 has 6097 chips
[turn] player The Joker_1_1 has 2975 chips
[turn] player Sister_Lily_1_2 has 2948 chips
[turn] player Gaotaku_1_3 has 2977 chips
[turn] player yyyyyr_1_4 has 2974 chips
[turn] player NX01_1_6 has 2978 chips
[turn] player ssw_1_7 has 2991 chips
[turn] player Sister_Lily_1_2 checks
[turn] player NX01_1_6 checks
[turn] round ends
[river] 2 club
[river] round starts
[river] player Mars_1_0 has 6097 chips
[river] player The Joker_1_1 has 2975 chips
[river] player Sister_Lily_1_2 has 2948 chips
[river] player Gaotaku_1_3 has 2977 chips
[river] player yyyyyr_1_4 has 2974 chips
[river] player NX01_1_6 has 2978 chips
[river] player ssw_1_7 has 2991 chips
[river] player Sister_Lily_1_2 checks
[river] player NX01_1_6 checks
[river] round ends
[SHOWDOWN] showdown starts
[SHOWDOWN] player Sister_Lily_1_2 shows A diamond 2 spade 2 heart K diamond 2 club, which is three of a kind.
[SHOWDOWN] player NX01_1_6 shows 9 heart 9 club 2 club 2 heart J diamond, which is two pair.
[GAME STAT] pot 0 with 60 chips is shared by 1 players
[GAME STAT] player Sister_Lily_1_2 gets 60 chips from pot 0
[GAME STAT] overall statistics
[GAME STAT] player Mars_1_0 wins 0 chips in this game
[GAME STAT] player The Joker_1_1 wins 0 chips in this game
[GAME STAT] player Sister_Lily_1_2 wins 40 chips in this game
[GAME STAT] player Gaotaku_1_3 wins -20 chips in this game
[GAME STAT] player yyyyyr_1_4 wins 0 chips in this game
[GAME STAT] player NX01_1_6 wins -20 chips in this game
[GAME STAT] player ssw_1_7 wins 0 chips in this game
[GAME 10] game ends, invoking player.game_end()
[GAME 11] game starts
[GAME INFO] number of participants in this game = 7
[GAME INFO] participant: Mars_1_0, chip = 6097
[GAME INFO] participant: The Joker_1_1, chip = 2975
[GAME INFO] participant: Sister_Lily_1_2, chip = 3008
[GAME INFO] participant: Gaotaku_1_3, chip = 2977
[GAME INFO] participant: yyyyyr_1_4, chip = 2974
[GAME INFO] participant: NX01_1_6, chip = 2978
[GAME INFO] participant: ssw_1_7, chip = 2991
[GAME INFO] blind is 10
[GAME INFO] dealer is Sister_Lily_1_2
[GAME INFO] small blind 10 posted by Gaotaku_1_3
[GAME INFO] big blind 20 posted by yyyyyr_1_4
[hole card] 4 club
[hole card] 5 heart
[preflop] round starts
[preflop] player Mars_1_0 has 6097 chips
[preflop] player The Joker_1_1 has 2975 chips
[preflop] player Sister_Lily_1_2 has 3008 chips
[preflop] player Gaotaku_1_3 has 2967 chips
[preflop] player yyyyyr_1_4 has 2954 chips
[preflop] player NX01_1_6 has 2978 chips
[preflop] player ssw_1_7 has 2991 chips
[preflop] player NX01_1_6 folds
[preflop] player ssw_1_7 folds
[preflop] player Mars_1_0 folds
[preflop] action
[WARNING] CANNOT check when another player has raised
[preflop] player The Joker_1_1 folds
[preflop] player Sister_Lily_1_2 calls. Total bet is 20
[preflop] player Gaotaku_1_3 folds
[preflop] player yyyyyr_1_4 folds
[GAME STAT] pot 0 with 30 chips is shared by 1 players
[GAME STAT] player Sister_Lily_1_2 gets 30 chips from pot 0
[GAME STAT] pot 1 with 20 chips is shared by 1 players
[GAME STAT] player Sister_Lily_1_2 gets 20 chips from pot 1
[GAME STAT] overall statistics
[GAME STAT] player Mars_1_0 wins 0 chips in this game
[GAME STAT] player The Joker_1_1 wins 0 chips in this game
[GAME STAT] player Sister_Lily_1_2 wins 30 chips in this game
[GAME STAT] player Gaotaku_1_3 wins -10 chips in this game
[GAME STAT] player yyyyyr_1_4 wins -20 chips in this game
[GAME STAT] player NX01_1_6 wins 0 chips in this game
[GAME STAT] player ssw_1_7 wins 0 chips in this game
[GAME 11] game ends, invoking player.game_end()
[GAME 12] game starts
[GAME INFO] number of participants in this game = 7
[GAME INFO] participant: Mars_1_0, chip = 6097
[GAME INFO] participant: The Joker_1_1, chip = 2975
[GAME INFO] participant: Sister_Lily_1_2, chip = 3038
[GAME INFO] participant: Gaotaku_1_3, chip = 2967
[GAME INFO] participant: yyyyyr_1_4, chip = 2954
[GAME INFO] participant: NX01_1_6, chip = 2978
[GAME INFO] participant: ssw_1_7, chip = 2991
[GAME INFO] blind is 10
[GAME INFO] dealer is Gaotaku_1_3
[GAME INFO] small blind 10 posted by yyyyyr_1_4
[GAME INFO] big blind 20 posted by NX01_1_6
[hole card] 2 diamond
[hole card] 5 heart
[preflop] round starts
[preflop] player Mars_1_0 has 6097 chips
[preflop] player The Joker_1_1 has 2975 chips
[preflop] player Sister_Lily_1_2 has 3038 chips
[preflop] player Gaotaku_1_3 has 2967 chips
[preflop] player yyyyyr_1_4 has 2944 chips
[preflop] player NX01_1_6 has 2958 chips
[preflop] player ssw_1_7 has 2991 chips
[preflop] player ssw_1_7 folds
[preflop] player Mars_1_0 calls. Total bet is 20
[preflop] action
[WARNING] CANNOT check when another player has raised
[preflop] player The Joker_1_1 folds
[preflop] player Sister_Lily_1_2 calls. Total bet is 20
[preflop] player Gaotaku_1_3 folds
[preflop] player yyyyyr_1_4 folds
[preflop] player NX01_1_6 folds
[flop] 3 spade
[flop] Q diamond
[flop] 2 spade
[flop] round starts
[flop] player Mars_1_0 has 6077 chips
[flop] player The Joker_1_1 has 2975 chips
[flop] player Sister_Lily_1_2 has 3018 chips
[flop] player Gaotaku_1_3 has 2967 chips
[flop] player yyyyyr_1_4 has 2944 chips
[flop] player NX01_1_6 has 2958 chips
[flop] player ssw_1_7 has 2991 chips
[flop] player Mars_1_0 checks
[flop] player Sister_Lily_1_2 checks
[flop] round ends
[turn] J spade
[turn] round starts
[turn] player Mars_1_0 has 6077 chips
[turn] player The Joker_1_1 has 2975 chips
[turn] player Sister_Lily_1_2 has 3018 chips
[turn] player Gaotaku_1_3 has 2967 chips
[turn] player yyyyyr_1_4 has 2944 chips
[turn] player NX01_1_6 has 2958 chips
[turn] player ssw_1_7 has 2991 chips
[turn] player Mars_1_0 checks
[turn] player Sister_Lily_1_2 checks
[turn] round ends
[river] K diamond
[river] round starts
[river] player Mars_1_0 has 6077 chips
[river] player The Joker_1_1 has 2975 chips
[river] player Sister_Lily_1_2 has 3018 chips
[river] player Gaotaku_1_3 has 2967 chips
[river] player yyyyyr_1_4 has 2944 chips
[river] player NX01_1_6 has 2958 chips
[river] player ssw_1_7 has 2991 chips
[river] player Mars_1_0 checks
[river] player Sister_Lily_1_2 checks
[river] round ends
[SHOWDOWN] showdown starts
[SHOWDOWN] player Sister_Lily_1_2 shows 3 heart 3 spade Q diamond J spade K diamond, which is one pair.
[SHOWDOWN] player Mars_1_0 shows 7 diamond J spade K diamond Q diamond 10 spade, which is high card.
[GAME STAT] pot 0 with 40 chips is shared by 1 players
[GAME STAT] player Sister_Lily_1_2 gets 40 chips from pot 0
[GAME STAT] pot 1 with 30 chips is shared by 1 players
[GAME STAT] player Sister_Lily_1_2 gets 30 chips from pot 1
[GAME STAT] overall statistics
[GAME STAT] player Mars_1_0 wins -20 chips in this game
[GAME STAT] player The Joker_1_1 wins 0 chips in this game
[GAME STAT] player Sister_Lily_1_2 wins 50 chips in this game
[GAME STAT] player Gaotaku_1_3 wins 0 chips in this game
[GAME STAT] player yyyyyr_1_4 wins -10 chips in this game
[GAME STAT] player NX01_1_6 wins -20 chips in this game
[GAME STAT] player ssw_1_7 wins 0 chips in this game
[GAME 12] game ends, invoking player.game_end()
[GAME 13] game starts
[GAME INFO] number of participants in this game = 7
[GAME INFO] participant: Mars_1_0, chip = 6077
[GAME INFO] participant: The Joker_1_1, chip = 2975
[GAME INFO] participant: Sister_Lily_1_2, chip = 3088
[GAME INFO] participant: Gaotaku_1_3, chip = 2967
[GAME INFO] participant: yyyyyr_1_4, chip = 2944
[GAME INFO] participant: NX01_1_6, chip = 2958
[GAME INFO] participant: ssw_1_7, chip = 2991
[GAME INFO] blind is 20
[GAME INFO] dealer is yyyyyr_1_4
[GAME INFO] small blind 20 posted by NX01_1_6
[GAME INFO] big blind 40 posted by ssw_1_7
[hole card] 8 spade
[hole card] 4 heart
[preflop] round starts
[preflop] player Mars_1_0 has 6077 chips
[preflop] player The Joker_1_1 has 2975 chips
[preflop] player Sister_Lily_1_2 has 3088 chips
[preflop] player Gaotaku_1_3 has 2967 chips
[preflop] player yyyyyr_1_4 has 2944 chips
[preflop] player NX01_1_6 has 2938 chips
[preflop] player ssw_1_7 has 2951 chips
[preflop] player Mars_1_0 calls. Total bet is 40
[preflop] action
[WARNING] CANNOT check when another player has raised
[preflop] player The Joker_1_1 folds
[preflop] player Sister_Lily_1_2 calls. Total bet is 40
[preflop] player Gaotaku_1_3 calls. Total bet is 40
[preflop] player yyyyyr_1_4 calls. Total bet is 40
[preflop] player NX01_1_6 folds
[preflop] player ssw_1_7 folds
[flop] 9 heart
[flop] 7 diamond
[flop] 3 spade
[flop] round starts
[flop] player Mars_1_0 has 6037 chips
[flop] player The Joker_1_1 has 2975 chips
[flop] player Sister_Lily_1_2 has 3048 chips
[flop] player Gaotaku_1_3 has 2927 chips
[flop] player yyyyyr_1_4 has 2904 chips
[flop] player NX01_1_6 has 2938 chips
[flop] player ssw_1_7 has 2951 chips
[flop] player Mars_1_0 checks
[flop] player Sister_Lily_1_2 checks
[flop] player Gaotaku_1_3 folds
[flop] player yyyyyr_1_4 checks
[flop] round ends
[turn] 4 diamond
[turn] round starts
[turn] player Mars_1_0 has 6037 chips
[turn] player The Joker_1_1 has 2975 chips
[turn] player Sister_Lily_1_2 has 3048 chips
[turn] player Gaotaku_1_3 has 2927 chips
[turn] player yyyyyr_1_4 has 2904 chips
[turn] player NX01_1_6 has 2938 chips
[turn] player ssw_1_7 has 2951 chips
[turn] player Mars_1_0 checks
[turn] player Sister_Lily_1_2 checks
[turn] player yyyyyr_1_4 checks
[turn] round ends
[river] 3 club
[river] round starts
[river] player Mars_1_0 has 6037 chips
[river] player The Joker_1_1 has 2975 chips
[river] player Sister_Lily_1_2 has 3048 chips
[river] player Gaotaku_1_3 has 2927 chips
[river] player yyyyyr_1_4 has 2904 chips
[river] player NX01_1_6 has 2938 chips
[river] player ssw_1_7 has 2951 chips
[river] player Mars_1_0 checks
[river] player Sister_Lily_1_2 checks
[river] player yyyyyr_1_4 checks
[river] round ends
[SHOWDOWN] showdown starts
[SHOWDOWN] player Sister_Lily_1_2 shows 9 club 9 heart 7 diamond 3 spade 3 club, which is two pair.
[SHOWDOWN] player yyyyyr_1_4 shows K diamond Q heart 9 heart 3 spade 3 club, which is one pair.
[SHOWDOWN] player Mars_1_0 shows 3 club 3 spade 7 diamond 9 heart J club, which is one pair.
[GAME STAT] pot 0 with 120 chips is shared by 1 players
[GAME STAT] player Sister_Lily_1_2 gets 120 chips from pot 0
[GAME STAT] pot 1 with 100 chips is shared by 1 players
[GAME STAT] player Sister_Lily_1_2 gets 100 chips from pot 1
[GAME STAT] overall statistics
[GAME STAT] player Mars_1_0 wins -40 chips in this game
[GAME STAT] player The Joker_1_1 wins 0 chips in this game
[GAME STAT] player Sister_Lily_1_2 wins 180 chips in this game
[GAME STAT] player Gaotaku_1_3 wins -40 chips in this game
[GAME STAT] player yyyyyr_1_4 wins -40 chips in this game
[GAME STAT] player NX01_1_6 wins -20 chips in this game
[GAME STAT] player ssw_1_7 wins -40 chips in this game
[GAME 13] game ends, invoking player.game_end()
[GAME 14] game starts
[GAME INFO] number of participants in this game = 7
[GAME INFO] participant: Mars_1_0, chip = 6037
[GAME INFO] participant: The Joker_1_1, chip = 2975
[GAME INFO] participant: Sister_Lily_1_2, chip = 3268
[GAME INFO] participant: Gaotaku_1_3, chip = 2927
[GAME INFO] participant: yyyyyr_1_4, chip = 2904
[GAME INFO] participant: NX01_1_6, chip = 2938
[GAME INFO] participant: ssw_1_7, chip = 2951
[GAME INFO] blind is 20
[GAME INFO] dealer is NX01_1_6
[GAME INFO] small blind 20 posted by ssw_1_7
[GAME INFO] big blind 40 posted by Mars_1_0
[hole card] J diamond
[hole card] 5 spade
[preflop] round starts
[preflop] player Mars_1_0 has 5997 chips
[preflop] player The Joker_1_1 has 2975 chips
[preflop] player Sister_Lily_1_2 has 3268 chips
[preflop] player Gaotaku_1_3 has 2927 chips
[preflop] player yyyyyr_1_4 has 2904 chips
[preflop] player NX01_1_6 has 2938 chips
[preflop] player ssw_1_7 has 2931 chips
[preflop] action
[WARNING] CANNOT check when another player has raised
[preflop] player The Joker_1_1 folds
[preflop] player Sister_Lily_1_2 calls. Total bet is 40
[preflop] player Gaotaku_1_3 folds
[preflop] player yyyyyr_1_4 folds
[preflop] player NX01_1_6 calls. Total bet is 40
[preflop] player ssw_1_7 goes all in (2931 chips). Total bet is 2951
[preflop] player Mars_1_0 folds
[preflop] player Sister_Lily_1_2 folds
[preflop] player NX01_1_6 goes all in (2898 chips). Total bet is 2938
[flop] J club
[flop] A diamond
[flop] 7 club
[flop] round starts
[flop] player Mars_1_0 has 5997 chips
[flop] player The Joker_1_1 has 2975 chips
[flop] player Sister_Lily_1_2 has 3228 chips
[flop] player Gaotaku_1_3 has 2927 chips
[flop] player yyyyyr_1_4 has 2904 chips
[flop] player NX01_1_6 has 0 chips
[flop] player ssw_1_7 has 0 chips
[flop] player ssw_1_7 checks
[flop] player ssw_1_7 goes all in (0 chips). Total bet is 0
[flop] player NX01_1_6 checks
[flop] player NX01_1_6 goes all in (0 chips). Total bet is 0
[flop] round ends
[turn] J spade
[turn] round starts
[turn] player Mars_1_0 has 5997 chips
[turn] player The Joker_1_1 has 2975 chips
[turn] player Sister_Lily_1_2 has 3228 chips
[turn] player Gaotaku_1_3 has 2927 chips
[turn] player yyyyyr_1_4 has 2904 chips
[turn] player NX01_1_6 has 0 chips
[turn] player ssw_1_7 has 0 chips
[turn] player ssw_1_7 checks
[turn] player ssw_1_7 goes all in (0 chips). Total bet is 0
[turn] player NX01_1_6 checks
[turn] player NX01_1_6 goes all in (0 chips). Total bet is 0
[turn] round ends
[river] 8 club
[river] round starts
[river] player Mars_1_0 has 5997 chips
[river] player The Joker_1_1 has 2975 chips
[river] player Sister_Lily_1_2 has 3228 chips
[river] player Gaotaku_1_3 has 2927 chips
[river] player yyyyyr_1_4 has 2904 chips
[river] player NX01_1_6 has 0 chips
[river] player ssw_1_7 has 0 chips
[river] player ssw_1_7 checks
[river] player ssw_1_7 goes all in (0 chips). Total bet is 0
[river] player NX01_1_6 checks
[river] player NX01_1_6 goes all in (0 chips). Total bet is 0
[river] round ends
[SHOWDOWN] showdown starts
[SHOWDOWN] player ssw_1_7 shows A club A heart J club A diamond J spade, which is full house.
[SHOWDOWN] player NX01_1_6 shows J club J spade A diamond Q diamond 10 heart, which is one pair.
[GAME STAT] pot 0 with 160 chips is shared by 1 players
[GAME STAT] player ssw_1_7 gets 160 chips from pot 0
[GAME STAT] pot 1 with 5796 chips is shared by 1 players
[GAME STAT] player ssw_1_7 gets 5796 chips from pot 1
[GAME STAT] pot 2 with 13 chips is shared by 1 players
[GAME STAT] player ssw_1_7 gets 13 chips from pot 2
[GAME STAT] overall statistics
[GAME STAT] player Mars_1_0 wins -40 chips in this game
[GAME STAT] player The Joker_1_1 wins 0 chips in this game
[GAME STAT] player Sister_Lily_1_2 wins -40 chips in this game
[GAME STAT] player Gaotaku_1_3 wins 0 chips in this game
[GAME STAT] player yyyyyr_1_4 wins 0 chips in this game
[GAME STAT] player NX01_1_6 wins -2938 chips in this game
[GAME STAT] player ssw_1_7 wins 3018 chips in this game
[GAME 14] game ends, invoking player.game_end()
[GAME 15] game starts
[GAME INFO] number of participants in this game = 6
[GAME INFO] participant: Mars_1_0, chip = 5997
[GAME INFO] participant: The Joker_1_1, chip = 2975
[GAME INFO] participant: Sister_Lily_1_2, chip = 3228
[GAME INFO] participant: Gaotaku_1_3, chip = 2927
[GAME INFO] participant: yyyyyr_1_4, chip = 2904
[GAME INFO] participant: ssw_1_7, chip = 5969
[GAME INFO] blind is 20
[GAME INFO] dealer is ssw_1_7
[GAME INFO] small blind 20 posted by Mars_1_0
[GAME INFO] big blind 40 posted by The Joker_1_1
[hole card] 5 heart
[hole card] 3 club
[preflop] round starts
[preflop] player Mars_1_0 has 5977 chips
[preflop] player The Joker_1_1 has 2935 chips
[preflop] player Sister_Lily_1_2 has 3228 chips
[preflop] player Gaotaku_1_3 has 2927 chips
[preflop] player yyyyyr_1_4 has 2904 chips
[preflop] player ssw_1_7 has 5969 chips
[preflop] player Sister_Lily_1_2 calls. Total bet is 40
[preflop] player Gaotaku_1_3 folds
[preflop] player yyyyyr_1_4 folds
[preflop] player ssw_1_7 calls. Total bet is 40
[preflop] player Mars_1_0 folds
[preflop] action
[preflop] call (0 chips). 
[preflop] player The Joker_1_1 calls. Total bet is 40
[flop] 8 diamond
[flop] 5 spade
[flop] 6 diamond
[flop] round starts
[flop] player Mars_1_0 has 5977 chips
[flop] player The Joker_1_1 has 2935 chips
[flop] player Sister_Lily_1_2 has 3188 chips
[flop] player Gaotaku_1_3 has 2927 chips
[flop] player yyyyyr_1_4 has 2904 chips
[flop] player ssw_1_7 has 5929 chips
[flop] action
[flop] check
[flop] player The Joker_1_1 checks
[flop] player Sister_Lily_1_2 checks
[flop] player ssw_1_7 checks
[flop] round ends
[turn] Q heart
[turn] round starts
[turn] player Mars_1_0 has 5977 chips
[turn] player The Joker_1_1 has 2935 chips
[turn] player Sister_Lily_1_2 has 3188 chips
[turn] player Gaotaku_1_3 has 2927 chips
[turn] player yyyyyr_1_4 has 2904 chips
[turn] player ssw_1_7 has 5929 chips
[turn] action
[turn] check
[turn] player The Joker_1_1 checks
[turn] player Sister_Lily_1_2 checks
[turn] player ssw_1_7 checks
[turn] round ends
[river] K heart
[river] round starts
[river] player Mars_1_0 has 5977 chips
[river] player The Joker_1_1 has 2935 chips
[river] player Sister_Lily_1_2 has 3188 chips
[river] player Gaotaku_1_3 has 2927 chips
[river] player yyyyyr_1_4 has 2904 chips
[river] player ssw_1_7 has 5929 chips
[river] action
[river] check
[river] player The Joker_1_1 checks
[river] player Sister_Lily_1_2 checks
[river] player ssw_1_7 checks
[river] round ends
[SHOWDOWN] showdown starts
[SHOWDOWN] showdown
[SHOWDOWN] 8 diamond 5 spade Q heart K heart 5 heart
[SHOWDOWN] player ssw_1_7 shows A heart Q spade 8 diamond Q heart K heart, which is one pair.
[SHOWDOWN] player Sister_Lily_1_2 shows J diamond 6 spade 6 diamond Q heart K heart, which is one pair.
[SHOWDOWN] player The Joker_1_1 shows 8 diamond 5 spade Q heart K heart 5 heart, which is one pair.
[GAME STAT] pot 0 with 80 chips is shared by 1 players
[GAME STAT] player ssw_1_7 gets 80 chips from pot 0
[GAME STAT] pot 1 with 60 chips is shared by 1 players
[GAME STAT] player ssw_1_7 gets 60 chips from pot 1
[GAME STAT] overall statistics
[GAME STAT] player Mars_1_0 wins -20 chips in this game
[GAME STAT] player The Joker_1_1 wins -40 chips in this game
[GAME STAT] player Sister_Lily_1_2 wins -40 chips in this game
[GAME STAT] player Gaotaku_1_3 wins 0 chips in this game
[GAME STAT] player yyyyyr_1_4 wins 0 chips in this game
[GAME STAT] player ssw_1_7 wins 100 chips in this game
[GAME 15] game ends, invoking player.game_end()
[GAME 16] game starts
[GAME INFO] number of participants in this game = 6
[GAME INFO] participant: Mars_1_0, chip = 5977
[GAME INFO] participant: The Joker_1_1, chip = 2935
[GAME INFO] participant: Sister_Lily_1_2, chip = 3188
[GAME INFO] participant: Gaotaku_1_3, chip = 2927
[GAME INFO] participant: yyyyyr_1_4, chip = 2904
[GAME INFO] participant: ssw_1_7, chip = 6069
[GAME INFO] blind is 50
[GAME INFO] dealer is Mars_1_0
[GAME INFO] small blind 50 posted by The Joker_1_1
[GAME INFO] big blind 100 posted by Sister_Lily_1_2
[hole card] 5 diamond
[hole card] 7 club
[preflop] round starts
[preflop] player Mars_1_0 has 5977 chips
[preflop] player The Joker_1_1 has 2885 chips
[preflop] player Sister_Lily_1_2 has 3088 chips
[preflop] player Gaotaku_1_3 has 2927 chips
[preflop] player yyyyyr_1_4 has 2904 chips
[preflop] player ssw_1_7 has 6069 chips
[preflop] player Gaotaku_1_3 folds
[preflop] player yyyyyr_1_4 folds
[preflop] player ssw_1_7 folds
[preflop] player Mars_1_0 calls. Total bet is 100
[preflop] action
[WARNING] CANNOT check when another player has raised
[preflop] player The Joker_1_1 folds
[preflop] player Sister_Lily_1_2 calls. Total bet is 100
[flop] A club
[flop] 10 heart
[flop] 8 spade
[flop] round starts
[flop] player Mars_1_0 has 5877 chips
[flop] player The Joker_1_1 has 2885 chips
[flop] player Sister_Lily_1_2 has 3088 chips
[flop] player Gaotaku_1_3 has 2927 chips
[flop] player yyyyyr_1_4 has 2904 chips
[flop] player ssw_1_7 has 6069 chips
[flop] player Sister_Lily_1_2 checks
[flop] player Mars_1_0 checks
[flop] round ends
[turn] 9 heart
[turn] round starts
[turn] player Mars_1_0 has 5877 chips
[turn] player The Joker_1_1 has 2885 chips
[turn] player Sister_Lily_1_2 has 3088 chips
[turn] player Gaotaku_1_3 has 2927 chips
[turn] player yyyyyr_1_4 has 2904 chips
[turn] player ssw_1_7 has 6069 chips
[turn] player Sister_Lily_1_2 checks
[turn] player Mars_1_0 checks
[turn] round ends
[river] K diamond
[river] round starts
[river] player Mars_1_0 has 5877 chips
[river] player The Joker_1_1 has 2885 chips
[river] player Sister_Lily_1_2 has 3088 chips
[river] player Gaotaku_1_3 has 2927 chips
[river] player yyyyyr_1_4 has 2904 chips
[river] player ssw_1_7 has 6069 chips
[river] player Sister_Lily_1_2 checks
[river] player Mars_1_0 checks
[river] round ends
[SHOWDOWN] showdown starts
[SHOWDOWN] player Mars_1_0 shows 8 diamond 8 spade A club A heart K diamond, which is two pair.
[SHOWDOWN] player Sister_Lily_1_2 shows K club A club 10 heart 9 heart K diamond, which is one pair.
[GAME STAT] pot 0 with 150 chips is shared by 1 players
[GAME STAT] player Mars_1_0 gets 150 chips from pot 0
[GAME STAT] pot 1 with 100 chips is shared by 1 players
[GAME STAT] player Mars_1_0 gets 100 chips from pot 1
[GAME STAT] overall statistics
[GAME STAT] player Mars_1_0 wins 150 chips in this game
[GAME STAT] player The Joker_1_1 wins -50 chips in this game
[GAME STAT] player Sister_Lily_1_2 wins -100 chips in this game
[GAME STAT] player Gaotaku_1_3 wins 0 chips in this game
[GAME STAT] player yyyyyr_1_4 wins 0 chips in this game
[GAME STAT] player ssw_1_7 wins 0 chips in this game
[GAME 16] game ends, invoking player.game_end()
[GAME 17] game starts
[GAME INFO] number of participants in this game = 6
[GAME INFO] participant: Mars_1_0, chip = 6127
[GAME INFO] participant: The Joker_1_1, chip = 2885
[GAME INFO] participant: Sister_Lily_1_2, chip = 3088
[GAME INFO] participant: Gaotaku_1_3, chip = 2927
[GAME INFO] participant: yyyyyr_1_4, chip = 2904
[GAME INFO] participant: ssw_1_7, chip = 6069
[GAME INFO] blind is 50
[GAME INFO] dealer is The Joker_1_1
[GAME INFO] small blind 50 posted by Sister_Lily_1_2
[GAME INFO] big blind 100 posted by Gaotaku_1_3
[hole card] J spade
[hole card] 2 spade
[preflop] round starts
[preflop] player Mars_1_0 has 6127 chips
[preflop] player The Joker_1_1 has 2885 chips
[preflop] player Sister_Lily_1_2 has 3038 chips
[preflop] player Gaotaku_1_3 has 2827 chips
[preflop] player yyyyyr_1_4 has 2904 chips
[preflop] player ssw_1_7 has 6069 chips
[preflop] player yyyyyr_1_4 folds
[preflop] player ssw_1_7 folds
[preflop] player Mars_1_0 calls. Total bet is 100
[preflop] action
[WARNING] CANNOT check when another player has raised
[preflop] player The Joker_1_1 folds
[preflop] player Sister_Lily_1_2 calls. Total bet is 100
[preflop] player Gaotaku_1_3 folds
[flop] Q heart
[flop] A diamond
[flop] 4 diamond
[flop] round starts
[flop] player Mars_1_0 has 6027 chips
[flop] player The Joker_1_1 has 2885 chips
[flop] player Sister_Lily_1_2 has 2988 chips
[flop] player Gaotaku_1_3 has 2827 chips
[flop] player yyyyyr_1_4 has 2904 chips
[flop] player ssw_1_7 has 6069 chips
[flop] player Sister_Lily_1_2 checks
[flop] player Mars_1_0 checks
[flop] round ends
[turn] 6 heart
[turn] round starts
[turn] player Mars_1_0 has 6027 chips
[turn] player The Joker_1_1 has 2885 chips
[turn] player Sister_Lily_1_2 has 2988 chips
[turn] player Gaotaku_1_3 has 2827 chips
[turn] player yyyyyr_1_4 has 2904 chips
[turn] player ssw_1_7 has 6069 chips
[turn] player Sister_Lily_1_2 checks
[turn] player Mars_1_0 checks
[turn] round ends
[river] 8 heart
[river] round starts
[river] player Mars_1_0 has 6027 chips
[river] player The Joker_1_1 has 2885 chips
[river] player Sister_Lily_1_2 has 2988 chips
[river] player Gaotaku_1_3 has 2827 chips
[river] player yyyyyr_1_4 has 2904 chips
[river] player ssw_1_7 has 6069 chips
[river] player Sister_Lily_1_2 checks
[river] player Mars_1_0 checks
[river] round ends
[SHOWDOWN] showdown starts
[SHOWDOWN] player Mars_1_0 shows 8 heart A diamond A spade Q club Q heart, which is two pair.
[SHOWDOWN] player Sister_Lily_1_2 shows Q spade 6 spade Q heart A diamond 6 heart, which is two pair.
[GAME STAT] pot 0 with 300 chips is shared by 1 players
[GAME STAT] player Mars_1_0 gets 300 chips from pot 0
[GAME STAT] overall statistics
[GAME STAT] player Mars_1_0 wins 200 chips in this game
[GAME STAT] player The Joker_1_1 wins 0 chips in this game
[GAME STAT] player Sister_Lily_1_2 wins -100 chips in this game
[GAME STAT] player Gaotaku_1_3 wins -100 chips in this game
[GAME STAT] player yyyyyr_1_4 wins 0 chips in this game
[GAME STAT] player ssw_1_7 wins 0 chips in this game
[GAME 17] game ends, invoking player.game_end()
[GAME 18] game starts
[GAME INFO] number of participants in this game = 6
[GAME INFO] participant: Mars_1_0, chip = 6327
[GAME INFO] participant: The Joker_1_1, chip = 2885
[GAME INFO] participant: Sister_Lily_1_2, chip = 2988
[GAME INFO] participant: Gaotaku_1_3, chip = 2827
[GAME INFO] participant: yyyyyr_1_4, chip = 2904
[GAME INFO] participant: ssw_1_7, chip = 6069
[GAME INFO] blind is 50
[GAME INFO] dealer is Sister_Lily_1_2
[GAME INFO] small blind 50 posted by Gaotaku_1_3
[GAME INFO] big blind 100 posted by yyyyyr_1_4
[hole card] 8 club
[hole card] 7 heart
[preflop] round starts
[preflop] player Mars_1_0 has 6327 chips
[preflop] player The Joker_1_1 has 2885 chips
[preflop] player Sister_Lily_1_2 has 2988 chips
[preflop] player Gaotaku_1_3 has 2777 chips
[preflop] player yyyyyr_1_4 has 2804 chips
[preflop] player ssw_1_7 has 6069 chips
[preflop] player ssw_1_7 folds
[preflop] player Mars_1_0 calls. Total bet is 100
[preflop] action
[WARNING] CANNOT check when another player has raised
[preflop] player The Joker_1_1 folds
[preflop] player Sister_Lily_1_2 calls. Total bet is 100
[preflop] player Gaotaku_1_3 folds
[preflop] player yyyyyr_1_4 calls. Total bet is 100
[flop] 8 spade
[flop] A club
[flop] 2 diamond
[flop] round starts
[flop] player Mars_1_0 has 6227 chips
[flop] player The Joker_1_1 has 2885 chips
[flop] player Sister_Lily_1_2 has 2888 chips
[flop] player Gaotaku_1_3 has 2777 chips
[flop] player yyyyyr_1_4 has 2804 chips
[flop] player ssw_1_7 has 6069 chips
[flop] player yyyyyr_1_4 checks
[flop] player Mars_1_0 checks
[flop] player Sister_Lily_1_2 checks
[flop] round ends
[turn] 3 spade
[turn] round starts
[turn] player Mars_1_0 has 6227 chips
[turn] player The Joker_1_1 has 2885 chips
[turn] player Sister_Lily_1_2 has 2888 chips
[turn] player Gaotaku_1_3 has 2777 chips
[turn] player yyyyyr_1_4 has 2804 chips
[turn] player ssw_1_7 has 6069 chips
[turn] player yyyyyr_1_4 checks
[turn] player Mars_1_0 checks
[turn] player Sister_Lily_1_2 checks
[turn] round ends
[river] 5 diamond
[river] round starts
[river] player Mars_1_0 has 6227 chips
[river] player The Joker_1_1 has 2885 chips
[river] player Sister_Lily_1_2 has 2888 chips
[river] player Gaotaku_1_3 has 2777 chips
[river] player yyyyyr_1_4 has 2804 chips
[river] player ssw_1_7 has 6069 chips
[river] player yyyyyr_1_4 checks
[river] player Mars_1_0 checks
[river] player Sister_Lily_1_2 checks
[river] round ends
[SHOWDOWN] showdown starts
[SHOWDOWN] player yyyyyr_1_4 shows 7 club K heart 8 spade A club 5 diamond, which is high card.
[SHOWDOWN] player Sister_Lily_1_2 shows 4 diamond 7 spade 8 spade A club 5 diamond, which is high card.
[SHOWDOWN] player Mars_1_0 shows 2 diamond 3 spade 4 club 5 diamond A club, which is high card.
[GAME STAT] pot 0 with 200 chips is shared by 1 players
[GAME STAT] player yyyyyr_1_4 gets 200 chips from pot 0
[GAME STAT] pot 1 with 150 chips is shared by 1 players
[GAME STAT] player yyyyyr_1_4 gets 150 chips from pot 1
[GAME STAT] overall statistics
[GAME STAT] player Mars_1_0 wins -100 chips in this game
[GAME STAT] player The Joker_1_1 wins 0 chips in this game
[GAME STAT] player Sister_Lily_1_2 wins -100 chips in this game
[GAME STAT] player Gaotaku_1_3 wins -50 chips in this game
[GAME STAT] player yyyyyr_1_4 wins 250 chips in this game
[GAME STAT] player ssw_1_7 wins 0 chips in this game
[GAME 18] game ends, invoking player.game_end()
[GAME 19] game starts
[GAME INFO] number of participants in this game = 6
[GAME INFO] participant: Mars_1_0, chip = 6227
[GAME INFO] participant: The Joker_1_1, chip = 2885
[GAME INFO] participant: Sister_Lily_1_2, chip = 2888
[GAME INFO] participant: Gaotaku_1_3, chip = 2777
[GAME INFO] participant: yyyyyr_1_4, chip = 3154
[GAME INFO] participant: ssw_1_7, chip = 6069
[GAME INFO] blind is 100
[GAME INFO] dealer is Gaotaku_1_3
[GAME INFO] small blind 100 posted by yyyyyr_1_4
[GAME INFO] big blind 200 posted by ssw_1_7
[hole card] K diamond
[hole card] J spade
[preflop] round starts
[preflop] player Mars_1_0 has 6227 chips
[preflop] player The Joker_1_1 has 2885 chips
[preflop] player Sister_Lily_1_2 has 2888 chips
[preflop] player Gaotaku_1_3 has 2777 chips
[preflop] player yyyyyr_1_4 has 3054 chips
[preflop] player ssw_1_7 has 5869 chips
[preflop] player Mars_1_0 folds
[preflop] action
[preflop] call (200 chips). 
[preflop] player The Joker_1_1 calls. Total bet is 200
[preflop] player Sister_Lily_1_2 calls. Total bet is 200
[preflop] player Gaotaku_1_3 folds
[preflop] player yyyyyr_1_4 folds
[preflop] player ssw_1_7 folds
[flop] 9 diamond
[flop] 10 club
[flop] 2 heart
[flop] round starts
[flop] player Mars_1_0 has 6227 chips
[flop] player The Joker_1_1 has 2685 chips
[flop] player Sister_Lily_1_2 has 2688 chips
[flop] player Gaotaku_1_3 has 2777 chips
[flop] player yyyyyr_1_4 has 3054 chips
[flop] player ssw_1_7 has 5869 chips
[flop] action
[flop] check
[flop] player The Joker_1_1 checks
[flop] player Sister_Lily_1_2 checks
[flop] round ends
[turn] Q club
[turn] round starts
[turn] player Mars_1_0 has 6227 chips
[turn] player The Joker_1_1 has 2685 chips
[turn] player Sister_Lily_1_2 has 2688 chips
[turn] player Gaotaku_1_3 has 2777 chips
[turn] player yyyyyr_1_4 has 3054 chips
[turn] player ssw_1_7 has 5869 chips
[turn] action
[turn] check
[turn] player The Joker_1_1 checks
[turn] player Sister_Lily_1_2 checks
[turn] round ends
[river] J club
[river] round starts
[river] player Mars_1_0 has 6227 chips
[river] player The Joker_1_1 has 2685 chips
[river] player Sister_Lily_1_2 has 2688 chips
[river] player Gaotaku_1_3 has 2777 chips
[river] player yyyyyr_1_4 has 3054 chips
[river] player ssw_1_7 has 5869 chips
[river] action
[river] check
[river] player The Joker_1_1 checks
[river] player Sister_Lily_1_2 checks
[river] round ends
[SHOWDOWN] showdown starts
[SHOWDOWN] showdown
[SHOWDOWN] 9 diamond 10 club Q club K diamond J spade
[SHOWDOWN] player The Joker_1_1 shows 9 diamond 10 club Q club K diamond J spade, which is straight.
[SHOWDOWN] player Sister_Lily_1_2 shows A heart 9 diamond 10 club Q club J club, which is high card.
[GAME STAT] pot 0 with 400 chips is shared by 1 players
[GAME STAT] player The Joker_1_1 gets 400 chips from pot 0
[GAME STAT] pot 1 with 300 chips is shared by 1 players
[GAME STAT] player The Joker_1_1 gets 300 chips from pot 1
[GAME STAT] overall statistics
[GAME STAT] player Mars_1_0 wins 0 chips in this game
[GAME STAT] player The Joker_1_1 wins 500 chips in this game
[GAME STAT] player Sister_Lily_1_2 wins -200 chips in this game
[GAME STAT] player Gaotaku_1_3 wins 0 chips in this game
[GAME STAT] player yyyyyr_1_4 wins -100 chips in this game
[GAME STAT] player ssw_1_7 wins -200 chips in this game
[GAME 19] game ends, invoking player.game_end()
[GAME 20] game starts
[GAME INFO] number of participants in this game = 6
[GAME INFO] participant: Mars_1_0, chip = 6227
[GAME INFO] participant: The Joker_1_1, chip = 3385
[GAME INFO] participant: Sister_Lily_1_2, chip = 2688
[GAME INFO] participant: Gaotaku_1_3, chip = 2777
[GAME INFO] participant: yyyyyr_1_4, chip = 3054
[GAME INFO] participant: ssw_1_7, chip = 5869
[GAME INFO] blind is 100
[GAME INFO] dealer is yyyyyr_1_4
[GAME INFO] small blind 100 posted by ssw_1_7
[GAME INFO] big blind 200 posted by Mars_1_0
[hole card] 4 diamond
[hole card] 9 diamond
[preflop] round starts
[preflop] player Mars_1_0 has 6027 chips
[preflop] player The Joker_1_1 has 3385 chips
[preflop] player Sister_Lily_1_2 has 2688 chips
[preflop] player Gaotaku_1_3 has 2777 chips
[preflop] player yyyyyr_1_4 has 3054 chips
[preflop] player ssw_1_7 has 5769 chips
[preflop] action
[WARNING] CANNOT check when another player has raised
[preflop] player The Joker_1_1 folds
[preflop] player Sister_Lily_1_2 calls. Total bet is 200
[preflop] player Gaotaku_1_3 folds
[preflop] player yyyyyr_1_4 folds
[preflop] player ssw_1_7 folds
[preflop] player Mars_1_0 calls. Total bet is 200
[flop] A club
[flop] 6 diamond
[flop] 5 heart
[flop] round starts
[flop] player Mars_1_0 has 6027 chips
[flop] player The Joker_1_1 has 3385 chips
[flop] player Sister_Lily_1_2 has 2488 chips
[flop] player Gaotaku_1_3 has 2777 chips
[flop] player yyyyyr_1_4 has 3054 chips
[flop] player ssw_1_7 has 5769 chips
[flop] player Mars_1_0 raises 602. Total bet is 602
[flop] player Sister_Lily_1_2 folds
[GAME STAT] pot 0 with 300 chips is shared by 1 players
[GAME STAT] player Mars_1_0 gets 300 chips from pot 0
[GAME STAT] pot 1 with 200 chips is shared by 1 players
[GAME STAT] player Mars_1_0 gets 200 chips from pot 1
[GAME STAT] pot 2 with 602 chips is shared by 1 players
[GAME STAT] player Mars_1_0 gets 602 chips from pot 2
[GAME STAT] overall statistics
[GAME STAT] player Mars_1_0 wins 300 chips in this game
[GAME STAT] player The Joker_1_1 wins 0 chips in this game
[GAME STAT] player Sister_Lily_1_2 wins -200 chips in this game
[GAME STAT] player Gaotaku_1_3 wins 0 chips in this game
[GAME STAT] player yyyyyr_1_4 wins 0 chips in this game
[GAME STAT] player ssw_1_7 wins -100 chips in this game
[GAME 20] game ends, invoking player.game_end()
[GAME 21] game starts
[GAME INFO] number of participants in this game = 6
[GAME INFO] participant: Mars_1_0, chip = 6527
[GAME INFO] participant: The Joker_1_1, chip = 3385
[GAME INFO] participant: Sister_Lily_1_2, chip = 2488
[GAME INFO] participant: Gaotaku_1_3, chip = 2777
[GAME INFO] participant: yyyyyr_1_4, chip = 3054
[GAME INFO] participant: ssw_1_7, chip = 5769
[GAME INFO] blind is 100
[GAME INFO] dealer is ssw_1_7
[GAME INFO] small blind 100 posted by Mars_1_0
[GAME INFO] big blind 200 posted by The Joker_1_1
[hole card] K heart
[hole card] A diamond
[preflop] round starts
[preflop] player Mars_1_0 has 6427 chips
[preflop] player The Joker_1_1 has 3185 chips
[preflop] player Sister_Lily_1_2 has 2488 chips
[preflop] player Gaotaku_1_3 has 2777 chips
[preflop] player yyyyyr_1_4 has 3054 chips
[preflop] player ssw_1_7 has 5769 chips
[preflop] player Sister_Lily_1_2 calls. Total bet is 200
[preflop] player Gaotaku_1_3 folds
[preflop] player yyyyyr_1_4 calls. Total bet is 200
[preflop] player ssw_1_7 folds
[preflop] player Mars_1_0 calls. Total bet is 200
[preflop] action
[preflop] call (0 chips). 
[preflop] player The Joker_1_1 calls. Total bet is 200
[flop] 3 heart
[flop] 6 spade
[flop] 8 heart
[flop] round starts
[flop] player Mars_1_0 has 6327 chips
[flop] player The Joker_1_1 has 3185 chips
[flop] player Sister_Lily_1_2 has 2288 chips
[flop] player Gaotaku_1_3 has 2777 chips
[flop] player yyyyyr_1_4 has 2854 chips
[flop] player ssw_1_7 has 5769 chips
[flop] player Mars_1_0 checks
[flop] action
[flop] check
[flop] player The Joker_1_1 checks
[flop] player Sister_Lily_1_2 checks
[flop] player yyyyyr_1_4 checks
[flop] round ends
[turn] 6 club
[turn] round starts
[turn] player Mars_1_0 has 6327 chips
[turn] player The Joker_1_1 has 3185 chips
[turn] player Sister_Lily_1_2 has 2288 chips
[turn] player Gaotaku_1_3 has 2777 chips
[turn] player yyyyyr_1_4 has 2854 chips
[turn] player ssw_1_7 has 5769 chips
[turn] player Mars_1_0 checks
[turn] action
[turn] check
[turn] player The Joker_1_1 checks
[turn] player Sister_Lily_1_2 checks
[turn] player yyyyyr_1_4 checks
[turn] round ends
[river] 4 diamond
[river] round starts
[river] player Mars_1_0 has 6327 chips
[river] player The Joker_1_1 has 3185 chips
[river] player Sister_Lily_1_2 has 2288 chips
[river] player Gaotaku_1_3 has 2777 chips
[river] player yyyyyr_1_4 has 2854 chips
[river] player ssw_1_7 has 5769 chips
[river] player Mars_1_0 checks
[river] action
[river] check
[river] player The Joker_1_1 checks
[river] player Sister_Lily_1_2 checks
[river] player yyyyyr_1_4 checks
[river] round ends
[SHOWDOWN] showdown starts
[SHOWDOWN] showdown
[SHOWDOWN] 6 spade 8 heart 6 club K heart A diamond
[SHOWDOWN] player The Joker_1_1 shows 6 spade 8 heart 6 club K heart A diamond, which is one pair.
[SHOWDOWN] player yyyyyr_1_4 shows Q diamond A heart 6 spade 8 heart 6 club, which is one pair.
[SHOWDOWN] player Mars_1_0 shows 6 club 6 spade 7 club 8 heart J spade, which is one pair.
[SHOWDOWN] player Sister_Lily_1_2 shows J diamond 6 spade 8 heart 6 club 4 diamond, which is one pair.
[GAME STAT] pot 0 with 800 chips is shared by 1 players
[GAME STAT] player The Joker_1_1 gets 800 chips from pot 0
[GAME STAT] overall statistics
[GAME STAT] player Mars_1_0 wins -200 chips in this game
[GAME STAT] player The Joker_1_1 wins 600 chips in this game
[GAME STAT] player Sister_Lily_1_2 wins -200 chips in this game
[GAME STAT] player Gaotaku_1_3 wins 0 chips in this game
[GAME STAT] player yyyyyr_1_4 wins -200 chips in this game
[GAME STAT] player ssw_1_7 wins 0 chips in this game
[GAME 21] game ends, invoking player.game_end()
[GAME 22] game starts
[GAME INFO] number of participants in this game = 6
[GAME INFO] participant: Mars_1_0, chip = 6327
[GAME INFO] participant: The Joker_1_1, chip = 3985
[GAME INFO] participant: Sister_Lily_1_2, chip = 2288
[GAME INFO] participant: Gaotaku_1_3, chip = 2777
[GAME INFO] participant: yyyyyr_1_4, chip = 2854
[GAME INFO] participant: ssw_1_7, chip = 5769
[GAME INFO] blind is 200
[GAME INFO] dealer is Mars_1_0
[GAME INFO] small blind 200 posted by The Joker_1_1
[GAME INFO] big blind 400 posted by Sister_Lily_1_2
[hole card] 10 heart
[hole card] 2 spade
[preflop] round starts
[preflop] player Mars_1_0 has 6327 chips
[preflop] player The Joker_1_1 has 3785 chips
[preflop] player Sister_Lily_1_2 has 1888 chips
[preflop] player Gaotaku_1_3 has 2777 chips
[preflop] player yyyyyr_1_4 has 2854 chips
[preflop] player ssw_1_7 has 5769 chips
[preflop] player Gaotaku_1_3 folds
[preflop] player yyyyyr_1_4 folds
[preflop] player ssw_1_7 folds
[preflop] player Mars_1_0 calls. Total bet is 400
[preflop] action
[WARNING] CANNOT check when another player has raised
[preflop] player The Joker_1_1 folds
[preflop] player Sister_Lily_1_2 folds
[GAME STAT] pot 0 with 600 chips is shared by 1 players
[GAME STAT] player Mars_1_0 gets 600 chips from pot 0
[GAME STAT] pot 1 with 400 chips is shared by 1 players
[GAME STAT] player Mars_1_0 gets 400 chips from pot 1
[GAME STAT] overall statistics
[GAME STAT] player Mars_1_0 wins 600 chips in this game
[GAME STAT] player The Joker_1_1 wins -200 chips in this game
[GAME STAT] player Sister_Lily_1_2 wins -400 chips in this game
[GAME STAT] player Gaotaku_1_3 wins 0 chips in this game
[GAME STAT] player yyyyyr_1_4 wins 0 chips in this game
[GAME STAT] player ssw_1_7 wins 0 chips in this game
[GAME 22] game ends, invoking player.game_end()
[GAME 23] game starts
[GAME INFO] number of participants in this game = 6
[GAME INFO] participant: Mars_1_0, chip = 6927
[GAME INFO] participant: The Joker_1_1, chip = 3785
[GAME INFO] participant: Sister_Lily_1_2, chip = 1888
[GAME INFO] participant: Gaotaku_1_3, chip = 2777
[GAME INFO] participant: yyyyyr_1_4, chip = 2854
[GAME INFO] participant: ssw_1_7, chip = 5769
[GAME INFO] blind is 200
[GAME INFO] dealer is The Joker_1_1
[GAME INFO] small blind 200 posted by Sister_Lily_1_2
[GAME INFO] big blind 400 posted by Gaotaku_1_3
[hole card] Q spade
[hole card] 10 heart
[preflop] round starts
[preflop] player Mars_1_0 has 6927 chips
[preflop] player The Joker_1_1 has 3785 chips
[preflop] player Sister_Lily_1_2 has 1688 chips
[preflop] player Gaotaku_1_3 has 2377 chips
[preflop] player yyyyyr_1_4 has 2854 chips
[preflop] player ssw_1_7 has 5769 chips
[preflop] player yyyyyr_1_4 folds
[preflop] player ssw_1_7 folds
[preflop] player Mars_1_0 folds
[preflop] action
[preflop] call (400 chips). 
[preflop] player The Joker_1_1 calls. Total bet is 400
[preflop] player Sister_Lily_1_2 folds
[preflop] player Gaotaku_1_3 folds
[GAME STAT] pot 0 with 600 chips is shared by 1 players
[GAME STAT] player The Joker_1_1 gets 600 chips from pot 0
[GAME STAT] pot 1 with 400 chips is shared by 1 players
[GAME STAT] player The Joker_1_1 gets 400 chips from pot 1
[GAME STAT] overall statistics
[GAME STAT] player Mars_1_0 wins 0 chips in this game
[GAME STAT] player The Joker_1_1 wins 600 chips in this game
[GAME STAT] player Sister_Lily_1_2 wins -200 chips in this game
[GAME STAT] player Gaotaku_1_3 wins -400 chips in this game
[GAME STAT] player yyyyyr_1_4 wins 0 chips in this game
[GAME STAT] player ssw_1_7 wins 0 chips in this game
[GAME 23] game ends, invoking player.game_end()
[GAME 24] game starts
[GAME INFO] number of participants in this game = 6
[GAME INFO] participant: Mars_1_0, chip = 6927
[GAME INFO] participant: The Joker_1_1, chip = 4385
[GAME INFO] participant: Sister_Lily_1_2, chip = 1688
[GAME INFO] participant: Gaotaku_1_3, chip = 2377
[GAME INFO] participant: yyyyyr_1_4, chip = 2854
[GAME INFO] participant: ssw_1_7, chip = 5769
[GAME INFO] blind is 200
[GAME INFO] dealer is Sister_Lily_1_2
[GAME INFO] small blind 200 posted by Gaotaku_1_3
[GAME INFO] big blind 400 posted by yyyyyr_1_4
[hole card] J diamond
[hole card] 4 diamond
[preflop] round starts
[preflop] player Mars_1_0 has 6927 chips
[preflop] player The Joker_1_1 has 4385 chips
[preflop] player Sister_Lily_1_2 has 1688 chips
[preflop] player Gaotaku_1_3 has 2177 chips
[preflop] player yyyyyr_1_4 has 2454 chips
[preflop] player ssw_1_7 has 5769 chips
[preflop] player ssw_1_7 folds
[preflop] player Mars_1_0 calls. Total bet is 400
[preflop] action
[WARNING] CANNOT check when another player has raised
[preflop] player The Joker_1_1 folds
[preflop] player Sister_Lily_1_2 folds
[preflop] player Gaotaku_1_3 folds
[preflop] player yyyyyr_1_4 folds
[GAME STAT] pot 0 with 600 chips is shared by 1 players
[GAME STAT] player Mars_1_0 gets 600 chips from pot 0
[GAME STAT] pot 1 with 400 chips is shared by 1 players
[GAME STAT] player Mars_1_0 gets 400 chips from pot 1
[GAME STAT] overall statistics
[GAME STAT] player Mars_1_0 wins 600 chips in this game
[GAME STAT] player The Joker_1_1 wins 0 chips in this game
[GAME STAT] player Sister_Lily_1_2 wins 0 chips in this game
[GAME STAT] player Gaotaku_1_3 wins -200 chips in this game
[GAME STAT] player yyyyyr_1_4 wins -400 chips in this game
[GAME STAT] player ssw_1_7 wins 0 chips in this game
[GAME 24] game ends, invoking player.game_end()
[GAME 25] game starts
[GAME INFO] number of participants in this game = 6
[GAME INFO] participant: Mars_1_0, chip = 7527
[GAME INFO] participant: The Joker_1_1, chip = 4385
[GAME INFO] participant: Sister_Lily_1_2, chip = 1688
[GAME INFO] participant: Gaotaku_1_3, chip = 2177
[GAME INFO] participant: yyyyyr_1_4, chip = 2454
[GAME INFO] participant: ssw_1_7, chip = 5769
[GAME INFO] blind is 500
[GAME INFO] dealer is Gaotaku_1_3
[GAME INFO] small blind 500 posted by yyyyyr_1_4
[GAME INFO] big blind 1000 posted by ssw_1_7
[hole card] 10 spade
[hole card] 3 diamond
[preflop] round starts
[preflop] player Mars_1_0 has 7527 chips
[preflop] player The Joker_1_1 has 4385 chips
[preflop] player Sister_Lily_1_2 has 1688 chips
[preflop] player Gaotaku_1_3 has 2177 chips
[preflop] player yyyyyr_1_4 has 1954 chips
[preflop] player ssw_1_7 has 4769 chips
[preflop] player Mars_1_0 folds
[preflop] action
[WARNING] CANNOT check when another player has raised
[preflop] player The Joker_1_1 folds
[preflop] player Sister_Lily_1_2 folds
[preflop] player Gaotaku_1_3 folds
[preflop] player yyyyyr_1_4 folds
[GAME STAT] pot 0 with 1000 chips is shared by 1 players
[GAME STAT] player ssw_1_7 gets 1000 chips from pot 0
[GAME STAT] pot 1 with 500 chips is shared by 1 players
[GAME STAT] player ssw_1_7 gets 500 chips from pot 1
[GAME STAT] overall statistics
[GAME STAT] player Mars_1_0 wins 0 chips in this game
[GAME STAT] player The Joker_1_1 wins 0 chips in this game
[GAME STAT] player Sister_Lily_1_2 wins 0 chips in this game
[GAME STAT] player Gaotaku_1_3 wins 0 chips in this game
[GAME STAT] player yyyyyr_1_4 wins -500 chips in this game
[GAME STAT] player ssw_1_7 wins 500 chips in this game
[GAME 25] game ends, invoking player.game_end()
[GAME 26] game starts
[GAME INFO] number of participants in this game = 6
[GAME INFO] participant: Mars_1_0, chip = 7527
[GAME INFO] participant: The Joker_1_1, chip = 4385
[GAME INFO] participant: Sister_Lily_1_2, chip = 1688
[GAME INFO] participant: Gaotaku_1_3, chip = 2177
[GAME INFO] participant: yyyyyr_1_4, chip = 1954
[GAME INFO] participant: ssw_1_7, chip = 6269
[GAME INFO] blind is 500
[GAME INFO] dealer is yyyyyr_1_4
[GAME INFO] small blind 500 posted by ssw_1_7
[GAME INFO] big blind 1000 posted by Mars_1_0
[hole card] J heart
[hole card] K club
[preflop] round starts
[preflop] player Mars_1_0 has 6527 chips
[preflop] player The Joker_1_1 has 4385 chips
[preflop] player Sister_Lily_1_2 has 1688 chips
[preflop] player Gaotaku_1_3 has 2177 chips
[preflop] player yyyyyr_1_4 has 1954 chips
[preflop] player ssw_1_7 has 5769 chips
[preflop] action
[WARNING] CANNOT check when another player has raised
[preflop] player The Joker_1_1 folds
[preflop] player Sister_Lily_1_2 folds
[preflop] player Gaotaku_1_3 folds
[preflop] player yyyyyr_1_4 calls. Total bet is 1000
[preflop] player ssw_1_7 folds
[preflop] player Mars_1_0 calls. Total bet is 1000
[flop] K diamond
[flop] 8 diamond
[flop] 3 heart
[flop] round starts
[flop] player Mars_1_0 has 6527 chips
[flop] player The Joker_1_1 has 4385 chips
[flop] player Sister_Lily_1_2 has 1688 chips
[flop] player Gaotaku_1_3 has 2177 chips
[flop] player yyyyyr_1_4 has 954 chips
[flop] player ssw_1_7 has 5769 chips
[flop] player Mars_1_0 checks
[flop] player yyyyyr_1_4 checks
[flop] round ends
[turn] 9 heart
[turn] round starts
[turn] player Mars_1_0 has 6527 chips
[turn] player The Joker_1_1 has 4385 chips
[turn] player Sister_Lily_1_2 has 1688 chips
[turn] player Gaotaku_1_3 has 2177 chips
[turn] player yyyyyr_1_4 has 954 chips
[turn] player ssw_1_7 has 5769 chips
[turn] player Mars_1_0 checks
[turn] player yyyyyr_1_4 checks
[turn] round ends
[river] 7 diamond
[river] round starts
[river] player Mars_1_0 has 6527 chips
[river] player The Joker_1_1 has 4385 chips
[river] player Sister_Lily_1_2 has 1688 chips
[river] player Gaotaku_1_3 has 2177 chips
[river] player yyyyyr_1_4 has 954 chips
[river] player ssw_1_7 has 5769 chips
[river] player Mars_1_0 checks
[river] player yyyyyr_1_4 checks
[river] round ends
[SHOWDOWN] showdown starts
[SHOWDOWN] player yyyyyr_1_4 shows A diamond A spade K diamond 8 diamond 9 heart, which is one pair.
[SHOWDOWN] player Mars_1_0 shows 7 diamond 8 diamond 9 heart J diamond K diamond, which is high card.
[GAME STAT] pot 0 with 1500 chips is shared by 1 players
[GAME STAT] player yyyyyr_1_4 gets 1500 chips from pot 0
[GAME STAT] pot 1 with 1000 chips is shared by 1 players
[GAME STAT] player yyyyyr_1_4 gets 1000 chips from pot 1
[GAME STAT] overall statistics
[GAME STAT] player Mars_1_0 wins -1000 chips in this game
[GAME STAT] player The Joker_1_1 wins 0 chips in this game
[GAME STAT] player Sister_Lily_1_2 wins 0 chips in this game
[GAME STAT] player Gaotaku_1_3 wins 0 chips in this game
[GAME STAT] player yyyyyr_1_4 wins 1500 chips in this game
[GAME STAT] player ssw_1_7 wins -500 chips in this game
[GAME 26] game ends, invoking player.game_end()
[GAME 27] game starts
[GAME INFO] number of participants in this game = 6
[GAME INFO] participant: Mars_1_0, chip = 6527
[GAME INFO] participant: The Joker_1_1, chip = 4385
[GAME INFO] participant: Sister_Lily_1_2, chip = 1688
[GAME INFO] participant: Gaotaku_1_3, chip = 2177
[GAME INFO] participant: yyyyyr_1_4, chip = 3454
[GAME INFO] participant: ssw_1_7, chip = 5769
[GAME INFO] blind is 500
[GAME INFO] dealer is ssw_1_7
[GAME INFO] small blind 500 posted by Mars_1_0
[GAME INFO] big blind 1000 posted by The Joker_1_1
[hole card] K club
[hole card] 8 heart
[preflop] round starts
[preflop] player Mars_1_0 has 6027 chips
[preflop] player The Joker_1_1 has 3385 chips
[preflop] player Sister_Lily_1_2 has 1688 chips
[preflop] player Gaotaku_1_3 has 2177 chips
[preflop] player yyyyyr_1_4 has 3454 chips
[preflop] player ssw_1_7 has 5769 chips
[preflop] player Sister_Lily_1_2 folds
[preflop] player Gaotaku_1_3 folds
[preflop] player yyyyyr_1_4 folds
[preflop] player ssw_1_7 folds
[preflop] player Mars_1_0 folds
[GAME STAT] pot 0 with 1000 chips is shared by 1 players
[GAME STAT] player The Joker_1_1 gets 1000 chips from pot 0
[GAME STAT] pot 1 with 500 chips is shared by 1 players
[GAME STAT] player The Joker_1_1 gets 500 chips from pot 1
[GAME STAT] overall statistics
[GAME STAT] player Mars_1_0 wins -500 chips in this game
[GAME STAT] player The Joker_1_1 wins 500 chips in this game
[GAME STAT] player Sister_Lily_1_2 wins 0 chips in this game
[GAME STAT] player Gaotaku_1_3 wins 0 chips in this game
[GAME STAT] player yyyyyr_1_4 wins 0 chips in this game
[GAME STAT] player ssw_1_7 wins 0 chips in this game
[GAME 27] game ends, invoking player.game_end()
[END]
[FINAL STAT] chips
[FINAL STAT] Mars_1_0 has 6027 chips
[FINAL STAT] The Joker_1_1 has 4885 chips
[FINAL STAT] Sister_Lily_1_2 has 1688 chips
[FINAL STAT] Gaotaku_1_3 has 2177 chips
[FINAL STAT] yyyyyr_1_4 has 3454 chips
[FINAL STAT] were_1_5 has 0 chips
[FINAL STAT] NX01_1_6 has 0 chips
[FINAL STAT] ssw_1_7 has 5769 chips
