[UI] login name: [UI] succefully login as The Joker_1_6
[login] The Joker_1_6
[player 0] Minty_1_0
[player 1] yi95yi_1_1
[player 2] Jerry_Xu_1_2
[player 3] BigNews!_1_3
[player 4] Kasin1_1_4
[player 5] taring_1_5
[player 6] The Joker_1_6
[player 7] yyyyyr_1_7
[GAME INFO] number of players = 8
[GAME INFO] initial chips = 3000
[GAME 1] game starts
[GAME INFO] number of participants in this game = 8
[GAME INFO] participant: Minty_1_0, chip = 3000
[GAME INFO] participant: yi95yi_1_1, chip = 3000
[GAME INFO] participant: Jerry_Xu_1_2, chip = 3000
[GAME INFO] participant: BigNews!_1_3, chip = 3000
[GAME INFO] participant: Kasin1_1_4, chip = 3000
[GAME INFO] participant: taring_1_5, chip = 3000
[GAME INFO] participant: The Joker_1_6, chip = 3000
[GAME INFO] participant: yyyyyr_1_7, chip = 3000
[GAME INFO] blind is 1
[GAME INFO] dealer is Kasin1_1_4
[GAME INFO] small blind 1 posted by taring_1_5
[GAME INFO] big blind 2 posted by The Joker_1_6
[hole card] A spade
[hole card] 7 club
[preflop] round starts
[preflop] player Minty_1_0 has 3000 chips
[preflop] player yi95yi_1_1 has 3000 chips
[preflop] player Jerry_Xu_1_2 has 3000 chips
[preflop] player BigNews!_1_3 has 3000 chips
[preflop] player Kasin1_1_4 has 3000 chips
[preflop] player taring_1_5 has 2999 chips
[preflop] player The Joker_1_6 has 2998 chips
[preflop] player yyyyyr_1_7 has 3000 chips
[preflop] player yyyyyr_1_7 calls. Total bet is 2
[preflop] player Minty_1_0 folds
[preflop] player yi95yi_1_1 calls. Total bet is 2
[preflop] player Jerry_Xu_1_2 calls. Total bet is 2
[preflop] player BigNews!_1_3 calls. Total bet is 2
[preflop] player Kasin1_1_4 folds
[preflop] player taring_1_5 folds
[preflop] action
[preflop] call (0 chips). 
[preflop] player The Joker_1_6 calls. Total bet is 2
[flop] 8 club
[flop] 2 spade
[flop] 3 heart
[flop] round starts
[flop] player Minty_1_0 has 3000 chips
[flop] player yi95yi_1_1 has 2998 chips
[flop] player Jerry_Xu_1_2 has 2998 chips
[flop] player BigNews!_1_3 has 2998 chips
[flop] player Kasin1_1_4 has 3000 chips
[flop] player taring_1_5 has 2999 chips
[flop] player The Joker_1_6 has 2998 chips
[flop] player yyyyyr_1_7 has 2998 chips
[flop] action
[flop] check
[flop] player The Joker_1_6 checks
[flop] player yyyyyr_1_7 checks
[flop] player yi95yi_1_1 checks
[flop] player Jerry_Xu_1_2 checks
[flop] player BigNews!_1_3 checks
[flop] round ends
[turn] 5 club
[turn] round starts
[turn] player Minty_1_0 has 3000 chips
[turn] player yi95yi_1_1 has 2998 chips
[turn] player Jerry_Xu_1_2 has 2998 chips
[turn] player BigNews!_1_3 has 2998 chips
[turn] player Kasin1_1_4 has 3000 chips
[turn] player taring_1_5 has 2999 chips
[turn] player The Joker_1_6 has 2998 chips
[turn] player yyyyyr_1_7 has 2998 chips
[turn] action
[turn] check
[turn] player The Joker_1_6 checks
[turn] player yyyyyr_1_7 checks
[turn] player yi95yi_1_1 checks
[turn] player Jerry_Xu_1_2 checks
[turn] player BigNews!_1_3 checks
[turn] round ends
[river] J heart
[river] round starts
[river] player Minty_1_0 has 3000 chips
[river] player yi95yi_1_1 has 2998 chips
[river] player Jerry_Xu_1_2 has 2998 chips
[river] player BigNews!_1_3 has 2998 chips
[river] player Kasin1_1_4 has 3000 chips
[river] player taring_1_5 has 2999 chips
[river] player The Joker_1_6 has 2998 chips
[river] player yyyyyr_1_7 has 2998 chips
[river] action
[river] check
[river] player The Joker_1_6 checks
[river] player yyyyyr_1_7 checks
[river] player yi95yi_1_1 checks
[river] player Jerry_Xu_1_2 checks
[river] player BigNews!_1_3 checks
[river] round ends
[SHOWDOWN] showdown starts
[SHOWDOWN] showdown
[SHOWDOWN] 8 club 5 club J heart A spade 7 club
[SHOWDOWN] player Jerry_Xu_1_2 shows 4 heart 4 diamond 3 heart 5 club J heart, which is one pair.
[SHOWDOWN] player BigNews!_1_3 shows J heart 10 diamond 8 club 3 heart 3 spade, which is one pair.
[SHOWDOWN] player The Joker_1_6 shows 8 club 5 club J heart A spade 7 club, which is high card.
[SHOWDOWN] player yyyyyr_1_7 shows Q club 9 diamond 8 club 5 club J heart, which is high card.
[SHOWDOWN] player yi95yi_1_1 shows 7 heart 10 club 8 club 5 club J heart, which is high card.
[GAME STAT] pot 0 with 6 chips is shared by 1 players
[GAME STAT] player Jerry_Xu_1_2 gets 6 chips from pot 0
[GAME STAT] pot 1 with 5 chips is shared by 1 players
[GAME STAT] player Jerry_Xu_1_2 gets 5 chips from pot 1
[GAME STAT] overall statistics
[GAME STAT] player Minty_1_0 wins 0 chips in this game
[GAME STAT] player yi95yi_1_1 wins -2 chips in this game
[GAME STAT] player Jerry_Xu_1_2 wins 9 chips in this game
[GAME STAT] player BigNews!_1_3 wins -2 chips in this game
[GAME STAT] player Kasin1_1_4 wins 0 chips in this game
[GAME STAT] player taring_1_5 wins -1 chips in this game
[GAME STAT] player The Joker_1_6 wins -2 chips in this game
[GAME STAT] player yyyyyr_1_7 wins -2 chips in this game
[GAME 1] game ends, invoking player.game_end()
[GAME 2] game starts
[GAME INFO] number of participants in this game = 8
[GAME INFO] participant: Minty_1_0, chip = 3000
[GAME INFO] participant: yi95yi_1_1, chip = 2998
[GAME INFO] participant: Jerry_Xu_1_2, chip = 3009
[GAME INFO] participant: BigNews!_1_3, chip = 2998
[GAME INFO] participant: Kasin1_1_4, chip = 3000
[GAME INFO] participant: taring_1_5, chip = 2999
[GAME INFO] participant: The Joker_1_6, chip = 2998
[GAME INFO] participant: yyyyyr_1_7, chip = 2998
[GAME INFO] blind is 1
[GAME INFO] dealer is taring_1_5
[GAME INFO] small blind 1 posted by The Joker_1_6
[GAME INFO] big blind 2 posted by yyyyyr_1_7
[hole card] Q heart
[hole card] A heart
[preflop] round starts
[preflop] player Minty_1_0 has 3000 chips
[preflop] player yi95yi_1_1 has 2998 chips
[preflop] player Jerry_Xu_1_2 has 3009 chips
[preflop] player BigNews!_1_3 has 2998 chips
[preflop] player Kasin1_1_4 has 3000 chips
[preflop] player taring_1_5 has 2999 chips
[preflop] player The Joker_1_6 has 2997 chips
[preflop] player yyyyyr_1_7 has 2996 chips
[preflop] player Minty_1_0 folds
[preflop] player yi95yi_1_1 calls. Total bet is 2
[preflop] player Jerry_Xu_1_2 calls. Total bet is 2
[preflop] player BigNews!_1_3 calls. Total bet is 2
[preflop] player Kasin1_1_4 calls. Total bet is 2
[preflop] player taring_1_5 folds
[preflop] action
[preflop] call (1 chips). 
[preflop] player The Joker_1_6 calls. Total bet is 2
[preflop] player yyyyyr_1_7 folds
[flop] 2 heart
[flop] 9 diamond
[flop] 2 diamond
[flop] round starts
[flop] player Minty_1_0 has 3000 chips
[flop] player yi95yi_1_1 has 2996 chips
[flop] player Jerry_Xu_1_2 has 3007 chips
[flop] player BigNews!_1_3 has 2996 chips
[flop] player Kasin1_1_4 has 2998 chips
[flop] player taring_1_5 has 2999 chips
[flop] player The Joker_1_6 has 2996 chips
[flop] player yyyyyr_1_7 has 2996 chips
[flop] action
[flop] check
[flop] player The Joker_1_6 checks
[flop] player yi95yi_1_1 checks
[flop] player Jerry_Xu_1_2 checks
[flop] player BigNews!_1_3 checks
[flop] player Kasin1_1_4 checks
[flop] round ends
[turn] 4 heart
[turn] round starts
[turn] player Minty_1_0 has 3000 chips
[turn] player yi95yi_1_1 has 2996 chips
[turn] player Jerry_Xu_1_2 has 3007 chips
[turn] player BigNews!_1_3 has 2996 chips
[turn] player Kasin1_1_4 has 2998 chips
[turn] player taring_1_5 has 2999 chips
[turn] player The Joker_1_6 has 2996 chips
[turn] player yyyyyr_1_7 has 2996 chips
[turn] action
[turn] check
[turn] player The Joker_1_6 checks
[turn] player yi95yi_1_1 checks
[turn] player Jerry_Xu_1_2 checks
[turn] player BigNews!_1_3 checks
[turn] player Kasin1_1_4 checks
[turn] round ends
[river] 7 club
[river] round starts
[river] player Minty_1_0 has 3000 chips
[river] player yi95yi_1_1 has 2996 chips
[river] player Jerry_Xu_1_2 has 3007 chips
[river] player BigNews!_1_3 has 2996 chips
[river] player Kasin1_1_4 has 2998 chips
[river] player taring_1_5 has 2999 chips
[river] player The Joker_1_6 has 2996 chips
[river] player yyyyyr_1_7 has 2996 chips
[river] action
[river] check
[river] player The Joker_1_6 checks
[river] player yi95yi_1_1 checks
[river] player Jerry_Xu_1_2 checks
[river] player BigNews!_1_3 checks
[river] player Kasin1_1_4 checks
[river] round ends
[SHOWDOWN] showdown starts
[SHOWDOWN] showdown
[SHOWDOWN] 2 heart 9 diamond 2 diamond Q heart A heart
[SHOWDOWN] player yi95yi_1_1 shows 2 spade 2 heart 9 diamond 2 diamond 7 club, which is three of a kind.
[SHOWDOWN] player The Joker_1_6 shows 2 heart 9 diamond 2 diamond Q heart A heart, which is one pair.
[SHOWDOWN] player Jerry_Xu_1_2 shows 2 heart J spade 2 diamond K spade 7 club, which is one pair.
[SHOWDOWN] player BigNews!_1_3 shows 2 heart 2 diamond 9 diamond 8 club 7 club, which is one pair.
[SHOWDOWN] player Kasin1_1_4 shows 10 heart 9 diamond 8 heart 7 club 4 heart, which is high card.
[GAME STAT] pot 0 with 12 chips is shared by 1 players
[GAME STAT] player yi95yi_1_1 gets 12 chips from pot 0
[GAME STAT] overall statistics
[GAME STAT] player Minty_1_0 wins 0 chips in this game
[GAME STAT] player yi95yi_1_1 wins 10 chips in this game
[GAME STAT] player Jerry_Xu_1_2 wins -2 chips in this game
[GAME STAT] player BigNews!_1_3 wins -2 chips in this game
[GAME STAT] player Kasin1_1_4 wins -2 chips in this game
[GAME STAT] player taring_1_5 wins 0 chips in this game
[GAME STAT] player The Joker_1_6 wins -2 chips in this game
[GAME STAT] player yyyyyr_1_7 wins -2 chips in this game
[GAME 2] game ends, invoking player.game_end()
[GAME 3] game starts
[GAME INFO] number of participants in this game = 8
[GAME INFO] participant: Minty_1_0, chip = 3000
[GAME INFO] participant: yi95yi_1_1, chip = 3008
[GAME INFO] participant: Jerry_Xu_1_2, chip = 3007
[GAME INFO] participant: BigNews!_1_3, chip = 2996
[GAME INFO] participant: Kasin1_1_4, chip = 2998
[GAME INFO] participant: taring_1_5, chip = 2999
[GAME INFO] participant: The Joker_1_6, chip = 2996
[GAME INFO] participant: yyyyyr_1_7, chip = 2996
[GAME INFO] blind is 1
[GAME INFO] dealer is The Joker_1_6
[GAME INFO] small blind 1 posted by yyyyyr_1_7
[GAME INFO] big blind 2 posted by Minty_1_0
[hole card] 4 spade
[hole card] 5 spade
[preflop] round starts
[preflop] player Minty_1_0 has 2998 chips
[preflop] player yi95yi_1_1 has 3008 chips
[preflop] player Jerry_Xu_1_2 has 3007 chips
[preflop] player BigNews!_1_3 has 2996 chips
[preflop] player Kasin1_1_4 has 2998 chips
[preflop] player taring_1_5 has 2999 chips
[preflop] player The Joker_1_6 has 2996 chips
[preflop] player yyyyyr_1_7 has 2995 chips
[preflop] player yi95yi_1_1 calls. Total bet is 2
[preflop] player Jerry_Xu_1_2 folds
[preflop] player BigNews!_1_3 calls. Total bet is 2
[preflop] player Kasin1_1_4 calls. Total bet is 2
[preflop] player taring_1_5 calls. Total bet is 2
[preflop] action
[WARNING] CANNOT check when another player has raised
[preflop] player The Joker_1_6 folds
[preflop] player yyyyyr_1_7 folds
[preflop] player Minty_1_0 folds
[flop] K spade
[flop] 3 club
[flop] K heart
[flop] round starts
[flop] player Minty_1_0 has 2998 chips
[flop] player yi95yi_1_1 has 3006 chips
[flop] player Jerry_Xu_1_2 has 3007 chips
[flop] player BigNews!_1_3 has 2994 chips
[flop] player Kasin1_1_4 has 2996 chips
[flop] player taring_1_5 has 2997 chips
[flop] player The Joker_1_6 has 2996 chips
[flop] player yyyyyr_1_7 has 2995 chips
[flop] player yi95yi_1_1 checks
[flop] player BigNews!_1_3 folds
[flop] player Kasin1_1_4 checks
[flop] player taring_1_5 checks
[flop] round ends
[turn] 2 spade
[turn] round starts
[turn] player Minty_1_0 has 2998 chips
[turn] player yi95yi_1_1 has 3006 chips
[turn] player Jerry_Xu_1_2 has 3007 chips
[turn] player BigNews!_1_3 has 2994 chips
[turn] player Kasin1_1_4 has 2996 chips
[turn] player taring_1_5 has 2997 chips
[turn] player The Joker_1_6 has 2996 chips
[turn] player yyyyyr_1_7 has 2995 chips
[turn] player yi95yi_1_1 checks
[turn] player Kasin1_1_4 checks
[turn] player taring_1_5 checks
[turn] round ends
[river] 7 club
[river] round starts
[river] player Minty_1_0 has 2998 chips
[river] player yi95yi_1_1 has 3006 chips
[river] player Jerry_Xu_1_2 has 3007 chips
[river] player BigNews!_1_3 has 2994 chips
[river] player Kasin1_1_4 has 2996 chips
[river] player taring_1_5 has 2997 chips
[river] player The Joker_1_6 has 2996 chips
[river] player yyyyyr_1_7 has 2995 chips
[river] player yi95yi_1_1 checks
[river] player Kasin1_1_4 folds
[river] player taring_1_5 checks
[river] round ends
[SHOWDOWN] showdown starts
[SHOWDOWN] player yi95yi_1_1 shows 4 club J club K spade K heart 7 club, which is one pair.
[SHOWDOWN] player taring_1_5 shows K spade 6 diamond K heart 9 diamond 7 club, which is one pair.
[GAME STAT] pot 0 with 6 chips is shared by 1 players
[GAME STAT] player yi95yi_1_1 gets 6 chips from pot 0
[GAME STAT] pot 1 with 5 chips is shared by 1 players
[GAME STAT] player yi95yi_1_1 gets 5 chips from pot 1
[GAME STAT] overall statistics
[GAME STAT] player Minty_1_0 wins -2 chips in this game
[GAME STAT] player yi95yi_1_1 wins 9 chips in this game
[GAME STAT] player Jerry_Xu_1_2 wins 0 chips in this game
[GAME STAT] player BigNews!_1_3 wins -2 chips in this game
[GAME STAT] player Kasin1_1_4 wins -2 chips in this game
[GAME STAT] player taring_1_5 wins -2 chips in this game
[GAME STAT] player The Joker_1_6 wins 0 chips in this game
[GAME STAT] player yyyyyr_1_7 wins -1 chips in this game
[GAME 3] game ends, invoking player.game_end()
[GAME 4] game starts
[GAME INFO] number of participants in this game = 8
[GAME INFO] participant: Minty_1_0, chip = 2998
[GAME INFO] participant: yi95yi_1_1, chip = 3017
[GAME INFO] participant: Jerry_Xu_1_2, chip = 3007
[GAME INFO] participant: BigNews!_1_3, chip = 2994
[GAME INFO] participant: Kasin1_1_4, chip = 2996
[GAME INFO] participant: taring_1_5, chip = 2997
[GAME INFO] participant: The Joker_1_6, chip = 2996
[GAME INFO] participant: yyyyyr_1_7, chip = 2995
[GAME INFO] blind is 2
[GAME INFO] dealer is yyyyyr_1_7
[GAME INFO] small blind 2 posted by Minty_1_0
[GAME INFO] big blind 4 posted by yi95yi_1_1
[hole card] 4 diamond
[hole card] 5 club
[preflop] round starts
[preflop] player Minty_1_0 has 2996 chips
[preflop] player yi95yi_1_1 has 3013 chips
[preflop] player Jerry_Xu_1_2 has 3007 chips
[preflop] player BigNews!_1_3 has 2994 chips
[preflop] player Kasin1_1_4 has 2996 chips
[preflop] player taring_1_5 has 2997 chips
[preflop] player The Joker_1_6 has 2996 chips
[preflop] player yyyyyr_1_7 has 2995 chips
[preflop] player Jerry_Xu_1_2 calls. Total bet is 4
[preflop] player BigNews!_1_3 calls. Total bet is 4
[preflop] player Kasin1_1_4 folds
[preflop] player taring_1_5 calls. Total bet is 4
[preflop] action
[WARNING] CANNOT check when another player has raised
[preflop] player The Joker_1_6 folds
[preflop] player yyyyyr_1_7 folds
[preflop] player Minty_1_0 folds
[preflop] player yi95yi_1_1 calls. Total bet is 4
[flop] 2 club
[flop] 7 diamond
[flop] 9 heart
[flop] round starts
[flop] player Minty_1_0 has 2996 chips
[flop] player yi95yi_1_1 has 3013 chips
[flop] player Jerry_Xu_1_2 has 3003 chips
[flop] player BigNews!_1_3 has 2990 chips
[flop] player Kasin1_1_4 has 2996 chips
[flop] player taring_1_5 has 2993 chips
[flop] player The Joker_1_6 has 2996 chips
[flop] player yyyyyr_1_7 has 2995 chips
[flop] player yi95yi_1_1 checks
[flop] player Jerry_Xu_1_2 checks
[flop] player BigNews!_1_3 checks
[flop] player taring_1_5 checks
[flop] round ends
[turn] Q spade
[turn] round starts
[turn] player Minty_1_0 has 2996 chips
[turn] player yi95yi_1_1 has 3013 chips
[turn] player Jerry_Xu_1_2 has 3003 chips
[turn] player BigNews!_1_3 has 2990 chips
[turn] player Kasin1_1_4 has 2996 chips
[turn] player taring_1_5 has 2993 chips
[turn] player The Joker_1_6 has 2996 chips
[turn] player yyyyyr_1_7 has 2995 chips
[turn] player yi95yi_1_1 checks
[turn] player Jerry_Xu_1_2 checks
[turn] player BigNews!_1_3 checks
[turn] player taring_1_5 checks
[turn] round ends
[river] 10 heart
[river] round starts
[river] player Minty_1_0 has 2996 chips
[river] player yi95yi_1_1 has 3013 chips
[river] player Jerry_Xu_1_2 has 3003 chips
[river] player BigNews!_1_3 has 2990 chips
[river] player Kasin1_1_4 has 2996 chips
[river] player taring_1_5 has 2993 chips
[river] player The Joker_1_6 has 2996 chips
[river] player yyyyyr_1_7 has 2995 chips
[river] player yi95yi_1_1 checks
[river] player Jerry_Xu_1_2 checks
[river] player BigNews!_1_3 checks
[river] player taring_1_5 checks
[river] round ends
[SHOWDOWN] showdown starts
[SHOWDOWN] player taring_1_5 shows 9 diamond 7 diamond 9 heart 10 diamond 10 heart, which is two pair.
[SHOWDOWN] player BigNews!_1_3 shows Q spade 7 diamond 7 spade 2 heart 2 club, which is two pair.
[SHOWDOWN] player Jerry_Xu_1_2 shows K club 10 club 9 heart Q spade 10 heart, which is one pair.
[SHOWDOWN] player yi95yi_1_1 shows 6 club 7 diamond 9 heart Q spade 10 heart, which is high card.
[GAME STAT] pot 0 with 10 chips is shared by 1 players
[GAME STAT] player taring_1_5 gets 10 chips from pot 0
[GAME STAT] pot 1 with 8 chips is shared by 1 players
[GAME STAT] player taring_1_5 gets 8 chips from pot 1
[GAME STAT] overall statistics
[GAME STAT] player Minty_1_0 wins -2 chips in this game
[GAME STAT] player yi95yi_1_1 wins -4 chips in this game
[GAME STAT] player Jerry_Xu_1_2 wins -4 chips in this game
[GAME STAT] player BigNews!_1_3 wins -4 chips in this game
[GAME STAT] player Kasin1_1_4 wins 0 chips in this game
[GAME STAT] player taring_1_5 wins 14 chips in this game
[GAME STAT] player The Joker_1_6 wins 0 chips in this game
[GAME STAT] player yyyyyr_1_7 wins 0 chips in this game
[GAME 4] game ends, invoking player.game_end()
[GAME 5] game starts
[GAME INFO] number of participants in this game = 8
[GAME INFO] participant: Minty_1_0, chip = 2996
[GAME INFO] participant: yi95yi_1_1, chip = 3013
[GAME INFO] participant: Jerry_Xu_1_2, chip = 3003
[GAME INFO] participant: BigNews!_1_3, chip = 2990
[GAME INFO] participant: Kasin1_1_4, chip = 2996
[GAME INFO] participant: taring_1_5, chip = 3011
[GAME INFO] participant: The Joker_1_6, chip = 2996
[GAME INFO] participant: yyyyyr_1_7, chip = 2995
[GAME INFO] blind is 2
[GAME INFO] dealer is Minty_1_0
[GAME INFO] small blind 2 posted by yi95yi_1_1
[GAME INFO] big blind 4 posted by Jerry_Xu_1_2
[hole card] A diamond
[hole card] K club
[preflop] round starts
[preflop] player Minty_1_0 has 2996 chips
[preflop] player yi95yi_1_1 has 3011 chips
[preflop] player Jerry_Xu_1_2 has 2999 chips
[preflop] player BigNews!_1_3 has 2990 chips
[preflop] player Kasin1_1_4 has 2996 chips
[preflop] player taring_1_5 has 3011 chips
[preflop] player The Joker_1_6 has 2996 chips
[preflop] player yyyyyr_1_7 has 2995 chips
[preflop] player BigNews!_1_3 calls. Total bet is 4
[preflop] player Kasin1_1_4 folds
[preflop] player taring_1_5 folds
[preflop] action
[preflop] call (4 chips). 
[preflop] player The Joker_1_6 calls. Total bet is 4
[preflop] player yyyyyr_1_7 folds
[preflop] player Minty_1_0 folds
[preflop] player yi95yi_1_1 calls. Total bet is 4
[preflop] player Jerry_Xu_1_2 calls. Total bet is 4
[flop] Q spade
[flop] 8 heart
[flop] 10 heart
[flop] round starts
[flop] player Minty_1_0 has 2996 chips
[flop] player yi95yi_1_1 has 3009 chips
[flop] player Jerry_Xu_1_2 has 2999 chips
[flop] player BigNews!_1_3 has 2986 chips
[flop] player Kasin1_1_4 has 2996 chips
[flop] player taring_1_5 has 3011 chips
[flop] player The Joker_1_6 has 2992 chips
[flop] player yyyyyr_1_7 has 2995 chips
[flop] player yi95yi_1_1 checks
[flop] player Jerry_Xu_1_2 checks
[flop] player BigNews!_1_3 checks
[flop] action
[flop] check
[flop] player The Joker_1_6 checks
[flop] round ends
[turn] A club
[turn] round starts
[turn] player Minty_1_0 has 2996 chips
[turn] player yi95yi_1_1 has 3009 chips
[turn] player Jerry_Xu_1_2 has 2999 chips
[turn] player BigNews!_1_3 has 2986 chips
[turn] player Kasin1_1_4 has 2996 chips
[turn] player taring_1_5 has 3011 chips
[turn] player The Joker_1_6 has 2992 chips
[turn] player yyyyyr_1_7 has 2995 chips
[turn] player yi95yi_1_1 checks
[turn] player Jerry_Xu_1_2 checks
[turn] player BigNews!_1_3 checks
[turn] action
[turn] check
[turn] player The Joker_1_6 checks
[turn] round ends
[river] K spade
[river] round starts
[river] player Minty_1_0 has 2996 chips
[river] player yi95yi_1_1 has 3009 chips
[river] player Jerry_Xu_1_2 has 2999 chips
[river] player BigNews!_1_3 has 2986 chips
[river] player Kasin1_1_4 has 2996 chips
[river] player taring_1_5 has 3011 chips
[river] player The Joker_1_6 has 2992 chips
[river] player yyyyyr_1_7 has 2995 chips
[river] player yi95yi_1_1 checks
[river] player Jerry_Xu_1_2 raises 1499. Total bet is 1499
[river] player BigNews!_1_3 calls. Total bet is 1499
[river] action
[WARNING] CANNOT check when another player has raised
[river] player The Joker_1_6 folds
[river] player yi95yi_1_1 folds
[SHOWDOWN] showdown starts
[SHOWDOWN] player Jerry_Xu_1_2 shows Q spade J diamond 10 heart A heart K spade, which is straight.
[SHOWDOWN] player BigNews!_1_3 shows A club K spade Q spade 10 spade 10 heart, which is one pair.
[GAME STAT] pot 0 with 16 chips is shared by 1 players
[GAME STAT] player Jerry_Xu_1_2 gets 16 chips from pot 0
[GAME STAT] pot 1 with 2998 chips is shared by 1 players
[GAME STAT] player Jerry_Xu_1_2 gets 2998 chips from pot 1
[GAME STAT] overall statistics
[GAME STAT] player Minty_1_0 wins 0 chips in this game
[GAME STAT] player yi95yi_1_1 wins -4 chips in this game
[GAME STAT] player Jerry_Xu_1_2 wins 1511 chips in this game
[GAME STAT] player BigNews!_1_3 wins -1503 chips in this game
[GAME STAT] player Kasin1_1_4 wins 0 chips in this game
[GAME STAT] player taring_1_5 wins 0 chips in this game
[GAME STAT] player The Joker_1_6 wins -4 chips in this game
[GAME STAT] player yyyyyr_1_7 wins 0 chips in this game
[GAME 5] game ends, invoking player.game_end()
[GAME 6] game starts
[GAME INFO] number of participants in this game = 8
[GAME INFO] participant: Minty_1_0, chip = 2996
[GAME INFO] participant: yi95yi_1_1, chip = 3009
[GAME INFO] participant: Jerry_Xu_1_2, chip = 4514
[GAME INFO] participant: BigNews!_1_3, chip = 1487
[GAME INFO] participant: Kasin1_1_4, chip = 2996
[GAME INFO] participant: taring_1_5, chip = 3011
[GAME INFO] participant: The Joker_1_6, chip = 2992
[GAME INFO] participant: yyyyyr_1_7, chip = 2995
[GAME INFO] blind is 2
[GAME INFO] dealer is yi95yi_1_1
[GAME INFO] small blind 2 posted by Jerry_Xu_1_2
[GAME INFO] big blind 4 posted by BigNews!_1_3
[hole card] Q diamond
[hole card] 5 diamond
[preflop] round starts
[preflop] player Minty_1_0 has 2996 chips
[preflop] player yi95yi_1_1 has 3009 chips
[preflop] player Jerry_Xu_1_2 has 4512 chips
[preflop] player BigNews!_1_3 has 1483 chips
[preflop] player Kasin1_1_4 has 2996 chips
[preflop] player taring_1_5 has 3011 chips
[preflop] player The Joker_1_6 has 2992 chips
[preflop] player yyyyyr_1_7 has 2995 chips
[preflop] player Kasin1_1_4 folds
[preflop] player taring_1_5 calls. Total bet is 4
[preflop] action
[WARNING] CANNOT check when another player has raised
[preflop] player The Joker_1_6 folds
[preflop] player yyyyyr_1_7 folds
[preflop] player Minty_1_0 folds
[preflop] player yi95yi_1_1 calls. Total bet is 4
[preflop] player Jerry_Xu_1_2 calls. Total bet is 4
[preflop] player BigNews!_1_3 calls. Total bet is 4
[flop] 9 club
[flop] 5 club
[flop] 6 heart
[flop] round starts
[flop] player Minty_1_0 has 2996 chips
[flop] player yi95yi_1_1 has 3005 chips
[flop] player Jerry_Xu_1_2 has 4510 chips
[flop] player BigNews!_1_3 has 1483 chips
[flop] player Kasin1_1_4 has 2996 chips
[flop] player taring_1_5 has 3007 chips
[flop] player The Joker_1_6 has 2992 chips
[flop] player yyyyyr_1_7 has 2995 chips
[flop] player Jerry_Xu_1_2 checks
[flop] player BigNews!_1_3 checks
[flop] player taring_1_5 checks
[flop] player yi95yi_1_1 checks
[flop] round ends
[turn] 10 diamond
[turn] round starts
[turn] player Minty_1_0 has 2996 chips
[turn] player yi95yi_1_1 has 3005 chips
[turn] player Jerry_Xu_1_2 has 4510 chips
[turn] player BigNews!_1_3 has 1483 chips
[turn] player Kasin1_1_4 has 2996 chips
[turn] player taring_1_5 has 3007 chips
[turn] player The Joker_1_6 has 2992 chips
[turn] player yyyyyr_1_7 has 2995 chips
[turn] player Jerry_Xu_1_2 checks
[turn] player BigNews!_1_3 checks
[turn] player taring_1_5 checks
[turn] player yi95yi_1_1 checks
[turn] round ends
[river] 3 spade
[river] round starts
[river] player Minty_1_0 has 2996 chips
[river] player yi95yi_1_1 has 3005 chips
[river] player Jerry_Xu_1_2 has 4510 chips
[river] player BigNews!_1_3 has 1483 chips
[river] player Kasin1_1_4 has 2996 chips
[river] player taring_1_5 has 3007 chips
[river] player The Joker_1_6 has 2992 chips
[river] player yyyyyr_1_7 has 2995 chips
[river] player Jerry_Xu_1_2 checks
[river] player BigNews!_1_3 checks
[river] player taring_1_5 checks
[river] player yi95yi_1_1 checks
[river] round ends
[SHOWDOWN] showdown starts
[SHOWDOWN] player yi95yi_1_1 shows J club 10 club 9 club 6 heart 10 diamond, which is one pair.
[SHOWDOWN] player Jerry_Xu_1_2 shows J spade 10 heart 6 heart 10 diamond 3 spade, which is one pair.
[SHOWDOWN] player BigNews!_1_3 shows Q heart 10 diamond 9 club 9 heart 6 heart, which is one pair.
[SHOWDOWN] player taring_1_5 shows 9 club A spade 6 heart 10 diamond 7 spade, which is high card.
[GAME STAT] pot 0 with 16 chips is shared by 1 players
[GAME STAT] player yi95yi_1_1 gets 16 chips from pot 0
[GAME STAT] overall statistics
[GAME STAT] player Minty_1_0 wins 0 chips in this game
[GAME STAT] player yi95yi_1_1 wins 12 chips in this game
[GAME STAT] player Jerry_Xu_1_2 wins -4 chips in this game
[GAME STAT] player BigNews!_1_3 wins -4 chips in this game
[GAME STAT] player Kasin1_1_4 wins 0 chips in this game
[GAME STAT] player taring_1_5 wins -4 chips in this game
[GAME STAT] player The Joker_1_6 wins 0 chips in this game
[GAME STAT] player yyyyyr_1_7 wins 0 chips in this game
[GAME 6] game ends, invoking player.game_end()
[GAME 7] game starts
[GAME INFO] number of participants in this game = 8
[GAME INFO] participant: Minty_1_0, chip = 2996
[GAME INFO] participant: yi95yi_1_1, chip = 3021
[GAME INFO] participant: Jerry_Xu_1_2, chip = 4510
[GAME INFO] participant: BigNews!_1_3, chip = 1483
[GAME INFO] participant: Kasin1_1_4, chip = 2996
[GAME INFO] participant: taring_1_5, chip = 3007
[GAME INFO] participant: The Joker_1_6, chip = 2992
[GAME INFO] participant: yyyyyr_1_7, chip = 2995
[GAME INFO] blind is 5
[GAME INFO] dealer is Jerry_Xu_1_2
[GAME INFO] small blind 5 posted by BigNews!_1_3
[GAME INFO] big blind 10 posted by Kasin1_1_4
[hole card] K heart
[hole card] 8 heart
[preflop] round starts
[preflop] player Minty_1_0 has 2996 chips
[preflop] player yi95yi_1_1 has 3021 chips
[preflop] player Jerry_Xu_1_2 has 4510 chips
[preflop] player BigNews!_1_3 has 1478 chips
[preflop] player Kasin1_1_4 has 2986 chips
[preflop] player taring_1_5 has 3007 chips
[preflop] player The Joker_1_6 has 2992 chips
[preflop] player yyyyyr_1_7 has 2995 chips
[preflop] player taring_1_5 folds
[preflop] action
[preflop] call (10 chips). 
[preflop] player The Joker_1_6 calls. Total bet is 10
[preflop] player yyyyyr_1_7 folds
[preflop] player Minty_1_0 folds
[preflop] player yi95yi_1_1 calls. Total bet is 10
[preflop] player Jerry_Xu_1_2 folds
[preflop] player BigNews!_1_3 calls. Total bet is 10
[preflop] player Kasin1_1_4 folds
[flop] A heart
[flop] 4 club
[flop] J heart
[flop] round starts
[flop] player Minty_1_0 has 2996 chips
[flop] player yi95yi_1_1 has 3011 chips
[flop] player Jerry_Xu_1_2 has 4510 chips
[flop] player BigNews!_1_3 has 1473 chips
[flop] player Kasin1_1_4 has 2986 chips
[flop] player taring_1_5 has 3007 chips
[flop] player The Joker_1_6 has 2982 chips
[flop] player yyyyyr_1_7 has 2995 chips
[flop] player BigNews!_1_3 folds
[flop] action
[flop] check
[flop] player The Joker_1_6 checks
[flop] player yi95yi_1_1 checks
[flop] round ends
[turn] 10 club
[turn] round starts
[turn] player Minty_1_0 has 2996 chips
[turn] player yi95yi_1_1 has 3011 chips
[turn] player Jerry_Xu_1_2 has 4510 chips
[turn] player BigNews!_1_3 has 1473 chips
[turn] player Kasin1_1_4 has 2986 chips
[turn] player taring_1_5 has 3007 chips
[turn] player The Joker_1_6 has 2982 chips
[turn] player yyyyyr_1_7 has 2995 chips
[turn] action
[turn] check
[turn] player The Joker_1_6 checks
[turn] player yi95yi_1_1 checks
[turn] round ends
[river] 4 heart
[river] round starts
[river] player Minty_1_0 has 2996 chips
[river] player yi95yi_1_1 has 3011 chips
[river] player Jerry_Xu_1_2 has 4510 chips
[river] player BigNews!_1_3 has 1473 chips
[river] player Kasin1_1_4 has 2986 chips
[river] player taring_1_5 has 3007 chips
[river] player The Joker_1_6 has 2982 chips
[river] player yyyyyr_1_7 has 2995 chips
[river] action
[river] check
[river] player The Joker_1_6 checks
[river] player yi95yi_1_1 checks
[river] round ends
[SHOWDOWN] showdown starts
[SHOWDOWN] showdown
[SHOWDOWN] A heart J heart 4 heart K heart 8 heart
[SHOWDOWN] player The Joker_1_6 shows A heart J heart 4 heart K heart 8 heart, which is flush.
[SHOWDOWN] player yi95yi_1_1 shows A club A heart 4 club J heart 4 heart, which is two pair.
[GAME STAT] pot 0 with 40 chips is shared by 1 players
[GAME STAT] player The Joker_1_6 gets 40 chips from pot 0
[GAME STAT] overall statistics
[GAME STAT] player Minty_1_0 wins 0 chips in this game
[GAME STAT] player yi95yi_1_1 wins -10 chips in this game
[GAME STAT] player Jerry_Xu_1_2 wins 0 chips in this game
[GAME STAT] player BigNews!_1_3 wins -10 chips in this game
[GAME STAT] player Kasin1_1_4 wins -10 chips in this game
[GAME STAT] player taring_1_5 wins 0 chips in this game
[GAME STAT] player The Joker_1_6 wins 30 chips in this game
[GAME STAT] player yyyyyr_1_7 wins 0 chips in this game
[GAME 7] game ends, invoking player.game_end()
[GAME 8] game starts
[GAME INFO] number of participants in this game = 8
[GAME INFO] participant: Minty_1_0, chip = 2996
[GAME INFO] participant: yi95yi_1_1, chip = 3011
[GAME INFO] participant: Jerry_Xu_1_2, chip = 4510
[GAME INFO] participant: BigNews!_1_3, chip = 1473
[GAME INFO] participant: Kasin1_1_4, chip = 2986
[GAME INFO] participant: taring_1_5, chip = 3007
[GAME INFO] participant: The Joker_1_6, chip = 3022
[GAME INFO] participant: yyyyyr_1_7, chip = 2995
[GAME INFO] blind is 5
[GAME INFO] dealer is BigNews!_1_3
[GAME INFO] small blind 5 posted by Kasin1_1_4
[GAME INFO] big blind 10 posted by taring_1_5
[hole card] 10 heart
[hole card] 4 diamond
[preflop] round starts
[preflop] player Minty_1_0 has 2996 chips
[preflop] player yi95yi_1_1 has 3011 chips
[preflop] player Jerry_Xu_1_2 has 4510 chips
[preflop] player BigNews!_1_3 has 1473 chips
[preflop] player Kasin1_1_4 has 2981 chips
[preflop] player taring_1_5 has 2997 chips
[preflop] player The Joker_1_6 has 3022 chips
[preflop] player yyyyyr_1_7 has 2995 chips
[preflop] action
[WARNING] CANNOT check when another player has raised
[preflop] player The Joker_1_6 folds
[preflop] player yyyyyr_1_7 calls. Total bet is 10
[preflop] player Minty_1_0 folds
[preflop] player yi95yi_1_1 calls. Total bet is 10
[preflop] player Jerry_Xu_1_2 folds
[preflop] player BigNews!_1_3 calls. Total bet is 10
[preflop] player Kasin1_1_4 calls. Total bet is 10
[preflop] player taring_1_5 folds
[flop] J heart
[flop] 2 club
[flop] 3 spade
[flop] round starts
[flop] player Minty_1_0 has 2996 chips
[flop] player yi95yi_1_1 has 3001 chips
[flop] player Jerry_Xu_1_2 has 4510 chips
[flop] player BigNews!_1_3 has 1463 chips
[flop] player Kasin1_1_4 has 2976 chips
[flop] player taring_1_5 has 2997 chips
[flop] player The Joker_1_6 has 3022 chips
[flop] player yyyyyr_1_7 has 2985 chips
[flop] player Kasin1_1_4 folds
[flop] player yyyyyr_1_7 checks
[flop] player yi95yi_1_1 checks
[flop] player BigNews!_1_3 folds
[flop] round ends
[turn] 4 heart
[turn] round starts
[turn] player Minty_1_0 has 2996 chips
[turn] player yi95yi_1_1 has 3001 chips
[turn] player Jerry_Xu_1_2 has 4510 chips
[turn] player BigNews!_1_3 has 1463 chips
[turn] player Kasin1_1_4 has 2976 chips
[turn] player taring_1_5 has 2997 chips
[turn] player The Joker_1_6 has 3022 chips
[turn] player yyyyyr_1_7 has 2985 chips
[turn] player yyyyyr_1_7 checks
[turn] player yi95yi_1_1 checks
[turn] round ends
[river] J spade
[river] round starts
[river] player Minty_1_0 has 2996 chips
[river] player yi95yi_1_1 has 3001 chips
[river] player Jerry_Xu_1_2 has 4510 chips
[river] player BigNews!_1_3 has 1463 chips
[river] player Kasin1_1_4 has 2976 chips
[river] player taring_1_5 has 2997 chips
[river] player The Joker_1_6 has 3022 chips
[river] player yyyyyr_1_7 has 2985 chips
[river] player yyyyyr_1_7 checks
[river] player yi95yi_1_1 checks
[river] round ends
[SHOWDOWN] showdown starts
[SHOWDOWN] player yyyyyr_1_7 shows 8 heart K club J heart 4 heart J spade, which is one pair.
[SHOWDOWN] player yi95yi_1_1 shows 7 club 8 spade J heart 4 heart J spade, which is one pair.
[GAME STAT] pot 0 with 50 chips is shared by 1 players
[GAME STAT] player yyyyyr_1_7 gets 50 chips from pot 0
[GAME STAT] overall statistics
[GAME STAT] player Minty_1_0 wins 0 chips in this game
[GAME STAT] player yi95yi_1_1 wins -10 chips in this game
[GAME STAT] player Jerry_Xu_1_2 wins 0 chips in this game
[GAME STAT] player BigNews!_1_3 wins -10 chips in this game
[GAME STAT] player Kasin1_1_4 wins -10 chips in this game
[GAME STAT] player taring_1_5 wins -10 chips in this game
[GAME STAT] player The Joker_1_6 wins 0 chips in this game
[GAME STAT] player yyyyyr_1_7 wins 40 chips in this game
[GAME 8] game ends, invoking player.game_end()
[GAME 9] game starts
[GAME INFO] number of participants in this game = 8
[GAME INFO] participant: Minty_1_0, chip = 2996
[GAME INFO] participant: yi95yi_1_1, chip = 3001
[GAME INFO] participant: Jerry_Xu_1_2, chip = 4510
[GAME INFO] participant: BigNews!_1_3, chip = 1463
[GAME INFO] participant: Kasin1_1_4, chip = 2976
[GAME INFO] participant: taring_1_5, chip = 2997
[GAME INFO] participant: The Joker_1_6, chip = 3022
[GAME INFO] participant: yyyyyr_1_7, chip = 3035
[GAME INFO] blind is 5
[GAME INFO] dealer is Kasin1_1_4
[GAME INFO] small blind 5 posted by taring_1_5
[GAME INFO] big blind 10 posted by The Joker_1_6
[hole card] A diamond
[hole card] J diamond
[preflop] round starts
[preflop] player Minty_1_0 has 2996 chips
[preflop] player yi95yi_1_1 has 3001 chips
[preflop] player Jerry_Xu_1_2 has 4510 chips
[preflop] player BigNews!_1_3 has 1463 chips
[preflop] player Kasin1_1_4 has 2976 chips
[preflop] player taring_1_5 has 2992 chips
[preflop] player The Joker_1_6 has 3012 chips
[preflop] player yyyyyr_1_7 has 3035 chips
[preflop] player yyyyyr_1_7 folds
[preflop] player Minty_1_0 folds
[preflop] player yi95yi_1_1 calls. Total bet is 10
[preflop] player Jerry_Xu_1_2 calls. Total bet is 10
[preflop] player BigNews!_1_3 calls. Total bet is 10
[preflop] player Kasin1_1_4 folds
[preflop] player taring_1_5 folds
[preflop] action
[preflop] call (0 chips). 
[preflop] player The Joker_1_6 calls. Total bet is 10
[flop] Q diamond
[flop] 7 spade
[flop] 6 heart
[flop] round starts
[flop] player Minty_1_0 has 2996 chips
[flop] player yi95yi_1_1 has 2991 chips
[flop] player Jerry_Xu_1_2 has 4500 chips
[flop] player BigNews!_1_3 has 1453 chips
[flop] player Kasin1_1_4 has 2976 chips
[flop] player taring_1_5 has 2992 chips
[flop] player The Joker_1_6 has 3012 chips
[flop] player yyyyyr_1_7 has 3035 chips
[flop] action
[flop] check
[flop] player The Joker_1_6 checks
[flop] player yi95yi_1_1 checks
[flop] player Jerry_Xu_1_2 checks
[flop] player BigNews!_1_3 checks
[flop] round ends
[turn] 7 club
[turn] round starts
[turn] player Minty_1_0 has 2996 chips
[turn] player yi95yi_1_1 has 2991 chips
[turn] player Jerry_Xu_1_2 has 4500 chips
[turn] player BigNews!_1_3 has 1453 chips
[turn] player Kasin1_1_4 has 2976 chips
[turn] player taring_1_5 has 2992 chips
[turn] player The Joker_1_6 has 3012 chips
[turn] player yyyyyr_1_7 has 3035 chips
[turn] action
[turn] check
[turn] player The Joker_1_6 checks
[turn] player yi95yi_1_1 checks
[turn] player Jerry_Xu_1_2 checks
[turn] player BigNews!_1_3 checks
[turn] round ends
[river] Q spade
[river] round starts
[river] player Minty_1_0 has 2996 chips
[river] player yi95yi_1_1 has 2991 chips
[river] player Jerry_Xu_1_2 has 4500 chips
[river] player BigNews!_1_3 has 1453 chips
[river] player Kasin1_1_4 has 2976 chips
[river] player taring_1_5 has 2992 chips
[river] player The Joker_1_6 has 3012 chips
[river] player yyyyyr_1_7 has 3035 chips
[river] action
[river] check
[river] player The Joker_1_6 checks
[river] player yi95yi_1_1 checks
[river] player Jerry_Xu_1_2 checks
[river] player BigNews!_1_3 checks
[river] round ends
[SHOWDOWN] showdown starts
[SHOWDOWN] showdown
[SHOWDOWN] Q diamond 7 spade 7 club Q spade A diamond
[SHOWDOWN] player The Joker_1_6 shows Q diamond 7 spade 7 club Q spade A diamond, which is two pair.
[SHOWDOWN] player yi95yi_1_1 shows J heart Q diamond 7 spade 7 club Q spade, which is two pair.
[SHOWDOWN] player BigNews!_1_3 shows J club Q diamond Q spade 7 club 7 spade, which is two pair.
[SHOWDOWN] player Jerry_Xu_1_2 shows Q diamond 7 spade 8 heart 7 club Q spade, which is two pair.
[GAME STAT] pot 0 with 25 chips is shared by 1 players
[GAME STAT] player The Joker_1_6 gets 25 chips from pot 0
[GAME STAT] pot 1 with 20 chips is shared by 1 players
[GAME STAT] player The Joker_1_6 gets 20 chips from pot 1
[GAME STAT] overall statistics
[GAME STAT] player Minty_1_0 wins 0 chips in this game
[GAME STAT] player yi95yi_1_1 wins -10 chips in this game
[GAME STAT] player Jerry_Xu_1_2 wins -10 chips in this game
[GAME STAT] player BigNews!_1_3 wins -10 chips in this game
[GAME STAT] player Kasin1_1_4 wins 0 chips in this game
[GAME STAT] player taring_1_5 wins -5 chips in this game
[GAME STAT] player The Joker_1_6 wins 35 chips in this game
[GAME STAT] player yyyyyr_1_7 wins 0 chips in this game
[GAME 9] game ends, invoking player.game_end()
[GAME 10] game starts
[GAME INFO] number of participants in this game = 8
[GAME INFO] participant: Minty_1_0, chip = 2996
[GAME INFO] participant: yi95yi_1_1, chip = 2991
[GAME INFO] participant: Jerry_Xu_1_2, chip = 4500
[GAME INFO] participant: BigNews!_1_3, chip = 1453
[GAME INFO] participant: Kasin1_1_4, chip = 2976
[GAME INFO] participant: taring_1_5, chip = 2992
[GAME INFO] participant: The Joker_1_6, chip = 3057
[GAME INFO] participant: yyyyyr_1_7, chip = 3035
[GAME INFO] blind is 10
[GAME INFO] dealer is taring_1_5
[GAME INFO] small blind 10 posted by The Joker_1_6
[GAME INFO] big blind 20 posted by yyyyyr_1_7
[hole card] 4 spade
[hole card] 10 diamond
[preflop] round starts
[preflop] player Minty_1_0 has 2996 chips
[preflop] player yi95yi_1_1 has 2991 chips
[preflop] player Jerry_Xu_1_2 has 4500 chips
[preflop] player BigNews!_1_3 has 1453 chips
[preflop] player Kasin1_1_4 has 2976 chips
[preflop] player taring_1_5 has 2992 chips
[preflop] player The Joker_1_6 has 3047 chips
[preflop] player yyyyyr_1_7 has 3015 chips
[preflop] player Minty_1_0 folds
[preflop] player yi95yi_1_1 calls. Total bet is 20
[preflop] player Jerry_Xu_1_2 calls. Total bet is 20
[preflop] player BigNews!_1_3 calls. Total bet is 20
[preflop] player Kasin1_1_4 folds
[preflop] player taring_1_5 folds
[preflop] action
[preflop] call (10 chips). 
[preflop] player The Joker_1_6 calls. Total bet is 20
[preflop] player yyyyyr_1_7 calls. Total bet is 20
[flop] K diamond
[flop] 5 diamond
[flop] 6 heart
[flop] round starts
[flop] player Minty_1_0 has 2996 chips
[flop] player yi95yi_1_1 has 2971 chips
[flop] player Jerry_Xu_1_2 has 4480 chips
[flop] player BigNews!_1_3 has 1433 chips
[flop] player Kasin1_1_4 has 2976 chips
[flop] player taring_1_5 has 2992 chips
[flop] player The Joker_1_6 has 3037 chips
[flop] player yyyyyr_1_7 has 3015 chips
[flop] action
[flop] check
[flop] player The Joker_1_6 checks
[flop] player yyyyyr_1_7 checks
[flop] player yi95yi_1_1 checks
[flop] player Jerry_Xu_1_2 checks
[flop] player BigNews!_1_3 checks
[flop] round ends
[turn] 7 spade
[turn] round starts
[turn] player Minty_1_0 has 2996 chips
[turn] player yi95yi_1_1 has 2971 chips
[turn] player Jerry_Xu_1_2 has 4480 chips
[turn] player BigNews!_1_3 has 1433 chips
[turn] player Kasin1_1_4 has 2976 chips
[turn] player taring_1_5 has 2992 chips
[turn] player The Joker_1_6 has 3037 chips
[turn] player yyyyyr_1_7 has 3015 chips
[turn] action
[turn] check
[turn] player The Joker_1_6 checks
[turn] player yyyyyr_1_7 checks
[turn] player yi95yi_1_1 checks
[turn] player Jerry_Xu_1_2 checks
[turn] player BigNews!_1_3 checks
[turn] round ends
[river] 8 heart
[river] round starts
[river] player Minty_1_0 has 2996 chips
[river] player yi95yi_1_1 has 2971 chips
[river] player Jerry_Xu_1_2 has 4480 chips
[river] player BigNews!_1_3 has 1433 chips
[river] player Kasin1_1_4 has 2976 chips
[river] player taring_1_5 has 2992 chips
[river] player The Joker_1_6 has 3037 chips
[river] player yyyyyr_1_7 has 3015 chips
[river] action
[river] check
[river] player The Joker_1_6 checks
[river] player yyyyyr_1_7 checks
[river] player yi95yi_1_1 checks
[river] player Jerry_Xu_1_2 checks
[river] player BigNews!_1_3 folds
[river] round ends
[SHOWDOWN] showdown starts
[SHOWDOWN] showdown
[SHOWDOWN] 5 diamond 6 heart 7 spade 8 heart 4 spade
[SHOWDOWN] player The Joker_1_6 shows 5 diamond 6 heart 7 spade 8 heart 4 spade, which is straight.
[SHOWDOWN] player Jerry_Xu_1_2 shows 7 heart A heart 6 heart 7 spade 8 heart, which is one pair.
[SHOWDOWN] player yi95yi_1_1 shows 6 spade K diamond 6 heart 7 spade 8 heart, which is one pair.
[SHOWDOWN] player yyyyyr_1_7 shows 10 spade Q heart K diamond 7 spade 8 heart, which is high card.
[GAME STAT] pot 0 with 100 chips is shared by 1 players
[GAME STAT] player The Joker_1_6 gets 100 chips from pot 0
[GAME STAT] overall statistics
[GAME STAT] player Minty_1_0 wins 0 chips in this game
[GAME STAT] player yi95yi_1_1 wins -20 chips in this game
[GAME STAT] player Jerry_Xu_1_2 wins -20 chips in this game
[GAME STAT] player BigNews!_1_3 wins -20 chips in this game
[GAME STAT] player Kasin1_1_4 wins 0 chips in this game
[GAME STAT] player taring_1_5 wins 0 chips in this game
[GAME STAT] player The Joker_1_6 wins 80 chips in this game
[GAME STAT] player yyyyyr_1_7 wins -20 chips in this game
[GAME 10] game ends, invoking player.game_end()
[GAME 11] game starts
[GAME INFO] number of participants in this game = 8
[GAME INFO] participant: Minty_1_0, chip = 2996
[GAME INFO] participant: yi95yi_1_1, chip = 2971
[GAME INFO] participant: Jerry_Xu_1_2, chip = 4480
[GAME INFO] participant: BigNews!_1_3, chip = 1433
[GAME INFO] participant: Kasin1_1_4, chip = 2976
[GAME INFO] participant: taring_1_5, chip = 2992
[GAME INFO] participant: The Joker_1_6, chip = 3137
[GAME INFO] participant: yyyyyr_1_7, chip = 3015
[GAME INFO] blind is 10
[GAME INFO] dealer is The Joker_1_6
[GAME INFO] small blind 10 posted by yyyyyr_1_7
[GAME INFO] big blind 20 posted by Minty_1_0
[hole card] 3 diamond
[hole card] K club
[preflop] round starts
[preflop] player Minty_1_0 has 2976 chips
[preflop] player yi95yi_1_1 has 2971 chips
[preflop] player Jerry_Xu_1_2 has 4480 chips
[preflop] player BigNews!_1_3 has 1433 chips
[preflop] player Kasin1_1_4 has 2976 chips
[preflop] player taring_1_5 has 2992 chips
[preflop] player The Joker_1_6 has 3137 chips
[preflop] player yyyyyr_1_7 has 3005 chips
[preflop] player yi95yi_1_1 calls. Total bet is 20
[preflop] player Jerry_Xu_1_2 folds
[preflop] player BigNews!_1_3 calls. Total bet is 20
[preflop] player Kasin1_1_4 calls. Total bet is 20
[preflop] player taring_1_5 folds
[preflop] action
[WARNING] CANNOT check when another player has raised
[preflop] player The Joker_1_6 folds
[preflop] player yyyyyr_1_7 folds
[preflop] player Minty_1_0 folds
[flop] 8 diamond
[flop] 9 club
[flop] 8 spade
[flop] round starts
[flop] player Minty_1_0 has 2976 chips
[flop] player yi95yi_1_1 has 2951 chips
[flop] player Jerry_Xu_1_2 has 4480 chips
[flop] player BigNews!_1_3 has 1413 chips
[flop] player Kasin1_1_4 has 2956 chips
[flop] player taring_1_5 has 2992 chips
[flop] player The Joker_1_6 has 3137 chips
[flop] player yyyyyr_1_7 has 3005 chips
[flop] player yi95yi_1_1 checks
[flop] player BigNews!_1_3 checks
[flop] player Kasin1_1_4 checks
[flop] round ends
[turn] 2 diamond
[turn] round starts
[turn] player Minty_1_0 has 2976 chips
[turn] player yi95yi_1_1 has 2951 chips
[turn] player Jerry_Xu_1_2 has 4480 chips
[turn] player BigNews!_1_3 has 1413 chips
[turn] player Kasin1_1_4 has 2956 chips
[turn] player taring_1_5 has 2992 chips
[turn] player The Joker_1_6 has 3137 chips
[turn] player yyyyyr_1_7 has 3005 chips
[turn] player yi95yi_1_1 checks
[turn] player BigNews!_1_3 checks
[turn] player Kasin1_1_4 checks
[turn] round ends
[river] 7 club
[river] round starts
[river] player Minty_1_0 has 2976 chips
[river] player yi95yi_1_1 has 2951 chips
[river] player Jerry_Xu_1_2 has 4480 chips
[river] player BigNews!_1_3 has 1413 chips
[river] player Kasin1_1_4 has 2956 chips
[river] player taring_1_5 has 2992 chips
[river] player The Joker_1_6 has 3137 chips
[river] player yyyyyr_1_7 has 3005 chips
[river] player yi95yi_1_1 checks
[river] player BigNews!_1_3 folds
[river] player Kasin1_1_4 checks
[river] round ends
[SHOWDOWN] showdown starts
[SHOWDOWN] player yi95yi_1_1 shows 9 heart A club 8 diamond 9 club 8 spade, which is two pair.
[SHOWDOWN] player Kasin1_1_4 shows 9 club 8 spade 8 diamond 7 club 6 spade, which is one pair.
[GAME STAT] pot 0 with 50 chips is shared by 1 players
[GAME STAT] player yi95yi_1_1 gets 50 chips from pot 0
[GAME STAT] pot 1 with 40 chips is shared by 1 players
[GAME STAT] player yi95yi_1_1 gets 40 chips from pot 1
[GAME STAT] overall statistics
[GAME STAT] player Minty_1_0 wins -20 chips in this game
[GAME STAT] player yi95yi_1_1 wins 70 chips in this game
[GAME STAT] player Jerry_Xu_1_2 wins 0 chips in this game
[GAME STAT] player BigNews!_1_3 wins -20 chips in this game
[GAME STAT] player Kasin1_1_4 wins -20 chips in this game
[GAME STAT] player taring_1_5 wins 0 chips in this game
[GAME STAT] player The Joker_1_6 wins 0 chips in this game
[GAME STAT] player yyyyyr_1_7 wins -10 chips in this game
[GAME 11] game ends, invoking player.game_end()
[GAME 12] game starts
[GAME INFO] number of participants in this game = 8
[GAME INFO] participant: Minty_1_0, chip = 2976
[GAME INFO] participant: yi95yi_1_1, chip = 3041
[GAME INFO] participant: Jerry_Xu_1_2, chip = 4480
[GAME INFO] participant: BigNews!_1_3, chip = 1413
[GAME INFO] participant: Kasin1_1_4, chip = 2956
[GAME INFO] participant: taring_1_5, chip = 2992
[GAME INFO] participant: The Joker_1_6, chip = 3137
[GAME INFO] participant: yyyyyr_1_7, chip = 3005
[GAME INFO] blind is 10
[GAME INFO] dealer is yyyyyr_1_7
[GAME INFO] small blind 10 posted by Minty_1_0
[GAME INFO] big blind 20 posted by yi95yi_1_1
[hole card] 10 spade
[hole card] 7 spade
[preflop] round starts
[preflop] player Minty_1_0 has 2966 chips
[preflop] player yi95yi_1_1 has 3021 chips
[preflop] player Jerry_Xu_1_2 has 4480 chips
[preflop] player BigNews!_1_3 has 1413 chips
[preflop] player Kasin1_1_4 has 2956 chips
[preflop] player taring_1_5 has 2992 chips
[preflop] player The Joker_1_6 has 3137 chips
[preflop] player yyyyyr_1_7 has 3005 chips
[preflop] player Jerry_Xu_1_2 calls. Total bet is 20
[preflop] player BigNews!_1_3 calls. Total bet is 20
[preflop] player Kasin1_1_4 folds
[preflop] player taring_1_5 calls. Total bet is 20
[preflop] action
[preflop] call (20 chips). 
[preflop] player The Joker_1_6 calls. Total bet is 20
[preflop] player yyyyyr_1_7 folds
[preflop] player Minty_1_0 folds
[preflop] player yi95yi_1_1 calls. Total bet is 20
[flop] 5 spade
[flop] 7 diamond
[flop] 10 club
[flop] round starts
[flop] player Minty_1_0 has 2966 chips
[flop] player yi95yi_1_1 has 3021 chips
[flop] player Jerry_Xu_1_2 has 4460 chips
[flop] player BigNews!_1_3 has 1393 chips
[flop] player Kasin1_1_4 has 2956 chips
[flop] player taring_1_5 has 2972 chips
[flop] player The Joker_1_6 has 3117 chips
[flop] player yyyyyr_1_7 has 3005 chips
[flop] player yi95yi_1_1 checks
[flop] player Jerry_Xu_1_2 checks
[flop] player BigNews!_1_3 checks
[flop] player taring_1_5 checks
[flop] action
[flop] check
[flop] player The Joker_1_6 checks
[flop] round ends
[turn] J heart
[turn] round starts
[turn] player Minty_1_0 has 2966 chips
[turn] player yi95yi_1_1 has 3021 chips
[turn] player Jerry_Xu_1_2 has 4460 chips
[turn] player BigNews!_1_3 has 1393 chips
[turn] player Kasin1_1_4 has 2956 chips
[turn] player taring_1_5 has 2972 chips
[turn] player The Joker_1_6 has 3117 chips
[turn] player yyyyyr_1_7 has 3005 chips
[turn] player yi95yi_1_1 checks
[turn] player Jerry_Xu_1_2 checks
[turn] player BigNews!_1_3 checks
[turn] player taring_1_5 checks
[turn] action
[turn] check
[turn] player The Joker_1_6 checks
[turn] round ends
[river] 9 spade
[river] round starts
[river] player Minty_1_0 has 2966 chips
[river] player yi95yi_1_1 has 3021 chips
[river] player Jerry_Xu_1_2 has 4460 chips
[river] player BigNews!_1_3 has 1393 chips
[river] player Kasin1_1_4 has 2956 chips
[river] player taring_1_5 has 2972 chips
[river] player The Joker_1_6 has 3117 chips
[river] player yyyyyr_1_7 has 3005 chips
[river] player yi95yi_1_1 checks
[river] player Jerry_Xu_1_2 checks
[river] player BigNews!_1_3 checks
[river] player taring_1_5 checks
[river] action
[river] check
[river] player The Joker_1_6 checks
[river] round ends
[SHOWDOWN] showdown starts
[SHOWDOWN] showdown
[SHOWDOWN] 7 diamond 10 club J heart 10 spade 7 spade
[SHOWDOWN] player taring_1_5 shows 8 heart 7 diamond 10 club J heart 9 spade, which is straight.
[SHOWDOWN] player The Joker_1_6 shows 7 diamond 10 club J heart 10 spade 7 spade, which is two pair.
[SHOWDOWN] player yi95yi_1_1 shows J club A diamond 10 club J heart 9 spade, which is one pair.
[SHOWDOWN] player Jerry_Xu_1_2 shows K spade J diamond 10 club J heart 9 spade, which is one pair.
[SHOWDOWN] player BigNews!_1_3 shows Q spade J heart 10 club 9 heart 9 spade, which is one pair.
[GAME STAT] pot 0 with 60 chips is shared by 1 players
[GAME STAT] player taring_1_5 gets 60 chips from pot 0
[GAME STAT] pot 1 with 50 chips is shared by 1 players
[GAME STAT] player taring_1_5 gets 50 chips from pot 1
[GAME STAT] overall statistics
[GAME STAT] player Minty_1_0 wins -10 chips in this game
[GAME STAT] player yi95yi_1_1 wins -20 chips in this game
[GAME STAT] player Jerry_Xu_1_2 wins -20 chips in this game
[GAME STAT] player BigNews!_1_3 wins -20 chips in this game
[GAME STAT] player Kasin1_1_4 wins 0 chips in this game
[GAME STAT] player taring_1_5 wins 90 chips in this game
[GAME STAT] player The Joker_1_6 wins -20 chips in this game
[GAME STAT] player yyyyyr_1_7 wins 0 chips in this game
[GAME 12] game ends, invoking player.game_end()
[GAME 13] game starts
[GAME INFO] number of participants in this game = 8
[GAME INFO] participant: Minty_1_0, chip = 2966
[GAME INFO] participant: yi95yi_1_1, chip = 3021
[GAME INFO] participant: Jerry_Xu_1_2, chip = 4460
[GAME INFO] participant: BigNews!_1_3, chip = 1393
[GAME INFO] participant: Kasin1_1_4, chip = 2956
[GAME INFO] participant: taring_1_5, chip = 3082
[GAME INFO] participant: The Joker_1_6, chip = 3117
[GAME INFO] participant: yyyyyr_1_7, chip = 3005
[GAME INFO] blind is 20
[GAME INFO] dealer is Minty_1_0
[GAME INFO] small blind 20 posted by yi95yi_1_1
[GAME INFO] big blind 40 posted by Jerry_Xu_1_2
[hole card] 6 club
[hole card] A heart
[preflop] round starts
[preflop] player Minty_1_0 has 2966 chips
[preflop] player yi95yi_1_1 has 3001 chips
[preflop] player Jerry_Xu_1_2 has 4420 chips
[preflop] player BigNews!_1_3 has 1393 chips
[preflop] player Kasin1_1_4 has 2956 chips
[preflop] player taring_1_5 has 3082 chips
[preflop] player The Joker_1_6 has 3117 chips
[preflop] player yyyyyr_1_7 has 3005 chips
[preflop] player BigNews!_1_3 calls. Total bet is 40
[preflop] player Kasin1_1_4 calls. Total bet is 40
[preflop] player taring_1_5 calls. Total bet is 40
[preflop] action
[WARNING] CANNOT check when another player has raised
[preflop] player The Joker_1_6 folds
[preflop] player yyyyyr_1_7 folds
[preflop] player Minty_1_0 folds
[preflop] player yi95yi_1_1 calls. Total bet is 40
[preflop] player Jerry_Xu_1_2 calls. Total bet is 40
[flop] 9 club
[flop] 7 club
[flop] 8 spade
[flop] round starts
[flop] player Minty_1_0 has 2966 chips
[flop] player yi95yi_1_1 has 2981 chips
[flop] player Jerry_Xu_1_2 has 4420 chips
[flop] player BigNews!_1_3 has 1353 chips
[flop] player Kasin1_1_4 has 2916 chips
[flop] player taring_1_5 has 3042 chips
[flop] player The Joker_1_6 has 3117 chips
[flop] player yyyyyr_1_7 has 3005 chips
[flop] player yi95yi_1_1 checks
[flop] player Jerry_Xu_1_2 checks
[flop] player BigNews!_1_3 checks
[flop] player Kasin1_1_4 checks
[flop] player taring_1_5 checks
[flop] round ends
[turn] 2 heart
[turn] round starts
[turn] player Minty_1_0 has 2966 chips
[turn] player yi95yi_1_1 has 2981 chips
[turn] player Jerry_Xu_1_2 has 4420 chips
[turn] player BigNews!_1_3 has 1353 chips
[turn] player Kasin1_1_4 has 2916 chips
[turn] player taring_1_5 has 3042 chips
[turn] player The Joker_1_6 has 3117 chips
[turn] player yyyyyr_1_7 has 3005 chips
[turn] player yi95yi_1_1 checks
[turn] player Jerry_Xu_1_2 checks
[turn] player BigNews!_1_3 checks
[turn] player Kasin1_1_4 checks
[turn] player taring_1_5 checks
[turn] round ends
[river] J spade
[river] round starts
[river] player Minty_1_0 has 2966 chips
[river] player yi95yi_1_1 has 2981 chips
[river] player Jerry_Xu_1_2 has 4420 chips
[river] player BigNews!_1_3 has 1353 chips
[river] player Kasin1_1_4 has 2916 chips
[river] player taring_1_5 has 3042 chips
[river] player The Joker_1_6 has 3117 chips
[river] player yyyyyr_1_7 has 3005 chips
[river] player yi95yi_1_1 checks
[river] player Jerry_Xu_1_2 checks
[river] player BigNews!_1_3 checks
[river] player Kasin1_1_4 checks
[river] player taring_1_5 checks
[river] round ends
[SHOWDOWN] showdown starts
[SHOWDOWN] player Kasin1_1_4 shows J spade 9 club 8 spade 8 club 8 heart, which is three of a kind.
[SHOWDOWN] player BigNews!_1_3 shows A spade J diamond J spade 9 club 8 spade, which is one pair.
[SHOWDOWN] player Jerry_Xu_1_2 shows 9 club 9 heart 6 heart 2 heart J spade, which is one pair.
[SHOWDOWN] player taring_1_5 shows 9 club 2 spade 8 spade 2 heart J spade, which is one pair.
[SHOWDOWN] player yi95yi_1_1 shows A diamond K diamond 9 club 8 spade J spade, which is high card.
[GAME STAT] pot 0 with 200 chips is shared by 1 players
[GAME STAT] player Kasin1_1_4 gets 200 chips from pot 0
[GAME STAT] overall statistics
[GAME STAT] player Minty_1_0 wins 0 chips in this game
[GAME STAT] player yi95yi_1_1 wins -40 chips in this game
[GAME STAT] player Jerry_Xu_1_2 wins -40 chips in this game
[GAME STAT] player BigNews!_1_3 wins -40 chips in this game
[GAME STAT] player Kasin1_1_4 wins 160 chips in this game
[GAME STAT] player taring_1_5 wins -40 chips in this game
[GAME STAT] player The Joker_1_6 wins 0 chips in this game
[GAME STAT] player yyyyyr_1_7 wins 0 chips in this game
[GAME 13] game ends, invoking player.game_end()
[GAME 14] game starts
[GAME INFO] number of participants in this game = 8
[GAME INFO] participant: Minty_1_0, chip = 2966
[GAME INFO] participant: yi95yi_1_1, chip = 2981
[GAME INFO] participant: Jerry_Xu_1_2, chip = 4420
[GAME INFO] participant: BigNews!_1_3, chip = 1353
[GAME INFO] participant: Kasin1_1_4, chip = 3116
[GAME INFO] participant: taring_1_5, chip = 3042
[GAME INFO] participant: The Joker_1_6, chip = 3117
[GAME INFO] participant: yyyyyr_1_7, chip = 3005
[GAME INFO] blind is 20
[GAME INFO] dealer is yi95yi_1_1
[GAME INFO] small blind 20 posted by Jerry_Xu_1_2
[GAME INFO] big blind 40 posted by BigNews!_1_3
[hole card] A diamond
[hole card] 8 heart
[preflop] round starts
[preflop] player Minty_1_0 has 2966 chips
[preflop] player yi95yi_1_1 has 2981 chips
[preflop] player Jerry_Xu_1_2 has 4400 chips
[preflop] player BigNews!_1_3 has 1313 chips
[preflop] player Kasin1_1_4 has 3116 chips
[preflop] player taring_1_5 has 3042 chips
[preflop] player The Joker_1_6 has 3117 chips
[preflop] player yyyyyr_1_7 has 3005 chips
[preflop] player Kasin1_1_4 folds
[preflop] player taring_1_5 calls. Total bet is 40
[preflop] action
[preflop] call (40 chips). 
[preflop] player The Joker_1_6 calls. Total bet is 40
[preflop] player yyyyyr_1_7 folds
[preflop] player Minty_1_0 folds
[preflop] player yi95yi_1_1 calls. Total bet is 40
[preflop] player Jerry_Xu_1_2 calls. Total bet is 40
[preflop] player BigNews!_1_3 calls. Total bet is 40
[flop] 6 heart
[flop] 5 diamond
[flop] 2 spade
[flop] round starts
[flop] player Minty_1_0 has 2966 chips
[flop] player yi95yi_1_1 has 2941 chips
[flop] player Jerry_Xu_1_2 has 4380 chips
[flop] player BigNews!_1_3 has 1313 chips
[flop] player Kasin1_1_4 has 3116 chips
[flop] player taring_1_5 has 3002 chips
[flop] player The Joker_1_6 has 3077 chips
[flop] player yyyyyr_1_7 has 3005 chips
[flop] player Jerry_Xu_1_2 checks
[flop] player BigNews!_1_3 checks
[flop] player taring_1_5 checks
[flop] action
[flop] check
[flop] player The Joker_1_6 checks
[flop] player yi95yi_1_1 checks
[flop] round ends
[turn] 3 diamond
[turn] round starts
[turn] player Minty_1_0 has 2966 chips
[turn] player yi95yi_1_1 has 2941 chips
[turn] player Jerry_Xu_1_2 has 4380 chips
[turn] player BigNews!_1_3 has 1313 chips
[turn] player Kasin1_1_4 has 3116 chips
[turn] player taring_1_5 has 3002 chips
[turn] player The Joker_1_6 has 3077 chips
[turn] player yyyyyr_1_7 has 3005 chips
[turn] player Jerry_Xu_1_2 checks
[turn] player BigNews!_1_3 checks
[turn] player taring_1_5 checks
[turn] action
[turn] check
[turn] player The Joker_1_6 checks
[turn] player yi95yi_1_1 checks
[turn] round ends
[river] 7 spade
[river] round starts
[river] player Minty_1_0 has 2966 chips
[river] player yi95yi_1_1 has 2941 chips
[river] player Jerry_Xu_1_2 has 4380 chips
[river] player BigNews!_1_3 has 1313 chips
[river] player Kasin1_1_4 has 3116 chips
[river] player taring_1_5 has 3002 chips
[river] player The Joker_1_6 has 3077 chips
[river] player yyyyyr_1_7 has 3005 chips
[river] player Jerry_Xu_1_2 checks
[river] player BigNews!_1_3 folds
[river] player taring_1_5 checks
[river] action
[river] check
[river] player The Joker_1_6 checks
[river] player yi95yi_1_1 checks
[river] round ends
[SHOWDOWN] showdown starts
[SHOWDOWN] showdown
[SHOWDOWN] 6 heart 5 diamond 7 spade A diamond 8 heart
[SHOWDOWN] player yi95yi_1_1 shows 9 club 2 diamond 6 heart 2 spade 7 spade, which is one pair.
[SHOWDOWN] player Jerry_Xu_1_2 shows Q heart A heart 2 spade 3 diamond 7 spade, which is high card.
[SHOWDOWN] player taring_1_5 shows 6 heart 5 diamond J club A club 7 spade, which is high card.
[SHOWDOWN] player The Joker_1_6 shows 6 heart 5 diamond 7 spade A diamond 8 heart, which is high card.
[GAME STAT] pot 0 with 200 chips is shared by 1 players
[GAME STAT] player yi95yi_1_1 gets 200 chips from pot 0
[GAME STAT] overall statistics
[GAME STAT] player Minty_1_0 wins 0 chips in this game
[GAME STAT] player yi95yi_1_1 wins 160 chips in this game
[GAME STAT] player Jerry_Xu_1_2 wins -40 chips in this game
[GAME STAT] player BigNews!_1_3 wins -40 chips in this game
[GAME STAT] player Kasin1_1_4 wins 0 chips in this game
[GAME STAT] player taring_1_5 wins -40 chips in this game
[GAME STAT] player The Joker_1_6 wins -40 chips in this game
[GAME STAT] player yyyyyr_1_7 wins 0 chips in this game
[GAME 14] game ends, invoking player.game_end()
[GAME 15] game starts
[GAME INFO] number of participants in this game = 8
[GAME INFO] participant: Minty_1_0, chip = 2966
[GAME INFO] participant: yi95yi_1_1, chip = 3141
[GAME INFO] participant: Jerry_Xu_1_2, chip = 4380
[GAME INFO] participant: BigNews!_1_3, chip = 1313
[GAME INFO] participant: Kasin1_1_4, chip = 3116
[GAME INFO] participant: taring_1_5, chip = 3002
[GAME INFO] participant: The Joker_1_6, chip = 3077
[GAME INFO] participant: yyyyyr_1_7, chip = 3005
[GAME INFO] blind is 20
[GAME INFO] dealer is Jerry_Xu_1_2
[GAME INFO] small blind 20 posted by BigNews!_1_3
[GAME INFO] big blind 40 posted by Kasin1_1_4
[hole card] Q club
[hole card] 5 heart
[preflop] round starts
[preflop] player Minty_1_0 has 2966 chips
[preflop] player yi95yi_1_1 has 3141 chips
[preflop] player Jerry_Xu_1_2 has 4380 chips
[preflop] player BigNews!_1_3 has 1293 chips
[preflop] player Kasin1_1_4 has 3076 chips
[preflop] player taring_1_5 has 3002 chips
[preflop] player The Joker_1_6 has 3077 chips
[preflop] player yyyyyr_1_7 has 3005 chips
[preflop] player taring_1_5 folds
[preflop] action
[WARNING] CANNOT check when another player has raised
[preflop] player The Joker_1_6 folds
[preflop] player yyyyyr_1_7 folds
[preflop] player Minty_1_0 folds
[preflop] player yi95yi_1_1 calls. Total bet is 40
[preflop] player Jerry_Xu_1_2 calls. Total bet is 40
[preflop] player BigNews!_1_3 calls. Total bet is 40
[preflop] player Kasin1_1_4 calls. Total bet is 40
[flop] 7 spade
[flop] A diamond
[flop] Q heart
[flop] round starts
[flop] player Minty_1_0 has 2966 chips
[flop] player yi95yi_1_1 has 3101 chips
[flop] player Jerry_Xu_1_2 has 4340 chips
[flop] player BigNews!_1_3 has 1273 chips
[flop] player Kasin1_1_4 has 3076 chips
[flop] player taring_1_5 has 3002 chips
[flop] player The Joker_1_6 has 3077 chips
[flop] player yyyyyr_1_7 has 3005 chips
[flop] player BigNews!_1_3 checks
[flop] player Kasin1_1_4 checks
[flop] player yi95yi_1_1 checks
[flop] player Jerry_Xu_1_2 checks
[flop] round ends
[turn] 9 heart
[turn] round starts
[turn] player Minty_1_0 has 2966 chips
[turn] player yi95yi_1_1 has 3101 chips
[turn] player Jerry_Xu_1_2 has 4340 chips
[turn] player BigNews!_1_3 has 1273 chips
[turn] player Kasin1_1_4 has 3076 chips
[turn] player taring_1_5 has 3002 chips
[turn] player The Joker_1_6 has 3077 chips
[turn] player yyyyyr_1_7 has 3005 chips
[turn] player BigNews!_1_3 checks
[turn] player Kasin1_1_4 checks
[turn] player yi95yi_1_1 checks
[turn] player Jerry_Xu_1_2 checks
[turn] round ends
[river] 8 diamond
[river] round starts
[river] player Minty_1_0 has 2966 chips
[river] player yi95yi_1_1 has 3101 chips
[river] player Jerry_Xu_1_2 has 4340 chips
[river] player BigNews!_1_3 has 1273 chips
[river] player Kasin1_1_4 has 3076 chips
[river] player taring_1_5 has 3002 chips
[river] player The Joker_1_6 has 3077 chips
[river] player yyyyyr_1_7 has 3005 chips
[river] player BigNews!_1_3 checks
[river] player Kasin1_1_4 folds
[river] player yi95yi_1_1 checks
[river] player Jerry_Xu_1_2 raises 2170. Total bet is 2170
[river] player BigNews!_1_3 goes all in (1273 chips). Total bet is 1273
[river] player yi95yi_1_1 folds
[SHOWDOWN] showdown starts
[SHOWDOWN] player Jerry_Xu_1_2 shows 8 spade 8 heart Q heart 9 heart 8 diamond, which is three of a kind.
[SHOWDOWN] player BigNews!_1_3 shows A spade A diamond K club Q heart 9 heart, which is one pair.
[GAME STAT] pot 0 with 160 chips is shared by 1 players
[GAME STAT] player Jerry_Xu_1_2 gets 160 chips from pot 0
[GAME STAT] pot 1 with 2546 chips is shared by 1 players
[GAME STAT] player Jerry_Xu_1_2 gets 2546 chips from pot 1
[GAME STAT] pot 2 with 897 chips is shared by 1 players
[GAME STAT] player Jerry_Xu_1_2 gets 897 chips from pot 2
[GAME STAT] overall statistics
[GAME STAT] player Minty_1_0 wins 0 chips in this game
[GAME STAT] player yi95yi_1_1 wins -40 chips in this game
[GAME STAT] player Jerry_Xu_1_2 wins 1393 chips in this game
[GAME STAT] player BigNews!_1_3 wins -1313 chips in this game
[GAME STAT] player Kasin1_1_4 wins -40 chips in this game
[GAME STAT] player taring_1_5 wins 0 chips in this game
[GAME STAT] player The Joker_1_6 wins 0 chips in this game
[GAME STAT] player yyyyyr_1_7 wins 0 chips in this game
[GAME 15] game ends, invoking player.game_end()
[GAME 16] game starts
[GAME INFO] number of participants in this game = 7
[GAME INFO] participant: Minty_1_0, chip = 2966
[GAME INFO] participant: yi95yi_1_1, chip = 3101
[GAME INFO] participant: Jerry_Xu_1_2, chip = 5773
[GAME INFO] participant: Kasin1_1_4, chip = 3076
[GAME INFO] participant: taring_1_5, chip = 3002
[GAME INFO] participant: The Joker_1_6, chip = 3077
[GAME INFO] participant: yyyyyr_1_7, chip = 3005
[GAME INFO] blind is 50
[GAME INFO] dealer is Kasin1_1_4
[GAME INFO] small blind 50 posted by taring_1_5
[GAME INFO] big blind 100 posted by The Joker_1_6
[hole card] 4 spade
[hole card] K heart
[preflop] round starts
[preflop] player Minty_1_0 has 2966 chips
[preflop] player yi95yi_1_1 has 3101 chips
[preflop] player Jerry_Xu_1_2 has 5773 chips
[preflop] player Kasin1_1_4 has 3076 chips
[preflop] player taring_1_5 has 2952 chips
[preflop] player The Joker_1_6 has 2977 chips
[preflop] player yyyyyr_1_7 has 3005 chips
[preflop] player yyyyyr_1_7 folds
[preflop] player Minty_1_0 folds
[preflop] player yi95yi_1_1 calls. Total bet is 100
[preflop] player Jerry_Xu_1_2 folds
[preflop] player Kasin1_1_4 calls. Total bet is 100
[preflop] player taring_1_5 folds
[preflop] action
[preflop] call (0 chips). 
[preflop] player The Joker_1_6 calls. Total bet is 100
[flop] 10 spade
[flop] Q diamond
[flop] 10 heart
[flop] round starts
[flop] player Minty_1_0 has 2966 chips
[flop] player yi95yi_1_1 has 3001 chips
[flop] player Jerry_Xu_1_2 has 5773 chips
[flop] player Kasin1_1_4 has 2976 chips
[flop] player taring_1_5 has 2952 chips
[flop] player The Joker_1_6 has 2977 chips
[flop] player yyyyyr_1_7 has 3005 chips
[flop] action
[flop] check
[flop] player The Joker_1_6 checks
[flop] player yi95yi_1_1 checks
[flop] player Kasin1_1_4 checks
[flop] round ends
[turn] 2 heart
[turn] round starts
[turn] player Minty_1_0 has 2966 chips
[turn] player yi95yi_1_1 has 3001 chips
[turn] player Jerry_Xu_1_2 has 5773 chips
[turn] player Kasin1_1_4 has 2976 chips
[turn] player taring_1_5 has 2952 chips
[turn] player The Joker_1_6 has 2977 chips
[turn] player yyyyyr_1_7 has 3005 chips
[turn] action
[turn] check
[turn] player The Joker_1_6 checks
[turn] player yi95yi_1_1 checks
[turn] player Kasin1_1_4 checks
[turn] round ends
[river] 4 diamond
[river] round starts
[river] player Minty_1_0 has 2966 chips
[river] player yi95yi_1_1 has 3001 chips
[river] player Jerry_Xu_1_2 has 5773 chips
[river] player Kasin1_1_4 has 2976 chips
[river] player taring_1_5 has 2952 chips
[river] player The Joker_1_6 has 2977 chips
[river] player yyyyyr_1_7 has 3005 chips
[river] action
[river] check
[river] player The Joker_1_6 checks
[river] player yi95yi_1_1 checks
[river] player Kasin1_1_4 checks
[river] round ends
[SHOWDOWN] showdown starts
[SHOWDOWN] showdown
[SHOWDOWN] 10 spade 10 heart 4 diamond 4 spade K heart
[SHOWDOWN] player The Joker_1_6 shows 10 spade 10 heart 4 diamond 4 spade K heart, which is two pair.
[SHOWDOWN] player yi95yi_1_1 shows 4 heart 10 spade Q diamond 10 heart 4 diamond, which is two pair.
[SHOWDOWN] player Kasin1_1_4 shows A club Q diamond 10 heart 10 spade 8 heart, which is one pair.
[GAME STAT] pot 0 with 200 chips is shared by 1 players
[GAME STAT] player The Joker_1_6 gets 200 chips from pot 0
[GAME STAT] pot 1 with 150 chips is shared by 1 players
[GAME STAT] player The Joker_1_6 gets 150 chips from pot 1
[GAME STAT] overall statistics
[GAME STAT] player Minty_1_0 wins 0 chips in this game
[GAME STAT] player yi95yi_1_1 wins -100 chips in this game
[GAME STAT] player Jerry_Xu_1_2 wins 0 chips in this game
[GAME STAT] player Kasin1_1_4 wins -100 chips in this game
[GAME STAT] player taring_1_5 wins -50 chips in this game
[GAME STAT] player The Joker_1_6 wins 250 chips in this game
[GAME STAT] player yyyyyr_1_7 wins 0 chips in this game
[GAME 16] game ends, invoking player.game_end()
[GAME 17] game starts
[GAME INFO] number of participants in this game = 7
[GAME INFO] participant: Minty_1_0, chip = 2966
[GAME INFO] participant: yi95yi_1_1, chip = 3001
[GAME INFO] participant: Jerry_Xu_1_2, chip = 5773
[GAME INFO] participant: Kasin1_1_4, chip = 2976
[GAME INFO] participant: taring_1_5, chip = 2952
[GAME INFO] participant: The Joker_1_6, chip = 3327
[GAME INFO] participant: yyyyyr_1_7, chip = 3005
[GAME INFO] blind is 50
[GAME INFO] dealer is taring_1_5
[GAME INFO] small blind 50 posted by The Joker_1_6
[GAME INFO] big blind 100 posted by yyyyyr_1_7
[hole card] J spade
[hole card] 8 club
[preflop] round starts
[preflop] player Minty_1_0 has 2966 chips
[preflop] player yi95yi_1_1 has 3001 chips
[preflop] player Jerry_Xu_1_2 has 5773 chips
[preflop] player Kasin1_1_4 has 2976 chips
[preflop] player taring_1_5 has 2952 chips
[preflop] player The Joker_1_6 has 3277 chips
[preflop] player yyyyyr_1_7 has 2905 chips
[preflop] player Minty_1_0 folds
[preflop] player yi95yi_1_1 calls. Total bet is 100
[preflop] player Jerry_Xu_1_2 calls. Total bet is 100
[preflop] player Kasin1_1_4 folds
[preflop] player taring_1_5 calls. Total bet is 100
[preflop] action
[WARNING] CANNOT check when another player has raised
[preflop] player The Joker_1_6 folds
[preflop] player yyyyyr_1_7 folds
[flop] 6 diamond
[flop] 3 spade
[flop] Q heart
[flop] round starts
[flop] player Minty_1_0 has 2966 chips
[flop] player yi95yi_1_1 has 2901 chips
[flop] player Jerry_Xu_1_2 has 5673 chips
[flop] player Kasin1_1_4 has 2976 chips
[flop] player taring_1_5 has 2852 chips
[flop] player The Joker_1_6 has 3277 chips
[flop] player yyyyyr_1_7 has 2905 chips
[flop] player yi95yi_1_1 checks
[flop] player Jerry_Xu_1_2 checks
[flop] player taring_1_5 checks
[flop] round ends
[turn] Q club
[turn] round starts
[turn] player Minty_1_0 has 2966 chips
[turn] player yi95yi_1_1 has 2901 chips
[turn] player Jerry_Xu_1_2 has 5673 chips
[turn] player Kasin1_1_4 has 2976 chips
[turn] player taring_1_5 has 2852 chips
[turn] player The Joker_1_6 has 3277 chips
[turn] player yyyyyr_1_7 has 2905 chips
[turn] player yi95yi_1_1 checks
[turn] player Jerry_Xu_1_2 checks
[turn] player taring_1_5 checks
[turn] round ends
[river] A spade
[river] round starts
[river] player Minty_1_0 has 2966 chips
[river] player yi95yi_1_1 has 2901 chips
[river] player Jerry_Xu_1_2 has 5673 chips
[river] player Kasin1_1_4 has 2976 chips
[river] player taring_1_5 has 2852 chips
[river] player The Joker_1_6 has 3277 chips
[river] player yyyyyr_1_7 has 2905 chips
[river] player yi95yi_1_1 checks
[river] player Jerry_Xu_1_2 checks
[river] player taring_1_5 checks
[river] round ends
[SHOWDOWN] showdown starts
[SHOWDOWN] player Jerry_Xu_1_2 shows K club A diamond Q heart Q club A spade, which is two pair.
[SHOWDOWN] player yi95yi_1_1 shows 8 heart 7 heart Q heart Q club A spade, which is one pair.
[SHOWDOWN] player taring_1_5 shows 6 diamond 5 spade Q heart Q club A spade, which is one pair.
[GAME STAT] pot 0 with 250 chips is shared by 1 players
[GAME STAT] player Jerry_Xu_1_2 gets 250 chips from pot 0
[GAME STAT] pot 1 with 200 chips is shared by 1 players
[GAME STAT] player Jerry_Xu_1_2 gets 200 chips from pot 1
[GAME STAT] overall statistics
[GAME STAT] player Minty_1_0 wins 0 chips in this game
[GAME STAT] player yi95yi_1_1 wins -100 chips in this game
[GAME STAT] player Jerry_Xu_1_2 wins 350 chips in this game
[GAME STAT] player Kasin1_1_4 wins 0 chips in this game
[GAME STAT] player taring_1_5 wins -100 chips in this game
[GAME STAT] player The Joker_1_6 wins -50 chips in this game
[GAME STAT] player yyyyyr_1_7 wins -100 chips in this game
[GAME 17] game ends, invoking player.game_end()
[GAME 18] game starts
[GAME INFO] number of participants in this game = 7
[GAME INFO] participant: Minty_1_0, chip = 2966
[GAME INFO] participant: yi95yi_1_1, chip = 2901
[GAME INFO] participant: Jerry_Xu_1_2, chip = 6123
[GAME INFO] participant: Kasin1_1_4, chip = 2976
[GAME INFO] participant: taring_1_5, chip = 2852
[GAME INFO] participant: The Joker_1_6, chip = 3277
[GAME INFO] participant: yyyyyr_1_7, chip = 2905
[GAME INFO] blind is 50
[GAME INFO] dealer is The Joker_1_6
[GAME INFO] small blind 50 posted by yyyyyr_1_7
[GAME INFO] big blind 100 posted by Minty_1_0
[hole card] 7 diamond
[hole card] 4 diamond
[preflop] round starts
[preflop] player Minty_1_0 has 2866 chips
[preflop] player yi95yi_1_1 has 2901 chips
[preflop] player Jerry_Xu_1_2 has 6123 chips
[preflop] player Kasin1_1_4 has 2976 chips
[preflop] player taring_1_5 has 2852 chips
[preflop] player The Joker_1_6 has 3277 chips
[preflop] player yyyyyr_1_7 has 2855 chips
[preflop] player yi95yi_1_1 calls. Total bet is 100
[preflop] player Jerry_Xu_1_2 calls. Total bet is 100
[preflop] player Kasin1_1_4 folds
[preflop] player taring_1_5 folds
[preflop] action
[WARNING] CANNOT check when another player has raised
[preflop] player The Joker_1_6 folds
[preflop] player yyyyyr_1_7 calls. Total bet is 100
[preflop] player Minty_1_0 folds
[flop] 10 spade
[flop] 4 club
[flop] 5 club
[flop] round starts
[flop] player Minty_1_0 has 2866 chips
[flop] player yi95yi_1_1 has 2801 chips
[flop] player Jerry_Xu_1_2 has 6023 chips
[flop] player Kasin1_1_4 has 2976 chips
[flop] player taring_1_5 has 2852 chips
[flop] player The Joker_1_6 has 3277 chips
[flop] player yyyyyr_1_7 has 2805 chips
[flop] player yyyyyr_1_7 checks
[flop] player yi95yi_1_1 checks
[flop] player Jerry_Xu_1_2 checks
[flop] round ends
[turn] 2 spade
[turn] round starts
[turn] player Minty_1_0 has 2866 chips
[turn] player yi95yi_1_1 has 2801 chips
[turn] player Jerry_Xu_1_2 has 6023 chips
[turn] player Kasin1_1_4 has 2976 chips
[turn] player taring_1_5 has 2852 chips
[turn] player The Joker_1_6 has 3277 chips
[turn] player yyyyyr_1_7 has 2805 chips
[turn] player yyyyyr_1_7 checks
[turn] player yi95yi_1_1 checks
[turn] player Jerry_Xu_1_2 checks
[turn] round ends
[river] 5 heart
[river] round starts
[river] player Minty_1_0 has 2866 chips
[river] player yi95yi_1_1 has 2801 chips
[river] player Jerry_Xu_1_2 has 6023 chips
[river] player Kasin1_1_4 has 2976 chips
[river] player taring_1_5 has 2852 chips
[river] player The Joker_1_6 has 3277 chips
[river] player yyyyyr_1_7 has 2805 chips
[river] player yyyyyr_1_7 checks
[river] player yi95yi_1_1 checks
[river] player Jerry_Xu_1_2 checks
[river] round ends
[SHOWDOWN] showdown starts
[SHOWDOWN] player yi95yi_1_1 shows 8 heart 10 diamond 10 spade 5 club 5 heart, which is two pair.
[SHOWDOWN] player yyyyyr_1_7 shows 7 heart K club 10 spade 5 club 5 heart, which is one pair.
[SHOWDOWN] player Jerry_Xu_1_2 shows 9 diamond K spade 5 club 2 spade 5 heart, which is one pair.
[GAME STAT] pot 0 with 400 chips is shared by 1 players
[GAME STAT] player yi95yi_1_1 gets 400 chips from pot 0
[GAME STAT] overall statistics
[GAME STAT] player Minty_1_0 wins -100 chips in this game
[GAME STAT] player yi95yi_1_1 wins 300 chips in this game
[GAME STAT] player Jerry_Xu_1_2 wins -100 chips in this game
[GAME STAT] player Kasin1_1_4 wins 0 chips in this game
[GAME STAT] player taring_1_5 wins 0 chips in this game
[GAME STAT] player The Joker_1_6 wins 0 chips in this game
[GAME STAT] player yyyyyr_1_7 wins -100 chips in this game
[GAME 18] game ends, invoking player.game_end()
[GAME 19] game starts
[GAME INFO] number of participants in this game = 7
[GAME INFO] participant: Minty_1_0, chip = 2866
[GAME INFO] participant: yi95yi_1_1, chip = 3201
[GAME INFO] participant: Jerry_Xu_1_2, chip = 6023
[GAME INFO] participant: Kasin1_1_4, chip = 2976
[GAME INFO] participant: taring_1_5, chip = 2852
[GAME INFO] participant: The Joker_1_6, chip = 3277
[GAME INFO] participant: yyyyyr_1_7, chip = 2805
[GAME INFO] blind is 100
[GAME INFO] dealer is yyyyyr_1_7
[GAME INFO] small blind 100 posted by Minty_1_0
[GAME INFO] big blind 200 posted by yi95yi_1_1
[hole card] 4 club
[hole card] 2 diamond
[preflop] round starts
[preflop] player Minty_1_0 has 2766 chips
[preflop] player yi95yi_1_1 has 3001 chips
[preflop] player Jerry_Xu_1_2 has 6023 chips
[preflop] player Kasin1_1_4 has 2976 chips
[preflop] player taring_1_5 has 2852 chips
[preflop] player The Joker_1_6 has 3277 chips
[preflop] player yyyyyr_1_7 has 2805 chips
[preflop] player Jerry_Xu_1_2 folds
[preflop] player Kasin1_1_4 calls. Total bet is 200
[preflop] player taring_1_5 calls. Total bet is 200
[preflop] action
[WARNING] CANNOT check when another player has raised
[preflop] player The Joker_1_6 folds
[preflop] player yyyyyr_1_7 folds
[preflop] player Minty_1_0 folds
[preflop] player yi95yi_1_1 calls. Total bet is 200
[flop] A club
[flop] 3 spade
[flop] 5 heart
[flop] round starts
[flop] player Minty_1_0 has 2766 chips
[flop] player yi95yi_1_1 has 3001 chips
[flop] player Jerry_Xu_1_2 has 6023 chips
[flop] player Kasin1_1_4 has 2776 chips
[flop] player taring_1_5 has 2652 chips
[flop] player The Joker_1_6 has 3277 chips
[flop] player yyyyyr_1_7 has 2805 chips
[flop] player yi95yi_1_1 checks
[flop] player Kasin1_1_4 checks
[flop] player taring_1_5 checks
[flop] round ends
[turn] 4 heart
[turn] round starts
[turn] player Minty_1_0 has 2766 chips
[turn] player yi95yi_1_1 has 3001 chips
[turn] player Jerry_Xu_1_2 has 6023 chips
[turn] player Kasin1_1_4 has 2776 chips
[turn] player taring_1_5 has 2652 chips
[turn] player The Joker_1_6 has 3277 chips
[turn] player yyyyyr_1_7 has 2805 chips
[turn] player yi95yi_1_1 checks
[turn] player Kasin1_1_4 checks
[turn] player taring_1_5 checks
[turn] round ends
[river] K heart
[river] round starts
[river] player Minty_1_0 has 2766 chips
[river] player yi95yi_1_1 has 3001 chips
[river] player Jerry_Xu_1_2 has 6023 chips
[river] player Kasin1_1_4 has 2776 chips
[river] player taring_1_5 has 2652 chips
[river] player The Joker_1_6 has 3277 chips
[river] player yyyyyr_1_7 has 2805 chips
[river] player yi95yi_1_1 checks
[river] player Kasin1_1_4 checks
[river] player taring_1_5 checks
[river] round ends
[SHOWDOWN] showdown starts
[SHOWDOWN] player Kasin1_1_4 shows A club K heart K spade Q diamond 5 heart, which is one pair.
[SHOWDOWN] player yi95yi_1_1 shows 3 club J heart A club 3 spade K heart, which is one pair.
[SHOWDOWN] player taring_1_5 shows A club 10 club 5 heart Q club K heart, which is high card.
[GAME STAT] pot 0 with 400 chips is shared by 1 players
[GAME STAT] player Kasin1_1_4 gets 400 chips from pot 0
[GAME STAT] pot 1 with 300 chips is shared by 1 players
[GAME STAT] player Kasin1_1_4 gets 300 chips from pot 1
[GAME STAT] overall statistics
[GAME STAT] player Minty_1_0 wins -100 chips in this game
[GAME STAT] player yi95yi_1_1 wins -200 chips in this game
[GAME STAT] player Jerry_Xu_1_2 wins 0 chips in this game
[GAME STAT] player Kasin1_1_4 wins 500 chips in this game
[GAME STAT] player taring_1_5 wins -200 chips in this game
[GAME STAT] player The Joker_1_6 wins 0 chips in this game
[GAME STAT] player yyyyyr_1_7 wins 0 chips in this game
[GAME 19] game ends, invoking player.game_end()
[GAME 20] game starts
[GAME INFO] number of participants in this game = 7
[GAME INFO] participant: Minty_1_0, chip = 2766
[GAME INFO] participant: yi95yi_1_1, chip = 3001
[GAME INFO] participant: Jerry_Xu_1_2, chip = 6023
[GAME INFO] participant: Kasin1_1_4, chip = 3476
[GAME INFO] participant: taring_1_5, chip = 2652
[GAME INFO] participant: The Joker_1_6, chip = 3277
[GAME INFO] participant: yyyyyr_1_7, chip = 2805
[GAME INFO] blind is 100
[GAME INFO] dealer is Minty_1_0
[GAME INFO] small blind 100 posted by yi95yi_1_1
[GAME INFO] big blind 200 posted by Jerry_Xu_1_2
[hole card] 4 club
[hole card] 8 club
[preflop] round starts
[preflop] player Minty_1_0 has 2766 chips
[preflop] player yi95yi_1_1 has 2901 chips
[preflop] player Jerry_Xu_1_2 has 5823 chips
[preflop] player Kasin1_1_4 has 3476 chips
[preflop] player taring_1_5 has 2652 chips
[preflop] player The Joker_1_6 has 3277 chips
[preflop] player yyyyyr_1_7 has 2805 chips
[preflop] player Kasin1_1_4 calls. Total bet is 200
[preflop] player taring_1_5 calls. Total bet is 200
[preflop] action
[WARNING] CANNOT check when another player has raised
[preflop] player The Joker_1_6 folds
[preflop] player yyyyyr_1_7 folds
[preflop] player Minty_1_0 folds
[preflop] player yi95yi_1_1 calls. Total bet is 200
[preflop] player Jerry_Xu_1_2 calls. Total bet is 200
[flop] A spade
[flop] K diamond
[flop] A diamond
[flop] round starts
[flop] player Minty_1_0 has 2766 chips
[flop] player yi95yi_1_1 has 2801 chips
[flop] player Jerry_Xu_1_2 has 5823 chips
[flop] player Kasin1_1_4 has 3276 chips
[flop] player taring_1_5 has 2452 chips
[flop] player The Joker_1_6 has 3277 chips
[flop] player yyyyyr_1_7 has 2805 chips
[flop] player yi95yi_1_1 checks
[flop] player Jerry_Xu_1_2 checks
[flop] player Kasin1_1_4 checks
[flop] player taring_1_5 checks
[flop] round ends
[turn] 3 diamond
[turn] round starts
[turn] player Minty_1_0 has 2766 chips
[turn] player yi95yi_1_1 has 2801 chips
[turn] player Jerry_Xu_1_2 has 5823 chips
[turn] player Kasin1_1_4 has 3276 chips
[turn] player taring_1_5 has 2452 chips
[turn] player The Joker_1_6 has 3277 chips
[turn] player yyyyyr_1_7 has 2805 chips
[turn] player yi95yi_1_1 goes all in (2801 chips). Total bet is 2801
[turn] player Jerry_Xu_1_2 calls. Total bet is 2801
[turn] player Kasin1_1_4 calls. Total bet is 2801
[turn] player taring_1_5 goes all in (2452 chips). Total bet is 2452
[river] 5 spade
[river] round starts
[river] player Minty_1_0 has 2766 chips
[river] player yi95yi_1_1 has 0 chips
[river] player Jerry_Xu_1_2 has 3022 chips
[river] player Kasin1_1_4 has 475 chips
[river] player taring_1_5 has 0 chips
[river] player The Joker_1_6 has 3277 chips
[river] player yyyyyr_1_7 has 2805 chips
[river] player yi95yi_1_1 checks
[river] player yi95yi_1_1 goes all in (0 chips). Total bet is 0
[river] player Jerry_Xu_1_2 checks
[river] player Jerry_Xu_1_2 calls. Total bet is 0
[river] player Kasin1_1_4 checks
[river] player Kasin1_1_4 calls. Total bet is 0
[river] player taring_1_5 folds
[river] round ends
[SHOWDOWN] showdown starts
[SHOWDOWN] player yi95yi_1_1 shows 5 diamond 10 diamond K diamond A diamond 3 diamond, which is flush.
[SHOWDOWN] player Kasin1_1_4 shows A diamond A spade A heart K diamond 9 diamond, which is three of a kind.
[SHOWDOWN] player Jerry_Xu_1_2 shows A spade 6 club A diamond J club 5 spade, which is one pair.
[GAME STAT] pot 0 with 10608 chips is shared by 1 players
[GAME STAT] player yi95yi_1_1 gets 10608 chips from pot 0
[GAME STAT] pot 1 with 1047 chips is shared by 1 players
[GAME STAT] player yi95yi_1_1 gets 1047 chips from pot 1
[GAME STAT] overall statistics
[GAME STAT] player Minty_1_0 wins 0 chips in this game
[GAME STAT] player yi95yi_1_1 wins 8654 chips in this game
[GAME STAT] player Jerry_Xu_1_2 wins -3001 chips in this game
[GAME STAT] player Kasin1_1_4 wins -3001 chips in this game
[GAME STAT] player taring_1_5 wins -2652 chips in this game
[GAME STAT] player The Joker_1_6 wins 0 chips in this game
[GAME STAT] player yyyyyr_1_7 wins 0 chips in this game
[GAME 20] game ends, invoking player.game_end()
[GAME 21] game starts
[GAME INFO] number of participants in this game = 6
[GAME INFO] participant: Minty_1_0, chip = 2766
[GAME INFO] participant: yi95yi_1_1, chip = 11655
[GAME INFO] participant: Jerry_Xu_1_2, chip = 3022
[GAME INFO] participant: Kasin1_1_4, chip = 475
[GAME INFO] participant: The Joker_1_6, chip = 3277
[GAME INFO] participant: yyyyyr_1_7, chip = 2805
[GAME INFO] blind is 100
[GAME INFO] dealer is yi95yi_1_1
[GAME INFO] small blind 100 posted by Jerry_Xu_1_2
[GAME INFO] big blind 200 posted by Kasin1_1_4
[hole card] 4 diamond
[hole card] 9 club
[preflop] round starts
[preflop] player Minty_1_0 has 2766 chips
[preflop] player yi95yi_1_1 has 11655 chips
[preflop] player Jerry_Xu_1_2 has 2922 chips
[preflop] player Kasin1_1_4 has 275 chips
[preflop] player The Joker_1_6 has 3277 chips
[preflop] player yyyyyr_1_7 has 2805 chips
[preflop] action
[WARNING] CANNOT check when another player has raised
[preflop] player The Joker_1_6 folds
[preflop] player yyyyyr_1_7 folds
[preflop] player Minty_1_0 folds
[preflop] player yi95yi_1_1 calls. Total bet is 200
[preflop] player Jerry_Xu_1_2 calls. Total bet is 200
[preflop] player Kasin1_1_4 calls. Total bet is 200
[flop] K diamond
[flop] J diamond
[flop] A heart
[flop] round starts
[flop] player Minty_1_0 has 2766 chips
[flop] player yi95yi_1_1 has 11455 chips
[flop] player Jerry_Xu_1_2 has 2822 chips
[flop] player Kasin1_1_4 has 275 chips
[flop] player The Joker_1_6 has 3277 chips
[flop] player yyyyyr_1_7 has 2805 chips
[flop] player Jerry_Xu_1_2 checks
[flop] player Kasin1_1_4 checks
[flop] player yi95yi_1_1 checks
[flop] round ends
[turn] 4 spade
[turn] round starts
[turn] player Minty_1_0 has 2766 chips
[turn] player yi95yi_1_1 has 11455 chips
[turn] player Jerry_Xu_1_2 has 2822 chips
[turn] player Kasin1_1_4 has 275 chips
[turn] player The Joker_1_6 has 3277 chips
[turn] player yyyyyr_1_7 has 2805 chips
[turn] player Jerry_Xu_1_2 checks
[turn] player Kasin1_1_4 checks
[turn] player yi95yi_1_1 checks
[turn] round ends
[river] 6 diamond
[river] round starts
[river] player Minty_1_0 has 2766 chips
[river] player yi95yi_1_1 has 11455 chips
[river] player Jerry_Xu_1_2 has 2822 chips
[river] player Kasin1_1_4 has 275 chips
[river] player The Joker_1_6 has 3277 chips
[river] player yyyyyr_1_7 has 2805 chips
[river] player Jerry_Xu_1_2 checks
[river] player Kasin1_1_4 checks
[river] player yi95yi_1_1 checks
[river] round ends
[SHOWDOWN] showdown starts
[SHOWDOWN] player Kasin1_1_4 shows A heart A diamond K diamond J diamond 9 diamond, which is one pair.
[SHOWDOWN] player yi95yi_1_1 shows K heart Q diamond K diamond J diamond A heart, which is one pair.
[SHOWDOWN] player Jerry_Xu_1_2 shows 6 club 2 heart A heart 4 spade 6 diamond, which is one pair.
[GAME STAT] pot 0 with 600 chips is shared by 1 players
[GAME STAT] player Kasin1_1_4 gets 600 chips from pot 0
[GAME STAT] overall statistics
[GAME STAT] player Minty_1_0 wins 0 chips in this game
[GAME STAT] player yi95yi_1_1 wins -200 chips in this game
[GAME STAT] player Jerry_Xu_1_2 wins -200 chips in this game
[GAME STAT] player Kasin1_1_4 wins 400 chips in this game
[GAME STAT] player The Joker_1_6 wins 0 chips in this game
[GAME STAT] player yyyyyr_1_7 wins 0 chips in this game
[GAME 21] game ends, invoking player.game_end()
[GAME 22] game starts
[GAME INFO] number of participants in this game = 6
[GAME INFO] participant: Minty_1_0, chip = 2766
[GAME INFO] participant: yi95yi_1_1, chip = 11455
[GAME INFO] participant: Jerry_Xu_1_2, chip = 2822
[GAME INFO] participant: Kasin1_1_4, chip = 875
[GAME INFO] participant: The Joker_1_6, chip = 3277
[GAME INFO] participant: yyyyyr_1_7, chip = 2805
[GAME INFO] blind is 200
[GAME INFO] dealer is Jerry_Xu_1_2
[GAME INFO] small blind 200 posted by Kasin1_1_4
[GAME INFO] big blind 400 posted by The Joker_1_6
[hole card] 10 spade
[hole card] 8 diamond
[preflop] round starts
[preflop] player Minty_1_0 has 2766 chips
[preflop] player yi95yi_1_1 has 11455 chips
[preflop] player Jerry_Xu_1_2 has 2822 chips
[preflop] player Kasin1_1_4 has 675 chips
[preflop] player The Joker_1_6 has 2877 chips
[preflop] player yyyyyr_1_7 has 2805 chips
[preflop] player yyyyyr_1_7 folds
[preflop] player Minty_1_0 folds
[preflop] player yi95yi_1_1 folds
[preflop] player Jerry_Xu_1_2 calls. Total bet is 400
[preflop] player Kasin1_1_4 folds
[preflop] action
[preflop] call (0 chips). 
[preflop] player The Joker_1_6 calls. Total bet is 400
[flop] 9 club
[flop] 10 club
[flop] 6 club
[flop] round starts
[flop] player Minty_1_0 has 2766 chips
[flop] player yi95yi_1_1 has 11455 chips
[flop] player Jerry_Xu_1_2 has 2422 chips
[flop] player Kasin1_1_4 has 675 chips
[flop] player The Joker_1_6 has 2877 chips
[flop] player yyyyyr_1_7 has 2805 chips
[flop] action
[flop] check
[flop] player The Joker_1_6 checks
[flop] player Jerry_Xu_1_2 checks
[flop] round ends
[turn] 10 diamond
[turn] round starts
[turn] player Minty_1_0 has 2766 chips
[turn] player yi95yi_1_1 has 11455 chips
[turn] player Jerry_Xu_1_2 has 2422 chips
[turn] player Kasin1_1_4 has 675 chips
[turn] player The Joker_1_6 has 2877 chips
[turn] player yyyyyr_1_7 has 2805 chips
[turn] action
[turn] check
[turn] player The Joker_1_6 checks
[turn] player Jerry_Xu_1_2 checks
[turn] round ends
[river] J club
[river] round starts
[river] player Minty_1_0 has 2766 chips
[river] player yi95yi_1_1 has 11455 chips
[river] player Jerry_Xu_1_2 has 2422 chips
[river] player Kasin1_1_4 has 675 chips
[river] player The Joker_1_6 has 2877 chips
[river] player yyyyyr_1_7 has 2805 chips
[river] action
[river] check
[river] player The Joker_1_6 checks
[river] player Jerry_Xu_1_2 checks
[river] round ends
[SHOWDOWN] showdown starts
[SHOWDOWN] showdown
[SHOWDOWN] 9 club 10 club 10 diamond J club 10 spade
[SHOWDOWN] player The Joker_1_6 shows 9 club 10 club 10 diamond J club 10 spade, which is three of a kind.
[SHOWDOWN] player Jerry_Xu_1_2 shows J spade 10 club K heart 10 diamond J club, which is two pair.
[GAME STAT] pot 0 with 600 chips is shared by 1 players
[GAME STAT] player The Joker_1_6 gets 600 chips from pot 0
[GAME STAT] pot 1 with 400 chips is shared by 1 players
[GAME STAT] player The Joker_1_6 gets 400 chips from pot 1
[GAME STAT] overall statistics
[GAME STAT] player Minty_1_0 wins 0 chips in this game
[GAME STAT] player yi95yi_1_1 wins 0 chips in this game
[GAME STAT] player Jerry_Xu_1_2 wins -400 chips in this game
[GAME STAT] player Kasin1_1_4 wins -200 chips in this game
[GAME STAT] player The Joker_1_6 wins 600 chips in this game
[GAME STAT] player yyyyyr_1_7 wins 0 chips in this game
[GAME 22] game ends, invoking player.game_end()
[GAME 23] game starts
[GAME INFO] number of participants in this game = 6
[GAME INFO] participant: Minty_1_0, chip = 2766
[GAME INFO] participant: yi95yi_1_1, chip = 11455
[GAME INFO] participant: Jerry_Xu_1_2, chip = 2422
[GAME INFO] participant: Kasin1_1_4, chip = 675
[GAME INFO] participant: The Joker_1_6, chip = 3877
[GAME INFO] participant: yyyyyr_1_7, chip = 2805
[GAME INFO] blind is 200
[GAME INFO] dealer is Kasin1_1_4
[GAME INFO] small blind 200 posted by The Joker_1_6
[GAME INFO] big blind 400 posted by yyyyyr_1_7
[hole card] 9 heart
[hole card] 8 diamond
[preflop] round starts
[preflop] player Minty_1_0 has 2766 chips
[preflop] player yi95yi_1_1 has 11455 chips
[preflop] player Jerry_Xu_1_2 has 2422 chips
[preflop] player Kasin1_1_4 has 675 chips
[preflop] player The Joker_1_6 has 3677 chips
[preflop] player yyyyyr_1_7 has 2405 chips
[preflop] player Minty_1_0 folds
[preflop] player yi95yi_1_1 folds
[preflop] player Jerry_Xu_1_2 folds
[preflop] player Kasin1_1_4 folds
[preflop] action
[preflop] call (200 chips). 
[preflop] player The Joker_1_6 calls. Total bet is 400
[preflop] player yyyyyr_1_7 folds
[GAME STAT] pot 0 with 800 chips is shared by 1 players
[GAME STAT] player The Joker_1_6 gets 800 chips from pot 0
[GAME STAT] overall statistics
[GAME STAT] player Minty_1_0 wins 0 chips in this game
[GAME STAT] player yi95yi_1_1 wins 0 chips in this game
[GAME STAT] player Jerry_Xu_1_2 wins 0 chips in this game
[GAME STAT] player Kasin1_1_4 wins 0 chips in this game
[GAME STAT] player The Joker_1_6 wins 400 chips in this game
[GAME STAT] player yyyyyr_1_7 wins -400 chips in this game
[GAME 23] game ends, invoking player.game_end()
[GAME 24] game starts
[GAME INFO] number of participants in this game = 6
[GAME INFO] participant: Minty_1_0, chip = 2766
[GAME INFO] participant: yi95yi_1_1, chip = 11455
[GAME INFO] participant: Jerry_Xu_1_2, chip = 2422
[GAME INFO] participant: Kasin1_1_4, chip = 675
[GAME INFO] participant: The Joker_1_6, chip = 4277
[GAME INFO] participant: yyyyyr_1_7, chip = 2405
[GAME INFO] blind is 200
[GAME INFO] dealer is The Joker_1_6
[GAME INFO] small blind 200 posted by yyyyyr_1_7
[GAME INFO] big blind 400 posted by Minty_1_0
[hole card] 3 heart
[hole card] 8 spade
[preflop] round starts
[preflop] player Minty_1_0 has 2366 chips
[preflop] player yi95yi_1_1 has 11455 chips
[preflop] player Jerry_Xu_1_2 has 2422 chips
[preflop] player Kasin1_1_4 has 675 chips
[preflop] player The Joker_1_6 has 4277 chips
[preflop] player yyyyyr_1_7 has 2205 chips
[preflop] player yi95yi_1_1 folds
[preflop] player Jerry_Xu_1_2 folds
[preflop] player Kasin1_1_4 folds
[preflop] action
[WARNING] CANNOT check when another player has raised
[preflop] player The Joker_1_6 folds
[preflop] player yyyyyr_1_7 folds
[GAME STAT] pot 0 with 400 chips is shared by 1 players
[GAME STAT] player Minty_1_0 gets 400 chips from pot 0
[GAME STAT] pot 1 with 200 chips is shared by 1 players
[GAME STAT] player Minty_1_0 gets 200 chips from pot 1
[GAME STAT] overall statistics
[GAME STAT] player Minty_1_0 wins 200 chips in this game
[GAME STAT] player yi95yi_1_1 wins 0 chips in this game
[GAME STAT] player Jerry_Xu_1_2 wins 0 chips in this game
[GAME STAT] player Kasin1_1_4 wins 0 chips in this game
[GAME STAT] player The Joker_1_6 wins 0 chips in this game
[GAME STAT] player yyyyyr_1_7 wins -200 chips in this game
[GAME 24] game ends, invoking player.game_end()
[GAME 25] game starts
[GAME INFO] number of participants in this game = 6
[GAME INFO] participant: Minty_1_0, chip = 2966
[GAME INFO] participant: yi95yi_1_1, chip = 11455
[GAME INFO] participant: Jerry_Xu_1_2, chip = 2422
[GAME INFO] participant: Kasin1_1_4, chip = 675
[GAME INFO] participant: The Joker_1_6, chip = 4277
[GAME INFO] participant: yyyyyr_1_7, chip = 2205
[GAME INFO] blind is 500
[GAME INFO] dealer is yyyyyr_1_7
[GAME INFO] small blind 500 posted by Minty_1_0
[GAME INFO] big blind 1000 posted by yi95yi_1_1
[hole card] 9 diamond
[hole card] J heart
[preflop] round starts
[preflop] player Minty_1_0 has 2466 chips
[preflop] player yi95yi_1_1 has 10455 chips
[preflop] player Jerry_Xu_1_2 has 2422 chips
[preflop] player Kasin1_1_4 has 675 chips
[preflop] player The Joker_1_6 has 4277 chips
[preflop] player yyyyyr_1_7 has 2205 chips
[preflop] player Jerry_Xu_1_2 folds
[preflop] player Kasin1_1_4 folds
[preflop] action
[preflop] call (1000 chips). 
[preflop] player The Joker_1_6 calls. Total bet is 1000
[preflop] player yyyyyr_1_7 folds
[preflop] player Minty_1_0 folds
[preflop] player yi95yi_1_1 folds
[GAME STAT] pot 0 with 1500 chips is shared by 1 players
[GAME STAT] player The Joker_1_6 gets 1500 chips from pot 0
[GAME STAT] pot 1 with 1000 chips is shared by 1 players
[GAME STAT] player The Joker_1_6 gets 1000 chips from pot 1
[GAME STAT] overall statistics
[GAME STAT] player Minty_1_0 wins -500 chips in this game
[GAME STAT] player yi95yi_1_1 wins -1000 chips in this game
[GAME STAT] player Jerry_Xu_1_2 wins 0 chips in this game
[GAME STAT] player Kasin1_1_4 wins 0 chips in this game
[GAME STAT] player The Joker_1_6 wins 1500 chips in this game
[GAME STAT] player yyyyyr_1_7 wins 0 chips in this game
[GAME 25] game ends, invoking player.game_end()
[GAME 26] game starts
[GAME INFO] number of participants in this game = 6
[GAME INFO] participant: Minty_1_0, chip = 2466
[GAME INFO] participant: yi95yi_1_1, chip = 10455
[GAME INFO] participant: Jerry_Xu_1_2, chip = 2422
[GAME INFO] participant: Kasin1_1_4, chip = 675
[GAME INFO] participant: The Joker_1_6, chip = 5777
[GAME INFO] participant: yyyyyr_1_7, chip = 2205
[GAME INFO] blind is 500
[GAME INFO] dealer is Minty_1_0
[GAME INFO] small blind 500 posted by yi95yi_1_1
[GAME INFO] big blind 1000 posted by Jerry_Xu_1_2
[hole card] 3 spade
[hole card] 2 club
[preflop] round starts
[preflop] player Minty_1_0 has 2466 chips
[preflop] player yi95yi_1_1 has 9955 chips
[preflop] player Jerry_Xu_1_2 has 1422 chips
[preflop] player Kasin1_1_4 has 675 chips
[preflop] player The Joker_1_6 has 5777 chips
[preflop] player yyyyyr_1_7 has 2205 chips
[preflop] player Kasin1_1_4 folds
[preflop] action
[WARNING] CANNOT check when another player has raised
[preflop] player The Joker_1_6 folds
[preflop] player yyyyyr_1_7 folds
[preflop] player Minty_1_0 folds
[preflop] player yi95yi_1_1 folds
[GAME STAT] pot 0 with 1000 chips is shared by 1 players
[GAME STAT] player Jerry_Xu_1_2 gets 1000 chips from pot 0
[GAME STAT] pot 1 with 500 chips is shared by 1 players
[GAME STAT] player Jerry_Xu_1_2 gets 500 chips from pot 1
[GAME STAT] overall statistics
[GAME STAT] player Minty_1_0 wins 0 chips in this game
[GAME STAT] player yi95yi_1_1 wins -500 chips in this game
[GAME STAT] player Jerry_Xu_1_2 wins 500 chips in this game
[GAME STAT] player Kasin1_1_4 wins 0 chips in this game
[GAME STAT] player The Joker_1_6 wins 0 chips in this game
[GAME STAT] player yyyyyr_1_7 wins 0 chips in this game
[GAME 26] game ends, invoking player.game_end()
[GAME 27] game starts
[GAME INFO] number of participants in this game = 6
[GAME INFO] participant: Minty_1_0, chip = 2466
[GAME INFO] participant: yi95yi_1_1, chip = 9955
[GAME INFO] participant: Jerry_Xu_1_2, chip = 2922
[GAME INFO] participant: Kasin1_1_4, chip = 675
[GAME INFO] participant: The Joker_1_6, chip = 5777
[GAME INFO] participant: yyyyyr_1_7, chip = 2205
[GAME INFO] blind is 500
[GAME INFO] dealer is yi95yi_1_1
[GAME INFO] small blind 500 posted by Jerry_Xu_1_2
[GAME INFO] big blind 675 posted by Kasin1_1_4
[hole card] 5 club
[hole card] 3 spade
[preflop] round starts
[preflop] player Minty_1_0 has 2466 chips
[preflop] player yi95yi_1_1 has 9955 chips
[preflop] player Jerry_Xu_1_2 has 2422 chips
[preflop] player Kasin1_1_4 has 0 chips
[preflop] player The Joker_1_6 has 5777 chips
[preflop] player yyyyyr_1_7 has 2205 chips
[preflop] action
[WARNING] CANNOT check when another player has raised
[preflop] player The Joker_1_6 folds
[preflop] player yyyyyr_1_7 folds
[preflop] player Minty_1_0 folds
[preflop] player yi95yi_1_1 folds
[preflop] player Jerry_Xu_1_2 calls. Total bet is 675
[preflop] player Kasin1_1_4 goes all in (0 chips). Total bet is 675
[flop] Q spade
[flop] 7 diamond
[flop] 5 heart
[flop] round starts
[flop] player Minty_1_0 has 2466 chips
[flop] player yi95yi_1_1 has 9955 chips
[flop] player Jerry_Xu_1_2 has 2247 chips
[flop] player Kasin1_1_4 has 0 chips
[flop] player The Joker_1_6 has 5777 chips
[flop] player yyyyyr_1_7 has 2205 chips
[flop] player Jerry_Xu_1_2 checks
[flop] player Kasin1_1_4 checks
[flop] round ends
[turn] 2 club
[turn] round starts
[turn] player Minty_1_0 has 2466 chips
[turn] player yi95yi_1_1 has 9955 chips
[turn] player Jerry_Xu_1_2 has 2247 chips
[turn] player Kasin1_1_4 has 0 chips
[turn] player The Joker_1_6 has 5777 chips
[turn] player yyyyyr_1_7 has 2205 chips
[turn] player Jerry_Xu_1_2 checks
[turn] player Kasin1_1_4 checks
[turn] round ends
[river] 4 club
[river] round starts
[river] player Minty_1_0 has 2466 chips
[river] player yi95yi_1_1 has 9955 chips
[river] player Jerry_Xu_1_2 has 2247 chips
[river] player Kasin1_1_4 has 0 chips
[river] player The Joker_1_6 has 5777 chips
[river] player yyyyyr_1_7 has 2205 chips
[river] player Jerry_Xu_1_2 checks
[river] player Kasin1_1_4 checks
[river] round ends
[SHOWDOWN] showdown starts
[SHOWDOWN] player Kasin1_1_4 shows A club Q spade Q heart 7 diamond 5 heart, which is one pair.
[SHOWDOWN] player Jerry_Xu_1_2 shows 4 diamond 8 heart 5 heart 2 club 4 club, which is one pair.
[GAME STAT] pot 0 with 1350 chips is shared by 1 players
[GAME STAT] player Kasin1_1_4 gets 1350 chips from pot 0
[GAME STAT] overall statistics
[GAME STAT] player Minty_1_0 wins 0 chips in this game
[GAME STAT] player yi95yi_1_1 wins 0 chips in this game
[GAME STAT] player Jerry_Xu_1_2 wins -675 chips in this game
[GAME STAT] player Kasin1_1_4 wins 675 chips in this game
[GAME STAT] player The Joker_1_6 wins 0 chips in this game
[GAME STAT] player yyyyyr_1_7 wins 0 chips in this game
[GAME 27] game ends, invoking player.game_end()
[END]
[FINAL STAT] chips
[FINAL STAT] Minty_1_0 has 2466 chips
[FINAL STAT] yi95yi_1_1 has 9955 chips
[FINAL STAT] Jerry_Xu_1_2 has 2247 chips
[FINAL STAT] BigNews!_1_3 has 0 chips
[FINAL STAT] Kasin1_1_4 has 1350 chips
[FINAL STAT] taring_1_5 has 0 chips
[FINAL STAT] The Joker_1_6 has 5777 chips
[FINAL STAT] yyyyyr_1_7 has 2205 chips
