[UI] login name: [UI] succefully login as The Joker_2_1
[login] The Joker_2_1
[player 0] ssw_2_0
[player 1] The Joker_2_1
[player 2] Mars_2_2
[player 3] Minty_2_3
[player 4] wereFluke_2_4
[player 5] courage_2_5
[player 6] NX01_2_6
[player 7] WaP_2_7
[GAME INFO] number of players = 8
[GAME INFO] initial chips = 3000
[GAME 1] game starts
[GAME INFO] number of participants in this game = 8
[GAME INFO] participant: ssw_2_0, chip = 3000
[GAME INFO] participant: The Joker_2_1, chip = 3000
[GAME INFO] participant: Mars_2_2, chip = 3000
[GAME INFO] participant: Minty_2_3, chip = 3000
[GAME INFO] participant: wereFluke_2_4, chip = 3000
[GAME INFO] participant: courage_2_5, chip = 3000
[GAME INFO] participant: NX01_2_6, chip = 3000
[GAME INFO] participant: WaP_2_7, chip = 3000
[GAME INFO] blind is 1
[GAME INFO] dealer is WaP_2_7
[GAME INFO] small blind 1 posted by ssw_2_0
[GAME INFO] big blind 2 posted by The Joker_2_1
[hole card] K heart
[hole card] 10 heart
[preflop] round starts
[preflop] player ssw_2_0 has 2999 chips
[preflop] player The Joker_2_1 has 2998 chips
[preflop] player Mars_2_2 has 3000 chips
[preflop] player Minty_2_3 has 3000 chips
[preflop] player wereFluke_2_4 has 3000 chips
[preflop] player courage_2_5 has 3000 chips
[preflop] player NX01_2_6 has 3000 chips
[preflop] player WaP_2_7 has 3000 chips
[preflop] player Mars_2_2 folds
[preflop] player Minty_2_3 folds
[preflop] player wereFluke_2_4 calls. Total bet is 2
[preflop] player courage_2_5 folds
[preflop] player NX01_2_6 folds
[preflop] player WaP_2_7 folds
[preflop] player ssw_2_0 folds
[preflop] action
[preflop] call (0 chips). 
[preflop] player The Joker_2_1 calls. Total bet is 2
[flop] 5 spade
[flop] 3 spade
[flop] 2 heart
[flop] round starts
[flop] player ssw_2_0 has 2999 chips
[flop] player The Joker_2_1 has 2998 chips
[flop] player Mars_2_2 has 3000 chips
[flop] player Minty_2_3 has 3000 chips
[flop] player wereFluke_2_4 has 2998 chips
[flop] player courage_2_5 has 3000 chips
[flop] player NX01_2_6 has 3000 chips
[flop] player WaP_2_7 has 3000 chips
[flop] action
[flop] check
[flop] player The Joker_2_1 checks
[flop] player wereFluke_2_4 checks
[flop] round ends
[turn] 2 diamond
[turn] round starts
[turn] player ssw_2_0 has 2999 chips
[turn] player The Joker_2_1 has 2998 chips
[turn] player Mars_2_2 has 3000 chips
[turn] player Minty_2_3 has 3000 chips
[turn] player wereFluke_2_4 has 2998 chips
[turn] player courage_2_5 has 3000 chips
[turn] player NX01_2_6 has 3000 chips
[turn] player WaP_2_7 has 3000 chips
[turn] action
[turn] check
[turn] player The Joker_2_1 checks
[turn] player wereFluke_2_4 checks
[turn] round ends
[river] 5 heart
[river] round starts
[river] player ssw_2_0 has 2999 chips
[river] player The Joker_2_1 has 2998 chips
[river] player Mars_2_2 has 3000 chips
[river] player Minty_2_3 has 3000 chips
[river] player wereFluke_2_4 has 2998 chips
[river] player courage_2_5 has 3000 chips
[river] player NX01_2_6 has 3000 chips
[river] player WaP_2_7 has 3000 chips
[river] action
[river] check
[river] player The Joker_2_1 checks
[river] player wereFluke_2_4 checks
[river] round ends
[SHOWDOWN] showdown starts
[SHOWDOWN] showdown
[SHOWDOWN] 5 spade 2 heart 2 diamond 5 heart K heart
[SHOWDOWN] player The Joker_2_1 shows 5 spade 2 heart 2 diamond 5 heart K heart, which is two pair.
[SHOWDOWN] player wereFluke_2_4 shows 6 spade 7 club 5 spade 2 heart 2 diamond, which is one pair.
[GAME STAT] pot 0 with 3 chips is shared by 1 players
[GAME STAT] player The Joker_2_1 gets 3 chips from pot 0
[GAME STAT] pot 1 with 2 chips is shared by 1 players
[GAME STAT] player The Joker_2_1 gets 2 chips from pot 1
[GAME STAT] overall statistics
[GAME STAT] player ssw_2_0 wins -1 chips in this game
[GAME STAT] player The Joker_2_1 wins 3 chips in this game
[GAME STAT] player Mars_2_2 wins 0 chips in this game
[GAME STAT] player Minty_2_3 wins 0 chips in this game
[GAME STAT] player wereFluke_2_4 wins -2 chips in this game
[GAME STAT] player courage_2_5 wins 0 chips in this game
[GAME STAT] player NX01_2_6 wins 0 chips in this game
[GAME STAT] player WaP_2_7 wins 0 chips in this game
[GAME 1] game ends, invoking player.game_end()
[GAME 2] game starts
[GAME INFO] number of participants in this game = 8
[GAME INFO] participant: ssw_2_0, chip = 2999
[GAME INFO] participant: The Joker_2_1, chip = 3003
[GAME INFO] participant: Mars_2_2, chip = 3000
[GAME INFO] participant: Minty_2_3, chip = 3000
[GAME INFO] participant: wereFluke_2_4, chip = 2998
[GAME INFO] participant: courage_2_5, chip = 3000
[GAME INFO] participant: NX01_2_6, chip = 3000
[GAME INFO] participant: WaP_2_7, chip = 3000
[GAME INFO] blind is 1
[GAME INFO] dealer is ssw_2_0
[GAME INFO] small blind 1 posted by The Joker_2_1
[GAME INFO] big blind 2 posted by Mars_2_2
[hole card] 5 heart
[hole card] A spade
[preflop] round starts
[preflop] player ssw_2_0 has 2999 chips
[preflop] player The Joker_2_1 has 3002 chips
[preflop] player Mars_2_2 has 2998 chips
[preflop] player Minty_2_3 has 3000 chips
[preflop] player wereFluke_2_4 has 2998 chips
[preflop] player courage_2_5 has 3000 chips
[preflop] player NX01_2_6 has 3000 chips
[preflop] player WaP_2_7 has 3000 chips
[preflop] player Minty_2_3 folds
[preflop] player wereFluke_2_4 calls. Total bet is 2
[preflop] player courage_2_5 folds
[preflop] player NX01_2_6 calls. Total bet is 2
[preflop] player WaP_2_7 folds
[preflop] player ssw_2_0 folds
[preflop] action
[preflop] call (1 chips). 
[preflop] player The Joker_2_1 calls. Total bet is 2
[preflop] player Mars_2_2 calls. Total bet is 2
[flop] 3 heart
[flop] 7 diamond
[flop] 8 spade
[flop] round starts
[flop] player ssw_2_0 has 2999 chips
[flop] player The Joker_2_1 has 3001 chips
[flop] player Mars_2_2 has 2998 chips
[flop] player Minty_2_3 has 3000 chips
[flop] player wereFluke_2_4 has 2996 chips
[flop] player courage_2_5 has 3000 chips
[flop] player NX01_2_6 has 2998 chips
[flop] player WaP_2_7 has 3000 chips
[flop] action
[flop] check
[flop] player The Joker_2_1 checks
[flop] player Mars_2_2 checks
[flop] player wereFluke_2_4 checks
[flop] player NX01_2_6 checks
[flop] round ends
[turn] 10 heart
[turn] round starts
[turn] player ssw_2_0 has 2999 chips
[turn] player The Joker_2_1 has 3001 chips
[turn] player Mars_2_2 has 2998 chips
[turn] player Minty_2_3 has 3000 chips
[turn] player wereFluke_2_4 has 2996 chips
[turn] player courage_2_5 has 3000 chips
[turn] player NX01_2_6 has 2998 chips
[turn] player WaP_2_7 has 3000 chips
[turn] action
[turn] check
[turn] player The Joker_2_1 checks
[turn] player Mars_2_2 checks
[turn] player wereFluke_2_4 checks
[turn] player NX01_2_6 checks
[turn] round ends
[river] 10 diamond
[river] round starts
[river] player ssw_2_0 has 2999 chips
[river] player The Joker_2_1 has 3001 chips
[river] player Mars_2_2 has 2998 chips
[river] player Minty_2_3 has 3000 chips
[river] player wereFluke_2_4 has 2996 chips
[river] player courage_2_5 has 3000 chips
[river] player NX01_2_6 has 2998 chips
[river] player WaP_2_7 has 3000 chips
[river] action
[river] check
[river] player The Joker_2_1 checks
[river] player Mars_2_2 checks
[river] player wereFluke_2_4 checks
[river] player NX01_2_6 checks
[river] round ends
[SHOWDOWN] showdown starts
[SHOWDOWN] showdown
[SHOWDOWN] 7 diamond 8 spade 10 heart 10 diamond A spade
[SHOWDOWN] player NX01_2_6 shows 7 heart 7 spade 7 diamond 10 heart 10 diamond, which is full house.
[SHOWDOWN] player Mars_2_2 shows 8 spade A diamond K club 10 diamond 10 heart, which is one pair.
[SHOWDOWN] player The Joker_2_1 shows 7 diamond 8 spade 10 heart 10 diamond A spade, which is one pair.
[SHOWDOWN] player wereFluke_2_4 shows A club 7 diamond 8 spade 10 heart 10 diamond, which is one pair.
[GAME STAT] pot 0 with 8 chips is shared by 1 players
[GAME STAT] player NX01_2_6 gets 8 chips from pot 0
[GAME STAT] overall statistics
[GAME STAT] player ssw_2_0 wins 0 chips in this game
[GAME STAT] player The Joker_2_1 wins -2 chips in this game
[GAME STAT] player Mars_2_2 wins -2 chips in this game
[GAME STAT] player Minty_2_3 wins 0 chips in this game
[GAME STAT] player wereFluke_2_4 wins -2 chips in this game
[GAME STAT] player courage_2_5 wins 0 chips in this game
[GAME STAT] player NX01_2_6 wins 6 chips in this game
[GAME STAT] player WaP_2_7 wins 0 chips in this game
[GAME 2] game ends, invoking player.game_end()
[GAME 3] game starts
[GAME INFO] number of participants in this game = 8
[GAME INFO] participant: ssw_2_0, chip = 2999
[GAME INFO] participant: The Joker_2_1, chip = 3001
[GAME INFO] participant: Mars_2_2, chip = 2998
[GAME INFO] participant: Minty_2_3, chip = 3000
[GAME INFO] participant: wereFluke_2_4, chip = 2996
[GAME INFO] participant: courage_2_5, chip = 3000
[GAME INFO] participant: NX01_2_6, chip = 3006
[GAME INFO] participant: WaP_2_7, chip = 3000
[GAME INFO] blind is 1
[GAME INFO] dealer is The Joker_2_1
[GAME INFO] small blind 1 posted by Mars_2_2
[GAME INFO] big blind 2 posted by Minty_2_3
[hole card] 4 spade
[hole card] 3 heart
[preflop] round starts
[preflop] player ssw_2_0 has 2999 chips
[preflop] player The Joker_2_1 has 3001 chips
[preflop] player Mars_2_2 has 2997 chips
[preflop] player Minty_2_3 has 2998 chips
[preflop] player wereFluke_2_4 has 2996 chips
[preflop] player courage_2_5 has 3000 chips
[preflop] player NX01_2_6 has 3006 chips
[preflop] player WaP_2_7 has 3000 chips
[preflop] player wereFluke_2_4 calls. Total bet is 2
[preflop] player courage_2_5 folds
[preflop] player NX01_2_6 folds
[preflop] player WaP_2_7 folds
[preflop] player ssw_2_0 folds
[preflop] action
[preflop] call (2 chips). 
[preflop] player The Joker_2_1 calls. Total bet is 2
[preflop] player Mars_2_2 folds
[preflop] player Minty_2_3 folds
[flop] 5 spade
[flop] 3 club
[flop] 9 heart
[flop] round starts
[flop] player ssw_2_0 has 2999 chips
[flop] player The Joker_2_1 has 2999 chips
[flop] player Mars_2_2 has 2997 chips
[flop] player Minty_2_3 has 2998 chips
[flop] player wereFluke_2_4 has 2994 chips
[flop] player courage_2_5 has 3000 chips
[flop] player NX01_2_6 has 3006 chips
[flop] player WaP_2_7 has 3000 chips
[flop] player wereFluke_2_4 checks
[flop] action
[flop] check
[flop] player The Joker_2_1 checks
[flop] round ends
[turn] 8 heart
[turn] round starts
[turn] player ssw_2_0 has 2999 chips
[turn] player The Joker_2_1 has 2999 chips
[turn] player Mars_2_2 has 2997 chips
[turn] player Minty_2_3 has 2998 chips
[turn] player wereFluke_2_4 has 2994 chips
[turn] player courage_2_5 has 3000 chips
[turn] player NX01_2_6 has 3006 chips
[turn] player WaP_2_7 has 3000 chips
[turn] player wereFluke_2_4 checks
[turn] action
[turn] check
[turn] player The Joker_2_1 checks
[turn] round ends
[river] 2 heart
[river] round starts
[river] player ssw_2_0 has 2999 chips
[river] player The Joker_2_1 has 2999 chips
[river] player Mars_2_2 has 2997 chips
[river] player Minty_2_3 has 2998 chips
[river] player wereFluke_2_4 has 2994 chips
[river] player courage_2_5 has 3000 chips
[river] player NX01_2_6 has 3006 chips
[river] player WaP_2_7 has 3000 chips
[river] player wereFluke_2_4 checks
[river] action
[river] check
[river] player The Joker_2_1 checks
[river] round ends
[SHOWDOWN] showdown starts
[SHOWDOWN] showdown
[SHOWDOWN] 5 spade 3 club 9 heart 8 heart 3 heart
[SHOWDOWN] player wereFluke_2_4 shows Q spade 9 spade 9 heart 8 heart 2 heart, which is one pair.
[SHOWDOWN] player The Joker_2_1 shows 5 spade 3 club 9 heart 8 heart 3 heart, which is one pair.
[GAME STAT] pot 0 with 4 chips is shared by 1 players
[GAME STAT] player wereFluke_2_4 gets 4 chips from pot 0
[GAME STAT] pot 1 with 3 chips is shared by 1 players
[GAME STAT] player wereFluke_2_4 gets 3 chips from pot 1
[GAME STAT] overall statistics
[GAME STAT] player ssw_2_0 wins 0 chips in this game
[GAME STAT] player The Joker_2_1 wins -2 chips in this game
[GAME STAT] player Mars_2_2 wins -1 chips in this game
[GAME STAT] player Minty_2_3 wins -2 chips in this game
[GAME STAT] player wereFluke_2_4 wins 5 chips in this game
[GAME STAT] player courage_2_5 wins 0 chips in this game
[GAME STAT] player NX01_2_6 wins 0 chips in this game
[GAME STAT] player WaP_2_7 wins 0 chips in this game
[GAME 3] game ends, invoking player.game_end()
[GAME 4] game starts
[GAME INFO] number of participants in this game = 8
[GAME INFO] participant: ssw_2_0, chip = 2999
[GAME INFO] participant: The Joker_2_1, chip = 2999
[GAME INFO] participant: Mars_2_2, chip = 2997
[GAME INFO] participant: Minty_2_3, chip = 2998
[GAME INFO] participant: wereFluke_2_4, chip = 3001
[GAME INFO] participant: courage_2_5, chip = 3000
[GAME INFO] participant: NX01_2_6, chip = 3006
[GAME INFO] participant: WaP_2_7, chip = 3000
[GAME INFO] blind is 2
[GAME INFO] dealer is Mars_2_2
[GAME INFO] small blind 2 posted by Minty_2_3
[GAME INFO] big blind 4 posted by wereFluke_2_4
[hole card] 7 heart
[hole card] J diamond
[preflop] round starts
[preflop] player ssw_2_0 has 2999 chips
[preflop] player The Joker_2_1 has 2999 chips
[preflop] player Mars_2_2 has 2997 chips
[preflop] player Minty_2_3 has 2996 chips
[preflop] player wereFluke_2_4 has 2997 chips
[preflop] player courage_2_5 has 3000 chips
[preflop] player NX01_2_6 has 3006 chips
[preflop] player WaP_2_7 has 3000 chips
[preflop] player courage_2_5 folds
[preflop] player NX01_2_6 folds
[preflop] player WaP_2_7 folds
[preflop] player ssw_2_0 folds
[preflop] action
[preflop] call (4 chips). 
[preflop] player The Joker_2_1 calls. Total bet is 4
[preflop] player Mars_2_2 calls. Total bet is 4
[preflop] player Minty_2_3 folds
[preflop] player wereFluke_2_4 calls. Total bet is 4
[flop] Q club
[flop] K diamond
[flop] 3 spade
[flop] round starts
[flop] player ssw_2_0 has 2999 chips
[flop] player The Joker_2_1 has 2995 chips
[flop] player Mars_2_2 has 2993 chips
[flop] player Minty_2_3 has 2996 chips
[flop] player wereFluke_2_4 has 2997 chips
[flop] player courage_2_5 has 3000 chips
[flop] player NX01_2_6 has 3006 chips
[flop] player WaP_2_7 has 3000 chips
[flop] player wereFluke_2_4 checks
[flop] action
[flop] check
[flop] player The Joker_2_1 checks
[flop] player Mars_2_2 checks
[flop] round ends
[turn] 3 heart
[turn] round starts
[turn] player ssw_2_0 has 2999 chips
[turn] player The Joker_2_1 has 2995 chips
[turn] player Mars_2_2 has 2993 chips
[turn] player Minty_2_3 has 2996 chips
[turn] player wereFluke_2_4 has 2997 chips
[turn] player courage_2_5 has 3000 chips
[turn] player NX01_2_6 has 3006 chips
[turn] player WaP_2_7 has 3000 chips
[turn] player wereFluke_2_4 checks
[turn] action
[turn] check
[turn] player The Joker_2_1 checks
[turn] player Mars_2_2 checks
[turn] round ends
[river] 4 heart
[river] round starts
[river] player ssw_2_0 has 2999 chips
[river] player The Joker_2_1 has 2995 chips
[river] player Mars_2_2 has 2993 chips
[river] player Minty_2_3 has 2996 chips
[river] player wereFluke_2_4 has 2997 chips
[river] player courage_2_5 has 3000 chips
[river] player NX01_2_6 has 3006 chips
[river] player WaP_2_7 has 3000 chips
[river] player wereFluke_2_4 checks
[river] action
[river] check
[river] player The Joker_2_1 checks
[river] player Mars_2_2 checks
[river] round ends
[SHOWDOWN] showdown starts
[SHOWDOWN] showdown
[SHOWDOWN] Q club K diamond 3 spade 3 heart J diamond
[SHOWDOWN] player wereFluke_2_4 shows Q spade Q club K diamond 3 spade 3 heart, which is two pair.
[SHOWDOWN] player The Joker_2_1 shows Q club K diamond 3 spade 3 heart J diamond, which is one pair.
[SHOWDOWN] player Mars_2_2 shows 3 heart 3 spade K diamond Q club 10 spade, which is one pair.
[GAME STAT] pot 0 with 8 chips is shared by 1 players
[GAME STAT] player wereFluke_2_4 gets 8 chips from pot 0
[GAME STAT] pot 1 with 6 chips is shared by 1 players
[GAME STAT] player wereFluke_2_4 gets 6 chips from pot 1
[GAME STAT] overall statistics
[GAME STAT] player ssw_2_0 wins 0 chips in this game
[GAME STAT] player The Joker_2_1 wins -4 chips in this game
[GAME STAT] player Mars_2_2 wins -4 chips in this game
[GAME STAT] player Minty_2_3 wins -2 chips in this game
[GAME STAT] player wereFluke_2_4 wins 10 chips in this game
[GAME STAT] player courage_2_5 wins 0 chips in this game
[GAME STAT] player NX01_2_6 wins 0 chips in this game
[GAME STAT] player WaP_2_7 wins 0 chips in this game
[GAME 4] game ends, invoking player.game_end()
[GAME 5] game starts
[GAME INFO] number of participants in this game = 8
[GAME INFO] participant: ssw_2_0, chip = 2999
[GAME INFO] participant: The Joker_2_1, chip = 2995
[GAME INFO] participant: Mars_2_2, chip = 2993
[GAME INFO] participant: Minty_2_3, chip = 2996
[GAME INFO] participant: wereFluke_2_4, chip = 3011
[GAME INFO] participant: courage_2_5, chip = 3000
[GAME INFO] participant: NX01_2_6, chip = 3006
[GAME INFO] participant: WaP_2_7, chip = 3000
[GAME INFO] blind is 2
[GAME INFO] dealer is Minty_2_3
[GAME INFO] small blind 2 posted by wereFluke_2_4
[GAME INFO] big blind 4 posted by courage_2_5
[hole card] 10 spade
[hole card] 3 spade
[preflop] round starts
[preflop] player ssw_2_0 has 2999 chips
[preflop] player The Joker_2_1 has 2995 chips
[preflop] player Mars_2_2 has 2993 chips
[preflop] player Minty_2_3 has 2996 chips
[preflop] player wereFluke_2_4 has 3009 chips
[preflop] player courage_2_5 has 2996 chips
[preflop] player NX01_2_6 has 3006 chips
[preflop] player WaP_2_7 has 3000 chips
[preflop] player NX01_2_6 folds
[preflop] player WaP_2_7 folds
[preflop] player ssw_2_0 folds
[preflop] action
[preflop] call (4 chips). 
[preflop] player The Joker_2_1 calls. Total bet is 4
[preflop] player Mars_2_2 calls. Total bet is 4
[preflop] player Minty_2_3 folds
[preflop] player wereFluke_2_4 calls. Total bet is 4
[preflop] player courage_2_5 calls. Total bet is 4
[flop] 8 heart
[flop] 8 diamond
[flop] 2 club
[flop] round starts
[flop] player ssw_2_0 has 2999 chips
[flop] player The Joker_2_1 has 2991 chips
[flop] player Mars_2_2 has 2989 chips
[flop] player Minty_2_3 has 2996 chips
[flop] player wereFluke_2_4 has 3007 chips
[flop] player courage_2_5 has 2996 chips
[flop] player NX01_2_6 has 3006 chips
[flop] player WaP_2_7 has 3000 chips
[flop] player wereFluke_2_4 checks
[flop] player courage_2_5 checks
[flop] action
[flop] check
[flop] player The Joker_2_1 checks
[flop] player Mars_2_2 checks
[flop] round ends
[turn] 4 heart
[turn] round starts
[turn] player ssw_2_0 has 2999 chips
[turn] player The Joker_2_1 has 2991 chips
[turn] player Mars_2_2 has 2989 chips
[turn] player Minty_2_3 has 2996 chips
[turn] player wereFluke_2_4 has 3007 chips
[turn] player courage_2_5 has 2996 chips
[turn] player NX01_2_6 has 3006 chips
[turn] player WaP_2_7 has 3000 chips
[turn] player wereFluke_2_4 checks
[turn] player courage_2_5 checks
[turn] action
[turn] check
[turn] player The Joker_2_1 checks
[turn] player Mars_2_2 checks
[turn] round ends
[river] K club
[river] round starts
[river] player ssw_2_0 has 2999 chips
[river] player The Joker_2_1 has 2991 chips
[river] player Mars_2_2 has 2989 chips
[river] player Minty_2_3 has 2996 chips
[river] player wereFluke_2_4 has 3007 chips
[river] player courage_2_5 has 2996 chips
[river] player NX01_2_6 has 3006 chips
[river] player WaP_2_7 has 3000 chips
[river] player wereFluke_2_4 checks
[river] player courage_2_5 checks
[river] action
[river] check
[river] player The Joker_2_1 checks
[river] player Mars_2_2 checks
[river] round ends
[SHOWDOWN] showdown starts
[SHOWDOWN] showdown
[SHOWDOWN] 8 heart 8 diamond 4 heart K club 10 spade
[SHOWDOWN] player Mars_2_2 shows 8 diamond 8 heart 9 diamond A club K club, which is one pair.
[SHOWDOWN] player courage_2_5 shows 9 club 10 diamond 8 heart 8 diamond K club, which is one pair.
[SHOWDOWN] player The Joker_2_1 shows 8 heart 8 diamond 4 heart K club 10 spade, which is one pair.
[SHOWDOWN] player wereFluke_2_4 shows 7 club 6 club 8 heart 8 diamond K club, which is one pair.
[GAME STAT] pot 0 with 16 chips is shared by 1 players
[GAME STAT] player Mars_2_2 gets 16 chips from pot 0
[GAME STAT] overall statistics
[GAME STAT] player ssw_2_0 wins 0 chips in this game
[GAME STAT] player The Joker_2_1 wins -4 chips in this game
[GAME STAT] player Mars_2_2 wins 12 chips in this game
[GAME STAT] player Minty_2_3 wins 0 chips in this game
[GAME STAT] player wereFluke_2_4 wins -4 chips in this game
[GAME STAT] player courage_2_5 wins -4 chips in this game
[GAME STAT] player NX01_2_6 wins 0 chips in this game
[GAME STAT] player WaP_2_7 wins 0 chips in this game
[GAME 5] game ends, invoking player.game_end()
[GAME 6] game starts
[GAME INFO] number of participants in this game = 8
[GAME INFO] participant: ssw_2_0, chip = 2999
[GAME INFO] participant: The Joker_2_1, chip = 2991
[GAME INFO] participant: Mars_2_2, chip = 3005
[GAME INFO] participant: Minty_2_3, chip = 2996
[GAME INFO] participant: wereFluke_2_4, chip = 3007
[GAME INFO] participant: courage_2_5, chip = 2996
[GAME INFO] participant: NX01_2_6, chip = 3006
[GAME INFO] participant: WaP_2_7, chip = 3000
[GAME INFO] blind is 2
[GAME INFO] dealer is wereFluke_2_4
[GAME INFO] small blind 2 posted by courage_2_5
[GAME INFO] big blind 4 posted by NX01_2_6
[hole card] A club
[hole card] 2 spade
[preflop] round starts
[preflop] player ssw_2_0 has 2999 chips
[preflop] player The Joker_2_1 has 2991 chips
[preflop] player Mars_2_2 has 3005 chips
[preflop] player Minty_2_3 has 2996 chips
[preflop] player wereFluke_2_4 has 3007 chips
[preflop] player courage_2_5 has 2994 chips
[preflop] player NX01_2_6 has 3002 chips
[preflop] player WaP_2_7 has 3000 chips
[preflop] player WaP_2_7 folds
[preflop] player ssw_2_0 folds
[preflop] action
[preflop] call (4 chips). 
[preflop] player The Joker_2_1 calls. Total bet is 4
[preflop] player Mars_2_2 calls. Total bet is 4
[preflop] player Minty_2_3 folds
[preflop] player wereFluke_2_4 calls. Total bet is 4
[preflop] player courage_2_5 calls. Total bet is 4
[preflop] player NX01_2_6 folds
[flop] 8 diamond
[flop] 7 spade
[flop] 5 heart
[flop] round starts
[flop] player ssw_2_0 has 2999 chips
[flop] player The Joker_2_1 has 2987 chips
[flop] player Mars_2_2 has 3001 chips
[flop] player Minty_2_3 has 2996 chips
[flop] player wereFluke_2_4 has 3003 chips
[flop] player courage_2_5 has 2992 chips
[flop] player NX01_2_6 has 3002 chips
[flop] player WaP_2_7 has 3000 chips
[flop] player courage_2_5 checks
[flop] action
[flop] check
[flop] player The Joker_2_1 checks
[flop] player Mars_2_2 checks
[flop] player wereFluke_2_4 checks
[flop] round ends
[turn] K heart
[turn] round starts
[turn] player ssw_2_0 has 2999 chips
[turn] player The Joker_2_1 has 2987 chips
[turn] player Mars_2_2 has 3001 chips
[turn] player Minty_2_3 has 2996 chips
[turn] player wereFluke_2_4 has 3003 chips
[turn] player courage_2_5 has 2992 chips
[turn] player NX01_2_6 has 3002 chips
[turn] player WaP_2_7 has 3000 chips
[turn] player courage_2_5 checks
[turn] action
[turn] check
[turn] player The Joker_2_1 checks
[turn] player Mars_2_2 checks
[turn] player wereFluke_2_4 checks
[turn] round ends
[river] 8 club
[river] round starts
[river] player ssw_2_0 has 2999 chips
[river] player The Joker_2_1 has 2987 chips
[river] player Mars_2_2 has 3001 chips
[river] player Minty_2_3 has 2996 chips
[river] player wereFluke_2_4 has 3003 chips
[river] player courage_2_5 has 2992 chips
[river] player NX01_2_6 has 3002 chips
[river] player WaP_2_7 has 3000 chips
[river] player courage_2_5 checks
[river] action
[river] check
[river] player The Joker_2_1 checks
[river] player Mars_2_2 checks
[river] player wereFluke_2_4 checks
[river] round ends
[SHOWDOWN] showdown starts
[SHOWDOWN] showdown
[SHOWDOWN] 8 diamond 7 spade K heart 8 club A club
[SHOWDOWN] player Mars_2_2 shows 8 club 8 diamond 8 heart A heart K heart, which is three of a kind.
[SHOWDOWN] player wereFluke_2_4 shows A spade K club 8 diamond K heart 8 club, which is two pair.
[SHOWDOWN] player The Joker_2_1 shows 8 diamond 7 spade K heart 8 club A club, which is one pair.
[SHOWDOWN] player courage_2_5 shows Q heart 8 diamond 7 spade K heart 8 club, which is one pair.
[GAME STAT] pot 0 with 20 chips is shared by 1 players
[GAME STAT] player Mars_2_2 gets 20 chips from pot 0
[GAME STAT] overall statistics
[GAME STAT] player ssw_2_0 wins 0 chips in this game
[GAME STAT] player The Joker_2_1 wins -4 chips in this game
[GAME STAT] player Mars_2_2 wins 16 chips in this game
[GAME STAT] player Minty_2_3 wins 0 chips in this game
[GAME STAT] player wereFluke_2_4 wins -4 chips in this game
[GAME STAT] player courage_2_5 wins -4 chips in this game
[GAME STAT] player NX01_2_6 wins -4 chips in this game
[GAME STAT] player WaP_2_7 wins 0 chips in this game
[GAME 6] game ends, invoking player.game_end()
[GAME 7] game starts
[GAME INFO] number of participants in this game = 8
[GAME INFO] participant: ssw_2_0, chip = 2999
[GAME INFO] participant: The Joker_2_1, chip = 2987
[GAME INFO] participant: Mars_2_2, chip = 3021
[GAME INFO] participant: Minty_2_3, chip = 2996
[GAME INFO] participant: wereFluke_2_4, chip = 3003
[GAME INFO] participant: courage_2_5, chip = 2992
[GAME INFO] participant: NX01_2_6, chip = 3002
[GAME INFO] participant: WaP_2_7, chip = 3000
[GAME INFO] blind is 5
[GAME INFO] dealer is courage_2_5
[GAME INFO] small blind 5 posted by NX01_2_6
[GAME INFO] big blind 10 posted by WaP_2_7
[hole card] 10 diamond
[hole card] A diamond
[preflop] round starts
[preflop] player ssw_2_0 has 2999 chips
[preflop] player The Joker_2_1 has 2987 chips
[preflop] player Mars_2_2 has 3021 chips
[preflop] player Minty_2_3 has 2996 chips
[preflop] player wereFluke_2_4 has 3003 chips
[preflop] player courage_2_5 has 2992 chips
[preflop] player NX01_2_6 has 2997 chips
[preflop] player WaP_2_7 has 2990 chips
[preflop] player ssw_2_0 folds
[preflop] action
[preflop] call (10 chips). 
[preflop] player The Joker_2_1 calls. Total bet is 10
[preflop] player Mars_2_2 folds
[preflop] player Minty_2_3 folds
[preflop] player wereFluke_2_4 calls. Total bet is 10
[preflop] player courage_2_5 folds
[preflop] player NX01_2_6 folds
[preflop] player WaP_2_7 calls. Total bet is 10
[flop] 4 diamond
[flop] 5 heart
[flop] 3 spade
[flop] round starts
[flop] player ssw_2_0 has 2999 chips
[flop] player The Joker_2_1 has 2977 chips
[flop] player Mars_2_2 has 3021 chips
[flop] player Minty_2_3 has 2996 chips
[flop] player wereFluke_2_4 has 2993 chips
[flop] player courage_2_5 has 2992 chips
[flop] player NX01_2_6 has 2997 chips
[flop] player WaP_2_7 has 2990 chips
[flop] player WaP_2_7 checks
[flop] action
[flop] check
[flop] player The Joker_2_1 checks
[flop] player wereFluke_2_4 checks
[flop] round ends
[turn] 8 club
[turn] round starts
[turn] player ssw_2_0 has 2999 chips
[turn] player The Joker_2_1 has 2977 chips
[turn] player Mars_2_2 has 3021 chips
[turn] player Minty_2_3 has 2996 chips
[turn] player wereFluke_2_4 has 2993 chips
[turn] player courage_2_5 has 2992 chips
[turn] player NX01_2_6 has 2997 chips
[turn] player WaP_2_7 has 2990 chips
[turn] player WaP_2_7 checks
[turn] action
[turn] check
[turn] player The Joker_2_1 checks
[turn] player wereFluke_2_4 checks
[turn] round ends
[river] 7 spade
[river] round starts
[river] player ssw_2_0 has 2999 chips
[river] player The Joker_2_1 has 2977 chips
[river] player Mars_2_2 has 3021 chips
[river] player Minty_2_3 has 2996 chips
[river] player wereFluke_2_4 has 2993 chips
[river] player courage_2_5 has 2992 chips
[river] player NX01_2_6 has 2997 chips
[river] player WaP_2_7 has 2990 chips
[river] player WaP_2_7 checks
[river] action
[river] check
[river] player The Joker_2_1 checks
[river] player wereFluke_2_4 checks
[river] round ends
[SHOWDOWN] showdown starts
[SHOWDOWN] showdown
[SHOWDOWN] 5 heart 8 club 7 spade 10 diamond A diamond
[SHOWDOWN] player WaP_2_7 shows 8 club 7 spade 6 club 5 spade 4 diamond, which is straight.
[SHOWDOWN] player The Joker_2_1 shows 5 heart 8 club 7 spade 10 diamond A diamond, which is high card.
[SHOWDOWN] player wereFluke_2_4 shows 10 heart K heart 5 heart 8 club 7 spade, which is high card.
[GAME STAT] pot 0 with 20 chips is shared by 1 players
[GAME STAT] player WaP_2_7 gets 20 chips from pot 0
[GAME STAT] pot 1 with 15 chips is shared by 1 players
[GAME STAT] player WaP_2_7 gets 15 chips from pot 1
[GAME STAT] overall statistics
[GAME STAT] player ssw_2_0 wins 0 chips in this game
[GAME STAT] player The Joker_2_1 wins -10 chips in this game
[GAME STAT] player Mars_2_2 wins 0 chips in this game
[GAME STAT] player Minty_2_3 wins 0 chips in this game
[GAME STAT] player wereFluke_2_4 wins -10 chips in this game
[GAME STAT] player courage_2_5 wins 0 chips in this game
[GAME STAT] player NX01_2_6 wins -5 chips in this game
[GAME STAT] player WaP_2_7 wins 25 chips in this game
[GAME 7] game ends, invoking player.game_end()
[GAME 8] game starts
[GAME INFO] number of participants in this game = 8
[GAME INFO] participant: ssw_2_0, chip = 2999
[GAME INFO] participant: The Joker_2_1, chip = 2977
[GAME INFO] participant: Mars_2_2, chip = 3021
[GAME INFO] participant: Minty_2_3, chip = 2996
[GAME INFO] participant: wereFluke_2_4, chip = 2993
[GAME INFO] participant: courage_2_5, chip = 2992
[GAME INFO] participant: NX01_2_6, chip = 2997
[GAME INFO] participant: WaP_2_7, chip = 3025
[GAME INFO] blind is 5
[GAME INFO] dealer is NX01_2_6
[GAME INFO] small blind 5 posted by WaP_2_7
[GAME INFO] big blind 10 posted by ssw_2_0
[hole card] J club
[hole card] 6 club
[preflop] round starts
[preflop] player ssw_2_0 has 2989 chips
[preflop] player The Joker_2_1 has 2977 chips
[preflop] player Mars_2_2 has 3021 chips
[preflop] player Minty_2_3 has 2996 chips
[preflop] player wereFluke_2_4 has 2993 chips
[preflop] player courage_2_5 has 2992 chips
[preflop] player NX01_2_6 has 2997 chips
[preflop] player WaP_2_7 has 3020 chips
[preflop] action
[WARNING] CANNOT check when another player has raised
[preflop] player The Joker_2_1 folds
[preflop] player Mars_2_2 folds
[preflop] player Minty_2_3 folds
[preflop] player wereFluke_2_4 calls. Total bet is 10
[preflop] player courage_2_5 folds
[preflop] player NX01_2_6 folds
[preflop] player WaP_2_7 calls. Total bet is 10
[preflop] player ssw_2_0 folds
[flop] 10 diamond
[flop] 8 diamond
[flop] 9 heart
[flop] round starts
[flop] player ssw_2_0 has 2989 chips
[flop] player The Joker_2_1 has 2977 chips
[flop] player Mars_2_2 has 3021 chips
[flop] player Minty_2_3 has 2996 chips
[flop] player wereFluke_2_4 has 2983 chips
[flop] player courage_2_5 has 2992 chips
[flop] player NX01_2_6 has 2997 chips
[flop] player WaP_2_7 has 3015 chips
[flop] player WaP_2_7 checks
[flop] player wereFluke_2_4 checks
[flop] round ends
[turn] 10 heart
[turn] round starts
[turn] player ssw_2_0 has 2989 chips
[turn] player The Joker_2_1 has 2977 chips
[turn] player Mars_2_2 has 3021 chips
[turn] player Minty_2_3 has 2996 chips
[turn] player wereFluke_2_4 has 2983 chips
[turn] player courage_2_5 has 2992 chips
[turn] player NX01_2_6 has 2997 chips
[turn] player WaP_2_7 has 3015 chips
[turn] player WaP_2_7 checks
[turn] player wereFluke_2_4 checks
[turn] round ends
[river] J spade
[river] round starts
[river] player ssw_2_0 has 2989 chips
[river] player The Joker_2_1 has 2977 chips
[river] player Mars_2_2 has 3021 chips
[river] player Minty_2_3 has 2996 chips
[river] player wereFluke_2_4 has 2983 chips
[river] player courage_2_5 has 2992 chips
[river] player NX01_2_6 has 2997 chips
[river] player WaP_2_7 has 3015 chips
[river] player WaP_2_7 checks
[river] player wereFluke_2_4 checks
[river] round ends
[SHOWDOWN] showdown starts
[SHOWDOWN] player WaP_2_7 shows J heart J diamond J spade 10 diamond 10 heart, which is full house.
[SHOWDOWN] player wereFluke_2_4 shows K diamond A heart 10 diamond 10 heart J spade, which is one pair.
[GAME STAT] pot 0 with 30 chips is shared by 1 players
[GAME STAT] player WaP_2_7 gets 30 chips from pot 0
[GAME STAT] overall statistics
[GAME STAT] player ssw_2_0 wins -10 chips in this game
[GAME STAT] player The Joker_2_1 wins 0 chips in this game
[GAME STAT] player Mars_2_2 wins 0 chips in this game
[GAME STAT] player Minty_2_3 wins 0 chips in this game
[GAME STAT] player wereFluke_2_4 wins -10 chips in this game
[GAME STAT] player courage_2_5 wins 0 chips in this game
[GAME STAT] player NX01_2_6 wins 0 chips in this game
[GAME STAT] player WaP_2_7 wins 20 chips in this game
[GAME 8] game ends, invoking player.game_end()
[GAME 9] game starts
[GAME INFO] number of participants in this game = 8
[GAME INFO] participant: ssw_2_0, chip = 2989
[GAME INFO] participant: The Joker_2_1, chip = 2977
[GAME INFO] participant: Mars_2_2, chip = 3021
[GAME INFO] participant: Minty_2_3, chip = 2996
[GAME INFO] participant: wereFluke_2_4, chip = 2983
[GAME INFO] participant: courage_2_5, chip = 2992
[GAME INFO] participant: NX01_2_6, chip = 2997
[GAME INFO] participant: WaP_2_7, chip = 3045
[GAME INFO] blind is 5
[GAME INFO] dealer is WaP_2_7
[GAME INFO] small blind 5 posted by ssw_2_0
[GAME INFO] big blind 10 posted by The Joker_2_1
[hole card] 6 heart
[hole card] 2 diamond
[preflop] round starts
[preflop] player ssw_2_0 has 2984 chips
[preflop] player The Joker_2_1 has 2967 chips
[preflop] player Mars_2_2 has 3021 chips
[preflop] player Minty_2_3 has 2996 chips
[preflop] player wereFluke_2_4 has 2983 chips
[preflop] player courage_2_5 has 2992 chips
[preflop] player NX01_2_6 has 2997 chips
[preflop] player WaP_2_7 has 3045 chips
[preflop] player Mars_2_2 folds
[preflop] player Minty_2_3 folds
[preflop] player wereFluke_2_4 calls. Total bet is 10
[preflop] player courage_2_5 folds
[preflop] player NX01_2_6 folds
[preflop] player WaP_2_7 folds
[preflop] player ssw_2_0 folds
[preflop] action
[preflop] call (0 chips). 
[preflop] player The Joker_2_1 calls. Total bet is 10
[flop] J heart
[flop] K heart
[flop] 2 spade
[flop] round starts
[flop] player ssw_2_0 has 2984 chips
[flop] player The Joker_2_1 has 2967 chips
[flop] player Mars_2_2 has 3021 chips
[flop] player Minty_2_3 has 2996 chips
[flop] player wereFluke_2_4 has 2973 chips
[flop] player courage_2_5 has 2992 chips
[flop] player NX01_2_6 has 2997 chips
[flop] player WaP_2_7 has 3045 chips
[flop] action
[flop] check
[flop] player The Joker_2_1 checks
[flop] player wereFluke_2_4 checks
[flop] round ends
[turn] 9 heart
[turn] round starts
[turn] player ssw_2_0 has 2984 chips
[turn] player The Joker_2_1 has 2967 chips
[turn] player Mars_2_2 has 3021 chips
[turn] player Minty_2_3 has 2996 chips
[turn] player wereFluke_2_4 has 2973 chips
[turn] player courage_2_5 has 2992 chips
[turn] player NX01_2_6 has 2997 chips
[turn] player WaP_2_7 has 3045 chips
[turn] action
[turn] check
[turn] player The Joker_2_1 checks
[turn] player wereFluke_2_4 checks
[turn] round ends
[river] J club
[river] round starts
[river] player ssw_2_0 has 2984 chips
[river] player The Joker_2_1 has 2967 chips
[river] player Mars_2_2 has 3021 chips
[river] player Minty_2_3 has 2996 chips
[river] player wereFluke_2_4 has 2973 chips
[river] player courage_2_5 has 2992 chips
[river] player NX01_2_6 has 2997 chips
[river] player WaP_2_7 has 3045 chips
[river] action
[river] check
[river] player The Joker_2_1 checks
[river] player wereFluke_2_4 checks
[river] round ends
[SHOWDOWN] showdown starts
[SHOWDOWN] showdown
[SHOWDOWN] J heart K heart 2 spade J club 2 diamond
[SHOWDOWN] player The Joker_2_1 shows J heart K heart 2 spade J club 2 diamond, which is two pair.
[SHOWDOWN] player wereFluke_2_4 shows Q club J heart K heart 9 heart J club, which is one pair.
[GAME STAT] pot 0 with 15 chips is shared by 1 players
[GAME STAT] player The Joker_2_1 gets 15 chips from pot 0
[GAME STAT] pot 1 with 10 chips is shared by 1 players
[GAME STAT] player The Joker_2_1 gets 10 chips from pot 1
[GAME STAT] overall statistics
[GAME STAT] player ssw_2_0 wins -5 chips in this game
[GAME STAT] player The Joker_2_1 wins 15 chips in this game
[GAME STAT] player Mars_2_2 wins 0 chips in this game
[GAME STAT] player Minty_2_3 wins 0 chips in this game
[GAME STAT] player wereFluke_2_4 wins -10 chips in this game
[GAME STAT] player courage_2_5 wins 0 chips in this game
[GAME STAT] player NX01_2_6 wins 0 chips in this game
[GAME STAT] player WaP_2_7 wins 0 chips in this game
[GAME 9] game ends, invoking player.game_end()
[GAME 10] game starts
[GAME INFO] number of participants in this game = 8
[GAME INFO] participant: ssw_2_0, chip = 2984
[GAME INFO] participant: The Joker_2_1, chip = 2992
[GAME INFO] participant: Mars_2_2, chip = 3021
[GAME INFO] participant: Minty_2_3, chip = 2996
[GAME INFO] participant: wereFluke_2_4, chip = 2973
[GAME INFO] participant: courage_2_5, chip = 2992
[GAME INFO] participant: NX01_2_6, chip = 2997
[GAME INFO] participant: WaP_2_7, chip = 3045
[GAME INFO] blind is 10
[GAME INFO] dealer is ssw_2_0
[GAME INFO] small blind 10 posted by The Joker_2_1
[GAME INFO] big blind 20 posted by Mars_2_2
[hole card] 3 spade
[hole card] 9 heart
[preflop] round starts
[preflop] player ssw_2_0 has 2984 chips
[preflop] player The Joker_2_1 has 2982 chips
[preflop] player Mars_2_2 has 3001 chips
[preflop] player Minty_2_3 has 2996 chips
[preflop] player wereFluke_2_4 has 2973 chips
[preflop] player courage_2_5 has 2992 chips
[preflop] player NX01_2_6 has 2997 chips
[preflop] player WaP_2_7 has 3045 chips
[preflop] player Minty_2_3 folds
[preflop] player wereFluke_2_4 calls. Total bet is 20
[preflop] player courage_2_5 folds
[preflop] player NX01_2_6 folds
[preflop] player WaP_2_7 folds
[preflop] player ssw_2_0 folds
[preflop] action
[preflop] call (10 chips). 
[preflop] player The Joker_2_1 calls. Total bet is 20
[preflop] player Mars_2_2 calls. Total bet is 20
[flop] 6 heart
[flop] 9 club
[flop] 2 spade
[flop] round starts
[flop] player ssw_2_0 has 2984 chips
[flop] player The Joker_2_1 has 2972 chips
[flop] player Mars_2_2 has 3001 chips
[flop] player Minty_2_3 has 2996 chips
[flop] player wereFluke_2_4 has 2953 chips
[flop] player courage_2_5 has 2992 chips
[flop] player NX01_2_6 has 2997 chips
[flop] player WaP_2_7 has 3045 chips
[flop] action
[flop] check
[flop] player The Joker_2_1 checks
[flop] player Mars_2_2 checks
[flop] player wereFluke_2_4 checks
[flop] round ends
[turn] 5 diamond
[turn] round starts
[turn] player ssw_2_0 has 2984 chips
[turn] player The Joker_2_1 has 2972 chips
[turn] player Mars_2_2 has 3001 chips
[turn] player Minty_2_3 has 2996 chips
[turn] player wereFluke_2_4 has 2953 chips
[turn] player courage_2_5 has 2992 chips
[turn] player NX01_2_6 has 2997 chips
[turn] player WaP_2_7 has 3045 chips
[turn] action
[turn] check
[turn] player The Joker_2_1 checks
[turn] player Mars_2_2 checks
[turn] player wereFluke_2_4 checks
[turn] round ends
[river] 6 club
[river] round starts
[river] player ssw_2_0 has 2984 chips
[river] player The Joker_2_1 has 2972 chips
[river] player Mars_2_2 has 3001 chips
[river] player Minty_2_3 has 2996 chips
[river] player wereFluke_2_4 has 2953 chips
[river] player courage_2_5 has 2992 chips
[river] player NX01_2_6 has 2997 chips
[river] player WaP_2_7 has 3045 chips
[river] action
[river] check
[river] player The Joker_2_1 checks
[river] player Mars_2_2 checks
[river] player wereFluke_2_4 checks
[river] round ends
[SHOWDOWN] showdown starts
[SHOWDOWN] showdown
[SHOWDOWN] 6 heart 9 club 5 diamond 6 club 9 heart
[SHOWDOWN] player The Joker_2_1 shows 6 heart 9 club 5 diamond 6 club 9 heart, which is two pair.
[SHOWDOWN] player Mars_2_2 shows 5 diamond 5 heart 6 club 6 heart 9 club, which is two pair.
[SHOWDOWN] player wereFluke_2_4 shows 7 spade 5 club 6 heart 9 club 6 club, which is one pair.
[GAME STAT] pot 0 with 60 chips is shared by 1 players
[GAME STAT] player The Joker_2_1 gets 60 chips from pot 0
[GAME STAT] overall statistics
[GAME STAT] player ssw_2_0 wins 0 chips in this game
[GAME STAT] player The Joker_2_1 wins 40 chips in this game
[GAME STAT] player Mars_2_2 wins -20 chips in this game
[GAME STAT] player Minty_2_3 wins 0 chips in this game
[GAME STAT] player wereFluke_2_4 wins -20 chips in this game
[GAME STAT] player courage_2_5 wins 0 chips in this game
[GAME STAT] player NX01_2_6 wins 0 chips in this game
[GAME STAT] player WaP_2_7 wins 0 chips in this game
[GAME 10] game ends, invoking player.game_end()
[GAME 11] game starts
[GAME INFO] number of participants in this game = 8
[GAME INFO] participant: ssw_2_0, chip = 2984
[GAME INFO] participant: The Joker_2_1, chip = 3032
[GAME INFO] participant: Mars_2_2, chip = 3001
[GAME INFO] participant: Minty_2_3, chip = 2996
[GAME INFO] participant: wereFluke_2_4, chip = 2953
[GAME INFO] participant: courage_2_5, chip = 2992
[GAME INFO] participant: NX01_2_6, chip = 2997
[GAME INFO] participant: WaP_2_7, chip = 3045
[GAME INFO] blind is 10
[GAME INFO] dealer is The Joker_2_1
[GAME INFO] small blind 10 posted by Mars_2_2
[GAME INFO] big blind 20 posted by Minty_2_3
[hole card] 6 spade
[hole card] 4 spade
[preflop] round starts
[preflop] player ssw_2_0 has 2984 chips
[preflop] player The Joker_2_1 has 3032 chips
[preflop] player Mars_2_2 has 2991 chips
[preflop] player Minty_2_3 has 2976 chips
[preflop] player wereFluke_2_4 has 2953 chips
[preflop] player courage_2_5 has 2992 chips
[preflop] player NX01_2_6 has 2997 chips
[preflop] player WaP_2_7 has 3045 chips
[preflop] player wereFluke_2_4 calls. Total bet is 20
[preflop] player courage_2_5 folds
[preflop] player NX01_2_6 calls. Total bet is 20
[preflop] player WaP_2_7 folds
[preflop] player ssw_2_0 folds
[preflop] action
[preflop] call (20 chips). 
[preflop] player The Joker_2_1 calls. Total bet is 20
[preflop] player Mars_2_2 folds
[preflop] player Minty_2_3 folds
[flop] 8 heart
[flop] 5 diamond
[flop] J spade
[flop] round starts
[flop] player ssw_2_0 has 2984 chips
[flop] player The Joker_2_1 has 3012 chips
[flop] player Mars_2_2 has 2991 chips
[flop] player Minty_2_3 has 2976 chips
[flop] player wereFluke_2_4 has 2933 chips
[flop] player courage_2_5 has 2992 chips
[flop] player NX01_2_6 has 2977 chips
[flop] player WaP_2_7 has 3045 chips
[flop] player wereFluke_2_4 checks
[flop] player NX01_2_6 checks
[flop] action
[flop] check
[flop] player The Joker_2_1 checks
[flop] round ends
[turn] 9 spade
[turn] round starts
[turn] player ssw_2_0 has 2984 chips
[turn] player The Joker_2_1 has 3012 chips
[turn] player Mars_2_2 has 2991 chips
[turn] player Minty_2_3 has 2976 chips
[turn] player wereFluke_2_4 has 2933 chips
[turn] player courage_2_5 has 2992 chips
[turn] player NX01_2_6 has 2977 chips
[turn] player WaP_2_7 has 3045 chips
[turn] player wereFluke_2_4 checks
[turn] player NX01_2_6 checks
[turn] action
[turn] check
[turn] player The Joker_2_1 checks
[turn] round ends
[river] K club
[river] round starts
[river] player ssw_2_0 has 2984 chips
[river] player The Joker_2_1 has 3012 chips
[river] player Mars_2_2 has 2991 chips
[river] player Minty_2_3 has 2976 chips
[river] player wereFluke_2_4 has 2933 chips
[river] player courage_2_5 has 2992 chips
[river] player NX01_2_6 has 2977 chips
[river] player WaP_2_7 has 3045 chips
[river] player wereFluke_2_4 checks
[river] player NX01_2_6 checks
[river] action
[river] check
[river] player The Joker_2_1 checks
[river] round ends
[SHOWDOWN] showdown starts
[SHOWDOWN] showdown
[SHOWDOWN] 8 heart J spade 9 spade K club 6 spade
[SHOWDOWN] player NX01_2_6 shows J spade J diamond 9 spade 9 heart 5 diamond, which is two pair.
[SHOWDOWN] player wereFluke_2_4 shows A club 10 diamond J spade 9 spade K club, which is high card.
[SHOWDOWN] player The Joker_2_1 shows 8 heart J spade 9 spade K club 6 spade, which is high card.
[GAME STAT] pot 0 with 50 chips is shared by 1 players
[GAME STAT] player NX01_2_6 gets 50 chips from pot 0
[GAME STAT] pot 1 with 40 chips is shared by 1 players
[GAME STAT] player NX01_2_6 gets 40 chips from pot 1
[GAME STAT] overall statistics
[GAME STAT] player ssw_2_0 wins 0 chips in this game
[GAME STAT] player The Joker_2_1 wins -20 chips in this game
[GAME STAT] player Mars_2_2 wins -10 chips in this game
[GAME STAT] player Minty_2_3 wins -20 chips in this game
[GAME STAT] player wereFluke_2_4 wins -20 chips in this game
[GAME STAT] player courage_2_5 wins 0 chips in this game
[GAME STAT] player NX01_2_6 wins 70 chips in this game
[GAME STAT] player WaP_2_7 wins 0 chips in this game
[GAME 11] game ends, invoking player.game_end()
[GAME 12] game starts
[GAME INFO] number of participants in this game = 8
[GAME INFO] participant: ssw_2_0, chip = 2984
[GAME INFO] participant: The Joker_2_1, chip = 3012
[GAME INFO] participant: Mars_2_2, chip = 2991
[GAME INFO] participant: Minty_2_3, chip = 2976
[GAME INFO] participant: wereFluke_2_4, chip = 2933
[GAME INFO] participant: courage_2_5, chip = 2992
[GAME INFO] participant: NX01_2_6, chip = 3067
[GAME INFO] participant: WaP_2_7, chip = 3045
[GAME INFO] blind is 10
[GAME INFO] dealer is Mars_2_2
[GAME INFO] small blind 10 posted by Minty_2_3
[GAME INFO] big blind 20 posted by wereFluke_2_4
[hole card] 10 spade
[hole card] 6 club
[preflop] round starts
[preflop] player ssw_2_0 has 2984 chips
[preflop] player The Joker_2_1 has 3012 chips
[preflop] player Mars_2_2 has 2991 chips
[preflop] player Minty_2_3 has 2966 chips
[preflop] player wereFluke_2_4 has 2913 chips
[preflop] player courage_2_5 has 2992 chips
[preflop] player NX01_2_6 has 3067 chips
[preflop] player WaP_2_7 has 3045 chips
[preflop] player courage_2_5 folds
[preflop] player NX01_2_6 folds
[preflop] player WaP_2_7 folds
[preflop] player ssw_2_0 folds
[preflop] action
[preflop] call (20 chips). 
[preflop] player The Joker_2_1 calls. Total bet is 20
[preflop] player Mars_2_2 calls. Total bet is 20
[preflop] player Minty_2_3 folds
[preflop] player wereFluke_2_4 calls. Total bet is 20
[flop] Q heart
[flop] 7 diamond
[flop] 3 diamond
[flop] round starts
[flop] player ssw_2_0 has 2984 chips
[flop] player The Joker_2_1 has 2992 chips
[flop] player Mars_2_2 has 2971 chips
[flop] player Minty_2_3 has 2966 chips
[flop] player wereFluke_2_4 has 2913 chips
[flop] player courage_2_5 has 2992 chips
[flop] player NX01_2_6 has 3067 chips
[flop] player WaP_2_7 has 3045 chips
[flop] player wereFluke_2_4 checks
[flop] action
[flop] check
[flop] player The Joker_2_1 checks
[flop] player Mars_2_2 checks
[flop] round ends
[turn] 2 spade
[turn] round starts
[turn] player ssw_2_0 has 2984 chips
[turn] player The Joker_2_1 has 2992 chips
[turn] player Mars_2_2 has 2971 chips
[turn] player Minty_2_3 has 2966 chips
[turn] player wereFluke_2_4 has 2913 chips
[turn] player courage_2_5 has 2992 chips
[turn] player NX01_2_6 has 3067 chips
[turn] player WaP_2_7 has 3045 chips
[turn] player wereFluke_2_4 checks
[turn] action
[turn] check
[turn] player The Joker_2_1 checks
[turn] player Mars_2_2 checks
[turn] round ends
[river] 5 club
[river] round starts
[river] player ssw_2_0 has 2984 chips
[river] player The Joker_2_1 has 2992 chips
[river] player Mars_2_2 has 2971 chips
[river] player Minty_2_3 has 2966 chips
[river] player wereFluke_2_4 has 2913 chips
[river] player courage_2_5 has 2992 chips
[river] player NX01_2_6 has 3067 chips
[river] player WaP_2_7 has 3045 chips
[river] player wereFluke_2_4 checks
[river] action
[river] check
[river] player The Joker_2_1 checks
[river] player Mars_2_2 checks
[river] round ends
[SHOWDOWN] showdown starts
[SHOWDOWN] showdown
[SHOWDOWN] Q heart 7 diamond 5 club 10 spade 6 club
[SHOWDOWN] player wereFluke_2_4 shows A club Q heart 7 diamond 3 diamond 5 club, which is high card.
[SHOWDOWN] player Mars_2_2 shows 5 club 7 diamond J spade K diamond Q heart, which is high card.
[SHOWDOWN] player The Joker_2_1 shows Q heart 7 diamond 5 club 10 spade 6 club, which is high card.
[GAME STAT] pot 0 with 40 chips is shared by 1 players
[GAME STAT] player wereFluke_2_4 gets 40 chips from pot 0
[GAME STAT] pot 1 with 30 chips is shared by 1 players
[GAME STAT] player wereFluke_2_4 gets 30 chips from pot 1
[GAME STAT] overall statistics
[GAME STAT] player ssw_2_0 wins 0 chips in this game
[GAME STAT] player The Joker_2_1 wins -20 chips in this game
[GAME STAT] player Mars_2_2 wins -20 chips in this game
[GAME STAT] player Minty_2_3 wins -10 chips in this game
[GAME STAT] player wereFluke_2_4 wins 50 chips in this game
[GAME STAT] player courage_2_5 wins 0 chips in this game
[GAME STAT] player NX01_2_6 wins 0 chips in this game
[GAME STAT] player WaP_2_7 wins 0 chips in this game
[GAME 12] game ends, invoking player.game_end()
[GAME 13] game starts
[GAME INFO] number of participants in this game = 8
[GAME INFO] participant: ssw_2_0, chip = 2984
[GAME INFO] participant: The Joker_2_1, chip = 2992
[GAME INFO] participant: Mars_2_2, chip = 2971
[GAME INFO] participant: Minty_2_3, chip = 2966
[GAME INFO] participant: wereFluke_2_4, chip = 2983
[GAME INFO] participant: courage_2_5, chip = 2992
[GAME INFO] participant: NX01_2_6, chip = 3067
[GAME INFO] participant: WaP_2_7, chip = 3045
[GAME INFO] blind is 20
[GAME INFO] dealer is Minty_2_3
[GAME INFO] small blind 20 posted by wereFluke_2_4
[GAME INFO] big blind 40 posted by courage_2_5
[hole card] 6 diamond
[hole card] 2 spade
[preflop] round starts
[preflop] player ssw_2_0 has 2984 chips
[preflop] player The Joker_2_1 has 2992 chips
[preflop] player Mars_2_2 has 2971 chips
[preflop] player Minty_2_3 has 2966 chips
[preflop] player wereFluke_2_4 has 2963 chips
[preflop] player courage_2_5 has 2952 chips
[preflop] player NX01_2_6 has 3067 chips
[preflop] player WaP_2_7 has 3045 chips
[preflop] player NX01_2_6 folds
[preflop] player WaP_2_7 folds
[preflop] player ssw_2_0 folds
[preflop] action
[WARNING] CANNOT check when another player has raised
[preflop] player The Joker_2_1 folds
[preflop] player Mars_2_2 calls. Total bet is 40
[preflop] player Minty_2_3 folds
[preflop] player wereFluke_2_4 calls. Total bet is 40
[preflop] player courage_2_5 calls. Total bet is 40
[flop] 6 club
[flop] 2 heart
[flop] 5 club
[flop] round starts
[flop] player ssw_2_0 has 2984 chips
[flop] player The Joker_2_1 has 2992 chips
[flop] player Mars_2_2 has 2931 chips
[flop] player Minty_2_3 has 2966 chips
[flop] player wereFluke_2_4 has 2943 chips
[flop] player courage_2_5 has 2952 chips
[flop] player NX01_2_6 has 3067 chips
[flop] player WaP_2_7 has 3045 chips
[flop] player wereFluke_2_4 checks
[flop] player courage_2_5 checks
[flop] player Mars_2_2 checks
[flop] round ends
[turn] Q heart
[turn] round starts
[turn] player ssw_2_0 has 2984 chips
[turn] player The Joker_2_1 has 2992 chips
[turn] player Mars_2_2 has 2931 chips
[turn] player Minty_2_3 has 2966 chips
[turn] player wereFluke_2_4 has 2943 chips
[turn] player courage_2_5 has 2952 chips
[turn] player NX01_2_6 has 3067 chips
[turn] player WaP_2_7 has 3045 chips
[turn] player wereFluke_2_4 checks
[turn] player courage_2_5 checks
[turn] player Mars_2_2 checks
[turn] round ends
[river] 8 diamond
[river] round starts
[river] player ssw_2_0 has 2984 chips
[river] player The Joker_2_1 has 2992 chips
[river] player Mars_2_2 has 2931 chips
[river] player Minty_2_3 has 2966 chips
[river] player wereFluke_2_4 has 2943 chips
[river] player courage_2_5 has 2952 chips
[river] player NX01_2_6 has 3067 chips
[river] player WaP_2_7 has 3045 chips
[river] player wereFluke_2_4 checks
[river] player courage_2_5 checks
[river] player Mars_2_2 checks
[river] round ends
[SHOWDOWN] showdown starts
[SHOWDOWN] player courage_2_5 shows 6 spade Q diamond 6 club Q heart 8 diamond, which is two pair.
[SHOWDOWN] player wereFluke_2_4 shows 7 heart J heart 6 club Q heart 8 diamond, which is high card.
[SHOWDOWN] player Mars_2_2 shows 5 club 6 club 8 diamond Q heart 10 club, which is high card.
[GAME STAT] pot 0 with 120 chips is shared by 1 players
[GAME STAT] player courage_2_5 gets 120 chips from pot 0
[GAME STAT] overall statistics
[GAME STAT] player ssw_2_0 wins 0 chips in this game
[GAME STAT] player The Joker_2_1 wins 0 chips in this game
[GAME STAT] player Mars_2_2 wins -40 chips in this game
[GAME STAT] player Minty_2_3 wins 0 chips in this game
[GAME STAT] player wereFluke_2_4 wins -40 chips in this game
[GAME STAT] player courage_2_5 wins 80 chips in this game
[GAME STAT] player NX01_2_6 wins 0 chips in this game
[GAME STAT] player WaP_2_7 wins 0 chips in this game
[GAME 13] game ends, invoking player.game_end()
[GAME 14] game starts
[GAME INFO] number of participants in this game = 8
[GAME INFO] participant: ssw_2_0, chip = 2984
[GAME INFO] participant: The Joker_2_1, chip = 2992
[GAME INFO] participant: Mars_2_2, chip = 2931
[GAME INFO] participant: Minty_2_3, chip = 2966
[GAME INFO] participant: wereFluke_2_4, chip = 2943
[GAME INFO] participant: courage_2_5, chip = 3072
[GAME INFO] participant: NX01_2_6, chip = 3067
[GAME INFO] participant: WaP_2_7, chip = 3045
[GAME INFO] blind is 20
[GAME INFO] dealer is wereFluke_2_4
[GAME INFO] small blind 20 posted by courage_2_5
[GAME INFO] big blind 40 posted by NX01_2_6
[hole card] 7 club
[hole card] 2 diamond
[preflop] round starts
[preflop] player ssw_2_0 has 2984 chips
[preflop] player The Joker_2_1 has 2992 chips
[preflop] player Mars_2_2 has 2931 chips
[preflop] player Minty_2_3 has 2966 chips
[preflop] player wereFluke_2_4 has 2943 chips
[preflop] player courage_2_5 has 3052 chips
[preflop] player NX01_2_6 has 3027 chips
[preflop] player WaP_2_7 has 3045 chips
[preflop] player WaP_2_7 folds
[preflop] player ssw_2_0 folds
[preflop] action
[WARNING] CANNOT check when another player has raised
[preflop] player The Joker_2_1 folds
[preflop] player Mars_2_2 calls. Total bet is 40
[preflop] player Minty_2_3 folds
[preflop] player wereFluke_2_4 calls. Total bet is 40
[preflop] player courage_2_5 folds
[preflop] player NX01_2_6 calls. Total bet is 40
[flop] 9 spade
[flop] 4 diamond
[flop] 5 diamond
[flop] round starts
[flop] player ssw_2_0 has 2984 chips
[flop] player The Joker_2_1 has 2992 chips
[flop] player Mars_2_2 has 2891 chips
[flop] player Minty_2_3 has 2966 chips
[flop] player wereFluke_2_4 has 2903 chips
[flop] player courage_2_5 has 3052 chips
[flop] player NX01_2_6 has 3027 chips
[flop] player WaP_2_7 has 3045 chips
[flop] player NX01_2_6 checks
[flop] player Mars_2_2 checks
[flop] player wereFluke_2_4 checks
[flop] round ends
[turn] 4 heart
[turn] round starts
[turn] player ssw_2_0 has 2984 chips
[turn] player The Joker_2_1 has 2992 chips
[turn] player Mars_2_2 has 2891 chips
[turn] player Minty_2_3 has 2966 chips
[turn] player wereFluke_2_4 has 2903 chips
[turn] player courage_2_5 has 3052 chips
[turn] player NX01_2_6 has 3027 chips
[turn] player WaP_2_7 has 3045 chips
[turn] player NX01_2_6 checks
[turn] player Mars_2_2 checks
[turn] player wereFluke_2_4 checks
[turn] round ends
[river] 8 club
[river] round starts
[river] player ssw_2_0 has 2984 chips
[river] player The Joker_2_1 has 2992 chips
[river] player Mars_2_2 has 2891 chips
[river] player Minty_2_3 has 2966 chips
[river] player wereFluke_2_4 has 2903 chips
[river] player courage_2_5 has 3052 chips
[river] player NX01_2_6 has 3027 chips
[river] player WaP_2_7 has 3045 chips
[river] player NX01_2_6 checks
[river] player Mars_2_2 checks
[river] player wereFluke_2_4 checks
[river] round ends
[SHOWDOWN] showdown starts
[SHOWDOWN] player Mars_2_2 shows 4 diamond 4 heart 8 club 8 heart J diamond, which is two pair.
[SHOWDOWN] player wereFluke_2_4 shows A spade J heart 9 spade 4 diamond 4 heart, which is one pair.
[SHOWDOWN] player NX01_2_6 shows 4 diamond 4 heart 10 spade 9 spade 8 club, which is one pair.
[GAME STAT] pot 0 with 80 chips is shared by 1 players
[GAME STAT] player Mars_2_2 gets 80 chips from pot 0
[GAME STAT] pot 1 with 60 chips is shared by 1 players
[GAME STAT] player Mars_2_2 gets 60 chips from pot 1
[GAME STAT] overall statistics
[GAME STAT] player ssw_2_0 wins 0 chips in this game
[GAME STAT] player The Joker_2_1 wins 0 chips in this game
[GAME STAT] player Mars_2_2 wins 100 chips in this game
[GAME STAT] player Minty_2_3 wins 0 chips in this game
[GAME STAT] player wereFluke_2_4 wins -40 chips in this game
[GAME STAT] player courage_2_5 wins -20 chips in this game
[GAME STAT] player NX01_2_6 wins -40 chips in this game
[GAME STAT] player WaP_2_7 wins 0 chips in this game
[GAME 14] game ends, invoking player.game_end()
[GAME 15] game starts
[GAME INFO] number of participants in this game = 8
[GAME INFO] participant: ssw_2_0, chip = 2984
[GAME INFO] participant: The Joker_2_1, chip = 2992
[GAME INFO] participant: Mars_2_2, chip = 3031
[GAME INFO] participant: Minty_2_3, chip = 2966
[GAME INFO] participant: wereFluke_2_4, chip = 2903
[GAME INFO] participant: courage_2_5, chip = 3052
[GAME INFO] participant: NX01_2_6, chip = 3027
[GAME INFO] participant: WaP_2_7, chip = 3045
[GAME INFO] blind is 20
[GAME INFO] dealer is courage_2_5
[GAME INFO] small blind 20 posted by NX01_2_6
[GAME INFO] big blind 40 posted by WaP_2_7
[hole card] K spade
[hole card] A heart
[preflop] round starts
[preflop] player ssw_2_0 has 2984 chips
[preflop] player The Joker_2_1 has 2992 chips
[preflop] player Mars_2_2 has 3031 chips
[preflop] player Minty_2_3 has 2966 chips
[preflop] player wereFluke_2_4 has 2903 chips
[preflop] player courage_2_5 has 3052 chips
[preflop] player NX01_2_6 has 3007 chips
[preflop] player WaP_2_7 has 3005 chips
[preflop] player ssw_2_0 folds
[preflop] action
[preflop] call (40 chips). 
[preflop] player The Joker_2_1 calls. Total bet is 40
[preflop] player Mars_2_2 folds
[preflop] player Minty_2_3 folds
[preflop] player wereFluke_2_4 calls. Total bet is 40
[preflop] player courage_2_5 folds
[preflop] player NX01_2_6 calls. Total bet is 40
[preflop] player WaP_2_7 calls. Total bet is 40
[flop] 6 diamond
[flop] K club
[flop] 3 spade
[flop] round starts
[flop] player ssw_2_0 has 2984 chips
[flop] player The Joker_2_1 has 2952 chips
[flop] player Mars_2_2 has 3031 chips
[flop] player Minty_2_3 has 2966 chips
[flop] player wereFluke_2_4 has 2863 chips
[flop] player courage_2_5 has 3052 chips
[flop] player NX01_2_6 has 2987 chips
[flop] player WaP_2_7 has 3005 chips
[flop] player NX01_2_6 checks
[flop] player WaP_2_7 checks
[flop] action
[flop] check
[flop] player The Joker_2_1 checks
[flop] player wereFluke_2_4 checks
[flop] round ends
[turn] K heart
[turn] round starts
[turn] player ssw_2_0 has 2984 chips
[turn] player The Joker_2_1 has 2952 chips
[turn] player Mars_2_2 has 3031 chips
[turn] player Minty_2_3 has 2966 chips
[turn] player wereFluke_2_4 has 2863 chips
[turn] player courage_2_5 has 3052 chips
[turn] player NX01_2_6 has 2987 chips
[turn] player WaP_2_7 has 3005 chips
[turn] player NX01_2_6 checks
[turn] player WaP_2_7 checks
[turn] action
[turn] raise 925 (925 chips).
[turn] player The Joker_2_1 raises 925. Total bet is 925
[turn] player wereFluke_2_4 calls. Total bet is 925
[turn] player NX01_2_6 folds
[turn] player WaP_2_7 folds
[river] 3 diamond
[river] round starts
[river] player ssw_2_0 has 2984 chips
[river] player The Joker_2_1 has 2027 chips
[river] player Mars_2_2 has 3031 chips
[river] player Minty_2_3 has 2966 chips
[river] player wereFluke_2_4 has 1938 chips
[river] player courage_2_5 has 3052 chips
[river] player NX01_2_6 has 2987 chips
[river] player WaP_2_7 has 3005 chips
[river] action
[river] raise 976 (976 chips).
[river] player The Joker_2_1 raises 976. Total bet is 976
[river] player wereFluke_2_4 calls. Total bet is 976
[SHOWDOWN] showdown starts
[SHOWDOWN] showdown
[SHOWDOWN] K club 3 spade K heart 3 diamond K spade
[SHOWDOWN] player The Joker_2_1 shows K club 3 spade K heart 3 diamond K spade, which is full house.
[SHOWDOWN] player wereFluke_2_4 shows 9 diamond A spade 6 diamond K club K heart, which is one pair.
[GAME STAT] pot 0 with 160 chips is shared by 1 players
[GAME STAT] player The Joker_2_1 gets 160 chips from pot 0
[GAME STAT] pot 1 with 3802 chips is shared by 1 players
[GAME STAT] player The Joker_2_1 gets 3802 chips from pot 1
[GAME STAT] overall statistics
[GAME STAT] player ssw_2_0 wins 0 chips in this game
[GAME STAT] player The Joker_2_1 wins 2021 chips in this game
[GAME STAT] player Mars_2_2 wins 0 chips in this game
[GAME STAT] player Minty_2_3 wins 0 chips in this game
[GAME STAT] player wereFluke_2_4 wins -1941 chips in this game
[GAME STAT] player courage_2_5 wins 0 chips in this game
[GAME STAT] player NX01_2_6 wins -40 chips in this game
[GAME STAT] player WaP_2_7 wins -40 chips in this game
[GAME 15] game ends, invoking player.game_end()
[GAME 16] game starts
[GAME INFO] number of participants in this game = 8
[GAME INFO] participant: ssw_2_0, chip = 2984
[GAME INFO] participant: The Joker_2_1, chip = 5013
[GAME INFO] participant: Mars_2_2, chip = 3031
[GAME INFO] participant: Minty_2_3, chip = 2966
[GAME INFO] participant: wereFluke_2_4, chip = 962
[GAME INFO] participant: courage_2_5, chip = 3052
[GAME INFO] participant: NX01_2_6, chip = 2987
[GAME INFO] participant: WaP_2_7, chip = 3005
[GAME INFO] blind is 50
[GAME INFO] dealer is NX01_2_6
[GAME INFO] small blind 50 posted by WaP_2_7
[GAME INFO] big blind 100 posted by ssw_2_0
[hole card] 2 diamond
[hole card] 8 diamond
[preflop] round starts
[preflop] player ssw_2_0 has 2884 chips
[preflop] player The Joker_2_1 has 5013 chips
[preflop] player Mars_2_2 has 3031 chips
[preflop] player Minty_2_3 has 2966 chips
[preflop] player wereFluke_2_4 has 962 chips
[preflop] player courage_2_5 has 3052 chips
[preflop] player NX01_2_6 has 2987 chips
[preflop] player WaP_2_7 has 2955 chips
[preflop] action
[WARNING] CANNOT check when another player has raised
[preflop] player The Joker_2_1 folds
[preflop] player Mars_2_2 folds
[preflop] player Minty_2_3 folds
[preflop] player wereFluke_2_4 folds
[preflop] player courage_2_5 folds
[preflop] player NX01_2_6 calls. Total bet is 100
[preflop] player WaP_2_7 folds
[preflop] player ssw_2_0 folds
[GAME STAT] pot 0 with 150 chips is shared by 1 players
[GAME STAT] player NX01_2_6 gets 150 chips from pot 0
[GAME STAT] pot 1 with 100 chips is shared by 1 players
[GAME STAT] player NX01_2_6 gets 100 chips from pot 1
[GAME STAT] overall statistics
[GAME STAT] player ssw_2_0 wins -100 chips in this game
[GAME STAT] player The Joker_2_1 wins 0 chips in this game
[GAME STAT] player Mars_2_2 wins 0 chips in this game
[GAME STAT] player Minty_2_3 wins 0 chips in this game
[GAME STAT] player wereFluke_2_4 wins 0 chips in this game
[GAME STAT] player courage_2_5 wins 0 chips in this game
[GAME STAT] player NX01_2_6 wins 150 chips in this game
[GAME STAT] player WaP_2_7 wins -50 chips in this game
[GAME 16] game ends, invoking player.game_end()
[GAME 17] game starts
[GAME INFO] number of participants in this game = 8
[GAME INFO] participant: ssw_2_0, chip = 2884
[GAME INFO] participant: The Joker_2_1, chip = 5013
[GAME INFO] participant: Mars_2_2, chip = 3031
[GAME INFO] participant: Minty_2_3, chip = 2966
[GAME INFO] participant: wereFluke_2_4, chip = 962
[GAME INFO] participant: courage_2_5, chip = 3052
[GAME INFO] participant: NX01_2_6, chip = 3137
[GAME INFO] participant: WaP_2_7, chip = 2955
[GAME INFO] blind is 50
[GAME INFO] dealer is WaP_2_7
[GAME INFO] small blind 50 posted by ssw_2_0
[GAME INFO] big blind 100 posted by The Joker_2_1
[hole card] A spade
[hole card] Q diamond
[preflop] round starts
[preflop] player ssw_2_0 has 2834 chips
[preflop] player The Joker_2_1 has 4913 chips
[preflop] player Mars_2_2 has 3031 chips
[preflop] player Minty_2_3 has 2966 chips
[preflop] player wereFluke_2_4 has 962 chips
[preflop] player courage_2_5 has 3052 chips
[preflop] player NX01_2_6 has 3137 chips
[preflop] player WaP_2_7 has 2955 chips
[preflop] player Mars_2_2 calls. Total bet is 100
[preflop] player Minty_2_3 folds
[preflop] player wereFluke_2_4 folds
[preflop] player courage_2_5 folds
[preflop] player NX01_2_6 folds
[preflop] player WaP_2_7 folds
[preflop] player ssw_2_0 folds
[preflop] action
[preflop] call (0 chips). 
[preflop] player The Joker_2_1 calls. Total bet is 100
[flop] J spade
[flop] 4 diamond
[flop] Q heart
[flop] round starts
[flop] player ssw_2_0 has 2834 chips
[flop] player The Joker_2_1 has 4913 chips
[flop] player Mars_2_2 has 2931 chips
[flop] player Minty_2_3 has 2966 chips
[flop] player wereFluke_2_4 has 962 chips
[flop] player courage_2_5 has 3052 chips
[flop] player NX01_2_6 has 3137 chips
[flop] player WaP_2_7 has 2955 chips
[flop] action
[flop] check
[flop] player The Joker_2_1 checks
[flop] player Mars_2_2 checks
[flop] round ends
[turn] 6 heart
[turn] round starts
[turn] player ssw_2_0 has 2834 chips
[turn] player The Joker_2_1 has 4913 chips
[turn] player Mars_2_2 has 2931 chips
[turn] player Minty_2_3 has 2966 chips
[turn] player wereFluke_2_4 has 962 chips
[turn] player courage_2_5 has 3052 chips
[turn] player NX01_2_6 has 3137 chips
[turn] player WaP_2_7 has 2955 chips
[turn] action
[turn] check
[turn] player The Joker_2_1 checks
[turn] player Mars_2_2 checks
[turn] round ends
[river] 2 heart
[river] round starts
[river] player ssw_2_0 has 2834 chips
[river] player The Joker_2_1 has 4913 chips
[river] player Mars_2_2 has 2931 chips
[river] player Minty_2_3 has 2966 chips
[river] player wereFluke_2_4 has 962 chips
[river] player courage_2_5 has 3052 chips
[river] player NX01_2_6 has 3137 chips
[river] player WaP_2_7 has 2955 chips
[river] action
[river] check
[river] player The Joker_2_1 checks
[river] player Mars_2_2 checks
[river] round ends
[SHOWDOWN] showdown starts
[SHOWDOWN] showdown
[SHOWDOWN] J spade Q heart 6 heart A spade Q diamond
[SHOWDOWN] player The Joker_2_1 shows J spade Q heart 6 heart A spade Q diamond, which is one pair.
[SHOWDOWN] player Mars_2_2 shows 4 diamond 6 heart J spade Q heart 10 club, which is high card.
[GAME STAT] pot 0 with 150 chips is shared by 1 players
[GAME STAT] player The Joker_2_1 gets 150 chips from pot 0
[GAME STAT] pot 1 with 100 chips is shared by 1 players
[GAME STAT] player The Joker_2_1 gets 100 chips from pot 1
[GAME STAT] overall statistics
[GAME STAT] player ssw_2_0 wins -50 chips in this game
[GAME STAT] player The Joker_2_1 wins 150 chips in this game
[GAME STAT] player Mars_2_2 wins -100 chips in this game
[GAME STAT] player Minty_2_3 wins 0 chips in this game
[GAME STAT] player wereFluke_2_4 wins 0 chips in this game
[GAME STAT] player courage_2_5 wins 0 chips in this game
[GAME STAT] player NX01_2_6 wins 0 chips in this game
[GAME STAT] player WaP_2_7 wins 0 chips in this game
[GAME 17] game ends, invoking player.game_end()
[GAME 18] game starts
[GAME INFO] number of participants in this game = 8
[GAME INFO] participant: ssw_2_0, chip = 2834
[GAME INFO] participant: The Joker_2_1, chip = 5163
[GAME INFO] participant: Mars_2_2, chip = 2931
[GAME INFO] participant: Minty_2_3, chip = 2966
[GAME INFO] participant: wereFluke_2_4, chip = 962
[GAME INFO] participant: courage_2_5, chip = 3052
[GAME INFO] participant: NX01_2_6, chip = 3137
[GAME INFO] participant: WaP_2_7, chip = 2955
[GAME INFO] blind is 50
[GAME INFO] dealer is ssw_2_0
[GAME INFO] small blind 50 posted by The Joker_2_1
[GAME INFO] big blind 100 posted by Mars_2_2
[hole card] 3 diamond
[hole card] Q spade
[preflop] round starts
[preflop] player ssw_2_0 has 2834 chips
[preflop] player The Joker_2_1 has 5113 chips
[preflop] player Mars_2_2 has 2831 chips
[preflop] player Minty_2_3 has 2966 chips
[preflop] player wereFluke_2_4 has 962 chips
[preflop] player courage_2_5 has 3052 chips
[preflop] player NX01_2_6 has 3137 chips
[preflop] player WaP_2_7 has 2955 chips
[preflop] player Minty_2_3 folds
[preflop] player wereFluke_2_4 folds
[preflop] player courage_2_5 folds
[preflop] player NX01_2_6 folds
[preflop] player WaP_2_7 folds
[preflop] player ssw_2_0 folds
[preflop] action
[preflop] call (50 chips). 
[preflop] player The Joker_2_1 calls. Total bet is 100
[preflop] player Mars_2_2 calls. Total bet is 100
[flop] 8 club
[flop] 10 spade
[flop] 2 heart
[flop] round starts
[flop] player ssw_2_0 has 2834 chips
[flop] player The Joker_2_1 has 5063 chips
[flop] player Mars_2_2 has 2831 chips
[flop] player Minty_2_3 has 2966 chips
[flop] player wereFluke_2_4 has 962 chips
[flop] player courage_2_5 has 3052 chips
[flop] player NX01_2_6 has 3137 chips
[flop] player WaP_2_7 has 2955 chips
[flop] action
[flop] check
[flop] player The Joker_2_1 checks
[flop] player Mars_2_2 checks
[flop] round ends
[turn] A club
[turn] round starts
[turn] player ssw_2_0 has 2834 chips
[turn] player The Joker_2_1 has 5063 chips
[turn] player Mars_2_2 has 2831 chips
[turn] player Minty_2_3 has 2966 chips
[turn] player wereFluke_2_4 has 962 chips
[turn] player courage_2_5 has 3052 chips
[turn] player NX01_2_6 has 3137 chips
[turn] player WaP_2_7 has 2955 chips
[turn] action
[turn] check
[turn] player The Joker_2_1 checks
[turn] player Mars_2_2 checks
[turn] round ends
[river] 9 heart
[river] round starts
[river] player ssw_2_0 has 2834 chips
[river] player The Joker_2_1 has 5063 chips
[river] player Mars_2_2 has 2831 chips
[river] player Minty_2_3 has 2966 chips
[river] player wereFluke_2_4 has 962 chips
[river] player courage_2_5 has 3052 chips
[river] player NX01_2_6 has 3137 chips
[river] player WaP_2_7 has 2955 chips
[river] action
[river] check
[river] player The Joker_2_1 checks
[river] player Mars_2_2 checks
[river] round ends
[SHOWDOWN] showdown starts
[SHOWDOWN] showdown
[SHOWDOWN] 8 club 10 spade A club 9 heart Q spade
[SHOWDOWN] player The Joker_2_1 shows 8 club 10 spade A club 9 heart Q spade, which is high card.
[SHOWDOWN] player Mars_2_2 shows 8 club 9 heart A club J club 10 spade, which is high card.
[GAME STAT] pot 0 with 200 chips is shared by 1 players
[GAME STAT] player The Joker_2_1 gets 200 chips from pot 0
[GAME STAT] overall statistics
[GAME STAT] player ssw_2_0 wins 0 chips in this game
[GAME STAT] player The Joker_2_1 wins 100 chips in this game
[GAME STAT] player Mars_2_2 wins -100 chips in this game
[GAME STAT] player Minty_2_3 wins 0 chips in this game
[GAME STAT] player wereFluke_2_4 wins 0 chips in this game
[GAME STAT] player courage_2_5 wins 0 chips in this game
[GAME STAT] player NX01_2_6 wins 0 chips in this game
[GAME STAT] player WaP_2_7 wins 0 chips in this game
[GAME 18] game ends, invoking player.game_end()
[GAME 19] game starts
[GAME INFO] number of participants in this game = 8
[GAME INFO] participant: ssw_2_0, chip = 2834
[GAME INFO] participant: The Joker_2_1, chip = 5263
[GAME INFO] participant: Mars_2_2, chip = 2831
[GAME INFO] participant: Minty_2_3, chip = 2966
[GAME INFO] participant: wereFluke_2_4, chip = 962
[GAME INFO] participant: courage_2_5, chip = 3052
[GAME INFO] participant: NX01_2_6, chip = 3137
[GAME INFO] participant: WaP_2_7, chip = 2955
[GAME INFO] blind is 100
[GAME INFO] dealer is The Joker_2_1
[GAME INFO] small blind 100 posted by Mars_2_2
[GAME INFO] big blind 200 posted by Minty_2_3
[hole card] 4 club
[hole card] J heart
[preflop] round starts
[preflop] player ssw_2_0 has 2834 chips
[preflop] player The Joker_2_1 has 5263 chips
[preflop] player Mars_2_2 has 2731 chips
[preflop] player Minty_2_3 has 2766 chips
[preflop] player wereFluke_2_4 has 962 chips
[preflop] player courage_2_5 has 3052 chips
[preflop] player NX01_2_6 has 3137 chips
[preflop] player WaP_2_7 has 2955 chips
[preflop] player wereFluke_2_4 folds
[preflop] player courage_2_5 folds
[preflop] player NX01_2_6 folds
[preflop] player WaP_2_7 folds
[preflop] player ssw_2_0 folds
[preflop] action
[preflop] call (200 chips). 
[preflop] player The Joker_2_1 calls. Total bet is 200
[preflop] player Mars_2_2 calls. Total bet is 200
[preflop] player Minty_2_3 folds
[flop] 3 diamond
[flop] A diamond
[flop] 5 heart
[flop] round starts
[flop] player ssw_2_0 has 2834 chips
[flop] player The Joker_2_1 has 5063 chips
[flop] player Mars_2_2 has 2631 chips
[flop] player Minty_2_3 has 2766 chips
[flop] player wereFluke_2_4 has 962 chips
[flop] player courage_2_5 has 3052 chips
[flop] player NX01_2_6 has 3137 chips
[flop] player WaP_2_7 has 2955 chips
[flop] player Mars_2_2 checks
[flop] action
[flop] check
[flop] player The Joker_2_1 checks
[flop] round ends
[turn] 7 club
[turn] round starts
[turn] player ssw_2_0 has 2834 chips
[turn] player The Joker_2_1 has 5063 chips
[turn] player Mars_2_2 has 2631 chips
[turn] player Minty_2_3 has 2766 chips
[turn] player wereFluke_2_4 has 962 chips
[turn] player courage_2_5 has 3052 chips
[turn] player NX01_2_6 has 3137 chips
[turn] player WaP_2_7 has 2955 chips
[turn] player Mars_2_2 checks
[turn] action
[turn] check
[turn] player The Joker_2_1 checks
[turn] round ends
[river] Q spade
[river] round starts
[river] player ssw_2_0 has 2834 chips
[river] player The Joker_2_1 has 5063 chips
[river] player Mars_2_2 has 2631 chips
[river] player Minty_2_3 has 2766 chips
[river] player wereFluke_2_4 has 962 chips
[river] player courage_2_5 has 3052 chips
[river] player NX01_2_6 has 3137 chips
[river] player WaP_2_7 has 2955 chips
[river] player Mars_2_2 checks
[river] action
[river] check
[river] player The Joker_2_1 checks
[river] round ends
[SHOWDOWN] showdown starts
[SHOWDOWN] showdown
[SHOWDOWN] A diamond 5 heart 7 club Q spade J heart
[SHOWDOWN] player Mars_2_2 shows 5 heart 7 club A diamond Q diamond Q spade, which is one pair.
[SHOWDOWN] player The Joker_2_1 shows A diamond 5 heart 7 club Q spade J heart, which is high card.
[GAME STAT] pot 0 with 600 chips is shared by 1 players
[GAME STAT] player Mars_2_2 gets 600 chips from pot 0
[GAME STAT] overall statistics
[GAME STAT] player ssw_2_0 wins 0 chips in this game
[GAME STAT] player The Joker_2_1 wins -200 chips in this game
[GAME STAT] player Mars_2_2 wins 400 chips in this game
[GAME STAT] player Minty_2_3 wins -200 chips in this game
[GAME STAT] player wereFluke_2_4 wins 0 chips in this game
[GAME STAT] player courage_2_5 wins 0 chips in this game
[GAME STAT] player NX01_2_6 wins 0 chips in this game
[GAME STAT] player WaP_2_7 wins 0 chips in this game
[GAME 19] game ends, invoking player.game_end()
[GAME 20] game starts
[GAME INFO] number of participants in this game = 8
[GAME INFO] participant: ssw_2_0, chip = 2834
[GAME INFO] participant: The Joker_2_1, chip = 5063
[GAME INFO] participant: Mars_2_2, chip = 3231
[GAME INFO] participant: Minty_2_3, chip = 2766
[GAME INFO] participant: wereFluke_2_4, chip = 962
[GAME INFO] participant: courage_2_5, chip = 3052
[GAME INFO] participant: NX01_2_6, chip = 3137
[GAME INFO] participant: WaP_2_7, chip = 2955
[GAME INFO] blind is 100
[GAME INFO] dealer is Mars_2_2
[GAME INFO] small blind 100 posted by Minty_2_3
[GAME INFO] big blind 200 posted by wereFluke_2_4
[hole card] 9 club
[hole card] 9 diamond
[preflop] round starts
[preflop] player ssw_2_0 has 2834 chips
[preflop] player The Joker_2_1 has 5063 chips
[preflop] player Mars_2_2 has 3231 chips
[preflop] player Minty_2_3 has 2666 chips
[preflop] player wereFluke_2_4 has 762 chips
[preflop] player courage_2_5 has 3052 chips
[preflop] player NX01_2_6 has 3137 chips
[preflop] player WaP_2_7 has 2955 chips
[preflop] player courage_2_5 folds
[preflop] player NX01_2_6 folds
[preflop] player WaP_2_7 folds
[preflop] player ssw_2_0 folds
[preflop] action
[preflop] call (200 chips). 
[preflop] player The Joker_2_1 calls. Total bet is 200
[preflop] player Mars_2_2 calls. Total bet is 200
[preflop] player Minty_2_3 folds
[preflop] player wereFluke_2_4 calls. Total bet is 200
[flop] Q diamond
[flop] 8 diamond
[flop] 9 spade
[flop] round starts
[flop] player ssw_2_0 has 2834 chips
[flop] player The Joker_2_1 has 4863 chips
[flop] player Mars_2_2 has 3031 chips
[flop] player Minty_2_3 has 2666 chips
[flop] player wereFluke_2_4 has 762 chips
[flop] player courage_2_5 has 3052 chips
[flop] player NX01_2_6 has 3137 chips
[flop] player WaP_2_7 has 2955 chips
[flop] player wereFluke_2_4 checks
[flop] action
[flop] raise 834 (834 chips).
[flop] player The Joker_2_1 raises 834. Total bet is 834
[flop] player Mars_2_2 folds
[flop] player wereFluke_2_4 goes all in (762 chips). Total bet is 762
[turn] A heart
[turn] round starts
[turn] player ssw_2_0 has 2834 chips
[turn] player The Joker_2_1 has 4029 chips
[turn] player Mars_2_2 has 3031 chips
[turn] player Minty_2_3 has 2666 chips
[turn] player wereFluke_2_4 has 0 chips
[turn] player courage_2_5 has 3052 chips
[turn] player NX01_2_6 has 3137 chips
[turn] player WaP_2_7 has 2955 chips
[turn] player wereFluke_2_4 checks
[turn] action
[turn] raise 931 (931 chips).
[turn] player The Joker_2_1 raises 931. Total bet is 931
[turn] player wereFluke_2_4 goes all in (0 chips). Total bet is 0
[river] K heart
[river] round starts
[river] player ssw_2_0 has 2834 chips
[river] player The Joker_2_1 has 3098 chips
[river] player Mars_2_2 has 3031 chips
[river] player Minty_2_3 has 2666 chips
[river] player wereFluke_2_4 has 0 chips
[river] player courage_2_5 has 3052 chips
[river] player NX01_2_6 has 3137 chips
[river] player WaP_2_7 has 2955 chips
[river] player wereFluke_2_4 folds
[river] round ends
[GAME STAT] pot 0 with 400 chips is shared by 1 players
[GAME STAT] player The Joker_2_1 gets 400 chips from pot 0
[GAME STAT] pot 1 with 300 chips is shared by 1 players
[GAME STAT] player The Joker_2_1 gets 300 chips from pot 1
[GAME STAT] pot 2 with 1524 chips is shared by 1 players
[GAME STAT] player The Joker_2_1 gets 1524 chips from pot 2
[GAME STAT] pot 3 with 1003 chips is shared by 1 players
[GAME STAT] player The Joker_2_1 gets 1003 chips from pot 3
[GAME STAT] overall statistics
[GAME STAT] player ssw_2_0 wins 0 chips in this game
[GAME STAT] player The Joker_2_1 wins 1262 chips in this game
[GAME STAT] player Mars_2_2 wins -200 chips in this game
[GAME STAT] player Minty_2_3 wins -100 chips in this game
[GAME STAT] player wereFluke_2_4 wins -962 chips in this game
[GAME STAT] player courage_2_5 wins 0 chips in this game
[GAME STAT] player NX01_2_6 wins 0 chips in this game
[GAME STAT] player WaP_2_7 wins 0 chips in this game
[GAME 20] game ends, invoking player.game_end()
[GAME 21] game starts
[GAME INFO] number of participants in this game = 7
[GAME INFO] participant: ssw_2_0, chip = 2834
[GAME INFO] participant: The Joker_2_1, chip = 6325
[GAME INFO] participant: Mars_2_2, chip = 3031
[GAME INFO] participant: Minty_2_3, chip = 2666
[GAME INFO] participant: courage_2_5, chip = 3052
[GAME INFO] participant: NX01_2_6, chip = 3137
[GAME INFO] participant: WaP_2_7, chip = 2955
[GAME INFO] blind is 100
[GAME INFO] dealer is Minty_2_3
[GAME INFO] small blind 100 posted by courage_2_5
[GAME INFO] big blind 200 posted by NX01_2_6
[hole card] J spade
[hole card] 4 club
[preflop] round starts
[preflop] player ssw_2_0 has 2834 chips
[preflop] player The Joker_2_1 has 6325 chips
[preflop] player Mars_2_2 has 3031 chips
[preflop] player Minty_2_3 has 2666 chips
[preflop] player courage_2_5 has 2952 chips
[preflop] player NX01_2_6 has 2937 chips
[preflop] player WaP_2_7 has 2955 chips
[preflop] player WaP_2_7 folds
[preflop] player ssw_2_0 folds
[preflop] action
[WARNING] CANNOT check when another player has raised
[preflop] player The Joker_2_1 folds
[preflop] player Mars_2_2 calls. Total bet is 200
[preflop] player Minty_2_3 folds
[preflop] player courage_2_5 calls. Total bet is 200
[preflop] player NX01_2_6 calls. Total bet is 200
[flop] 6 heart
[flop] 2 club
[flop] K spade
[flop] round starts
[flop] player ssw_2_0 has 2834 chips
[flop] player The Joker_2_1 has 6325 chips
[flop] player Mars_2_2 has 2831 chips
[flop] player Minty_2_3 has 2666 chips
[flop] player courage_2_5 has 2852 chips
[flop] player NX01_2_6 has 2937 chips
[flop] player WaP_2_7 has 2955 chips
[flop] player courage_2_5 checks
[flop] player NX01_2_6 checks
[flop] player Mars_2_2 checks
[flop] round ends
[turn] 6 spade
[turn] round starts
[turn] player ssw_2_0 has 2834 chips
[turn] player The Joker_2_1 has 6325 chips
[turn] player Mars_2_2 has 2831 chips
[turn] player Minty_2_3 has 2666 chips
[turn] player courage_2_5 has 2852 chips
[turn] player NX01_2_6 has 2937 chips
[turn] player WaP_2_7 has 2955 chips
[turn] player courage_2_5 checks
[turn] player NX01_2_6 checks
[turn] player Mars_2_2 checks
[turn] round ends
[river] 7 heart
[river] round starts
[river] player ssw_2_0 has 2834 chips
[river] player The Joker_2_1 has 6325 chips
[river] player Mars_2_2 has 2831 chips
[river] player Minty_2_3 has 2666 chips
[river] player courage_2_5 has 2852 chips
[river] player NX01_2_6 has 2937 chips
[river] player WaP_2_7 has 2955 chips
[river] player courage_2_5 checks
[river] player NX01_2_6 checks
[river] player Mars_2_2 checks
[river] round ends
[SHOWDOWN] showdown starts
[SHOWDOWN] player Mars_2_2 shows 6 club 6 heart 6 spade K spade 10 heart, which is three of a kind.
[SHOWDOWN] player NX01_2_6 shows 6 heart 6 spade K spade Q diamond 8 club, which is one pair.
[SHOWDOWN] player courage_2_5 shows 9 spade 6 heart K spade 6 spade 7 heart, which is one pair.
[GAME STAT] pot 0 with 600 chips is shared by 1 players
[GAME STAT] player Mars_2_2 gets 600 chips from pot 0
[GAME STAT] overall statistics
[GAME STAT] player ssw_2_0 wins 0 chips in this game
[GAME STAT] player The Joker_2_1 wins 0 chips in this game
[GAME STAT] player Mars_2_2 wins 400 chips in this game
[GAME STAT] player Minty_2_3 wins 0 chips in this game
[GAME STAT] player courage_2_5 wins -200 chips in this game
[GAME STAT] player NX01_2_6 wins -200 chips in this game
[GAME STAT] player WaP_2_7 wins 0 chips in this game
[GAME 21] game ends, invoking player.game_end()
[GAME 22] game starts
[GAME INFO] number of participants in this game = 7
[GAME INFO] participant: ssw_2_0, chip = 2834
[GAME INFO] participant: The Joker_2_1, chip = 6325
[GAME INFO] participant: Mars_2_2, chip = 3431
[GAME INFO] participant: Minty_2_3, chip = 2666
[GAME INFO] participant: courage_2_5, chip = 2852
[GAME INFO] participant: NX01_2_6, chip = 2937
[GAME INFO] participant: WaP_2_7, chip = 2955
[GAME INFO] blind is 200
[GAME INFO] dealer is courage_2_5
[GAME INFO] small blind 200 posted by NX01_2_6
[GAME INFO] big blind 400 posted by WaP_2_7
[hole card] 7 diamond
[hole card] 10 diamond
[preflop] round starts
[preflop] player ssw_2_0 has 2834 chips
[preflop] player The Joker_2_1 has 6325 chips
[preflop] player Mars_2_2 has 3431 chips
[preflop] player Minty_2_3 has 2666 chips
[preflop] player courage_2_5 has 2852 chips
[preflop] player NX01_2_6 has 2737 chips
[preflop] player WaP_2_7 has 2555 chips
[preflop] player ssw_2_0 folds
[preflop] action
[WARNING] CANNOT check when another player has raised
[preflop] player The Joker_2_1 folds
[preflop] player Mars_2_2 folds
[preflop] player Minty_2_3 folds
[preflop] player courage_2_5 folds
[preflop] player NX01_2_6 folds
[GAME STAT] pot 0 with 400 chips is shared by 1 players
[GAME STAT] player WaP_2_7 gets 400 chips from pot 0
[GAME STAT] pot 1 with 200 chips is shared by 1 players
[GAME STAT] player WaP_2_7 gets 200 chips from pot 1
[GAME STAT] overall statistics
[GAME STAT] player ssw_2_0 wins 0 chips in this game
[GAME STAT] player The Joker_2_1 wins 0 chips in this game
[GAME STAT] player Mars_2_2 wins 0 chips in this game
[GAME STAT] player Minty_2_3 wins 0 chips in this game
[GAME STAT] player courage_2_5 wins 0 chips in this game
[GAME STAT] player NX01_2_6 wins -200 chips in this game
[GAME STAT] player WaP_2_7 wins 200 chips in this game
[GAME 22] game ends, invoking player.game_end()
[GAME 23] game starts
[GAME INFO] number of participants in this game = 7
[GAME INFO] participant: ssw_2_0, chip = 2834
[GAME INFO] participant: The Joker_2_1, chip = 6325
[GAME INFO] participant: Mars_2_2, chip = 3431
[GAME INFO] participant: Minty_2_3, chip = 2666
[GAME INFO] participant: courage_2_5, chip = 2852
[GAME INFO] participant: NX01_2_6, chip = 2737
[GAME INFO] participant: WaP_2_7, chip = 3155
[GAME INFO] blind is 200
[GAME INFO] dealer is NX01_2_6
[GAME INFO] small blind 200 posted by WaP_2_7
[GAME INFO] big blind 400 posted by ssw_2_0
[hole card] 2 diamond
[hole card] 9 heart
[preflop] round starts
[preflop] player ssw_2_0 has 2434 chips
[preflop] player The Joker_2_1 has 6325 chips
[preflop] player Mars_2_2 has 3431 chips
[preflop] player Minty_2_3 has 2666 chips
[preflop] player courage_2_5 has 2852 chips
[preflop] player NX01_2_6 has 2737 chips
[preflop] player WaP_2_7 has 2955 chips
[preflop] action
[WARNING] CANNOT check when another player has raised
[preflop] player The Joker_2_1 folds
[preflop] player Mars_2_2 folds
[preflop] player Minty_2_3 folds
[preflop] player courage_2_5 folds
[preflop] player NX01_2_6 calls. Total bet is 400
[preflop] player WaP_2_7 folds
[preflop] player ssw_2_0 folds
[GAME STAT] pot 0 with 600 chips is shared by 1 players
[GAME STAT] player NX01_2_6 gets 600 chips from pot 0
[GAME STAT] pot 1 with 400 chips is shared by 1 players
[GAME STAT] player NX01_2_6 gets 400 chips from pot 1
[GAME STAT] overall statistics
[GAME STAT] player ssw_2_0 wins -400 chips in this game
[GAME STAT] player The Joker_2_1 wins 0 chips in this game
[GAME STAT] player Mars_2_2 wins 0 chips in this game
[GAME STAT] player Minty_2_3 wins 0 chips in this game
[GAME STAT] player courage_2_5 wins 0 chips in this game
[GAME STAT] player NX01_2_6 wins 600 chips in this game
[GAME STAT] player WaP_2_7 wins -200 chips in this game
[GAME 23] game ends, invoking player.game_end()
[GAME 24] game starts
[GAME INFO] number of participants in this game = 7
[GAME INFO] participant: ssw_2_0, chip = 2434
[GAME INFO] participant: The Joker_2_1, chip = 6325
[GAME INFO] participant: Mars_2_2, chip = 3431
[GAME INFO] participant: Minty_2_3, chip = 2666
[GAME INFO] participant: courage_2_5, chip = 2852
[GAME INFO] participant: NX01_2_6, chip = 3337
[GAME INFO] participant: WaP_2_7, chip = 2955
[GAME INFO] blind is 200
[GAME INFO] dealer is WaP_2_7
[GAME INFO] small blind 200 posted by ssw_2_0
[GAME INFO] big blind 400 posted by The Joker_2_1
[hole card] 8 club
[hole card] 3 diamond
[preflop] round starts
[preflop] player ssw_2_0 has 2234 chips
[preflop] player The Joker_2_1 has 5925 chips
[preflop] player Mars_2_2 has 3431 chips
[preflop] player Minty_2_3 has 2666 chips
[preflop] player courage_2_5 has 2852 chips
[preflop] player NX01_2_6 has 3337 chips
[preflop] player WaP_2_7 has 2955 chips
[preflop] player Mars_2_2 folds
[preflop] player Minty_2_3 folds
[preflop] player courage_2_5 folds
[preflop] player NX01_2_6 folds
[preflop] player WaP_2_7 folds
[preflop] player ssw_2_0 folds
[GAME STAT] pot 0 with 400 chips is shared by 1 players
[GAME STAT] player The Joker_2_1 gets 400 chips from pot 0
[GAME STAT] pot 1 with 200 chips is shared by 1 players
[GAME STAT] player The Joker_2_1 gets 200 chips from pot 1
[GAME STAT] overall statistics
[GAME STAT] player ssw_2_0 wins -200 chips in this game
[GAME STAT] player The Joker_2_1 wins 200 chips in this game
[GAME STAT] player Mars_2_2 wins 0 chips in this game
[GAME STAT] player Minty_2_3 wins 0 chips in this game
[GAME STAT] player courage_2_5 wins 0 chips in this game
[GAME STAT] player NX01_2_6 wins 0 chips in this game
[GAME STAT] player WaP_2_7 wins 0 chips in this game
[GAME 24] game ends, invoking player.game_end()
[GAME 25] game starts
[GAME INFO] number of participants in this game = 7
[GAME INFO] participant: ssw_2_0, chip = 2234
[GAME INFO] participant: The Joker_2_1, chip = 6525
[GAME INFO] participant: Mars_2_2, chip = 3431
[GAME INFO] participant: Minty_2_3, chip = 2666
[GAME INFO] participant: courage_2_5, chip = 2852
[GAME INFO] participant: NX01_2_6, chip = 3337
[GAME INFO] participant: WaP_2_7, chip = 2955
[GAME INFO] blind is 500
[GAME INFO] dealer is ssw_2_0
[GAME INFO] small blind 500 posted by The Joker_2_1
[GAME INFO] big blind 1000 posted by Mars_2_2
[hole card] J club
[hole card] K diamond
[preflop] round starts
[preflop] player ssw_2_0 has 2234 chips
[preflop] player The Joker_2_1 has 6025 chips
[preflop] player Mars_2_2 has 2431 chips
[preflop] player Minty_2_3 has 2666 chips
[preflop] player courage_2_5 has 2852 chips
[preflop] player NX01_2_6 has 3337 chips
[preflop] player WaP_2_7 has 2955 chips
[preflop] player Minty_2_3 folds
[preflop] player courage_2_5 folds
[preflop] player NX01_2_6 folds
[preflop] player WaP_2_7 folds
[preflop] player ssw_2_0 folds
[preflop] action
[preflop] call (500 chips). 
[preflop] player The Joker_2_1 calls. Total bet is 1000
[preflop] player Mars_2_2 calls. Total bet is 1000
[flop] A club
[flop] 10 diamond
[flop] 8 heart
[flop] round starts
[flop] player ssw_2_0 has 2234 chips
[flop] player The Joker_2_1 has 5525 chips
[flop] player Mars_2_2 has 2431 chips
[flop] player Minty_2_3 has 2666 chips
[flop] player courage_2_5 has 2852 chips
[flop] player NX01_2_6 has 3337 chips
[flop] player WaP_2_7 has 2955 chips
[flop] action
[flop] check
[flop] player The Joker_2_1 checks
[flop] player Mars_2_2 checks
[flop] round ends
[turn] 7 spade
[turn] round starts
[turn] player ssw_2_0 has 2234 chips
[turn] player The Joker_2_1 has 5525 chips
[turn] player Mars_2_2 has 2431 chips
[turn] player Minty_2_3 has 2666 chips
[turn] player courage_2_5 has 2852 chips
[turn] player NX01_2_6 has 3337 chips
[turn] player WaP_2_7 has 2955 chips
[turn] action
[turn] check
[turn] player The Joker_2_1 checks
[turn] player Mars_2_2 checks
[turn] round ends
[river] 9 spade
[river] round starts
[river] player ssw_2_0 has 2234 chips
[river] player The Joker_2_1 has 5525 chips
[river] player Mars_2_2 has 2431 chips
[river] player Minty_2_3 has 2666 chips
[river] player courage_2_5 has 2852 chips
[river] player NX01_2_6 has 3337 chips
[river] player WaP_2_7 has 2955 chips
[river] action
[river] raise 1000 (1000 chips).
[river] player The Joker_2_1 raises 1000. Total bet is 1000
[river] player Mars_2_2 folds
[GAME STAT] pot 0 with 2000 chips is shared by 1 players
[GAME STAT] player The Joker_2_1 gets 2000 chips from pot 0
[GAME STAT] pot 1 with 1000 chips is shared by 1 players
[GAME STAT] player The Joker_2_1 gets 1000 chips from pot 1
[GAME STAT] overall statistics
[GAME STAT] player ssw_2_0 wins 0 chips in this game
[GAME STAT] player The Joker_2_1 wins 1000 chips in this game
[GAME STAT] player Mars_2_2 wins -1000 chips in this game
[GAME STAT] player Minty_2_3 wins 0 chips in this game
[GAME STAT] player courage_2_5 wins 0 chips in this game
[GAME STAT] player NX01_2_6 wins 0 chips in this game
[GAME STAT] player WaP_2_7 wins 0 chips in this game
[GAME 25] game ends, invoking player.game_end()
[GAME 26] game starts
[GAME INFO] number of participants in this game = 7
[GAME INFO] participant: ssw_2_0, chip = 2234
[GAME INFO] participant: The Joker_2_1, chip = 7525
[GAME INFO] participant: Mars_2_2, chip = 2431
[GAME INFO] participant: Minty_2_3, chip = 2666
[GAME INFO] participant: courage_2_5, chip = 2852
[GAME INFO] participant: NX01_2_6, chip = 3337
[GAME INFO] participant: WaP_2_7, chip = 2955
[GAME INFO] blind is 500
[GAME INFO] dealer is The Joker_2_1
[GAME INFO] small blind 500 posted by Mars_2_2
[GAME INFO] big blind 1000 posted by Minty_2_3
[hole card] K heart
[hole card] 3 spade
[preflop] round starts
[preflop] player ssw_2_0 has 2234 chips
[preflop] player The Joker_2_1 has 7525 chips
[preflop] player Mars_2_2 has 1931 chips
[preflop] player Minty_2_3 has 1666 chips
[preflop] player courage_2_5 has 2852 chips
[preflop] player NX01_2_6 has 3337 chips
[preflop] player WaP_2_7 has 2955 chips
[preflop] player courage_2_5 folds
[preflop] player NX01_2_6 calls. Total bet is 1000
[preflop] player WaP_2_7 folds
[preflop] player ssw_2_0 folds
[preflop] action
[preflop] call (1000 chips). 
[preflop] player The Joker_2_1 calls. Total bet is 1000
[preflop] player Mars_2_2 folds
[preflop] player Minty_2_3 folds
[flop] 8 club
[flop] K spade
[flop] 7 diamond
[flop] round starts
[flop] player ssw_2_0 has 2234 chips
[flop] player The Joker_2_1 has 6525 chips
[flop] player Mars_2_2 has 1931 chips
[flop] player Minty_2_3 has 1666 chips
[flop] player courage_2_5 has 2852 chips
[flop] player NX01_2_6 has 2337 chips
[flop] player WaP_2_7 has 2955 chips
[flop] player NX01_2_6 checks
[flop] action
[flop] raise 1000 (1000 chips).
[flop] player The Joker_2_1 raises 1000. Total bet is 1000
[flop] player NX01_2_6 folds
[GAME STAT] pot 0 with 2000 chips is shared by 1 players
[GAME STAT] player The Joker_2_1 gets 2000 chips from pot 0
[GAME STAT] pot 1 with 1500 chips is shared by 1 players
[GAME STAT] player The Joker_2_1 gets 1500 chips from pot 1
[GAME STAT] pot 2 with 1000 chips is shared by 1 players
[GAME STAT] player The Joker_2_1 gets 1000 chips from pot 2
[GAME STAT] overall statistics
[GAME STAT] player ssw_2_0 wins 0 chips in this game
[GAME STAT] player The Joker_2_1 wins 2500 chips in this game
[GAME STAT] player Mars_2_2 wins -500 chips in this game
[GAME STAT] player Minty_2_3 wins -1000 chips in this game
[GAME STAT] player courage_2_5 wins 0 chips in this game
[GAME STAT] player NX01_2_6 wins -1000 chips in this game
[GAME STAT] player WaP_2_7 wins 0 chips in this game
[GAME 26] game ends, invoking player.game_end()
[GAME 27] game starts
[GAME INFO] number of participants in this game = 7
[GAME INFO] participant: ssw_2_0, chip = 2234
[GAME INFO] participant: The Joker_2_1, chip = 10025
[GAME INFO] participant: Mars_2_2, chip = 1931
[GAME INFO] participant: Minty_2_3, chip = 1666
[GAME INFO] participant: courage_2_5, chip = 2852
[GAME INFO] participant: NX01_2_6, chip = 2337
[GAME INFO] participant: WaP_2_7, chip = 2955
[GAME INFO] blind is 500
[GAME INFO] dealer is Mars_2_2
[GAME INFO] small blind 500 posted by Minty_2_3
[GAME INFO] big blind 1000 posted by courage_2_5
[hole card] Q spade
[hole card] 7 diamond
[preflop] round starts
[preflop] player ssw_2_0 has 2234 chips
[preflop] player The Joker_2_1 has 10025 chips
[preflop] player Mars_2_2 has 1931 chips
[preflop] player Minty_2_3 has 1166 chips
[preflop] player courage_2_5 has 1852 chips
[preflop] player NX01_2_6 has 2337 chips
[preflop] player WaP_2_7 has 2955 chips
[preflop] player NX01_2_6 calls. Total bet is 1000
[preflop] player WaP_2_7 folds
[preflop] player ssw_2_0 folds
[preflop] action
[WARNING] CANNOT check when another player has raised
[preflop] player The Joker_2_1 folds
[preflop] player Mars_2_2 folds
[preflop] player Minty_2_3 folds
[preflop] player courage_2_5 calls. Total bet is 1000
[flop] K club
[flop] J club
[flop] 4 heart
[flop] round starts
[flop] player ssw_2_0 has 2234 chips
[flop] player The Joker_2_1 has 10025 chips
[flop] player Mars_2_2 has 1931 chips
[flop] player Minty_2_3 has 1166 chips
[flop] player courage_2_5 has 1852 chips
[flop] player NX01_2_6 has 1337 chips
[flop] player WaP_2_7 has 2955 chips
[flop] player courage_2_5 checks
[flop] player NX01_2_6 checks
[flop] round ends
[turn] 8 club
[turn] round starts
[turn] player ssw_2_0 has 2234 chips
[turn] player The Joker_2_1 has 10025 chips
[turn] player Mars_2_2 has 1931 chips
[turn] player Minty_2_3 has 1166 chips
[turn] player courage_2_5 has 1852 chips
[turn] player NX01_2_6 has 1337 chips
[turn] player WaP_2_7 has 2955 chips
[turn] player courage_2_5 checks
[turn] player NX01_2_6 checks
[turn] round ends
[river] Q club
[river] round starts
[river] player ssw_2_0 has 2234 chips
[river] player The Joker_2_1 has 10025 chips
[river] player Mars_2_2 has 1931 chips
[river] player Minty_2_3 has 1166 chips
[river] player courage_2_5 has 1852 chips
[river] player NX01_2_6 has 1337 chips
[river] player WaP_2_7 has 2955 chips
[river] player courage_2_5 checks
[river] player NX01_2_6 checks
[river] round ends
[SHOWDOWN] showdown starts
[SHOWDOWN] player NX01_2_6 shows Q club Q diamond J club J spade 4 heart, which is two pair.
[SHOWDOWN] player courage_2_5 shows 8 spade K club J club 8 club Q club, which is one pair.
[GAME STAT] pot 0 with 1500 chips is shared by 1 players
[GAME STAT] player NX01_2_6 gets 1500 chips from pot 0
[GAME STAT] pot 1 with 1000 chips is shared by 1 players
[GAME STAT] player NX01_2_6 gets 1000 chips from pot 1
[GAME STAT] overall statistics
[GAME STAT] player ssw_2_0 wins 0 chips in this game
[GAME STAT] player The Joker_2_1 wins 0 chips in this game
[GAME STAT] player Mars_2_2 wins 0 chips in this game
[GAME STAT] player Minty_2_3 wins -500 chips in this game
[GAME STAT] player courage_2_5 wins -1000 chips in this game
[GAME STAT] player NX01_2_6 wins 1500 chips in this game
[GAME STAT] player WaP_2_7 wins 0 chips in this game
[GAME 27] game ends, invoking player.game_end()
[END]
[FINAL STAT] chips
[FINAL STAT] ssw_2_0 has 2234 chips
[FINAL STAT] The Joker_2_1 has 10025 chips
[FINAL STAT] Mars_2_2 has 1931 chips
[FINAL STAT] Minty_2_3 has 1166 chips
[FINAL STAT] wereFluke_2_4 has 0 chips
[FINAL STAT] courage_2_5 has 1852 chips
[FINAL STAT] NX01_2_6 has 3837 chips
[FINAL STAT] WaP_2_7 has 2955 chips
