[UI] login name: [UI] succefully login as The Joker_3_4
[login] The Joker_3_4
[player 0] NX01_3_0
[player 1] ssw_3_1
[player 2] Minty_3_2
[player 3] courage_3_3
[player 4] The Joker_3_4
[player 5] Mars_3_5
[player 6] wereFluke_3_6
[player 7] WaP_3_7
[GAME INFO] number of players = 8
[GAME INFO] initial chips = 3000
[GAME 1] game starts
[GAME INFO] number of participants in this game = 8
[GAME INFO] participant: NX01_3_0, chip = 3000
[GAME INFO] participant: ssw_3_1, chip = 3000
[GAME INFO] participant: Minty_3_2, chip = 3000
[GAME INFO] participant: courage_3_3, chip = 3000
[GAME INFO] participant: The Joker_3_4, chip = 3000
[GAME INFO] participant: Mars_3_5, chip = 3000
[GAME INFO] participant: wereFluke_3_6, chip = 3000
[GAME INFO] participant: WaP_3_7, chip = 3000
[GAME INFO] blind is 1
[GAME INFO] dealer is Mars_3_5
[GAME INFO] small blind 1 posted by wereFluke_3_6
[GAME INFO] big blind 2 posted by WaP_3_7
[hole card] J spade
[hole card] 6 diamond
[preflop] round starts
[preflop] player NX01_3_0 has 3000 chips
[preflop] player ssw_3_1 has 3000 chips
[preflop] player Minty_3_2 has 3000 chips
[preflop] player courage_3_3 has 3000 chips
[preflop] player The Joker_3_4 has 3000 chips
[preflop] player Mars_3_5 has 3000 chips
[preflop] player wereFluke_3_6 has 2999 chips
[preflop] player WaP_3_7 has 2998 chips
[preflop] player NX01_3_0 calls. Total bet is 2
[preflop] player ssw_3_1 folds
[preflop] player Minty_3_2 folds
[preflop] player courage_3_3 folds
[preflop] action
[preflop] call (2 chips). 
[preflop] player The Joker_3_4 calls. Total bet is 2
[preflop] player Mars_3_5 calls. Total bet is 2
[preflop] player wereFluke_3_6 calls. Total bet is 2
[preflop] player WaP_3_7 calls. Total bet is 2
[flop] Q spade
[flop] 2 heart
[flop] 9 heart
[flop] round starts
[flop] player NX01_3_0 has 2998 chips
[flop] player ssw_3_1 has 3000 chips
[flop] player Minty_3_2 has 3000 chips
[flop] player courage_3_3 has 3000 chips
[flop] player The Joker_3_4 has 2998 chips
[flop] player Mars_3_5 has 2998 chips
[flop] player wereFluke_3_6 has 2998 chips
[flop] player WaP_3_7 has 2998 chips
[flop] player wereFluke_3_6 checks
[flop] player WaP_3_7 checks
[flop] player NX01_3_0 checks
[flop] action
[flop] check
[flop] player The Joker_3_4 checks
[flop] player Mars_3_5 checks
[flop] round ends
[turn] 8 diamond
[turn] round starts
[turn] player NX01_3_0 has 2998 chips
[turn] player ssw_3_1 has 3000 chips
[turn] player Minty_3_2 has 3000 chips
[turn] player courage_3_3 has 3000 chips
[turn] player The Joker_3_4 has 2998 chips
[turn] player Mars_3_5 has 2998 chips
[turn] player wereFluke_3_6 has 2998 chips
[turn] player WaP_3_7 has 2998 chips
[turn] player wereFluke_3_6 checks
[turn] player WaP_3_7 checks
[turn] player NX01_3_0 checks
[turn] action
[turn] check
[turn] player The Joker_3_4 checks
[turn] player Mars_3_5 checks
[turn] round ends
[river] A diamond
[river] round starts
[river] player NX01_3_0 has 2998 chips
[river] player ssw_3_1 has 3000 chips
[river] player Minty_3_2 has 3000 chips
[river] player courage_3_3 has 3000 chips
[river] player The Joker_3_4 has 2998 chips
[river] player Mars_3_5 has 2998 chips
[river] player wereFluke_3_6 has 2998 chips
[river] player WaP_3_7 has 2998 chips
[river] player wereFluke_3_6 checks
[river] player WaP_3_7 checks
[river] player NX01_3_0 checks
[river] action
[river] check
[river] player The Joker_3_4 checks
[river] player Mars_3_5 checks
[river] round ends
[SHOWDOWN] showdown starts
[SHOWDOWN] showdown
[SHOWDOWN] Q spade 9 heart 8 diamond A diamond J spade
[SHOWDOWN] player WaP_3_7 shows 9 club 9 heart 8 diamond 2 spade 2 heart, which is two pair.
[SHOWDOWN] player NX01_3_0 shows 3 diamond 3 club A diamond Q spade 9 heart, which is one pair.
[SHOWDOWN] player The Joker_3_4 shows Q spade 9 heart 8 diamond A diamond J spade, which is high card.
[SHOWDOWN] player Mars_3_5 shows 8 diamond 9 heart A diamond Q spade 10 diamond, which is high card.
[SHOWDOWN] player wereFluke_3_6 shows 10 club Q spade 9 heart 8 diamond A diamond, which is high card.
[GAME STAT] pot 0 with 10 chips is shared by 1 players
[GAME STAT] player WaP_3_7 gets 10 chips from pot 0
[GAME STAT] overall statistics
[GAME STAT] player NX01_3_0 wins -2 chips in this game
[GAME STAT] player ssw_3_1 wins 0 chips in this game
[GAME STAT] player Minty_3_2 wins 0 chips in this game
[GAME STAT] player courage_3_3 wins 0 chips in this game
[GAME STAT] player The Joker_3_4 wins -2 chips in this game
[GAME STAT] player Mars_3_5 wins -2 chips in this game
[GAME STAT] player wereFluke_3_6 wins -2 chips in this game
[GAME STAT] player WaP_3_7 wins 8 chips in this game
[GAME 1] game ends, invoking player.game_end()
[GAME 2] game starts
[GAME INFO] number of participants in this game = 8
[GAME INFO] participant: NX01_3_0, chip = 2998
[GAME INFO] participant: ssw_3_1, chip = 3000
[GAME INFO] participant: Minty_3_2, chip = 3000
[GAME INFO] participant: courage_3_3, chip = 3000
[GAME INFO] participant: The Joker_3_4, chip = 2998
[GAME INFO] participant: Mars_3_5, chip = 2998
[GAME INFO] participant: wereFluke_3_6, chip = 2998
[GAME INFO] participant: WaP_3_7, chip = 3008
[GAME INFO] blind is 1
[GAME INFO] dealer is wereFluke_3_6
[GAME INFO] small blind 1 posted by WaP_3_7
[GAME INFO] big blind 2 posted by NX01_3_0
[hole card] 4 club
[hole card] 2 diamond
[preflop] round starts
[preflop] player NX01_3_0 has 2996 chips
[preflop] player ssw_3_1 has 3000 chips
[preflop] player Minty_3_2 has 3000 chips
[preflop] player courage_3_3 has 3000 chips
[preflop] player The Joker_3_4 has 2998 chips
[preflop] player Mars_3_5 has 2998 chips
[preflop] player wereFluke_3_6 has 2998 chips
[preflop] player WaP_3_7 has 3007 chips
[preflop] player ssw_3_1 folds
[preflop] player Minty_3_2 folds
[preflop] player courage_3_3 folds
[preflop] action
[WARNING] CANNOT check when another player has raised
[preflop] player The Joker_3_4 folds
[preflop] player Mars_3_5 calls. Total bet is 2
[preflop] player wereFluke_3_6 calls. Total bet is 2
[preflop] player WaP_3_7 folds
[preflop] player NX01_3_0 calls. Total bet is 2
[flop] 10 heart
[flop] 9 diamond
[flop] A heart
[flop] round starts
[flop] player NX01_3_0 has 2996 chips
[flop] player ssw_3_1 has 3000 chips
[flop] player Minty_3_2 has 3000 chips
[flop] player courage_3_3 has 3000 chips
[flop] player The Joker_3_4 has 2998 chips
[flop] player Mars_3_5 has 2996 chips
[flop] player wereFluke_3_6 has 2996 chips
[flop] player WaP_3_7 has 3007 chips
[flop] player NX01_3_0 checks
[flop] player Mars_3_5 checks
[flop] player wereFluke_3_6 checks
[flop] round ends
[turn] 8 club
[turn] round starts
[turn] player NX01_3_0 has 2996 chips
[turn] player ssw_3_1 has 3000 chips
[turn] player Minty_3_2 has 3000 chips
[turn] player courage_3_3 has 3000 chips
[turn] player The Joker_3_4 has 2998 chips
[turn] player Mars_3_5 has 2996 chips
[turn] player wereFluke_3_6 has 2996 chips
[turn] player WaP_3_7 has 3007 chips
[turn] player NX01_3_0 checks
[turn] player Mars_3_5 checks
[turn] player wereFluke_3_6 checks
[turn] round ends
[river] Q heart
[river] round starts
[river] player NX01_3_0 has 2996 chips
[river] player ssw_3_1 has 3000 chips
[river] player Minty_3_2 has 3000 chips
[river] player courage_3_3 has 3000 chips
[river] player The Joker_3_4 has 2998 chips
[river] player Mars_3_5 has 2996 chips
[river] player wereFluke_3_6 has 2996 chips
[river] player WaP_3_7 has 3007 chips
[river] player NX01_3_0 checks
[river] player Mars_3_5 checks
[river] player wereFluke_3_6 checks
[river] round ends
[SHOWDOWN] showdown starts
[SHOWDOWN] player NX01_3_0 shows Q club Q heart A heart 10 heart 9 diamond, which is one pair.
[SHOWDOWN] player Mars_3_5 shows 9 diamond A heart Q heart 10 heart 10 spade, which is one pair.
[SHOWDOWN] player wereFluke_3_6 shows 10 diamond 10 heart 9 diamond A heart Q heart, which is one pair.
[GAME STAT] pot 0 with 4 chips is shared by 1 players
[GAME STAT] player NX01_3_0 gets 4 chips from pot 0
[GAME STAT] pot 1 with 3 chips is shared by 1 players
[GAME STAT] player NX01_3_0 gets 3 chips from pot 1
[GAME STAT] overall statistics
[GAME STAT] player NX01_3_0 wins 5 chips in this game
[GAME STAT] player ssw_3_1 wins 0 chips in this game
[GAME STAT] player Minty_3_2 wins 0 chips in this game
[GAME STAT] player courage_3_3 wins 0 chips in this game
[GAME STAT] player The Joker_3_4 wins 0 chips in this game
[GAME STAT] player Mars_3_5 wins -2 chips in this game
[GAME STAT] player wereFluke_3_6 wins -2 chips in this game
[GAME STAT] player WaP_3_7 wins -1 chips in this game
[GAME 2] game ends, invoking player.game_end()
[GAME 3] game starts
[GAME INFO] number of participants in this game = 8
[GAME INFO] participant: NX01_3_0, chip = 3003
[GAME INFO] participant: ssw_3_1, chip = 3000
[GAME INFO] participant: Minty_3_2, chip = 3000
[GAME INFO] participant: courage_3_3, chip = 3000
[GAME INFO] participant: The Joker_3_4, chip = 2998
[GAME INFO] participant: Mars_3_5, chip = 2996
[GAME INFO] participant: wereFluke_3_6, chip = 2996
[GAME INFO] participant: WaP_3_7, chip = 3007
[GAME INFO] blind is 1
[GAME INFO] dealer is WaP_3_7
[GAME INFO] small blind 1 posted by NX01_3_0
[GAME INFO] big blind 2 posted by ssw_3_1
[hole card] 3 diamond
[hole card] 6 club
[preflop] round starts
[preflop] player NX01_3_0 has 3002 chips
[preflop] player ssw_3_1 has 2998 chips
[preflop] player Minty_3_2 has 3000 chips
[preflop] player courage_3_3 has 3000 chips
[preflop] player The Joker_3_4 has 2998 chips
[preflop] player Mars_3_5 has 2996 chips
[preflop] player wereFluke_3_6 has 2996 chips
[preflop] player WaP_3_7 has 3007 chips
[preflop] player Minty_3_2 folds
[preflop] player courage_3_3 folds
[preflop] action
[WARNING] CANNOT check when another player has raised
[preflop] player The Joker_3_4 folds
[preflop] player Mars_3_5 folds
[preflop] player wereFluke_3_6 calls. Total bet is 2
[preflop] player WaP_3_7 folds
[preflop] player NX01_3_0 calls. Total bet is 2
[preflop] player ssw_3_1 folds
[flop] 8 spade
[flop] K diamond
[flop] Q diamond
[flop] round starts
[flop] player NX01_3_0 has 3001 chips
[flop] player ssw_3_1 has 2998 chips
[flop] player Minty_3_2 has 3000 chips
[flop] player courage_3_3 has 3000 chips
[flop] player The Joker_3_4 has 2998 chips
[flop] player Mars_3_5 has 2996 chips
[flop] player wereFluke_3_6 has 2994 chips
[flop] player WaP_3_7 has 3007 chips
[flop] player NX01_3_0 checks
[flop] player wereFluke_3_6 checks
[flop] round ends
[turn] J diamond
[turn] round starts
[turn] player NX01_3_0 has 3001 chips
[turn] player ssw_3_1 has 2998 chips
[turn] player Minty_3_2 has 3000 chips
[turn] player courage_3_3 has 3000 chips
[turn] player The Joker_3_4 has 2998 chips
[turn] player Mars_3_5 has 2996 chips
[turn] player wereFluke_3_6 has 2994 chips
[turn] player WaP_3_7 has 3007 chips
[turn] player NX01_3_0 checks
[turn] player wereFluke_3_6 checks
[turn] round ends
[river] 8 diamond
[river] round starts
[river] player NX01_3_0 has 3001 chips
[river] player ssw_3_1 has 2998 chips
[river] player Minty_3_2 has 3000 chips
[river] player courage_3_3 has 3000 chips
[river] player The Joker_3_4 has 2998 chips
[river] player Mars_3_5 has 2996 chips
[river] player wereFluke_3_6 has 2994 chips
[river] player WaP_3_7 has 3007 chips
[river] player NX01_3_0 checks
[river] player wereFluke_3_6 checks
[river] round ends
[SHOWDOWN] showdown starts
[SHOWDOWN] player NX01_3_0 shows A diamond K diamond Q diamond J diamond 8 diamond, which is flush.
[SHOWDOWN] player wereFluke_3_6 shows 2 diamond K diamond Q diamond J diamond 8 diamond, which is flush.
[GAME STAT] pot 0 with 6 chips is shared by 1 players
[GAME STAT] player NX01_3_0 gets 6 chips from pot 0
[GAME STAT] overall statistics
[GAME STAT] player NX01_3_0 wins 4 chips in this game
[GAME STAT] player ssw_3_1 wins -2 chips in this game
[GAME STAT] player Minty_3_2 wins 0 chips in this game
[GAME STAT] player courage_3_3 wins 0 chips in this game
[GAME STAT] player The Joker_3_4 wins 0 chips in this game
[GAME STAT] player Mars_3_5 wins 0 chips in this game
[GAME STAT] player wereFluke_3_6 wins -2 chips in this game
[GAME STAT] player WaP_3_7 wins 0 chips in this game
[GAME 3] game ends, invoking player.game_end()
[GAME 4] game starts
[GAME INFO] number of participants in this game = 8
[GAME INFO] participant: NX01_3_0, chip = 3007
[GAME INFO] participant: ssw_3_1, chip = 2998
[GAME INFO] participant: Minty_3_2, chip = 3000
[GAME INFO] participant: courage_3_3, chip = 3000
[GAME INFO] participant: The Joker_3_4, chip = 2998
[GAME INFO] participant: Mars_3_5, chip = 2996
[GAME INFO] participant: wereFluke_3_6, chip = 2994
[GAME INFO] participant: WaP_3_7, chip = 3007
[GAME INFO] blind is 2
[GAME INFO] dealer is NX01_3_0
[GAME INFO] small blind 2 posted by ssw_3_1
[GAME INFO] big blind 4 posted by Minty_3_2
[hole card] A spade
[hole card] A club
[preflop] round starts
[preflop] player NX01_3_0 has 3007 chips
[preflop] player ssw_3_1 has 2996 chips
[preflop] player Minty_3_2 has 2996 chips
[preflop] player courage_3_3 has 3000 chips
[preflop] player The Joker_3_4 has 2998 chips
[preflop] player Mars_3_5 has 2996 chips
[preflop] player wereFluke_3_6 has 2994 chips
[preflop] player WaP_3_7 has 3007 chips
[preflop] player courage_3_3 folds
[preflop] action
[preflop] call (4 chips). 
[preflop] player The Joker_3_4 calls. Total bet is 4
[preflop] player Mars_3_5 folds
[preflop] player wereFluke_3_6 calls. Total bet is 4
[preflop] player WaP_3_7 calls. Total bet is 4
[preflop] player NX01_3_0 calls. Total bet is 4
[preflop] player ssw_3_1 folds
[preflop] player Minty_3_2 folds
[flop] 4 club
[flop] 3 diamond
[flop] 5 diamond
[flop] round starts
[flop] player NX01_3_0 has 3003 chips
[flop] player ssw_3_1 has 2996 chips
[flop] player Minty_3_2 has 2996 chips
[flop] player courage_3_3 has 3000 chips
[flop] player The Joker_3_4 has 2994 chips
[flop] player Mars_3_5 has 2996 chips
[flop] player wereFluke_3_6 has 2990 chips
[flop] player WaP_3_7 has 3003 chips
[flop] action
[flop] check
[flop] player The Joker_3_4 checks
[flop] player wereFluke_3_6 checks
[flop] player WaP_3_7 checks
[flop] player NX01_3_0 checks
[flop] round ends
[turn] J heart
[turn] round starts
[turn] player NX01_3_0 has 3003 chips
[turn] player ssw_3_1 has 2996 chips
[turn] player Minty_3_2 has 2996 chips
[turn] player courage_3_3 has 3000 chips
[turn] player The Joker_3_4 has 2994 chips
[turn] player Mars_3_5 has 2996 chips
[turn] player wereFluke_3_6 has 2990 chips
[turn] player WaP_3_7 has 3003 chips
[turn] action
[turn] check
[turn] player The Joker_3_4 checks
[turn] player wereFluke_3_6 checks
[turn] player WaP_3_7 checks
[turn] player NX01_3_0 checks
[turn] round ends
[river] 7 diamond
[river] round starts
[river] player NX01_3_0 has 3003 chips
[river] player ssw_3_1 has 2996 chips
[river] player Minty_3_2 has 2996 chips
[river] player courage_3_3 has 3000 chips
[river] player The Joker_3_4 has 2994 chips
[river] player Mars_3_5 has 2996 chips
[river] player wereFluke_3_6 has 2990 chips
[river] player WaP_3_7 has 3003 chips
[river] action
[river] check
[river] player The Joker_3_4 checks
[river] player wereFluke_3_6 checks
[river] player WaP_3_7 checks
[river] player NX01_3_0 checks
[river] round ends
[SHOWDOWN] showdown starts
[SHOWDOWN] showdown
[SHOWDOWN] 5 diamond J heart 7 diamond A spade A club
[SHOWDOWN] player The Joker_3_4 shows 5 diamond J heart 7 diamond A spade A club, which is one pair.
[SHOWDOWN] player WaP_3_7 shows K heart K spade J heart 7 diamond 5 diamond, which is one pair.
[SHOWDOWN] player wereFluke_3_6 shows 8 heart J diamond 5 diamond J heart 7 diamond, which is one pair.
[SHOWDOWN] player NX01_3_0 shows K club J heart 9 club 7 diamond 5 diamond, which is high card.
[GAME STAT] pot 0 with 12 chips is shared by 1 players
[GAME STAT] player The Joker_3_4 gets 12 chips from pot 0
[GAME STAT] pot 1 with 10 chips is shared by 1 players
[GAME STAT] player The Joker_3_4 gets 10 chips from pot 1
[GAME STAT] overall statistics
[GAME STAT] player NX01_3_0 wins -4 chips in this game
[GAME STAT] player ssw_3_1 wins -2 chips in this game
[GAME STAT] player Minty_3_2 wins -4 chips in this game
[GAME STAT] player courage_3_3 wins 0 chips in this game
[GAME STAT] player The Joker_3_4 wins 18 chips in this game
[GAME STAT] player Mars_3_5 wins 0 chips in this game
[GAME STAT] player wereFluke_3_6 wins -4 chips in this game
[GAME STAT] player WaP_3_7 wins -4 chips in this game
[GAME 4] game ends, invoking player.game_end()
[GAME 5] game starts
[GAME INFO] number of participants in this game = 8
[GAME INFO] participant: NX01_3_0, chip = 3003
[GAME INFO] participant: ssw_3_1, chip = 2996
[GAME INFO] participant: Minty_3_2, chip = 2996
[GAME INFO] participant: courage_3_3, chip = 3000
[GAME INFO] participant: The Joker_3_4, chip = 3016
[GAME INFO] participant: Mars_3_5, chip = 2996
[GAME INFO] participant: wereFluke_3_6, chip = 2990
[GAME INFO] participant: WaP_3_7, chip = 3003
[GAME INFO] blind is 2
[GAME INFO] dealer is ssw_3_1
[GAME INFO] small blind 2 posted by Minty_3_2
[GAME INFO] big blind 4 posted by courage_3_3
[hole card] 5 diamond
[hole card] Q club
[preflop] round starts
[preflop] player NX01_3_0 has 3003 chips
[preflop] player ssw_3_1 has 2996 chips
[preflop] player Minty_3_2 has 2994 chips
[preflop] player courage_3_3 has 2996 chips
[preflop] player The Joker_3_4 has 3016 chips
[preflop] player Mars_3_5 has 2996 chips
[preflop] player wereFluke_3_6 has 2990 chips
[preflop] player WaP_3_7 has 3003 chips
[preflop] action
[WARNING] CANNOT check when another player has raised
[preflop] player The Joker_3_4 folds
[preflop] player Mars_3_5 folds
[preflop] player wereFluke_3_6 calls. Total bet is 4
[preflop] player WaP_3_7 folds
[preflop] player NX01_3_0 folds
[preflop] player ssw_3_1 folds
[preflop] player Minty_3_2 folds
[preflop] player courage_3_3 calls. Total bet is 4
[flop] 7 diamond
[flop] K club
[flop] 3 diamond
[flop] round starts
[flop] player NX01_3_0 has 3003 chips
[flop] player ssw_3_1 has 2996 chips
[flop] player Minty_3_2 has 2994 chips
[flop] player courage_3_3 has 2996 chips
[flop] player The Joker_3_4 has 3016 chips
[flop] player Mars_3_5 has 2996 chips
[flop] player wereFluke_3_6 has 2986 chips
[flop] player WaP_3_7 has 3003 chips
[flop] player courage_3_3 checks
[flop] player wereFluke_3_6 checks
[flop] round ends
[turn] 8 club
[turn] round starts
[turn] player NX01_3_0 has 3003 chips
[turn] player ssw_3_1 has 2996 chips
[turn] player Minty_3_2 has 2994 chips
[turn] player courage_3_3 has 2996 chips
[turn] player The Joker_3_4 has 3016 chips
[turn] player Mars_3_5 has 2996 chips
[turn] player wereFluke_3_6 has 2986 chips
[turn] player WaP_3_7 has 3003 chips
[turn] player courage_3_3 checks
[turn] player wereFluke_3_6 checks
[turn] round ends
[river] 9 club
[river] round starts
[river] player NX01_3_0 has 3003 chips
[river] player ssw_3_1 has 2996 chips
[river] player Minty_3_2 has 2994 chips
[river] player courage_3_3 has 2996 chips
[river] player The Joker_3_4 has 3016 chips
[river] player Mars_3_5 has 2996 chips
[river] player wereFluke_3_6 has 2986 chips
[river] player WaP_3_7 has 3003 chips
[river] player courage_3_3 checks
[river] player wereFluke_3_6 checks
[river] round ends
[SHOWDOWN] showdown starts
[SHOWDOWN] player courage_3_3 shows J heart 7 club 7 diamond K club 9 club, which is one pair.
[SHOWDOWN] player wereFluke_3_6 shows J diamond 7 diamond K club 8 club 9 club, which is high card.
[GAME STAT] pot 0 with 6 chips is shared by 1 players
[GAME STAT] player courage_3_3 gets 6 chips from pot 0
[GAME STAT] pot 1 with 4 chips is shared by 1 players
[GAME STAT] player courage_3_3 gets 4 chips from pot 1
[GAME STAT] overall statistics
[GAME STAT] player NX01_3_0 wins 0 chips in this game
[GAME STAT] player ssw_3_1 wins 0 chips in this game
[GAME STAT] player Minty_3_2 wins -2 chips in this game
[GAME STAT] player courage_3_3 wins 6 chips in this game
[GAME STAT] player The Joker_3_4 wins 0 chips in this game
[GAME STAT] player Mars_3_5 wins 0 chips in this game
[GAME STAT] player wereFluke_3_6 wins -4 chips in this game
[GAME STAT] player WaP_3_7 wins 0 chips in this game
[GAME 5] game ends, invoking player.game_end()
[GAME 6] game starts
[GAME INFO] number of participants in this game = 8
[GAME INFO] participant: NX01_3_0, chip = 3003
[GAME INFO] participant: ssw_3_1, chip = 2996
[GAME INFO] participant: Minty_3_2, chip = 2994
[GAME INFO] participant: courage_3_3, chip = 3006
[GAME INFO] participant: The Joker_3_4, chip = 3016
[GAME INFO] participant: Mars_3_5, chip = 2996
[GAME INFO] participant: wereFluke_3_6, chip = 2986
[GAME INFO] participant: WaP_3_7, chip = 3003
[GAME INFO] blind is 2
[GAME INFO] dealer is Minty_3_2
[GAME INFO] small blind 2 posted by courage_3_3
[GAME INFO] big blind 4 posted by The Joker_3_4
[hole card] Q club
[hole card] J diamond
[preflop] round starts
[preflop] player NX01_3_0 has 3003 chips
[preflop] player ssw_3_1 has 2996 chips
[preflop] player Minty_3_2 has 2994 chips
[preflop] player courage_3_3 has 3004 chips
[preflop] player The Joker_3_4 has 3012 chips
[preflop] player Mars_3_5 has 2996 chips
[preflop] player wereFluke_3_6 has 2986 chips
[preflop] player WaP_3_7 has 3003 chips
[preflop] player Mars_3_5 calls. Total bet is 4
[preflop] player wereFluke_3_6 calls. Total bet is 4
[preflop] player WaP_3_7 folds
[preflop] player NX01_3_0 folds
[preflop] player ssw_3_1 folds
[preflop] player Minty_3_2 folds
[preflop] player courage_3_3 calls. Total bet is 4
[preflop] action
[preflop] call (0 chips). 
[preflop] player The Joker_3_4 calls. Total bet is 4
[flop] 2 heart
[flop] A heart
[flop] 8 diamond
[flop] round starts
[flop] player NX01_3_0 has 3003 chips
[flop] player ssw_3_1 has 2996 chips
[flop] player Minty_3_2 has 2994 chips
[flop] player courage_3_3 has 3002 chips
[flop] player The Joker_3_4 has 3012 chips
[flop] player Mars_3_5 has 2992 chips
[flop] player wereFluke_3_6 has 2982 chips
[flop] player WaP_3_7 has 3003 chips
[flop] player courage_3_3 checks
[flop] action
[flop] check
[flop] player The Joker_3_4 checks
[flop] player Mars_3_5 checks
[flop] player wereFluke_3_6 checks
[flop] round ends
[turn] 9 diamond
[turn] round starts
[turn] player NX01_3_0 has 3003 chips
[turn] player ssw_3_1 has 2996 chips
[turn] player Minty_3_2 has 2994 chips
[turn] player courage_3_3 has 3002 chips
[turn] player The Joker_3_4 has 3012 chips
[turn] player Mars_3_5 has 2992 chips
[turn] player wereFluke_3_6 has 2982 chips
[turn] player WaP_3_7 has 3003 chips
[turn] player courage_3_3 checks
[turn] action
[turn] check
[turn] player The Joker_3_4 checks
[turn] player Mars_3_5 checks
[turn] player wereFluke_3_6 checks
[turn] round ends
[river] A club
[river] round starts
[river] player NX01_3_0 has 3003 chips
[river] player ssw_3_1 has 2996 chips
[river] player Minty_3_2 has 2994 chips
[river] player courage_3_3 has 3002 chips
[river] player The Joker_3_4 has 3012 chips
[river] player Mars_3_5 has 2992 chips
[river] player wereFluke_3_6 has 2982 chips
[river] player WaP_3_7 has 3003 chips
[river] player courage_3_3 checks
[river] action
[river] check
[river] player The Joker_3_4 checks
[river] player Mars_3_5 checks
[river] player wereFluke_3_6 checks
[river] round ends
[SHOWDOWN] showdown starts
[SHOWDOWN] showdown
[SHOWDOWN] A heart 9 diamond A club Q club J diamond
[SHOWDOWN] player courage_3_3 shows K spade Q heart A heart 9 diamond A club, which is one pair.
[SHOWDOWN] player The Joker_3_4 shows A heart 9 diamond A club Q club J diamond, which is one pair.
[SHOWDOWN] player Mars_3_5 shows 8 diamond 9 diamond A club A heart J spade, which is one pair.
[SHOWDOWN] player wereFluke_3_6 shows 10 spade 5 club 2 heart A heart A club, which is one pair.
[GAME STAT] pot 0 with 16 chips is shared by 1 players
[GAME STAT] player courage_3_3 gets 16 chips from pot 0
[GAME STAT] overall statistics
[GAME STAT] player NX01_3_0 wins 0 chips in this game
[GAME STAT] player ssw_3_1 wins 0 chips in this game
[GAME STAT] player Minty_3_2 wins 0 chips in this game
[GAME STAT] player courage_3_3 wins 12 chips in this game
[GAME STAT] player The Joker_3_4 wins -4 chips in this game
[GAME STAT] player Mars_3_5 wins -4 chips in this game
[GAME STAT] player wereFluke_3_6 wins -4 chips in this game
[GAME STAT] player WaP_3_7 wins 0 chips in this game
[GAME 6] game ends, invoking player.game_end()
[GAME 7] game starts
[GAME INFO] number of participants in this game = 8
[GAME INFO] participant: NX01_3_0, chip = 3003
[GAME INFO] participant: ssw_3_1, chip = 2996
[GAME INFO] participant: Minty_3_2, chip = 2994
[GAME INFO] participant: courage_3_3, chip = 3018
[GAME INFO] participant: The Joker_3_4, chip = 3012
[GAME INFO] participant: Mars_3_5, chip = 2992
[GAME INFO] participant: wereFluke_3_6, chip = 2982
[GAME INFO] participant: WaP_3_7, chip = 3003
[GAME INFO] blind is 5
[GAME INFO] dealer is courage_3_3
[GAME INFO] small blind 5 posted by The Joker_3_4
[GAME INFO] big blind 10 posted by Mars_3_5
[hole card] A club
[hole card] 10 spade
[preflop] round starts
[preflop] player NX01_3_0 has 3003 chips
[preflop] player ssw_3_1 has 2996 chips
[preflop] player Minty_3_2 has 2994 chips
[preflop] player courage_3_3 has 3018 chips
[preflop] player The Joker_3_4 has 3007 chips
[preflop] player Mars_3_5 has 2982 chips
[preflop] player wereFluke_3_6 has 2982 chips
[preflop] player WaP_3_7 has 3003 chips
[preflop] player wereFluke_3_6 calls. Total bet is 10
[preflop] player WaP_3_7 folds
[preflop] player NX01_3_0 calls. Total bet is 10
[preflop] player ssw_3_1 folds
[preflop] player Minty_3_2 folds
[preflop] player courage_3_3 folds
[preflop] action
[preflop] call (5 chips). 
[preflop] player The Joker_3_4 calls. Total bet is 10
[preflop] player Mars_3_5 calls. Total bet is 10
[flop] Q heart
[flop] 6 spade
[flop] 9 heart
[flop] round starts
[flop] player NX01_3_0 has 2993 chips
[flop] player ssw_3_1 has 2996 chips
[flop] player Minty_3_2 has 2994 chips
[flop] player courage_3_3 has 3018 chips
[flop] player The Joker_3_4 has 3002 chips
[flop] player Mars_3_5 has 2982 chips
[flop] player wereFluke_3_6 has 2972 chips
[flop] player WaP_3_7 has 3003 chips
[flop] action
[flop] check
[flop] player The Joker_3_4 checks
[flop] player Mars_3_5 checks
[flop] player wereFluke_3_6 checks
[flop] player NX01_3_0 checks
[flop] round ends
[turn] 4 diamond
[turn] round starts
[turn] player NX01_3_0 has 2993 chips
[turn] player ssw_3_1 has 2996 chips
[turn] player Minty_3_2 has 2994 chips
[turn] player courage_3_3 has 3018 chips
[turn] player The Joker_3_4 has 3002 chips
[turn] player Mars_3_5 has 2982 chips
[turn] player wereFluke_3_6 has 2972 chips
[turn] player WaP_3_7 has 3003 chips
[turn] action
[turn] check
[turn] player The Joker_3_4 checks
[turn] player Mars_3_5 checks
[turn] player wereFluke_3_6 checks
[turn] player NX01_3_0 checks
[turn] round ends
[river] 3 heart
[river] round starts
[river] player NX01_3_0 has 2993 chips
[river] player ssw_3_1 has 2996 chips
[river] player Minty_3_2 has 2994 chips
[river] player courage_3_3 has 3018 chips
[river] player The Joker_3_4 has 3002 chips
[river] player Mars_3_5 has 2982 chips
[river] player wereFluke_3_6 has 2972 chips
[river] player WaP_3_7 has 3003 chips
[river] action
[river] check
[river] player The Joker_3_4 checks
[river] player Mars_3_5 checks
[river] player wereFluke_3_6 checks
[river] player NX01_3_0 checks
[river] round ends
[SHOWDOWN] showdown starts
[SHOWDOWN] showdown
[SHOWDOWN] Q heart 6 spade 9 heart A club 10 spade
[SHOWDOWN] player wereFluke_3_6 shows J heart Q diamond Q heart 6 spade 9 heart, which is one pair.
[SHOWDOWN] player NX01_3_0 shows Q spade Q heart 10 heart 9 heart 6 spade, which is one pair.
[SHOWDOWN] player Mars_3_5 shows 6 spade 8 club 8 spade 9 heart Q heart, which is one pair.
[SHOWDOWN] player The Joker_3_4 shows Q heart 6 spade 9 heart A club 10 spade, which is high card.
[GAME STAT] pot 0 with 40 chips is shared by 1 players
[GAME STAT] player wereFluke_3_6 gets 40 chips from pot 0
[GAME STAT] overall statistics
[GAME STAT] player NX01_3_0 wins -10 chips in this game
[GAME STAT] player ssw_3_1 wins 0 chips in this game
[GAME STAT] player Minty_3_2 wins 0 chips in this game
[GAME STAT] player courage_3_3 wins 0 chips in this game
[GAME STAT] player The Joker_3_4 wins -10 chips in this game
[GAME STAT] player Mars_3_5 wins -10 chips in this game
[GAME STAT] player wereFluke_3_6 wins 30 chips in this game
[GAME STAT] player WaP_3_7 wins 0 chips in this game
[GAME 7] game ends, invoking player.game_end()
[GAME 8] game starts
[GAME INFO] number of participants in this game = 8
[GAME INFO] participant: NX01_3_0, chip = 2993
[GAME INFO] participant: ssw_3_1, chip = 2996
[GAME INFO] participant: Minty_3_2, chip = 2994
[GAME INFO] participant: courage_3_3, chip = 3018
[GAME INFO] participant: The Joker_3_4, chip = 3002
[GAME INFO] participant: Mars_3_5, chip = 2982
[GAME INFO] participant: wereFluke_3_6, chip = 3012
[GAME INFO] participant: WaP_3_7, chip = 3003
[GAME INFO] blind is 5
[GAME INFO] dealer is The Joker_3_4
[GAME INFO] small blind 5 posted by Mars_3_5
[GAME INFO] big blind 10 posted by wereFluke_3_6
[hole card] 5 club
[hole card] J heart
[preflop] round starts
[preflop] player NX01_3_0 has 2993 chips
[preflop] player ssw_3_1 has 2996 chips
[preflop] player Minty_3_2 has 2994 chips
[preflop] player courage_3_3 has 3018 chips
[preflop] player The Joker_3_4 has 3002 chips
[preflop] player Mars_3_5 has 2977 chips
[preflop] player wereFluke_3_6 has 3002 chips
[preflop] player WaP_3_7 has 3003 chips
[preflop] player WaP_3_7 folds
[preflop] player NX01_3_0 folds
[preflop] player ssw_3_1 folds
[preflop] player Minty_3_2 folds
[preflop] player courage_3_3 folds
[preflop] action
[preflop] call (10 chips). 
[preflop] player The Joker_3_4 calls. Total bet is 10
[preflop] player Mars_3_5 calls. Total bet is 10
[preflop] player wereFluke_3_6 calls. Total bet is 10
[flop] 10 club
[flop] J diamond
[flop] 7 spade
[flop] round starts
[flop] player NX01_3_0 has 2993 chips
[flop] player ssw_3_1 has 2996 chips
[flop] player Minty_3_2 has 2994 chips
[flop] player courage_3_3 has 3018 chips
[flop] player The Joker_3_4 has 2992 chips
[flop] player Mars_3_5 has 2972 chips
[flop] player wereFluke_3_6 has 3002 chips
[flop] player WaP_3_7 has 3003 chips
[flop] player Mars_3_5 checks
[flop] player wereFluke_3_6 checks
[flop] action
[flop] check
[flop] player The Joker_3_4 checks
[flop] round ends
[turn] Q spade
[turn] round starts
[turn] player NX01_3_0 has 2993 chips
[turn] player ssw_3_1 has 2996 chips
[turn] player Minty_3_2 has 2994 chips
[turn] player courage_3_3 has 3018 chips
[turn] player The Joker_3_4 has 2992 chips
[turn] player Mars_3_5 has 2972 chips
[turn] player wereFluke_3_6 has 3002 chips
[turn] player WaP_3_7 has 3003 chips
[turn] player Mars_3_5 checks
[turn] player wereFluke_3_6 checks
[turn] action
[turn] check
[turn] player The Joker_3_4 checks
[turn] round ends
[river] 6 club
[river] round starts
[river] player NX01_3_0 has 2993 chips
[river] player ssw_3_1 has 2996 chips
[river] player Minty_3_2 has 2994 chips
[river] player courage_3_3 has 3018 chips
[river] player The Joker_3_4 has 2992 chips
[river] player Mars_3_5 has 2972 chips
[river] player wereFluke_3_6 has 3002 chips
[river] player WaP_3_7 has 3003 chips
[river] player Mars_3_5 checks
[river] player wereFluke_3_6 checks
[river] action
[river] check
[river] player The Joker_3_4 checks
[river] round ends
[SHOWDOWN] showdown starts
[SHOWDOWN] showdown
[SHOWDOWN] 10 club J diamond 7 spade Q spade J heart
[SHOWDOWN] player wereFluke_3_6 shows Q heart 10 club J diamond 7 spade Q spade, which is one pair.
[SHOWDOWN] player The Joker_3_4 shows 10 club J diamond 7 spade Q spade J heart, which is one pair.
[SHOWDOWN] player Mars_3_5 shows A diamond J diamond Q spade 10 club 10 diamond, which is one pair.
[GAME STAT] pot 0 with 30 chips is shared by 1 players
[GAME STAT] player wereFluke_3_6 gets 30 chips from pot 0
[GAME STAT] overall statistics
[GAME STAT] player NX01_3_0 wins 0 chips in this game
[GAME STAT] player ssw_3_1 wins 0 chips in this game
[GAME STAT] player Minty_3_2 wins 0 chips in this game
[GAME STAT] player courage_3_3 wins 0 chips in this game
[GAME STAT] player The Joker_3_4 wins -10 chips in this game
[GAME STAT] player Mars_3_5 wins -10 chips in this game
[GAME STAT] player wereFluke_3_6 wins 20 chips in this game
[GAME STAT] player WaP_3_7 wins 0 chips in this game
[GAME 8] game ends, invoking player.game_end()
[GAME 9] game starts
[GAME INFO] number of participants in this game = 8
[GAME INFO] participant: NX01_3_0, chip = 2993
[GAME INFO] participant: ssw_3_1, chip = 2996
[GAME INFO] participant: Minty_3_2, chip = 2994
[GAME INFO] participant: courage_3_3, chip = 3018
[GAME INFO] participant: The Joker_3_4, chip = 2992
[GAME INFO] participant: Mars_3_5, chip = 2972
[GAME INFO] participant: wereFluke_3_6, chip = 3032
[GAME INFO] participant: WaP_3_7, chip = 3003
[GAME INFO] blind is 5
[GAME INFO] dealer is Mars_3_5
[GAME INFO] small blind 5 posted by wereFluke_3_6
[GAME INFO] big blind 10 posted by WaP_3_7
[hole card] Q club
[hole card] J spade
[preflop] round starts
[preflop] player NX01_3_0 has 2993 chips
[preflop] player ssw_3_1 has 2996 chips
[preflop] player Minty_3_2 has 2994 chips
[preflop] player courage_3_3 has 3018 chips
[preflop] player The Joker_3_4 has 2992 chips
[preflop] player Mars_3_5 has 2972 chips
[preflop] player wereFluke_3_6 has 3027 chips
[preflop] player WaP_3_7 has 2993 chips
[preflop] player NX01_3_0 folds
[preflop] player ssw_3_1 folds
[preflop] player Minty_3_2 folds
[preflop] player courage_3_3 folds
[preflop] action
[preflop] call (10 chips). 
[preflop] player The Joker_3_4 calls. Total bet is 10
[preflop] player Mars_3_5 folds
[preflop] player wereFluke_3_6 calls. Total bet is 10
[preflop] player WaP_3_7 calls. Total bet is 10
[flop] 3 spade
[flop] A heart
[flop] J club
[flop] round starts
[flop] player NX01_3_0 has 2993 chips
[flop] player ssw_3_1 has 2996 chips
[flop] player Minty_3_2 has 2994 chips
[flop] player courage_3_3 has 3018 chips
[flop] player The Joker_3_4 has 2982 chips
[flop] player Mars_3_5 has 2972 chips
[flop] player wereFluke_3_6 has 3022 chips
[flop] player WaP_3_7 has 2993 chips
[flop] player wereFluke_3_6 checks
[flop] player WaP_3_7 checks
[flop] action
[flop] check
[flop] player The Joker_3_4 checks
[flop] round ends
[turn] A club
[turn] round starts
[turn] player NX01_3_0 has 2993 chips
[turn] player ssw_3_1 has 2996 chips
[turn] player Minty_3_2 has 2994 chips
[turn] player courage_3_3 has 3018 chips
[turn] player The Joker_3_4 has 2982 chips
[turn] player Mars_3_5 has 2972 chips
[turn] player wereFluke_3_6 has 3022 chips
[turn] player WaP_3_7 has 2993 chips
[turn] player wereFluke_3_6 checks
[turn] player WaP_3_7 checks
[turn] action
[turn] check
[turn] player The Joker_3_4 checks
[turn] round ends
[river] 6 heart
[river] round starts
[river] player NX01_3_0 has 2993 chips
[river] player ssw_3_1 has 2996 chips
[river] player Minty_3_2 has 2994 chips
[river] player courage_3_3 has 3018 chips
[river] player The Joker_3_4 has 2982 chips
[river] player Mars_3_5 has 2972 chips
[river] player wereFluke_3_6 has 3022 chips
[river] player WaP_3_7 has 2993 chips
[river] player wereFluke_3_6 checks
[river] player WaP_3_7 checks
[river] action
[river] check
[river] player The Joker_3_4 checks
[river] round ends
[SHOWDOWN] showdown starts
[SHOWDOWN] showdown
[SHOWDOWN] A heart J club A club Q club J spade
[SHOWDOWN] player The Joker_3_4 shows A heart J club A club Q club J spade, which is two pair.
[SHOWDOWN] player wereFluke_3_6 shows 3 club 3 spade A heart A club 6 heart, which is two pair.
[SHOWDOWN] player WaP_3_7 shows A heart A club J club 9 diamond 8 club, which is one pair.
[GAME STAT] pot 0 with 30 chips is shared by 1 players
[GAME STAT] player The Joker_3_4 gets 30 chips from pot 0
[GAME STAT] overall statistics
[GAME STAT] player NX01_3_0 wins 0 chips in this game
[GAME STAT] player ssw_3_1 wins 0 chips in this game
[GAME STAT] player Minty_3_2 wins 0 chips in this game
[GAME STAT] player courage_3_3 wins 0 chips in this game
[GAME STAT] player The Joker_3_4 wins 20 chips in this game
[GAME STAT] player Mars_3_5 wins 0 chips in this game
[GAME STAT] player wereFluke_3_6 wins -10 chips in this game
[GAME STAT] player WaP_3_7 wins -10 chips in this game
[GAME 9] game ends, invoking player.game_end()
[GAME 10] game starts
[GAME INFO] number of participants in this game = 8
[GAME INFO] participant: NX01_3_0, chip = 2993
[GAME INFO] participant: ssw_3_1, chip = 2996
[GAME INFO] participant: Minty_3_2, chip = 2994
[GAME INFO] participant: courage_3_3, chip = 3018
[GAME INFO] participant: The Joker_3_4, chip = 3012
[GAME INFO] participant: Mars_3_5, chip = 2972
[GAME INFO] participant: wereFluke_3_6, chip = 3022
[GAME INFO] participant: WaP_3_7, chip = 2993
[GAME INFO] blind is 10
[GAME INFO] dealer is wereFluke_3_6
[GAME INFO] small blind 10 posted by WaP_3_7
[GAME INFO] big blind 20 posted by NX01_3_0
[hole card] 5 heart
[hole card] 8 heart
[preflop] round starts
[preflop] player NX01_3_0 has 2973 chips
[preflop] player ssw_3_1 has 2996 chips
[preflop] player Minty_3_2 has 2994 chips
[preflop] player courage_3_3 has 3018 chips
[preflop] player The Joker_3_4 has 3012 chips
[preflop] player Mars_3_5 has 2972 chips
[preflop] player wereFluke_3_6 has 3022 chips
[preflop] player WaP_3_7 has 2983 chips
[preflop] player ssw_3_1 folds
[preflop] player Minty_3_2 folds
[preflop] player courage_3_3 folds
[preflop] action
[preflop] call (20 chips). 
[preflop] player The Joker_3_4 calls. Total bet is 20
[preflop] player Mars_3_5 calls. Total bet is 20
[preflop] player wereFluke_3_6 calls. Total bet is 20
[preflop] player WaP_3_7 folds
[preflop] player NX01_3_0 calls. Total bet is 20
[flop] Q diamond
[flop] 4 diamond
[flop] 9 diamond
[flop] round starts
[flop] player NX01_3_0 has 2973 chips
[flop] player ssw_3_1 has 2996 chips
[flop] player Minty_3_2 has 2994 chips
[flop] player courage_3_3 has 3018 chips
[flop] player The Joker_3_4 has 2992 chips
[flop] player Mars_3_5 has 2952 chips
[flop] player wereFluke_3_6 has 3002 chips
[flop] player WaP_3_7 has 2983 chips
[flop] player NX01_3_0 checks
[flop] action
[flop] check
[flop] player The Joker_3_4 checks
[flop] player Mars_3_5 checks
[flop] player wereFluke_3_6 checks
[flop] round ends
[turn] 6 spade
[turn] round starts
[turn] player NX01_3_0 has 2973 chips
[turn] player ssw_3_1 has 2996 chips
[turn] player Minty_3_2 has 2994 chips
[turn] player courage_3_3 has 3018 chips
[turn] player The Joker_3_4 has 2992 chips
[turn] player Mars_3_5 has 2952 chips
[turn] player wereFluke_3_6 has 3002 chips
[turn] player WaP_3_7 has 2983 chips
[turn] player NX01_3_0 checks
[turn] action
[turn] check
[turn] player The Joker_3_4 checks
[turn] player Mars_3_5 checks
[turn] player wereFluke_3_6 checks
[turn] round ends
[river] 4 spade
[river] round starts
[river] player NX01_3_0 has 2973 chips
[river] player ssw_3_1 has 2996 chips
[river] player Minty_3_2 has 2994 chips
[river] player courage_3_3 has 3018 chips
[river] player The Joker_3_4 has 2992 chips
[river] player Mars_3_5 has 2952 chips
[river] player wereFluke_3_6 has 3002 chips
[river] player WaP_3_7 has 2983 chips
[river] player NX01_3_0 checks
[river] action
[river] check
[river] player The Joker_3_4 checks
[river] player Mars_3_5 checks
[river] player wereFluke_3_6 checks
[river] round ends
[SHOWDOWN] showdown starts
[SHOWDOWN] showdown
[SHOWDOWN] Q diamond 4 diamond 9 diamond 4 spade 8 heart
[SHOWDOWN] player Mars_3_5 shows 4 club 4 diamond 4 spade A spade Q diamond, which is three of a kind.
[SHOWDOWN] player wereFluke_3_6 shows 3 heart Q heart Q diamond 4 diamond 4 spade, which is two pair.
[SHOWDOWN] player NX01_3_0 shows 4 diamond 4 spade A club K spade Q diamond, which is one pair.
[SHOWDOWN] player The Joker_3_4 shows Q diamond 4 diamond 9 diamond 4 spade 8 heart, which is one pair.
[GAME STAT] pot 0 with 50 chips is shared by 1 players
[GAME STAT] player Mars_3_5 gets 50 chips from pot 0
[GAME STAT] pot 1 with 40 chips is shared by 1 players
[GAME STAT] player Mars_3_5 gets 40 chips from pot 1
[GAME STAT] overall statistics
[GAME STAT] player NX01_3_0 wins -20 chips in this game
[GAME STAT] player ssw_3_1 wins 0 chips in this game
[GAME STAT] player Minty_3_2 wins 0 chips in this game
[GAME STAT] player courage_3_3 wins 0 chips in this game
[GAME STAT] player The Joker_3_4 wins -20 chips in this game
[GAME STAT] player Mars_3_5 wins 70 chips in this game
[GAME STAT] player wereFluke_3_6 wins -20 chips in this game
[GAME STAT] player WaP_3_7 wins -10 chips in this game
[GAME 10] game ends, invoking player.game_end()
[GAME 11] game starts
[GAME INFO] number of participants in this game = 8
[GAME INFO] participant: NX01_3_0, chip = 2973
[GAME INFO] participant: ssw_3_1, chip = 2996
[GAME INFO] participant: Minty_3_2, chip = 2994
[GAME INFO] participant: courage_3_3, chip = 3018
[GAME INFO] participant: The Joker_3_4, chip = 2992
[GAME INFO] participant: Mars_3_5, chip = 3042
[GAME INFO] participant: wereFluke_3_6, chip = 3002
[GAME INFO] participant: WaP_3_7, chip = 2983
[GAME INFO] blind is 10
[GAME INFO] dealer is WaP_3_7
[GAME INFO] small blind 10 posted by NX01_3_0
[GAME INFO] big blind 20 posted by ssw_3_1
[hole card] Q spade
[hole card] 2 diamond
[preflop] round starts
[preflop] player NX01_3_0 has 2963 chips
[preflop] player ssw_3_1 has 2976 chips
[preflop] player Minty_3_2 has 2994 chips
[preflop] player courage_3_3 has 3018 chips
[preflop] player The Joker_3_4 has 2992 chips
[preflop] player Mars_3_5 has 3042 chips
[preflop] player wereFluke_3_6 has 3002 chips
[preflop] player WaP_3_7 has 2983 chips
[preflop] player Minty_3_2 folds
[preflop] player courage_3_3 folds
[preflop] action
[WARNING] CANNOT check when another player has raised
[preflop] player The Joker_3_4 folds
[preflop] player Mars_3_5 folds
[preflop] player wereFluke_3_6 calls. Total bet is 20
[preflop] player WaP_3_7 folds
[preflop] player NX01_3_0 calls. Total bet is 20
[preflop] player ssw_3_1 folds
[flop] A heart
[flop] K spade
[flop] 7 diamond
[flop] round starts
[flop] player NX01_3_0 has 2953 chips
[flop] player ssw_3_1 has 2976 chips
[flop] player Minty_3_2 has 2994 chips
[flop] player courage_3_3 has 3018 chips
[flop] player The Joker_3_4 has 2992 chips
[flop] player Mars_3_5 has 3042 chips
[flop] player wereFluke_3_6 has 2982 chips
[flop] player WaP_3_7 has 2983 chips
[flop] player NX01_3_0 checks
[flop] player wereFluke_3_6 checks
[flop] round ends
[turn] 9 spade
[turn] round starts
[turn] player NX01_3_0 has 2953 chips
[turn] player ssw_3_1 has 2976 chips
[turn] player Minty_3_2 has 2994 chips
[turn] player courage_3_3 has 3018 chips
[turn] player The Joker_3_4 has 2992 chips
[turn] player Mars_3_5 has 3042 chips
[turn] player wereFluke_3_6 has 2982 chips
[turn] player WaP_3_7 has 2983 chips
[turn] player NX01_3_0 checks
[turn] player wereFluke_3_6 checks
[turn] round ends
[river] 3 diamond
[river] round starts
[river] player NX01_3_0 has 2953 chips
[river] player ssw_3_1 has 2976 chips
[river] player Minty_3_2 has 2994 chips
[river] player courage_3_3 has 3018 chips
[river] player The Joker_3_4 has 2992 chips
[river] player Mars_3_5 has 3042 chips
[river] player wereFluke_3_6 has 2982 chips
[river] player WaP_3_7 has 2983 chips
[river] player NX01_3_0 checks
[river] player wereFluke_3_6 checks
[river] round ends
[SHOWDOWN] showdown starts
[SHOWDOWN] player wereFluke_3_6 shows A diamond A heart K spade 7 diamond 9 spade, which is one pair.
[SHOWDOWN] player NX01_3_0 shows A heart K spade Q club 10 spade 9 spade, which is high card.
[GAME STAT] pot 0 with 60 chips is shared by 1 players
[GAME STAT] player wereFluke_3_6 gets 60 chips from pot 0
[GAME STAT] overall statistics
[GAME STAT] player NX01_3_0 wins -20 chips in this game
[GAME STAT] player ssw_3_1 wins -20 chips in this game
[GAME STAT] player Minty_3_2 wins 0 chips in this game
[GAME STAT] player courage_3_3 wins 0 chips in this game
[GAME STAT] player The Joker_3_4 wins 0 chips in this game
[GAME STAT] player Mars_3_5 wins 0 chips in this game
[GAME STAT] player wereFluke_3_6 wins 40 chips in this game
[GAME STAT] player WaP_3_7 wins 0 chips in this game
[GAME 11] game ends, invoking player.game_end()
[GAME 12] game starts
[GAME INFO] number of participants in this game = 8
[GAME INFO] participant: NX01_3_0, chip = 2953
[GAME INFO] participant: ssw_3_1, chip = 2976
[GAME INFO] participant: Minty_3_2, chip = 2994
[GAME INFO] participant: courage_3_3, chip = 3018
[GAME INFO] participant: The Joker_3_4, chip = 2992
[GAME INFO] participant: Mars_3_5, chip = 3042
[GAME INFO] participant: wereFluke_3_6, chip = 3042
[GAME INFO] participant: WaP_3_7, chip = 2983
[GAME INFO] blind is 10
[GAME INFO] dealer is NX01_3_0
[GAME INFO] small blind 10 posted by ssw_3_1
[GAME INFO] big blind 20 posted by Minty_3_2
[hole card] 7 heart
[hole card] 10 spade
[preflop] round starts
[preflop] player NX01_3_0 has 2953 chips
[preflop] player ssw_3_1 has 2966 chips
[preflop] player Minty_3_2 has 2974 chips
[preflop] player courage_3_3 has 3018 chips
[preflop] player The Joker_3_4 has 2992 chips
[preflop] player Mars_3_5 has 3042 chips
[preflop] player wereFluke_3_6 has 3042 chips
[preflop] player WaP_3_7 has 2983 chips
[preflop] player courage_3_3 calls. Total bet is 20
[preflop] action
[WARNING] CANNOT check when another player has raised
[preflop] player The Joker_3_4 folds
[preflop] player Mars_3_5 folds
[preflop] player wereFluke_3_6 calls. Total bet is 20
[preflop] player WaP_3_7 folds
[preflop] player NX01_3_0 folds
[preflop] player ssw_3_1 folds
[preflop] player Minty_3_2 folds
[flop] 10 club
[flop] 6 club
[flop] 6 diamond
[flop] round starts
[flop] player NX01_3_0 has 2953 chips
[flop] player ssw_3_1 has 2966 chips
[flop] player Minty_3_2 has 2974 chips
[flop] player courage_3_3 has 2998 chips
[flop] player The Joker_3_4 has 2992 chips
[flop] player Mars_3_5 has 3042 chips
[flop] player wereFluke_3_6 has 3022 chips
[flop] player WaP_3_7 has 2983 chips
[flop] player courage_3_3 checks
[flop] player wereFluke_3_6 checks
[flop] round ends
[turn] A heart
[turn] round starts
[turn] player NX01_3_0 has 2953 chips
[turn] player ssw_3_1 has 2966 chips
[turn] player Minty_3_2 has 2974 chips
[turn] player courage_3_3 has 2998 chips
[turn] player The Joker_3_4 has 2992 chips
[turn] player Mars_3_5 has 3042 chips
[turn] player wereFluke_3_6 has 3022 chips
[turn] player WaP_3_7 has 2983 chips
[turn] player courage_3_3 checks
[turn] player wereFluke_3_6 checks
[turn] round ends
[river] K club
[river] round starts
[river] player NX01_3_0 has 2953 chips
[river] player ssw_3_1 has 2966 chips
[river] player Minty_3_2 has 2974 chips
[river] player courage_3_3 has 2998 chips
[river] player The Joker_3_4 has 2992 chips
[river] player Mars_3_5 has 3042 chips
[river] player wereFluke_3_6 has 3022 chips
[river] player WaP_3_7 has 2983 chips
[river] player courage_3_3 checks
[river] player wereFluke_3_6 checks
[river] round ends
[SHOWDOWN] showdown starts
[SHOWDOWN] player courage_3_3 shows 8 diamond 8 heart 6 club 6 diamond A heart, which is two pair.
[SHOWDOWN] player wereFluke_3_6 shows 10 club 6 club 6 diamond A heart K club, which is one pair.
[GAME STAT] pot 0 with 40 chips is shared by 1 players
[GAME STAT] player courage_3_3 gets 40 chips from pot 0
[GAME STAT] pot 1 with 30 chips is shared by 1 players
[GAME STAT] player courage_3_3 gets 30 chips from pot 1
[GAME STAT] overall statistics
[GAME STAT] player NX01_3_0 wins 0 chips in this game
[GAME STAT] player ssw_3_1 wins -10 chips in this game
[GAME STAT] player Minty_3_2 wins -20 chips in this game
[GAME STAT] player courage_3_3 wins 50 chips in this game
[GAME STAT] player The Joker_3_4 wins 0 chips in this game
[GAME STAT] player Mars_3_5 wins 0 chips in this game
[GAME STAT] player wereFluke_3_6 wins -20 chips in this game
[GAME STAT] player WaP_3_7 wins 0 chips in this game
[GAME 12] game ends, invoking player.game_end()
[GAME 13] game starts
[GAME INFO] number of participants in this game = 8
[GAME INFO] participant: NX01_3_0, chip = 2953
[GAME INFO] participant: ssw_3_1, chip = 2966
[GAME INFO] participant: Minty_3_2, chip = 2974
[GAME INFO] participant: courage_3_3, chip = 3068
[GAME INFO] participant: The Joker_3_4, chip = 2992
[GAME INFO] participant: Mars_3_5, chip = 3042
[GAME INFO] participant: wereFluke_3_6, chip = 3022
[GAME INFO] participant: WaP_3_7, chip = 2983
[GAME INFO] blind is 20
[GAME INFO] dealer is ssw_3_1
[GAME INFO] small blind 20 posted by Minty_3_2
[GAME INFO] big blind 40 posted by courage_3_3
[hole card] 9 diamond
[hole card] A heart
[preflop] round starts
[preflop] player NX01_3_0 has 2953 chips
[preflop] player ssw_3_1 has 2966 chips
[preflop] player Minty_3_2 has 2954 chips
[preflop] player courage_3_3 has 3028 chips
[preflop] player The Joker_3_4 has 2992 chips
[preflop] player Mars_3_5 has 3042 chips
[preflop] player wereFluke_3_6 has 3022 chips
[preflop] player WaP_3_7 has 2983 chips
[preflop] action
[WARNING] CANNOT check when another player has raised
[preflop] player The Joker_3_4 folds
[preflop] player Mars_3_5 folds
[preflop] player wereFluke_3_6 calls. Total bet is 40
[preflop] player WaP_3_7 folds
[preflop] player NX01_3_0 folds
[preflop] player ssw_3_1 folds
[preflop] player Minty_3_2 folds
[preflop] player courage_3_3 calls. Total bet is 40
[flop] 6 club
[flop] 10 spade
[flop] J heart
[flop] round starts
[flop] player NX01_3_0 has 2953 chips
[flop] player ssw_3_1 has 2966 chips
[flop] player Minty_3_2 has 2954 chips
[flop] player courage_3_3 has 3028 chips
[flop] player The Joker_3_4 has 2992 chips
[flop] player Mars_3_5 has 3042 chips
[flop] player wereFluke_3_6 has 2982 chips
[flop] player WaP_3_7 has 2983 chips
[flop] player courage_3_3 checks
[flop] player wereFluke_3_6 checks
[flop] round ends
[turn] K heart
[turn] round starts
[turn] player NX01_3_0 has 2953 chips
[turn] player ssw_3_1 has 2966 chips
[turn] player Minty_3_2 has 2954 chips
[turn] player courage_3_3 has 3028 chips
[turn] player The Joker_3_4 has 2992 chips
[turn] player Mars_3_5 has 3042 chips
[turn] player wereFluke_3_6 has 2982 chips
[turn] player WaP_3_7 has 2983 chips
[turn] player courage_3_3 checks
[turn] player wereFluke_3_6 checks
[turn] round ends
[river] Q diamond
[river] round starts
[river] player NX01_3_0 has 2953 chips
[river] player ssw_3_1 has 2966 chips
[river] player Minty_3_2 has 2954 chips
[river] player courage_3_3 has 3028 chips
[river] player The Joker_3_4 has 2992 chips
[river] player Mars_3_5 has 3042 chips
[river] player wereFluke_3_6 has 2982 chips
[river] player WaP_3_7 has 2983 chips
[river] player courage_3_3 checks
[river] player wereFluke_3_6 checks
[river] round ends
[SHOWDOWN] showdown starts
[SHOWDOWN] player wereFluke_3_6 shows A spade 10 spade J heart K heart Q diamond, which is straight.
[SHOWDOWN] player courage_3_3 shows J diamond 10 spade J heart K heart Q diamond, which is one pair.
[GAME STAT] pot 0 with 60 chips is shared by 1 players
[GAME STAT] player wereFluke_3_6 gets 60 chips from pot 0
[GAME STAT] pot 1 with 40 chips is shared by 1 players
[GAME STAT] player wereFluke_3_6 gets 40 chips from pot 1
[GAME STAT] overall statistics
[GAME STAT] player NX01_3_0 wins 0 chips in this game
[GAME STAT] player ssw_3_1 wins 0 chips in this game
[GAME STAT] player Minty_3_2 wins -20 chips in this game
[GAME STAT] player courage_3_3 wins -40 chips in this game
[GAME STAT] player The Joker_3_4 wins 0 chips in this game
[GAME STAT] player Mars_3_5 wins 0 chips in this game
[GAME STAT] player wereFluke_3_6 wins 60 chips in this game
[GAME STAT] player WaP_3_7 wins 0 chips in this game
[GAME 13] game ends, invoking player.game_end()
[GAME 14] game starts
[GAME INFO] number of participants in this game = 8
[GAME INFO] participant: NX01_3_0, chip = 2953
[GAME INFO] participant: ssw_3_1, chip = 2966
[GAME INFO] participant: Minty_3_2, chip = 2954
[GAME INFO] participant: courage_3_3, chip = 3028
[GAME INFO] participant: The Joker_3_4, chip = 2992
[GAME INFO] participant: Mars_3_5, chip = 3042
[GAME INFO] participant: wereFluke_3_6, chip = 3082
[GAME INFO] participant: WaP_3_7, chip = 2983
[GAME INFO] blind is 20
[GAME INFO] dealer is Minty_3_2
[GAME INFO] small blind 20 posted by courage_3_3
[GAME INFO] big blind 40 posted by The Joker_3_4
[hole card] 7 spade
[hole card] J club
[preflop] round starts
[preflop] player NX01_3_0 has 2953 chips
[preflop] player ssw_3_1 has 2966 chips
[preflop] player Minty_3_2 has 2954 chips
[preflop] player courage_3_3 has 3008 chips
[preflop] player The Joker_3_4 has 2952 chips
[preflop] player Mars_3_5 has 3042 chips
[preflop] player wereFluke_3_6 has 3082 chips
[preflop] player WaP_3_7 has 2983 chips
[preflop] player Mars_3_5 folds
[preflop] player wereFluke_3_6 calls. Total bet is 40
[preflop] player WaP_3_7 folds
[preflop] player NX01_3_0 calls. Total bet is 40
[preflop] player ssw_3_1 folds
[preflop] player Minty_3_2 folds
[preflop] player courage_3_3 calls. Total bet is 40
[preflop] action
[preflop] call (0 chips). 
[preflop] player The Joker_3_4 calls. Total bet is 40
[flop] 10 club
[flop] Q club
[flop] 5 diamond
[flop] round starts
[flop] player NX01_3_0 has 2913 chips
[flop] player ssw_3_1 has 2966 chips
[flop] player Minty_3_2 has 2954 chips
[flop] player courage_3_3 has 2988 chips
[flop] player The Joker_3_4 has 2952 chips
[flop] player Mars_3_5 has 3042 chips
[flop] player wereFluke_3_6 has 3042 chips
[flop] player WaP_3_7 has 2983 chips
[flop] player courage_3_3 checks
[flop] action
[flop] check
[flop] player The Joker_3_4 checks
[flop] player wereFluke_3_6 checks
[flop] player NX01_3_0 checks
[flop] round ends
[turn] 4 heart
[turn] round starts
[turn] player NX01_3_0 has 2913 chips
[turn] player ssw_3_1 has 2966 chips
[turn] player Minty_3_2 has 2954 chips
[turn] player courage_3_3 has 2988 chips
[turn] player The Joker_3_4 has 2952 chips
[turn] player Mars_3_5 has 3042 chips
[turn] player wereFluke_3_6 has 3042 chips
[turn] player WaP_3_7 has 2983 chips
[turn] player courage_3_3 checks
[turn] action
[turn] check
[turn] player The Joker_3_4 checks
[turn] player wereFluke_3_6 checks
[turn] player NX01_3_0 checks
[turn] round ends
[river] 10 diamond
[river] round starts
[river] player NX01_3_0 has 2913 chips
[river] player ssw_3_1 has 2966 chips
[river] player Minty_3_2 has 2954 chips
[river] player courage_3_3 has 2988 chips
[river] player The Joker_3_4 has 2952 chips
[river] player Mars_3_5 has 3042 chips
[river] player wereFluke_3_6 has 3042 chips
[river] player WaP_3_7 has 2983 chips
[river] player courage_3_3 checks
[river] action
[river] check
[river] player The Joker_3_4 checks
[river] player wereFluke_3_6 checks
[river] player NX01_3_0 checks
[river] round ends
[SHOWDOWN] showdown starts
[SHOWDOWN] showdown
[SHOWDOWN] 10 club Q club 10 diamond 7 spade J club
[SHOWDOWN] player NX01_3_0 shows Q club Q spade 10 diamond 10 club 4 heart, which is two pair.
[SHOWDOWN] player courage_3_3 shows K diamond A club 10 club Q club 10 diamond, which is one pair.
[SHOWDOWN] player wereFluke_3_6 shows 7 club K club 10 club Q club 10 diamond, which is one pair.
[SHOWDOWN] player The Joker_3_4 shows 10 club Q club 10 diamond 7 spade J club, which is one pair.
[GAME STAT] pot 0 with 160 chips is shared by 1 players
[GAME STAT] player NX01_3_0 gets 160 chips from pot 0
[GAME STAT] overall statistics
[GAME STAT] player NX01_3_0 wins 120 chips in this game
[GAME STAT] player ssw_3_1 wins 0 chips in this game
[GAME STAT] player Minty_3_2 wins 0 chips in this game
[GAME STAT] player courage_3_3 wins -40 chips in this game
[GAME STAT] player The Joker_3_4 wins -40 chips in this game
[GAME STAT] player Mars_3_5 wins 0 chips in this game
[GAME STAT] player wereFluke_3_6 wins -40 chips in this game
[GAME STAT] player WaP_3_7 wins 0 chips in this game
[GAME 14] game ends, invoking player.game_end()
[GAME 15] game starts
[GAME INFO] number of participants in this game = 8
[GAME INFO] participant: NX01_3_0, chip = 3073
[GAME INFO] participant: ssw_3_1, chip = 2966
[GAME INFO] participant: Minty_3_2, chip = 2954
[GAME INFO] participant: courage_3_3, chip = 2988
[GAME INFO] participant: The Joker_3_4, chip = 2952
[GAME INFO] participant: Mars_3_5, chip = 3042
[GAME INFO] participant: wereFluke_3_6, chip = 3042
[GAME INFO] participant: WaP_3_7, chip = 2983
[GAME INFO] blind is 20
[GAME INFO] dealer is courage_3_3
[GAME INFO] small blind 20 posted by The Joker_3_4
[GAME INFO] big blind 40 posted by Mars_3_5
[hole card] 3 spade
[hole card] 10 club
[preflop] round starts
[preflop] player NX01_3_0 has 3073 chips
[preflop] player ssw_3_1 has 2966 chips
[preflop] player Minty_3_2 has 2954 chips
[preflop] player courage_3_3 has 2988 chips
[preflop] player The Joker_3_4 has 2932 chips
[preflop] player Mars_3_5 has 3002 chips
[preflop] player wereFluke_3_6 has 3042 chips
[preflop] player WaP_3_7 has 2983 chips
[preflop] player wereFluke_3_6 calls. Total bet is 40
[preflop] player WaP_3_7 folds
[preflop] player NX01_3_0 folds
[preflop] player ssw_3_1 folds
[preflop] player Minty_3_2 folds
[preflop] player courage_3_3 folds
[preflop] action
[preflop] call (20 chips). 
[preflop] player The Joker_3_4 calls. Total bet is 40
[preflop] player Mars_3_5 calls. Total bet is 40
[flop] J heart
[flop] J diamond
[flop] 5 heart
[flop] round starts
[flop] player NX01_3_0 has 3073 chips
[flop] player ssw_3_1 has 2966 chips
[flop] player Minty_3_2 has 2954 chips
[flop] player courage_3_3 has 2988 chips
[flop] player The Joker_3_4 has 2912 chips
[flop] player Mars_3_5 has 3002 chips
[flop] player wereFluke_3_6 has 3002 chips
[flop] player WaP_3_7 has 2983 chips
[flop] action
[flop] check
[flop] player The Joker_3_4 checks
[flop] player Mars_3_5 checks
[flop] player wereFluke_3_6 checks
[flop] round ends
[turn] 9 club
[turn] round starts
[turn] player NX01_3_0 has 3073 chips
[turn] player ssw_3_1 has 2966 chips
[turn] player Minty_3_2 has 2954 chips
[turn] player courage_3_3 has 2988 chips
[turn] player The Joker_3_4 has 2912 chips
[turn] player Mars_3_5 has 3002 chips
[turn] player wereFluke_3_6 has 3002 chips
[turn] player WaP_3_7 has 2983 chips
[turn] action
[turn] check
[turn] player The Joker_3_4 checks
[turn] player Mars_3_5 checks
[turn] player wereFluke_3_6 checks
[turn] round ends
[river] A heart
[river] round starts
[river] player NX01_3_0 has 3073 chips
[river] player ssw_3_1 has 2966 chips
[river] player Minty_3_2 has 2954 chips
[river] player courage_3_3 has 2988 chips
[river] player The Joker_3_4 has 2912 chips
[river] player Mars_3_5 has 3002 chips
[river] player wereFluke_3_6 has 3002 chips
[river] player WaP_3_7 has 2983 chips
[river] action
[river] check
[river] player The Joker_3_4 checks
[river] player Mars_3_5 checks
[river] player wereFluke_3_6 checks
[river] round ends
[SHOWDOWN] showdown starts
[SHOWDOWN] showdown
[SHOWDOWN] J heart J diamond 9 club A heart 10 club
[SHOWDOWN] player Mars_3_5 shows A heart J diamond J heart Q heart 10 diamond, which is one pair.
[SHOWDOWN] player The Joker_3_4 shows J heart J diamond 9 club A heart 10 club, which is one pair.
[SHOWDOWN] player wereFluke_3_6 shows 5 spade J heart J diamond 9 club A heart, which is one pair.
[GAME STAT] pot 0 with 120 chips is shared by 1 players
[GAME STAT] player Mars_3_5 gets 120 chips from pot 0
[GAME STAT] overall statistics
[GAME STAT] player NX01_3_0 wins 0 chips in this game
[GAME STAT] player ssw_3_1 wins 0 chips in this game
[GAME STAT] player Minty_3_2 wins 0 chips in this game
[GAME STAT] player courage_3_3 wins 0 chips in this game
[GAME STAT] player The Joker_3_4 wins -40 chips in this game
[GAME STAT] player Mars_3_5 wins 80 chips in this game
[GAME STAT] player wereFluke_3_6 wins -40 chips in this game
[GAME STAT] player WaP_3_7 wins 0 chips in this game
[GAME 15] game ends, invoking player.game_end()
[GAME 16] game starts
[GAME INFO] number of participants in this game = 8
[GAME INFO] participant: NX01_3_0, chip = 3073
[GAME INFO] participant: ssw_3_1, chip = 2966
[GAME INFO] participant: Minty_3_2, chip = 2954
[GAME INFO] participant: courage_3_3, chip = 2988
[GAME INFO] participant: The Joker_3_4, chip = 2912
[GAME INFO] participant: Mars_3_5, chip = 3122
[GAME INFO] participant: wereFluke_3_6, chip = 3002
[GAME INFO] participant: WaP_3_7, chip = 2983
[GAME INFO] blind is 50
[GAME INFO] dealer is The Joker_3_4
[GAME INFO] small blind 50 posted by Mars_3_5
[GAME INFO] big blind 100 posted by wereFluke_3_6
[hole card] 6 spade
[hole card] 8 club
[preflop] round starts
[preflop] player NX01_3_0 has 3073 chips
[preflop] player ssw_3_1 has 2966 chips
[preflop] player Minty_3_2 has 2954 chips
[preflop] player courage_3_3 has 2988 chips
[preflop] player The Joker_3_4 has 2912 chips
[preflop] player Mars_3_5 has 3072 chips
[preflop] player wereFluke_3_6 has 2902 chips
[preflop] player WaP_3_7 has 2983 chips
[preflop] player WaP_3_7 folds
[preflop] player NX01_3_0 folds
[preflop] player ssw_3_1 calls. Total bet is 100
[preflop] player Minty_3_2 folds
[preflop] player courage_3_3 folds
[preflop] action
[preflop] call (100 chips). 
[preflop] player The Joker_3_4 calls. Total bet is 100
[preflop] player Mars_3_5 folds
[preflop] player wereFluke_3_6 calls. Total bet is 100
[flop] K diamond
[flop] 3 diamond
[flop] 8 diamond
[flop] round starts
[flop] player NX01_3_0 has 3073 chips
[flop] player ssw_3_1 has 2866 chips
[flop] player Minty_3_2 has 2954 chips
[flop] player courage_3_3 has 2988 chips
[flop] player The Joker_3_4 has 2812 chips
[flop] player Mars_3_5 has 3072 chips
[flop] player wereFluke_3_6 has 2902 chips
[flop] player WaP_3_7 has 2983 chips
[flop] player wereFluke_3_6 checks
[flop] player ssw_3_1 checks
[flop] action
[flop] check
[flop] player The Joker_3_4 checks
[flop] round ends
[turn] 4 heart
[turn] round starts
[turn] player NX01_3_0 has 3073 chips
[turn] player ssw_3_1 has 2866 chips
[turn] player Minty_3_2 has 2954 chips
[turn] player courage_3_3 has 2988 chips
[turn] player The Joker_3_4 has 2812 chips
[turn] player Mars_3_5 has 3072 chips
[turn] player wereFluke_3_6 has 2902 chips
[turn] player WaP_3_7 has 2983 chips
[turn] player wereFluke_3_6 checks
[turn] player ssw_3_1 checks
[turn] action
[turn] check
[turn] player The Joker_3_4 checks
[turn] round ends
[river] 6 club
[river] round starts
[river] player NX01_3_0 has 3073 chips
[river] player ssw_3_1 has 2866 chips
[river] player Minty_3_2 has 2954 chips
[river] player courage_3_3 has 2988 chips
[river] player The Joker_3_4 has 2812 chips
[river] player Mars_3_5 has 3072 chips
[river] player wereFluke_3_6 has 2902 chips
[river] player WaP_3_7 has 2983 chips
[river] player wereFluke_3_6 checks
[river] player ssw_3_1 checks
[river] action
[river] check
[river] player The Joker_3_4 checks
[river] round ends
[SHOWDOWN] showdown starts
[SHOWDOWN] showdown
[SHOWDOWN] K diamond 8 diamond 6 club 6 spade 8 club
[SHOWDOWN] player The Joker_3_4 shows K diamond 8 diamond 6 club 6 spade 8 club, which is two pair.
[SHOWDOWN] player ssw_3_1 shows 9 diamond 9 club K diamond 8 diamond 6 club, which is one pair.
[SHOWDOWN] player wereFluke_3_6 shows 4 diamond J heart K diamond 8 diamond 6 club, which is high card.
[GAME STAT] pot 0 with 200 chips is shared by 1 players
[GAME STAT] player The Joker_3_4 gets 200 chips from pot 0
[GAME STAT] pot 1 with 150 chips is shared by 1 players
[GAME STAT] player The Joker_3_4 gets 150 chips from pot 1
[GAME STAT] overall statistics
[GAME STAT] player NX01_3_0 wins 0 chips in this game
[GAME STAT] player ssw_3_1 wins -100 chips in this game
[GAME STAT] player Minty_3_2 wins 0 chips in this game
[GAME STAT] player courage_3_3 wins 0 chips in this game
[GAME STAT] player The Joker_3_4 wins 250 chips in this game
[GAME STAT] player Mars_3_5 wins -50 chips in this game
[GAME STAT] player wereFluke_3_6 wins -100 chips in this game
[GAME STAT] player WaP_3_7 wins 0 chips in this game
[GAME 16] game ends, invoking player.game_end()
[GAME 17] game starts
[GAME INFO] number of participants in this game = 8
[GAME INFO] participant: NX01_3_0, chip = 3073
[GAME INFO] participant: ssw_3_1, chip = 2866
[GAME INFO] participant: Minty_3_2, chip = 2954
[GAME INFO] participant: courage_3_3, chip = 2988
[GAME INFO] participant: The Joker_3_4, chip = 3162
[GAME INFO] participant: Mars_3_5, chip = 3072
[GAME INFO] participant: wereFluke_3_6, chip = 2902
[GAME INFO] participant: WaP_3_7, chip = 2983
[GAME INFO] blind is 50
[GAME INFO] dealer is Mars_3_5
[GAME INFO] small blind 50 posted by wereFluke_3_6
[GAME INFO] big blind 100 posted by WaP_3_7
[hole card] 5 club
[hole card] 6 spade
[preflop] round starts
[preflop] player NX01_3_0 has 3073 chips
[preflop] player ssw_3_1 has 2866 chips
[preflop] player Minty_3_2 has 2954 chips
[preflop] player courage_3_3 has 2988 chips
[preflop] player The Joker_3_4 has 3162 chips
[preflop] player Mars_3_5 has 3072 chips
[preflop] player wereFluke_3_6 has 2852 chips
[preflop] player WaP_3_7 has 2883 chips
[preflop] player NX01_3_0 folds
[preflop] player ssw_3_1 folds
[preflop] player Minty_3_2 folds
[preflop] player courage_3_3 folds
[preflop] action
[preflop] call (100 chips). 
[preflop] player The Joker_3_4 calls. Total bet is 100
[preflop] player Mars_3_5 folds
[preflop] player wereFluke_3_6 calls. Total bet is 100
[preflop] player WaP_3_7 calls. Total bet is 100
[flop] 8 club
[flop] 2 spade
[flop] A heart
[flop] round starts
[flop] player NX01_3_0 has 3073 chips
[flop] player ssw_3_1 has 2866 chips
[flop] player Minty_3_2 has 2954 chips
[flop] player courage_3_3 has 2988 chips
[flop] player The Joker_3_4 has 3062 chips
[flop] player Mars_3_5 has 3072 chips
[flop] player wereFluke_3_6 has 2802 chips
[flop] player WaP_3_7 has 2883 chips
[flop] player wereFluke_3_6 checks
[flop] player WaP_3_7 checks
[flop] action
[flop] check
[flop] player The Joker_3_4 checks
[flop] round ends
[turn] 3 heart
[turn] round starts
[turn] player NX01_3_0 has 3073 chips
[turn] player ssw_3_1 has 2866 chips
[turn] player Minty_3_2 has 2954 chips
[turn] player courage_3_3 has 2988 chips
[turn] player The Joker_3_4 has 3062 chips
[turn] player Mars_3_5 has 3072 chips
[turn] player wereFluke_3_6 has 2802 chips
[turn] player WaP_3_7 has 2883 chips
[turn] player wereFluke_3_6 checks
[turn] player WaP_3_7 checks
[turn] action
[turn] check
[turn] player The Joker_3_4 checks
[turn] round ends
[river] K heart
[river] round starts
[river] player NX01_3_0 has 3073 chips
[river] player ssw_3_1 has 2866 chips
[river] player Minty_3_2 has 2954 chips
[river] player courage_3_3 has 2988 chips
[river] player The Joker_3_4 has 3062 chips
[river] player Mars_3_5 has 3072 chips
[river] player wereFluke_3_6 has 2802 chips
[river] player WaP_3_7 has 2883 chips
[river] player wereFluke_3_6 checks
[river] player WaP_3_7 checks
[river] action
[river] check
[river] player The Joker_3_4 checks
[river] round ends
[SHOWDOWN] showdown starts
[SHOWDOWN] showdown
[SHOWDOWN] 8 club A heart K heart 5 club 6 spade
[SHOWDOWN] player wereFluke_3_6 shows Q heart Q spade 8 club A heart K heart, which is one pair.
[SHOWDOWN] player WaP_3_7 shows A heart K heart 10 diamond 8 club 5 diamond, which is high card.
[SHOWDOWN] player The Joker_3_4 shows 8 club A heart K heart 5 club 6 spade, which is high card.
[GAME STAT] pot 0 with 300 chips is shared by 1 players
[GAME STAT] player wereFluke_3_6 gets 300 chips from pot 0
[GAME STAT] overall statistics
[GAME STAT] player NX01_3_0 wins 0 chips in this game
[GAME STAT] player ssw_3_1 wins 0 chips in this game
[GAME STAT] player Minty_3_2 wins 0 chips in this game
[GAME STAT] player courage_3_3 wins 0 chips in this game
[GAME STAT] player The Joker_3_4 wins -100 chips in this game
[GAME STAT] player Mars_3_5 wins 0 chips in this game
[GAME STAT] player wereFluke_3_6 wins 200 chips in this game
[GAME STAT] player WaP_3_7 wins -100 chips in this game
[GAME 17] game ends, invoking player.game_end()
[GAME 18] game starts
[GAME INFO] number of participants in this game = 8
[GAME INFO] participant: NX01_3_0, chip = 3073
[GAME INFO] participant: ssw_3_1, chip = 2866
[GAME INFO] participant: Minty_3_2, chip = 2954
[GAME INFO] participant: courage_3_3, chip = 2988
[GAME INFO] participant: The Joker_3_4, chip = 3062
[GAME INFO] participant: Mars_3_5, chip = 3072
[GAME INFO] participant: wereFluke_3_6, chip = 3102
[GAME INFO] participant: WaP_3_7, chip = 2883
[GAME INFO] blind is 50
[GAME INFO] dealer is wereFluke_3_6
[GAME INFO] small blind 50 posted by WaP_3_7
[GAME INFO] big blind 100 posted by NX01_3_0
[hole card] 9 heart
[hole card] 10 club
[preflop] round starts
[preflop] player NX01_3_0 has 2973 chips
[preflop] player ssw_3_1 has 2866 chips
[preflop] player Minty_3_2 has 2954 chips
[preflop] player courage_3_3 has 2988 chips
[preflop] player The Joker_3_4 has 3062 chips
[preflop] player Mars_3_5 has 3072 chips
[preflop] player wereFluke_3_6 has 3102 chips
[preflop] player WaP_3_7 has 2833 chips
[preflop] player ssw_3_1 folds
[preflop] player Minty_3_2 folds
[preflop] player courage_3_3 folds
[preflop] action
[preflop] call (100 chips). 
[preflop] player The Joker_3_4 calls. Total bet is 100
[preflop] player Mars_3_5 calls. Total bet is 100
[preflop] player wereFluke_3_6 calls. Total bet is 100
[preflop] player WaP_3_7 folds
[preflop] player NX01_3_0 folds
[flop] 5 club
[flop] 2 heart
[flop] 4 spade
[flop] round starts
[flop] player NX01_3_0 has 2973 chips
[flop] player ssw_3_1 has 2866 chips
[flop] player Minty_3_2 has 2954 chips
[flop] player courage_3_3 has 2988 chips
[flop] player The Joker_3_4 has 2962 chips
[flop] player Mars_3_5 has 2972 chips
[flop] player wereFluke_3_6 has 3002 chips
[flop] player WaP_3_7 has 2833 chips
[flop] action
[flop] check
[flop] player The Joker_3_4 checks
[flop] player Mars_3_5 checks
[flop] player wereFluke_3_6 checks
[flop] round ends
[turn] 3 heart
[turn] round starts
[turn] player NX01_3_0 has 2973 chips
[turn] player ssw_3_1 has 2866 chips
[turn] player Minty_3_2 has 2954 chips
[turn] player courage_3_3 has 2988 chips
[turn] player The Joker_3_4 has 2962 chips
[turn] player Mars_3_5 has 2972 chips
[turn] player wereFluke_3_6 has 3002 chips
[turn] player WaP_3_7 has 2833 chips
[turn] action
[turn] check
[turn] player The Joker_3_4 checks
[turn] player Mars_3_5 checks
[turn] player wereFluke_3_6 checks
[turn] round ends
[river] 10 heart
[river] round starts
[river] player NX01_3_0 has 2973 chips
[river] player ssw_3_1 has 2866 chips
[river] player Minty_3_2 has 2954 chips
[river] player courage_3_3 has 2988 chips
[river] player The Joker_3_4 has 2962 chips
[river] player Mars_3_5 has 2972 chips
[river] player wereFluke_3_6 has 3002 chips
[river] player WaP_3_7 has 2833 chips
[river] action
[river] check
[river] player The Joker_3_4 checks
[river] player Mars_3_5 checks
[river] player wereFluke_3_6 checks
[river] round ends
[SHOWDOWN] showdown starts
[SHOWDOWN] showdown
[SHOWDOWN] 5 club 4 spade 10 heart 9 heart 10 club
[SHOWDOWN] player The Joker_3_4 shows 5 club 4 spade 10 heart 9 heart 10 club, which is one pair.
[SHOWDOWN] player Mars_3_5 shows 4 spade 5 club J club K club 10 heart, which is high card.
[SHOWDOWN] player wereFluke_3_6 shows 8 diamond J spade 5 club 4 spade 10 heart, which is high card.
[GAME STAT] pot 0 with 250 chips is shared by 1 players
[GAME STAT] player The Joker_3_4 gets 250 chips from pot 0
[GAME STAT] pot 1 with 200 chips is shared by 1 players
[GAME STAT] player The Joker_3_4 gets 200 chips from pot 1
[GAME STAT] overall statistics
[GAME STAT] player NX01_3_0 wins -100 chips in this game
[GAME STAT] player ssw_3_1 wins 0 chips in this game
[GAME STAT] player Minty_3_2 wins 0 chips in this game
[GAME STAT] player courage_3_3 wins 0 chips in this game
[GAME STAT] player The Joker_3_4 wins 350 chips in this game
[GAME STAT] player Mars_3_5 wins -100 chips in this game
[GAME STAT] player wereFluke_3_6 wins -100 chips in this game
[GAME STAT] player WaP_3_7 wins -50 chips in this game
[GAME 18] game ends, invoking player.game_end()
[GAME 19] game starts
[GAME INFO] number of participants in this game = 8
[GAME INFO] participant: NX01_3_0, chip = 2973
[GAME INFO] participant: ssw_3_1, chip = 2866
[GAME INFO] participant: Minty_3_2, chip = 2954
[GAME INFO] participant: courage_3_3, chip = 2988
[GAME INFO] participant: The Joker_3_4, chip = 3412
[GAME INFO] participant: Mars_3_5, chip = 2972
[GAME INFO] participant: wereFluke_3_6, chip = 3002
[GAME INFO] participant: WaP_3_7, chip = 2833
[GAME INFO] blind is 100
[GAME INFO] dealer is WaP_3_7
[GAME INFO] small blind 100 posted by NX01_3_0
[GAME INFO] big blind 200 posted by ssw_3_1
[hole card] 8 club
[hole card] 6 heart
[preflop] round starts
[preflop] player NX01_3_0 has 2873 chips
[preflop] player ssw_3_1 has 2666 chips
[preflop] player Minty_3_2 has 2954 chips
[preflop] player courage_3_3 has 2988 chips
[preflop] player The Joker_3_4 has 3412 chips
[preflop] player Mars_3_5 has 2972 chips
[preflop] player wereFluke_3_6 has 3002 chips
[preflop] player WaP_3_7 has 2833 chips
[preflop] player Minty_3_2 folds
[preflop] player courage_3_3 calls. Total bet is 200
[preflop] action
[WARNING] CANNOT check when another player has raised
[preflop] player The Joker_3_4 folds
[preflop] player Mars_3_5 folds
[preflop] player wereFluke_3_6 calls. Total bet is 200
[preflop] player WaP_3_7 folds
[preflop] player NX01_3_0 folds
[preflop] player ssw_3_1 folds
[flop] K diamond
[flop] 2 heart
[flop] 5 club
[flop] round starts
[flop] player NX01_3_0 has 2873 chips
[flop] player ssw_3_1 has 2666 chips
[flop] player Minty_3_2 has 2954 chips
[flop] player courage_3_3 has 2788 chips
[flop] player The Joker_3_4 has 3412 chips
[flop] player Mars_3_5 has 2972 chips
[flop] player wereFluke_3_6 has 2802 chips
[flop] player WaP_3_7 has 2833 chips
[flop] player courage_3_3 checks
[flop] player wereFluke_3_6 folds
[flop] round ends
[GAME STAT] pot 0 with 400 chips is shared by 1 players
[GAME STAT] player courage_3_3 gets 400 chips from pot 0
[GAME STAT] pot 1 with 300 chips is shared by 1 players
[GAME STAT] player courage_3_3 gets 300 chips from pot 1
[GAME STAT] overall statistics
[GAME STAT] player NX01_3_0 wins -100 chips in this game
[GAME STAT] player ssw_3_1 wins -200 chips in this game
[GAME STAT] player Minty_3_2 wins 0 chips in this game
[GAME STAT] player courage_3_3 wins 500 chips in this game
[GAME STAT] player The Joker_3_4 wins 0 chips in this game
[GAME STAT] player Mars_3_5 wins 0 chips in this game
[GAME STAT] player wereFluke_3_6 wins -200 chips in this game
[GAME STAT] player WaP_3_7 wins 0 chips in this game
[GAME 19] game ends, invoking player.game_end()
[GAME 20] game starts
[GAME INFO] number of participants in this game = 8
[GAME INFO] participant: NX01_3_0, chip = 2873
[GAME INFO] participant: ssw_3_1, chip = 2666
[GAME INFO] participant: Minty_3_2, chip = 2954
[GAME INFO] participant: courage_3_3, chip = 3488
[GAME INFO] participant: The Joker_3_4, chip = 3412
[GAME INFO] participant: Mars_3_5, chip = 2972
[GAME INFO] participant: wereFluke_3_6, chip = 2802
[GAME INFO] participant: WaP_3_7, chip = 2833
[GAME INFO] blind is 100
[GAME INFO] dealer is NX01_3_0
[GAME INFO] small blind 100 posted by ssw_3_1
[GAME INFO] big blind 200 posted by Minty_3_2
[hole card] 2 heart
[hole card] 2 diamond
[preflop] round starts
[preflop] player NX01_3_0 has 2873 chips
[preflop] player ssw_3_1 has 2566 chips
[preflop] player Minty_3_2 has 2754 chips
[preflop] player courage_3_3 has 3488 chips
[preflop] player The Joker_3_4 has 3412 chips
[preflop] player Mars_3_5 has 2972 chips
[preflop] player wereFluke_3_6 has 2802 chips
[preflop] player WaP_3_7 has 2833 chips
[preflop] player courage_3_3 folds
[preflop] action
[WARNING] CANNOT check when another player has raised
[preflop] player The Joker_3_4 folds
[preflop] player Mars_3_5 folds
[preflop] player wereFluke_3_6 calls. Total bet is 200
[preflop] player WaP_3_7 folds
[preflop] player NX01_3_0 calls. Total bet is 200
[preflop] player ssw_3_1 folds
[preflop] player Minty_3_2 folds
[flop] 3 diamond
[flop] 4 spade
[flop] A club
[flop] round starts
[flop] player NX01_3_0 has 2673 chips
[flop] player ssw_3_1 has 2566 chips
[flop] player Minty_3_2 has 2754 chips
[flop] player courage_3_3 has 3488 chips
[flop] player The Joker_3_4 has 3412 chips
[flop] player Mars_3_5 has 2972 chips
[flop] player wereFluke_3_6 has 2602 chips
[flop] player WaP_3_7 has 2833 chips
[flop] player wereFluke_3_6 folds
[flop] round ends
[GAME STAT] pot 0 with 400 chips is shared by 1 players
[GAME STAT] player NX01_3_0 gets 400 chips from pot 0
[GAME STAT] pot 1 with 300 chips is shared by 1 players
[GAME STAT] player NX01_3_0 gets 300 chips from pot 1
[GAME STAT] overall statistics
[GAME STAT] player NX01_3_0 wins 500 chips in this game
[GAME STAT] player ssw_3_1 wins -100 chips in this game
[GAME STAT] player Minty_3_2 wins -200 chips in this game
[GAME STAT] player courage_3_3 wins 0 chips in this game
[GAME STAT] player The Joker_3_4 wins 0 chips in this game
[GAME STAT] player Mars_3_5 wins 0 chips in this game
[GAME STAT] player wereFluke_3_6 wins -200 chips in this game
[GAME STAT] player WaP_3_7 wins 0 chips in this game
[GAME 20] game ends, invoking player.game_end()
[GAME 21] game starts
[GAME INFO] number of participants in this game = 8
[GAME INFO] participant: NX01_3_0, chip = 3373
[GAME INFO] participant: ssw_3_1, chip = 2566
[GAME INFO] participant: Minty_3_2, chip = 2754
[GAME INFO] participant: courage_3_3, chip = 3488
[GAME INFO] participant: The Joker_3_4, chip = 3412
[GAME INFO] participant: Mars_3_5, chip = 2972
[GAME INFO] participant: wereFluke_3_6, chip = 2602
[GAME INFO] participant: WaP_3_7, chip = 2833
[GAME INFO] blind is 100
[GAME INFO] dealer is ssw_3_1
[GAME INFO] small blind 100 posted by Minty_3_2
[GAME INFO] big blind 200 posted by courage_3_3
[hole card] J club
[hole card] 7 spade
[preflop] round starts
[preflop] player NX01_3_0 has 3373 chips
[preflop] player ssw_3_1 has 2566 chips
[preflop] player Minty_3_2 has 2654 chips
[preflop] player courage_3_3 has 3288 chips
[preflop] player The Joker_3_4 has 3412 chips
[preflop] player Mars_3_5 has 2972 chips
[preflop] player wereFluke_3_6 has 2602 chips
[preflop] player WaP_3_7 has 2833 chips
[preflop] action
[WARNING] CANNOT check when another player has raised
[preflop] player The Joker_3_4 folds
[preflop] player Mars_3_5 calls. Total bet is 200
[preflop] player wereFluke_3_6 calls. Total bet is 200
[preflop] player WaP_3_7 folds
[preflop] player NX01_3_0 folds
[preflop] player ssw_3_1 folds
[preflop] player Minty_3_2 folds
[preflop] player courage_3_3 calls. Total bet is 200
[flop] Q spade
[flop] 8 heart
[flop] 4 heart
[flop] round starts
[flop] player NX01_3_0 has 3373 chips
[flop] player ssw_3_1 has 2566 chips
[flop] player Minty_3_2 has 2654 chips
[flop] player courage_3_3 has 3288 chips
[flop] player The Joker_3_4 has 3412 chips
[flop] player Mars_3_5 has 2772 chips
[flop] player wereFluke_3_6 has 2402 chips
[flop] player WaP_3_7 has 2833 chips
[flop] player courage_3_3 checks
[flop] player Mars_3_5 checks
[flop] player wereFluke_3_6 folds
[flop] round ends
[turn] 4 club
[turn] round starts
[turn] player NX01_3_0 has 3373 chips
[turn] player ssw_3_1 has 2566 chips
[turn] player Minty_3_2 has 2654 chips
[turn] player courage_3_3 has 3288 chips
[turn] player The Joker_3_4 has 3412 chips
[turn] player Mars_3_5 has 2772 chips
[turn] player wereFluke_3_6 has 2402 chips
[turn] player WaP_3_7 has 2833 chips
[turn] player courage_3_3 checks
[turn] player Mars_3_5 checks
[turn] round ends
[river] A diamond
[river] round starts
[river] player NX01_3_0 has 3373 chips
[river] player ssw_3_1 has 2566 chips
[river] player Minty_3_2 has 2654 chips
[river] player courage_3_3 has 3288 chips
[river] player The Joker_3_4 has 3412 chips
[river] player Mars_3_5 has 2772 chips
[river] player wereFluke_3_6 has 2402 chips
[river] player WaP_3_7 has 2833 chips
[river] player courage_3_3 checks
[river] player Mars_3_5 checks
[river] round ends
[SHOWDOWN] showdown starts
[SHOWDOWN] player courage_3_3 shows K diamond Q spade 4 heart 4 club A diamond, which is one pair.
[SHOWDOWN] player Mars_3_5 shows 4 club 4 heart A diamond K heart Q spade, which is one pair.
[GAME STAT] pot 0 with 400 chips is shared by 2 players
[GAME STAT] player Mars_3_5 gets 200 chips from pot 0
[GAME STAT] player courage_3_3 gets 200 chips from pot 0
[GAME STAT] pot 1 with 300 chips is shared by 2 players
[GAME STAT] player Mars_3_5 gets 150 chips from pot 1
[GAME STAT] player courage_3_3 gets 150 chips from pot 1
[GAME STAT] overall statistics
[GAME STAT] player NX01_3_0 wins 0 chips in this game
[GAME STAT] player ssw_3_1 wins 0 chips in this game
[GAME STAT] player Minty_3_2 wins -100 chips in this game
[GAME STAT] player courage_3_3 wins 150 chips in this game
[GAME STAT] player The Joker_3_4 wins 0 chips in this game
[GAME STAT] player Mars_3_5 wins 150 chips in this game
[GAME STAT] player wereFluke_3_6 wins -200 chips in this game
[GAME STAT] player WaP_3_7 wins 0 chips in this game
[GAME 21] game ends, invoking player.game_end()
[GAME 22] game starts
[GAME INFO] number of participants in this game = 8
[GAME INFO] participant: NX01_3_0, chip = 3373
[GAME INFO] participant: ssw_3_1, chip = 2566
[GAME INFO] participant: Minty_3_2, chip = 2654
[GAME INFO] participant: courage_3_3, chip = 3638
[GAME INFO] participant: The Joker_3_4, chip = 3412
[GAME INFO] participant: Mars_3_5, chip = 3122
[GAME INFO] participant: wereFluke_3_6, chip = 2402
[GAME INFO] participant: WaP_3_7, chip = 2833
[GAME INFO] blind is 200
[GAME INFO] dealer is Minty_3_2
[GAME INFO] small blind 200 posted by courage_3_3
[GAME INFO] big blind 400 posted by The Joker_3_4
[hole card] Q heart
[hole card] A diamond
[preflop] round starts
[preflop] player NX01_3_0 has 3373 chips
[preflop] player ssw_3_1 has 2566 chips
[preflop] player Minty_3_2 has 2654 chips
[preflop] player courage_3_3 has 3438 chips
[preflop] player The Joker_3_4 has 3012 chips
[preflop] player Mars_3_5 has 3122 chips
[preflop] player wereFluke_3_6 has 2402 chips
[preflop] player WaP_3_7 has 2833 chips
[preflop] player Mars_3_5 folds
[preflop] player wereFluke_3_6 folds
[preflop] player WaP_3_7 folds
[preflop] player NX01_3_0 calls. Total bet is 400
[preflop] player ssw_3_1 folds
[preflop] player Minty_3_2 folds
[preflop] player courage_3_3 calls. Total bet is 400
[preflop] action
[preflop] call (0 chips). 
[preflop] player The Joker_3_4 calls. Total bet is 400
[flop] K spade
[flop] Q club
[flop] 2 heart
[flop] round starts
[flop] player NX01_3_0 has 2973 chips
[flop] player ssw_3_1 has 2566 chips
[flop] player Minty_3_2 has 2654 chips
[flop] player courage_3_3 has 3238 chips
[flop] player The Joker_3_4 has 3012 chips
[flop] player Mars_3_5 has 3122 chips
[flop] player wereFluke_3_6 has 2402 chips
[flop] player WaP_3_7 has 2833 chips
[flop] player courage_3_3 checks
[flop] action
[flop] raise 677 (677 chips).
[flop] player The Joker_3_4 raises 677. Total bet is 677
[flop] player NX01_3_0 folds
[flop] player courage_3_3 folds
[GAME STAT] pot 0 with 1200 chips is shared by 1 players
[GAME STAT] player The Joker_3_4 gets 1200 chips from pot 0
[GAME STAT] pot 1 with 677 chips is shared by 1 players
[GAME STAT] player The Joker_3_4 gets 677 chips from pot 1
[GAME STAT] overall statistics
[GAME STAT] player NX01_3_0 wins -400 chips in this game
[GAME STAT] player ssw_3_1 wins 0 chips in this game
[GAME STAT] player Minty_3_2 wins 0 chips in this game
[GAME STAT] player courage_3_3 wins -400 chips in this game
[GAME STAT] player The Joker_3_4 wins 800 chips in this game
[GAME STAT] player Mars_3_5 wins 0 chips in this game
[GAME STAT] player wereFluke_3_6 wins 0 chips in this game
[GAME STAT] player WaP_3_7 wins 0 chips in this game
[GAME 22] game ends, invoking player.game_end()
[GAME 23] game starts
[GAME INFO] number of participants in this game = 8
[GAME INFO] participant: NX01_3_0, chip = 2973
[GAME INFO] participant: ssw_3_1, chip = 2566
[GAME INFO] participant: Minty_3_2, chip = 2654
[GAME INFO] participant: courage_3_3, chip = 3238
[GAME INFO] participant: The Joker_3_4, chip = 4212
[GAME INFO] participant: Mars_3_5, chip = 3122
[GAME INFO] participant: wereFluke_3_6, chip = 2402
[GAME INFO] participant: WaP_3_7, chip = 2833
[GAME INFO] blind is 200
[GAME INFO] dealer is courage_3_3
[GAME INFO] small blind 200 posted by The Joker_3_4
[GAME INFO] big blind 400 posted by Mars_3_5
[hole card] J heart
[hole card] Q diamond
[preflop] round starts
[preflop] player NX01_3_0 has 2973 chips
[preflop] player ssw_3_1 has 2566 chips
[preflop] player Minty_3_2 has 2654 chips
[preflop] player courage_3_3 has 3238 chips
[preflop] player The Joker_3_4 has 4012 chips
[preflop] player Mars_3_5 has 2722 chips
[preflop] player wereFluke_3_6 has 2402 chips
[preflop] player WaP_3_7 has 2833 chips
[preflop] player wereFluke_3_6 folds
[preflop] player WaP_3_7 folds
[preflop] player NX01_3_0 calls. Total bet is 400
[preflop] player ssw_3_1 folds
[preflop] player Minty_3_2 folds
[preflop] player courage_3_3 folds
[preflop] action
[preflop] call (200 chips). 
[preflop] player The Joker_3_4 calls. Total bet is 400
[preflop] player Mars_3_5 calls. Total bet is 400
[flop] Q club
[flop] 6 spade
[flop] 2 club
[flop] round starts
[flop] player NX01_3_0 has 2573 chips
[flop] player ssw_3_1 has 2566 chips
[flop] player Minty_3_2 has 2654 chips
[flop] player courage_3_3 has 3238 chips
[flop] player The Joker_3_4 has 3812 chips
[flop] player Mars_3_5 has 2722 chips
[flop] player wereFluke_3_6 has 2402 chips
[flop] player WaP_3_7 has 2833 chips
[flop] action
[flop] check
[flop] player The Joker_3_4 checks
[flop] player Mars_3_5 checks
[flop] player NX01_3_0 checks
[flop] round ends
[turn] 2 diamond
[turn] round starts
[turn] player NX01_3_0 has 2573 chips
[turn] player ssw_3_1 has 2566 chips
[turn] player Minty_3_2 has 2654 chips
[turn] player courage_3_3 has 3238 chips
[turn] player The Joker_3_4 has 3812 chips
[turn] player Mars_3_5 has 2722 chips
[turn] player wereFluke_3_6 has 2402 chips
[turn] player WaP_3_7 has 2833 chips
[turn] action
[turn] raise 688 (688 chips).
[turn] player The Joker_3_4 raises 688. Total bet is 688
[turn] player Mars_3_5 folds
[turn] player NX01_3_0 folds
[GAME STAT] pot 0 with 1200 chips is shared by 1 players
[GAME STAT] player The Joker_3_4 gets 1200 chips from pot 0
[GAME STAT] pot 1 with 688 chips is shared by 1 players
[GAME STAT] player The Joker_3_4 gets 688 chips from pot 1
[GAME STAT] overall statistics
[GAME STAT] player NX01_3_0 wins -400 chips in this game
[GAME STAT] player ssw_3_1 wins 0 chips in this game
[GAME STAT] player Minty_3_2 wins 0 chips in this game
[GAME STAT] player courage_3_3 wins 0 chips in this game
[GAME STAT] player The Joker_3_4 wins 800 chips in this game
[GAME STAT] player Mars_3_5 wins -400 chips in this game
[GAME STAT] player wereFluke_3_6 wins 0 chips in this game
[GAME STAT] player WaP_3_7 wins 0 chips in this game
[GAME 23] game ends, invoking player.game_end()
[GAME 24] game starts
[GAME INFO] number of participants in this game = 8
[GAME INFO] participant: NX01_3_0, chip = 2573
[GAME INFO] participant: ssw_3_1, chip = 2566
[GAME INFO] participant: Minty_3_2, chip = 2654
[GAME INFO] participant: courage_3_3, chip = 3238
[GAME INFO] participant: The Joker_3_4, chip = 5012
[GAME INFO] participant: Mars_3_5, chip = 2722
[GAME INFO] participant: wereFluke_3_6, chip = 2402
[GAME INFO] participant: WaP_3_7, chip = 2833
[GAME INFO] blind is 200
[GAME INFO] dealer is The Joker_3_4
[GAME INFO] small blind 200 posted by Mars_3_5
[GAME INFO] big blind 400 posted by wereFluke_3_6
[hole card] 7 diamond
[hole card] 9 spade
[preflop] round starts
[preflop] player NX01_3_0 has 2573 chips
[preflop] player ssw_3_1 has 2566 chips
[preflop] player Minty_3_2 has 2654 chips
[preflop] player courage_3_3 has 3238 chips
[preflop] player The Joker_3_4 has 5012 chips
[preflop] player Mars_3_5 has 2522 chips
[preflop] player wereFluke_3_6 has 2002 chips
[preflop] player WaP_3_7 has 2833 chips
[preflop] player WaP_3_7 folds
[preflop] player NX01_3_0 calls. Total bet is 400
[preflop] player ssw_3_1 calls. Total bet is 400
[preflop] player Minty_3_2 folds
[preflop] player courage_3_3 folds
[preflop] action
[preflop] call (400 chips). 
[preflop] player The Joker_3_4 calls. Total bet is 400
[preflop] player Mars_3_5 calls. Total bet is 400
[preflop] player wereFluke_3_6 calls. Total bet is 400
[flop] 9 diamond
[flop] 9 club
[flop] 5 heart
[flop] round starts
[flop] player NX01_3_0 has 2173 chips
[flop] player ssw_3_1 has 2166 chips
[flop] player Minty_3_2 has 2654 chips
[flop] player courage_3_3 has 3238 chips
[flop] player The Joker_3_4 has 4612 chips
[flop] player Mars_3_5 has 2322 chips
[flop] player wereFluke_3_6 has 2002 chips
[flop] player WaP_3_7 has 2833 chips
[flop] player Mars_3_5 checks
[flop] player wereFluke_3_6 checks
[flop] player NX01_3_0 checks
[flop] player ssw_3_1 checks
[flop] action
[flop] check
[flop] player The Joker_3_4 checks
[flop] round ends
[turn] 7 club
[turn] round starts
[turn] player NX01_3_0 has 2173 chips
[turn] player ssw_3_1 has 2166 chips
[turn] player Minty_3_2 has 2654 chips
[turn] player courage_3_3 has 3238 chips
[turn] player The Joker_3_4 has 4612 chips
[turn] player Mars_3_5 has 2322 chips
[turn] player wereFluke_3_6 has 2002 chips
[turn] player WaP_3_7 has 2833 chips
[turn] player Mars_3_5 checks
[turn] player wereFluke_3_6 checks
[turn] player NX01_3_0 checks
[turn] player ssw_3_1 checks
[turn] action
[turn] raise 984 (984 chips).
[turn] player The Joker_3_4 raises 984. Total bet is 984
[turn] player Mars_3_5 folds
[turn] player wereFluke_3_6 calls. Total bet is 984
[turn] player NX01_3_0 folds
[turn] player ssw_3_1 calls. Total bet is 984
[river] 8 diamond
[river] round starts
[river] player NX01_3_0 has 2173 chips
[river] player ssw_3_1 has 1182 chips
[river] player Minty_3_2 has 2654 chips
[river] player courage_3_3 has 3238 chips
[river] player The Joker_3_4 has 3628 chips
[river] player Mars_3_5 has 2322 chips
[river] player wereFluke_3_6 has 1018 chips
[river] player WaP_3_7 has 2833 chips
[river] player wereFluke_3_6 folds
[river] player ssw_3_1 checks
[river] action
[river] raise 995 (995 chips).
[river] player The Joker_3_4 raises 995. Total bet is 995
[river] player ssw_3_1 calls. Total bet is 995
[SHOWDOWN] showdown starts
[SHOWDOWN] showdown
[SHOWDOWN] 9 diamond 9 club 7 club 7 diamond 9 spade
[SHOWDOWN] player The Joker_3_4 shows 9 diamond 9 club 7 club 7 diamond 9 spade, which is full house.
[SHOWDOWN] player ssw_3_1 shows 10 heart 10 diamond 9 diamond 9 club 8 diamond, which is two pair.
[GAME STAT] pot 0 with 2000 chips is shared by 1 players
[GAME STAT] player The Joker_3_4 gets 2000 chips from pot 0
[GAME STAT] pot 1 with 2952 chips is shared by 1 players
[GAME STAT] player The Joker_3_4 gets 2952 chips from pot 1
[GAME STAT] pot 2 with 1990 chips is shared by 1 players
[GAME STAT] player The Joker_3_4 gets 1990 chips from pot 2
[GAME STAT] overall statistics
[GAME STAT] player NX01_3_0 wins -400 chips in this game
[GAME STAT] player ssw_3_1 wins -2379 chips in this game
[GAME STAT] player Minty_3_2 wins 0 chips in this game
[GAME STAT] player courage_3_3 wins 0 chips in this game
[GAME STAT] player The Joker_3_4 wins 4563 chips in this game
[GAME STAT] player Mars_3_5 wins -400 chips in this game
[GAME STAT] player wereFluke_3_6 wins -1384 chips in this game
[GAME STAT] player WaP_3_7 wins 0 chips in this game
[GAME 24] game ends, invoking player.game_end()
[GAME 25] game starts
[GAME INFO] number of participants in this game = 8
[GAME INFO] participant: NX01_3_0, chip = 2173
[GAME INFO] participant: ssw_3_1, chip = 187
[GAME INFO] participant: Minty_3_2, chip = 2654
[GAME INFO] participant: courage_3_3, chip = 3238
[GAME INFO] participant: The Joker_3_4, chip = 9575
[GAME INFO] participant: Mars_3_5, chip = 2322
[GAME INFO] participant: wereFluke_3_6, chip = 1018
[GAME INFO] participant: WaP_3_7, chip = 2833
[GAME INFO] blind is 500
[GAME INFO] dealer is Mars_3_5
[GAME INFO] small blind 500 posted by wereFluke_3_6
[GAME INFO] big blind 1000 posted by WaP_3_7
[hole card] 9 spade
[hole card] K club
[preflop] round starts
[preflop] player NX01_3_0 has 2173 chips
[preflop] player ssw_3_1 has 187 chips
[preflop] player Minty_3_2 has 2654 chips
[preflop] player courage_3_3 has 3238 chips
[preflop] player The Joker_3_4 has 9575 chips
[preflop] player Mars_3_5 has 2322 chips
[preflop] player wereFluke_3_6 has 518 chips
[preflop] player WaP_3_7 has 1833 chips
[preflop] player NX01_3_0 folds
[preflop] player ssw_3_1 folds
[preflop] player Minty_3_2 folds
[preflop] player courage_3_3 folds
[preflop] action
[preflop] call (1000 chips). 
[preflop] player The Joker_3_4 calls. Total bet is 1000
[preflop] player Mars_3_5 folds
[preflop] player wereFluke_3_6 calls. Total bet is 1000
[preflop] player WaP_3_7 calls. Total bet is 1000
[flop] 6 heart
[flop] A diamond
[flop] 9 heart
[flop] round starts
[flop] player NX01_3_0 has 2173 chips
[flop] player ssw_3_1 has 187 chips
[flop] player Minty_3_2 has 2654 chips
[flop] player courage_3_3 has 3238 chips
[flop] player The Joker_3_4 has 8575 chips
[flop] player Mars_3_5 has 2322 chips
[flop] player wereFluke_3_6 has 18 chips
[flop] player WaP_3_7 has 1833 chips
[flop] player wereFluke_3_6 checks
[flop] player WaP_3_7 checks
[flop] action
[flop] check
[flop] player The Joker_3_4 checks
[flop] round ends
[turn] Q heart
[turn] round starts
[turn] player NX01_3_0 has 2173 chips
[turn] player ssw_3_1 has 187 chips
[turn] player Minty_3_2 has 2654 chips
[turn] player courage_3_3 has 3238 chips
[turn] player The Joker_3_4 has 8575 chips
[turn] player Mars_3_5 has 2322 chips
[turn] player wereFluke_3_6 has 18 chips
[turn] player WaP_3_7 has 1833 chips
[turn] player wereFluke_3_6 checks
[turn] player WaP_3_7 checks
[turn] action
[turn] check
[turn] player The Joker_3_4 checks
[turn] round ends
[river] 8 spade
[river] round starts
[river] player NX01_3_0 has 2173 chips
[river] player ssw_3_1 has 187 chips
[river] player Minty_3_2 has 2654 chips
[river] player courage_3_3 has 3238 chips
[river] player The Joker_3_4 has 8575 chips
[river] player Mars_3_5 has 2322 chips
[river] player wereFluke_3_6 has 18 chips
[river] player WaP_3_7 has 1833 chips
[river] player wereFluke_3_6 folds
[river] player WaP_3_7 checks
[river] action
[river] raise 1000 (1000 chips).
[river] player The Joker_3_4 raises 1000. Total bet is 1000
[river] player WaP_3_7 folds
[GAME STAT] pot 0 with 3000 chips is shared by 1 players
[GAME STAT] player The Joker_3_4 gets 3000 chips from pot 0
[GAME STAT] pot 1 with 1000 chips is shared by 1 players
[GAME STAT] player The Joker_3_4 gets 1000 chips from pot 1
[GAME STAT] overall statistics
[GAME STAT] player NX01_3_0 wins 0 chips in this game
[GAME STAT] player ssw_3_1 wins 0 chips in this game
[GAME STAT] player Minty_3_2 wins 0 chips in this game
[GAME STAT] player courage_3_3 wins 0 chips in this game
[GAME STAT] player The Joker_3_4 wins 2000 chips in this game
[GAME STAT] player Mars_3_5 wins 0 chips in this game
[GAME STAT] player wereFluke_3_6 wins -1000 chips in this game
[GAME STAT] player WaP_3_7 wins -1000 chips in this game
[GAME 25] game ends, invoking player.game_end()
[GAME 26] game starts
[GAME INFO] number of participants in this game = 8
[GAME INFO] participant: NX01_3_0, chip = 2173
[GAME INFO] participant: ssw_3_1, chip = 187
[GAME INFO] participant: Minty_3_2, chip = 2654
[GAME INFO] participant: courage_3_3, chip = 3238
[GAME INFO] participant: The Joker_3_4, chip = 11575
[GAME INFO] participant: Mars_3_5, chip = 2322
[GAME INFO] participant: wereFluke_3_6, chip = 18
[GAME INFO] participant: WaP_3_7, chip = 1833
[GAME INFO] blind is 500
[GAME INFO] dealer is wereFluke_3_6
[GAME INFO] small blind 500 posted by WaP_3_7
[GAME INFO] big blind 1000 posted by NX01_3_0
[hole card] 3 club
[hole card] 2 diamond
[preflop] round starts
[preflop] player NX01_3_0 has 1173 chips
[preflop] player ssw_3_1 has 187 chips
[preflop] player Minty_3_2 has 2654 chips
[preflop] player courage_3_3 has 3238 chips
[preflop] player The Joker_3_4 has 11575 chips
[preflop] player Mars_3_5 has 2322 chips
[preflop] player wereFluke_3_6 has 18 chips
[preflop] player WaP_3_7 has 1333 chips
[preflop] player ssw_3_1 folds
[preflop] player Minty_3_2 folds
[preflop] player courage_3_3 folds
[preflop] action
[WARNING] CANNOT check when another player has raised
[preflop] player The Joker_3_4 folds
[preflop] player Mars_3_5 folds
[preflop] player wereFluke_3_6 folds
[preflop] player WaP_3_7 folds
[GAME STAT] pot 0 with 1000 chips is shared by 1 players
[GAME STAT] player NX01_3_0 gets 1000 chips from pot 0
[GAME STAT] pot 1 with 500 chips is shared by 1 players
[GAME STAT] player NX01_3_0 gets 500 chips from pot 1
[GAME STAT] overall statistics
[GAME STAT] player NX01_3_0 wins 500 chips in this game
[GAME STAT] player ssw_3_1 wins 0 chips in this game
[GAME STAT] player Minty_3_2 wins 0 chips in this game
[GAME STAT] player courage_3_3 wins 0 chips in this game
[GAME STAT] player The Joker_3_4 wins 0 chips in this game
[GAME STAT] player Mars_3_5 wins 0 chips in this game
[GAME STAT] player wereFluke_3_6 wins 0 chips in this game
[GAME STAT] player WaP_3_7 wins -500 chips in this game
[GAME 26] game ends, invoking player.game_end()
[GAME 27] game starts
[GAME INFO] number of participants in this game = 8
[GAME INFO] participant: NX01_3_0, chip = 2673
[GAME INFO] participant: ssw_3_1, chip = 187
[GAME INFO] participant: Minty_3_2, chip = 2654
[GAME INFO] participant: courage_3_3, chip = 3238
[GAME INFO] participant: The Joker_3_4, chip = 11575
[GAME INFO] participant: Mars_3_5, chip = 2322
[GAME INFO] participant: wereFluke_3_6, chip = 18
[GAME INFO] participant: WaP_3_7, chip = 1333
[GAME INFO] blind is 500
[GAME INFO] dealer is WaP_3_7
[GAME INFO] small blind 500 posted by NX01_3_0
[GAME INFO] big blind 187 posted by ssw_3_1
[hole card] 8 diamond
[hole card] 3 club
[preflop] round starts
[preflop] player NX01_3_0 has 2173 chips
[preflop] player ssw_3_1 has 0 chips
[preflop] player Minty_3_2 has 2654 chips
[preflop] player courage_3_3 has 3238 chips
[preflop] player The Joker_3_4 has 11575 chips
[preflop] player Mars_3_5 has 2322 chips
[preflop] player wereFluke_3_6 has 18 chips
[preflop] player WaP_3_7 has 1333 chips
[preflop] player Minty_3_2 folds
[preflop] player courage_3_3 folds
[preflop] action
[WARNING] CANNOT check when another player has raised
[preflop] player The Joker_3_4 folds
[preflop] player Mars_3_5 folds
[preflop] player wereFluke_3_6 folds
[preflop] player WaP_3_7 folds
[preflop] player NX01_3_0 folds
[GAME STAT] pot 0 with 374 chips is shared by 1 players
[GAME STAT] player ssw_3_1 gets 374 chips from pot 0
[GAME STAT] pot 1 with 313 chips is shared by 1 players
[GAME STAT] player NX01_3_0 gets 313 chips from pot 1
[GAME STAT] overall statistics
[GAME STAT] player NX01_3_0 wins -187 chips in this game
[GAME STAT] player ssw_3_1 wins 187 chips in this game
[GAME STAT] player Minty_3_2 wins 0 chips in this game
[GAME STAT] player courage_3_3 wins 0 chips in this game
[GAME STAT] player The Joker_3_4 wins 0 chips in this game
[GAME STAT] player Mars_3_5 wins 0 chips in this game
[GAME STAT] player wereFluke_3_6 wins 0 chips in this game
[GAME STAT] player WaP_3_7 wins 0 chips in this game
[GAME 27] game ends, invoking player.game_end()
[END]
[FINAL STAT] chips
[FINAL STAT] NX01_3_0 has 2486 chips
[FINAL STAT] ssw_3_1 has 374 chips
[FINAL STAT] Minty_3_2 has 2654 chips
[FINAL STAT] courage_3_3 has 3238 chips
[FINAL STAT] The Joker_3_4 has 11575 chips
[FINAL STAT] Mars_3_5 has 2322 chips
[FINAL STAT] wereFluke_3_6 has 18 chips
[FINAL STAT] WaP_3_7 has 1333 chips
