[UI] login name: [UI] succefully login as The Joker_4_0
[login] The Joker_4_0
[player 0] The Joker_4_0
[player 1] NX01_4_1
[player 2] Minty_4_2
[player 3] ssw_4_3
[player 4] Mars_4_4
[player 5] wereFluke_4_5
[player 6] courage_4_6
[player 7] WaP_4_7
[GAME INFO] number of players = 8
[GAME INFO] initial chips = 3000
[GAME 1] game starts
[GAME INFO] number of participants in this game = 8
[GAME INFO] participant: The Joker_4_0, chip = 3000
[GAME INFO] participant: NX01_4_1, chip = 3000
[GAME INFO] participant: Minty_4_2, chip = 3000
[GAME INFO] participant: ssw_4_3, chip = 3000
[GAME INFO] participant: Mars_4_4, chip = 3000
[GAME INFO] participant: wereFluke_4_5, chip = 3000
[GAME INFO] participant: courage_4_6, chip = 3000
[GAME INFO] participant: WaP_4_7, chip = 3000
[GAME INFO] blind is 1
[GAME INFO] dealer is Minty_4_2
[GAME INFO] small blind 1 posted by ssw_4_3
[GAME INFO] big blind 2 posted by Mars_4_4
[hole card] 6 club
[hole card] J spade
[preflop] round starts
[preflop] player The Joker_4_0 has 3000 chips
[preflop] player NX01_4_1 has 3000 chips
[preflop] player Minty_4_2 has 3000 chips
[preflop] player ssw_4_3 has 2999 chips
[preflop] player Mars_4_4 has 2998 chips
[preflop] player wereFluke_4_5 has 3000 chips
[preflop] player courage_4_6 has 3000 chips
[preflop] player WaP_4_7 has 3000 chips
[preflop] player wereFluke_4_5 calls. Total bet is 2
[preflop] player courage_4_6 folds
[preflop] player WaP_4_7 folds
[preflop] action
[WARNING] CANNOT check when another player has raised
[preflop] player The Joker_4_0 folds
[preflop] player NX01_4_1 calls. Total bet is 2
[preflop] player Minty_4_2 folds
[preflop] player ssw_4_3 folds
[preflop] player Mars_4_4 calls. Total bet is 2
[flop] A heart
[flop] 8 diamond
[flop] 2 diamond
[flop] round starts
[flop] player The Joker_4_0 has 3000 chips
[flop] player NX01_4_1 has 2998 chips
[flop] player Minty_4_2 has 3000 chips
[flop] player ssw_4_3 has 2999 chips
[flop] player Mars_4_4 has 2998 chips
[flop] player wereFluke_4_5 has 2998 chips
[flop] player courage_4_6 has 3000 chips
[flop] player WaP_4_7 has 3000 chips
[flop] player Mars_4_4 checks
[flop] player wereFluke_4_5 checks
[flop] player NX01_4_1 checks
[flop] round ends
[turn] K club
[turn] round starts
[turn] player The Joker_4_0 has 3000 chips
[turn] player NX01_4_1 has 2998 chips
[turn] player Minty_4_2 has 3000 chips
[turn] player ssw_4_3 has 2999 chips
[turn] player Mars_4_4 has 2998 chips
[turn] player wereFluke_4_5 has 2998 chips
[turn] player courage_4_6 has 3000 chips
[turn] player WaP_4_7 has 3000 chips
[turn] player Mars_4_4 checks
[turn] player wereFluke_4_5 checks
[turn] player NX01_4_1 checks
[turn] round ends
[river] 5 club
[river] round starts
[river] player The Joker_4_0 has 3000 chips
[river] player NX01_4_1 has 2998 chips
[river] player Minty_4_2 has 3000 chips
[river] player ssw_4_3 has 2999 chips
[river] player Mars_4_4 has 2998 chips
[river] player wereFluke_4_5 has 2998 chips
[river] player courage_4_6 has 3000 chips
[river] player WaP_4_7 has 3000 chips
[river] player Mars_4_4 checks
[river] player wereFluke_4_5 checks
[river] player NX01_4_1 checks
[river] round ends
[SHOWDOWN] showdown starts
[SHOWDOWN] player NX01_4_1 shows A diamond A heart K club 10 club 8 diamond, which is one pair.
[SHOWDOWN] player Mars_4_4 shows 2 club 2 diamond 8 diamond A heart K club, which is one pair.
[SHOWDOWN] player wereFluke_4_5 shows 7 diamond A heart 8 diamond K club 5 club, which is high card.
[GAME STAT] pot 0 with 4 chips is shared by 1 players
[GAME STAT] player NX01_4_1 gets 4 chips from pot 0
[GAME STAT] pot 1 with 3 chips is shared by 1 players
[GAME STAT] player NX01_4_1 gets 3 chips from pot 1
[GAME STAT] overall statistics
[GAME STAT] player The Joker_4_0 wins 0 chips in this game
[GAME STAT] player NX01_4_1 wins 5 chips in this game
[GAME STAT] player Minty_4_2 wins 0 chips in this game
[GAME STAT] player ssw_4_3 wins -1 chips in this game
[GAME STAT] player Mars_4_4 wins -2 chips in this game
[GAME STAT] player wereFluke_4_5 wins -2 chips in this game
[GAME STAT] player courage_4_6 wins 0 chips in this game
[GAME STAT] player WaP_4_7 wins 0 chips in this game
[GAME 1] game ends, invoking player.game_end()
[GAME 2] game starts
[GAME INFO] number of participants in this game = 8
[GAME INFO] participant: The Joker_4_0, chip = 3000
[GAME INFO] participant: NX01_4_1, chip = 3005
[GAME INFO] participant: Minty_4_2, chip = 3000
[GAME INFO] participant: ssw_4_3, chip = 2999
[GAME INFO] participant: Mars_4_4, chip = 2998
[GAME INFO] participant: wereFluke_4_5, chip = 2998
[GAME INFO] participant: courage_4_6, chip = 3000
[GAME INFO] participant: WaP_4_7, chip = 3000
[GAME INFO] blind is 1
[GAME INFO] dealer is ssw_4_3
[GAME INFO] small blind 1 posted by Mars_4_4
[GAME INFO] big blind 2 posted by wereFluke_4_5
[hole card] 6 diamond
[hole card] Q spade
[preflop] round starts
[preflop] player The Joker_4_0 has 3000 chips
[preflop] player NX01_4_1 has 3005 chips
[preflop] player Minty_4_2 has 3000 chips
[preflop] player ssw_4_3 has 2999 chips
[preflop] player Mars_4_4 has 2997 chips
[preflop] player wereFluke_4_5 has 2996 chips
[preflop] player courage_4_6 has 3000 chips
[preflop] player WaP_4_7 has 3000 chips
[preflop] player courage_4_6 folds
[preflop] player WaP_4_7 folds
[preflop] action
[WARNING] CANNOT check when another player has raised
[preflop] player The Joker_4_0 folds
[preflop] player NX01_4_1 folds
[preflop] player Minty_4_2 folds
[preflop] player ssw_4_3 folds
[preflop] player Mars_4_4 calls. Total bet is 2
[preflop] player wereFluke_4_5 calls. Total bet is 2
[flop] 5 spade
[flop] K spade
[flop] 7 heart
[flop] round starts
[flop] player The Joker_4_0 has 3000 chips
[flop] player NX01_4_1 has 3005 chips
[flop] player Minty_4_2 has 3000 chips
[flop] player ssw_4_3 has 2999 chips
[flop] player Mars_4_4 has 2996 chips
[flop] player wereFluke_4_5 has 2996 chips
[flop] player courage_4_6 has 3000 chips
[flop] player WaP_4_7 has 3000 chips
[flop] player Mars_4_4 checks
[flop] player wereFluke_4_5 checks
[flop] round ends
[turn] 5 diamond
[turn] round starts
[turn] player The Joker_4_0 has 3000 chips
[turn] player NX01_4_1 has 3005 chips
[turn] player Minty_4_2 has 3000 chips
[turn] player ssw_4_3 has 2999 chips
[turn] player Mars_4_4 has 2996 chips
[turn] player wereFluke_4_5 has 2996 chips
[turn] player courage_4_6 has 3000 chips
[turn] player WaP_4_7 has 3000 chips
[turn] player Mars_4_4 checks
[turn] player wereFluke_4_5 checks
[turn] round ends
[river] K club
[river] round starts
[river] player The Joker_4_0 has 3000 chips
[river] player NX01_4_1 has 3005 chips
[river] player Minty_4_2 has 3000 chips
[river] player ssw_4_3 has 2999 chips
[river] player Mars_4_4 has 2996 chips
[river] player wereFluke_4_5 has 2996 chips
[river] player courage_4_6 has 3000 chips
[river] player WaP_4_7 has 3000 chips
[river] player Mars_4_4 checks
[river] player wereFluke_4_5 checks
[river] round ends
[SHOWDOWN] showdown starts
[SHOWDOWN] player Mars_4_4 shows 7 heart 7 spade J diamond K club K spade, which is two pair.
[SHOWDOWN] player wereFluke_4_5 shows A spade 7 club 5 spade K spade K club, which is one pair.
[GAME STAT] pot 0 with 4 chips is shared by 1 players
[GAME STAT] player Mars_4_4 gets 4 chips from pot 0
[GAME STAT] overall statistics
[GAME STAT] player The Joker_4_0 wins 0 chips in this game
[GAME STAT] player NX01_4_1 wins 0 chips in this game
[GAME STAT] player Minty_4_2 wins 0 chips in this game
[GAME STAT] player ssw_4_3 wins 0 chips in this game
[GAME STAT] player Mars_4_4 wins 2 chips in this game
[GAME STAT] player wereFluke_4_5 wins -2 chips in this game
[GAME STAT] player courage_4_6 wins 0 chips in this game
[GAME STAT] player WaP_4_7 wins 0 chips in this game
[GAME 2] game ends, invoking player.game_end()
[GAME 3] game starts
[GAME INFO] number of participants in this game = 8
[GAME INFO] participant: The Joker_4_0, chip = 3000
[GAME INFO] participant: NX01_4_1, chip = 3005
[GAME INFO] participant: Minty_4_2, chip = 3000
[GAME INFO] participant: ssw_4_3, chip = 2999
[GAME INFO] participant: Mars_4_4, chip = 3000
[GAME INFO] participant: wereFluke_4_5, chip = 2996
[GAME INFO] participant: courage_4_6, chip = 3000
[GAME INFO] participant: WaP_4_7, chip = 3000
[GAME INFO] blind is 1
[GAME INFO] dealer is Mars_4_4
[GAME INFO] small blind 1 posted by wereFluke_4_5
[GAME INFO] big blind 2 posted by courage_4_6
[hole card] 7 diamond
[hole card] 6 heart
[preflop] round starts
[preflop] player The Joker_4_0 has 3000 chips
[preflop] player NX01_4_1 has 3005 chips
[preflop] player Minty_4_2 has 3000 chips
[preflop] player ssw_4_3 has 2999 chips
[preflop] player Mars_4_4 has 3000 chips
[preflop] player wereFluke_4_5 has 2995 chips
[preflop] player courage_4_6 has 2998 chips
[preflop] player WaP_4_7 has 3000 chips
[preflop] player WaP_4_7 folds
[preflop] action
[WARNING] CANNOT check when another player has raised
[preflop] player The Joker_4_0 folds
[preflop] player NX01_4_1 folds
[preflop] player Minty_4_2 folds
[preflop] player ssw_4_3 folds
[preflop] player Mars_4_4 calls. Total bet is 2
[preflop] player wereFluke_4_5 calls. Total bet is 2
[preflop] player courage_4_6 calls. Total bet is 2
[flop] 4 diamond
[flop] A heart
[flop] 3 diamond
[flop] round starts
[flop] player The Joker_4_0 has 3000 chips
[flop] player NX01_4_1 has 3005 chips
[flop] player Minty_4_2 has 3000 chips
[flop] player ssw_4_3 has 2999 chips
[flop] player Mars_4_4 has 2998 chips
[flop] player wereFluke_4_5 has 2994 chips
[flop] player courage_4_6 has 2998 chips
[flop] player WaP_4_7 has 3000 chips
[flop] player wereFluke_4_5 checks
[flop] player courage_4_6 checks
[flop] player Mars_4_4 checks
[flop] round ends
[turn] A club
[turn] round starts
[turn] player The Joker_4_0 has 3000 chips
[turn] player NX01_4_1 has 3005 chips
[turn] player Minty_4_2 has 3000 chips
[turn] player ssw_4_3 has 2999 chips
[turn] player Mars_4_4 has 2998 chips
[turn] player wereFluke_4_5 has 2994 chips
[turn] player courage_4_6 has 2998 chips
[turn] player WaP_4_7 has 3000 chips
[turn] player wereFluke_4_5 checks
[turn] player courage_4_6 checks
[turn] player Mars_4_4 checks
[turn] round ends
[river] 6 club
[river] round starts
[river] player The Joker_4_0 has 3000 chips
[river] player NX01_4_1 has 3005 chips
[river] player Minty_4_2 has 3000 chips
[river] player ssw_4_3 has 2999 chips
[river] player Mars_4_4 has 2998 chips
[river] player wereFluke_4_5 has 2994 chips
[river] player courage_4_6 has 2998 chips
[river] player WaP_4_7 has 3000 chips
[river] player wereFluke_4_5 checks
[river] player courage_4_6 checks
[river] player Mars_4_4 checks
[river] round ends
[SHOWDOWN] showdown starts
[SHOWDOWN] player courage_4_6 shows 9 heart A spade A heart A club 6 club, which is three of a kind.
[SHOWDOWN] player wereFluke_4_5 shows 4 heart 4 diamond A heart A club 6 club, which is two pair.
[SHOWDOWN] player Mars_4_4 shows 5 club 6 club A club A heart Q heart, which is one pair.
[GAME STAT] pot 0 with 6 chips is shared by 1 players
[GAME STAT] player courage_4_6 gets 6 chips from pot 0
[GAME STAT] overall statistics
[GAME STAT] player The Joker_4_0 wins 0 chips in this game
[GAME STAT] player NX01_4_1 wins 0 chips in this game
[GAME STAT] player Minty_4_2 wins 0 chips in this game
[GAME STAT] player ssw_4_3 wins 0 chips in this game
[GAME STAT] player Mars_4_4 wins -2 chips in this game
[GAME STAT] player wereFluke_4_5 wins -2 chips in this game
[GAME STAT] player courage_4_6 wins 4 chips in this game
[GAME STAT] player WaP_4_7 wins 0 chips in this game
[GAME 3] game ends, invoking player.game_end()
[GAME 4] game starts
[GAME INFO] number of participants in this game = 8
[GAME INFO] participant: The Joker_4_0, chip = 3000
[GAME INFO] participant: NX01_4_1, chip = 3005
[GAME INFO] participant: Minty_4_2, chip = 3000
[GAME INFO] participant: ssw_4_3, chip = 2999
[GAME INFO] participant: Mars_4_4, chip = 2998
[GAME INFO] participant: wereFluke_4_5, chip = 2994
[GAME INFO] participant: courage_4_6, chip = 3004
[GAME INFO] participant: WaP_4_7, chip = 3000
[GAME INFO] blind is 2
[GAME INFO] dealer is wereFluke_4_5
[GAME INFO] small blind 2 posted by courage_4_6
[GAME INFO] big blind 4 posted by WaP_4_7
[hole card] A club
[hole card] 6 club
[preflop] round starts
[preflop] player The Joker_4_0 has 3000 chips
[preflop] player NX01_4_1 has 3005 chips
[preflop] player Minty_4_2 has 3000 chips
[preflop] player ssw_4_3 has 2999 chips
[preflop] player Mars_4_4 has 2998 chips
[preflop] player wereFluke_4_5 has 2994 chips
[preflop] player courage_4_6 has 3002 chips
[preflop] player WaP_4_7 has 2996 chips
[preflop] action
[preflop] call (4 chips). 
[preflop] player The Joker_4_0 calls. Total bet is 4
[preflop] player NX01_4_1 folds
[preflop] player Minty_4_2 folds
[preflop] player ssw_4_3 folds
[preflop] player Mars_4_4 folds
[preflop] player wereFluke_4_5 calls. Total bet is 4
[preflop] player courage_4_6 calls. Total bet is 4
[preflop] player WaP_4_7 calls. Total bet is 4
[flop] J diamond
[flop] 8 spade
[flop] 4 spade
[flop] round starts
[flop] player The Joker_4_0 has 2996 chips
[flop] player NX01_4_1 has 3005 chips
[flop] player Minty_4_2 has 3000 chips
[flop] player ssw_4_3 has 2999 chips
[flop] player Mars_4_4 has 2998 chips
[flop] player wereFluke_4_5 has 2990 chips
[flop] player courage_4_6 has 3000 chips
[flop] player WaP_4_7 has 2996 chips
[flop] player courage_4_6 checks
[flop] player WaP_4_7 checks
[flop] action
[flop] check
[flop] player The Joker_4_0 checks
[flop] player wereFluke_4_5 checks
[flop] round ends
[turn] 3 spade
[turn] round starts
[turn] player The Joker_4_0 has 2996 chips
[turn] player NX01_4_1 has 3005 chips
[turn] player Minty_4_2 has 3000 chips
[turn] player ssw_4_3 has 2999 chips
[turn] player Mars_4_4 has 2998 chips
[turn] player wereFluke_4_5 has 2990 chips
[turn] player courage_4_6 has 3000 chips
[turn] player WaP_4_7 has 2996 chips
[turn] player courage_4_6 checks
[turn] player WaP_4_7 checks
[turn] action
[turn] check
[turn] player The Joker_4_0 checks
[turn] player wereFluke_4_5 checks
[turn] round ends
[river] 3 diamond
[river] round starts
[river] player The Joker_4_0 has 2996 chips
[river] player NX01_4_1 has 3005 chips
[river] player Minty_4_2 has 3000 chips
[river] player ssw_4_3 has 2999 chips
[river] player Mars_4_4 has 2998 chips
[river] player wereFluke_4_5 has 2990 chips
[river] player courage_4_6 has 3000 chips
[river] player WaP_4_7 has 2996 chips
[river] player courage_4_6 checks
[river] player WaP_4_7 checks
[river] action
[river] check
[river] player The Joker_4_0 checks
[river] player wereFluke_4_5 checks
[river] round ends
[SHOWDOWN] showdown starts
[SHOWDOWN] showdown
[SHOWDOWN] J diamond 8 spade 3 spade 3 diamond A club
[SHOWDOWN] player courage_4_6 shows A spade A diamond J diamond 3 spade 3 diamond, which is two pair.
[SHOWDOWN] player wereFluke_4_5 shows J club J diamond 8 spade 3 spade 3 diamond, which is two pair.
[SHOWDOWN] player The Joker_4_0 shows J diamond 8 spade 3 spade 3 diamond A club, which is one pair.
[SHOWDOWN] player WaP_4_7 shows J diamond 10 diamond 9 club 3 spade 3 diamond, which is one pair.
[GAME STAT] pot 0 with 16 chips is shared by 1 players
[GAME STAT] player courage_4_6 gets 16 chips from pot 0
[GAME STAT] overall statistics
[GAME STAT] player The Joker_4_0 wins -4 chips in this game
[GAME STAT] player NX01_4_1 wins 0 chips in this game
[GAME STAT] player Minty_4_2 wins 0 chips in this game
[GAME STAT] player ssw_4_3 wins 0 chips in this game
[GAME STAT] player Mars_4_4 wins 0 chips in this game
[GAME STAT] player wereFluke_4_5 wins -4 chips in this game
[GAME STAT] player courage_4_6 wins 12 chips in this game
[GAME STAT] player WaP_4_7 wins -4 chips in this game
[GAME 4] game ends, invoking player.game_end()
[GAME 5] game starts
[GAME INFO] number of participants in this game = 8
[GAME INFO] participant: The Joker_4_0, chip = 2996
[GAME INFO] participant: NX01_4_1, chip = 3005
[GAME INFO] participant: Minty_4_2, chip = 3000
[GAME INFO] participant: ssw_4_3, chip = 2999
[GAME INFO] participant: Mars_4_4, chip = 2998
[GAME INFO] participant: wereFluke_4_5, chip = 2990
[GAME INFO] participant: courage_4_6, chip = 3016
[GAME INFO] participant: WaP_4_7, chip = 2996
[GAME INFO] blind is 2
[GAME INFO] dealer is courage_4_6
[GAME INFO] small blind 2 posted by WaP_4_7
[GAME INFO] big blind 4 posted by The Joker_4_0
[hole card] 8 spade
[hole card] 10 diamond
[preflop] round starts
[preflop] player The Joker_4_0 has 2992 chips
[preflop] player NX01_4_1 has 3005 chips
[preflop] player Minty_4_2 has 3000 chips
[preflop] player ssw_4_3 has 2999 chips
[preflop] player Mars_4_4 has 2998 chips
[preflop] player wereFluke_4_5 has 2990 chips
[preflop] player courage_4_6 has 3016 chips
[preflop] player WaP_4_7 has 2994 chips
[preflop] player NX01_4_1 folds
[preflop] player Minty_4_2 folds
[preflop] player ssw_4_3 folds
[preflop] player Mars_4_4 folds
[preflop] player wereFluke_4_5 calls. Total bet is 4
[preflop] player courage_4_6 folds
[preflop] player WaP_4_7 folds
[preflop] action
[preflop] call (0 chips). 
[preflop] player The Joker_4_0 calls. Total bet is 4
[flop] 9 club
[flop] J heart
[flop] K heart
[flop] round starts
[flop] player The Joker_4_0 has 2992 chips
[flop] player NX01_4_1 has 3005 chips
[flop] player Minty_4_2 has 3000 chips
[flop] player ssw_4_3 has 2999 chips
[flop] player Mars_4_4 has 2998 chips
[flop] player wereFluke_4_5 has 2986 chips
[flop] player courage_4_6 has 3016 chips
[flop] player WaP_4_7 has 2994 chips
[flop] action
[flop] check
[flop] player The Joker_4_0 checks
[flop] player wereFluke_4_5 checks
[flop] round ends
[turn] 9 diamond
[turn] round starts
[turn] player The Joker_4_0 has 2992 chips
[turn] player NX01_4_1 has 3005 chips
[turn] player Minty_4_2 has 3000 chips
[turn] player ssw_4_3 has 2999 chips
[turn] player Mars_4_4 has 2998 chips
[turn] player wereFluke_4_5 has 2986 chips
[turn] player courage_4_6 has 3016 chips
[turn] player WaP_4_7 has 2994 chips
[turn] action
[turn] check
[turn] player The Joker_4_0 checks
[turn] player wereFluke_4_5 checks
[turn] round ends
[river] Q diamond
[river] round starts
[river] player The Joker_4_0 has 2992 chips
[river] player NX01_4_1 has 3005 chips
[river] player Minty_4_2 has 3000 chips
[river] player ssw_4_3 has 2999 chips
[river] player Mars_4_4 has 2998 chips
[river] player wereFluke_4_5 has 2986 chips
[river] player courage_4_6 has 3016 chips
[river] player WaP_4_7 has 2994 chips
[river] action
[river] check
[river] player The Joker_4_0 checks
[river] player wereFluke_4_5 checks
[river] round ends
[SHOWDOWN] showdown starts
[SHOWDOWN] showdown
[SHOWDOWN] J heart K heart 9 diamond Q diamond 10 diamond
[SHOWDOWN] player The Joker_4_0 shows J heart K heart 9 diamond Q diamond 10 diamond, which is straight.
[SHOWDOWN] player wereFluke_4_5 shows 4 heart 2 spade 9 club 9 diamond Q diamond, which is one pair.
[GAME STAT] pot 0 with 6 chips is shared by 1 players
[GAME STAT] player The Joker_4_0 gets 6 chips from pot 0
[GAME STAT] pot 1 with 4 chips is shared by 1 players
[GAME STAT] player The Joker_4_0 gets 4 chips from pot 1
[GAME STAT] overall statistics
[GAME STAT] player The Joker_4_0 wins 6 chips in this game
[GAME STAT] player NX01_4_1 wins 0 chips in this game
[GAME STAT] player Minty_4_2 wins 0 chips in this game
[GAME STAT] player ssw_4_3 wins 0 chips in this game
[GAME STAT] player Mars_4_4 wins 0 chips in this game
[GAME STAT] player wereFluke_4_5 wins -4 chips in this game
[GAME STAT] player courage_4_6 wins 0 chips in this game
[GAME STAT] player WaP_4_7 wins -2 chips in this game
[GAME 5] game ends, invoking player.game_end()
[GAME 6] game starts
[GAME INFO] number of participants in this game = 8
[GAME INFO] participant: The Joker_4_0, chip = 3002
[GAME INFO] participant: NX01_4_1, chip = 3005
[GAME INFO] participant: Minty_4_2, chip = 3000
[GAME INFO] participant: ssw_4_3, chip = 2999
[GAME INFO] participant: Mars_4_4, chip = 2998
[GAME INFO] participant: wereFluke_4_5, chip = 2986
[GAME INFO] participant: courage_4_6, chip = 3016
[GAME INFO] participant: WaP_4_7, chip = 2994
[GAME INFO] blind is 2
[GAME INFO] dealer is WaP_4_7
[GAME INFO] small blind 2 posted by The Joker_4_0
[GAME INFO] big blind 4 posted by NX01_4_1
[hole card] K heart
[hole card] Q club
[preflop] round starts
[preflop] player The Joker_4_0 has 3000 chips
[preflop] player NX01_4_1 has 3001 chips
[preflop] player Minty_4_2 has 3000 chips
[preflop] player ssw_4_3 has 2999 chips
[preflop] player Mars_4_4 has 2998 chips
[preflop] player wereFluke_4_5 has 2986 chips
[preflop] player courage_4_6 has 3016 chips
[preflop] player WaP_4_7 has 2994 chips
[preflop] player Minty_4_2 folds
[preflop] player ssw_4_3 folds
[preflop] player Mars_4_4 folds
[preflop] player wereFluke_4_5 calls. Total bet is 4
[preflop] player courage_4_6 folds
[preflop] player WaP_4_7 folds
[preflop] action
[preflop] call (2 chips). 
[preflop] player The Joker_4_0 calls. Total bet is 4
[preflop] player NX01_4_1 folds
[flop] 5 club
[flop] 6 club
[flop] 8 diamond
[flop] round starts
[flop] player The Joker_4_0 has 2998 chips
[flop] player NX01_4_1 has 3001 chips
[flop] player Minty_4_2 has 3000 chips
[flop] player ssw_4_3 has 2999 chips
[flop] player Mars_4_4 has 2998 chips
[flop] player wereFluke_4_5 has 2982 chips
[flop] player courage_4_6 has 3016 chips
[flop] player WaP_4_7 has 2994 chips
[flop] action
[flop] check
[flop] player The Joker_4_0 checks
[flop] player wereFluke_4_5 checks
[flop] round ends
[turn] K diamond
[turn] round starts
[turn] player The Joker_4_0 has 2998 chips
[turn] player NX01_4_1 has 3001 chips
[turn] player Minty_4_2 has 3000 chips
[turn] player ssw_4_3 has 2999 chips
[turn] player Mars_4_4 has 2998 chips
[turn] player wereFluke_4_5 has 2982 chips
[turn] player courage_4_6 has 3016 chips
[turn] player WaP_4_7 has 2994 chips
[turn] action
[turn] check
[turn] player The Joker_4_0 checks
[turn] player wereFluke_4_5 checks
[turn] round ends
[river] A diamond
[river] round starts
[river] player The Joker_4_0 has 2998 chips
[river] player NX01_4_1 has 3001 chips
[river] player Minty_4_2 has 3000 chips
[river] player ssw_4_3 has 2999 chips
[river] player Mars_4_4 has 2998 chips
[river] player wereFluke_4_5 has 2982 chips
[river] player courage_4_6 has 3016 chips
[river] player WaP_4_7 has 2994 chips
[river] action
[river] check
[river] player The Joker_4_0 checks
[river] player wereFluke_4_5 checks
[river] round ends
[SHOWDOWN] showdown starts
[SHOWDOWN] showdown
[SHOWDOWN] 8 diamond K diamond A diamond K heart Q club
[SHOWDOWN] player The Joker_4_0 shows 8 diamond K diamond A diamond K heart Q club, which is one pair.
[SHOWDOWN] player wereFluke_4_5 shows 8 spade 10 heart 8 diamond K diamond A diamond, which is one pair.
[GAME STAT] pot 0 with 12 chips is shared by 1 players
[GAME STAT] player The Joker_4_0 gets 12 chips from pot 0
[GAME STAT] overall statistics
[GAME STAT] player The Joker_4_0 wins 8 chips in this game
[GAME STAT] player NX01_4_1 wins -4 chips in this game
[GAME STAT] player Minty_4_2 wins 0 chips in this game
[GAME STAT] player ssw_4_3 wins 0 chips in this game
[GAME STAT] player Mars_4_4 wins 0 chips in this game
[GAME STAT] player wereFluke_4_5 wins -4 chips in this game
[GAME STAT] player courage_4_6 wins 0 chips in this game
[GAME STAT] player WaP_4_7 wins 0 chips in this game
[GAME 6] game ends, invoking player.game_end()
[GAME 7] game starts
[GAME INFO] number of participants in this game = 8
[GAME INFO] participant: The Joker_4_0, chip = 3010
[GAME INFO] participant: NX01_4_1, chip = 3001
[GAME INFO] participant: Minty_4_2, chip = 3000
[GAME INFO] participant: ssw_4_3, chip = 2999
[GAME INFO] participant: Mars_4_4, chip = 2998
[GAME INFO] participant: wereFluke_4_5, chip = 2982
[GAME INFO] participant: courage_4_6, chip = 3016
[GAME INFO] participant: WaP_4_7, chip = 2994
[GAME INFO] blind is 5
[GAME INFO] dealer is The Joker_4_0
[GAME INFO] small blind 5 posted by NX01_4_1
[GAME INFO] big blind 10 posted by Minty_4_2
[hole card] 2 heart
[hole card] A diamond
[preflop] round starts
[preflop] player The Joker_4_0 has 3010 chips
[preflop] player NX01_4_1 has 2996 chips
[preflop] player Minty_4_2 has 2990 chips
[preflop] player ssw_4_3 has 2999 chips
[preflop] player Mars_4_4 has 2998 chips
[preflop] player wereFluke_4_5 has 2982 chips
[preflop] player courage_4_6 has 3016 chips
[preflop] player WaP_4_7 has 2994 chips
[preflop] player ssw_4_3 folds
[preflop] player Mars_4_4 calls. Total bet is 10
[preflop] player wereFluke_4_5 calls. Total bet is 10
[preflop] player courage_4_6 folds
[preflop] player WaP_4_7 calls. Total bet is 10
[preflop] action
[preflop] call (10 chips). 
[preflop] player The Joker_4_0 calls. Total bet is 10
[preflop] player NX01_4_1 folds
[preflop] player Minty_4_2 folds
[flop] K heart
[flop] A club
[flop] Q heart
[flop] round starts
[flop] player The Joker_4_0 has 3000 chips
[flop] player NX01_4_1 has 2996 chips
[flop] player Minty_4_2 has 2990 chips
[flop] player ssw_4_3 has 2999 chips
[flop] player Mars_4_4 has 2988 chips
[flop] player wereFluke_4_5 has 2972 chips
[flop] player courage_4_6 has 3016 chips
[flop] player WaP_4_7 has 2984 chips
[flop] player Mars_4_4 checks
[flop] player wereFluke_4_5 checks
[flop] player WaP_4_7 checks
[flop] action
[flop] check
[flop] player The Joker_4_0 checks
[flop] round ends
[turn] 6 heart
[turn] round starts
[turn] player The Joker_4_0 has 3000 chips
[turn] player NX01_4_1 has 2996 chips
[turn] player Minty_4_2 has 2990 chips
[turn] player ssw_4_3 has 2999 chips
[turn] player Mars_4_4 has 2988 chips
[turn] player wereFluke_4_5 has 2972 chips
[turn] player courage_4_6 has 3016 chips
[turn] player WaP_4_7 has 2984 chips
[turn] player Mars_4_4 checks
[turn] player wereFluke_4_5 checks
[turn] player WaP_4_7 checks
[turn] action
[turn] check
[turn] player The Joker_4_0 checks
[turn] round ends
[river] A spade
[river] round starts
[river] player The Joker_4_0 has 3000 chips
[river] player NX01_4_1 has 2996 chips
[river] player Minty_4_2 has 2990 chips
[river] player ssw_4_3 has 2999 chips
[river] player Mars_4_4 has 2988 chips
[river] player wereFluke_4_5 has 2972 chips
[river] player courage_4_6 has 3016 chips
[river] player WaP_4_7 has 2984 chips
[river] player Mars_4_4 checks
[river] player wereFluke_4_5 checks
[river] player WaP_4_7 checks
[river] action
[river] check
[river] player The Joker_4_0 checks
[river] round ends
[SHOWDOWN] showdown starts
[SHOWDOWN] showdown
[SHOWDOWN] K heart A club Q heart A spade A diamond
[SHOWDOWN] player The Joker_4_0 shows K heart A club Q heart A spade A diamond, which is three of a kind.
[SHOWDOWN] player WaP_4_7 shows A club A spade 7 heart 7 diamond 6 heart, which is two pair.
[SHOWDOWN] player Mars_4_4 shows A club A spade J club K heart Q heart, which is one pair.
[SHOWDOWN] player wereFluke_4_5 shows 7 spade 9 diamond K heart A club A spade, which is one pair.
[GAME STAT] pot 0 with 30 chips is shared by 1 players
[GAME STAT] player The Joker_4_0 gets 30 chips from pot 0
[GAME STAT] pot 1 with 25 chips is shared by 1 players
[GAME STAT] player The Joker_4_0 gets 25 chips from pot 1
[GAME STAT] overall statistics
[GAME STAT] player The Joker_4_0 wins 45 chips in this game
[GAME STAT] player NX01_4_1 wins -5 chips in this game
[GAME STAT] player Minty_4_2 wins -10 chips in this game
[GAME STAT] player ssw_4_3 wins 0 chips in this game
[GAME STAT] player Mars_4_4 wins -10 chips in this game
[GAME STAT] player wereFluke_4_5 wins -10 chips in this game
[GAME STAT] player courage_4_6 wins 0 chips in this game
[GAME STAT] player WaP_4_7 wins -10 chips in this game
[GAME 7] game ends, invoking player.game_end()
[GAME 8] game starts
[GAME INFO] number of participants in this game = 8
[GAME INFO] participant: The Joker_4_0, chip = 3055
[GAME INFO] participant: NX01_4_1, chip = 2996
[GAME INFO] participant: Minty_4_2, chip = 2990
[GAME INFO] participant: ssw_4_3, chip = 2999
[GAME INFO] participant: Mars_4_4, chip = 2988
[GAME INFO] participant: wereFluke_4_5, chip = 2972
[GAME INFO] participant: courage_4_6, chip = 3016
[GAME INFO] participant: WaP_4_7, chip = 2984
[GAME INFO] blind is 5
[GAME INFO] dealer is NX01_4_1
[GAME INFO] small blind 5 posted by Minty_4_2
[GAME INFO] big blind 10 posted by ssw_4_3
[hole card] 3 diamond
[hole card] 6 heart
[preflop] round starts
[preflop] player The Joker_4_0 has 3055 chips
[preflop] player NX01_4_1 has 2996 chips
[preflop] player Minty_4_2 has 2985 chips
[preflop] player ssw_4_3 has 2989 chips
[preflop] player Mars_4_4 has 2988 chips
[preflop] player wereFluke_4_5 has 2972 chips
[preflop] player courage_4_6 has 3016 chips
[preflop] player WaP_4_7 has 2984 chips
[preflop] player Mars_4_4 calls. Total bet is 10
[preflop] player wereFluke_4_5 calls. Total bet is 10
[preflop] player courage_4_6 folds
[preflop] player WaP_4_7 folds
[preflop] action
[WARNING] CANNOT check when another player has raised
[preflop] player The Joker_4_0 folds
[preflop] player NX01_4_1 folds
[preflop] player Minty_4_2 folds
[preflop] player ssw_4_3 folds
[flop] 7 diamond
[flop] 3 heart
[flop] 7 spade
[flop] round starts
[flop] player The Joker_4_0 has 3055 chips
[flop] player NX01_4_1 has 2996 chips
[flop] player Minty_4_2 has 2985 chips
[flop] player ssw_4_3 has 2989 chips
[flop] player Mars_4_4 has 2978 chips
[flop] player wereFluke_4_5 has 2962 chips
[flop] player courage_4_6 has 3016 chips
[flop] player WaP_4_7 has 2984 chips
[flop] player Mars_4_4 checks
[flop] player wereFluke_4_5 checks
[flop] round ends
[turn] 2 diamond
[turn] round starts
[turn] player The Joker_4_0 has 3055 chips
[turn] player NX01_4_1 has 2996 chips
[turn] player Minty_4_2 has 2985 chips
[turn] player ssw_4_3 has 2989 chips
[turn] player Mars_4_4 has 2978 chips
[turn] player wereFluke_4_5 has 2962 chips
[turn] player courage_4_6 has 3016 chips
[turn] player WaP_4_7 has 2984 chips
[turn] player Mars_4_4 checks
[turn] player wereFluke_4_5 checks
[turn] round ends
[river] 8 club
[river] round starts
[river] player The Joker_4_0 has 3055 chips
[river] player NX01_4_1 has 2996 chips
[river] player Minty_4_2 has 2985 chips
[river] player ssw_4_3 has 2989 chips
[river] player Mars_4_4 has 2978 chips
[river] player wereFluke_4_5 has 2962 chips
[river] player courage_4_6 has 3016 chips
[river] player WaP_4_7 has 2984 chips
[river] player Mars_4_4 checks
[river] player wereFluke_4_5 checks
[river] round ends
[SHOWDOWN] showdown starts
[SHOWDOWN] player wereFluke_4_5 shows 7 heart 7 diamond 7 spade 2 diamond 8 club, which is three of a kind.
[SHOWDOWN] player Mars_4_4 shows 2 club 2 diamond 7 diamond 7 spade 10 diamond, which is two pair.
[GAME STAT] pot 0 with 20 chips is shared by 1 players
[GAME STAT] player wereFluke_4_5 gets 20 chips from pot 0
[GAME STAT] pot 1 with 15 chips is shared by 1 players
[GAME STAT] player wereFluke_4_5 gets 15 chips from pot 1
[GAME STAT] overall statistics
[GAME STAT] player The Joker_4_0 wins 0 chips in this game
[GAME STAT] player NX01_4_1 wins 0 chips in this game
[GAME STAT] player Minty_4_2 wins -5 chips in this game
[GAME STAT] player ssw_4_3 wins -10 chips in this game
[GAME STAT] player Mars_4_4 wins -10 chips in this game
[GAME STAT] player wereFluke_4_5 wins 25 chips in this game
[GAME STAT] player courage_4_6 wins 0 chips in this game
[GAME STAT] player WaP_4_7 wins 0 chips in this game
[GAME 8] game ends, invoking player.game_end()
[GAME 9] game starts
[GAME INFO] number of participants in this game = 8
[GAME INFO] participant: The Joker_4_0, chip = 3055
[GAME INFO] participant: NX01_4_1, chip = 2996
[GAME INFO] participant: Minty_4_2, chip = 2985
[GAME INFO] participant: ssw_4_3, chip = 2989
[GAME INFO] participant: Mars_4_4, chip = 2978
[GAME INFO] participant: wereFluke_4_5, chip = 2997
[GAME INFO] participant: courage_4_6, chip = 3016
[GAME INFO] participant: WaP_4_7, chip = 2984
[GAME INFO] blind is 5
[GAME INFO] dealer is Minty_4_2
[GAME INFO] small blind 5 posted by ssw_4_3
[GAME INFO] big blind 10 posted by Mars_4_4
[hole card] 5 heart
[hole card] Q diamond
[preflop] round starts
[preflop] player The Joker_4_0 has 3055 chips
[preflop] player NX01_4_1 has 2996 chips
[preflop] player Minty_4_2 has 2985 chips
[preflop] player ssw_4_3 has 2984 chips
[preflop] player Mars_4_4 has 2968 chips
[preflop] player wereFluke_4_5 has 2997 chips
[preflop] player courage_4_6 has 3016 chips
[preflop] player WaP_4_7 has 2984 chips
[preflop] player wereFluke_4_5 calls. Total bet is 10
[preflop] player courage_4_6 folds
[preflop] player WaP_4_7 folds
[preflop] action
[WARNING] CANNOT check when another player has raised
[preflop] player The Joker_4_0 folds
[preflop] player NX01_4_1 calls. Total bet is 10
[preflop] player Minty_4_2 folds
[preflop] player ssw_4_3 folds
[preflop] player Mars_4_4 calls. Total bet is 10
[flop] K heart
[flop] 8 club
[flop] Q heart
[flop] round starts
[flop] player The Joker_4_0 has 3055 chips
[flop] player NX01_4_1 has 2986 chips
[flop] player Minty_4_2 has 2985 chips
[flop] player ssw_4_3 has 2984 chips
[flop] player Mars_4_4 has 2968 chips
[flop] player wereFluke_4_5 has 2987 chips
[flop] player courage_4_6 has 3016 chips
[flop] player WaP_4_7 has 2984 chips
[flop] player Mars_4_4 checks
[flop] player wereFluke_4_5 checks
[flop] player NX01_4_1 checks
[flop] round ends
[turn] 4 club
[turn] round starts
[turn] player The Joker_4_0 has 3055 chips
[turn] player NX01_4_1 has 2986 chips
[turn] player Minty_4_2 has 2985 chips
[turn] player ssw_4_3 has 2984 chips
[turn] player Mars_4_4 has 2968 chips
[turn] player wereFluke_4_5 has 2987 chips
[turn] player courage_4_6 has 3016 chips
[turn] player WaP_4_7 has 2984 chips
[turn] player Mars_4_4 checks
[turn] player wereFluke_4_5 checks
[turn] player NX01_4_1 checks
[turn] round ends
[river] 7 heart
[river] round starts
[river] player The Joker_4_0 has 3055 chips
[river] player NX01_4_1 has 2986 chips
[river] player Minty_4_2 has 2985 chips
[river] player ssw_4_3 has 2984 chips
[river] player Mars_4_4 has 2968 chips
[river] player wereFluke_4_5 has 2987 chips
[river] player courage_4_6 has 3016 chips
[river] player WaP_4_7 has 2984 chips
[river] player Mars_4_4 checks
[river] player wereFluke_4_5 checks
[river] player NX01_4_1 checks
[river] round ends
[SHOWDOWN] showdown starts
[SHOWDOWN] player NX01_4_1 shows Q club Q heart K heart J club 8 club, which is one pair.
[SHOWDOWN] player Mars_4_4 shows 7 diamond 7 heart J spade K heart Q heart, which is one pair.
[SHOWDOWN] player wereFluke_4_5 shows 9 diamond A diamond K heart 8 club Q heart, which is high card.
[GAME STAT] pot 0 with 20 chips is shared by 1 players
[GAME STAT] player NX01_4_1 gets 20 chips from pot 0
[GAME STAT] pot 1 with 15 chips is shared by 1 players
[GAME STAT] player NX01_4_1 gets 15 chips from pot 1
[GAME STAT] overall statistics
[GAME STAT] player The Joker_4_0 wins 0 chips in this game
[GAME STAT] player NX01_4_1 wins 25 chips in this game
[GAME STAT] player Minty_4_2 wins 0 chips in this game
[GAME STAT] player ssw_4_3 wins -5 chips in this game
[GAME STAT] player Mars_4_4 wins -10 chips in this game
[GAME STAT] player wereFluke_4_5 wins -10 chips in this game
[GAME STAT] player courage_4_6 wins 0 chips in this game
[GAME STAT] player WaP_4_7 wins 0 chips in this game
[GAME 9] game ends, invoking player.game_end()
[GAME 10] game starts
[GAME INFO] number of participants in this game = 8
[GAME INFO] participant: The Joker_4_0, chip = 3055
[GAME INFO] participant: NX01_4_1, chip = 3021
[GAME INFO] participant: Minty_4_2, chip = 2985
[GAME INFO] participant: ssw_4_3, chip = 2984
[GAME INFO] participant: Mars_4_4, chip = 2968
[GAME INFO] participant: wereFluke_4_5, chip = 2987
[GAME INFO] participant: courage_4_6, chip = 3016
[GAME INFO] participant: WaP_4_7, chip = 2984
[GAME INFO] blind is 10
[GAME INFO] dealer is ssw_4_3
[GAME INFO] small blind 10 posted by Mars_4_4
[GAME INFO] big blind 20 posted by wereFluke_4_5
[hole card] A diamond
[hole card] K diamond
[preflop] round starts
[preflop] player The Joker_4_0 has 3055 chips
[preflop] player NX01_4_1 has 3021 chips
[preflop] player Minty_4_2 has 2985 chips
[preflop] player ssw_4_3 has 2984 chips
[preflop] player Mars_4_4 has 2958 chips
[preflop] player wereFluke_4_5 has 2967 chips
[preflop] player courage_4_6 has 3016 chips
[preflop] player WaP_4_7 has 2984 chips
[preflop] player courage_4_6 folds
[preflop] player WaP_4_7 folds
[preflop] action
[preflop] call (20 chips). 
[preflop] player The Joker_4_0 calls. Total bet is 20
[preflop] player NX01_4_1 folds
[preflop] player Minty_4_2 folds
[preflop] player ssw_4_3 folds
[preflop] player Mars_4_4 calls. Total bet is 20
[preflop] player wereFluke_4_5 calls. Total bet is 20
[flop] 3 spade
[flop] 7 club
[flop] 5 diamond
[flop] round starts
[flop] player The Joker_4_0 has 3035 chips
[flop] player NX01_4_1 has 3021 chips
[flop] player Minty_4_2 has 2985 chips
[flop] player ssw_4_3 has 2984 chips
[flop] player Mars_4_4 has 2948 chips
[flop] player wereFluke_4_5 has 2967 chips
[flop] player courage_4_6 has 3016 chips
[flop] player WaP_4_7 has 2984 chips
[flop] player Mars_4_4 checks
[flop] player wereFluke_4_5 checks
[flop] action
[flop] check
[flop] player The Joker_4_0 checks
[flop] round ends
[turn] 8 heart
[turn] round starts
[turn] player The Joker_4_0 has 3035 chips
[turn] player NX01_4_1 has 3021 chips
[turn] player Minty_4_2 has 2985 chips
[turn] player ssw_4_3 has 2984 chips
[turn] player Mars_4_4 has 2948 chips
[turn] player wereFluke_4_5 has 2967 chips
[turn] player courage_4_6 has 3016 chips
[turn] player WaP_4_7 has 2984 chips
[turn] player Mars_4_4 checks
[turn] player wereFluke_4_5 checks
[turn] action
[turn] check
[turn] player The Joker_4_0 checks
[turn] round ends
[river] 2 heart
[river] round starts
[river] player The Joker_4_0 has 3035 chips
[river] player NX01_4_1 has 3021 chips
[river] player Minty_4_2 has 2985 chips
[river] player ssw_4_3 has 2984 chips
[river] player Mars_4_4 has 2948 chips
[river] player wereFluke_4_5 has 2967 chips
[river] player courage_4_6 has 3016 chips
[river] player WaP_4_7 has 2984 chips
[river] player Mars_4_4 checks
[river] player wereFluke_4_5 checks
[river] action
[river] check
[river] player The Joker_4_0 checks
[river] round ends
[SHOWDOWN] showdown starts
[SHOWDOWN] showdown
[SHOWDOWN] 7 club 5 diamond 8 heart A diamond K diamond
[SHOWDOWN] player wereFluke_4_5 shows 9 diamond 6 heart 7 club 5 diamond 8 heart, which is straight.
[SHOWDOWN] player Mars_4_4 shows 5 diamond 7 club 8 club 8 heart Q spade, which is one pair.
[SHOWDOWN] player The Joker_4_0 shows 7 club 5 diamond 8 heart A diamond K diamond, which is high card.
[GAME STAT] pot 0 with 60 chips is shared by 1 players
[GAME STAT] player wereFluke_4_5 gets 60 chips from pot 0
[GAME STAT] overall statistics
[GAME STAT] player The Joker_4_0 wins -20 chips in this game
[GAME STAT] player NX01_4_1 wins 0 chips in this game
[GAME STAT] player Minty_4_2 wins 0 chips in this game
[GAME STAT] player ssw_4_3 wins 0 chips in this game
[GAME STAT] player Mars_4_4 wins -20 chips in this game
[GAME STAT] player wereFluke_4_5 wins 40 chips in this game
[GAME STAT] player courage_4_6 wins 0 chips in this game
[GAME STAT] player WaP_4_7 wins 0 chips in this game
[GAME 10] game ends, invoking player.game_end()
[GAME 11] game starts
[GAME INFO] number of participants in this game = 8
[GAME INFO] participant: The Joker_4_0, chip = 3035
[GAME INFO] participant: NX01_4_1, chip = 3021
[GAME INFO] participant: Minty_4_2, chip = 2985
[GAME INFO] participant: ssw_4_3, chip = 2984
[GAME INFO] participant: Mars_4_4, chip = 2948
[GAME INFO] participant: wereFluke_4_5, chip = 3027
[GAME INFO] participant: courage_4_6, chip = 3016
[GAME INFO] participant: WaP_4_7, chip = 2984
[GAME INFO] blind is 10
[GAME INFO] dealer is Mars_4_4
[GAME INFO] small blind 10 posted by wereFluke_4_5
[GAME INFO] big blind 20 posted by courage_4_6
[hole card] 3 spade
[hole card] Q diamond
[preflop] round starts
[preflop] player The Joker_4_0 has 3035 chips
[preflop] player NX01_4_1 has 3021 chips
[preflop] player Minty_4_2 has 2985 chips
[preflop] player ssw_4_3 has 2984 chips
[preflop] player Mars_4_4 has 2948 chips
[preflop] player wereFluke_4_5 has 3017 chips
[preflop] player courage_4_6 has 2996 chips
[preflop] player WaP_4_7 has 2984 chips
[preflop] player WaP_4_7 folds
[preflop] action
[WARNING] CANNOT check when another player has raised
[preflop] player The Joker_4_0 folds
[preflop] player NX01_4_1 folds
[preflop] player Minty_4_2 folds
[preflop] player ssw_4_3 folds
[preflop] player Mars_4_4 folds
[preflop] player wereFluke_4_5 calls. Total bet is 20
[preflop] player courage_4_6 calls. Total bet is 20
[flop] 8 diamond
[flop] 5 heart
[flop] 9 spade
[flop] round starts
[flop] player The Joker_4_0 has 3035 chips
[flop] player NX01_4_1 has 3021 chips
[flop] player Minty_4_2 has 2985 chips
[flop] player ssw_4_3 has 2984 chips
[flop] player Mars_4_4 has 2948 chips
[flop] player wereFluke_4_5 has 3007 chips
[flop] player courage_4_6 has 2996 chips
[flop] player WaP_4_7 has 2984 chips
[flop] player wereFluke_4_5 checks
[flop] player courage_4_6 checks
[flop] round ends
[turn] A club
[turn] round starts
[turn] player The Joker_4_0 has 3035 chips
[turn] player NX01_4_1 has 3021 chips
[turn] player Minty_4_2 has 2985 chips
[turn] player ssw_4_3 has 2984 chips
[turn] player Mars_4_4 has 2948 chips
[turn] player wereFluke_4_5 has 3007 chips
[turn] player courage_4_6 has 2996 chips
[turn] player WaP_4_7 has 2984 chips
[turn] player wereFluke_4_5 checks
[turn] player courage_4_6 checks
[turn] round ends
[river] 9 heart
[river] round starts
[river] player The Joker_4_0 has 3035 chips
[river] player NX01_4_1 has 3021 chips
[river] player Minty_4_2 has 2985 chips
[river] player ssw_4_3 has 2984 chips
[river] player Mars_4_4 has 2948 chips
[river] player wereFluke_4_5 has 3007 chips
[river] player courage_4_6 has 2996 chips
[river] player WaP_4_7 has 2984 chips
[river] player wereFluke_4_5 checks
[river] player courage_4_6 checks
[river] round ends
[SHOWDOWN] showdown starts
[SHOWDOWN] player courage_4_6 shows 5 spade 5 heart 9 spade A club 9 heart, which is two pair.
[SHOWDOWN] player wereFluke_4_5 shows J heart Q spade 8 diamond 9 spade 9 heart, which is one pair.
[GAME STAT] pot 0 with 40 chips is shared by 1 players
[GAME STAT] player courage_4_6 gets 40 chips from pot 0
[GAME STAT] overall statistics
[GAME STAT] player The Joker_4_0 wins 0 chips in this game
[GAME STAT] player NX01_4_1 wins 0 chips in this game
[GAME STAT] player Minty_4_2 wins 0 chips in this game
[GAME STAT] player ssw_4_3 wins 0 chips in this game
[GAME STAT] player Mars_4_4 wins 0 chips in this game
[GAME STAT] player wereFluke_4_5 wins -20 chips in this game
[GAME STAT] player courage_4_6 wins 20 chips in this game
[GAME STAT] player WaP_4_7 wins 0 chips in this game
[GAME 11] game ends, invoking player.game_end()
[GAME 12] game starts
[GAME INFO] number of participants in this game = 8
[GAME INFO] participant: The Joker_4_0, chip = 3035
[GAME INFO] participant: NX01_4_1, chip = 3021
[GAME INFO] participant: Minty_4_2, chip = 2985
[GAME INFO] participant: ssw_4_3, chip = 2984
[GAME INFO] participant: Mars_4_4, chip = 2948
[GAME INFO] participant: wereFluke_4_5, chip = 3007
[GAME INFO] participant: courage_4_6, chip = 3036
[GAME INFO] participant: WaP_4_7, chip = 2984
[GAME INFO] blind is 10
[GAME INFO] dealer is wereFluke_4_5
[GAME INFO] small blind 10 posted by courage_4_6
[GAME INFO] big blind 20 posted by WaP_4_7
[hole card] 6 club
[hole card] 10 heart
[preflop] round starts
[preflop] player The Joker_4_0 has 3035 chips
[preflop] player NX01_4_1 has 3021 chips
[preflop] player Minty_4_2 has 2985 chips
[preflop] player ssw_4_3 has 2984 chips
[preflop] player Mars_4_4 has 2948 chips
[preflop] player wereFluke_4_5 has 3007 chips
[preflop] player courage_4_6 has 3026 chips
[preflop] player WaP_4_7 has 2964 chips
[preflop] action
[WARNING] CANNOT check when another player has raised
[preflop] player The Joker_4_0 folds
[preflop] player NX01_4_1 calls. Total bet is 20
[preflop] player Minty_4_2 folds
[preflop] player ssw_4_3 folds
[preflop] player Mars_4_4 calls. Total bet is 20
[preflop] player wereFluke_4_5 calls. Total bet is 20
[preflop] player courage_4_6 folds
[preflop] player WaP_4_7 calls. Total bet is 20
[flop] J heart
[flop] K spade
[flop] 8 diamond
[flop] round starts
[flop] player The Joker_4_0 has 3035 chips
[flop] player NX01_4_1 has 3001 chips
[flop] player Minty_4_2 has 2985 chips
[flop] player ssw_4_3 has 2984 chips
[flop] player Mars_4_4 has 2928 chips
[flop] player wereFluke_4_5 has 2987 chips
[flop] player courage_4_6 has 3026 chips
[flop] player WaP_4_7 has 2964 chips
[flop] player WaP_4_7 checks
[flop] player NX01_4_1 checks
[flop] player Mars_4_4 checks
[flop] player wereFluke_4_5 checks
[flop] round ends
[turn] J diamond
[turn] round starts
[turn] player The Joker_4_0 has 3035 chips
[turn] player NX01_4_1 has 3001 chips
[turn] player Minty_4_2 has 2985 chips
[turn] player ssw_4_3 has 2984 chips
[turn] player Mars_4_4 has 2928 chips
[turn] player wereFluke_4_5 has 2987 chips
[turn] player courage_4_6 has 3026 chips
[turn] player WaP_4_7 has 2964 chips
[turn] player WaP_4_7 checks
[turn] player NX01_4_1 checks
[turn] player Mars_4_4 checks
[turn] player wereFluke_4_5 checks
[turn] round ends
[river] 2 diamond
[river] round starts
[river] player The Joker_4_0 has 3035 chips
[river] player NX01_4_1 has 3001 chips
[river] player Minty_4_2 has 2985 chips
[river] player ssw_4_3 has 2984 chips
[river] player Mars_4_4 has 2928 chips
[river] player wereFluke_4_5 has 2987 chips
[river] player courage_4_6 has 3026 chips
[river] player WaP_4_7 has 2964 chips
[river] player WaP_4_7 checks
[river] player NX01_4_1 checks
[river] player Mars_4_4 raises 1454. Total bet is 1454
[river] player wereFluke_4_5 folds
[river] player WaP_4_7 folds
[river] player NX01_4_1 folds
[GAME STAT] pot 0 with 50 chips is shared by 1 players
[GAME STAT] player Mars_4_4 gets 50 chips from pot 0
[GAME STAT] pot 1 with 40 chips is shared by 1 players
[GAME STAT] player Mars_4_4 gets 40 chips from pot 1
[GAME STAT] pot 2 with 1454 chips is shared by 1 players
[GAME STAT] player Mars_4_4 gets 1454 chips from pot 2
[GAME STAT] overall statistics
[GAME STAT] player The Joker_4_0 wins 0 chips in this game
[GAME STAT] player NX01_4_1 wins -20 chips in this game
[GAME STAT] player Minty_4_2 wins 0 chips in this game
[GAME STAT] player ssw_4_3 wins 0 chips in this game
[GAME STAT] player Mars_4_4 wins 70 chips in this game
[GAME STAT] player wereFluke_4_5 wins -20 chips in this game
[GAME STAT] player courage_4_6 wins -10 chips in this game
[GAME STAT] player WaP_4_7 wins -20 chips in this game
[GAME 12] game ends, invoking player.game_end()
[GAME 13] game starts
[GAME INFO] number of participants in this game = 8
[GAME INFO] participant: The Joker_4_0, chip = 3035
[GAME INFO] participant: NX01_4_1, chip = 3001
[GAME INFO] participant: Minty_4_2, chip = 2985
[GAME INFO] participant: ssw_4_3, chip = 2984
[GAME INFO] participant: Mars_4_4, chip = 3018
[GAME INFO] participant: wereFluke_4_5, chip = 2987
[GAME INFO] participant: courage_4_6, chip = 3026
[GAME INFO] participant: WaP_4_7, chip = 2964
[GAME INFO] blind is 20
[GAME INFO] dealer is courage_4_6
[GAME INFO] small blind 20 posted by WaP_4_7
[GAME INFO] big blind 40 posted by The Joker_4_0
[hole card] 9 spade
[hole card] 5 spade
[preflop] round starts
[preflop] player The Joker_4_0 has 2995 chips
[preflop] player NX01_4_1 has 3001 chips
[preflop] player Minty_4_2 has 2985 chips
[preflop] player ssw_4_3 has 2984 chips
[preflop] player Mars_4_4 has 3018 chips
[preflop] player wereFluke_4_5 has 2987 chips
[preflop] player courage_4_6 has 3026 chips
[preflop] player WaP_4_7 has 2944 chips
[preflop] player NX01_4_1 folds
[preflop] player Minty_4_2 folds
[preflop] player ssw_4_3 folds
[preflop] player Mars_4_4 folds
[preflop] player wereFluke_4_5 calls. Total bet is 40
[preflop] player courage_4_6 calls. Total bet is 40
[preflop] player WaP_4_7 folds
[preflop] action
[preflop] call (0 chips). 
[preflop] player The Joker_4_0 calls. Total bet is 40
[flop] 3 club
[flop] 8 diamond
[flop] 10 heart
[flop] round starts
[flop] player The Joker_4_0 has 2995 chips
[flop] player NX01_4_1 has 3001 chips
[flop] player Minty_4_2 has 2985 chips
[flop] player ssw_4_3 has 2984 chips
[flop] player Mars_4_4 has 3018 chips
[flop] player wereFluke_4_5 has 2947 chips
[flop] player courage_4_6 has 2986 chips
[flop] player WaP_4_7 has 2944 chips
[flop] action
[flop] check
[flop] player The Joker_4_0 checks
[flop] player wereFluke_4_5 checks
[flop] player courage_4_6 checks
[flop] round ends
[turn] 2 diamond
[turn] round starts
[turn] player The Joker_4_0 has 2995 chips
[turn] player NX01_4_1 has 3001 chips
[turn] player Minty_4_2 has 2985 chips
[turn] player ssw_4_3 has 2984 chips
[turn] player Mars_4_4 has 3018 chips
[turn] player wereFluke_4_5 has 2947 chips
[turn] player courage_4_6 has 2986 chips
[turn] player WaP_4_7 has 2944 chips
[turn] action
[turn] check
[turn] player The Joker_4_0 checks
[turn] player wereFluke_4_5 checks
[turn] player courage_4_6 checks
[turn] round ends
[river] 7 spade
[river] round starts
[river] player The Joker_4_0 has 2995 chips
[river] player NX01_4_1 has 3001 chips
[river] player Minty_4_2 has 2985 chips
[river] player ssw_4_3 has 2984 chips
[river] player Mars_4_4 has 3018 chips
[river] player wereFluke_4_5 has 2947 chips
[river] player courage_4_6 has 2986 chips
[river] player WaP_4_7 has 2944 chips
[river] action
[river] check
[river] player The Joker_4_0 checks
[river] player wereFluke_4_5 checks
[river] player courage_4_6 checks
[river] round ends
[SHOWDOWN] showdown starts
[SHOWDOWN] showdown
[SHOWDOWN] 8 diamond 10 heart 7 spade 9 spade 5 spade
[SHOWDOWN] player courage_4_6 shows A diamond A heart 8 diamond 10 heart 7 spade, which is one pair.
[SHOWDOWN] player wereFluke_4_5 shows 8 club 8 diamond 10 heart 2 diamond 7 spade, which is one pair.
[SHOWDOWN] player The Joker_4_0 shows 8 diamond 10 heart 7 spade 9 spade 5 spade, which is high card.
[GAME STAT] pot 0 with 80 chips is shared by 1 players
[GAME STAT] player courage_4_6 gets 80 chips from pot 0
[GAME STAT] pot 1 with 60 chips is shared by 1 players
[GAME STAT] player courage_4_6 gets 60 chips from pot 1
[GAME STAT] overall statistics
[GAME STAT] player The Joker_4_0 wins -40 chips in this game
[GAME STAT] player NX01_4_1 wins 0 chips in this game
[GAME STAT] player Minty_4_2 wins 0 chips in this game
[GAME STAT] player ssw_4_3 wins 0 chips in this game
[GAME STAT] player Mars_4_4 wins 0 chips in this game
[GAME STAT] player wereFluke_4_5 wins -40 chips in this game
[GAME STAT] player courage_4_6 wins 100 chips in this game
[GAME STAT] player WaP_4_7 wins -20 chips in this game
[GAME 13] game ends, invoking player.game_end()
[GAME 14] game starts
[GAME INFO] number of participants in this game = 8
[GAME INFO] participant: The Joker_4_0, chip = 2995
[GAME INFO] participant: NX01_4_1, chip = 3001
[GAME INFO] participant: Minty_4_2, chip = 2985
[GAME INFO] participant: ssw_4_3, chip = 2984
[GAME INFO] participant: Mars_4_4, chip = 3018
[GAME INFO] participant: wereFluke_4_5, chip = 2947
[GAME INFO] participant: courage_4_6, chip = 3126
[GAME INFO] participant: WaP_4_7, chip = 2944
[GAME INFO] blind is 20
[GAME INFO] dealer is WaP_4_7
[GAME INFO] small blind 20 posted by The Joker_4_0
[GAME INFO] big blind 40 posted by NX01_4_1
[hole card] 8 club
[hole card] 7 diamond
[preflop] round starts
[preflop] player The Joker_4_0 has 2975 chips
[preflop] player NX01_4_1 has 2961 chips
[preflop] player Minty_4_2 has 2985 chips
[preflop] player ssw_4_3 has 2984 chips
[preflop] player Mars_4_4 has 3018 chips
[preflop] player wereFluke_4_5 has 2947 chips
[preflop] player courage_4_6 has 3126 chips
[preflop] player WaP_4_7 has 2944 chips
[preflop] player Minty_4_2 folds
[preflop] player ssw_4_3 calls. Total bet is 40
[preflop] player Mars_4_4 folds
[preflop] player wereFluke_4_5 calls. Total bet is 40
[preflop] player courage_4_6 folds
[preflop] player WaP_4_7 folds
[preflop] action
[preflop] call (20 chips). 
[preflop] player The Joker_4_0 calls. Total bet is 40
[preflop] player NX01_4_1 calls. Total bet is 40
[flop] 10 diamond
[flop] 3 diamond
[flop] J spade
[flop] round starts
[flop] player The Joker_4_0 has 2955 chips
[flop] player NX01_4_1 has 2961 chips
[flop] player Minty_4_2 has 2985 chips
[flop] player ssw_4_3 has 2944 chips
[flop] player Mars_4_4 has 3018 chips
[flop] player wereFluke_4_5 has 2907 chips
[flop] player courage_4_6 has 3126 chips
[flop] player WaP_4_7 has 2944 chips
[flop] action
[flop] check
[flop] player The Joker_4_0 checks
[flop] player NX01_4_1 checks
[flop] player ssw_4_3 checks
[flop] player wereFluke_4_5 checks
[flop] round ends
[turn] 2 spade
[turn] round starts
[turn] player The Joker_4_0 has 2955 chips
[turn] player NX01_4_1 has 2961 chips
[turn] player Minty_4_2 has 2985 chips
[turn] player ssw_4_3 has 2944 chips
[turn] player Mars_4_4 has 3018 chips
[turn] player wereFluke_4_5 has 2907 chips
[turn] player courage_4_6 has 3126 chips
[turn] player WaP_4_7 has 2944 chips
[turn] action
[turn] check
[turn] player The Joker_4_0 checks
[turn] player NX01_4_1 checks
[turn] player ssw_4_3 checks
[turn] player wereFluke_4_5 checks
[turn] round ends
[river] Q club
[river] round starts
[river] player The Joker_4_0 has 2955 chips
[river] player NX01_4_1 has 2961 chips
[river] player Minty_4_2 has 2985 chips
[river] player ssw_4_3 has 2944 chips
[river] player Mars_4_4 has 3018 chips
[river] player wereFluke_4_5 has 2907 chips
[river] player courage_4_6 has 3126 chips
[river] player WaP_4_7 has 2944 chips
[river] action
[river] check
[river] player The Joker_4_0 checks
[river] player NX01_4_1 checks
[river] player ssw_4_3 checks
[river] player wereFluke_4_5 checks
[river] round ends
[SHOWDOWN] showdown starts
[SHOWDOWN] showdown
[SHOWDOWN] 10 diamond J spade Q club 8 club 7 diamond
[SHOWDOWN] player NX01_4_1 shows K diamond Q club J spade 10 diamond 9 spade, which is straight.
[SHOWDOWN] player ssw_4_3 shows 7 club 7 spade 10 diamond J spade Q club, which is one pair.
[SHOWDOWN] player wereFluke_4_5 shows 6 diamond K heart 10 diamond J spade Q club, which is high card.
[SHOWDOWN] player The Joker_4_0 shows 10 diamond J spade Q club 8 club 7 diamond, which is high card.
[GAME STAT] pot 0 with 160 chips is shared by 1 players
[GAME STAT] player NX01_4_1 gets 160 chips from pot 0
[GAME STAT] overall statistics
[GAME STAT] player The Joker_4_0 wins -40 chips in this game
[GAME STAT] player NX01_4_1 wins 120 chips in this game
[GAME STAT] player Minty_4_2 wins 0 chips in this game
[GAME STAT] player ssw_4_3 wins -40 chips in this game
[GAME STAT] player Mars_4_4 wins 0 chips in this game
[GAME STAT] player wereFluke_4_5 wins -40 chips in this game
[GAME STAT] player courage_4_6 wins 0 chips in this game
[GAME STAT] player WaP_4_7 wins 0 chips in this game
[GAME 14] game ends, invoking player.game_end()
[GAME 15] game starts
[GAME INFO] number of participants in this game = 8
[GAME INFO] participant: The Joker_4_0, chip = 2955
[GAME INFO] participant: NX01_4_1, chip = 3121
[GAME INFO] participant: Minty_4_2, chip = 2985
[GAME INFO] participant: ssw_4_3, chip = 2944
[GAME INFO] participant: Mars_4_4, chip = 3018
[GAME INFO] participant: wereFluke_4_5, chip = 2907
[GAME INFO] participant: courage_4_6, chip = 3126
[GAME INFO] participant: WaP_4_7, chip = 2944
[GAME INFO] blind is 20
[GAME INFO] dealer is The Joker_4_0
[GAME INFO] small blind 20 posted by NX01_4_1
[GAME INFO] big blind 40 posted by Minty_4_2
[hole card] 6 heart
[hole card] 6 spade
[preflop] round starts
[preflop] player The Joker_4_0 has 2955 chips
[preflop] player NX01_4_1 has 3101 chips
[preflop] player Minty_4_2 has 2945 chips
[preflop] player ssw_4_3 has 2944 chips
[preflop] player Mars_4_4 has 3018 chips
[preflop] player wereFluke_4_5 has 2907 chips
[preflop] player courage_4_6 has 3126 chips
[preflop] player WaP_4_7 has 2944 chips
[preflop] player ssw_4_3 folds
[preflop] player Mars_4_4 calls. Total bet is 40
[preflop] player wereFluke_4_5 calls. Total bet is 40
[preflop] player courage_4_6 folds
[preflop] player WaP_4_7 folds
[preflop] action
[preflop] call (40 chips). 
[preflop] player The Joker_4_0 calls. Total bet is 40
[preflop] player NX01_4_1 calls. Total bet is 40
[preflop] player Minty_4_2 folds
[flop] 7 diamond
[flop] 4 diamond
[flop] 8 diamond
[flop] round starts
[flop] player The Joker_4_0 has 2915 chips
[flop] player NX01_4_1 has 3081 chips
[flop] player Minty_4_2 has 2945 chips
[flop] player ssw_4_3 has 2944 chips
[flop] player Mars_4_4 has 2978 chips
[flop] player wereFluke_4_5 has 2867 chips
[flop] player courage_4_6 has 3126 chips
[flop] player WaP_4_7 has 2944 chips
[flop] player NX01_4_1 checks
[flop] player Mars_4_4 checks
[flop] player wereFluke_4_5 checks
[flop] action
[flop] check
[flop] player The Joker_4_0 checks
[flop] round ends
[turn] 3 spade
[turn] round starts
[turn] player The Joker_4_0 has 2915 chips
[turn] player NX01_4_1 has 3081 chips
[turn] player Minty_4_2 has 2945 chips
[turn] player ssw_4_3 has 2944 chips
[turn] player Mars_4_4 has 2978 chips
[turn] player wereFluke_4_5 has 2867 chips
[turn] player courage_4_6 has 3126 chips
[turn] player WaP_4_7 has 2944 chips
[turn] player NX01_4_1 checks
[turn] player Mars_4_4 checks
[turn] player wereFluke_4_5 checks
[turn] action
[turn] check
[turn] player The Joker_4_0 checks
[turn] round ends
[river] 5 club
[river] round starts
[river] player The Joker_4_0 has 2915 chips
[river] player NX01_4_1 has 3081 chips
[river] player Minty_4_2 has 2945 chips
[river] player ssw_4_3 has 2944 chips
[river] player Mars_4_4 has 2978 chips
[river] player wereFluke_4_5 has 2867 chips
[river] player courage_4_6 has 3126 chips
[river] player WaP_4_7 has 2944 chips
[river] player NX01_4_1 checks
[river] player Mars_4_4 checks
[river] player wereFluke_4_5 checks
[river] action
[river] check
[river] player The Joker_4_0 checks
[river] round ends
[SHOWDOWN] showdown starts
[SHOWDOWN] showdown
[SHOWDOWN] 7 diamond 4 diamond 8 diamond 5 club 6 spade
[SHOWDOWN] player The Joker_4_0 shows 7 diamond 4 diamond 8 diamond 5 club 6 spade, which is straight.
[SHOWDOWN] player wereFluke_4_5 shows 6 diamond 7 spade 4 diamond 8 diamond 5 club, which is straight.
[SHOWDOWN] player NX01_4_1 shows 8 spade 8 diamond 9 heart 7 diamond 5 club, which is one pair.
[SHOWDOWN] player Mars_4_4 shows 5 club 7 diamond 8 diamond J spade K heart, which is high card.
[GAME STAT] pot 0 with 200 chips is shared by 2 players
[GAME STAT] player wereFluke_4_5 gets 100 chips from pot 0
[GAME STAT] player The Joker_4_0 gets 100 chips from pot 0
[GAME STAT] overall statistics
[GAME STAT] player The Joker_4_0 wins 60 chips in this game
[GAME STAT] player NX01_4_1 wins -40 chips in this game
[GAME STAT] player Minty_4_2 wins -40 chips in this game
[GAME STAT] player ssw_4_3 wins 0 chips in this game
[GAME STAT] player Mars_4_4 wins -40 chips in this game
[GAME STAT] player wereFluke_4_5 wins 60 chips in this game
[GAME STAT] player courage_4_6 wins 0 chips in this game
[GAME STAT] player WaP_4_7 wins 0 chips in this game
[GAME 15] game ends, invoking player.game_end()
[GAME 16] game starts
[GAME INFO] number of participants in this game = 8
[GAME INFO] participant: The Joker_4_0, chip = 3015
[GAME INFO] participant: NX01_4_1, chip = 3081
[GAME INFO] participant: Minty_4_2, chip = 2945
[GAME INFO] participant: ssw_4_3, chip = 2944
[GAME INFO] participant: Mars_4_4, chip = 2978
[GAME INFO] participant: wereFluke_4_5, chip = 2967
[GAME INFO] participant: courage_4_6, chip = 3126
[GAME INFO] participant: WaP_4_7, chip = 2944
[GAME INFO] blind is 50
[GAME INFO] dealer is NX01_4_1
[GAME INFO] small blind 50 posted by Minty_4_2
[GAME INFO] big blind 100 posted by ssw_4_3
[hole card] 3 spade
[hole card] 9 heart
[preflop] round starts
[preflop] player The Joker_4_0 has 3015 chips
[preflop] player NX01_4_1 has 3081 chips
[preflop] player Minty_4_2 has 2895 chips
[preflop] player ssw_4_3 has 2844 chips
[preflop] player Mars_4_4 has 2978 chips
[preflop] player wereFluke_4_5 has 2967 chips
[preflop] player courage_4_6 has 3126 chips
[preflop] player WaP_4_7 has 2944 chips
[preflop] player Mars_4_4 folds
[preflop] player wereFluke_4_5 calls. Total bet is 100
[preflop] player courage_4_6 folds
[preflop] player WaP_4_7 folds
[preflop] action
[WARNING] CANNOT check when another player has raised
[preflop] player The Joker_4_0 folds
[preflop] player NX01_4_1 folds
[preflop] player Minty_4_2 folds
[preflop] player ssw_4_3 folds
[GAME STAT] pot 0 with 150 chips is shared by 1 players
[GAME STAT] player wereFluke_4_5 gets 150 chips from pot 0
[GAME STAT] pot 1 with 100 chips is shared by 1 players
[GAME STAT] player wereFluke_4_5 gets 100 chips from pot 1
[GAME STAT] overall statistics
[GAME STAT] player The Joker_4_0 wins 0 chips in this game
[GAME STAT] player NX01_4_1 wins 0 chips in this game
[GAME STAT] player Minty_4_2 wins -50 chips in this game
[GAME STAT] player ssw_4_3 wins -100 chips in this game
[GAME STAT] player Mars_4_4 wins 0 chips in this game
[GAME STAT] player wereFluke_4_5 wins 150 chips in this game
[GAME STAT] player courage_4_6 wins 0 chips in this game
[GAME STAT] player WaP_4_7 wins 0 chips in this game
[GAME 16] game ends, invoking player.game_end()
[GAME 17] game starts
[GAME INFO] number of participants in this game = 8
[GAME INFO] participant: The Joker_4_0, chip = 3015
[GAME INFO] participant: NX01_4_1, chip = 3081
[GAME INFO] participant: Minty_4_2, chip = 2895
[GAME INFO] participant: ssw_4_3, chip = 2844
[GAME INFO] participant: Mars_4_4, chip = 2978
[GAME INFO] participant: wereFluke_4_5, chip = 3117
[GAME INFO] participant: courage_4_6, chip = 3126
[GAME INFO] participant: WaP_4_7, chip = 2944
[GAME INFO] blind is 50
[GAME INFO] dealer is Minty_4_2
[GAME INFO] small blind 50 posted by ssw_4_3
[GAME INFO] big blind 100 posted by Mars_4_4
[hole card] 8 heart
[hole card] 3 spade
[preflop] round starts
[preflop] player The Joker_4_0 has 3015 chips
[preflop] player NX01_4_1 has 3081 chips
[preflop] player Minty_4_2 has 2895 chips
[preflop] player ssw_4_3 has 2794 chips
[preflop] player Mars_4_4 has 2878 chips
[preflop] player wereFluke_4_5 has 3117 chips
[preflop] player courage_4_6 has 3126 chips
[preflop] player WaP_4_7 has 2944 chips
[preflop] player wereFluke_4_5 calls. Total bet is 100
[preflop] player courage_4_6 folds
[preflop] player WaP_4_7 folds
[preflop] action
[WARNING] CANNOT check when another player has raised
[preflop] player The Joker_4_0 folds
[preflop] player NX01_4_1 calls. Total bet is 100
[preflop] player Minty_4_2 folds
[preflop] player ssw_4_3 folds
[preflop] player Mars_4_4 calls. Total bet is 100
[flop] J club
[flop] Q heart
[flop] 3 club
[flop] round starts
[flop] player The Joker_4_0 has 3015 chips
[flop] player NX01_4_1 has 2981 chips
[flop] player Minty_4_2 has 2895 chips
[flop] player ssw_4_3 has 2794 chips
[flop] player Mars_4_4 has 2878 chips
[flop] player wereFluke_4_5 has 3017 chips
[flop] player courage_4_6 has 3126 chips
[flop] player WaP_4_7 has 2944 chips
[flop] player Mars_4_4 checks
[flop] player wereFluke_4_5 checks
[flop] player NX01_4_1 checks
[flop] round ends
[turn] 6 heart
[turn] round starts
[turn] player The Joker_4_0 has 3015 chips
[turn] player NX01_4_1 has 2981 chips
[turn] player Minty_4_2 has 2895 chips
[turn] player ssw_4_3 has 2794 chips
[turn] player Mars_4_4 has 2878 chips
[turn] player wereFluke_4_5 has 3017 chips
[turn] player courage_4_6 has 3126 chips
[turn] player WaP_4_7 has 2944 chips
[turn] player Mars_4_4 checks
[turn] player wereFluke_4_5 checks
[turn] player NX01_4_1 checks
[turn] round ends
[river] A diamond
[river] round starts
[river] player The Joker_4_0 has 3015 chips
[river] player NX01_4_1 has 2981 chips
[river] player Minty_4_2 has 2895 chips
[river] player ssw_4_3 has 2794 chips
[river] player Mars_4_4 has 2878 chips
[river] player wereFluke_4_5 has 3017 chips
[river] player courage_4_6 has 3126 chips
[river] player WaP_4_7 has 2944 chips
[river] player Mars_4_4 checks
[river] player wereFluke_4_5 checks
[river] player NX01_4_1 checks
[river] round ends
[SHOWDOWN] showdown starts
[SHOWDOWN] player NX01_4_1 shows J heart J club A diamond K club Q heart, which is one pair.
[SHOWDOWN] player Mars_4_4 shows 9 spade A diamond J club Q heart 10 spade, which is high card.
[SHOWDOWN] player wereFluke_4_5 shows 9 club J club Q heart 6 heart A diamond, which is high card.
[GAME STAT] pot 0 with 200 chips is shared by 1 players
[GAME STAT] player NX01_4_1 gets 200 chips from pot 0
[GAME STAT] pot 1 with 150 chips is shared by 1 players
[GAME STAT] player NX01_4_1 gets 150 chips from pot 1
[GAME STAT] overall statistics
[GAME STAT] player The Joker_4_0 wins 0 chips in this game
[GAME STAT] player NX01_4_1 wins 250 chips in this game
[GAME STAT] player Minty_4_2 wins 0 chips in this game
[GAME STAT] player ssw_4_3 wins -50 chips in this game
[GAME STAT] player Mars_4_4 wins -100 chips in this game
[GAME STAT] player wereFluke_4_5 wins -100 chips in this game
[GAME STAT] player courage_4_6 wins 0 chips in this game
[GAME STAT] player WaP_4_7 wins 0 chips in this game
[GAME 17] game ends, invoking player.game_end()
[GAME 18] game starts
[GAME INFO] number of participants in this game = 8
[GAME INFO] participant: The Joker_4_0, chip = 3015
[GAME INFO] participant: NX01_4_1, chip = 3331
[GAME INFO] participant: Minty_4_2, chip = 2895
[GAME INFO] participant: ssw_4_3, chip = 2794
[GAME INFO] participant: Mars_4_4, chip = 2878
[GAME INFO] participant: wereFluke_4_5, chip = 3017
[GAME INFO] participant: courage_4_6, chip = 3126
[GAME INFO] participant: WaP_4_7, chip = 2944
[GAME INFO] blind is 50
[GAME INFO] dealer is ssw_4_3
[GAME INFO] small blind 50 posted by Mars_4_4
[GAME INFO] big blind 100 posted by wereFluke_4_5
[hole card] 2 diamond
[hole card] A heart
[preflop] round starts
[preflop] player The Joker_4_0 has 3015 chips
[preflop] player NX01_4_1 has 3331 chips
[preflop] player Minty_4_2 has 2895 chips
[preflop] player ssw_4_3 has 2794 chips
[preflop] player Mars_4_4 has 2828 chips
[preflop] player wereFluke_4_5 has 2917 chips
[preflop] player courage_4_6 has 3126 chips
[preflop] player WaP_4_7 has 2944 chips
[preflop] player courage_4_6 folds
[preflop] player WaP_4_7 folds
[preflop] action
[preflop] call (100 chips). 
[preflop] player The Joker_4_0 calls. Total bet is 100
[preflop] player NX01_4_1 folds
[preflop] player Minty_4_2 folds
[preflop] player ssw_4_3 folds
[preflop] player Mars_4_4 calls. Total bet is 100
[preflop] player wereFluke_4_5 calls. Total bet is 100
[flop] J diamond
[flop] K heart
[flop] 7 spade
[flop] round starts
[flop] player The Joker_4_0 has 2915 chips
[flop] player NX01_4_1 has 3331 chips
[flop] player Minty_4_2 has 2895 chips
[flop] player ssw_4_3 has 2794 chips
[flop] player Mars_4_4 has 2778 chips
[flop] player wereFluke_4_5 has 2917 chips
[flop] player courage_4_6 has 3126 chips
[flop] player WaP_4_7 has 2944 chips
[flop] player Mars_4_4 checks
[flop] player wereFluke_4_5 checks
[flop] action
[flop] check
[flop] player The Joker_4_0 checks
[flop] round ends
[turn] 4 heart
[turn] round starts
[turn] player The Joker_4_0 has 2915 chips
[turn] player NX01_4_1 has 3331 chips
[turn] player Minty_4_2 has 2895 chips
[turn] player ssw_4_3 has 2794 chips
[turn] player Mars_4_4 has 2778 chips
[turn] player wereFluke_4_5 has 2917 chips
[turn] player courage_4_6 has 3126 chips
[turn] player WaP_4_7 has 2944 chips
[turn] player Mars_4_4 checks
[turn] player wereFluke_4_5 checks
[turn] action
[turn] check
[turn] player The Joker_4_0 checks
[turn] round ends
[river] 6 club
[river] round starts
[river] player The Joker_4_0 has 2915 chips
[river] player NX01_4_1 has 3331 chips
[river] player Minty_4_2 has 2895 chips
[river] player ssw_4_3 has 2794 chips
[river] player Mars_4_4 has 2778 chips
[river] player wereFluke_4_5 has 2917 chips
[river] player courage_4_6 has 3126 chips
[river] player WaP_4_7 has 2944 chips
[river] player Mars_4_4 checks
[river] player wereFluke_4_5 checks
[river] action
[river] check
[river] player The Joker_4_0 checks
[river] round ends
[SHOWDOWN] showdown starts
[SHOWDOWN] showdown
[SHOWDOWN] J diamond K heart 7 spade 6 club A heart
[SHOWDOWN] player Mars_4_4 shows 7 spade 8 spade A diamond J diamond K heart, which is high card.
[SHOWDOWN] player The Joker_4_0 shows J diamond K heart 7 spade 6 club A heart, which is high card.
[SHOWDOWN] player wereFluke_4_5 shows 5 spade J diamond K heart 7 spade 6 club, which is high card.
[GAME STAT] pot 0 with 300 chips is shared by 1 players
[GAME STAT] player Mars_4_4 gets 300 chips from pot 0
[GAME STAT] overall statistics
[GAME STAT] player The Joker_4_0 wins -100 chips in this game
[GAME STAT] player NX01_4_1 wins 0 chips in this game
[GAME STAT] player Minty_4_2 wins 0 chips in this game
[GAME STAT] player ssw_4_3 wins 0 chips in this game
[GAME STAT] player Mars_4_4 wins 200 chips in this game
[GAME STAT] player wereFluke_4_5 wins -100 chips in this game
[GAME STAT] player courage_4_6 wins 0 chips in this game
[GAME STAT] player WaP_4_7 wins 0 chips in this game
[GAME 18] game ends, invoking player.game_end()
[GAME 19] game starts
[GAME INFO] number of participants in this game = 8
[GAME INFO] participant: The Joker_4_0, chip = 2915
[GAME INFO] participant: NX01_4_1, chip = 3331
[GAME INFO] participant: Minty_4_2, chip = 2895
[GAME INFO] participant: ssw_4_3, chip = 2794
[GAME INFO] participant: Mars_4_4, chip = 3078
[GAME INFO] participant: wereFluke_4_5, chip = 2917
[GAME INFO] participant: courage_4_6, chip = 3126
[GAME INFO] participant: WaP_4_7, chip = 2944
[GAME INFO] blind is 100
[GAME INFO] dealer is Mars_4_4
[GAME INFO] small blind 100 posted by wereFluke_4_5
[GAME INFO] big blind 200 posted by courage_4_6
[hole card] 9 club
[hole card] 2 heart
[preflop] round starts
[preflop] player The Joker_4_0 has 2915 chips
[preflop] player NX01_4_1 has 3331 chips
[preflop] player Minty_4_2 has 2895 chips
[preflop] player ssw_4_3 has 2794 chips
[preflop] player Mars_4_4 has 3078 chips
[preflop] player wereFluke_4_5 has 2817 chips
[preflop] player courage_4_6 has 2926 chips
[preflop] player WaP_4_7 has 2944 chips
[preflop] player WaP_4_7 folds
[preflop] action
[WARNING] CANNOT check when another player has raised
[preflop] player The Joker_4_0 folds
[preflop] player NX01_4_1 folds
[preflop] player Minty_4_2 folds
[preflop] player ssw_4_3 folds
[preflop] player Mars_4_4 folds
[preflop] player wereFluke_4_5 calls. Total bet is 200
[preflop] player courage_4_6 calls. Total bet is 200
[flop] 7 diamond
[flop] 9 spade
[flop] 5 diamond
[flop] round starts
[flop] player The Joker_4_0 has 2915 chips
[flop] player NX01_4_1 has 3331 chips
[flop] player Minty_4_2 has 2895 chips
[flop] player ssw_4_3 has 2794 chips
[flop] player Mars_4_4 has 3078 chips
[flop] player wereFluke_4_5 has 2717 chips
[flop] player courage_4_6 has 2926 chips
[flop] player WaP_4_7 has 2944 chips
[flop] player wereFluke_4_5 checks
[flop] player courage_4_6 checks
[flop] round ends
[turn] 3 heart
[turn] round starts
[turn] player The Joker_4_0 has 2915 chips
[turn] player NX01_4_1 has 3331 chips
[turn] player Minty_4_2 has 2895 chips
[turn] player ssw_4_3 has 2794 chips
[turn] player Mars_4_4 has 3078 chips
[turn] player wereFluke_4_5 has 2717 chips
[turn] player courage_4_6 has 2926 chips
[turn] player WaP_4_7 has 2944 chips
[turn] player wereFluke_4_5 checks
[turn] player courage_4_6 checks
[turn] round ends
[river] 7 heart
[river] round starts
[river] player The Joker_4_0 has 2915 chips
[river] player NX01_4_1 has 3331 chips
[river] player Minty_4_2 has 2895 chips
[river] player ssw_4_3 has 2794 chips
[river] player Mars_4_4 has 3078 chips
[river] player wereFluke_4_5 has 2717 chips
[river] player courage_4_6 has 2926 chips
[river] player WaP_4_7 has 2944 chips
[river] player wereFluke_4_5 folds
[river] round ends
[GAME STAT] pot 0 with 400 chips is shared by 1 players
[GAME STAT] player courage_4_6 gets 400 chips from pot 0
[GAME STAT] overall statistics
[GAME STAT] player The Joker_4_0 wins 0 chips in this game
[GAME STAT] player NX01_4_1 wins 0 chips in this game
[GAME STAT] player Minty_4_2 wins 0 chips in this game
[GAME STAT] player ssw_4_3 wins 0 chips in this game
[GAME STAT] player Mars_4_4 wins 0 chips in this game
[GAME STAT] player wereFluke_4_5 wins -200 chips in this game
[GAME STAT] player courage_4_6 wins 200 chips in this game
[GAME STAT] player WaP_4_7 wins 0 chips in this game
[GAME 19] game ends, invoking player.game_end()
[GAME 20] game starts
[GAME INFO] number of participants in this game = 8
[GAME INFO] participant: The Joker_4_0, chip = 2915
[GAME INFO] participant: NX01_4_1, chip = 3331
[GAME INFO] participant: Minty_4_2, chip = 2895
[GAME INFO] participant: ssw_4_3, chip = 2794
[GAME INFO] participant: Mars_4_4, chip = 3078
[GAME INFO] participant: wereFluke_4_5, chip = 2717
[GAME INFO] participant: courage_4_6, chip = 3326
[GAME INFO] participant: WaP_4_7, chip = 2944
[GAME INFO] blind is 100
[GAME INFO] dealer is wereFluke_4_5
[GAME INFO] small blind 100 posted by courage_4_6
[GAME INFO] big blind 200 posted by WaP_4_7
[hole card] 5 heart
[hole card] 4 spade
[preflop] round starts
[preflop] player The Joker_4_0 has 2915 chips
[preflop] player NX01_4_1 has 3331 chips
[preflop] player Minty_4_2 has 2895 chips
[preflop] player ssw_4_3 has 2794 chips
[preflop] player Mars_4_4 has 3078 chips
[preflop] player wereFluke_4_5 has 2717 chips
[preflop] player courage_4_6 has 3226 chips
[preflop] player WaP_4_7 has 2744 chips
[preflop] action
[WARNING] CANNOT check when another player has raised
[preflop] player The Joker_4_0 folds
[preflop] player NX01_4_1 folds
[preflop] player Minty_4_2 folds
[preflop] player ssw_4_3 folds
[preflop] player Mars_4_4 calls. Total bet is 200
[preflop] player wereFluke_4_5 calls. Total bet is 200
[preflop] player courage_4_6 calls. Total bet is 200
[preflop] player WaP_4_7 calls. Total bet is 200
[flop] A heart
[flop] 3 diamond
[flop] 5 club
[flop] round starts
[flop] player The Joker_4_0 has 2915 chips
[flop] player NX01_4_1 has 3331 chips
[flop] player Minty_4_2 has 2895 chips
[flop] player ssw_4_3 has 2794 chips
[flop] player Mars_4_4 has 2878 chips
[flop] player wereFluke_4_5 has 2517 chips
[flop] player courage_4_6 has 3126 chips
[flop] player WaP_4_7 has 2744 chips
[flop] player courage_4_6 checks
[flop] player WaP_4_7 checks
[flop] player Mars_4_4 checks
[flop] player wereFluke_4_5 folds
[flop] round ends
[turn] 6 diamond
[turn] round starts
[turn] player The Joker_4_0 has 2915 chips
[turn] player NX01_4_1 has 3331 chips
[turn] player Minty_4_2 has 2895 chips
[turn] player ssw_4_3 has 2794 chips
[turn] player Mars_4_4 has 2878 chips
[turn] player wereFluke_4_5 has 2517 chips
[turn] player courage_4_6 has 3126 chips
[turn] player WaP_4_7 has 2744 chips
[turn] player courage_4_6 checks
[turn] player WaP_4_7 checks
[turn] player Mars_4_4 checks
[turn] round ends
[river] K spade
[river] round starts
[river] player The Joker_4_0 has 2915 chips
[river] player NX01_4_1 has 3331 chips
[river] player Minty_4_2 has 2895 chips
[river] player ssw_4_3 has 2794 chips
[river] player Mars_4_4 has 2878 chips
[river] player wereFluke_4_5 has 2517 chips
[river] player courage_4_6 has 3126 chips
[river] player WaP_4_7 has 2744 chips
[river] player courage_4_6 checks
[river] player WaP_4_7 checks
[river] player Mars_4_4 checks
[river] round ends
[SHOWDOWN] showdown starts
[SHOWDOWN] player courage_4_6 shows A diamond 9 club A heart 6 diamond K spade, which is one pair.
[SHOWDOWN] player Mars_4_4 shows 6 diamond 7 spade A heart A spade K spade, which is one pair.
[SHOWDOWN] player WaP_4_7 shows A heart K spade J spade 6 diamond 5 club, which is high card.
[GAME STAT] pot 0 with 800 chips is shared by 1 players
[GAME STAT] player courage_4_6 gets 800 chips from pot 0
[GAME STAT] overall statistics
[GAME STAT] player The Joker_4_0 wins 0 chips in this game
[GAME STAT] player NX01_4_1 wins 0 chips in this game
[GAME STAT] player Minty_4_2 wins 0 chips in this game
[GAME STAT] player ssw_4_3 wins 0 chips in this game
[GAME STAT] player Mars_4_4 wins -200 chips in this game
[GAME STAT] player wereFluke_4_5 wins -200 chips in this game
[GAME STAT] player courage_4_6 wins 600 chips in this game
[GAME STAT] player WaP_4_7 wins -200 chips in this game
[GAME 20] game ends, invoking player.game_end()
[GAME 21] game starts
[GAME INFO] number of participants in this game = 8
[GAME INFO] participant: The Joker_4_0, chip = 2915
[GAME INFO] participant: NX01_4_1, chip = 3331
[GAME INFO] participant: Minty_4_2, chip = 2895
[GAME INFO] participant: ssw_4_3, chip = 2794
[GAME INFO] participant: Mars_4_4, chip = 2878
[GAME INFO] participant: wereFluke_4_5, chip = 2517
[GAME INFO] participant: courage_4_6, chip = 3926
[GAME INFO] participant: WaP_4_7, chip = 2744
[GAME INFO] blind is 100
[GAME INFO] dealer is courage_4_6
[GAME INFO] small blind 100 posted by WaP_4_7
[GAME INFO] big blind 200 posted by The Joker_4_0
[hole card] 7 diamond
[hole card] 10 spade
[preflop] round starts
[preflop] player The Joker_4_0 has 2715 chips
[preflop] player NX01_4_1 has 3331 chips
[preflop] player Minty_4_2 has 2895 chips
[preflop] player ssw_4_3 has 2794 chips
[preflop] player Mars_4_4 has 2878 chips
[preflop] player wereFluke_4_5 has 2517 chips
[preflop] player courage_4_6 has 3926 chips
[preflop] player WaP_4_7 has 2644 chips
[preflop] player NX01_4_1 folds
[preflop] player Minty_4_2 folds
[preflop] player ssw_4_3 folds
[preflop] player Mars_4_4 folds
[preflop] player wereFluke_4_5 calls. Total bet is 200
[preflop] player courage_4_6 folds
[preflop] player WaP_4_7 folds
[preflop] action
[preflop] call (0 chips). 
[preflop] player The Joker_4_0 calls. Total bet is 200
[flop] 9 heart
[flop] 3 spade
[flop] J heart
[flop] round starts
[flop] player The Joker_4_0 has 2715 chips
[flop] player NX01_4_1 has 3331 chips
[flop] player Minty_4_2 has 2895 chips
[flop] player ssw_4_3 has 2794 chips
[flop] player Mars_4_4 has 2878 chips
[flop] player wereFluke_4_5 has 2317 chips
[flop] player courage_4_6 has 3926 chips
[flop] player WaP_4_7 has 2644 chips
[flop] action
[flop] check
[flop] player The Joker_4_0 checks
[flop] player wereFluke_4_5 folds
[flop] round ends
[GAME STAT] pot 0 with 300 chips is shared by 1 players
[GAME STAT] player The Joker_4_0 gets 300 chips from pot 0
[GAME STAT] pot 1 with 200 chips is shared by 1 players
[GAME STAT] player The Joker_4_0 gets 200 chips from pot 1
[GAME STAT] overall statistics
[GAME STAT] player The Joker_4_0 wins 300 chips in this game
[GAME STAT] player NX01_4_1 wins 0 chips in this game
[GAME STAT] player Minty_4_2 wins 0 chips in this game
[GAME STAT] player ssw_4_3 wins 0 chips in this game
[GAME STAT] player Mars_4_4 wins 0 chips in this game
[GAME STAT] player wereFluke_4_5 wins -200 chips in this game
[GAME STAT] player courage_4_6 wins 0 chips in this game
[GAME STAT] player WaP_4_7 wins -100 chips in this game
[GAME 21] game ends, invoking player.game_end()
[GAME 22] game starts
[GAME INFO] number of participants in this game = 8
[GAME INFO] participant: The Joker_4_0, chip = 3215
[GAME INFO] participant: NX01_4_1, chip = 3331
[GAME INFO] participant: Minty_4_2, chip = 2895
[GAME INFO] participant: ssw_4_3, chip = 2794
[GAME INFO] participant: Mars_4_4, chip = 2878
[GAME INFO] participant: wereFluke_4_5, chip = 2317
[GAME INFO] participant: courage_4_6, chip = 3926
[GAME INFO] participant: WaP_4_7, chip = 2644
[GAME INFO] blind is 200
[GAME INFO] dealer is WaP_4_7
[GAME INFO] small blind 200 posted by The Joker_4_0
[GAME INFO] big blind 400 posted by NX01_4_1
[hole card] 2 diamond
[hole card] 2 spade
[preflop] round starts
[preflop] player The Joker_4_0 has 3015 chips
[preflop] player NX01_4_1 has 2931 chips
[preflop] player Minty_4_2 has 2895 chips
[preflop] player ssw_4_3 has 2794 chips
[preflop] player Mars_4_4 has 2878 chips
[preflop] player wereFluke_4_5 has 2317 chips
[preflop] player courage_4_6 has 3926 chips
[preflop] player WaP_4_7 has 2644 chips
[preflop] player Minty_4_2 folds
[preflop] player ssw_4_3 folds
[preflop] player Mars_4_4 folds
[preflop] player wereFluke_4_5 folds
[preflop] player courage_4_6 folds
[preflop] player WaP_4_7 folds
[preflop] action
[preflop] call (200 chips). 
[preflop] player The Joker_4_0 calls. Total bet is 400
[preflop] player NX01_4_1 folds
[GAME STAT] pot 0 with 800 chips is shared by 1 players
[GAME STAT] player The Joker_4_0 gets 800 chips from pot 0
[GAME STAT] overall statistics
[GAME STAT] player The Joker_4_0 wins 400 chips in this game
[GAME STAT] player NX01_4_1 wins -400 chips in this game
[GAME STAT] player Minty_4_2 wins 0 chips in this game
[GAME STAT] player ssw_4_3 wins 0 chips in this game
[GAME STAT] player Mars_4_4 wins 0 chips in this game
[GAME STAT] player wereFluke_4_5 wins 0 chips in this game
[GAME STAT] player courage_4_6 wins 0 chips in this game
[GAME STAT] player WaP_4_7 wins 0 chips in this game
[GAME 22] game ends, invoking player.game_end()
[GAME 23] game starts
[GAME INFO] number of participants in this game = 8
[GAME INFO] participant: The Joker_4_0, chip = 3615
[GAME INFO] participant: NX01_4_1, chip = 2931
[GAME INFO] participant: Minty_4_2, chip = 2895
[GAME INFO] participant: ssw_4_3, chip = 2794
[GAME INFO] participant: Mars_4_4, chip = 2878
[GAME INFO] participant: wereFluke_4_5, chip = 2317
[GAME INFO] participant: courage_4_6, chip = 3926
[GAME INFO] participant: WaP_4_7, chip = 2644
[GAME INFO] blind is 200
[GAME INFO] dealer is The Joker_4_0
[GAME INFO] small blind 200 posted by NX01_4_1
[GAME INFO] big blind 400 posted by Minty_4_2
[hole card] 9 diamond
[hole card] J spade
[preflop] round starts
[preflop] player The Joker_4_0 has 3615 chips
[preflop] player NX01_4_1 has 2731 chips
[preflop] player Minty_4_2 has 2495 chips
[preflop] player ssw_4_3 has 2794 chips
[preflop] player Mars_4_4 has 2878 chips
[preflop] player wereFluke_4_5 has 2317 chips
[preflop] player courage_4_6 has 3926 chips
[preflop] player WaP_4_7 has 2644 chips
[preflop] player ssw_4_3 folds
[preflop] player Mars_4_4 folds
[preflop] player wereFluke_4_5 folds
[preflop] player courage_4_6 folds
[preflop] player WaP_4_7 calls. Total bet is 400
[preflop] action
[preflop] call (400 chips). 
[preflop] player The Joker_4_0 calls. Total bet is 400
[preflop] player NX01_4_1 folds
[preflop] player Minty_4_2 folds
[flop] 4 heart
[flop] Q spade
[flop] 5 club
[flop] round starts
[flop] player The Joker_4_0 has 3215 chips
[flop] player NX01_4_1 has 2731 chips
[flop] player Minty_4_2 has 2495 chips
[flop] player ssw_4_3 has 2794 chips
[flop] player Mars_4_4 has 2878 chips
[flop] player wereFluke_4_5 has 2317 chips
[flop] player courage_4_6 has 3926 chips
[flop] player WaP_4_7 has 2244 chips
[flop] player WaP_4_7 checks
[flop] action
[flop] check
[flop] player The Joker_4_0 checks
[flop] round ends
[turn] 7 heart
[turn] round starts
[turn] player The Joker_4_0 has 3215 chips
[turn] player NX01_4_1 has 2731 chips
[turn] player Minty_4_2 has 2495 chips
[turn] player ssw_4_3 has 2794 chips
[turn] player Mars_4_4 has 2878 chips
[turn] player wereFluke_4_5 has 2317 chips
[turn] player courage_4_6 has 3926 chips
[turn] player WaP_4_7 has 2244 chips
[turn] player WaP_4_7 checks
[turn] action
[turn] check
[turn] player The Joker_4_0 checks
[turn] round ends
[river] 2 heart
[river] round starts
[river] player The Joker_4_0 has 3215 chips
[river] player NX01_4_1 has 2731 chips
[river] player Minty_4_2 has 2495 chips
[river] player ssw_4_3 has 2794 chips
[river] player Mars_4_4 has 2878 chips
[river] player wereFluke_4_5 has 2317 chips
[river] player courage_4_6 has 3926 chips
[river] player WaP_4_7 has 2244 chips
[river] player WaP_4_7 checks
[river] action
[river] check
[river] player The Joker_4_0 checks
[river] round ends
[SHOWDOWN] showdown starts
[SHOWDOWN] showdown
[SHOWDOWN] Q spade 5 club 7 heart 9 diamond J spade
[SHOWDOWN] player WaP_4_7 shows J diamond J club 7 heart 5 club 4 heart, which is one pair.
[SHOWDOWN] player The Joker_4_0 shows Q spade 5 club 7 heart 9 diamond J spade, which is high card.
[GAME STAT] pot 0 with 800 chips is shared by 1 players
[GAME STAT] player WaP_4_7 gets 800 chips from pot 0
[GAME STAT] pot 1 with 600 chips is shared by 1 players
[GAME STAT] player WaP_4_7 gets 600 chips from pot 1
[GAME STAT] overall statistics
[GAME STAT] player The Joker_4_0 wins -400 chips in this game
[GAME STAT] player NX01_4_1 wins -200 chips in this game
[GAME STAT] player Minty_4_2 wins -400 chips in this game
[GAME STAT] player ssw_4_3 wins 0 chips in this game
[GAME STAT] player Mars_4_4 wins 0 chips in this game
[GAME STAT] player wereFluke_4_5 wins 0 chips in this game
[GAME STAT] player courage_4_6 wins 0 chips in this game
[GAME STAT] player WaP_4_7 wins 1000 chips in this game
[GAME 23] game ends, invoking player.game_end()
[GAME 24] game starts
[GAME INFO] number of participants in this game = 8
[GAME INFO] participant: The Joker_4_0, chip = 3215
[GAME INFO] participant: NX01_4_1, chip = 2731
[GAME INFO] participant: Minty_4_2, chip = 2495
[GAME INFO] participant: ssw_4_3, chip = 2794
[GAME INFO] participant: Mars_4_4, chip = 2878
[GAME INFO] participant: wereFluke_4_5, chip = 2317
[GAME INFO] participant: courage_4_6, chip = 3926
[GAME INFO] participant: WaP_4_7, chip = 3644
[GAME INFO] blind is 200
[GAME INFO] dealer is NX01_4_1
[GAME INFO] small blind 200 posted by Minty_4_2
[GAME INFO] big blind 400 posted by ssw_4_3
[hole card] 5 diamond
[hole card] 6 diamond
[preflop] round starts
[preflop] player The Joker_4_0 has 3215 chips
[preflop] player NX01_4_1 has 2731 chips
[preflop] player Minty_4_2 has 2295 chips
[preflop] player ssw_4_3 has 2394 chips
[preflop] player Mars_4_4 has 2878 chips
[preflop] player wereFluke_4_5 has 2317 chips
[preflop] player courage_4_6 has 3926 chips
[preflop] player WaP_4_7 has 3644 chips
[preflop] player Mars_4_4 folds
[preflop] player wereFluke_4_5 folds
[preflop] player courage_4_6 folds
[preflop] player WaP_4_7 folds
[preflop] action
[preflop] call (400 chips). 
[preflop] player The Joker_4_0 calls. Total bet is 400
[preflop] player NX01_4_1 folds
[preflop] player Minty_4_2 folds
[preflop] player ssw_4_3 folds
[GAME STAT] pot 0 with 600 chips is shared by 1 players
[GAME STAT] player The Joker_4_0 gets 600 chips from pot 0
[GAME STAT] pot 1 with 400 chips is shared by 1 players
[GAME STAT] player The Joker_4_0 gets 400 chips from pot 1
[GAME STAT] overall statistics
[GAME STAT] player The Joker_4_0 wins 600 chips in this game
[GAME STAT] player NX01_4_1 wins 0 chips in this game
[GAME STAT] player Minty_4_2 wins -200 chips in this game
[GAME STAT] player ssw_4_3 wins -400 chips in this game
[GAME STAT] player Mars_4_4 wins 0 chips in this game
[GAME STAT] player wereFluke_4_5 wins 0 chips in this game
[GAME STAT] player courage_4_6 wins 0 chips in this game
[GAME STAT] player WaP_4_7 wins 0 chips in this game
[GAME 24] game ends, invoking player.game_end()
[GAME 25] game starts
[GAME INFO] number of participants in this game = 8
[GAME INFO] participant: The Joker_4_0, chip = 3815
[GAME INFO] participant: NX01_4_1, chip = 2731
[GAME INFO] participant: Minty_4_2, chip = 2295
[GAME INFO] participant: ssw_4_3, chip = 2394
[GAME INFO] participant: Mars_4_4, chip = 2878
[GAME INFO] participant: wereFluke_4_5, chip = 2317
[GAME INFO] participant: courage_4_6, chip = 3926
[GAME INFO] participant: WaP_4_7, chip = 3644
[GAME INFO] blind is 500
[GAME INFO] dealer is Minty_4_2
[GAME INFO] small blind 500 posted by ssw_4_3
[GAME INFO] big blind 1000 posted by Mars_4_4
[hole card] 8 club
[hole card] 3 heart
[preflop] round starts
[preflop] player The Joker_4_0 has 3815 chips
[preflop] player NX01_4_1 has 2731 chips
[preflop] player Minty_4_2 has 2295 chips
[preflop] player ssw_4_3 has 1894 chips
[preflop] player Mars_4_4 has 1878 chips
[preflop] player wereFluke_4_5 has 2317 chips
[preflop] player courage_4_6 has 3926 chips
[preflop] player WaP_4_7 has 3644 chips
[preflop] player wereFluke_4_5 folds
[preflop] player courage_4_6 folds
[preflop] player WaP_4_7 calls. Total bet is 1000
[preflop] action
[WARNING] CANNOT check when another player has raised
[preflop] player The Joker_4_0 folds
[preflop] player NX01_4_1 folds
[preflop] player Minty_4_2 folds
[preflop] player ssw_4_3 folds
[preflop] player Mars_4_4 calls. Total bet is 1000
[flop] 2 heart
[flop] J spade
[flop] 4 diamond
[flop] round starts
[flop] player The Joker_4_0 has 3815 chips
[flop] player NX01_4_1 has 2731 chips
[flop] player Minty_4_2 has 2295 chips
[flop] player ssw_4_3 has 1894 chips
[flop] player Mars_4_4 has 1878 chips
[flop] player wereFluke_4_5 has 2317 chips
[flop] player courage_4_6 has 3926 chips
[flop] player WaP_4_7 has 2644 chips
[flop] player Mars_4_4 checks
[flop] player WaP_4_7 checks
[flop] round ends
[turn] A diamond
[turn] round starts
[turn] player The Joker_4_0 has 3815 chips
[turn] player NX01_4_1 has 2731 chips
[turn] player Minty_4_2 has 2295 chips
[turn] player ssw_4_3 has 1894 chips
[turn] player Mars_4_4 has 1878 chips
[turn] player wereFluke_4_5 has 2317 chips
[turn] player courage_4_6 has 3926 chips
[turn] player WaP_4_7 has 2644 chips
[turn] player Mars_4_4 checks
[turn] player WaP_4_7 checks
[turn] round ends
[river] Q heart
[river] round starts
[river] player The Joker_4_0 has 3815 chips
[river] player NX01_4_1 has 2731 chips
[river] player Minty_4_2 has 2295 chips
[river] player ssw_4_3 has 1894 chips
[river] player Mars_4_4 has 1878 chips
[river] player wereFluke_4_5 has 2317 chips
[river] player courage_4_6 has 3926 chips
[river] player WaP_4_7 has 2644 chips
[river] player Mars_4_4 checks
[river] player WaP_4_7 checks
[river] round ends
[SHOWDOWN] showdown starts
[SHOWDOWN] player WaP_4_7 shows K club K spade Q heart J spade 4 diamond, which is one pair.
[SHOWDOWN] player Mars_4_4 shows 7 club A diamond J diamond J spade Q heart, which is one pair.
[GAME STAT] pot 0 with 1500 chips is shared by 1 players
[GAME STAT] player WaP_4_7 gets 1500 chips from pot 0
[GAME STAT] pot 1 with 1000 chips is shared by 1 players
[GAME STAT] player WaP_4_7 gets 1000 chips from pot 1
[GAME STAT] overall statistics
[GAME STAT] player The Joker_4_0 wins 0 chips in this game
[GAME STAT] player NX01_4_1 wins 0 chips in this game
[GAME STAT] player Minty_4_2 wins 0 chips in this game
[GAME STAT] player ssw_4_3 wins -500 chips in this game
[GAME STAT] player Mars_4_4 wins -1000 chips in this game
[GAME STAT] player wereFluke_4_5 wins 0 chips in this game
[GAME STAT] player courage_4_6 wins 0 chips in this game
[GAME STAT] player WaP_4_7 wins 1500 chips in this game
[GAME 25] game ends, invoking player.game_end()
[GAME 26] game starts
[GAME INFO] number of participants in this game = 8
[GAME INFO] participant: The Joker_4_0, chip = 3815
[GAME INFO] participant: NX01_4_1, chip = 2731
[GAME INFO] participant: Minty_4_2, chip = 2295
[GAME INFO] participant: ssw_4_3, chip = 1894
[GAME INFO] participant: Mars_4_4, chip = 1878
[GAME INFO] participant: wereFluke_4_5, chip = 2317
[GAME INFO] participant: courage_4_6, chip = 3926
[GAME INFO] participant: WaP_4_7, chip = 5144
[GAME INFO] blind is 500
[GAME INFO] dealer is ssw_4_3
[GAME INFO] small blind 500 posted by Mars_4_4
[GAME INFO] big blind 1000 posted by wereFluke_4_5
[hole card] K spade
[hole card] Q club
[preflop] round starts
[preflop] player The Joker_4_0 has 3815 chips
[preflop] player NX01_4_1 has 2731 chips
[preflop] player Minty_4_2 has 2295 chips
[preflop] player ssw_4_3 has 1894 chips
[preflop] player Mars_4_4 has 1378 chips
[preflop] player wereFluke_4_5 has 1317 chips
[preflop] player courage_4_6 has 3926 chips
[preflop] player WaP_4_7 has 5144 chips
[preflop] player courage_4_6 folds
[preflop] player WaP_4_7 folds
[preflop] action
[preflop] call (1000 chips). 
[preflop] player The Joker_4_0 calls. Total bet is 1000
[preflop] player NX01_4_1 calls. Total bet is 1000
[preflop] player Minty_4_2 folds
[preflop] player ssw_4_3 folds
[preflop] player Mars_4_4 folds
[preflop] player wereFluke_4_5 calls. Total bet is 1000
[flop] 5 club
[flop] 6 club
[flop] J club
[flop] round starts
[flop] player The Joker_4_0 has 2815 chips
[flop] player NX01_4_1 has 1731 chips
[flop] player Minty_4_2 has 2295 chips
[flop] player ssw_4_3 has 1894 chips
[flop] player Mars_4_4 has 1378 chips
[flop] player wereFluke_4_5 has 1317 chips
[flop] player courage_4_6 has 3926 chips
[flop] player WaP_4_7 has 5144 chips
[flop] player wereFluke_4_5 checks
[flop] action
[flop] check
[flop] player The Joker_4_0 checks
[flop] player NX01_4_1 checks
[flop] round ends
[turn] 7 club
[turn] round starts
[turn] player The Joker_4_0 has 2815 chips
[turn] player NX01_4_1 has 1731 chips
[turn] player Minty_4_2 has 2295 chips
[turn] player ssw_4_3 has 1894 chips
[turn] player Mars_4_4 has 1378 chips
[turn] player wereFluke_4_5 has 1317 chips
[turn] player courage_4_6 has 3926 chips
[turn] player WaP_4_7 has 5144 chips
[turn] player wereFluke_4_5 checks
[turn] action
[turn] raise 1000 (1000 chips).
[turn] player The Joker_4_0 raises 1000. Total bet is 1000
[turn] player NX01_4_1 calls. Total bet is 1000
[turn] player wereFluke_4_5 calls. Total bet is 1000
[river] 2 club
[river] round starts
[river] player The Joker_4_0 has 1815 chips
[river] player NX01_4_1 has 731 chips
[river] player Minty_4_2 has 2295 chips
[river] player ssw_4_3 has 1894 chips
[river] player Mars_4_4 has 1378 chips
[river] player wereFluke_4_5 has 317 chips
[river] player courage_4_6 has 3926 chips
[river] player WaP_4_7 has 5144 chips
[river] player wereFluke_4_5 folds
[river] action
[river] raise 1000 (1000 chips).
[river] player The Joker_4_0 raises 1000. Total bet is 1000
[river] player NX01_4_1 goes all in (731 chips). Total bet is 731
[SHOWDOWN] showdown starts
[SHOWDOWN] showdown
[SHOWDOWN] 5 club 6 club J club 7 club Q club
[SHOWDOWN] player NX01_4_1 shows K club J club 7 club 6 club 5 club, which is flush.
[SHOWDOWN] player The Joker_4_0 shows 5 club 6 club J club 7 club Q club, which is flush.
[GAME STAT] pot 0 with 2000 chips is shared by 1 players
[GAME STAT] player NX01_4_1 gets 2000 chips from pot 0
[GAME STAT] pot 1 with 4500 chips is shared by 1 players
[GAME STAT] player NX01_4_1 gets 4500 chips from pot 1
[GAME STAT] pot 2 with 1462 chips is shared by 1 players
[GAME STAT] player NX01_4_1 gets 1462 chips from pot 2
[GAME STAT] pot 3 with 269 chips is shared by 1 players
[GAME STAT] player The Joker_4_0 gets 269 chips from pot 3
[GAME STAT] overall statistics
[GAME STAT] player The Joker_4_0 wins -2731 chips in this game
[GAME STAT] player NX01_4_1 wins 5231 chips in this game
[GAME STAT] player Minty_4_2 wins 0 chips in this game
[GAME STAT] player ssw_4_3 wins 0 chips in this game
[GAME STAT] player Mars_4_4 wins -500 chips in this game
[GAME STAT] player wereFluke_4_5 wins -2000 chips in this game
[GAME STAT] player courage_4_6 wins 0 chips in this game
[GAME STAT] player WaP_4_7 wins 0 chips in this game
[GAME 26] game ends, invoking player.game_end()
[GAME 27] game starts
[GAME INFO] number of participants in this game = 8
[GAME INFO] participant: The Joker_4_0, chip = 1084
[GAME INFO] participant: NX01_4_1, chip = 7962
[GAME INFO] participant: Minty_4_2, chip = 2295
[GAME INFO] participant: ssw_4_3, chip = 1894
[GAME INFO] participant: Mars_4_4, chip = 1378
[GAME INFO] participant: wereFluke_4_5, chip = 317
[GAME INFO] participant: courage_4_6, chip = 3926
[GAME INFO] participant: WaP_4_7, chip = 5144
[GAME INFO] blind is 500
[GAME INFO] dealer is Mars_4_4
[GAME INFO] small blind 317 posted by wereFluke_4_5
[GAME INFO] big blind 1000 posted by courage_4_6
[hole card] 2 club
[hole card] A diamond
[preflop] round starts
[preflop] player The Joker_4_0 has 1084 chips
[preflop] player NX01_4_1 has 7962 chips
[preflop] player Minty_4_2 has 2295 chips
[preflop] player ssw_4_3 has 1894 chips
[preflop] player Mars_4_4 has 1378 chips
[preflop] player wereFluke_4_5 has 0 chips
[preflop] player courage_4_6 has 2926 chips
[preflop] player WaP_4_7 has 5144 chips
[preflop] player WaP_4_7 folds
[preflop] action
[WARNING] CANNOT check when another player has raised
[preflop] player The Joker_4_0 folds
[preflop] player NX01_4_1 folds
[preflop] player Minty_4_2 folds
[preflop] player ssw_4_3 folds
[preflop] player Mars_4_4 folds
[preflop] player wereFluke_4_5 goes all in (0 chips). Total bet is 317
[preflop] player courage_4_6 calls. Total bet is 1000
[flop] J diamond
[flop] 6 diamond
[flop] 7 diamond
[flop] round starts
[flop] player The Joker_4_0 has 1084 chips
[flop] player NX01_4_1 has 7962 chips
[flop] player Minty_4_2 has 2295 chips
[flop] player ssw_4_3 has 1894 chips
[flop] player Mars_4_4 has 1378 chips
[flop] player wereFluke_4_5 has 0 chips
[flop] player courage_4_6 has 2926 chips
[flop] player WaP_4_7 has 5144 chips
[flop] player wereFluke_4_5 checks
[flop] player courage_4_6 checks
[flop] round ends
[turn] 9 club
[turn] round starts
[turn] player The Joker_4_0 has 1084 chips
[turn] player NX01_4_1 has 7962 chips
[turn] player Minty_4_2 has 2295 chips
[turn] player ssw_4_3 has 1894 chips
[turn] player Mars_4_4 has 1378 chips
[turn] player wereFluke_4_5 has 0 chips
[turn] player courage_4_6 has 2926 chips
[turn] player WaP_4_7 has 5144 chips
[turn] player wereFluke_4_5 checks
[turn] player courage_4_6 checks
[turn] round ends
[river] 4 diamond
[river] round starts
[river] player The Joker_4_0 has 1084 chips
[river] player NX01_4_1 has 7962 chips
[river] player Minty_4_2 has 2295 chips
[river] player ssw_4_3 has 1894 chips
[river] player Mars_4_4 has 1378 chips
[river] player wereFluke_4_5 has 0 chips
[river] player courage_4_6 has 2926 chips
[river] player WaP_4_7 has 5144 chips
[river] player wereFluke_4_5 folds
[river] round ends
[GAME STAT] pot 0 with 634 chips is shared by 1 players
[GAME STAT] player courage_4_6 gets 634 chips from pot 0
[GAME STAT] pot 1 with 683 chips is shared by 1 players
[GAME STAT] player courage_4_6 gets 683 chips from pot 1
[GAME STAT] overall statistics
[GAME STAT] player The Joker_4_0 wins 0 chips in this game
[GAME STAT] player NX01_4_1 wins 0 chips in this game
[GAME STAT] player Minty_4_2 wins 0 chips in this game
[GAME STAT] player ssw_4_3 wins 0 chips in this game
[GAME STAT] player Mars_4_4 wins 0 chips in this game
[GAME STAT] player wereFluke_4_5 wins -317 chips in this game
[GAME STAT] player courage_4_6 wins 317 chips in this game
[GAME STAT] player WaP_4_7 wins 0 chips in this game
[GAME 27] game ends, invoking player.game_end()
[END]
[FINAL STAT] chips
[FINAL STAT] The Joker_4_0 has 1084 chips
[FINAL STAT] NX01_4_1 has 7962 chips
[FINAL STAT] Minty_4_2 has 2295 chips
[FINAL STAT] ssw_4_3 has 1894 chips
[FINAL STAT] Mars_4_4 has 1378 chips
[FINAL STAT] wereFluke_4_5 has 0 chips
[FINAL STAT] courage_4_6 has 4243 chips
[FINAL STAT] WaP_4_7 has 5144 chips
