[UI] login name: [UI] succefully login as The Joker_0_3
[login] The Joker_0_3
[player 0] ssw_0_0
[player 1] Mars_0_1
[player 2] NX01_0_2
[player 3] The Joker_0_3
[player 4] courage_0_4
[player 5] WaP_0_5
[player 6] Minty_0_6
[player 7] wereFluke_0_7
[GAME INFO] number of players = 8
[GAME INFO] initial chips = 3000
[GAME 1] game starts
[GAME INFO] number of participants in this game = 8
[GAME INFO] participant: ssw_0_0, chip = 3000
[GAME INFO] participant: Mars_0_1, chip = 3000
[GAME INFO] participant: NX01_0_2, chip = 3000
[GAME INFO] participant: The Joker_0_3, chip = 3000
[GAME INFO] participant: courage_0_4, chip = 3000
[GAME INFO] participant: WaP_0_5, chip = 3000
[GAME INFO] participant: Minty_0_6, chip = 3000
[GAME INFO] participant: wereFluke_0_7, chip = 3000
[GAME INFO] blind is 1
[GAME INFO] dealer is NX01_0_2
[GAME INFO] small blind 1 posted by The Joker_0_3
[GAME INFO] big blind 2 posted by courage_0_4
[hole card] 3 spade
[hole card] 4 spade
[preflop] round starts
[preflop] player ssw_0_0 has 3000 chips
[preflop] player Mars_0_1 has 3000 chips
[preflop] player NX01_0_2 has 3000 chips
[preflop] player The Joker_0_3 has 2999 chips
[preflop] player courage_0_4 has 2998 chips
[preflop] player WaP_0_5 has 3000 chips
[preflop] player Minty_0_6 has 3000 chips
[preflop] player wereFluke_0_7 has 3000 chips
[preflop] player WaP_0_5 folds
[preflop] player Minty_0_6 folds
[preflop] player wereFluke_0_7 calls. Total bet is 2
[preflop] player ssw_0_0 folds
[preflop] player Mars_0_1 calls. Total bet is 2
[preflop] player NX01_0_2 calls. Total bet is 2
[preflop] action
[preflop] call (1 chips). 
[preflop] player The Joker_0_3 calls. Total bet is 2
[preflop] player courage_0_4 calls. Total bet is 2
[flop] 3 club
[flop] 9 club
[flop] 4 diamond
[flop] round starts
[flop] player ssw_0_0 has 3000 chips
[flop] player Mars_0_1 has 2998 chips
[flop] player NX01_0_2 has 2998 chips
[flop] player The Joker_0_3 has 2998 chips
[flop] player courage_0_4 has 2998 chips
[flop] player WaP_0_5 has 3000 chips
[flop] player Minty_0_6 has 3000 chips
[flop] player wereFluke_0_7 has 2998 chips
[flop] action
[flop] check
[flop] player The Joker_0_3 checks
[flop] player courage_0_4 checks
[flop] player wereFluke_0_7 checks
[flop] player Mars_0_1 checks
[flop] player NX01_0_2 checks
[flop] round ends
[turn] Q diamond
[turn] round starts
[turn] player ssw_0_0 has 3000 chips
[turn] player Mars_0_1 has 2998 chips
[turn] player NX01_0_2 has 2998 chips
[turn] player The Joker_0_3 has 2998 chips
[turn] player courage_0_4 has 2998 chips
[turn] player WaP_0_5 has 3000 chips
[turn] player Minty_0_6 has 3000 chips
[turn] player wereFluke_0_7 has 2998 chips
[turn] action
[turn] check
[turn] player The Joker_0_3 checks
[turn] player courage_0_4 checks
[turn] player wereFluke_0_7 checks
[turn] player Mars_0_1 checks
[turn] player NX01_0_2 checks
[turn] round ends
[river] 8 club
[river] round starts
[river] player ssw_0_0 has 3000 chips
[river] player Mars_0_1 has 2998 chips
[river] player NX01_0_2 has 2998 chips
[river] player The Joker_0_3 has 2998 chips
[river] player courage_0_4 has 2998 chips
[river] player WaP_0_5 has 3000 chips
[river] player Minty_0_6 has 3000 chips
[river] player wereFluke_0_7 has 2998 chips
[river] action
[river] check
[river] player The Joker_0_3 checks
[river] player courage_0_4 checks
[river] player wereFluke_0_7 checks
[river] player Mars_0_1 checks
[river] player NX01_0_2 checks
[river] round ends
[SHOWDOWN] showdown starts
[SHOWDOWN] showdown
[SHOWDOWN] 3 club 4 diamond Q diamond 3 spade 4 spade
[SHOWDOWN] player NX01_0_2 shows K club Q club 9 club 8 club 3 club, which is flush.
[SHOWDOWN] player The Joker_0_3 shows 3 club 4 diamond Q diamond 3 spade 4 spade, which is two pair.
[SHOWDOWN] player courage_0_4 shows K diamond 9 diamond 9 club Q diamond 8 club, which is one pair.
[SHOWDOWN] player wereFluke_0_7 shows 9 heart 9 club 4 diamond Q diamond 8 club, which is one pair.
[SHOWDOWN] player Mars_0_1 shows 5 club 8 club 9 club Q diamond 10 diamond, which is high card.
[GAME STAT] pot 0 with 10 chips is shared by 1 players
[GAME STAT] player NX01_0_2 gets 10 chips from pot 0
[GAME STAT] overall statistics
[GAME STAT] player ssw_0_0 wins 0 chips in this game
[GAME STAT] player Mars_0_1 wins -2 chips in this game
[GAME STAT] player NX01_0_2 wins 8 chips in this game
[GAME STAT] player The Joker_0_3 wins -2 chips in this game
[GAME STAT] player courage_0_4 wins -2 chips in this game
[GAME STAT] player WaP_0_5 wins 0 chips in this game
[GAME STAT] player Minty_0_6 wins 0 chips in this game
[GAME STAT] player wereFluke_0_7 wins -2 chips in this game
[GAME 1] game ends, invoking player.game_end()
[GAME 2] game starts
[GAME INFO] number of participants in this game = 8
[GAME INFO] participant: ssw_0_0, chip = 3000
[GAME INFO] participant: Mars_0_1, chip = 2998
[GAME INFO] participant: NX01_0_2, chip = 3008
[GAME INFO] participant: The Joker_0_3, chip = 2998
[GAME INFO] participant: courage_0_4, chip = 2998
[GAME INFO] participant: WaP_0_5, chip = 3000
[GAME INFO] participant: Minty_0_6, chip = 3000
[GAME INFO] participant: wereFluke_0_7, chip = 2998
[GAME INFO] blind is 1
[GAME INFO] dealer is The Joker_0_3
[GAME INFO] small blind 1 posted by courage_0_4
[GAME INFO] big blind 2 posted by WaP_0_5
[hole card] 2 heart
[hole card] 3 club
[preflop] round starts
[preflop] player ssw_0_0 has 3000 chips
[preflop] player Mars_0_1 has 2998 chips
[preflop] player NX01_0_2 has 3008 chips
[preflop] player The Joker_0_3 has 2998 chips
[preflop] player courage_0_4 has 2997 chips
[preflop] player WaP_0_5 has 2998 chips
[preflop] player Minty_0_6 has 3000 chips
[preflop] player wereFluke_0_7 has 2998 chips
[preflop] player Minty_0_6 folds
[preflop] player wereFluke_0_7 calls. Total bet is 2
[preflop] player ssw_0_0 folds
[preflop] player Mars_0_1 folds
[preflop] player NX01_0_2 folds
[preflop] action
[WARNING] CANNOT check when another player has raised
[preflop] player The Joker_0_3 folds
[preflop] player courage_0_4 calls. Total bet is 2
[preflop] player WaP_0_5 calls. Total bet is 2
[flop] 5 club
[flop] A spade
[flop] 9 heart
[flop] round starts
[flop] player ssw_0_0 has 3000 chips
[flop] player Mars_0_1 has 2998 chips
[flop] player NX01_0_2 has 3008 chips
[flop] player The Joker_0_3 has 2998 chips
[flop] player courage_0_4 has 2996 chips
[flop] player WaP_0_5 has 2998 chips
[flop] player Minty_0_6 has 3000 chips
[flop] player wereFluke_0_7 has 2996 chips
[flop] player courage_0_4 checks
[flop] player WaP_0_5 checks
[flop] player wereFluke_0_7 checks
[flop] round ends
[turn] 8 spade
[turn] round starts
[turn] player ssw_0_0 has 3000 chips
[turn] player Mars_0_1 has 2998 chips
[turn] player NX01_0_2 has 3008 chips
[turn] player The Joker_0_3 has 2998 chips
[turn] player courage_0_4 has 2996 chips
[turn] player WaP_0_5 has 2998 chips
[turn] player Minty_0_6 has 3000 chips
[turn] player wereFluke_0_7 has 2996 chips
[turn] player courage_0_4 checks
[turn] player WaP_0_5 checks
[turn] player wereFluke_0_7 checks
[turn] round ends
[river] 3 heart
[river] round starts
[river] player ssw_0_0 has 3000 chips
[river] player Mars_0_1 has 2998 chips
[river] player NX01_0_2 has 3008 chips
[river] player The Joker_0_3 has 2998 chips
[river] player courage_0_4 has 2996 chips
[river] player WaP_0_5 has 2998 chips
[river] player Minty_0_6 has 3000 chips
[river] player wereFluke_0_7 has 2996 chips
[river] player courage_0_4 checks
[river] player WaP_0_5 checks
[river] player wereFluke_0_7 checks
[river] round ends
[SHOWDOWN] showdown starts
[SHOWDOWN] player courage_0_4 shows A heart J club A spade 9 heart 8 spade, which is one pair.
[SHOWDOWN] player WaP_0_5 shows 9 spade 9 heart 8 spade 5 club 4 club, which is one pair.
[SHOWDOWN] player wereFluke_0_7 shows 5 spade 5 club A spade 9 heart 8 spade, which is one pair.
[GAME STAT] pot 0 with 6 chips is shared by 1 players
[GAME STAT] player courage_0_4 gets 6 chips from pot 0
[GAME STAT] overall statistics
[GAME STAT] player ssw_0_0 wins 0 chips in this game
[GAME STAT] player Mars_0_1 wins 0 chips in this game
[GAME STAT] player NX01_0_2 wins 0 chips in this game
[GAME STAT] player The Joker_0_3 wins 0 chips in this game
[GAME STAT] player courage_0_4 wins 4 chips in this game
[GAME STAT] player WaP_0_5 wins -2 chips in this game
[GAME STAT] player Minty_0_6 wins 0 chips in this game
[GAME STAT] player wereFluke_0_7 wins -2 chips in this game
[GAME 2] game ends, invoking player.game_end()
[GAME 3] game starts
[GAME INFO] number of participants in this game = 8
[GAME INFO] participant: ssw_0_0, chip = 3000
[GAME INFO] participant: Mars_0_1, chip = 2998
[GAME INFO] participant: NX01_0_2, chip = 3008
[GAME INFO] participant: The Joker_0_3, chip = 2998
[GAME INFO] participant: courage_0_4, chip = 3002
[GAME INFO] participant: WaP_0_5, chip = 2998
[GAME INFO] participant: Minty_0_6, chip = 3000
[GAME INFO] participant: wereFluke_0_7, chip = 2996
[GAME INFO] blind is 1
[GAME INFO] dealer is courage_0_4
[GAME INFO] small blind 1 posted by WaP_0_5
[GAME INFO] big blind 2 posted by Minty_0_6
[hole card] 7 spade
[hole card] 3 club
[preflop] round starts
[preflop] player ssw_0_0 has 3000 chips
[preflop] player Mars_0_1 has 2998 chips
[preflop] player NX01_0_2 has 3008 chips
[preflop] player The Joker_0_3 has 2998 chips
[preflop] player courage_0_4 has 3002 chips
[preflop] player WaP_0_5 has 2997 chips
[preflop] player Minty_0_6 has 2998 chips
[preflop] player wereFluke_0_7 has 2996 chips
[preflop] player wereFluke_0_7 calls. Total bet is 2
[preflop] player ssw_0_0 folds
[preflop] player Mars_0_1 folds
[preflop] player NX01_0_2 folds
[preflop] action
[WARNING] CANNOT check when another player has raised
[preflop] player The Joker_0_3 folds
[preflop] player courage_0_4 folds
[preflop] player WaP_0_5 folds
[preflop] player Minty_0_6 folds
[GAME STAT] pot 0 with 3 chips is shared by 1 players
[GAME STAT] player wereFluke_0_7 gets 3 chips from pot 0
[GAME STAT] pot 1 with 2 chips is shared by 1 players
[GAME STAT] player wereFluke_0_7 gets 2 chips from pot 1
[GAME STAT] overall statistics
[GAME STAT] player ssw_0_0 wins 0 chips in this game
[GAME STAT] player Mars_0_1 wins 0 chips in this game
[GAME STAT] player NX01_0_2 wins 0 chips in this game
[GAME STAT] player The Joker_0_3 wins 0 chips in this game
[GAME STAT] player courage_0_4 wins 0 chips in this game
[GAME STAT] player WaP_0_5 wins -1 chips in this game
[GAME STAT] player Minty_0_6 wins -2 chips in this game
[GAME STAT] player wereFluke_0_7 wins 3 chips in this game
[GAME 3] game ends, invoking player.game_end()
[GAME 4] game starts
[GAME INFO] number of participants in this game = 8
[GAME INFO] participant: ssw_0_0, chip = 3000
[GAME INFO] participant: Mars_0_1, chip = 2998
[GAME INFO] participant: NX01_0_2, chip = 3008
[GAME INFO] participant: The Joker_0_3, chip = 2998
[GAME INFO] participant: courage_0_4, chip = 3002
[GAME INFO] participant: WaP_0_5, chip = 2997
[GAME INFO] participant: Minty_0_6, chip = 2998
[GAME INFO] participant: wereFluke_0_7, chip = 2999
[GAME INFO] blind is 2
[GAME INFO] dealer is WaP_0_5
[GAME INFO] small blind 2 posted by Minty_0_6
[GAME INFO] big blind 4 posted by wereFluke_0_7
[hole card] K club
[hole card] 5 heart
[preflop] round starts
[preflop] player ssw_0_0 has 3000 chips
[preflop] player Mars_0_1 has 2998 chips
[preflop] player NX01_0_2 has 3008 chips
[preflop] player The Joker_0_3 has 2998 chips
[preflop] player courage_0_4 has 3002 chips
[preflop] player WaP_0_5 has 2997 chips
[preflop] player Minty_0_6 has 2996 chips
[preflop] player wereFluke_0_7 has 2995 chips
[preflop] player ssw_0_0 folds
[preflop] player Mars_0_1 calls. Total bet is 4
[preflop] player NX01_0_2 folds
[preflop] action
[preflop] call (4 chips). 
[preflop] player The Joker_0_3 calls. Total bet is 4
[preflop] player courage_0_4 folds
[preflop] player WaP_0_5 folds
[preflop] player Minty_0_6 folds
[preflop] player wereFluke_0_7 calls. Total bet is 4
[flop] 8 heart
[flop] 3 diamond
[flop] 4 spade
[flop] round starts
[flop] player ssw_0_0 has 3000 chips
[flop] player Mars_0_1 has 2994 chips
[flop] player NX01_0_2 has 3008 chips
[flop] player The Joker_0_3 has 2994 chips
[flop] player courage_0_4 has 3002 chips
[flop] player WaP_0_5 has 2997 chips
[flop] player Minty_0_6 has 2996 chips
[flop] player wereFluke_0_7 has 2995 chips
[flop] player wereFluke_0_7 checks
[flop] player Mars_0_1 checks
[flop] action
[flop] check
[flop] player The Joker_0_3 checks
[flop] round ends
[turn] Q club
[turn] round starts
[turn] player ssw_0_0 has 3000 chips
[turn] player Mars_0_1 has 2994 chips
[turn] player NX01_0_2 has 3008 chips
[turn] player The Joker_0_3 has 2994 chips
[turn] player courage_0_4 has 3002 chips
[turn] player WaP_0_5 has 2997 chips
[turn] player Minty_0_6 has 2996 chips
[turn] player wereFluke_0_7 has 2995 chips
[turn] player wereFluke_0_7 checks
[turn] player Mars_0_1 checks
[turn] action
[turn] check
[turn] player The Joker_0_3 checks
[turn] round ends
[river] 4 club
[river] round starts
[river] player ssw_0_0 has 3000 chips
[river] player Mars_0_1 has 2994 chips
[river] player NX01_0_2 has 3008 chips
[river] player The Joker_0_3 has 2994 chips
[river] player courage_0_4 has 3002 chips
[river] player WaP_0_5 has 2997 chips
[river] player Minty_0_6 has 2996 chips
[river] player wereFluke_0_7 has 2995 chips
[river] player wereFluke_0_7 checks
[river] player Mars_0_1 checks
[river] action
[river] check
[river] player The Joker_0_3 checks
[river] round ends
[SHOWDOWN] showdown starts
[SHOWDOWN] showdown
[SHOWDOWN] 8 heart 4 spade Q club 4 club K club
[SHOWDOWN] player wereFluke_0_7 shows A spade A heart 8 heart 4 spade 4 club, which is two pair.
[SHOWDOWN] player The Joker_0_3 shows 8 heart 4 spade Q club 4 club K club, which is one pair.
[SHOWDOWN] player Mars_0_1 shows 4 club 4 spade 8 heart Q club 10 diamond, which is one pair.
[GAME STAT] pot 0 with 8 chips is shared by 1 players
[GAME STAT] player wereFluke_0_7 gets 8 chips from pot 0
[GAME STAT] pot 1 with 6 chips is shared by 1 players
[GAME STAT] player wereFluke_0_7 gets 6 chips from pot 1
[GAME STAT] overall statistics
[GAME STAT] player ssw_0_0 wins 0 chips in this game
[GAME STAT] player Mars_0_1 wins -4 chips in this game
[GAME STAT] player NX01_0_2 wins 0 chips in this game
[GAME STAT] player The Joker_0_3 wins -4 chips in this game
[GAME STAT] player courage_0_4 wins 0 chips in this game
[GAME STAT] player WaP_0_5 wins 0 chips in this game
[GAME STAT] player Minty_0_6 wins -2 chips in this game
[GAME STAT] player wereFluke_0_7 wins 10 chips in this game
[GAME 4] game ends, invoking player.game_end()
[GAME 5] game starts
[GAME INFO] number of participants in this game = 8
[GAME INFO] participant: ssw_0_0, chip = 3000
[GAME INFO] participant: Mars_0_1, chip = 2994
[GAME INFO] participant: NX01_0_2, chip = 3008
[GAME INFO] participant: The Joker_0_3, chip = 2994
[GAME INFO] participant: courage_0_4, chip = 3002
[GAME INFO] participant: WaP_0_5, chip = 2997
[GAME INFO] participant: Minty_0_6, chip = 2996
[GAME INFO] participant: wereFluke_0_7, chip = 3009
[GAME INFO] blind is 2
[GAME INFO] dealer is Minty_0_6
[GAME INFO] small blind 2 posted by wereFluke_0_7
[GAME INFO] big blind 4 posted by ssw_0_0
[hole card] 5 club
[hole card] 7 spade
[preflop] round starts
[preflop] player ssw_0_0 has 2996 chips
[preflop] player Mars_0_1 has 2994 chips
[preflop] player NX01_0_2 has 3008 chips
[preflop] player The Joker_0_3 has 2994 chips
[preflop] player courage_0_4 has 3002 chips
[preflop] player WaP_0_5 has 2997 chips
[preflop] player Minty_0_6 has 2996 chips
[preflop] player wereFluke_0_7 has 3007 chips
[preflop] player Mars_0_1 calls. Total bet is 4
[preflop] player NX01_0_2 folds
[preflop] action
[WARNING] CANNOT check when another player has raised
[preflop] player The Joker_0_3 folds
[preflop] player courage_0_4 folds
[preflop] player WaP_0_5 folds
[preflop] player Minty_0_6 folds
[preflop] player wereFluke_0_7 calls. Total bet is 4
[preflop] player ssw_0_0 folds
[flop] 6 club
[flop] 8 club
[flop] 4 spade
[flop] round starts
[flop] player ssw_0_0 has 2996 chips
[flop] player Mars_0_1 has 2990 chips
[flop] player NX01_0_2 has 3008 chips
[flop] player The Joker_0_3 has 2994 chips
[flop] player courage_0_4 has 3002 chips
[flop] player WaP_0_5 has 2997 chips
[flop] player Minty_0_6 has 2996 chips
[flop] player wereFluke_0_7 has 3005 chips
[flop] player wereFluke_0_7 checks
[flop] player Mars_0_1 checks
[flop] round ends
[turn] K heart
[turn] round starts
[turn] player ssw_0_0 has 2996 chips
[turn] player Mars_0_1 has 2990 chips
[turn] player NX01_0_2 has 3008 chips
[turn] player The Joker_0_3 has 2994 chips
[turn] player courage_0_4 has 3002 chips
[turn] player WaP_0_5 has 2997 chips
[turn] player Minty_0_6 has 2996 chips
[turn] player wereFluke_0_7 has 3005 chips
[turn] player wereFluke_0_7 checks
[turn] player Mars_0_1 checks
[turn] round ends
[river] A heart
[river] round starts
[river] player ssw_0_0 has 2996 chips
[river] player Mars_0_1 has 2990 chips
[river] player NX01_0_2 has 3008 chips
[river] player The Joker_0_3 has 2994 chips
[river] player courage_0_4 has 3002 chips
[river] player WaP_0_5 has 2997 chips
[river] player Minty_0_6 has 2996 chips
[river] player wereFluke_0_7 has 3005 chips
[river] player wereFluke_0_7 checks
[river] player Mars_0_1 checks
[river] round ends
[SHOWDOWN] showdown starts
[SHOWDOWN] player Mars_0_1 shows 8 club 8 heart A heart K diamond K heart, which is two pair.
[SHOWDOWN] player wereFluke_0_7 shows Q spade 7 club 8 club K heart A heart, which is high card.
[GAME STAT] pot 0 with 12 chips is shared by 1 players
[GAME STAT] player Mars_0_1 gets 12 chips from pot 0
[GAME STAT] overall statistics
[GAME STAT] player ssw_0_0 wins -4 chips in this game
[GAME STAT] player Mars_0_1 wins 8 chips in this game
[GAME STAT] player NX01_0_2 wins 0 chips in this game
[GAME STAT] player The Joker_0_3 wins 0 chips in this game
[GAME STAT] player courage_0_4 wins 0 chips in this game
[GAME STAT] player WaP_0_5 wins 0 chips in this game
[GAME STAT] player Minty_0_6 wins 0 chips in this game
[GAME STAT] player wereFluke_0_7 wins -4 chips in this game
[GAME 5] game ends, invoking player.game_end()
[GAME 6] game starts
[GAME INFO] number of participants in this game = 8
[GAME INFO] participant: ssw_0_0, chip = 2996
[GAME INFO] participant: Mars_0_1, chip = 3002
[GAME INFO] participant: NX01_0_2, chip = 3008
[GAME INFO] participant: The Joker_0_3, chip = 2994
[GAME INFO] participant: courage_0_4, chip = 3002
[GAME INFO] participant: WaP_0_5, chip = 2997
[GAME INFO] participant: Minty_0_6, chip = 2996
[GAME INFO] participant: wereFluke_0_7, chip = 3005
[GAME INFO] blind is 2
[GAME INFO] dealer is wereFluke_0_7
[GAME INFO] small blind 2 posted by ssw_0_0
[GAME INFO] big blind 4 posted by Mars_0_1
[hole card] 6 diamond
[hole card] 7 diamond
[preflop] round starts
[preflop] player ssw_0_0 has 2994 chips
[preflop] player Mars_0_1 has 2998 chips
[preflop] player NX01_0_2 has 3008 chips
[preflop] player The Joker_0_3 has 2994 chips
[preflop] player courage_0_4 has 3002 chips
[preflop] player WaP_0_5 has 2997 chips
[preflop] player Minty_0_6 has 2996 chips
[preflop] player wereFluke_0_7 has 3005 chips
[preflop] player NX01_0_2 folds
[preflop] action
[preflop] call (4 chips). 
[preflop] player The Joker_0_3 calls. Total bet is 4
[preflop] player courage_0_4 folds
[preflop] player WaP_0_5 folds
[preflop] player Minty_0_6 folds
[preflop] player wereFluke_0_7 calls. Total bet is 4
[preflop] player ssw_0_0 folds
[preflop] player Mars_0_1 calls. Total bet is 4
[flop] K diamond
[flop] 6 spade
[flop] 8 club
[flop] round starts
[flop] player ssw_0_0 has 2994 chips
[flop] player Mars_0_1 has 2998 chips
[flop] player NX01_0_2 has 3008 chips
[flop] player The Joker_0_3 has 2990 chips
[flop] player courage_0_4 has 3002 chips
[flop] player WaP_0_5 has 2997 chips
[flop] player Minty_0_6 has 2996 chips
[flop] player wereFluke_0_7 has 3001 chips
[flop] player Mars_0_1 checks
[flop] action
[flop] check
[flop] player The Joker_0_3 checks
[flop] player wereFluke_0_7 checks
[flop] round ends
[turn] 6 club
[turn] round starts
[turn] player ssw_0_0 has 2994 chips
[turn] player Mars_0_1 has 2998 chips
[turn] player NX01_0_2 has 3008 chips
[turn] player The Joker_0_3 has 2990 chips
[turn] player courage_0_4 has 3002 chips
[turn] player WaP_0_5 has 2997 chips
[turn] player Minty_0_6 has 2996 chips
[turn] player wereFluke_0_7 has 3001 chips
[turn] player Mars_0_1 checks
[turn] action
[turn] check
[turn] player The Joker_0_3 checks
[turn] player wereFluke_0_7 checks
[turn] round ends
[river] 2 spade
[river] round starts
[river] player ssw_0_0 has 2994 chips
[river] player Mars_0_1 has 2998 chips
[river] player NX01_0_2 has 3008 chips
[river] player The Joker_0_3 has 2990 chips
[river] player courage_0_4 has 3002 chips
[river] player WaP_0_5 has 2997 chips
[river] player Minty_0_6 has 2996 chips
[river] player wereFluke_0_7 has 3001 chips
[river] player Mars_0_1 checks
[river] action
[river] check
[river] player The Joker_0_3 checks
[river] player wereFluke_0_7 checks
[river] round ends
[SHOWDOWN] showdown starts
[SHOWDOWN] showdown
[SHOWDOWN] K diamond 6 spade 8 club 6 club 6 diamond
[SHOWDOWN] player The Joker_0_3 shows K diamond 6 spade 8 club 6 club 6 diamond, which is three of a kind.
[SHOWDOWN] player wereFluke_0_7 shows Q spade K club K diamond 6 spade 6 club, which is two pair.
[SHOWDOWN] player Mars_0_1 shows 6 club 6 spade 8 club J spade K diamond, which is one pair.
[GAME STAT] pot 0 with 8 chips is shared by 1 players
[GAME STAT] player The Joker_0_3 gets 8 chips from pot 0
[GAME STAT] pot 1 with 6 chips is shared by 1 players
[GAME STAT] player The Joker_0_3 gets 6 chips from pot 1
[GAME STAT] overall statistics
[GAME STAT] player ssw_0_0 wins -2 chips in this game
[GAME STAT] player Mars_0_1 wins -4 chips in this game
[GAME STAT] player NX01_0_2 wins 0 chips in this game
[GAME STAT] player The Joker_0_3 wins 10 chips in this game
[GAME STAT] player courage_0_4 wins 0 chips in this game
[GAME STAT] player WaP_0_5 wins 0 chips in this game
[GAME STAT] player Minty_0_6 wins 0 chips in this game
[GAME STAT] player wereFluke_0_7 wins -4 chips in this game
[GAME 6] game ends, invoking player.game_end()
[GAME 7] game starts
[GAME INFO] number of participants in this game = 8
[GAME INFO] participant: ssw_0_0, chip = 2994
[GAME INFO] participant: Mars_0_1, chip = 2998
[GAME INFO] participant: NX01_0_2, chip = 3008
[GAME INFO] participant: The Joker_0_3, chip = 3004
[GAME INFO] participant: courage_0_4, chip = 3002
[GAME INFO] participant: WaP_0_5, chip = 2997
[GAME INFO] participant: Minty_0_6, chip = 2996
[GAME INFO] participant: wereFluke_0_7, chip = 3001
[GAME INFO] blind is 5
[GAME INFO] dealer is ssw_0_0
[GAME INFO] small blind 5 posted by Mars_0_1
[GAME INFO] big blind 10 posted by NX01_0_2
[hole card] 8 spade
[hole card] A club
[preflop] round starts
[preflop] player ssw_0_0 has 2994 chips
[preflop] player Mars_0_1 has 2993 chips
[preflop] player NX01_0_2 has 2998 chips
[preflop] player The Joker_0_3 has 3004 chips
[preflop] player courage_0_4 has 3002 chips
[preflop] player WaP_0_5 has 2997 chips
[preflop] player Minty_0_6 has 2996 chips
[preflop] player wereFluke_0_7 has 3001 chips
[preflop] action
[WARNING] CANNOT check when another player has raised
[preflop] player The Joker_0_3 folds
[preflop] player courage_0_4 folds
[preflop] player WaP_0_5 folds
[preflop] player Minty_0_6 folds
[preflop] player wereFluke_0_7 calls. Total bet is 10
[preflop] player ssw_0_0 folds
[preflop] player Mars_0_1 calls. Total bet is 10
[preflop] player NX01_0_2 folds
[flop] K diamond
[flop] J diamond
[flop] 7 diamond
[flop] round starts
[flop] player ssw_0_0 has 2994 chips
[flop] player Mars_0_1 has 2988 chips
[flop] player NX01_0_2 has 2998 chips
[flop] player The Joker_0_3 has 3004 chips
[flop] player courage_0_4 has 3002 chips
[flop] player WaP_0_5 has 2997 chips
[flop] player Minty_0_6 has 2996 chips
[flop] player wereFluke_0_7 has 2991 chips
[flop] player Mars_0_1 checks
[flop] player wereFluke_0_7 checks
[flop] round ends
[turn] 5 diamond
[turn] round starts
[turn] player ssw_0_0 has 2994 chips
[turn] player Mars_0_1 has 2988 chips
[turn] player NX01_0_2 has 2998 chips
[turn] player The Joker_0_3 has 3004 chips
[turn] player courage_0_4 has 3002 chips
[turn] player WaP_0_5 has 2997 chips
[turn] player Minty_0_6 has 2996 chips
[turn] player wereFluke_0_7 has 2991 chips
[turn] player Mars_0_1 raises 593. Total bet is 593
[turn] player wereFluke_0_7 folds
[GAME STAT] pot 0 with 30 chips is shared by 1 players
[GAME STAT] player Mars_0_1 gets 30 chips from pot 0
[GAME STAT] pot 1 with 593 chips is shared by 1 players
[GAME STAT] player Mars_0_1 gets 593 chips from pot 1
[GAME STAT] overall statistics
[GAME STAT] player ssw_0_0 wins 0 chips in this game
[GAME STAT] player Mars_0_1 wins 20 chips in this game
[GAME STAT] player NX01_0_2 wins -10 chips in this game
[GAME STAT] player The Joker_0_3 wins 0 chips in this game
[GAME STAT] player courage_0_4 wins 0 chips in this game
[GAME STAT] player WaP_0_5 wins 0 chips in this game
[GAME STAT] player Minty_0_6 wins 0 chips in this game
[GAME STAT] player wereFluke_0_7 wins -10 chips in this game
[GAME 7] game ends, invoking player.game_end()
[GAME 8] game starts
[GAME INFO] number of participants in this game = 8
[GAME INFO] participant: ssw_0_0, chip = 2994
[GAME INFO] participant: Mars_0_1, chip = 3018
[GAME INFO] participant: NX01_0_2, chip = 2998
[GAME INFO] participant: The Joker_0_3, chip = 3004
[GAME INFO] participant: courage_0_4, chip = 3002
[GAME INFO] participant: WaP_0_5, chip = 2997
[GAME INFO] participant: Minty_0_6, chip = 2996
[GAME INFO] participant: wereFluke_0_7, chip = 2991
[GAME INFO] blind is 5
[GAME INFO] dealer is Mars_0_1
[GAME INFO] small blind 5 posted by NX01_0_2
[GAME INFO] big blind 10 posted by The Joker_0_3
[hole card] 8 diamond
[hole card] 9 spade
[preflop] round starts
[preflop] player ssw_0_0 has 2994 chips
[preflop] player Mars_0_1 has 3018 chips
[preflop] player NX01_0_2 has 2993 chips
[preflop] player The Joker_0_3 has 2994 chips
[preflop] player courage_0_4 has 3002 chips
[preflop] player WaP_0_5 has 2997 chips
[preflop] player Minty_0_6 has 2996 chips
[preflop] player wereFluke_0_7 has 2991 chips
[preflop] player courage_0_4 folds
[preflop] player WaP_0_5 folds
[preflop] player Minty_0_6 folds
[preflop] player wereFluke_0_7 calls. Total bet is 10
[preflop] player ssw_0_0 folds
[preflop] player Mars_0_1 calls. Total bet is 10
[preflop] player NX01_0_2 folds
[preflop] action
[preflop] call (0 chips). 
[preflop] player The Joker_0_3 calls. Total bet is 10
[flop] Q heart
[flop] 6 heart
[flop] 2 heart
[flop] round starts
[flop] player ssw_0_0 has 2994 chips
[flop] player Mars_0_1 has 3008 chips
[flop] player NX01_0_2 has 2993 chips
[flop] player The Joker_0_3 has 2994 chips
[flop] player courage_0_4 has 3002 chips
[flop] player WaP_0_5 has 2997 chips
[flop] player Minty_0_6 has 2996 chips
[flop] player wereFluke_0_7 has 2981 chips
[flop] action
[flop] check
[flop] player The Joker_0_3 checks
[flop] player wereFluke_0_7 checks
[flop] player Mars_0_1 checks
[flop] round ends
[turn] 6 diamond
[turn] round starts
[turn] player ssw_0_0 has 2994 chips
[turn] player Mars_0_1 has 3008 chips
[turn] player NX01_0_2 has 2993 chips
[turn] player The Joker_0_3 has 2994 chips
[turn] player courage_0_4 has 3002 chips
[turn] player WaP_0_5 has 2997 chips
[turn] player Minty_0_6 has 2996 chips
[turn] player wereFluke_0_7 has 2981 chips
[turn] action
[turn] check
[turn] player The Joker_0_3 checks
[turn] player wereFluke_0_7 checks
[turn] player Mars_0_1 checks
[turn] round ends
[river] A spade
[river] round starts
[river] player ssw_0_0 has 2994 chips
[river] player Mars_0_1 has 3008 chips
[river] player NX01_0_2 has 2993 chips
[river] player The Joker_0_3 has 2994 chips
[river] player courage_0_4 has 3002 chips
[river] player WaP_0_5 has 2997 chips
[river] player Minty_0_6 has 2996 chips
[river] player wereFluke_0_7 has 2981 chips
[river] action
[river] check
[river] player The Joker_0_3 checks
[river] player wereFluke_0_7 checks
[river] player Mars_0_1 checks
[river] round ends
[SHOWDOWN] showdown starts
[SHOWDOWN] showdown
[SHOWDOWN] Q heart 6 heart 6 diamond A spade 9 spade
[SHOWDOWN] player Mars_0_1 shows 6 diamond 6 heart A spade Q club Q heart, which is two pair.
[SHOWDOWN] player wereFluke_0_7 shows J club Q heart 6 heart 6 diamond A spade, which is one pair.
[SHOWDOWN] player The Joker_0_3 shows Q heart 6 heart 6 diamond A spade 9 spade, which is one pair.
[GAME STAT] pot 0 with 20 chips is shared by 1 players
[GAME STAT] player Mars_0_1 gets 20 chips from pot 0
[GAME STAT] pot 1 with 15 chips is shared by 1 players
[GAME STAT] player Mars_0_1 gets 15 chips from pot 1
[GAME STAT] overall statistics
[GAME STAT] player ssw_0_0 wins 0 chips in this game
[GAME STAT] player Mars_0_1 wins 25 chips in this game
[GAME STAT] player NX01_0_2 wins -5 chips in this game
[GAME STAT] player The Joker_0_3 wins -10 chips in this game
[GAME STAT] player courage_0_4 wins 0 chips in this game
[GAME STAT] player WaP_0_5 wins 0 chips in this game
[GAME STAT] player Minty_0_6 wins 0 chips in this game
[GAME STAT] player wereFluke_0_7 wins -10 chips in this game
[GAME 8] game ends, invoking player.game_end()
[GAME 9] game starts
[GAME INFO] number of participants in this game = 8
[GAME INFO] participant: ssw_0_0, chip = 2994
[GAME INFO] participant: Mars_0_1, chip = 3043
[GAME INFO] participant: NX01_0_2, chip = 2993
[GAME INFO] participant: The Joker_0_3, chip = 2994
[GAME INFO] participant: courage_0_4, chip = 3002
[GAME INFO] participant: WaP_0_5, chip = 2997
[GAME INFO] participant: Minty_0_6, chip = 2996
[GAME INFO] participant: wereFluke_0_7, chip = 2981
[GAME INFO] blind is 5
[GAME INFO] dealer is NX01_0_2
[GAME INFO] small blind 5 posted by The Joker_0_3
[GAME INFO] big blind 10 posted by courage_0_4
[hole card] 3 club
[hole card] 3 heart
[preflop] round starts
[preflop] player ssw_0_0 has 2994 chips
[preflop] player Mars_0_1 has 3043 chips
[preflop] player NX01_0_2 has 2993 chips
[preflop] player The Joker_0_3 has 2989 chips
[preflop] player courage_0_4 has 2992 chips
[preflop] player WaP_0_5 has 2997 chips
[preflop] player Minty_0_6 has 2996 chips
[preflop] player wereFluke_0_7 has 2981 chips
[preflop] player WaP_0_5 folds
[preflop] player Minty_0_6 folds
[preflop] player wereFluke_0_7 calls. Total bet is 10
[preflop] player ssw_0_0 folds
[preflop] player Mars_0_1 calls. Total bet is 10
[preflop] player NX01_0_2 calls. Total bet is 10
[preflop] action
[preflop] call (5 chips). 
[preflop] player The Joker_0_3 calls. Total bet is 10
[preflop] player courage_0_4 calls. Total bet is 10
[flop] K club
[flop] 10 club
[flop] 9 club
[flop] round starts
[flop] player ssw_0_0 has 2994 chips
[flop] player Mars_0_1 has 3033 chips
[flop] player NX01_0_2 has 2983 chips
[flop] player The Joker_0_3 has 2984 chips
[flop] player courage_0_4 has 2992 chips
[flop] player WaP_0_5 has 2997 chips
[flop] player Minty_0_6 has 2996 chips
[flop] player wereFluke_0_7 has 2971 chips
[flop] action
[flop] check
[flop] player The Joker_0_3 checks
[flop] player courage_0_4 checks
[flop] player wereFluke_0_7 checks
[flop] player Mars_0_1 checks
[flop] player NX01_0_2 checks
[flop] round ends
[turn] K heart
[turn] round starts
[turn] player ssw_0_0 has 2994 chips
[turn] player Mars_0_1 has 3033 chips
[turn] player NX01_0_2 has 2983 chips
[turn] player The Joker_0_3 has 2984 chips
[turn] player courage_0_4 has 2992 chips
[turn] player WaP_0_5 has 2997 chips
[turn] player Minty_0_6 has 2996 chips
[turn] player wereFluke_0_7 has 2971 chips
[turn] action
[turn] check
[turn] player The Joker_0_3 checks
[turn] player courage_0_4 checks
[turn] player wereFluke_0_7 checks
[turn] player Mars_0_1 checks
[turn] player NX01_0_2 checks
[turn] round ends
[river] 8 diamond
[river] round starts
[river] player ssw_0_0 has 2994 chips
[river] player Mars_0_1 has 3033 chips
[river] player NX01_0_2 has 2983 chips
[river] player The Joker_0_3 has 2984 chips
[river] player courage_0_4 has 2992 chips
[river] player WaP_0_5 has 2997 chips
[river] player Minty_0_6 has 2996 chips
[river] player wereFluke_0_7 has 2971 chips
[river] action
[river] check
[river] player The Joker_0_3 checks
[river] player courage_0_4 checks
[river] player wereFluke_0_7 checks
[river] player Mars_0_1 checks
[river] player NX01_0_2 checks
[river] round ends
[SHOWDOWN] showdown starts
[SHOWDOWN] showdown
[SHOWDOWN] K club 10 club K heart 3 club 3 heart
[SHOWDOWN] player wereFluke_0_7 shows 6 heart 7 diamond 10 club 9 club 8 diamond, which is straight.
[SHOWDOWN] player NX01_0_2 shows K heart K club 9 club 9 diamond 8 diamond, which is two pair.
[SHOWDOWN] player courage_0_4 shows A heart 8 club K club K heart 8 diamond, which is two pair.
[SHOWDOWN] player The Joker_0_3 shows K club 10 club K heart 3 club 3 heart, which is two pair.
[SHOWDOWN] player Mars_0_1 shows 9 club J club K club K heart 10 club, which is one pair.
[GAME STAT] pot 0 with 50 chips is shared by 1 players
[GAME STAT] player wereFluke_0_7 gets 50 chips from pot 0
[GAME STAT] overall statistics
[GAME STAT] player ssw_0_0 wins 0 chips in this game
[GAME STAT] player Mars_0_1 wins -10 chips in this game
[GAME STAT] player NX01_0_2 wins -10 chips in this game
[GAME STAT] player The Joker_0_3 wins -10 chips in this game
[GAME STAT] player courage_0_4 wins -10 chips in this game
[GAME STAT] player WaP_0_5 wins 0 chips in this game
[GAME STAT] player Minty_0_6 wins 0 chips in this game
[GAME STAT] player wereFluke_0_7 wins 40 chips in this game
[GAME 9] game ends, invoking player.game_end()
[GAME 10] game starts
[GAME INFO] number of participants in this game = 8
[GAME INFO] participant: ssw_0_0, chip = 2994
[GAME INFO] participant: Mars_0_1, chip = 3033
[GAME INFO] participant: NX01_0_2, chip = 2983
[GAME INFO] participant: The Joker_0_3, chip = 2984
[GAME INFO] participant: courage_0_4, chip = 2992
[GAME INFO] participant: WaP_0_5, chip = 2997
[GAME INFO] participant: Minty_0_6, chip = 2996
[GAME INFO] participant: wereFluke_0_7, chip = 3021
[GAME INFO] blind is 10
[GAME INFO] dealer is The Joker_0_3
[GAME INFO] small blind 10 posted by courage_0_4
[GAME INFO] big blind 20 posted by WaP_0_5
[hole card] 7 spade
[hole card] 5 heart
[preflop] round starts
[preflop] player ssw_0_0 has 2994 chips
[preflop] player Mars_0_1 has 3033 chips
[preflop] player NX01_0_2 has 2983 chips
[preflop] player The Joker_0_3 has 2984 chips
[preflop] player courage_0_4 has 2982 chips
[preflop] player WaP_0_5 has 2977 chips
[preflop] player Minty_0_6 has 2996 chips
[preflop] player wereFluke_0_7 has 3021 chips
[preflop] player Minty_0_6 folds
[preflop] player wereFluke_0_7 calls. Total bet is 20
[preflop] player ssw_0_0 folds
[preflop] player Mars_0_1 folds
[preflop] player NX01_0_2 calls. Total bet is 20
[preflop] action
[preflop] call (20 chips). 
[preflop] player The Joker_0_3 calls. Total bet is 20
[preflop] player courage_0_4 folds
[preflop] player WaP_0_5 calls. Total bet is 20
[flop] 4 club
[flop] 3 diamond
[flop] 8 diamond
[flop] round starts
[flop] player ssw_0_0 has 2994 chips
[flop] player Mars_0_1 has 3033 chips
[flop] player NX01_0_2 has 2963 chips
[flop] player The Joker_0_3 has 2964 chips
[flop] player courage_0_4 has 2982 chips
[flop] player WaP_0_5 has 2977 chips
[flop] player Minty_0_6 has 2996 chips
[flop] player wereFluke_0_7 has 3001 chips
[flop] player WaP_0_5 checks
[flop] player wereFluke_0_7 checks
[flop] player NX01_0_2 checks
[flop] action
[flop] check
[flop] player The Joker_0_3 checks
[flop] round ends
[turn] Q heart
[turn] round starts
[turn] player ssw_0_0 has 2994 chips
[turn] player Mars_0_1 has 3033 chips
[turn] player NX01_0_2 has 2963 chips
[turn] player The Joker_0_3 has 2964 chips
[turn] player courage_0_4 has 2982 chips
[turn] player WaP_0_5 has 2977 chips
[turn] player Minty_0_6 has 2996 chips
[turn] player wereFluke_0_7 has 3001 chips
[turn] player WaP_0_5 checks
[turn] player wereFluke_0_7 checks
[turn] player NX01_0_2 checks
[turn] action
[turn] check
[turn] player The Joker_0_3 checks
[turn] round ends
[river] 2 club
[river] round starts
[river] player ssw_0_0 has 2994 chips
[river] player Mars_0_1 has 3033 chips
[river] player NX01_0_2 has 2963 chips
[river] player The Joker_0_3 has 2964 chips
[river] player courage_0_4 has 2982 chips
[river] player WaP_0_5 has 2977 chips
[river] player Minty_0_6 has 2996 chips
[river] player wereFluke_0_7 has 3001 chips
[river] player WaP_0_5 checks
[river] player wereFluke_0_7 checks
[river] player NX01_0_2 checks
[river] action
[river] check
[river] player The Joker_0_3 checks
[river] round ends
[SHOWDOWN] showdown starts
[SHOWDOWN] showdown
[SHOWDOWN] 4 club 8 diamond Q heart 7 spade 5 heart
[SHOWDOWN] player WaP_0_5 shows A diamond Q heart 9 heart 8 diamond 4 club, which is high card.
[SHOWDOWN] player wereFluke_0_7 shows K diamond 5 diamond 4 club 8 diamond Q heart, which is high card.
[SHOWDOWN] player NX01_0_2 shows Q heart J heart 10 club 8 diamond 4 club, which is high card.
[SHOWDOWN] player The Joker_0_3 shows 4 club 8 diamond Q heart 7 spade 5 heart, which is high card.
[GAME STAT] pot 0 with 50 chips is shared by 1 players
[GAME STAT] player WaP_0_5 gets 50 chips from pot 0
[GAME STAT] pot 1 with 40 chips is shared by 1 players
[GAME STAT] player WaP_0_5 gets 40 chips from pot 1
[GAME STAT] overall statistics
[GAME STAT] player ssw_0_0 wins 0 chips in this game
[GAME STAT] player Mars_0_1 wins 0 chips in this game
[GAME STAT] player NX01_0_2 wins -20 chips in this game
[GAME STAT] player The Joker_0_3 wins -20 chips in this game
[GAME STAT] player courage_0_4 wins -10 chips in this game
[GAME STAT] player WaP_0_5 wins 70 chips in this game
[GAME STAT] player Minty_0_6 wins 0 chips in this game
[GAME STAT] player wereFluke_0_7 wins -20 chips in this game
[GAME 10] game ends, invoking player.game_end()
[GAME 11] game starts
[GAME INFO] number of participants in this game = 8
[GAME INFO] participant: ssw_0_0, chip = 2994
[GAME INFO] participant: Mars_0_1, chip = 3033
[GAME INFO] participant: NX01_0_2, chip = 2963
[GAME INFO] participant: The Joker_0_3, chip = 2964
[GAME INFO] participant: courage_0_4, chip = 2982
[GAME INFO] participant: WaP_0_5, chip = 3067
[GAME INFO] participant: Minty_0_6, chip = 2996
[GAME INFO] participant: wereFluke_0_7, chip = 3001
[GAME INFO] blind is 10
[GAME INFO] dealer is courage_0_4
[GAME INFO] small blind 10 posted by WaP_0_5
[GAME INFO] big blind 20 posted by Minty_0_6
[hole card] 3 club
[hole card] A heart
[preflop] round starts
[preflop] player ssw_0_0 has 2994 chips
[preflop] player Mars_0_1 has 3033 chips
[preflop] player NX01_0_2 has 2963 chips
[preflop] player The Joker_0_3 has 2964 chips
[preflop] player courage_0_4 has 2982 chips
[preflop] player WaP_0_5 has 3057 chips
[preflop] player Minty_0_6 has 2976 chips
[preflop] player wereFluke_0_7 has 3001 chips
[preflop] player wereFluke_0_7 calls. Total bet is 20
[preflop] player ssw_0_0 folds
[preflop] player Mars_0_1 calls. Total bet is 20
[preflop] player NX01_0_2 folds
[preflop] action
[preflop] call (20 chips). 
[preflop] player The Joker_0_3 calls. Total bet is 20
[preflop] player courage_0_4 calls. Total bet is 20
[preflop] player WaP_0_5 folds
[preflop] player Minty_0_6 folds
[flop] K spade
[flop] 9 diamond
[flop] 5 diamond
[flop] round starts
[flop] player ssw_0_0 has 2994 chips
[flop] player Mars_0_1 has 3013 chips
[flop] player NX01_0_2 has 2963 chips
[flop] player The Joker_0_3 has 2944 chips
[flop] player courage_0_4 has 2962 chips
[flop] player WaP_0_5 has 3057 chips
[flop] player Minty_0_6 has 2976 chips
[flop] player wereFluke_0_7 has 2981 chips
[flop] player wereFluke_0_7 checks
[flop] player Mars_0_1 checks
[flop] action
[flop] check
[flop] player The Joker_0_3 checks
[flop] player courage_0_4 checks
[flop] round ends
[turn] J club
[turn] round starts
[turn] player ssw_0_0 has 2994 chips
[turn] player Mars_0_1 has 3013 chips
[turn] player NX01_0_2 has 2963 chips
[turn] player The Joker_0_3 has 2944 chips
[turn] player courage_0_4 has 2962 chips
[turn] player WaP_0_5 has 3057 chips
[turn] player Minty_0_6 has 2976 chips
[turn] player wereFluke_0_7 has 2981 chips
[turn] player wereFluke_0_7 checks
[turn] player Mars_0_1 checks
[turn] action
[turn] check
[turn] player The Joker_0_3 checks
[turn] player courage_0_4 checks
[turn] round ends
[river] 6 heart
[river] round starts
[river] player ssw_0_0 has 2994 chips
[river] player Mars_0_1 has 3013 chips
[river] player NX01_0_2 has 2963 chips
[river] player The Joker_0_3 has 2944 chips
[river] player courage_0_4 has 2962 chips
[river] player WaP_0_5 has 3057 chips
[river] player Minty_0_6 has 2976 chips
[river] player wereFluke_0_7 has 2981 chips
[river] player wereFluke_0_7 checks
[river] player Mars_0_1 checks
[river] action
[river] check
[river] player The Joker_0_3 checks
[river] player courage_0_4 checks
[river] round ends
[SHOWDOWN] showdown starts
[SHOWDOWN] showdown
[SHOWDOWN] K spade 9 diamond J club 6 heart A heart
[SHOWDOWN] player courage_0_4 shows Q spade Q heart K spade 9 diamond J club, which is one pair.
[SHOWDOWN] player Mars_0_1 shows 8 club 9 diamond A diamond J club K spade, which is high card.
[SHOWDOWN] player The Joker_0_3 shows K spade 9 diamond J club 6 heart A heart, which is high card.
[SHOWDOWN] player wereFluke_0_7 shows 7 club K spade 9 diamond J club 6 heart, which is high card.
[GAME STAT] pot 0 with 60 chips is shared by 1 players
[GAME STAT] player courage_0_4 gets 60 chips from pot 0
[GAME STAT] pot 1 with 50 chips is shared by 1 players
[GAME STAT] player courage_0_4 gets 50 chips from pot 1
[GAME STAT] overall statistics
[GAME STAT] player ssw_0_0 wins 0 chips in this game
[GAME STAT] player Mars_0_1 wins -20 chips in this game
[GAME STAT] player NX01_0_2 wins 0 chips in this game
[GAME STAT] player The Joker_0_3 wins -20 chips in this game
[GAME STAT] player courage_0_4 wins 90 chips in this game
[GAME STAT] player WaP_0_5 wins -10 chips in this game
[GAME STAT] player Minty_0_6 wins -20 chips in this game
[GAME STAT] player wereFluke_0_7 wins -20 chips in this game
[GAME 11] game ends, invoking player.game_end()
[GAME 12] game starts
[GAME INFO] number of participants in this game = 8
[GAME INFO] participant: ssw_0_0, chip = 2994
[GAME INFO] participant: Mars_0_1, chip = 3013
[GAME INFO] participant: NX01_0_2, chip = 2963
[GAME INFO] participant: The Joker_0_3, chip = 2944
[GAME INFO] participant: courage_0_4, chip = 3072
[GAME INFO] participant: WaP_0_5, chip = 3057
[GAME INFO] participant: Minty_0_6, chip = 2976
[GAME INFO] participant: wereFluke_0_7, chip = 2981
[GAME INFO] blind is 10
[GAME INFO] dealer is WaP_0_5
[GAME INFO] small blind 10 posted by Minty_0_6
[GAME INFO] big blind 20 posted by wereFluke_0_7
[hole card] K spade
[hole card] A spade
[preflop] round starts
[preflop] player ssw_0_0 has 2994 chips
[preflop] player Mars_0_1 has 3013 chips
[preflop] player NX01_0_2 has 2963 chips
[preflop] player The Joker_0_3 has 2944 chips
[preflop] player courage_0_4 has 3072 chips
[preflop] player WaP_0_5 has 3057 chips
[preflop] player Minty_0_6 has 2966 chips
[preflop] player wereFluke_0_7 has 2961 chips
[preflop] player ssw_0_0 folds
[preflop] player Mars_0_1 calls. Total bet is 20
[preflop] player NX01_0_2 calls. Total bet is 20
[preflop] action
[preflop] call (20 chips). 
[preflop] player The Joker_0_3 calls. Total bet is 20
[preflop] player courage_0_4 folds
[preflop] player WaP_0_5 folds
[preflop] player Minty_0_6 folds
[preflop] player wereFluke_0_7 calls. Total bet is 20
[flop] 5 club
[flop] 9 heart
[flop] 4 heart
[flop] round starts
[flop] player ssw_0_0 has 2994 chips
[flop] player Mars_0_1 has 2993 chips
[flop] player NX01_0_2 has 2943 chips
[flop] player The Joker_0_3 has 2924 chips
[flop] player courage_0_4 has 3072 chips
[flop] player WaP_0_5 has 3057 chips
[flop] player Minty_0_6 has 2966 chips
[flop] player wereFluke_0_7 has 2961 chips
[flop] player wereFluke_0_7 checks
[flop] player Mars_0_1 checks
[flop] player NX01_0_2 checks
[flop] action
[flop] check
[flop] player The Joker_0_3 checks
[flop] round ends
[turn] 9 spade
[turn] round starts
[turn] player ssw_0_0 has 2994 chips
[turn] player Mars_0_1 has 2993 chips
[turn] player NX01_0_2 has 2943 chips
[turn] player The Joker_0_3 has 2924 chips
[turn] player courage_0_4 has 3072 chips
[turn] player WaP_0_5 has 3057 chips
[turn] player Minty_0_6 has 2966 chips
[turn] player wereFluke_0_7 has 2961 chips
[turn] player wereFluke_0_7 checks
[turn] player Mars_0_1 checks
[turn] player NX01_0_2 checks
[turn] action
[turn] check
[turn] player The Joker_0_3 checks
[turn] round ends
[river] 4 club
[river] round starts
[river] player ssw_0_0 has 2994 chips
[river] player Mars_0_1 has 2993 chips
[river] player NX01_0_2 has 2943 chips
[river] player The Joker_0_3 has 2924 chips
[river] player courage_0_4 has 3072 chips
[river] player WaP_0_5 has 3057 chips
[river] player Minty_0_6 has 2966 chips
[river] player wereFluke_0_7 has 2961 chips
[river] player wereFluke_0_7 checks
[river] player Mars_0_1 raises 1486. Total bet is 1486
[river] player NX01_0_2 calls. Total bet is 1486
[river] action
[WARNING] CANNOT check when another player has raised
[river] player The Joker_0_3 folds
[river] player wereFluke_0_7 folds
[SHOWDOWN] showdown starts
[SHOWDOWN] player Mars_0_1 shows 4 club 4 heart 9 club 9 heart 9 spade, which is full house.
[SHOWDOWN] player NX01_0_2 shows 9 diamond 9 heart 9 spade 4 heart 4 club, which is full house.
[GAME STAT] pot 0 with 50 chips is shared by 2 players
[GAME STAT] player NX01_0_2 gets 25 chips from pot 0
[GAME STAT] player Mars_0_1 gets 25 chips from pot 0
[GAME STAT] pot 1 with 40 chips is shared by 2 players
[GAME STAT] player NX01_0_2 gets 20 chips from pot 1
[GAME STAT] player Mars_0_1 gets 20 chips from pot 1
[GAME STAT] pot 2 with 2972 chips is shared by 2 players
[GAME STAT] player NX01_0_2 gets 1486 chips from pot 2
[GAME STAT] player Mars_0_1 gets 1486 chips from pot 2
[GAME STAT] overall statistics
[GAME STAT] player ssw_0_0 wins 0 chips in this game
[GAME STAT] player Mars_0_1 wins 25 chips in this game
[GAME STAT] player NX01_0_2 wins 25 chips in this game
[GAME STAT] player The Joker_0_3 wins -20 chips in this game
[GAME STAT] player courage_0_4 wins 0 chips in this game
[GAME STAT] player WaP_0_5 wins 0 chips in this game
[GAME STAT] player Minty_0_6 wins -10 chips in this game
[GAME STAT] player wereFluke_0_7 wins -20 chips in this game
[GAME 12] game ends, invoking player.game_end()
[GAME 13] game starts
[GAME INFO] number of participants in this game = 8
[GAME INFO] participant: ssw_0_0, chip = 2994
[GAME INFO] participant: Mars_0_1, chip = 3038
[GAME INFO] participant: NX01_0_2, chip = 2988
[GAME INFO] participant: The Joker_0_3, chip = 2924
[GAME INFO] participant: courage_0_4, chip = 3072
[GAME INFO] participant: WaP_0_5, chip = 3057
[GAME INFO] participant: Minty_0_6, chip = 2966
[GAME INFO] participant: wereFluke_0_7, chip = 2961
[GAME INFO] blind is 20
[GAME INFO] dealer is Minty_0_6
[GAME INFO] small blind 20 posted by wereFluke_0_7
[GAME INFO] big blind 40 posted by ssw_0_0
[hole card] 8 diamond
[hole card] J diamond
[preflop] round starts
[preflop] player ssw_0_0 has 2954 chips
[preflop] player Mars_0_1 has 3038 chips
[preflop] player NX01_0_2 has 2988 chips
[preflop] player The Joker_0_3 has 2924 chips
[preflop] player courage_0_4 has 3072 chips
[preflop] player WaP_0_5 has 3057 chips
[preflop] player Minty_0_6 has 2966 chips
[preflop] player wereFluke_0_7 has 2941 chips
[preflop] player Mars_0_1 calls. Total bet is 40
[preflop] player NX01_0_2 folds
[preflop] action
[preflop] call (40 chips). 
[preflop] player The Joker_0_3 calls. Total bet is 40
[preflop] player courage_0_4 folds
[preflop] player WaP_0_5 folds
[preflop] player Minty_0_6 folds
[preflop] player wereFluke_0_7 calls. Total bet is 40
[preflop] player ssw_0_0 folds
[flop] 5 diamond
[flop] 10 spade
[flop] Q club
[flop] round starts
[flop] player ssw_0_0 has 2954 chips
[flop] player Mars_0_1 has 2998 chips
[flop] player NX01_0_2 has 2988 chips
[flop] player The Joker_0_3 has 2884 chips
[flop] player courage_0_4 has 3072 chips
[flop] player WaP_0_5 has 3057 chips
[flop] player Minty_0_6 has 2966 chips
[flop] player wereFluke_0_7 has 2921 chips
[flop] player wereFluke_0_7 checks
[flop] player Mars_0_1 checks
[flop] action
[flop] check
[flop] player The Joker_0_3 checks
[flop] round ends
[turn] J club
[turn] round starts
[turn] player ssw_0_0 has 2954 chips
[turn] player Mars_0_1 has 2998 chips
[turn] player NX01_0_2 has 2988 chips
[turn] player The Joker_0_3 has 2884 chips
[turn] player courage_0_4 has 3072 chips
[turn] player WaP_0_5 has 3057 chips
[turn] player Minty_0_6 has 2966 chips
[turn] player wereFluke_0_7 has 2921 chips
[turn] player wereFluke_0_7 checks
[turn] player Mars_0_1 raises 567. Total bet is 567
[turn] action
[turn] call (567 chips). 
[turn] player The Joker_0_3 calls. Total bet is 567
[turn] player wereFluke_0_7 calls. Total bet is 567
[river] 8 club
[river] round starts
[river] player ssw_0_0 has 2954 chips
[river] player Mars_0_1 has 2431 chips
[river] player NX01_0_2 has 2988 chips
[river] player The Joker_0_3 has 2317 chips
[river] player courage_0_4 has 3072 chips
[river] player WaP_0_5 has 3057 chips
[river] player Minty_0_6 has 2966 chips
[river] player wereFluke_0_7 has 2354 chips
[river] player wereFluke_0_7 checks
[river] player Mars_0_1 checks
[river] action
[river] check
[river] player The Joker_0_3 checks
[river] round ends
[SHOWDOWN] showdown starts
[SHOWDOWN] showdown
[SHOWDOWN] Q club J club 8 club 8 diamond J diamond
[SHOWDOWN] player wereFluke_0_7 shows 3 club 2 club Q club J club 8 club, which is flush.
[SHOWDOWN] player Mars_0_1 shows 9 heart J club K diamond Q club 10 spade, which is straight.
[SHOWDOWN] player The Joker_0_3 shows Q club J club 8 club 8 diamond J diamond, which is two pair.
[GAME STAT] pot 0 with 160 chips is shared by 1 players
[GAME STAT] player wereFluke_0_7 gets 160 chips from pot 0
[GAME STAT] pot 1 with 1701 chips is shared by 1 players
[GAME STAT] player wereFluke_0_7 gets 1701 chips from pot 1
[GAME STAT] overall statistics
[GAME STAT] player ssw_0_0 wins -40 chips in this game
[GAME STAT] player Mars_0_1 wins -607 chips in this game
[GAME STAT] player NX01_0_2 wins 0 chips in this game
[GAME STAT] player The Joker_0_3 wins -607 chips in this game
[GAME STAT] player courage_0_4 wins 0 chips in this game
[GAME STAT] player WaP_0_5 wins 0 chips in this game
[GAME STAT] player Minty_0_6 wins 0 chips in this game
[GAME STAT] player wereFluke_0_7 wins 1254 chips in this game
[GAME 13] game ends, invoking player.game_end()
[GAME 14] game starts
[GAME INFO] number of participants in this game = 8
[GAME INFO] participant: ssw_0_0, chip = 2954
[GAME INFO] participant: Mars_0_1, chip = 2431
[GAME INFO] participant: NX01_0_2, chip = 2988
[GAME INFO] participant: The Joker_0_3, chip = 2317
[GAME INFO] participant: courage_0_4, chip = 3072
[GAME INFO] participant: WaP_0_5, chip = 3057
[GAME INFO] participant: Minty_0_6, chip = 2966
[GAME INFO] participant: wereFluke_0_7, chip = 4215
[GAME INFO] blind is 20
[GAME INFO] dealer is wereFluke_0_7
[GAME INFO] small blind 20 posted by ssw_0_0
[GAME INFO] big blind 40 posted by Mars_0_1
[hole card] 10 club
[hole card] Q diamond
[preflop] round starts
[preflop] player ssw_0_0 has 2934 chips
[preflop] player Mars_0_1 has 2391 chips
[preflop] player NX01_0_2 has 2988 chips
[preflop] player The Joker_0_3 has 2317 chips
[preflop] player courage_0_4 has 3072 chips
[preflop] player WaP_0_5 has 3057 chips
[preflop] player Minty_0_6 has 2966 chips
[preflop] player wereFluke_0_7 has 4215 chips
[preflop] player NX01_0_2 folds
[preflop] action
[preflop] call (40 chips). 
[preflop] player The Joker_0_3 calls. Total bet is 40
[preflop] player courage_0_4 folds
[preflop] player WaP_0_5 folds
[preflop] player Minty_0_6 folds
[preflop] player wereFluke_0_7 calls. Total bet is 40
[preflop] player ssw_0_0 folds
[preflop] player Mars_0_1 calls. Total bet is 40
[flop] 9 spade
[flop] 7 spade
[flop] J heart
[flop] round starts
[flop] player ssw_0_0 has 2934 chips
[flop] player Mars_0_1 has 2391 chips
[flop] player NX01_0_2 has 2988 chips
[flop] player The Joker_0_3 has 2277 chips
[flop] player courage_0_4 has 3072 chips
[flop] player WaP_0_5 has 3057 chips
[flop] player Minty_0_6 has 2966 chips
[flop] player wereFluke_0_7 has 4175 chips
[flop] player Mars_0_1 checks
[flop] action
[flop] check
[flop] player The Joker_0_3 checks
[flop] player wereFluke_0_7 checks
[flop] round ends
[turn] 9 diamond
[turn] round starts
[turn] player ssw_0_0 has 2934 chips
[turn] player Mars_0_1 has 2391 chips
[turn] player NX01_0_2 has 2988 chips
[turn] player The Joker_0_3 has 2277 chips
[turn] player courage_0_4 has 3072 chips
[turn] player WaP_0_5 has 3057 chips
[turn] player Minty_0_6 has 2966 chips
[turn] player wereFluke_0_7 has 4175 chips
[turn] player Mars_0_1 checks
[turn] action
[turn] check
[turn] player The Joker_0_3 checks
[turn] player wereFluke_0_7 checks
[turn] round ends
[river] 6 diamond
[river] round starts
[river] player ssw_0_0 has 2934 chips
[river] player Mars_0_1 has 2391 chips
[river] player NX01_0_2 has 2988 chips
[river] player The Joker_0_3 has 2277 chips
[river] player courage_0_4 has 3072 chips
[river] player WaP_0_5 has 3057 chips
[river] player Minty_0_6 has 2966 chips
[river] player wereFluke_0_7 has 4175 chips
[river] player Mars_0_1 checks
[river] action
[river] check
[river] player The Joker_0_3 checks
[river] player wereFluke_0_7 checks
[river] round ends
[SHOWDOWN] showdown starts
[SHOWDOWN] showdown
[SHOWDOWN] 9 spade J heart 9 diamond 10 club Q diamond
[SHOWDOWN] player Mars_0_1 shows 7 spade 9 diamond 9 spade A spade J heart, which is one pair.
[SHOWDOWN] player The Joker_0_3 shows 9 spade J heart 9 diamond 10 club Q diamond, which is one pair.
[SHOWDOWN] player wereFluke_0_7 shows 3 heart 8 diamond 9 spade 9 diamond 6 diamond, which is one pair.
[GAME STAT] pot 0 with 80 chips is shared by 1 players
[GAME STAT] player Mars_0_1 gets 80 chips from pot 0
[GAME STAT] pot 1 with 60 chips is shared by 1 players
[GAME STAT] player Mars_0_1 gets 60 chips from pot 1
[GAME STAT] overall statistics
[GAME STAT] player ssw_0_0 wins -20 chips in this game
[GAME STAT] player Mars_0_1 wins 100 chips in this game
[GAME STAT] player NX01_0_2 wins 0 chips in this game
[GAME STAT] player The Joker_0_3 wins -40 chips in this game
[GAME STAT] player courage_0_4 wins 0 chips in this game
[GAME STAT] player WaP_0_5 wins 0 chips in this game
[GAME STAT] player Minty_0_6 wins 0 chips in this game
[GAME STAT] player wereFluke_0_7 wins -40 chips in this game
[GAME 14] game ends, invoking player.game_end()
[GAME 15] game starts
[GAME INFO] number of participants in this game = 8
[GAME INFO] participant: ssw_0_0, chip = 2934
[GAME INFO] participant: Mars_0_1, chip = 2531
[GAME INFO] participant: NX01_0_2, chip = 2988
[GAME INFO] participant: The Joker_0_3, chip = 2277
[GAME INFO] participant: courage_0_4, chip = 3072
[GAME INFO] participant: WaP_0_5, chip = 3057
[GAME INFO] participant: Minty_0_6, chip = 2966
[GAME INFO] participant: wereFluke_0_7, chip = 4175
[GAME INFO] blind is 20
[GAME INFO] dealer is ssw_0_0
[GAME INFO] small blind 20 posted by Mars_0_1
[GAME INFO] big blind 40 posted by NX01_0_2
[hole card] 9 heart
[hole card] 7 heart
[preflop] round starts
[preflop] player ssw_0_0 has 2934 chips
[preflop] player Mars_0_1 has 2511 chips
[preflop] player NX01_0_2 has 2948 chips
[preflop] player The Joker_0_3 has 2277 chips
[preflop] player courage_0_4 has 3072 chips
[preflop] player WaP_0_5 has 3057 chips
[preflop] player Minty_0_6 has 2966 chips
[preflop] player wereFluke_0_7 has 4175 chips
[preflop] action
[preflop] call (40 chips). 
[preflop] player The Joker_0_3 calls. Total bet is 40
[preflop] player courage_0_4 folds
[preflop] player WaP_0_5 folds
[preflop] player Minty_0_6 folds
[preflop] player wereFluke_0_7 calls. Total bet is 40
[preflop] player ssw_0_0 folds
[preflop] player Mars_0_1 calls. Total bet is 40
[preflop] player NX01_0_2 folds
[flop] 2 club
[flop] 5 club
[flop] 8 diamond
[flop] round starts
[flop] player ssw_0_0 has 2934 chips
[flop] player Mars_0_1 has 2491 chips
[flop] player NX01_0_2 has 2948 chips
[flop] player The Joker_0_3 has 2237 chips
[flop] player courage_0_4 has 3072 chips
[flop] player WaP_0_5 has 3057 chips
[flop] player Minty_0_6 has 2966 chips
[flop] player wereFluke_0_7 has 4135 chips
[flop] player Mars_0_1 checks
[flop] action
[flop] check
[flop] player The Joker_0_3 checks
[flop] player wereFluke_0_7 checks
[flop] round ends
[turn] 6 spade
[turn] round starts
[turn] player ssw_0_0 has 2934 chips
[turn] player Mars_0_1 has 2491 chips
[turn] player NX01_0_2 has 2948 chips
[turn] player The Joker_0_3 has 2237 chips
[turn] player courage_0_4 has 3072 chips
[turn] player WaP_0_5 has 3057 chips
[turn] player Minty_0_6 has 2966 chips
[turn] player wereFluke_0_7 has 4135 chips
[turn] player Mars_0_1 checks
[turn] action
[turn] raise 937 (937 chips).
[turn] player The Joker_0_3 raises 937. Total bet is 937
[turn] player wereFluke_0_7 folds
[turn] player Mars_0_1 folds
[GAME STAT] pot 0 with 160 chips is shared by 1 players
[GAME STAT] player The Joker_0_3 gets 160 chips from pot 0
[GAME STAT] pot 1 with 937 chips is shared by 1 players
[GAME STAT] player The Joker_0_3 gets 937 chips from pot 1
[GAME STAT] overall statistics
[GAME STAT] player ssw_0_0 wins 0 chips in this game
[GAME STAT] player Mars_0_1 wins -40 chips in this game
[GAME STAT] player NX01_0_2 wins -40 chips in this game
[GAME STAT] player The Joker_0_3 wins 120 chips in this game
[GAME STAT] player courage_0_4 wins 0 chips in this game
[GAME STAT] player WaP_0_5 wins 0 chips in this game
[GAME STAT] player Minty_0_6 wins 0 chips in this game
[GAME STAT] player wereFluke_0_7 wins -40 chips in this game
[GAME 15] game ends, invoking player.game_end()
[GAME 16] game starts
[GAME INFO] number of participants in this game = 8
[GAME INFO] participant: ssw_0_0, chip = 2934
[GAME INFO] participant: Mars_0_1, chip = 2491
[GAME INFO] participant: NX01_0_2, chip = 2948
[GAME INFO] participant: The Joker_0_3, chip = 2397
[GAME INFO] participant: courage_0_4, chip = 3072
[GAME INFO] participant: WaP_0_5, chip = 3057
[GAME INFO] participant: Minty_0_6, chip = 2966
[GAME INFO] participant: wereFluke_0_7, chip = 4135
[GAME INFO] blind is 50
[GAME INFO] dealer is Mars_0_1
[GAME INFO] small blind 50 posted by NX01_0_2
[GAME INFO] big blind 100 posted by The Joker_0_3
[hole card] 5 diamond
[hole card] 3 club
[preflop] round starts
[preflop] player ssw_0_0 has 2934 chips
[preflop] player Mars_0_1 has 2491 chips
[preflop] player NX01_0_2 has 2898 chips
[preflop] player The Joker_0_3 has 2297 chips
[preflop] player courage_0_4 has 3072 chips
[preflop] player WaP_0_5 has 3057 chips
[preflop] player Minty_0_6 has 2966 chips
[preflop] player wereFluke_0_7 has 4135 chips
[preflop] player courage_0_4 folds
[preflop] player WaP_0_5 folds
[preflop] player Minty_0_6 folds
[preflop] player wereFluke_0_7 calls. Total bet is 100
[preflop] player ssw_0_0 folds
[preflop] player Mars_0_1 calls. Total bet is 100
[preflop] player NX01_0_2 calls. Total bet is 100
[preflop] action
[preflop] call (0 chips). 
[preflop] player The Joker_0_3 calls. Total bet is 100
[flop] 6 heart
[flop] 8 diamond
[flop] 6 club
[flop] round starts
[flop] player ssw_0_0 has 2934 chips
[flop] player Mars_0_1 has 2391 chips
[flop] player NX01_0_2 has 2848 chips
[flop] player The Joker_0_3 has 2297 chips
[flop] player courage_0_4 has 3072 chips
[flop] player WaP_0_5 has 3057 chips
[flop] player Minty_0_6 has 2966 chips
[flop] player wereFluke_0_7 has 4035 chips
[flop] player NX01_0_2 checks
[flop] action
[flop] check
[flop] player The Joker_0_3 checks
[flop] player wereFluke_0_7 checks
[flop] player Mars_0_1 checks
[flop] round ends
[turn] J club
[turn] round starts
[turn] player ssw_0_0 has 2934 chips
[turn] player Mars_0_1 has 2391 chips
[turn] player NX01_0_2 has 2848 chips
[turn] player The Joker_0_3 has 2297 chips
[turn] player courage_0_4 has 3072 chips
[turn] player WaP_0_5 has 3057 chips
[turn] player Minty_0_6 has 2966 chips
[turn] player wereFluke_0_7 has 4035 chips
[turn] player NX01_0_2 checks
[turn] action
[turn] check
[turn] player The Joker_0_3 checks
[turn] player wereFluke_0_7 checks
[turn] player Mars_0_1 checks
[turn] round ends
[river] 9 diamond
[river] round starts
[river] player ssw_0_0 has 2934 chips
[river] player Mars_0_1 has 2391 chips
[river] player NX01_0_2 has 2848 chips
[river] player The Joker_0_3 has 2297 chips
[river] player courage_0_4 has 3072 chips
[river] player WaP_0_5 has 3057 chips
[river] player Minty_0_6 has 2966 chips
[river] player wereFluke_0_7 has 4035 chips
[river] player NX01_0_2 checks
[river] action
[river] check
[river] player The Joker_0_3 checks
[river] player wereFluke_0_7 checks
[river] player Mars_0_1 checks
[river] round ends
[SHOWDOWN] showdown starts
[SHOWDOWN] showdown
[SHOWDOWN] 6 heart 8 diamond 6 club J club 9 diamond
[SHOWDOWN] player Mars_0_1 shows 8 diamond 9 diamond J club Q club 10 club, which is straight.
[SHOWDOWN] player NX01_0_2 shows 6 heart 6 club A heart K spade J club, which is one pair.
[SHOWDOWN] player wereFluke_0_7 shows A club 6 heart 6 club J club 9 diamond, which is one pair.
[SHOWDOWN] player The Joker_0_3 shows 6 heart 8 diamond 6 club J club 9 diamond, which is one pair.
[GAME STAT] pot 0 with 400 chips is shared by 1 players
[GAME STAT] player Mars_0_1 gets 400 chips from pot 0
[GAME STAT] overall statistics
[GAME STAT] player ssw_0_0 wins 0 chips in this game
[GAME STAT] player Mars_0_1 wins 300 chips in this game
[GAME STAT] player NX01_0_2 wins -100 chips in this game
[GAME STAT] player The Joker_0_3 wins -100 chips in this game
[GAME STAT] player courage_0_4 wins 0 chips in this game
[GAME STAT] player WaP_0_5 wins 0 chips in this game
[GAME STAT] player Minty_0_6 wins 0 chips in this game
[GAME STAT] player wereFluke_0_7 wins -100 chips in this game
[GAME 16] game ends, invoking player.game_end()
[GAME 17] game starts
[GAME INFO] number of participants in this game = 8
[GAME INFO] participant: ssw_0_0, chip = 2934
[GAME INFO] participant: Mars_0_1, chip = 2791
[GAME INFO] participant: NX01_0_2, chip = 2848
[GAME INFO] participant: The Joker_0_3, chip = 2297
[GAME INFO] participant: courage_0_4, chip = 3072
[GAME INFO] participant: WaP_0_5, chip = 3057
[GAME INFO] participant: Minty_0_6, chip = 2966
[GAME INFO] participant: wereFluke_0_7, chip = 4035
[GAME INFO] blind is 50
[GAME INFO] dealer is NX01_0_2
[GAME INFO] small blind 50 posted by The Joker_0_3
[GAME INFO] big blind 100 posted by courage_0_4
[hole card] 10 diamond
[hole card] K heart
[preflop] round starts
[preflop] player ssw_0_0 has 2934 chips
[preflop] player Mars_0_1 has 2791 chips
[preflop] player NX01_0_2 has 2848 chips
[preflop] player The Joker_0_3 has 2247 chips
[preflop] player courage_0_4 has 2972 chips
[preflop] player WaP_0_5 has 3057 chips
[preflop] player Minty_0_6 has 2966 chips
[preflop] player wereFluke_0_7 has 4035 chips
[preflop] player WaP_0_5 folds
[preflop] player Minty_0_6 folds
[preflop] player wereFluke_0_7 calls. Total bet is 100
[preflop] player ssw_0_0 folds
[preflop] player Mars_0_1 calls. Total bet is 100
[preflop] player NX01_0_2 folds
[preflop] action
[preflop] call (50 chips). 
[preflop] player The Joker_0_3 calls. Total bet is 100
[preflop] player courage_0_4 calls. Total bet is 100
[flop] 2 club
[flop] 6 diamond
[flop] 2 spade
[flop] round starts
[flop] player ssw_0_0 has 2934 chips
[flop] player Mars_0_1 has 2691 chips
[flop] player NX01_0_2 has 2848 chips
[flop] player The Joker_0_3 has 2197 chips
[flop] player courage_0_4 has 2972 chips
[flop] player WaP_0_5 has 3057 chips
[flop] player Minty_0_6 has 2966 chips
[flop] player wereFluke_0_7 has 3935 chips
[flop] action
[flop] check
[flop] player The Joker_0_3 checks
[flop] player courage_0_4 checks
[flop] player wereFluke_0_7 checks
[flop] player Mars_0_1 checks
[flop] round ends
[turn] 3 diamond
[turn] round starts
[turn] player ssw_0_0 has 2934 chips
[turn] player Mars_0_1 has 2691 chips
[turn] player NX01_0_2 has 2848 chips
[turn] player The Joker_0_3 has 2197 chips
[turn] player courage_0_4 has 2972 chips
[turn] player WaP_0_5 has 3057 chips
[turn] player Minty_0_6 has 2966 chips
[turn] player wereFluke_0_7 has 3935 chips
[turn] action
[turn] check
[turn] player The Joker_0_3 checks
[turn] player courage_0_4 checks
[turn] player wereFluke_0_7 checks
[turn] player Mars_0_1 checks
[turn] round ends
[river] 5 spade
[river] round starts
[river] player ssw_0_0 has 2934 chips
[river] player Mars_0_1 has 2691 chips
[river] player NX01_0_2 has 2848 chips
[river] player The Joker_0_3 has 2197 chips
[river] player courage_0_4 has 2972 chips
[river] player WaP_0_5 has 3057 chips
[river] player Minty_0_6 has 2966 chips
[river] player wereFluke_0_7 has 3935 chips
[river] action
[river] check
[river] player The Joker_0_3 checks
[river] player courage_0_4 checks
[river] player wereFluke_0_7 checks
[river] player Mars_0_1 checks
[river] round ends
[SHOWDOWN] showdown starts
[SHOWDOWN] showdown
[SHOWDOWN] 2 club 6 diamond 2 spade 10 diamond K heart
[SHOWDOWN] player Mars_0_1 shows 2 club 2 spade 6 diamond 7 heart A heart, which is one pair.
[SHOWDOWN] player The Joker_0_3 shows 2 club 6 diamond 2 spade 10 diamond K heart, which is one pair.
[SHOWDOWN] player courage_0_4 shows K spade 2 club 6 diamond 2 spade 5 spade, which is one pair.
[SHOWDOWN] player wereFluke_0_7 shows Q spade 3 club 2 club 2 spade 5 spade, which is one pair.
[GAME STAT] pot 0 with 400 chips is shared by 1 players
[GAME STAT] player Mars_0_1 gets 400 chips from pot 0
[GAME STAT] overall statistics
[GAME STAT] player ssw_0_0 wins 0 chips in this game
[GAME STAT] player Mars_0_1 wins 300 chips in this game
[GAME STAT] player NX01_0_2 wins 0 chips in this game
[GAME STAT] player The Joker_0_3 wins -100 chips in this game
[GAME STAT] player courage_0_4 wins -100 chips in this game
[GAME STAT] player WaP_0_5 wins 0 chips in this game
[GAME STAT] player Minty_0_6 wins 0 chips in this game
[GAME STAT] player wereFluke_0_7 wins -100 chips in this game
[GAME 17] game ends, invoking player.game_end()
[GAME 18] game starts
[GAME INFO] number of participants in this game = 8
[GAME INFO] participant: ssw_0_0, chip = 2934
[GAME INFO] participant: Mars_0_1, chip = 3091
[GAME INFO] participant: NX01_0_2, chip = 2848
[GAME INFO] participant: The Joker_0_3, chip = 2197
[GAME INFO] participant: courage_0_4, chip = 2972
[GAME INFO] participant: WaP_0_5, chip = 3057
[GAME INFO] participant: Minty_0_6, chip = 2966
[GAME INFO] participant: wereFluke_0_7, chip = 3935
[GAME INFO] blind is 50
[GAME INFO] dealer is The Joker_0_3
[GAME INFO] small blind 50 posted by courage_0_4
[GAME INFO] big blind 100 posted by WaP_0_5
[hole card] 6 spade
[hole card] 6 club
[preflop] round starts
[preflop] player ssw_0_0 has 2934 chips
[preflop] player Mars_0_1 has 3091 chips
[preflop] player NX01_0_2 has 2848 chips
[preflop] player The Joker_0_3 has 2197 chips
[preflop] player courage_0_4 has 2922 chips
[preflop] player WaP_0_5 has 2957 chips
[preflop] player Minty_0_6 has 2966 chips
[preflop] player wereFluke_0_7 has 3935 chips
[preflop] player Minty_0_6 folds
[preflop] player wereFluke_0_7 calls. Total bet is 100
[preflop] player ssw_0_0 folds
[preflop] player Mars_0_1 calls. Total bet is 100
[preflop] player NX01_0_2 folds
[preflop] action
[preflop] call (100 chips). 
[preflop] player The Joker_0_3 calls. Total bet is 100
[preflop] player courage_0_4 folds
[preflop] player WaP_0_5 calls. Total bet is 100
[flop] 8 diamond
[flop] 4 spade
[flop] Q heart
[flop] round starts
[flop] player ssw_0_0 has 2934 chips
[flop] player Mars_0_1 has 2991 chips
[flop] player NX01_0_2 has 2848 chips
[flop] player The Joker_0_3 has 2097 chips
[flop] player courage_0_4 has 2922 chips
[flop] player WaP_0_5 has 2957 chips
[flop] player Minty_0_6 has 2966 chips
[flop] player wereFluke_0_7 has 3835 chips
[flop] player WaP_0_5 checks
[flop] player wereFluke_0_7 checks
[flop] player Mars_0_1 checks
[flop] action
[flop] check
[flop] player The Joker_0_3 checks
[flop] round ends
[turn] 5 diamond
[turn] round starts
[turn] player ssw_0_0 has 2934 chips
[turn] player Mars_0_1 has 2991 chips
[turn] player NX01_0_2 has 2848 chips
[turn] player The Joker_0_3 has 2097 chips
[turn] player courage_0_4 has 2922 chips
[turn] player WaP_0_5 has 2957 chips
[turn] player Minty_0_6 has 2966 chips
[turn] player wereFluke_0_7 has 3835 chips
[turn] player WaP_0_5 checks
[turn] player wereFluke_0_7 checks
[turn] player Mars_0_1 checks
[turn] action
[turn] check
[turn] player The Joker_0_3 checks
[turn] round ends
[river] 2 club
[river] round starts
[river] player ssw_0_0 has 2934 chips
[river] player Mars_0_1 has 2991 chips
[river] player NX01_0_2 has 2848 chips
[river] player The Joker_0_3 has 2097 chips
[river] player courage_0_4 has 2922 chips
[river] player WaP_0_5 has 2957 chips
[river] player Minty_0_6 has 2966 chips
[river] player wereFluke_0_7 has 3835 chips
[river] player WaP_0_5 checks
[river] player wereFluke_0_7 checks
[river] player Mars_0_1 checks
[river] action
[river] check
[river] player The Joker_0_3 checks
[river] round ends
[SHOWDOWN] showdown starts
[SHOWDOWN] showdown
[SHOWDOWN] 8 diamond Q heart 5 diamond 6 spade 6 club
[SHOWDOWN] player Mars_0_1 shows 5 diamond 8 diamond Q heart 10 club 10 diamond, which is one pair.
[SHOWDOWN] player The Joker_0_3 shows 8 diamond Q heart 5 diamond 6 spade 6 club, which is one pair.
[SHOWDOWN] player wereFluke_0_7 shows K diamond 5 heart 8 diamond Q heart 5 diamond, which is one pair.
[SHOWDOWN] player WaP_0_5 shows A diamond Q heart 10 spade 8 diamond 5 diamond, which is high card.
[GAME STAT] pot 0 with 250 chips is shared by 1 players
[GAME STAT] player Mars_0_1 gets 250 chips from pot 0
[GAME STAT] pot 1 with 200 chips is shared by 1 players
[GAME STAT] player Mars_0_1 gets 200 chips from pot 1
[GAME STAT] overall statistics
[GAME STAT] player ssw_0_0 wins 0 chips in this game
[GAME STAT] player Mars_0_1 wins 350 chips in this game
[GAME STAT] player NX01_0_2 wins 0 chips in this game
[GAME STAT] player The Joker_0_3 wins -100 chips in this game
[GAME STAT] player courage_0_4 wins -50 chips in this game
[GAME STAT] player WaP_0_5 wins -100 chips in this game
[GAME STAT] player Minty_0_6 wins 0 chips in this game
[GAME STAT] player wereFluke_0_7 wins -100 chips in this game
[GAME 18] game ends, invoking player.game_end()
[GAME 19] game starts
[GAME INFO] number of participants in this game = 8
[GAME INFO] participant: ssw_0_0, chip = 2934
[GAME INFO] participant: Mars_0_1, chip = 3441
[GAME INFO] participant: NX01_0_2, chip = 2848
[GAME INFO] participant: The Joker_0_3, chip = 2097
[GAME INFO] participant: courage_0_4, chip = 2922
[GAME INFO] participant: WaP_0_5, chip = 2957
[GAME INFO] participant: Minty_0_6, chip = 2966
[GAME INFO] participant: wereFluke_0_7, chip = 3835
[GAME INFO] blind is 100
[GAME INFO] dealer is courage_0_4
[GAME INFO] small blind 100 posted by WaP_0_5
[GAME INFO] big blind 200 posted by Minty_0_6
[hole card] 8 club
[hole card] 3 spade
[preflop] round starts
[preflop] player ssw_0_0 has 2934 chips
[preflop] player Mars_0_1 has 3441 chips
[preflop] player NX01_0_2 has 2848 chips
[preflop] player The Joker_0_3 has 2097 chips
[preflop] player courage_0_4 has 2922 chips
[preflop] player WaP_0_5 has 2857 chips
[preflop] player Minty_0_6 has 2766 chips
[preflop] player wereFluke_0_7 has 3835 chips
[preflop] player wereFluke_0_7 calls. Total bet is 200
[preflop] player ssw_0_0 folds
[preflop] player Mars_0_1 calls. Total bet is 200
[preflop] player NX01_0_2 folds
[preflop] action
[WARNING] CANNOT check when another player has raised
[preflop] player The Joker_0_3 folds
[preflop] player courage_0_4 folds
[preflop] player WaP_0_5 folds
[preflop] player Minty_0_6 folds
[flop] 3 club
[flop] 5 diamond
[flop] 9 diamond
[flop] round starts
[flop] player ssw_0_0 has 2934 chips
[flop] player Mars_0_1 has 3241 chips
[flop] player NX01_0_2 has 2848 chips
[flop] player The Joker_0_3 has 2097 chips
[flop] player courage_0_4 has 2922 chips
[flop] player WaP_0_5 has 2857 chips
[flop] player Minty_0_6 has 2766 chips
[flop] player wereFluke_0_7 has 3635 chips
[flop] player wereFluke_0_7 checks
[flop] player Mars_0_1 checks
[flop] round ends
[turn] 2 club
[turn] round starts
[turn] player ssw_0_0 has 2934 chips
[turn] player Mars_0_1 has 3241 chips
[turn] player NX01_0_2 has 2848 chips
[turn] player The Joker_0_3 has 2097 chips
[turn] player courage_0_4 has 2922 chips
[turn] player WaP_0_5 has 2857 chips
[turn] player Minty_0_6 has 2766 chips
[turn] player wereFluke_0_7 has 3635 chips
[turn] player wereFluke_0_7 checks
[turn] player Mars_0_1 checks
[turn] round ends
[river] 4 spade
[river] round starts
[river] player ssw_0_0 has 2934 chips
[river] player Mars_0_1 has 3241 chips
[river] player NX01_0_2 has 2848 chips
[river] player The Joker_0_3 has 2097 chips
[river] player courage_0_4 has 2922 chips
[river] player WaP_0_5 has 2857 chips
[river] player Minty_0_6 has 2766 chips
[river] player wereFluke_0_7 has 3635 chips
[river] player wereFluke_0_7 checks
[river] player Mars_0_1 checks
[river] round ends
[SHOWDOWN] showdown starts
[SHOWDOWN] player wereFluke_0_7 shows J club J diamond 5 diamond 9 diamond 4 spade, which is one pair.
[SHOWDOWN] player Mars_0_1 shows 4 spade 5 diamond 7 club 9 diamond Q diamond, which is high card.
[GAME STAT] pot 0 with 400 chips is shared by 1 players
[GAME STAT] player wereFluke_0_7 gets 400 chips from pot 0
[GAME STAT] pot 1 with 300 chips is shared by 1 players
[GAME STAT] player wereFluke_0_7 gets 300 chips from pot 1
[GAME STAT] overall statistics
[GAME STAT] player ssw_0_0 wins 0 chips in this game
[GAME STAT] player Mars_0_1 wins -200 chips in this game
[GAME STAT] player NX01_0_2 wins 0 chips in this game
[GAME STAT] player The Joker_0_3 wins 0 chips in this game
[GAME STAT] player courage_0_4 wins 0 chips in this game
[GAME STAT] player WaP_0_5 wins -100 chips in this game
[GAME STAT] player Minty_0_6 wins -200 chips in this game
[GAME STAT] player wereFluke_0_7 wins 500 chips in this game
[GAME 19] game ends, invoking player.game_end()
[GAME 20] game starts
[GAME INFO] number of participants in this game = 8
[GAME INFO] participant: ssw_0_0, chip = 2934
[GAME INFO] participant: Mars_0_1, chip = 3241
[GAME INFO] participant: NX01_0_2, chip = 2848
[GAME INFO] participant: The Joker_0_3, chip = 2097
[GAME INFO] participant: courage_0_4, chip = 2922
[GAME INFO] participant: WaP_0_5, chip = 2857
[GAME INFO] participant: Minty_0_6, chip = 2766
[GAME INFO] participant: wereFluke_0_7, chip = 4335
[GAME INFO] blind is 100
[GAME INFO] dealer is WaP_0_5
[GAME INFO] small blind 100 posted by Minty_0_6
[GAME INFO] big blind 200 posted by wereFluke_0_7
[hole card] A diamond
[hole card] 8 club
[preflop] round starts
[preflop] player ssw_0_0 has 2934 chips
[preflop] player Mars_0_1 has 3241 chips
[preflop] player NX01_0_2 has 2848 chips
[preflop] player The Joker_0_3 has 2097 chips
[preflop] player courage_0_4 has 2922 chips
[preflop] player WaP_0_5 has 2857 chips
[preflop] player Minty_0_6 has 2666 chips
[preflop] player wereFluke_0_7 has 4135 chips
[preflop] player ssw_0_0 folds
[preflop] player Mars_0_1 folds
[preflop] player NX01_0_2 folds
[preflop] action
[preflop] call (200 chips). 
[preflop] player The Joker_0_3 calls. Total bet is 200
[preflop] player courage_0_4 folds
[preflop] player WaP_0_5 calls. Total bet is 200
[preflop] player Minty_0_6 folds
[preflop] player wereFluke_0_7 calls. Total bet is 200
[flop] 2 spade
[flop] J diamond
[flop] 10 heart
[flop] round starts
[flop] player ssw_0_0 has 2934 chips
[flop] player Mars_0_1 has 3241 chips
[flop] player NX01_0_2 has 2848 chips
[flop] player The Joker_0_3 has 1897 chips
[flop] player courage_0_4 has 2922 chips
[flop] player WaP_0_5 has 2657 chips
[flop] player Minty_0_6 has 2666 chips
[flop] player wereFluke_0_7 has 4135 chips
[flop] player wereFluke_0_7 checks
[flop] action
[flop] check
[flop] player The Joker_0_3 checks
[flop] player WaP_0_5 checks
[flop] round ends
[turn] 8 heart
[turn] round starts
[turn] player ssw_0_0 has 2934 chips
[turn] player Mars_0_1 has 3241 chips
[turn] player NX01_0_2 has 2848 chips
[turn] player The Joker_0_3 has 1897 chips
[turn] player courage_0_4 has 2922 chips
[turn] player WaP_0_5 has 2657 chips
[turn] player Minty_0_6 has 2666 chips
[turn] player wereFluke_0_7 has 4135 chips
[turn] player wereFluke_0_7 checks
[turn] action
[turn] check
[turn] player The Joker_0_3 checks
[turn] player WaP_0_5 checks
[turn] round ends
[river] 5 spade
[river] round starts
[river] player ssw_0_0 has 2934 chips
[river] player Mars_0_1 has 3241 chips
[river] player NX01_0_2 has 2848 chips
[river] player The Joker_0_3 has 1897 chips
[river] player courage_0_4 has 2922 chips
[river] player WaP_0_5 has 2657 chips
[river] player Minty_0_6 has 2666 chips
[river] player wereFluke_0_7 has 4135 chips
[river] player wereFluke_0_7 checks
[river] action
[river] check
[river] player The Joker_0_3 checks
[river] player WaP_0_5 checks
[river] round ends
[SHOWDOWN] showdown starts
[SHOWDOWN] showdown
[SHOWDOWN] J diamond 10 heart 8 heart A diamond 8 club
[SHOWDOWN] player wereFluke_0_7 shows J spade J diamond 10 heart 8 heart 5 spade, which is one pair.
[SHOWDOWN] player The Joker_0_3 shows J diamond 10 heart 8 heart A diamond 8 club, which is one pair.
[SHOWDOWN] player WaP_0_5 shows J diamond 7 spade 7 diamond 5 spade 2 spade, which is one pair.
[GAME STAT] pot 0 with 400 chips is shared by 1 players
[GAME STAT] player wereFluke_0_7 gets 400 chips from pot 0
[GAME STAT] pot 1 with 300 chips is shared by 1 players
[GAME STAT] player wereFluke_0_7 gets 300 chips from pot 1
[GAME STAT] overall statistics
[GAME STAT] player ssw_0_0 wins 0 chips in this game
[GAME STAT] player Mars_0_1 wins 0 chips in this game
[GAME STAT] player NX01_0_2 wins 0 chips in this game
[GAME STAT] player The Joker_0_3 wins -200 chips in this game
[GAME STAT] player courage_0_4 wins 0 chips in this game
[GAME STAT] player WaP_0_5 wins -200 chips in this game
[GAME STAT] player Minty_0_6 wins -100 chips in this game
[GAME STAT] player wereFluke_0_7 wins 500 chips in this game
[GAME 20] game ends, invoking player.game_end()
[GAME 21] game starts
[GAME INFO] number of participants in this game = 8
[GAME INFO] participant: ssw_0_0, chip = 2934
[GAME INFO] participant: Mars_0_1, chip = 3241
[GAME INFO] participant: NX01_0_2, chip = 2848
[GAME INFO] participant: The Joker_0_3, chip = 1897
[GAME INFO] participant: courage_0_4, chip = 2922
[GAME INFO] participant: WaP_0_5, chip = 2657
[GAME INFO] participant: Minty_0_6, chip = 2666
[GAME INFO] participant: wereFluke_0_7, chip = 4835
[GAME INFO] blind is 100
[GAME INFO] dealer is Minty_0_6
[GAME INFO] small blind 100 posted by wereFluke_0_7
[GAME INFO] big blind 200 posted by ssw_0_0
[hole card] A spade
[hole card] 5 club
[preflop] round starts
[preflop] player ssw_0_0 has 2734 chips
[preflop] player Mars_0_1 has 3241 chips
[preflop] player NX01_0_2 has 2848 chips
[preflop] player The Joker_0_3 has 1897 chips
[preflop] player courage_0_4 has 2922 chips
[preflop] player WaP_0_5 has 2657 chips
[preflop] player Minty_0_6 has 2666 chips
[preflop] player wereFluke_0_7 has 4735 chips
[preflop] player Mars_0_1 folds
[preflop] player NX01_0_2 calls. Total bet is 200
[preflop] action
[preflop] call (200 chips). 
[preflop] player The Joker_0_3 calls. Total bet is 200
[preflop] player courage_0_4 folds
[preflop] player WaP_0_5 calls. Total bet is 200
[preflop] player Minty_0_6 folds
[preflop] player wereFluke_0_7 calls. Total bet is 200
[preflop] player ssw_0_0 folds
[flop] K diamond
[flop] K club
[flop] A club
[flop] round starts
[flop] player ssw_0_0 has 2734 chips
[flop] player Mars_0_1 has 3241 chips
[flop] player NX01_0_2 has 2648 chips
[flop] player The Joker_0_3 has 1697 chips
[flop] player courage_0_4 has 2922 chips
[flop] player WaP_0_5 has 2457 chips
[flop] player Minty_0_6 has 2666 chips
[flop] player wereFluke_0_7 has 4635 chips
[flop] player wereFluke_0_7 checks
[flop] player NX01_0_2 checks
[flop] action
[flop] raise 568 (568 chips).
[flop] player The Joker_0_3 raises 568. Total bet is 568
[flop] player WaP_0_5 calls. Total bet is 568
[flop] player wereFluke_0_7 calls. Total bet is 568
[flop] player NX01_0_2 folds
[turn] Q spade
[turn] round starts
[turn] player ssw_0_0 has 2734 chips
[turn] player Mars_0_1 has 3241 chips
[turn] player NX01_0_2 has 2648 chips
[turn] player The Joker_0_3 has 1129 chips
[turn] player courage_0_4 has 2922 chips
[turn] player WaP_0_5 has 1889 chips
[turn] player Minty_0_6 has 2666 chips
[turn] player wereFluke_0_7 has 4067 chips
[turn] player wereFluke_0_7 checks
[turn] action
[turn] raise 674 (674 chips).
[turn] player The Joker_0_3 raises 674. Total bet is 674
[turn] player WaP_0_5 folds
[turn] player wereFluke_0_7 calls. Total bet is 674
[river] J spade
[river] round starts
[river] player ssw_0_0 has 2734 chips
[river] player Mars_0_1 has 3241 chips
[river] player NX01_0_2 has 2648 chips
[river] player The Joker_0_3 has 455 chips
[river] player courage_0_4 has 2922 chips
[river] player WaP_0_5 has 1889 chips
[river] player Minty_0_6 has 2666 chips
[river] player wereFluke_0_7 has 3393 chips
[river] player wereFluke_0_7 folds
[river] round ends
[GAME STAT] pot 0 with 1000 chips is shared by 1 players
[GAME STAT] player The Joker_0_3 gets 1000 chips from pot 0
[GAME STAT] pot 1 with 1704 chips is shared by 1 players
[GAME STAT] player The Joker_0_3 gets 1704 chips from pot 1
[GAME STAT] pot 2 with 1348 chips is shared by 1 players
[GAME STAT] player The Joker_0_3 gets 1348 chips from pot 2
[GAME STAT] overall statistics
[GAME STAT] player ssw_0_0 wins -200 chips in this game
[GAME STAT] player Mars_0_1 wins 0 chips in this game
[GAME STAT] player NX01_0_2 wins -200 chips in this game
[GAME STAT] player The Joker_0_3 wins 2610 chips in this game
[GAME STAT] player courage_0_4 wins 0 chips in this game
[GAME STAT] player WaP_0_5 wins -768 chips in this game
[GAME STAT] player Minty_0_6 wins 0 chips in this game
[GAME STAT] player wereFluke_0_7 wins -1442 chips in this game
[GAME 21] game ends, invoking player.game_end()
[GAME 22] game starts
[GAME INFO] number of participants in this game = 8
[GAME INFO] participant: ssw_0_0, chip = 2734
[GAME INFO] participant: Mars_0_1, chip = 3241
[GAME INFO] participant: NX01_0_2, chip = 2648
[GAME INFO] participant: The Joker_0_3, chip = 4507
[GAME INFO] participant: courage_0_4, chip = 2922
[GAME INFO] participant: WaP_0_5, chip = 1889
[GAME INFO] participant: Minty_0_6, chip = 2666
[GAME INFO] participant: wereFluke_0_7, chip = 3393
[GAME INFO] blind is 200
[GAME INFO] dealer is wereFluke_0_7
[GAME INFO] small blind 200 posted by ssw_0_0
[GAME INFO] big blind 400 posted by Mars_0_1
[hole card] 6 spade
[hole card] Q club
[preflop] round starts
[preflop] player ssw_0_0 has 2534 chips
[preflop] player Mars_0_1 has 2841 chips
[preflop] player NX01_0_2 has 2648 chips
[preflop] player The Joker_0_3 has 4507 chips
[preflop] player courage_0_4 has 2922 chips
[preflop] player WaP_0_5 has 1889 chips
[preflop] player Minty_0_6 has 2666 chips
[preflop] player wereFluke_0_7 has 3393 chips
[preflop] player NX01_0_2 folds
[preflop] action
[WARNING] CANNOT check when another player has raised
[preflop] player The Joker_0_3 folds
[preflop] player courage_0_4 folds
[preflop] player WaP_0_5 folds
[preflop] player Minty_0_6 folds
[preflop] player wereFluke_0_7 folds
[preflop] player ssw_0_0 folds
[GAME STAT] pot 0 with 400 chips is shared by 1 players
[GAME STAT] player Mars_0_1 gets 400 chips from pot 0
[GAME STAT] pot 1 with 200 chips is shared by 1 players
[GAME STAT] player Mars_0_1 gets 200 chips from pot 1
[GAME STAT] overall statistics
[GAME STAT] player ssw_0_0 wins -200 chips in this game
[GAME STAT] player Mars_0_1 wins 200 chips in this game
[GAME STAT] player NX01_0_2 wins 0 chips in this game
[GAME STAT] player The Joker_0_3 wins 0 chips in this game
[GAME STAT] player courage_0_4 wins 0 chips in this game
[GAME STAT] player WaP_0_5 wins 0 chips in this game
[GAME STAT] player Minty_0_6 wins 0 chips in this game
[GAME STAT] player wereFluke_0_7 wins 0 chips in this game
[GAME 22] game ends, invoking player.game_end()
[GAME 23] game starts
[GAME INFO] number of participants in this game = 8
[GAME INFO] participant: ssw_0_0, chip = 2534
[GAME INFO] participant: Mars_0_1, chip = 3441
[GAME INFO] participant: NX01_0_2, chip = 2648
[GAME INFO] participant: The Joker_0_3, chip = 4507
[GAME INFO] participant: courage_0_4, chip = 2922
[GAME INFO] participant: WaP_0_5, chip = 1889
[GAME INFO] participant: Minty_0_6, chip = 2666
[GAME INFO] participant: wereFluke_0_7, chip = 3393
[GAME INFO] blind is 200
[GAME INFO] dealer is ssw_0_0
[GAME INFO] small blind 200 posted by Mars_0_1
[GAME INFO] big blind 400 posted by NX01_0_2
[hole card] 4 club
[hole card] 9 heart
[preflop] round starts
[preflop] player ssw_0_0 has 2534 chips
[preflop] player Mars_0_1 has 3241 chips
[preflop] player NX01_0_2 has 2248 chips
[preflop] player The Joker_0_3 has 4507 chips
[preflop] player courage_0_4 has 2922 chips
[preflop] player WaP_0_5 has 1889 chips
[preflop] player Minty_0_6 has 2666 chips
[preflop] player wereFluke_0_7 has 3393 chips
[preflop] action
[WARNING] CANNOT check when another player has raised
[preflop] player The Joker_0_3 folds
[preflop] player courage_0_4 folds
[preflop] player WaP_0_5 folds
[preflop] player Minty_0_6 folds
[preflop] player wereFluke_0_7 folds
[preflop] player ssw_0_0 folds
[preflop] player Mars_0_1 calls. Total bet is 400
[preflop] player NX01_0_2 folds
[GAME STAT] pot 0 with 800 chips is shared by 1 players
[GAME STAT] player Mars_0_1 gets 800 chips from pot 0
[GAME STAT] overall statistics
[GAME STAT] player ssw_0_0 wins 0 chips in this game
[GAME STAT] player Mars_0_1 wins 400 chips in this game
[GAME STAT] player NX01_0_2 wins -400 chips in this game
[GAME STAT] player The Joker_0_3 wins 0 chips in this game
[GAME STAT] player courage_0_4 wins 0 chips in this game
[GAME STAT] player WaP_0_5 wins 0 chips in this game
[GAME STAT] player Minty_0_6 wins 0 chips in this game
[GAME STAT] player wereFluke_0_7 wins 0 chips in this game
[GAME 23] game ends, invoking player.game_end()
[GAME 24] game starts
[GAME INFO] number of participants in this game = 8
[GAME INFO] participant: ssw_0_0, chip = 2534
[GAME INFO] participant: Mars_0_1, chip = 3841
[GAME INFO] participant: NX01_0_2, chip = 2248
[GAME INFO] participant: The Joker_0_3, chip = 4507
[GAME INFO] participant: courage_0_4, chip = 2922
[GAME INFO] participant: WaP_0_5, chip = 1889
[GAME INFO] participant: Minty_0_6, chip = 2666
[GAME INFO] participant: wereFluke_0_7, chip = 3393
[GAME INFO] blind is 200
[GAME INFO] dealer is Mars_0_1
[GAME INFO] small blind 200 posted by NX01_0_2
[GAME INFO] big blind 400 posted by The Joker_0_3
[hole card] 9 spade
[hole card] A heart
[preflop] round starts
[preflop] player ssw_0_0 has 2534 chips
[preflop] player Mars_0_1 has 3841 chips
[preflop] player NX01_0_2 has 2048 chips
[preflop] player The Joker_0_3 has 4107 chips
[preflop] player courage_0_4 has 2922 chips
[preflop] player WaP_0_5 has 1889 chips
[preflop] player Minty_0_6 has 2666 chips
[preflop] player wereFluke_0_7 has 3393 chips
[preflop] player courage_0_4 folds
[preflop] player WaP_0_5 folds
[preflop] player Minty_0_6 folds
[preflop] player wereFluke_0_7 folds
[preflop] player ssw_0_0 folds
[preflop] player Mars_0_1 folds
[preflop] player NX01_0_2 folds
[GAME STAT] pot 0 with 400 chips is shared by 1 players
[GAME STAT] player The Joker_0_3 gets 400 chips from pot 0
[GAME STAT] pot 1 with 200 chips is shared by 1 players
[GAME STAT] player The Joker_0_3 gets 200 chips from pot 1
[GAME STAT] overall statistics
[GAME STAT] player ssw_0_0 wins 0 chips in this game
[GAME STAT] player Mars_0_1 wins 0 chips in this game
[GAME STAT] player NX01_0_2 wins -200 chips in this game
[GAME STAT] player The Joker_0_3 wins 200 chips in this game
[GAME STAT] player courage_0_4 wins 0 chips in this game
[GAME STAT] player WaP_0_5 wins 0 chips in this game
[GAME STAT] player Minty_0_6 wins 0 chips in this game
[GAME STAT] player wereFluke_0_7 wins 0 chips in this game
[GAME 24] game ends, invoking player.game_end()
[GAME 25] game starts
[GAME INFO] number of participants in this game = 8
[GAME INFO] participant: ssw_0_0, chip = 2534
[GAME INFO] participant: Mars_0_1, chip = 3841
[GAME INFO] participant: NX01_0_2, chip = 2048
[GAME INFO] participant: The Joker_0_3, chip = 4707
[GAME INFO] participant: courage_0_4, chip = 2922
[GAME INFO] participant: WaP_0_5, chip = 1889
[GAME INFO] participant: Minty_0_6, chip = 2666
[GAME INFO] participant: wereFluke_0_7, chip = 3393
[GAME INFO] blind is 500
[GAME INFO] dealer is NX01_0_2
[GAME INFO] small blind 500 posted by The Joker_0_3
[GAME INFO] big blind 1000 posted by courage_0_4
[hole card] 7 heart
[hole card] 3 diamond
[preflop] round starts
[preflop] player ssw_0_0 has 2534 chips
[preflop] player Mars_0_1 has 3841 chips
[preflop] player NX01_0_2 has 2048 chips
[preflop] player The Joker_0_3 has 4207 chips
[preflop] player courage_0_4 has 1922 chips
[preflop] player WaP_0_5 has 1889 chips
[preflop] player Minty_0_6 has 2666 chips
[preflop] player wereFluke_0_7 has 3393 chips
[preflop] player WaP_0_5 folds
[preflop] player Minty_0_6 folds
[preflop] player wereFluke_0_7 folds
[preflop] player ssw_0_0 calls. Total bet is 1000
[preflop] player Mars_0_1 folds
[preflop] player NX01_0_2 calls. Total bet is 1000
[preflop] action
[preflop] call (500 chips). 
[preflop] player The Joker_0_3 calls. Total bet is 1000
[preflop] player courage_0_4 calls. Total bet is 1000
[flop] 9 spade
[flop] 7 spade
[flop] J diamond
[flop] round starts
[flop] player ssw_0_0 has 1534 chips
[flop] player Mars_0_1 has 3841 chips
[flop] player NX01_0_2 has 1048 chips
[flop] player The Joker_0_3 has 3707 chips
[flop] player courage_0_4 has 1922 chips
[flop] player WaP_0_5 has 1889 chips
[flop] player Minty_0_6 has 2666 chips
[flop] player wereFluke_0_7 has 3393 chips
[flop] action
[flop] check
[flop] player The Joker_0_3 checks
[flop] player courage_0_4 checks
[flop] player ssw_0_0 checks
[flop] player NX01_0_2 checks
[flop] round ends
[turn] J heart
[turn] round starts
[turn] player ssw_0_0 has 1534 chips
[turn] player Mars_0_1 has 3841 chips
[turn] player NX01_0_2 has 1048 chips
[turn] player The Joker_0_3 has 3707 chips
[turn] player courage_0_4 has 1922 chips
[turn] player WaP_0_5 has 1889 chips
[turn] player Minty_0_6 has 2666 chips
[turn] player wereFluke_0_7 has 3393 chips
[turn] action
[turn] check
[turn] player The Joker_0_3 checks
[turn] player courage_0_4 goes all in (1922 chips). Total bet is 1922
[turn] player ssw_0_0 goes all in (1534 chips). Total bet is 1534
[turn] player NX01_0_2 folds
[turn] action
[WARNING] CANNOT check when another player has raised
[turn] player The Joker_0_3 folds
[river] K club
[river] round starts
[river] player ssw_0_0 has 0 chips
[river] player Mars_0_1 has 3841 chips
[river] player NX01_0_2 has 1048 chips
[river] player The Joker_0_3 has 3707 chips
[river] player courage_0_4 has 0 chips
[river] player WaP_0_5 has 1889 chips
[river] player Minty_0_6 has 2666 chips
[river] player wereFluke_0_7 has 3393 chips
[river] player courage_0_4 checks
[river] player courage_0_4 goes all in (0 chips). Total bet is 0
[river] player ssw_0_0 checks
[river] player ssw_0_0 goes all in (0 chips). Total bet is 0
[river] round ends
[SHOWDOWN] showdown starts
[SHOWDOWN] player courage_0_4 shows 9 heart J spade 9 spade J diamond J heart, which is full house.
[SHOWDOWN] player ssw_0_0 shows 8 club 8 heart J diamond J heart K club, which is two pair.
[GAME STAT] pot 0 with 4000 chips is shared by 1 players
[GAME STAT] player courage_0_4 gets 4000 chips from pot 0
[GAME STAT] pot 1 with 3068 chips is shared by 1 players
[GAME STAT] player courage_0_4 gets 3068 chips from pot 1
[GAME STAT] pot 2 with 388 chips is shared by 1 players
[GAME STAT] player courage_0_4 gets 388 chips from pot 2
[GAME STAT] overall statistics
[GAME STAT] player ssw_0_0 wins -2534 chips in this game
[GAME STAT] player Mars_0_1 wins 0 chips in this game
[GAME STAT] player NX01_0_2 wins -1000 chips in this game
[GAME STAT] player The Joker_0_3 wins -1000 chips in this game
[GAME STAT] player courage_0_4 wins 4534 chips in this game
[GAME STAT] player WaP_0_5 wins 0 chips in this game
[GAME STAT] player Minty_0_6 wins 0 chips in this game
[GAME STAT] player wereFluke_0_7 wins 0 chips in this game
[GAME 25] game ends, invoking player.game_end()
[GAME 26] game starts
[GAME INFO] number of participants in this game = 7
[GAME INFO] participant: Mars_0_1, chip = 3841
[GAME INFO] participant: NX01_0_2, chip = 1048
[GAME INFO] participant: The Joker_0_3, chip = 3707
[GAME INFO] participant: courage_0_4, chip = 7456
[GAME INFO] participant: WaP_0_5, chip = 1889
[GAME INFO] participant: Minty_0_6, chip = 2666
[GAME INFO] participant: wereFluke_0_7, chip = 3393
[GAME INFO] blind is 500
[GAME INFO] dealer is The Joker_0_3
[GAME INFO] small blind 500 posted by courage_0_4
[GAME INFO] big blind 1000 posted by WaP_0_5
[hole card] 5 heart
[hole card] A heart
[preflop] round starts
[preflop] player Mars_0_1 has 3841 chips
[preflop] player NX01_0_2 has 1048 chips
[preflop] player The Joker_0_3 has 3707 chips
[preflop] player courage_0_4 has 6956 chips
[preflop] player WaP_0_5 has 889 chips
[preflop] player Minty_0_6 has 2666 chips
[preflop] player wereFluke_0_7 has 3393 chips
[preflop] player Minty_0_6 folds
[preflop] player wereFluke_0_7 folds
[preflop] player Mars_0_1 folds
[preflop] player NX01_0_2 folds
[preflop] action
[preflop] call (1000 chips). 
[preflop] player The Joker_0_3 calls. Total bet is 1000
[preflop] player courage_0_4 folds
[preflop] player WaP_0_5 calls. Total bet is 1000
[flop] Q club
[flop] 3 diamond
[flop] 10 diamond
[flop] round starts
[flop] player Mars_0_1 has 3841 chips
[flop] player NX01_0_2 has 1048 chips
[flop] player The Joker_0_3 has 2707 chips
[flop] player courage_0_4 has 6956 chips
[flop] player WaP_0_5 has 889 chips
[flop] player Minty_0_6 has 2666 chips
[flop] player wereFluke_0_7 has 3393 chips
[flop] player WaP_0_5 checks
[flop] action
[flop] check
[flop] player The Joker_0_3 checks
[flop] round ends
[turn] Q heart
[turn] round starts
[turn] player Mars_0_1 has 3841 chips
[turn] player NX01_0_2 has 1048 chips
[turn] player The Joker_0_3 has 2707 chips
[turn] player courage_0_4 has 6956 chips
[turn] player WaP_0_5 has 889 chips
[turn] player Minty_0_6 has 2666 chips
[turn] player wereFluke_0_7 has 3393 chips
[turn] player WaP_0_5 checks
[turn] action
[turn] check
[turn] player The Joker_0_3 checks
[turn] round ends
[river] 8 heart
[river] round starts
[river] player Mars_0_1 has 3841 chips
[river] player NX01_0_2 has 1048 chips
[river] player The Joker_0_3 has 2707 chips
[river] player courage_0_4 has 6956 chips
[river] player WaP_0_5 has 889 chips
[river] player Minty_0_6 has 2666 chips
[river] player wereFluke_0_7 has 3393 chips
[river] player WaP_0_5 checks
[river] action
[river] check
[river] player The Joker_0_3 checks
[river] round ends
[SHOWDOWN] showdown starts
[SHOWDOWN] showdown
[SHOWDOWN] Q club 10 diamond Q heart 8 heart A heart
[SHOWDOWN] player The Joker_0_3 shows Q club 10 diamond Q heart 8 heart A heart, which is one pair.
[SHOWDOWN] player WaP_0_5 shows Q club Q heart 10 diamond 8 heart 7 spade, which is one pair.
[GAME STAT] pot 0 with 1500 chips is shared by 1 players
[GAME STAT] player The Joker_0_3 gets 1500 chips from pot 0
[GAME STAT] pot 1 with 1000 chips is shared by 1 players
[GAME STAT] player The Joker_0_3 gets 1000 chips from pot 1
[GAME STAT] overall statistics
[GAME STAT] player Mars_0_1 wins 0 chips in this game
[GAME STAT] player NX01_0_2 wins 0 chips in this game
[GAME STAT] player The Joker_0_3 wins 1500 chips in this game
[GAME STAT] player courage_0_4 wins -500 chips in this game
[GAME STAT] player WaP_0_5 wins -1000 chips in this game
[GAME STAT] player Minty_0_6 wins 0 chips in this game
[GAME STAT] player wereFluke_0_7 wins 0 chips in this game
[GAME 26] game ends, invoking player.game_end()
[GAME 27] game starts
[GAME INFO] number of participants in this game = 7
[GAME INFO] participant: Mars_0_1, chip = 3841
[GAME INFO] participant: NX01_0_2, chip = 1048
[GAME INFO] participant: The Joker_0_3, chip = 5207
[GAME INFO] participant: courage_0_4, chip = 6956
[GAME INFO] participant: WaP_0_5, chip = 889
[GAME INFO] participant: Minty_0_6, chip = 2666
[GAME INFO] participant: wereFluke_0_7, chip = 3393
[GAME INFO] blind is 500
[GAME INFO] dealer is courage_0_4
[GAME INFO] small blind 500 posted by WaP_0_5
[GAME INFO] big blind 1000 posted by Minty_0_6
[hole card] 9 club
[hole card] A spade
[preflop] round starts
[preflop] player Mars_0_1 has 3841 chips
[preflop] player NX01_0_2 has 1048 chips
[preflop] player The Joker_0_3 has 5207 chips
[preflop] player courage_0_4 has 6956 chips
[preflop] player WaP_0_5 has 389 chips
[preflop] player Minty_0_6 has 1666 chips
[preflop] player wereFluke_0_7 has 3393 chips
[preflop] player wereFluke_0_7 folds
[preflop] player Mars_0_1 folds
[preflop] player NX01_0_2 folds
[preflop] action
[preflop] call (1000 chips). 
[preflop] player The Joker_0_3 calls. Total bet is 1000
[preflop] player courage_0_4 folds
[preflop] player WaP_0_5 folds
[preflop] player Minty_0_6 folds
[GAME STAT] pot 0 with 1500 chips is shared by 1 players
[GAME STAT] player The Joker_0_3 gets 1500 chips from pot 0
[GAME STAT] pot 1 with 1000 chips is shared by 1 players
[GAME STAT] player The Joker_0_3 gets 1000 chips from pot 1
[GAME STAT] overall statistics
[GAME STAT] player Mars_0_1 wins 0 chips in this game
[GAME STAT] player NX01_0_2 wins 0 chips in this game
[GAME STAT] player The Joker_0_3 wins 1500 chips in this game
[GAME STAT] player courage_0_4 wins 0 chips in this game
[GAME STAT] player WaP_0_5 wins -500 chips in this game
[GAME STAT] player Minty_0_6 wins -1000 chips in this game
[GAME STAT] player wereFluke_0_7 wins 0 chips in this game
[GAME 27] game ends, invoking player.game_end()
[END]
[FINAL STAT] chips
[FINAL STAT] ssw_0_0 has 0 chips
[FINAL STAT] Mars_0_1 has 3841 chips
[FINAL STAT] NX01_0_2 has 1048 chips
[FINAL STAT] The Joker_0_3 has 6707 chips
[FINAL STAT] courage_0_4 has 6956 chips
[FINAL STAT] WaP_0_5 has 389 chips
[FINAL STAT] Minty_0_6 has 1666 chips
[FINAL STAT] wereFluke_0_7 has 3393 chips
