[UI] login name: [UI] succefully login as The Joker_7_7
[login] The Joker_7_7
[player 0] Minty_7_0
[player 1] Jerry_Xu_7_1
[player 2] BigNews!_7_2
[player 3] yi95yi_7_3
[player 4] yyyyyr_7_4
[player 5] taring_7_5
[player 6] Kasin1_7_6
[player 7] The Joker_7_7
[GAME INFO] number of players = 8
[GAME INFO] initial chips = 3000
[GAME 1] game starts
[GAME INFO] number of participants in this game = 8
[GAME INFO] participant: Minty_7_0, chip = 3000
[GAME INFO] participant: Jerry_Xu_7_1, chip = 3000
[GAME INFO] participant: BigNews!_7_2, chip = 3000
[GAME INFO] participant: yi95yi_7_3, chip = 3000
[GAME INFO] participant: yyyyyr_7_4, chip = 3000
[GAME INFO] participant: taring_7_5, chip = 3000
[GAME INFO] participant: Kasin1_7_6, chip = 3000
[GAME INFO] participant: The Joker_7_7, chip = 3000
[GAME INFO] blind is 1
[GAME INFO] dealer is The Joker_7_7
[GAME INFO] small blind 1 posted by Minty_7_0
[GAME INFO] big blind 2 posted by Jerry_Xu_7_1
[hole card] 7 diamond
[hole card] 7 club
[preflop] round starts
[preflop] player Minty_7_0 has 2999 chips
[preflop] player Jerry_Xu_7_1 has 2998 chips
[preflop] player BigNews!_7_2 has 3000 chips
[preflop] player yi95yi_7_3 has 3000 chips
[preflop] player yyyyyr_7_4 has 3000 chips
[preflop] player taring_7_5 has 3000 chips
[preflop] player Kasin1_7_6 has 3000 chips
[preflop] player The Joker_7_7 has 3000 chips
[preflop] player BigNews!_7_2 calls. Total bet is 2
[preflop] player yi95yi_7_3 calls. Total bet is 2
[preflop] player yyyyyr_7_4 folds
[preflop] player taring_7_5 folds
[preflop] player Kasin1_7_6 folds
[preflop] action
[preflop] call (2 chips). 
[preflop] player The Joker_7_7 calls. Total bet is 2
[preflop] player Minty_7_0 folds
[preflop] player Jerry_Xu_7_1 calls. Total bet is 2
[flop] A club
[flop] 2 club
[flop] 10 spade
[flop] round starts
[flop] player Minty_7_0 has 2999 chips
[flop] player Jerry_Xu_7_1 has 2998 chips
[flop] player BigNews!_7_2 has 2998 chips
[flop] player yi95yi_7_3 has 2998 chips
[flop] player yyyyyr_7_4 has 3000 chips
[flop] player taring_7_5 has 3000 chips
[flop] player Kasin1_7_6 has 3000 chips
[flop] player The Joker_7_7 has 2998 chips
[flop] player Jerry_Xu_7_1 checks
[flop] player BigNews!_7_2 folds
[flop] player yi95yi_7_3 checks
[flop] action
[flop] check
[flop] player The Joker_7_7 checks
[flop] round ends
[turn] J club
[turn] round starts
[turn] player Minty_7_0 has 2999 chips
[turn] player Jerry_Xu_7_1 has 2998 chips
[turn] player BigNews!_7_2 has 2998 chips
[turn] player yi95yi_7_3 has 2998 chips
[turn] player yyyyyr_7_4 has 3000 chips
[turn] player taring_7_5 has 3000 chips
[turn] player Kasin1_7_6 has 3000 chips
[turn] player The Joker_7_7 has 2998 chips
[turn] player Jerry_Xu_7_1 checks
[turn] player yi95yi_7_3 checks
[turn] action
[turn] check
[turn] player The Joker_7_7 checks
[turn] round ends
[river] 2 spade
[river] round starts
[river] player Minty_7_0 has 2999 chips
[river] player Jerry_Xu_7_1 has 2998 chips
[river] player BigNews!_7_2 has 2998 chips
[river] player yi95yi_7_3 has 2998 chips
[river] player yyyyyr_7_4 has 3000 chips
[river] player taring_7_5 has 3000 chips
[river] player Kasin1_7_6 has 3000 chips
[river] player The Joker_7_7 has 2998 chips
[river] player Jerry_Xu_7_1 checks
[river] player yi95yi_7_3 checks
[river] action
[river] check
[river] player The Joker_7_7 checks
[river] round ends
[SHOWDOWN] showdown starts
[SHOWDOWN] showdown
[SHOWDOWN] A club 2 club 2 spade 7 diamond 7 club
[SHOWDOWN] player yi95yi_7_3 shows A diamond Q diamond A club 2 club 2 spade, which is two pair.
[SHOWDOWN] player The Joker_7_7 shows A club 2 club 2 spade 7 diamond 7 club, which is two pair.
[SHOWDOWN] player Jerry_Xu_7_1 shows 8 club 2 club 9 spade J club 2 spade, which is one pair.
[GAME STAT] pot 0 with 5 chips is shared by 1 players
[GAME STAT] player yi95yi_7_3 gets 5 chips from pot 0
[GAME STAT] pot 1 with 4 chips is shared by 1 players
[GAME STAT] player yi95yi_7_3 gets 4 chips from pot 1
[GAME STAT] overall statistics
[GAME STAT] player Minty_7_0 wins -1 chips in this game
[GAME STAT] player Jerry_Xu_7_1 wins -2 chips in this game
[GAME STAT] player BigNews!_7_2 wins -2 chips in this game
[GAME STAT] player yi95yi_7_3 wins 7 chips in this game
[GAME STAT] player yyyyyr_7_4 wins 0 chips in this game
[GAME STAT] player taring_7_5 wins 0 chips in this game
[GAME STAT] player Kasin1_7_6 wins 0 chips in this game
[GAME STAT] player The Joker_7_7 wins -2 chips in this game
[GAME 1] game ends, invoking player.game_end()
[GAME 2] game starts
[GAME INFO] number of participants in this game = 8
[GAME INFO] participant: Minty_7_0, chip = 2999
[GAME INFO] participant: Jerry_Xu_7_1, chip = 2998
[GAME INFO] participant: BigNews!_7_2, chip = 2998
[GAME INFO] participant: yi95yi_7_3, chip = 3007
[GAME INFO] participant: yyyyyr_7_4, chip = 3000
[GAME INFO] participant: taring_7_5, chip = 3000
[GAME INFO] participant: Kasin1_7_6, chip = 3000
[GAME INFO] participant: The Joker_7_7, chip = 2998
[GAME INFO] blind is 1
[GAME INFO] dealer is Minty_7_0
[GAME INFO] small blind 1 posted by Jerry_Xu_7_1
[GAME INFO] big blind 2 posted by BigNews!_7_2
[hole card] J spade
[hole card] Q spade
[preflop] round starts
[preflop] player Minty_7_0 has 2999 chips
[preflop] player Jerry_Xu_7_1 has 2997 chips
[preflop] player BigNews!_7_2 has 2996 chips
[preflop] player yi95yi_7_3 has 3007 chips
[preflop] player yyyyyr_7_4 has 3000 chips
[preflop] player taring_7_5 has 3000 chips
[preflop] player Kasin1_7_6 has 3000 chips
[preflop] player The Joker_7_7 has 2998 chips
[preflop] player yi95yi_7_3 calls. Total bet is 2
[preflop] player yyyyyr_7_4 folds
[preflop] player taring_7_5 folds
[preflop] player Kasin1_7_6 folds
[preflop] action
[preflop] call (2 chips). 
[preflop] player The Joker_7_7 calls. Total bet is 2
[preflop] player Minty_7_0 folds
[preflop] player Jerry_Xu_7_1 calls. Total bet is 2
[preflop] player BigNews!_7_2 calls. Total bet is 2
[flop] 2 diamond
[flop] K heart
[flop] 7 heart
[flop] round starts
[flop] player Minty_7_0 has 2999 chips
[flop] player Jerry_Xu_7_1 has 2996 chips
[flop] player BigNews!_7_2 has 2996 chips
[flop] player yi95yi_7_3 has 3005 chips
[flop] player yyyyyr_7_4 has 3000 chips
[flop] player taring_7_5 has 3000 chips
[flop] player Kasin1_7_6 has 3000 chips
[flop] player The Joker_7_7 has 2996 chips
[flop] player Jerry_Xu_7_1 checks
[flop] player BigNews!_7_2 folds
[flop] player yi95yi_7_3 checks
[flop] action
[flop] check
[flop] player The Joker_7_7 checks
[flop] round ends
[turn] 5 heart
[turn] round starts
[turn] player Minty_7_0 has 2999 chips
[turn] player Jerry_Xu_7_1 has 2996 chips
[turn] player BigNews!_7_2 has 2996 chips
[turn] player yi95yi_7_3 has 3005 chips
[turn] player yyyyyr_7_4 has 3000 chips
[turn] player taring_7_5 has 3000 chips
[turn] player Kasin1_7_6 has 3000 chips
[turn] player The Joker_7_7 has 2996 chips
[turn] player Jerry_Xu_7_1 checks
[turn] player yi95yi_7_3 checks
[turn] action
[turn] check
[turn] player The Joker_7_7 checks
[turn] round ends
[river] 3 club
[river] round starts
[river] player Minty_7_0 has 2999 chips
[river] player Jerry_Xu_7_1 has 2996 chips
[river] player BigNews!_7_2 has 2996 chips
[river] player yi95yi_7_3 has 3005 chips
[river] player yyyyyr_7_4 has 3000 chips
[river] player taring_7_5 has 3000 chips
[river] player Kasin1_7_6 has 3000 chips
[river] player The Joker_7_7 has 2996 chips
[river] player Jerry_Xu_7_1 checks
[river] player yi95yi_7_3 checks
[river] action
[river] check
[river] player The Joker_7_7 checks
[river] round ends
[SHOWDOWN] showdown starts
[SHOWDOWN] showdown
[SHOWDOWN] K heart 7 heart 5 heart J spade Q spade
[SHOWDOWN] player yi95yi_7_3 shows 2 club 9 diamond 2 diamond K heart 7 heart, which is one pair.
[SHOWDOWN] player The Joker_7_7 shows K heart 7 heart 5 heart J spade Q spade, which is high card.
[SHOWDOWN] player Jerry_Xu_7_1 shows 4 club K heart 9 club 5 heart 3 club, which is high card.
[GAME STAT] pot 0 with 8 chips is shared by 1 players
[GAME STAT] player yi95yi_7_3 gets 8 chips from pot 0
[GAME STAT] overall statistics
[GAME STAT] player Minty_7_0 wins 0 chips in this game
[GAME STAT] player Jerry_Xu_7_1 wins -2 chips in this game
[GAME STAT] player BigNews!_7_2 wins -2 chips in this game
[GAME STAT] player yi95yi_7_3 wins 6 chips in this game
[GAME STAT] player yyyyyr_7_4 wins 0 chips in this game
[GAME STAT] player taring_7_5 wins 0 chips in this game
[GAME STAT] player Kasin1_7_6 wins 0 chips in this game
[GAME STAT] player The Joker_7_7 wins -2 chips in this game
[GAME 2] game ends, invoking player.game_end()
[GAME 3] game starts
[GAME INFO] number of participants in this game = 8
[GAME INFO] participant: Minty_7_0, chip = 2999
[GAME INFO] participant: Jerry_Xu_7_1, chip = 2996
[GAME INFO] participant: BigNews!_7_2, chip = 2996
[GAME INFO] participant: yi95yi_7_3, chip = 3013
[GAME INFO] participant: yyyyyr_7_4, chip = 3000
[GAME INFO] participant: taring_7_5, chip = 3000
[GAME INFO] participant: Kasin1_7_6, chip = 3000
[GAME INFO] participant: The Joker_7_7, chip = 2996
[GAME INFO] blind is 1
[GAME INFO] dealer is Jerry_Xu_7_1
[GAME INFO] small blind 1 posted by BigNews!_7_2
[GAME INFO] big blind 2 posted by yi95yi_7_3
[hole card] 7 diamond
[hole card] 6 spade
[preflop] round starts
[preflop] player Minty_7_0 has 2999 chips
[preflop] player Jerry_Xu_7_1 has 2996 chips
[preflop] player BigNews!_7_2 has 2995 chips
[preflop] player yi95yi_7_3 has 3011 chips
[preflop] player yyyyyr_7_4 has 3000 chips
[preflop] player taring_7_5 has 3000 chips
[preflop] player Kasin1_7_6 has 3000 chips
[preflop] player The Joker_7_7 has 2996 chips
[preflop] player yyyyyr_7_4 folds
[preflop] player taring_7_5 folds
[preflop] player Kasin1_7_6 folds
[preflop] action
[preflop] call (2 chips). 
[preflop] player The Joker_7_7 calls. Total bet is 2
[preflop] player Minty_7_0 folds
[preflop] player Jerry_Xu_7_1 folds
[preflop] player BigNews!_7_2 calls. Total bet is 2
[preflop] player yi95yi_7_3 calls. Total bet is 2
[flop] 9 heart
[flop] K spade
[flop] 4 diamond
[flop] round starts
[flop] player Minty_7_0 has 2999 chips
[flop] player Jerry_Xu_7_1 has 2996 chips
[flop] player BigNews!_7_2 has 2994 chips
[flop] player yi95yi_7_3 has 3011 chips
[flop] player yyyyyr_7_4 has 3000 chips
[flop] player taring_7_5 has 3000 chips
[flop] player Kasin1_7_6 has 3000 chips
[flop] player The Joker_7_7 has 2994 chips
[flop] player BigNews!_7_2 checks
[flop] player yi95yi_7_3 checks
[flop] action
[flop] check
[flop] player The Joker_7_7 checks
[flop] round ends
[turn] 3 heart
[turn] round starts
[turn] player Minty_7_0 has 2999 chips
[turn] player Jerry_Xu_7_1 has 2996 chips
[turn] player BigNews!_7_2 has 2994 chips
[turn] player yi95yi_7_3 has 3011 chips
[turn] player yyyyyr_7_4 has 3000 chips
[turn] player taring_7_5 has 3000 chips
[turn] player Kasin1_7_6 has 3000 chips
[turn] player The Joker_7_7 has 2994 chips
[turn] player BigNews!_7_2 folds
[turn] player yi95yi_7_3 checks
[turn] action
[turn] check
[turn] player The Joker_7_7 checks
[turn] round ends
[river] 8 diamond
[river] round starts
[river] player Minty_7_0 has 2999 chips
[river] player Jerry_Xu_7_1 has 2996 chips
[river] player BigNews!_7_2 has 2994 chips
[river] player yi95yi_7_3 has 3011 chips
[river] player yyyyyr_7_4 has 3000 chips
[river] player taring_7_5 has 3000 chips
[river] player Kasin1_7_6 has 3000 chips
[river] player The Joker_7_7 has 2994 chips
[river] player yi95yi_7_3 checks
[river] action
[river] check
[river] player The Joker_7_7 checks
[river] round ends
[SHOWDOWN] showdown starts
[SHOWDOWN] showdown
[SHOWDOWN] 9 heart K spade 8 diamond 7 diamond 6 spade
[SHOWDOWN] player yi95yi_7_3 shows A heart 9 heart K spade 4 diamond 8 diamond, which is high card.
[SHOWDOWN] player The Joker_7_7 shows 9 heart K spade 8 diamond 7 diamond 6 spade, which is high card.
[GAME STAT] pot 0 with 6 chips is shared by 1 players
[GAME STAT] player yi95yi_7_3 gets 6 chips from pot 0
[GAME STAT] overall statistics
[GAME STAT] player Minty_7_0 wins 0 chips in this game
[GAME STAT] player Jerry_Xu_7_1 wins 0 chips in this game
[GAME STAT] player BigNews!_7_2 wins -2 chips in this game
[GAME STAT] player yi95yi_7_3 wins 4 chips in this game
[GAME STAT] player yyyyyr_7_4 wins 0 chips in this game
[GAME STAT] player taring_7_5 wins 0 chips in this game
[GAME STAT] player Kasin1_7_6 wins 0 chips in this game
[GAME STAT] player The Joker_7_7 wins -2 chips in this game
[GAME 3] game ends, invoking player.game_end()
[GAME 4] game starts
[GAME INFO] number of participants in this game = 8
[GAME INFO] participant: Minty_7_0, chip = 2999
[GAME INFO] participant: Jerry_Xu_7_1, chip = 2996
[GAME INFO] participant: BigNews!_7_2, chip = 2994
[GAME INFO] participant: yi95yi_7_3, chip = 3017
[GAME INFO] participant: yyyyyr_7_4, chip = 3000
[GAME INFO] participant: taring_7_5, chip = 3000
[GAME INFO] participant: Kasin1_7_6, chip = 3000
[GAME INFO] participant: The Joker_7_7, chip = 2994
[GAME INFO] blind is 2
[GAME INFO] dealer is BigNews!_7_2
[GAME INFO] small blind 2 posted by yi95yi_7_3
[GAME INFO] big blind 4 posted by yyyyyr_7_4
[hole card] 9 heart
[hole card] A spade
[preflop] round starts
[preflop] player Minty_7_0 has 2999 chips
[preflop] player Jerry_Xu_7_1 has 2996 chips
[preflop] player BigNews!_7_2 has 2994 chips
[preflop] player yi95yi_7_3 has 3015 chips
[preflop] player yyyyyr_7_4 has 2996 chips
[preflop] player taring_7_5 has 3000 chips
[preflop] player Kasin1_7_6 has 3000 chips
[preflop] player The Joker_7_7 has 2994 chips
[preflop] player taring_7_5 folds
[preflop] player Kasin1_7_6 calls. Total bet is 4
[preflop] action
[preflop] call (4 chips). 
[preflop] player The Joker_7_7 calls. Total bet is 4
[preflop] player Minty_7_0 folds
[preflop] player Jerry_Xu_7_1 folds
[preflop] player BigNews!_7_2 calls. Total bet is 4
[preflop] player yi95yi_7_3 calls. Total bet is 4
[preflop] player yyyyyr_7_4 folds
[flop] 6 club
[flop] 2 club
[flop] 6 spade
[flop] round starts
[flop] player Minty_7_0 has 2999 chips
[flop] player Jerry_Xu_7_1 has 2996 chips
[flop] player BigNews!_7_2 has 2990 chips
[flop] player yi95yi_7_3 has 3013 chips
[flop] player yyyyyr_7_4 has 2996 chips
[flop] player taring_7_5 has 3000 chips
[flop] player Kasin1_7_6 has 2996 chips
[flop] player The Joker_7_7 has 2990 chips
[flop] player yi95yi_7_3 goes all in (3013 chips). Total bet is 3013
[flop] player Kasin1_7_6 goes all in (2996 chips). Total bet is 2996
[flop] action
[WARNING] CANNOT check when another player has raised
[flop] player The Joker_7_7 folds
[flop] player BigNews!_7_2 folds
[turn] 10 spade
[turn] round starts
[turn] player Minty_7_0 has 2999 chips
[turn] player Jerry_Xu_7_1 has 2996 chips
[turn] player BigNews!_7_2 has 2990 chips
[turn] player yi95yi_7_3 has 0 chips
[turn] player yyyyyr_7_4 has 2996 chips
[turn] player taring_7_5 has 3000 chips
[turn] player Kasin1_7_6 has 0 chips
[turn] player The Joker_7_7 has 2990 chips
[turn] player yi95yi_7_3 checks
[turn] player yi95yi_7_3 goes all in (0 chips). Total bet is 0
[turn] player Kasin1_7_6 checks
[turn] player Kasin1_7_6 goes all in (0 chips). Total bet is 0
[turn] round ends
[river] 5 diamond
[river] round starts
[river] player Minty_7_0 has 2999 chips
[river] player Jerry_Xu_7_1 has 2996 chips
[river] player BigNews!_7_2 has 2990 chips
[river] player yi95yi_7_3 has 0 chips
[river] player yyyyyr_7_4 has 2996 chips
[river] player taring_7_5 has 3000 chips
[river] player Kasin1_7_6 has 0 chips
[river] player The Joker_7_7 has 2990 chips
[river] player yi95yi_7_3 checks
[river] player yi95yi_7_3 goes all in (0 chips). Total bet is 0
[river] player Kasin1_7_6 checks
[river] player Kasin1_7_6 goes all in (0 chips). Total bet is 0
[river] round ends
[SHOWDOWN] showdown starts
[SHOWDOWN] player yi95yi_7_3 shows 6 heart 2 spade 6 club 2 club 6 spade, which is full house.
[SHOWDOWN] player Kasin1_7_6 shows Q diamond J spade 10 spade 6 spade 6 club, which is one pair.
[GAME STAT] pot 0 with 20 chips is shared by 1 players
[GAME STAT] player yi95yi_7_3 gets 20 chips from pot 0
[GAME STAT] pot 1 with 5992 chips is shared by 1 players
[GAME STAT] player yi95yi_7_3 gets 5992 chips from pot 1
[GAME STAT] pot 2 with 17 chips is shared by 1 players
[GAME STAT] player yi95yi_7_3 gets 17 chips from pot 2
[GAME STAT] overall statistics
[GAME STAT] player Minty_7_0 wins 0 chips in this game
[GAME STAT] player Jerry_Xu_7_1 wins 0 chips in this game
[GAME STAT] player BigNews!_7_2 wins -4 chips in this game
[GAME STAT] player yi95yi_7_3 wins 3012 chips in this game
[GAME STAT] player yyyyyr_7_4 wins -4 chips in this game
[GAME STAT] player taring_7_5 wins 0 chips in this game
[GAME STAT] player Kasin1_7_6 wins -3000 chips in this game
[GAME STAT] player The Joker_7_7 wins -4 chips in this game
[GAME 4] game ends, invoking player.game_end()
[GAME 5] game starts
[GAME INFO] number of participants in this game = 7
[GAME INFO] participant: Minty_7_0, chip = 2999
[GAME INFO] participant: Jerry_Xu_7_1, chip = 2996
[GAME INFO] participant: BigNews!_7_2, chip = 2990
[GAME INFO] participant: yi95yi_7_3, chip = 6029
[GAME INFO] participant: yyyyyr_7_4, chip = 2996
[GAME INFO] participant: taring_7_5, chip = 3000
[GAME INFO] participant: The Joker_7_7, chip = 2990
[GAME INFO] blind is 2
[GAME INFO] dealer is yi95yi_7_3
[GAME INFO] small blind 2 posted by yyyyyr_7_4
[GAME INFO] big blind 4 posted by taring_7_5
[hole card] A club
[hole card] 9 club
[preflop] round starts
[preflop] player Minty_7_0 has 2999 chips
[preflop] player Jerry_Xu_7_1 has 2996 chips
[preflop] player BigNews!_7_2 has 2990 chips
[preflop] player yi95yi_7_3 has 6029 chips
[preflop] player yyyyyr_7_4 has 2994 chips
[preflop] player taring_7_5 has 2996 chips
[preflop] player The Joker_7_7 has 2990 chips
[preflop] action
[preflop] call (4 chips). 
[preflop] player The Joker_7_7 calls. Total bet is 4
[preflop] player Minty_7_0 folds
[preflop] player Jerry_Xu_7_1 folds
[preflop] player BigNews!_7_2 calls. Total bet is 4
[preflop] player yi95yi_7_3 calls. Total bet is 4
[preflop] player yyyyyr_7_4 calls. Total bet is 4
[preflop] player taring_7_5 folds
[flop] 6 spade
[flop] Q diamond
[flop] J diamond
[flop] round starts
[flop] player Minty_7_0 has 2999 chips
[flop] player Jerry_Xu_7_1 has 2996 chips
[flop] player BigNews!_7_2 has 2986 chips
[flop] player yi95yi_7_3 has 6025 chips
[flop] player yyyyyr_7_4 has 2992 chips
[flop] player taring_7_5 has 2996 chips
[flop] player The Joker_7_7 has 2986 chips
[flop] player yyyyyr_7_4 checks
[flop] action
[flop] check
[flop] player The Joker_7_7 checks
[flop] player BigNews!_7_2 checks
[flop] player yi95yi_7_3 checks
[flop] round ends
[turn] 10 diamond
[turn] round starts
[turn] player Minty_7_0 has 2999 chips
[turn] player Jerry_Xu_7_1 has 2996 chips
[turn] player BigNews!_7_2 has 2986 chips
[turn] player yi95yi_7_3 has 6025 chips
[turn] player yyyyyr_7_4 has 2992 chips
[turn] player taring_7_5 has 2996 chips
[turn] player The Joker_7_7 has 2986 chips
[turn] player yyyyyr_7_4 checks
[turn] action
[turn] check
[turn] player The Joker_7_7 checks
[turn] player BigNews!_7_2 folds
[turn] player yi95yi_7_3 checks
[turn] round ends
[river] A diamond
[river] round starts
[river] player Minty_7_0 has 2999 chips
[river] player Jerry_Xu_7_1 has 2996 chips
[river] player BigNews!_7_2 has 2986 chips
[river] player yi95yi_7_3 has 6025 chips
[river] player yyyyyr_7_4 has 2992 chips
[river] player taring_7_5 has 2996 chips
[river] player The Joker_7_7 has 2986 chips
[river] player yyyyyr_7_4 checks
[river] action
[river] check
[river] player The Joker_7_7 checks
[river] player yi95yi_7_3 goes all in (6025 chips). Total bet is 6025
[river] player yyyyyr_7_4 folds
[river] action
[WARNING] CANNOT check when another player has raised
[river] player The Joker_7_7 folds
[GAME STAT] pot 0 with 20 chips is shared by 1 players
[GAME STAT] player yi95yi_7_3 gets 20 chips from pot 0
[GAME STAT] pot 1 with 6025 chips is shared by 1 players
[GAME STAT] player yi95yi_7_3 gets 6025 chips from pot 1
[GAME STAT] overall statistics
[GAME STAT] player Minty_7_0 wins 0 chips in this game
[GAME STAT] player Jerry_Xu_7_1 wins 0 chips in this game
[GAME STAT] player BigNews!_7_2 wins -4 chips in this game
[GAME STAT] player yi95yi_7_3 wins 16 chips in this game
[GAME STAT] player yyyyyr_7_4 wins -4 chips in this game
[GAME STAT] player taring_7_5 wins -4 chips in this game
[GAME STAT] player The Joker_7_7 wins -4 chips in this game
[GAME 5] game ends, invoking player.game_end()
[GAME 6] game starts
[GAME INFO] number of participants in this game = 7
[GAME INFO] participant: Minty_7_0, chip = 2999
[GAME INFO] participant: Jerry_Xu_7_1, chip = 2996
[GAME INFO] participant: BigNews!_7_2, chip = 2986
[GAME INFO] participant: yi95yi_7_3, chip = 6045
[GAME INFO] participant: yyyyyr_7_4, chip = 2992
[GAME INFO] participant: taring_7_5, chip = 2996
[GAME INFO] participant: The Joker_7_7, chip = 2986
[GAME INFO] blind is 2
[GAME INFO] dealer is yyyyyr_7_4
[GAME INFO] small blind 2 posted by taring_7_5
[GAME INFO] big blind 4 posted by The Joker_7_7
[hole card] 7 heart
[hole card] 8 club
[preflop] round starts
[preflop] player Minty_7_0 has 2999 chips
[preflop] player Jerry_Xu_7_1 has 2996 chips
[preflop] player BigNews!_7_2 has 2986 chips
[preflop] player yi95yi_7_3 has 6045 chips
[preflop] player yyyyyr_7_4 has 2992 chips
[preflop] player taring_7_5 has 2994 chips
[preflop] player The Joker_7_7 has 2982 chips
[preflop] player Minty_7_0 folds
[preflop] player Jerry_Xu_7_1 calls. Total bet is 4
[preflop] player BigNews!_7_2 calls. Total bet is 4
[preflop] player yi95yi_7_3 calls. Total bet is 4
[preflop] player yyyyyr_7_4 folds
[preflop] player taring_7_5 folds
[preflop] action
[preflop] call (0 chips). 
[preflop] player The Joker_7_7 calls. Total bet is 4
[flop] 9 diamond
[flop] 7 diamond
[flop] Q club
[flop] round starts
[flop] player Minty_7_0 has 2999 chips
[flop] player Jerry_Xu_7_1 has 2992 chips
[flop] player BigNews!_7_2 has 2982 chips
[flop] player yi95yi_7_3 has 6041 chips
[flop] player yyyyyr_7_4 has 2992 chips
[flop] player taring_7_5 has 2994 chips
[flop] player The Joker_7_7 has 2982 chips
[flop] action
[flop] check
[flop] player The Joker_7_7 checks
[flop] player Jerry_Xu_7_1 checks
[flop] player BigNews!_7_2 checks
[flop] player yi95yi_7_3 checks
[flop] round ends
[turn] J spade
[turn] round starts
[turn] player Minty_7_0 has 2999 chips
[turn] player Jerry_Xu_7_1 has 2992 chips
[turn] player BigNews!_7_2 has 2982 chips
[turn] player yi95yi_7_3 has 6041 chips
[turn] player yyyyyr_7_4 has 2992 chips
[turn] player taring_7_5 has 2994 chips
[turn] player The Joker_7_7 has 2982 chips
[turn] action
[turn] check
[turn] player The Joker_7_7 checks
[turn] player Jerry_Xu_7_1 checks
[turn] player BigNews!_7_2 folds
[turn] player yi95yi_7_3 checks
[turn] round ends
[river] 7 club
[river] round starts
[river] player Minty_7_0 has 2999 chips
[river] player Jerry_Xu_7_1 has 2992 chips
[river] player BigNews!_7_2 has 2982 chips
[river] player yi95yi_7_3 has 6041 chips
[river] player yyyyyr_7_4 has 2992 chips
[river] player taring_7_5 has 2994 chips
[river] player The Joker_7_7 has 2982 chips
[river] action
[river] check
[river] player The Joker_7_7 checks
[river] player Jerry_Xu_7_1 checks
[river] player yi95yi_7_3 checks
[river] round ends
[SHOWDOWN] showdown starts
[SHOWDOWN] showdown
[SHOWDOWN] 7 diamond Q club J spade 7 club 7 heart
[SHOWDOWN] player The Joker_7_7 shows 7 diamond Q club J spade 7 club 7 heart, which is three of a kind.
[SHOWDOWN] player Jerry_Xu_7_1 shows 9 diamond 7 diamond 9 heart A diamond 7 club, which is two pair.
[SHOWDOWN] player yi95yi_7_3 shows 9 diamond 7 diamond Q club J spade 7 club, which is one pair.
[GAME STAT] pot 0 with 10 chips is shared by 1 players
[GAME STAT] player The Joker_7_7 gets 10 chips from pot 0
[GAME STAT] pot 1 with 8 chips is shared by 1 players
[GAME STAT] player The Joker_7_7 gets 8 chips from pot 1
[GAME STAT] overall statistics
[GAME STAT] player Minty_7_0 wins 0 chips in this game
[GAME STAT] player Jerry_Xu_7_1 wins -4 chips in this game
[GAME STAT] player BigNews!_7_2 wins -4 chips in this game
[GAME STAT] player yi95yi_7_3 wins -4 chips in this game
[GAME STAT] player yyyyyr_7_4 wins 0 chips in this game
[GAME STAT] player taring_7_5 wins -2 chips in this game
[GAME STAT] player The Joker_7_7 wins 14 chips in this game
[GAME 6] game ends, invoking player.game_end()
[GAME 7] game starts
[GAME INFO] number of participants in this game = 7
[GAME INFO] participant: Minty_7_0, chip = 2999
[GAME INFO] participant: Jerry_Xu_7_1, chip = 2992
[GAME INFO] participant: BigNews!_7_2, chip = 2982
[GAME INFO] participant: yi95yi_7_3, chip = 6041
[GAME INFO] participant: yyyyyr_7_4, chip = 2992
[GAME INFO] participant: taring_7_5, chip = 2994
[GAME INFO] participant: The Joker_7_7, chip = 3000
[GAME INFO] blind is 5
[GAME INFO] dealer is taring_7_5
[GAME INFO] small blind 5 posted by The Joker_7_7
[GAME INFO] big blind 10 posted by Minty_7_0
[hole card] 8 club
[hole card] 4 diamond
[preflop] round starts
[preflop] player Minty_7_0 has 2989 chips
[preflop] player Jerry_Xu_7_1 has 2992 chips
[preflop] player BigNews!_7_2 has 2982 chips
[preflop] player yi95yi_7_3 has 6041 chips
[preflop] player yyyyyr_7_4 has 2992 chips
[preflop] player taring_7_5 has 2994 chips
[preflop] player The Joker_7_7 has 2995 chips
[preflop] player Jerry_Xu_7_1 calls. Total bet is 10
[preflop] player BigNews!_7_2 calls. Total bet is 10
[preflop] player yi95yi_7_3 calls. Total bet is 10
[preflop] player yyyyyr_7_4 calls. Total bet is 10
[preflop] player taring_7_5 folds
[preflop] action
[WARNING] CANNOT check when another player has raised
[preflop] player The Joker_7_7 folds
[preflop] player Minty_7_0 folds
[flop] 4 heart
[flop] 2 diamond
[flop] 3 diamond
[flop] round starts
[flop] player Minty_7_0 has 2989 chips
[flop] player Jerry_Xu_7_1 has 2982 chips
[flop] player BigNews!_7_2 has 2972 chips
[flop] player yi95yi_7_3 has 6031 chips
[flop] player yyyyyr_7_4 has 2982 chips
[flop] player taring_7_5 has 2994 chips
[flop] player The Joker_7_7 has 2995 chips
[flop] player Jerry_Xu_7_1 checks
[flop] player BigNews!_7_2 folds
[flop] player yi95yi_7_3 checks
[flop] player yyyyyr_7_4 checks
[flop] round ends
[turn] 8 spade
[turn] round starts
[turn] player Minty_7_0 has 2989 chips
[turn] player Jerry_Xu_7_1 has 2982 chips
[turn] player BigNews!_7_2 has 2972 chips
[turn] player yi95yi_7_3 has 6031 chips
[turn] player yyyyyr_7_4 has 2982 chips
[turn] player taring_7_5 has 2994 chips
[turn] player The Joker_7_7 has 2995 chips
[turn] player Jerry_Xu_7_1 checks
[turn] player yi95yi_7_3 checks
[turn] player yyyyyr_7_4 checks
[turn] round ends
[river] 7 spade
[river] round starts
[river] player Minty_7_0 has 2989 chips
[river] player Jerry_Xu_7_1 has 2982 chips
[river] player BigNews!_7_2 has 2972 chips
[river] player yi95yi_7_3 has 6031 chips
[river] player yyyyyr_7_4 has 2982 chips
[river] player taring_7_5 has 2994 chips
[river] player The Joker_7_7 has 2995 chips
[river] player Jerry_Xu_7_1 checks
[river] player yi95yi_7_3 checks
[river] player yyyyyr_7_4 checks
[river] round ends
[SHOWDOWN] showdown starts
[SHOWDOWN] player Jerry_Xu_7_1 shows J spade J club 3 diamond 8 spade 7 spade, which is one pair.
[SHOWDOWN] player yi95yi_7_3 shows 9 club 2 heart 2 diamond 8 spade 7 spade, which is one pair.
[SHOWDOWN] player yyyyyr_7_4 shows K diamond 10 club 4 heart 8 spade 7 spade, which is high card.
[GAME STAT] pot 0 with 30 chips is shared by 1 players
[GAME STAT] player Jerry_Xu_7_1 gets 30 chips from pot 0
[GAME STAT] pot 1 with 25 chips is shared by 1 players
[GAME STAT] player Jerry_Xu_7_1 gets 25 chips from pot 1
[GAME STAT] overall statistics
[GAME STAT] player Minty_7_0 wins -10 chips in this game
[GAME STAT] player Jerry_Xu_7_1 wins 45 chips in this game
[GAME STAT] player BigNews!_7_2 wins -10 chips in this game
[GAME STAT] player yi95yi_7_3 wins -10 chips in this game
[GAME STAT] player yyyyyr_7_4 wins -10 chips in this game
[GAME STAT] player taring_7_5 wins 0 chips in this game
[GAME STAT] player The Joker_7_7 wins -5 chips in this game
[GAME 7] game ends, invoking player.game_end()
[GAME 8] game starts
[GAME INFO] number of participants in this game = 7
[GAME INFO] participant: Minty_7_0, chip = 2989
[GAME INFO] participant: Jerry_Xu_7_1, chip = 3037
[GAME INFO] participant: BigNews!_7_2, chip = 2972
[GAME INFO] participant: yi95yi_7_3, chip = 6031
[GAME INFO] participant: yyyyyr_7_4, chip = 2982
[GAME INFO] participant: taring_7_5, chip = 2994
[GAME INFO] participant: The Joker_7_7, chip = 2995
[GAME INFO] blind is 5
[GAME INFO] dealer is The Joker_7_7
[GAME INFO] small blind 5 posted by Minty_7_0
[GAME INFO] big blind 10 posted by Jerry_Xu_7_1
[hole card] 5 club
[hole card] 7 club
[preflop] round starts
[preflop] player Minty_7_0 has 2984 chips
[preflop] player Jerry_Xu_7_1 has 3027 chips
[preflop] player BigNews!_7_2 has 2972 chips
[preflop] player yi95yi_7_3 has 6031 chips
[preflop] player yyyyyr_7_4 has 2982 chips
[preflop] player taring_7_5 has 2994 chips
[preflop] player The Joker_7_7 has 2995 chips
[preflop] player BigNews!_7_2 calls. Total bet is 10
[preflop] player yi95yi_7_3 calls. Total bet is 10
[preflop] player yyyyyr_7_4 folds
[preflop] player taring_7_5 folds
[preflop] action
[WARNING] CANNOT check when another player has raised
[preflop] player The Joker_7_7 folds
[preflop] player Minty_7_0 folds
[preflop] player Jerry_Xu_7_1 calls. Total bet is 10
[flop] K club
[flop] 4 spade
[flop] 6 heart
[flop] round starts
[flop] player Minty_7_0 has 2984 chips
[flop] player Jerry_Xu_7_1 has 3027 chips
[flop] player BigNews!_7_2 has 2962 chips
[flop] player yi95yi_7_3 has 6021 chips
[flop] player yyyyyr_7_4 has 2982 chips
[flop] player taring_7_5 has 2994 chips
[flop] player The Joker_7_7 has 2995 chips
[flop] player Jerry_Xu_7_1 checks
[flop] player BigNews!_7_2 checks
[flop] player yi95yi_7_3 checks
[flop] round ends
[turn] A spade
[turn] round starts
[turn] player Minty_7_0 has 2984 chips
[turn] player Jerry_Xu_7_1 has 3027 chips
[turn] player BigNews!_7_2 has 2962 chips
[turn] player yi95yi_7_3 has 6021 chips
[turn] player yyyyyr_7_4 has 2982 chips
[turn] player taring_7_5 has 2994 chips
[turn] player The Joker_7_7 has 2995 chips
[turn] player Jerry_Xu_7_1 checks
[turn] player BigNews!_7_2 folds
[turn] player yi95yi_7_3 checks
[turn] round ends
[river] 7 heart
[river] round starts
[river] player Minty_7_0 has 2984 chips
[river] player Jerry_Xu_7_1 has 3027 chips
[river] player BigNews!_7_2 has 2962 chips
[river] player yi95yi_7_3 has 6021 chips
[river] player yyyyyr_7_4 has 2982 chips
[river] player taring_7_5 has 2994 chips
[river] player The Joker_7_7 has 2995 chips
[river] player Jerry_Xu_7_1 checks
[river] player yi95yi_7_3 checks
[river] round ends
[SHOWDOWN] showdown starts
[SHOWDOWN] player yi95yi_7_3 shows K spade 9 club K club A spade 7 heart, which is one pair.
[SHOWDOWN] player Jerry_Xu_7_1 shows 7 diamond 3 spade 6 heart A spade 7 heart, which is one pair.
[GAME STAT] pot 0 with 20 chips is shared by 1 players
[GAME STAT] player yi95yi_7_3 gets 20 chips from pot 0
[GAME STAT] pot 1 with 15 chips is shared by 1 players
[GAME STAT] player yi95yi_7_3 gets 15 chips from pot 1
[GAME STAT] overall statistics
[GAME STAT] player Minty_7_0 wins -5 chips in this game
[GAME STAT] player Jerry_Xu_7_1 wins -10 chips in this game
[GAME STAT] player BigNews!_7_2 wins -10 chips in this game
[GAME STAT] player yi95yi_7_3 wins 25 chips in this game
[GAME STAT] player yyyyyr_7_4 wins 0 chips in this game
[GAME STAT] player taring_7_5 wins 0 chips in this game
[GAME STAT] player The Joker_7_7 wins 0 chips in this game
[GAME 8] game ends, invoking player.game_end()
[GAME 9] game starts
[GAME INFO] number of participants in this game = 7
[GAME INFO] participant: Minty_7_0, chip = 2984
[GAME INFO] participant: Jerry_Xu_7_1, chip = 3027
[GAME INFO] participant: BigNews!_7_2, chip = 2962
[GAME INFO] participant: yi95yi_7_3, chip = 6056
[GAME INFO] participant: yyyyyr_7_4, chip = 2982
[GAME INFO] participant: taring_7_5, chip = 2994
[GAME INFO] participant: The Joker_7_7, chip = 2995
[GAME INFO] blind is 5
[GAME INFO] dealer is Minty_7_0
[GAME INFO] small blind 5 posted by Jerry_Xu_7_1
[GAME INFO] big blind 10 posted by BigNews!_7_2
[hole card] 6 heart
[hole card] 8 spade
[preflop] round starts
[preflop] player Minty_7_0 has 2984 chips
[preflop] player Jerry_Xu_7_1 has 3022 chips
[preflop] player BigNews!_7_2 has 2952 chips
[preflop] player yi95yi_7_3 has 6056 chips
[preflop] player yyyyyr_7_4 has 2982 chips
[preflop] player taring_7_5 has 2994 chips
[preflop] player The Joker_7_7 has 2995 chips
[preflop] player yi95yi_7_3 calls. Total bet is 10
[preflop] player yyyyyr_7_4 folds
[preflop] player taring_7_5 folds
[preflop] action
[WARNING] CANNOT check when another player has raised
[preflop] player The Joker_7_7 folds
[preflop] player Minty_7_0 folds
[preflop] player Jerry_Xu_7_1 calls. Total bet is 10
[preflop] player BigNews!_7_2 calls. Total bet is 10
[flop] 4 heart
[flop] J spade
[flop] K club
[flop] round starts
[flop] player Minty_7_0 has 2984 chips
[flop] player Jerry_Xu_7_1 has 3017 chips
[flop] player BigNews!_7_2 has 2952 chips
[flop] player yi95yi_7_3 has 6046 chips
[flop] player yyyyyr_7_4 has 2982 chips
[flop] player taring_7_5 has 2994 chips
[flop] player The Joker_7_7 has 2995 chips
[flop] player Jerry_Xu_7_1 checks
[flop] player BigNews!_7_2 checks
[flop] player yi95yi_7_3 checks
[flop] round ends
[turn] 10 spade
[turn] round starts
[turn] player Minty_7_0 has 2984 chips
[turn] player Jerry_Xu_7_1 has 3017 chips
[turn] player BigNews!_7_2 has 2952 chips
[turn] player yi95yi_7_3 has 6046 chips
[turn] player yyyyyr_7_4 has 2982 chips
[turn] player taring_7_5 has 2994 chips
[turn] player The Joker_7_7 has 2995 chips
[turn] player Jerry_Xu_7_1 checks
[turn] player BigNews!_7_2 folds
[turn] player yi95yi_7_3 checks
[turn] round ends
[river] 2 diamond
[river] round starts
[river] player Minty_7_0 has 2984 chips
[river] player Jerry_Xu_7_1 has 3017 chips
[river] player BigNews!_7_2 has 2952 chips
[river] player yi95yi_7_3 has 6046 chips
[river] player yyyyyr_7_4 has 2982 chips
[river] player taring_7_5 has 2994 chips
[river] player The Joker_7_7 has 2995 chips
[river] player Jerry_Xu_7_1 checks
[river] player yi95yi_7_3 checks
[river] round ends
[SHOWDOWN] showdown starts
[SHOWDOWN] player Jerry_Xu_7_1 shows K spade Q heart K club 10 spade 2 diamond, which is one pair.
[SHOWDOWN] player yi95yi_7_3 shows 7 spade 6 club J spade K club 10 spade, which is high card.
[GAME STAT] pot 0 with 30 chips is shared by 1 players
[GAME STAT] player Jerry_Xu_7_1 gets 30 chips from pot 0
[GAME STAT] overall statistics
[GAME STAT] player Minty_7_0 wins 0 chips in this game
[GAME STAT] player Jerry_Xu_7_1 wins 20 chips in this game
[GAME STAT] player BigNews!_7_2 wins -10 chips in this game
[GAME STAT] player yi95yi_7_3 wins -10 chips in this game
[GAME STAT] player yyyyyr_7_4 wins 0 chips in this game
[GAME STAT] player taring_7_5 wins 0 chips in this game
[GAME STAT] player The Joker_7_7 wins 0 chips in this game
[GAME 9] game ends, invoking player.game_end()
[GAME 10] game starts
[GAME INFO] number of participants in this game = 7
[GAME INFO] participant: Minty_7_0, chip = 2984
[GAME INFO] participant: Jerry_Xu_7_1, chip = 3047
[GAME INFO] participant: BigNews!_7_2, chip = 2952
[GAME INFO] participant: yi95yi_7_3, chip = 6046
[GAME INFO] participant: yyyyyr_7_4, chip = 2982
[GAME INFO] participant: taring_7_5, chip = 2994
[GAME INFO] participant: The Joker_7_7, chip = 2995
[GAME INFO] blind is 10
[GAME INFO] dealer is Jerry_Xu_7_1
[GAME INFO] small blind 10 posted by BigNews!_7_2
[GAME INFO] big blind 20 posted by yi95yi_7_3
[hole card] 7 diamond
[hole card] 5 diamond
[preflop] round starts
[preflop] player Minty_7_0 has 2984 chips
[preflop] player Jerry_Xu_7_1 has 3047 chips
[preflop] player BigNews!_7_2 has 2942 chips
[preflop] player yi95yi_7_3 has 6026 chips
[preflop] player yyyyyr_7_4 has 2982 chips
[preflop] player taring_7_5 has 2994 chips
[preflop] player The Joker_7_7 has 2995 chips
[preflop] player yyyyyr_7_4 folds
[preflop] player taring_7_5 folds
[preflop] action
[WARNING] CANNOT check when another player has raised
[preflop] player The Joker_7_7 folds
[preflop] player Minty_7_0 folds
[preflop] player Jerry_Xu_7_1 calls. Total bet is 20
[preflop] player BigNews!_7_2 calls. Total bet is 20
[preflop] player yi95yi_7_3 calls. Total bet is 20
[flop] J diamond
[flop] 7 heart
[flop] A club
[flop] round starts
[flop] player Minty_7_0 has 2984 chips
[flop] player Jerry_Xu_7_1 has 3027 chips
[flop] player BigNews!_7_2 has 2932 chips
[flop] player yi95yi_7_3 has 6026 chips
[flop] player yyyyyr_7_4 has 2982 chips
[flop] player taring_7_5 has 2994 chips
[flop] player The Joker_7_7 has 2995 chips
[flop] player BigNews!_7_2 folds
[flop] player yi95yi_7_3 checks
[flop] player Jerry_Xu_7_1 checks
[flop] round ends
[turn] Q diamond
[turn] round starts
[turn] player Minty_7_0 has 2984 chips
[turn] player Jerry_Xu_7_1 has 3027 chips
[turn] player BigNews!_7_2 has 2932 chips
[turn] player yi95yi_7_3 has 6026 chips
[turn] player yyyyyr_7_4 has 2982 chips
[turn] player taring_7_5 has 2994 chips
[turn] player The Joker_7_7 has 2995 chips
[turn] player yi95yi_7_3 checks
[turn] player Jerry_Xu_7_1 checks
[turn] round ends
[river] 3 spade
[river] round starts
[river] player Minty_7_0 has 2984 chips
[river] player Jerry_Xu_7_1 has 3027 chips
[river] player BigNews!_7_2 has 2932 chips
[river] player yi95yi_7_3 has 6026 chips
[river] player yyyyyr_7_4 has 2982 chips
[river] player taring_7_5 has 2994 chips
[river] player The Joker_7_7 has 2995 chips
[river] player yi95yi_7_3 checks
[river] player Jerry_Xu_7_1 checks
[river] round ends
[SHOWDOWN] showdown starts
[SHOWDOWN] player Jerry_Xu_7_1 shows 10 diamond A heart A club Q diamond 3 spade, which is one pair.
[SHOWDOWN] player yi95yi_7_3 shows 10 heart J diamond 7 heart A club Q diamond, which is high card.
[GAME STAT] pot 0 with 60 chips is shared by 1 players
[GAME STAT] player Jerry_Xu_7_1 gets 60 chips from pot 0
[GAME STAT] overall statistics
[GAME STAT] player Minty_7_0 wins 0 chips in this game
[GAME STAT] player Jerry_Xu_7_1 wins 40 chips in this game
[GAME STAT] player BigNews!_7_2 wins -20 chips in this game
[GAME STAT] player yi95yi_7_3 wins -20 chips in this game
[GAME STAT] player yyyyyr_7_4 wins 0 chips in this game
[GAME STAT] player taring_7_5 wins 0 chips in this game
[GAME STAT] player The Joker_7_7 wins 0 chips in this game
[GAME 10] game ends, invoking player.game_end()
[GAME 11] game starts
[GAME INFO] number of participants in this game = 7
[GAME INFO] participant: Minty_7_0, chip = 2984
[GAME INFO] participant: Jerry_Xu_7_1, chip = 3087
[GAME INFO] participant: BigNews!_7_2, chip = 2932
[GAME INFO] participant: yi95yi_7_3, chip = 6026
[GAME INFO] participant: yyyyyr_7_4, chip = 2982
[GAME INFO] participant: taring_7_5, chip = 2994
[GAME INFO] participant: The Joker_7_7, chip = 2995
[GAME INFO] blind is 10
[GAME INFO] dealer is BigNews!_7_2
[GAME INFO] small blind 10 posted by yi95yi_7_3
[GAME INFO] big blind 20 posted by yyyyyr_7_4
[hole card] K diamond
[hole card] 7 spade
[preflop] round starts
[preflop] player Minty_7_0 has 2984 chips
[preflop] player Jerry_Xu_7_1 has 3087 chips
[preflop] player BigNews!_7_2 has 2932 chips
[preflop] player yi95yi_7_3 has 6016 chips
[preflop] player yyyyyr_7_4 has 2962 chips
[preflop] player taring_7_5 has 2994 chips
[preflop] player The Joker_7_7 has 2995 chips
[preflop] player taring_7_5 folds
[preflop] action
[WARNING] CANNOT check when another player has raised
[preflop] player The Joker_7_7 folds
[preflop] player Minty_7_0 folds
[preflop] player Jerry_Xu_7_1 folds
[preflop] player BigNews!_7_2 calls. Total bet is 20
[preflop] player yi95yi_7_3 calls. Total bet is 20
[preflop] player yyyyyr_7_4 folds
[flop] 2 diamond
[flop] 5 heart
[flop] 3 diamond
[flop] round starts
[flop] player Minty_7_0 has 2984 chips
[flop] player Jerry_Xu_7_1 has 3087 chips
[flop] player BigNews!_7_2 has 2912 chips
[flop] player yi95yi_7_3 has 6006 chips
[flop] player yyyyyr_7_4 has 2962 chips
[flop] player taring_7_5 has 2994 chips
[flop] player The Joker_7_7 has 2995 chips
[flop] player yi95yi_7_3 checks
[flop] player BigNews!_7_2 folds
[flop] round ends
[GAME STAT] pot 0 with 60 chips is shared by 1 players
[GAME STAT] player yi95yi_7_3 gets 60 chips from pot 0
[GAME STAT] overall statistics
[GAME STAT] player Minty_7_0 wins 0 chips in this game
[GAME STAT] player Jerry_Xu_7_1 wins 0 chips in this game
[GAME STAT] player BigNews!_7_2 wins -20 chips in this game
[GAME STAT] player yi95yi_7_3 wins 40 chips in this game
[GAME STAT] player yyyyyr_7_4 wins -20 chips in this game
[GAME STAT] player taring_7_5 wins 0 chips in this game
[GAME STAT] player The Joker_7_7 wins 0 chips in this game
[GAME 11] game ends, invoking player.game_end()
[GAME 12] game starts
[GAME INFO] number of participants in this game = 7
[GAME INFO] participant: Minty_7_0, chip = 2984
[GAME INFO] participant: Jerry_Xu_7_1, chip = 3087
[GAME INFO] participant: BigNews!_7_2, chip = 2912
[GAME INFO] participant: yi95yi_7_3, chip = 6066
[GAME INFO] participant: yyyyyr_7_4, chip = 2962
[GAME INFO] participant: taring_7_5, chip = 2994
[GAME INFO] participant: The Joker_7_7, chip = 2995
[GAME INFO] blind is 10
[GAME INFO] dealer is yi95yi_7_3
[GAME INFO] small blind 10 posted by yyyyyr_7_4
[GAME INFO] big blind 20 posted by taring_7_5
[hole card] 7 spade
[hole card] 10 heart
[preflop] round starts
[preflop] player Minty_7_0 has 2984 chips
[preflop] player Jerry_Xu_7_1 has 3087 chips
[preflop] player BigNews!_7_2 has 2912 chips
[preflop] player yi95yi_7_3 has 6066 chips
[preflop] player yyyyyr_7_4 has 2952 chips
[preflop] player taring_7_5 has 2974 chips
[preflop] player The Joker_7_7 has 2995 chips
[preflop] action
[WARNING] CANNOT check when another player has raised
[preflop] player The Joker_7_7 folds
[preflop] player Minty_7_0 folds
[preflop] player Jerry_Xu_7_1 folds
[preflop] player BigNews!_7_2 calls. Total bet is 20
[preflop] player yi95yi_7_3 calls. Total bet is 20
[preflop] player yyyyyr_7_4 folds
[preflop] player taring_7_5 folds
[flop] 2 spade
[flop] 5 spade
[flop] 9 diamond
[flop] round starts
[flop] player Minty_7_0 has 2984 chips
[flop] player Jerry_Xu_7_1 has 3087 chips
[flop] player BigNews!_7_2 has 2892 chips
[flop] player yi95yi_7_3 has 6046 chips
[flop] player yyyyyr_7_4 has 2952 chips
[flop] player taring_7_5 has 2974 chips
[flop] player The Joker_7_7 has 2995 chips
[flop] player BigNews!_7_2 checks
[flop] player yi95yi_7_3 checks
[flop] round ends
[turn] 3 heart
[turn] round starts
[turn] player Minty_7_0 has 2984 chips
[turn] player Jerry_Xu_7_1 has 3087 chips
[turn] player BigNews!_7_2 has 2892 chips
[turn] player yi95yi_7_3 has 6046 chips
[turn] player yyyyyr_7_4 has 2952 chips
[turn] player taring_7_5 has 2974 chips
[turn] player The Joker_7_7 has 2995 chips
[turn] player BigNews!_7_2 folds
[turn] round ends
[GAME STAT] pot 0 with 40 chips is shared by 1 players
[GAME STAT] player yi95yi_7_3 gets 40 chips from pot 0
[GAME STAT] pot 1 with 30 chips is shared by 1 players
[GAME STAT] player yi95yi_7_3 gets 30 chips from pot 1
[GAME STAT] overall statistics
[GAME STAT] player Minty_7_0 wins 0 chips in this game
[GAME STAT] player Jerry_Xu_7_1 wins 0 chips in this game
[GAME STAT] player BigNews!_7_2 wins -20 chips in this game
[GAME STAT] player yi95yi_7_3 wins 50 chips in this game
[GAME STAT] player yyyyyr_7_4 wins -10 chips in this game
[GAME STAT] player taring_7_5 wins -20 chips in this game
[GAME STAT] player The Joker_7_7 wins 0 chips in this game
[GAME 12] game ends, invoking player.game_end()
[GAME 13] game starts
[GAME INFO] number of participants in this game = 7
[GAME INFO] participant: Minty_7_0, chip = 2984
[GAME INFO] participant: Jerry_Xu_7_1, chip = 3087
[GAME INFO] participant: BigNews!_7_2, chip = 2892
[GAME INFO] participant: yi95yi_7_3, chip = 6116
[GAME INFO] participant: yyyyyr_7_4, chip = 2952
[GAME INFO] participant: taring_7_5, chip = 2974
[GAME INFO] participant: The Joker_7_7, chip = 2995
[GAME INFO] blind is 20
[GAME INFO] dealer is yyyyyr_7_4
[GAME INFO] small blind 20 posted by taring_7_5
[GAME INFO] big blind 40 posted by The Joker_7_7
[hole card] K spade
[hole card] 10 diamond
[preflop] round starts
[preflop] player Minty_7_0 has 2984 chips
[preflop] player Jerry_Xu_7_1 has 3087 chips
[preflop] player BigNews!_7_2 has 2892 chips
[preflop] player yi95yi_7_3 has 6116 chips
[preflop] player yyyyyr_7_4 has 2952 chips
[preflop] player taring_7_5 has 2954 chips
[preflop] player The Joker_7_7 has 2955 chips
[preflop] player Minty_7_0 folds
[preflop] player Jerry_Xu_7_1 folds
[preflop] player BigNews!_7_2 calls. Total bet is 40
[preflop] player yi95yi_7_3 calls. Total bet is 40
[preflop] player yyyyyr_7_4 folds
[preflop] player taring_7_5 folds
[preflop] action
[preflop] call (0 chips). 
[preflop] player The Joker_7_7 calls. Total bet is 40
[flop] 5 diamond
[flop] 3 club
[flop] 10 spade
[flop] round starts
[flop] player Minty_7_0 has 2984 chips
[flop] player Jerry_Xu_7_1 has 3087 chips
[flop] player BigNews!_7_2 has 2852 chips
[flop] player yi95yi_7_3 has 6076 chips
[flop] player yyyyyr_7_4 has 2952 chips
[flop] player taring_7_5 has 2954 chips
[flop] player The Joker_7_7 has 2955 chips
[flop] action
[flop] check
[flop] player The Joker_7_7 checks
[flop] player BigNews!_7_2 folds
[flop] player yi95yi_7_3 checks
[flop] round ends
[turn] J spade
[turn] round starts
[turn] player Minty_7_0 has 2984 chips
[turn] player Jerry_Xu_7_1 has 3087 chips
[turn] player BigNews!_7_2 has 2852 chips
[turn] player yi95yi_7_3 has 6076 chips
[turn] player yyyyyr_7_4 has 2952 chips
[turn] player taring_7_5 has 2954 chips
[turn] player The Joker_7_7 has 2955 chips
[turn] action
[turn] check
[turn] player The Joker_7_7 checks
[turn] player yi95yi_7_3 checks
[turn] round ends
[river] 10 heart
[river] round starts
[river] player Minty_7_0 has 2984 chips
[river] player Jerry_Xu_7_1 has 3087 chips
[river] player BigNews!_7_2 has 2852 chips
[river] player yi95yi_7_3 has 6076 chips
[river] player yyyyyr_7_4 has 2952 chips
[river] player taring_7_5 has 2954 chips
[river] player The Joker_7_7 has 2955 chips
[river] action
[river] check
[river] player The Joker_7_7 checks
[river] player yi95yi_7_3 checks
[river] round ends
[SHOWDOWN] showdown starts
[SHOWDOWN] showdown
[SHOWDOWN] 10 spade J spade 10 heart K spade 10 diamond
[SHOWDOWN] player The Joker_7_7 shows 10 spade J spade 10 heart K spade 10 diamond, which is three of a kind.
[SHOWDOWN] player yi95yi_7_3 shows 6 heart 9 club 10 spade J spade 10 heart, which is one pair.
[GAME STAT] pot 0 with 80 chips is shared by 1 players
[GAME STAT] player The Joker_7_7 gets 80 chips from pot 0
[GAME STAT] pot 1 with 60 chips is shared by 1 players
[GAME STAT] player The Joker_7_7 gets 60 chips from pot 1
[GAME STAT] overall statistics
[GAME STAT] player Minty_7_0 wins 0 chips in this game
[GAME STAT] player Jerry_Xu_7_1 wins 0 chips in this game
[GAME STAT] player BigNews!_7_2 wins -40 chips in this game
[GAME STAT] player yi95yi_7_3 wins -40 chips in this game
[GAME STAT] player yyyyyr_7_4 wins 0 chips in this game
[GAME STAT] player taring_7_5 wins -20 chips in this game
[GAME STAT] player The Joker_7_7 wins 100 chips in this game
[GAME 13] game ends, invoking player.game_end()
[GAME 14] game starts
[GAME INFO] number of participants in this game = 7
[GAME INFO] participant: Minty_7_0, chip = 2984
[GAME INFO] participant: Jerry_Xu_7_1, chip = 3087
[GAME INFO] participant: BigNews!_7_2, chip = 2852
[GAME INFO] participant: yi95yi_7_3, chip = 6076
[GAME INFO] participant: yyyyyr_7_4, chip = 2952
[GAME INFO] participant: taring_7_5, chip = 2954
[GAME INFO] participant: The Joker_7_7, chip = 3095
[GAME INFO] blind is 20
[GAME INFO] dealer is taring_7_5
[GAME INFO] small blind 20 posted by The Joker_7_7
[GAME INFO] big blind 40 posted by Minty_7_0
[hole card] 6 heart
[hole card] 3 diamond
[preflop] round starts
[preflop] player Minty_7_0 has 2944 chips
[preflop] player Jerry_Xu_7_1 has 3087 chips
[preflop] player BigNews!_7_2 has 2852 chips
[preflop] player yi95yi_7_3 has 6076 chips
[preflop] player yyyyyr_7_4 has 2952 chips
[preflop] player taring_7_5 has 2954 chips
[preflop] player The Joker_7_7 has 3075 chips
[preflop] player Jerry_Xu_7_1 folds
[preflop] player BigNews!_7_2 calls. Total bet is 40
[preflop] player yi95yi_7_3 calls. Total bet is 40
[preflop] player yyyyyr_7_4 folds
[preflop] player taring_7_5 folds
[preflop] action
[WARNING] CANNOT check when another player has raised
[preflop] player The Joker_7_7 folds
[preflop] player Minty_7_0 folds
[flop] 10 club
[flop] 6 spade
[flop] Q spade
[flop] round starts
[flop] player Minty_7_0 has 2944 chips
[flop] player Jerry_Xu_7_1 has 3087 chips
[flop] player BigNews!_7_2 has 2812 chips
[flop] player yi95yi_7_3 has 6036 chips
[flop] player yyyyyr_7_4 has 2952 chips
[flop] player taring_7_5 has 2954 chips
[flop] player The Joker_7_7 has 3075 chips
[flop] player BigNews!_7_2 folds
[flop] round ends
[GAME STAT] pot 0 with 80 chips is shared by 1 players
[GAME STAT] player yi95yi_7_3 gets 80 chips from pot 0
[GAME STAT] pot 1 with 60 chips is shared by 1 players
[GAME STAT] player yi95yi_7_3 gets 60 chips from pot 1
[GAME STAT] overall statistics
[GAME STAT] player Minty_7_0 wins -40 chips in this game
[GAME STAT] player Jerry_Xu_7_1 wins 0 chips in this game
[GAME STAT] player BigNews!_7_2 wins -40 chips in this game
[GAME STAT] player yi95yi_7_3 wins 100 chips in this game
[GAME STAT] player yyyyyr_7_4 wins 0 chips in this game
[GAME STAT] player taring_7_5 wins 0 chips in this game
[GAME STAT] player The Joker_7_7 wins -20 chips in this game
[GAME 14] game ends, invoking player.game_end()
[GAME 15] game starts
[GAME INFO] number of participants in this game = 7
[GAME INFO] participant: Minty_7_0, chip = 2944
[GAME INFO] participant: Jerry_Xu_7_1, chip = 3087
[GAME INFO] participant: BigNews!_7_2, chip = 2812
[GAME INFO] participant: yi95yi_7_3, chip = 6176
[GAME INFO] participant: yyyyyr_7_4, chip = 2952
[GAME INFO] participant: taring_7_5, chip = 2954
[GAME INFO] participant: The Joker_7_7, chip = 3075
[GAME INFO] blind is 20
[GAME INFO] dealer is The Joker_7_7
[GAME INFO] small blind 20 posted by Minty_7_0
[GAME INFO] big blind 40 posted by Jerry_Xu_7_1
[hole card] 7 spade
[hole card] 10 club
[preflop] round starts
[preflop] player Minty_7_0 has 2924 chips
[preflop] player Jerry_Xu_7_1 has 3047 chips
[preflop] player BigNews!_7_2 has 2812 chips
[preflop] player yi95yi_7_3 has 6176 chips
[preflop] player yyyyyr_7_4 has 2952 chips
[preflop] player taring_7_5 has 2954 chips
[preflop] player The Joker_7_7 has 3075 chips
[preflop] player BigNews!_7_2 calls. Total bet is 40
[preflop] player yi95yi_7_3 calls. Total bet is 40
[preflop] player yyyyyr_7_4 folds
[preflop] player taring_7_5 folds
[preflop] action
[WARNING] CANNOT check when another player has raised
[preflop] player The Joker_7_7 folds
[preflop] player Minty_7_0 folds
[preflop] player Jerry_Xu_7_1 calls. Total bet is 40
[flop] 9 spade
[flop] 6 heart
[flop] Q heart
[flop] round starts
[flop] player Minty_7_0 has 2924 chips
[flop] player Jerry_Xu_7_1 has 3047 chips
[flop] player BigNews!_7_2 has 2772 chips
[flop] player yi95yi_7_3 has 6136 chips
[flop] player yyyyyr_7_4 has 2952 chips
[flop] player taring_7_5 has 2954 chips
[flop] player The Joker_7_7 has 3075 chips
[flop] player Jerry_Xu_7_1 checks
[flop] player BigNews!_7_2 folds
[flop] player yi95yi_7_3 checks
[flop] round ends
[turn] K diamond
[turn] round starts
[turn] player Minty_7_0 has 2924 chips
[turn] player Jerry_Xu_7_1 has 3047 chips
[turn] player BigNews!_7_2 has 2772 chips
[turn] player yi95yi_7_3 has 6136 chips
[turn] player yyyyyr_7_4 has 2952 chips
[turn] player taring_7_5 has 2954 chips
[turn] player The Joker_7_7 has 3075 chips
[turn] player Jerry_Xu_7_1 checks
[turn] player yi95yi_7_3 checks
[turn] round ends
[river] 5 club
[river] round starts
[river] player Minty_7_0 has 2924 chips
[river] player Jerry_Xu_7_1 has 3047 chips
[river] player BigNews!_7_2 has 2772 chips
[river] player yi95yi_7_3 has 6136 chips
[river] player yyyyyr_7_4 has 2952 chips
[river] player taring_7_5 has 2954 chips
[river] player The Joker_7_7 has 3075 chips
[river] player Jerry_Xu_7_1 checks
[river] player yi95yi_7_3 checks
[river] round ends
[SHOWDOWN] showdown starts
[SHOWDOWN] player yi95yi_7_3 shows 5 heart 9 spade Q heart K diamond 5 club, which is one pair.
[SHOWDOWN] player Jerry_Xu_7_1 shows A diamond 10 diamond Q heart K diamond 5 club, which is high card.
[GAME STAT] pot 0 with 80 chips is shared by 1 players
[GAME STAT] player yi95yi_7_3 gets 80 chips from pot 0
[GAME STAT] pot 1 with 60 chips is shared by 1 players
[GAME STAT] player yi95yi_7_3 gets 60 chips from pot 1
[GAME STAT] overall statistics
[GAME STAT] player Minty_7_0 wins -20 chips in this game
[GAME STAT] player Jerry_Xu_7_1 wins -40 chips in this game
[GAME STAT] player BigNews!_7_2 wins -40 chips in this game
[GAME STAT] player yi95yi_7_3 wins 100 chips in this game
[GAME STAT] player yyyyyr_7_4 wins 0 chips in this game
[GAME STAT] player taring_7_5 wins 0 chips in this game
[GAME STAT] player The Joker_7_7 wins 0 chips in this game
[GAME 15] game ends, invoking player.game_end()
[GAME 16] game starts
[GAME INFO] number of participants in this game = 7
[GAME INFO] participant: Minty_7_0, chip = 2924
[GAME INFO] participant: Jerry_Xu_7_1, chip = 3047
[GAME INFO] participant: BigNews!_7_2, chip = 2772
[GAME INFO] participant: yi95yi_7_3, chip = 6276
[GAME INFO] participant: yyyyyr_7_4, chip = 2952
[GAME INFO] participant: taring_7_5, chip = 2954
[GAME INFO] participant: The Joker_7_7, chip = 3075
[GAME INFO] blind is 50
[GAME INFO] dealer is Minty_7_0
[GAME INFO] small blind 50 posted by Jerry_Xu_7_1
[GAME INFO] big blind 100 posted by BigNews!_7_2
[hole card] 4 club
[hole card] 5 club
[preflop] round starts
[preflop] player Minty_7_0 has 2924 chips
[preflop] player Jerry_Xu_7_1 has 2997 chips
[preflop] player BigNews!_7_2 has 2672 chips
[preflop] player yi95yi_7_3 has 6276 chips
[preflop] player yyyyyr_7_4 has 2952 chips
[preflop] player taring_7_5 has 2954 chips
[preflop] player The Joker_7_7 has 3075 chips
[preflop] player yi95yi_7_3 calls. Total bet is 100
[preflop] player yyyyyr_7_4 calls. Total bet is 100
[preflop] player taring_7_5 folds
[preflop] action
[WARNING] CANNOT check when another player has raised
[preflop] player The Joker_7_7 folds
[preflop] player Minty_7_0 folds
[preflop] player Jerry_Xu_7_1 calls. Total bet is 100
[preflop] player BigNews!_7_2 calls. Total bet is 100
[flop] 7 diamond
[flop] 9 club
[flop] 5 heart
[flop] round starts
[flop] player Minty_7_0 has 2924 chips
[flop] player Jerry_Xu_7_1 has 2947 chips
[flop] player BigNews!_7_2 has 2672 chips
[flop] player yi95yi_7_3 has 6176 chips
[flop] player yyyyyr_7_4 has 2852 chips
[flop] player taring_7_5 has 2954 chips
[flop] player The Joker_7_7 has 3075 chips
[flop] player Jerry_Xu_7_1 checks
[flop] player BigNews!_7_2 folds
[flop] player yi95yi_7_3 checks
[flop] player yyyyyr_7_4 checks
[flop] round ends
[turn] 5 spade
[turn] round starts
[turn] player Minty_7_0 has 2924 chips
[turn] player Jerry_Xu_7_1 has 2947 chips
[turn] player BigNews!_7_2 has 2672 chips
[turn] player yi95yi_7_3 has 6176 chips
[turn] player yyyyyr_7_4 has 2852 chips
[turn] player taring_7_5 has 2954 chips
[turn] player The Joker_7_7 has 3075 chips
[turn] player Jerry_Xu_7_1 checks
[turn] player yi95yi_7_3 checks
[turn] player yyyyyr_7_4 checks
[turn] round ends
[river] 9 spade
[river] round starts
[river] player Minty_7_0 has 2924 chips
[river] player Jerry_Xu_7_1 has 2947 chips
[river] player BigNews!_7_2 has 2672 chips
[river] player yi95yi_7_3 has 6176 chips
[river] player yyyyyr_7_4 has 2852 chips
[river] player taring_7_5 has 2954 chips
[river] player The Joker_7_7 has 3075 chips
[river] player Jerry_Xu_7_1 checks
[river] player yi95yi_7_3 checks
[river] player yyyyyr_7_4 checks
[river] round ends
[SHOWDOWN] showdown starts
[SHOWDOWN] player Jerry_Xu_7_1 shows K diamond 9 club 5 heart 5 spade 9 spade, which is two pair.
[SHOWDOWN] player yyyyyr_7_4 shows J diamond 9 club 5 heart 5 spade 9 spade, which is two pair.
[SHOWDOWN] player yi95yi_7_3 shows 8 diamond 9 club 5 heart 5 spade 9 spade, which is two pair.
[GAME STAT] pot 0 with 400 chips is shared by 1 players
[GAME STAT] player Jerry_Xu_7_1 gets 400 chips from pot 0
[GAME STAT] overall statistics
[GAME STAT] player Minty_7_0 wins 0 chips in this game
[GAME STAT] player Jerry_Xu_7_1 wins 300 chips in this game
[GAME STAT] player BigNews!_7_2 wins -100 chips in this game
[GAME STAT] player yi95yi_7_3 wins -100 chips in this game
[GAME STAT] player yyyyyr_7_4 wins -100 chips in this game
[GAME STAT] player taring_7_5 wins 0 chips in this game
[GAME STAT] player The Joker_7_7 wins 0 chips in this game
[GAME 16] game ends, invoking player.game_end()
[GAME 17] game starts
[GAME INFO] number of participants in this game = 7
[GAME INFO] participant: Minty_7_0, chip = 2924
[GAME INFO] participant: Jerry_Xu_7_1, chip = 3347
[GAME INFO] participant: BigNews!_7_2, chip = 2672
[GAME INFO] participant: yi95yi_7_3, chip = 6176
[GAME INFO] participant: yyyyyr_7_4, chip = 2852
[GAME INFO] participant: taring_7_5, chip = 2954
[GAME INFO] participant: The Joker_7_7, chip = 3075
[GAME INFO] blind is 50
[GAME INFO] dealer is Jerry_Xu_7_1
[GAME INFO] small blind 50 posted by BigNews!_7_2
[GAME INFO] big blind 100 posted by yi95yi_7_3
[hole card] 7 club
[hole card] Q heart
[preflop] round starts
[preflop] player Minty_7_0 has 2924 chips
[preflop] player Jerry_Xu_7_1 has 3347 chips
[preflop] player BigNews!_7_2 has 2622 chips
[preflop] player yi95yi_7_3 has 6076 chips
[preflop] player yyyyyr_7_4 has 2852 chips
[preflop] player taring_7_5 has 2954 chips
[preflop] player The Joker_7_7 has 3075 chips
[preflop] player yyyyyr_7_4 folds
[preflop] player taring_7_5 folds
[preflop] action
[WARNING] CANNOT check when another player has raised
[preflop] player The Joker_7_7 folds
[preflop] player Minty_7_0 folds
[preflop] player Jerry_Xu_7_1 folds
[preflop] player BigNews!_7_2 calls. Total bet is 100
[preflop] player yi95yi_7_3 calls. Total bet is 100
[flop] A heart
[flop] 2 diamond
[flop] 7 diamond
[flop] round starts
[flop] player Minty_7_0 has 2924 chips
[flop] player Jerry_Xu_7_1 has 3347 chips
[flop] player BigNews!_7_2 has 2572 chips
[flop] player yi95yi_7_3 has 6076 chips
[flop] player yyyyyr_7_4 has 2852 chips
[flop] player taring_7_5 has 2954 chips
[flop] player The Joker_7_7 has 3075 chips
[flop] player BigNews!_7_2 folds
[flop] round ends
[GAME STAT] pot 0 with 200 chips is shared by 1 players
[GAME STAT] player yi95yi_7_3 gets 200 chips from pot 0
[GAME STAT] overall statistics
[GAME STAT] player Minty_7_0 wins 0 chips in this game
[GAME STAT] player Jerry_Xu_7_1 wins 0 chips in this game
[GAME STAT] player BigNews!_7_2 wins -100 chips in this game
[GAME STAT] player yi95yi_7_3 wins 100 chips in this game
[GAME STAT] player yyyyyr_7_4 wins 0 chips in this game
[GAME STAT] player taring_7_5 wins 0 chips in this game
[GAME STAT] player The Joker_7_7 wins 0 chips in this game
[GAME 17] game ends, invoking player.game_end()
[GAME 18] game starts
[GAME INFO] number of participants in this game = 7
[GAME INFO] participant: Minty_7_0, chip = 2924
[GAME INFO] participant: Jerry_Xu_7_1, chip = 3347
[GAME INFO] participant: BigNews!_7_2, chip = 2572
[GAME INFO] participant: yi95yi_7_3, chip = 6276
[GAME INFO] participant: yyyyyr_7_4, chip = 2852
[GAME INFO] participant: taring_7_5, chip = 2954
[GAME INFO] participant: The Joker_7_7, chip = 3075
[GAME INFO] blind is 50
[GAME INFO] dealer is BigNews!_7_2
[GAME INFO] small blind 50 posted by yi95yi_7_3
[GAME INFO] big blind 100 posted by yyyyyr_7_4
[hole card] Q diamond
[hole card] K spade
[preflop] round starts
[preflop] player Minty_7_0 has 2924 chips
[preflop] player Jerry_Xu_7_1 has 3347 chips
[preflop] player BigNews!_7_2 has 2572 chips
[preflop] player yi95yi_7_3 has 6226 chips
[preflop] player yyyyyr_7_4 has 2752 chips
[preflop] player taring_7_5 has 2954 chips
[preflop] player The Joker_7_7 has 3075 chips
[preflop] player taring_7_5 folds
[preflop] action
[preflop] call (100 chips). 
[preflop] player The Joker_7_7 calls. Total bet is 100
[preflop] player Minty_7_0 folds
[preflop] player Jerry_Xu_7_1 folds
[preflop] player BigNews!_7_2 calls. Total bet is 100
[preflop] player yi95yi_7_3 calls. Total bet is 100
[preflop] player yyyyyr_7_4 calls. Total bet is 100
[flop] 3 heart
[flop] 6 club
[flop] K diamond
[flop] round starts
[flop] player Minty_7_0 has 2924 chips
[flop] player Jerry_Xu_7_1 has 3347 chips
[flop] player BigNews!_7_2 has 2472 chips
[flop] player yi95yi_7_3 has 6176 chips
[flop] player yyyyyr_7_4 has 2752 chips
[flop] player taring_7_5 has 2954 chips
[flop] player The Joker_7_7 has 2975 chips
[flop] player yi95yi_7_3 checks
[flop] player yyyyyr_7_4 checks
[flop] action
[flop] check
[flop] player The Joker_7_7 checks
[flop] player BigNews!_7_2 checks
[flop] round ends
[turn] 9 club
[turn] round starts
[turn] player Minty_7_0 has 2924 chips
[turn] player Jerry_Xu_7_1 has 3347 chips
[turn] player BigNews!_7_2 has 2472 chips
[turn] player yi95yi_7_3 has 6176 chips
[turn] player yyyyyr_7_4 has 2752 chips
[turn] player taring_7_5 has 2954 chips
[turn] player The Joker_7_7 has 2975 chips
[turn] player yi95yi_7_3 checks
[turn] player yyyyyr_7_4 checks
[turn] action
[turn] check
[turn] player The Joker_7_7 checks
[turn] player BigNews!_7_2 folds
[turn] round ends
[river] 9 heart
[river] round starts
[river] player Minty_7_0 has 2924 chips
[river] player Jerry_Xu_7_1 has 3347 chips
[river] player BigNews!_7_2 has 2472 chips
[river] player yi95yi_7_3 has 6176 chips
[river] player yyyyyr_7_4 has 2752 chips
[river] player taring_7_5 has 2954 chips
[river] player The Joker_7_7 has 2975 chips
[river] player yi95yi_7_3 checks
[river] player yyyyyr_7_4 checks
[river] action
[river] check
[river] player The Joker_7_7 checks
[river] round ends
[SHOWDOWN] showdown starts
[SHOWDOWN] showdown
[SHOWDOWN] K diamond 9 club 9 heart Q diamond K spade
[SHOWDOWN] player The Joker_7_7 shows K diamond 9 club 9 heart Q diamond K spade, which is two pair.
[SHOWDOWN] player yyyyyr_7_4 shows K heart 7 club K diamond 9 club 9 heart, which is two pair.
[SHOWDOWN] player yi95yi_7_3 shows 6 spade 6 club K diamond 9 club 9 heart, which is two pair.
[GAME STAT] pot 0 with 400 chips is shared by 1 players
[GAME STAT] player The Joker_7_7 gets 400 chips from pot 0
[GAME STAT] overall statistics
[GAME STAT] player Minty_7_0 wins 0 chips in this game
[GAME STAT] player Jerry_Xu_7_1 wins 0 chips in this game
[GAME STAT] player BigNews!_7_2 wins -100 chips in this game
[GAME STAT] player yi95yi_7_3 wins -100 chips in this game
[GAME STAT] player yyyyyr_7_4 wins -100 chips in this game
[GAME STAT] player taring_7_5 wins 0 chips in this game
[GAME STAT] player The Joker_7_7 wins 300 chips in this game
[GAME 18] game ends, invoking player.game_end()
[GAME 19] game starts
[GAME INFO] number of participants in this game = 7
[GAME INFO] participant: Minty_7_0, chip = 2924
[GAME INFO] participant: Jerry_Xu_7_1, chip = 3347
[GAME INFO] participant: BigNews!_7_2, chip = 2472
[GAME INFO] participant: yi95yi_7_3, chip = 6176
[GAME INFO] participant: yyyyyr_7_4, chip = 2752
[GAME INFO] participant: taring_7_5, chip = 2954
[GAME INFO] participant: The Joker_7_7, chip = 3375
[GAME INFO] blind is 100
[GAME INFO] dealer is yi95yi_7_3
[GAME INFO] small blind 100 posted by yyyyyr_7_4
[GAME INFO] big blind 200 posted by taring_7_5
[hole card] 2 diamond
[hole card] J diamond
[preflop] round starts
[preflop] player Minty_7_0 has 2924 chips
[preflop] player Jerry_Xu_7_1 has 3347 chips
[preflop] player BigNews!_7_2 has 2472 chips
[preflop] player yi95yi_7_3 has 6176 chips
[preflop] player yyyyyr_7_4 has 2652 chips
[preflop] player taring_7_5 has 2754 chips
[preflop] player The Joker_7_7 has 3375 chips
[preflop] action
[WARNING] CANNOT check when another player has raised
[preflop] player The Joker_7_7 folds
[preflop] player Minty_7_0 folds
[preflop] player Jerry_Xu_7_1 folds
[preflop] player BigNews!_7_2 calls. Total bet is 200
[preflop] player yi95yi_7_3 calls. Total bet is 200
[preflop] player yyyyyr_7_4 folds
[preflop] player taring_7_5 folds
[flop] 5 club
[flop] Q heart
[flop] 6 diamond
[flop] round starts
[flop] player Minty_7_0 has 2924 chips
[flop] player Jerry_Xu_7_1 has 3347 chips
[flop] player BigNews!_7_2 has 2272 chips
[flop] player yi95yi_7_3 has 5976 chips
[flop] player yyyyyr_7_4 has 2652 chips
[flop] player taring_7_5 has 2754 chips
[flop] player The Joker_7_7 has 3375 chips
[flop] player BigNews!_7_2 checks
[flop] player yi95yi_7_3 checks
[flop] round ends
[turn] 3 club
[turn] round starts
[turn] player Minty_7_0 has 2924 chips
[turn] player Jerry_Xu_7_1 has 3347 chips
[turn] player BigNews!_7_2 has 2272 chips
[turn] player yi95yi_7_3 has 5976 chips
[turn] player yyyyyr_7_4 has 2652 chips
[turn] player taring_7_5 has 2754 chips
[turn] player The Joker_7_7 has 3375 chips
[turn] player BigNews!_7_2 folds
[turn] round ends
[GAME STAT] pot 0 with 400 chips is shared by 1 players
[GAME STAT] player yi95yi_7_3 gets 400 chips from pot 0
[GAME STAT] pot 1 with 300 chips is shared by 1 players
[GAME STAT] player yi95yi_7_3 gets 300 chips from pot 1
[GAME STAT] overall statistics
[GAME STAT] player Minty_7_0 wins 0 chips in this game
[GAME STAT] player Jerry_Xu_7_1 wins 0 chips in this game
[GAME STAT] player BigNews!_7_2 wins -200 chips in this game
[GAME STAT] player yi95yi_7_3 wins 500 chips in this game
[GAME STAT] player yyyyyr_7_4 wins -100 chips in this game
[GAME STAT] player taring_7_5 wins -200 chips in this game
[GAME STAT] player The Joker_7_7 wins 0 chips in this game
[GAME 19] game ends, invoking player.game_end()
[GAME 20] game starts
[GAME INFO] number of participants in this game = 7
[GAME INFO] participant: Minty_7_0, chip = 2924
[GAME INFO] participant: Jerry_Xu_7_1, chip = 3347
[GAME INFO] participant: BigNews!_7_2, chip = 2272
[GAME INFO] participant: yi95yi_7_3, chip = 6676
[GAME INFO] participant: yyyyyr_7_4, chip = 2652
[GAME INFO] participant: taring_7_5, chip = 2754
[GAME INFO] participant: The Joker_7_7, chip = 3375
[GAME INFO] blind is 100
[GAME INFO] dealer is yyyyyr_7_4
[GAME INFO] small blind 100 posted by taring_7_5
[GAME INFO] big blind 200 posted by The Joker_7_7
[hole card] 3 spade
[hole card] 10 spade
[preflop] round starts
[preflop] player Minty_7_0 has 2924 chips
[preflop] player Jerry_Xu_7_1 has 3347 chips
[preflop] player BigNews!_7_2 has 2272 chips
[preflop] player yi95yi_7_3 has 6676 chips
[preflop] player yyyyyr_7_4 has 2652 chips
[preflop] player taring_7_5 has 2654 chips
[preflop] player The Joker_7_7 has 3175 chips
[preflop] player Minty_7_0 folds
[preflop] player Jerry_Xu_7_1 folds
[preflop] player BigNews!_7_2 calls. Total bet is 200
[preflop] player yi95yi_7_3 calls. Total bet is 200
[preflop] player yyyyyr_7_4 folds
[preflop] player taring_7_5 folds
[preflop] action
[preflop] call (0 chips). 
[preflop] player The Joker_7_7 calls. Total bet is 200
[flop] 5 heart
[flop] K diamond
[flop] K spade
[flop] round starts
[flop] player Minty_7_0 has 2924 chips
[flop] player Jerry_Xu_7_1 has 3347 chips
[flop] player BigNews!_7_2 has 2072 chips
[flop] player yi95yi_7_3 has 6476 chips
[flop] player yyyyyr_7_4 has 2652 chips
[flop] player taring_7_5 has 2654 chips
[flop] player The Joker_7_7 has 3175 chips
[flop] action
[flop] check
[flop] player The Joker_7_7 checks
[flop] player BigNews!_7_2 folds
[flop] player yi95yi_7_3 checks
[flop] round ends
[turn] 3 heart
[turn] round starts
[turn] player Minty_7_0 has 2924 chips
[turn] player Jerry_Xu_7_1 has 3347 chips
[turn] player BigNews!_7_2 has 2072 chips
[turn] player yi95yi_7_3 has 6476 chips
[turn] player yyyyyr_7_4 has 2652 chips
[turn] player taring_7_5 has 2654 chips
[turn] player The Joker_7_7 has 3175 chips
[turn] action
[turn] check
[turn] player The Joker_7_7 checks
[turn] player yi95yi_7_3 checks
[turn] round ends
[river] 2 club
[river] round starts
[river] player Minty_7_0 has 2924 chips
[river] player Jerry_Xu_7_1 has 3347 chips
[river] player BigNews!_7_2 has 2072 chips
[river] player yi95yi_7_3 has 6476 chips
[river] player yyyyyr_7_4 has 2652 chips
[river] player taring_7_5 has 2654 chips
[river] player The Joker_7_7 has 3175 chips
[river] action
[river] check
[river] player The Joker_7_7 checks
[river] player yi95yi_7_3 checks
[river] round ends
[SHOWDOWN] showdown starts
[SHOWDOWN] showdown
[SHOWDOWN] K diamond K spade 3 heart 3 spade 10 spade
[SHOWDOWN] player The Joker_7_7 shows K diamond K spade 3 heart 3 spade 10 spade, which is two pair.
[SHOWDOWN] player yi95yi_7_3 shows J heart 10 diamond 5 heart K diamond K spade, which is one pair.
[GAME STAT] pot 0 with 400 chips is shared by 1 players
[GAME STAT] player The Joker_7_7 gets 400 chips from pot 0
[GAME STAT] pot 1 with 300 chips is shared by 1 players
[GAME STAT] player The Joker_7_7 gets 300 chips from pot 1
[GAME STAT] overall statistics
[GAME STAT] player Minty_7_0 wins 0 chips in this game
[GAME STAT] player Jerry_Xu_7_1 wins 0 chips in this game
[GAME STAT] player BigNews!_7_2 wins -200 chips in this game
[GAME STAT] player yi95yi_7_3 wins -200 chips in this game
[GAME STAT] player yyyyyr_7_4 wins 0 chips in this game
[GAME STAT] player taring_7_5 wins -100 chips in this game
[GAME STAT] player The Joker_7_7 wins 500 chips in this game
[GAME 20] game ends, invoking player.game_end()
[GAME 21] game starts
[GAME INFO] number of participants in this game = 7
[GAME INFO] participant: Minty_7_0, chip = 2924
[GAME INFO] participant: Jerry_Xu_7_1, chip = 3347
[GAME INFO] participant: BigNews!_7_2, chip = 2072
[GAME INFO] participant: yi95yi_7_3, chip = 6476
[GAME INFO] participant: yyyyyr_7_4, chip = 2652
[GAME INFO] participant: taring_7_5, chip = 2654
[GAME INFO] participant: The Joker_7_7, chip = 3875
[GAME INFO] blind is 100
[GAME INFO] dealer is taring_7_5
[GAME INFO] small blind 100 posted by The Joker_7_7
[GAME INFO] big blind 200 posted by Minty_7_0
[hole card] 2 spade
[hole card] 4 spade
[preflop] round starts
[preflop] player Minty_7_0 has 2724 chips
[preflop] player Jerry_Xu_7_1 has 3347 chips
[preflop] player BigNews!_7_2 has 2072 chips
[preflop] player yi95yi_7_3 has 6476 chips
[preflop] player yyyyyr_7_4 has 2652 chips
[preflop] player taring_7_5 has 2654 chips
[preflop] player The Joker_7_7 has 3775 chips
[preflop] player Jerry_Xu_7_1 calls. Total bet is 200
[preflop] player BigNews!_7_2 folds
[preflop] player yi95yi_7_3 calls. Total bet is 200
[preflop] player yyyyyr_7_4 folds
[preflop] player taring_7_5 folds
[preflop] action
[WARNING] CANNOT check when another player has raised
[preflop] player The Joker_7_7 folds
[preflop] player Minty_7_0 folds
[flop] 10 diamond
[flop] J spade
[flop] 8 spade
[flop] round starts
[flop] player Minty_7_0 has 2724 chips
[flop] player Jerry_Xu_7_1 has 3147 chips
[flop] player BigNews!_7_2 has 2072 chips
[flop] player yi95yi_7_3 has 6276 chips
[flop] player yyyyyr_7_4 has 2652 chips
[flop] player taring_7_5 has 2654 chips
[flop] player The Joker_7_7 has 3775 chips
[flop] player Jerry_Xu_7_1 checks
[flop] player yi95yi_7_3 checks
[flop] round ends
[turn] J heart
[turn] round starts
[turn] player Minty_7_0 has 2724 chips
[turn] player Jerry_Xu_7_1 has 3147 chips
[turn] player BigNews!_7_2 has 2072 chips
[turn] player yi95yi_7_3 has 6276 chips
[turn] player yyyyyr_7_4 has 2652 chips
[turn] player taring_7_5 has 2654 chips
[turn] player The Joker_7_7 has 3775 chips
[turn] player Jerry_Xu_7_1 checks
[turn] player yi95yi_7_3 checks
[turn] round ends
[river] 7 spade
[river] round starts
[river] player Minty_7_0 has 2724 chips
[river] player Jerry_Xu_7_1 has 3147 chips
[river] player BigNews!_7_2 has 2072 chips
[river] player yi95yi_7_3 has 6276 chips
[river] player yyyyyr_7_4 has 2652 chips
[river] player taring_7_5 has 2654 chips
[river] player The Joker_7_7 has 3775 chips
[river] player Jerry_Xu_7_1 raises 1573. Total bet is 1573
[river] player yi95yi_7_3 folds
[GAME STAT] pot 0 with 400 chips is shared by 1 players
[GAME STAT] player Jerry_Xu_7_1 gets 400 chips from pot 0
[GAME STAT] pot 1 with 300 chips is shared by 1 players
[GAME STAT] player Jerry_Xu_7_1 gets 300 chips from pot 1
[GAME STAT] pot 2 with 1573 chips is shared by 1 players
[GAME STAT] player Jerry_Xu_7_1 gets 1573 chips from pot 2
[GAME STAT] overall statistics
[GAME STAT] player Minty_7_0 wins -200 chips in this game
[GAME STAT] player Jerry_Xu_7_1 wins 500 chips in this game
[GAME STAT] player BigNews!_7_2 wins 0 chips in this game
[GAME STAT] player yi95yi_7_3 wins -200 chips in this game
[GAME STAT] player yyyyyr_7_4 wins 0 chips in this game
[GAME STAT] player taring_7_5 wins 0 chips in this game
[GAME STAT] player The Joker_7_7 wins -100 chips in this game
[GAME 21] game ends, invoking player.game_end()
[GAME 22] game starts
[GAME INFO] number of participants in this game = 7
[GAME INFO] participant: Minty_7_0, chip = 2724
[GAME INFO] participant: Jerry_Xu_7_1, chip = 3847
[GAME INFO] participant: BigNews!_7_2, chip = 2072
[GAME INFO] participant: yi95yi_7_3, chip = 6276
[GAME INFO] participant: yyyyyr_7_4, chip = 2652
[GAME INFO] participant: taring_7_5, chip = 2654
[GAME INFO] participant: The Joker_7_7, chip = 3775
[GAME INFO] blind is 200
[GAME INFO] dealer is The Joker_7_7
[GAME INFO] small blind 200 posted by Minty_7_0
[GAME INFO] big blind 400 posted by Jerry_Xu_7_1
[hole card] 5 spade
[hole card] 9 heart
[preflop] round starts
[preflop] player Minty_7_0 has 2524 chips
[preflop] player Jerry_Xu_7_1 has 3447 chips
[preflop] player BigNews!_7_2 has 2072 chips
[preflop] player yi95yi_7_3 has 6276 chips
[preflop] player yyyyyr_7_4 has 2652 chips
[preflop] player taring_7_5 has 2654 chips
[preflop] player The Joker_7_7 has 3775 chips
[preflop] player BigNews!_7_2 calls. Total bet is 400
[preflop] player yi95yi_7_3 folds
[preflop] player yyyyyr_7_4 folds
[preflop] player taring_7_5 folds
[preflop] action
[WARNING] CANNOT check when another player has raised
[preflop] player The Joker_7_7 folds
[preflop] player Minty_7_0 folds
[preflop] player Jerry_Xu_7_1 calls. Total bet is 400
[flop] 9 diamond
[flop] 2 spade
[flop] 2 club
[flop] round starts
[flop] player Minty_7_0 has 2524 chips
[flop] player Jerry_Xu_7_1 has 3447 chips
[flop] player BigNews!_7_2 has 1672 chips
[flop] player yi95yi_7_3 has 6276 chips
[flop] player yyyyyr_7_4 has 2652 chips
[flop] player taring_7_5 has 2654 chips
[flop] player The Joker_7_7 has 3775 chips
[flop] player Jerry_Xu_7_1 checks
[flop] player BigNews!_7_2 folds
[flop] round ends
[GAME STAT] pot 0 with 600 chips is shared by 1 players
[GAME STAT] player Jerry_Xu_7_1 gets 600 chips from pot 0
[GAME STAT] pot 1 with 400 chips is shared by 1 players
[GAME STAT] player Jerry_Xu_7_1 gets 400 chips from pot 1
[GAME STAT] overall statistics
[GAME STAT] player Minty_7_0 wins -200 chips in this game
[GAME STAT] player Jerry_Xu_7_1 wins 600 chips in this game
[GAME STAT] player BigNews!_7_2 wins -400 chips in this game
[GAME STAT] player yi95yi_7_3 wins 0 chips in this game
[GAME STAT] player yyyyyr_7_4 wins 0 chips in this game
[GAME STAT] player taring_7_5 wins 0 chips in this game
[GAME STAT] player The Joker_7_7 wins 0 chips in this game
[GAME 22] game ends, invoking player.game_end()
[GAME 23] game starts
[GAME INFO] number of participants in this game = 7
[GAME INFO] participant: Minty_7_0, chip = 2524
[GAME INFO] participant: Jerry_Xu_7_1, chip = 4447
[GAME INFO] participant: BigNews!_7_2, chip = 1672
[GAME INFO] participant: yi95yi_7_3, chip = 6276
[GAME INFO] participant: yyyyyr_7_4, chip = 2652
[GAME INFO] participant: taring_7_5, chip = 2654
[GAME INFO] participant: The Joker_7_7, chip = 3775
[GAME INFO] blind is 200
[GAME INFO] dealer is Minty_7_0
[GAME INFO] small blind 200 posted by Jerry_Xu_7_1
[GAME INFO] big blind 400 posted by BigNews!_7_2
[hole card] 9 spade
[hole card] 5 diamond
[preflop] round starts
[preflop] player Minty_7_0 has 2524 chips
[preflop] player Jerry_Xu_7_1 has 4247 chips
[preflop] player BigNews!_7_2 has 1272 chips
[preflop] player yi95yi_7_3 has 6276 chips
[preflop] player yyyyyr_7_4 has 2652 chips
[preflop] player taring_7_5 has 2654 chips
[preflop] player The Joker_7_7 has 3775 chips
[preflop] player yi95yi_7_3 folds
[preflop] player yyyyyr_7_4 calls. Total bet is 400
[preflop] player taring_7_5 folds
[preflop] action
[WARNING] CANNOT check when another player has raised
[preflop] player The Joker_7_7 folds
[preflop] player Minty_7_0 folds
[preflop] player Jerry_Xu_7_1 calls. Total bet is 400
[preflop] player BigNews!_7_2 calls. Total bet is 400
[flop] A diamond
[flop] 3 diamond
[flop] J club
[flop] round starts
[flop] player Minty_7_0 has 2524 chips
[flop] player Jerry_Xu_7_1 has 4047 chips
[flop] player BigNews!_7_2 has 1272 chips
[flop] player yi95yi_7_3 has 6276 chips
[flop] player yyyyyr_7_4 has 2252 chips
[flop] player taring_7_5 has 2654 chips
[flop] player The Joker_7_7 has 3775 chips
[flop] player Jerry_Xu_7_1 checks
[flop] player BigNews!_7_2 folds
[flop] player yyyyyr_7_4 checks
[flop] round ends
[turn] 2 club
[turn] round starts
[turn] player Minty_7_0 has 2524 chips
[turn] player Jerry_Xu_7_1 has 4047 chips
[turn] player BigNews!_7_2 has 1272 chips
[turn] player yi95yi_7_3 has 6276 chips
[turn] player yyyyyr_7_4 has 2252 chips
[turn] player taring_7_5 has 2654 chips
[turn] player The Joker_7_7 has 3775 chips
[turn] player Jerry_Xu_7_1 checks
[turn] player yyyyyr_7_4 checks
[turn] round ends
[river] 8 heart
[river] round starts
[river] player Minty_7_0 has 2524 chips
[river] player Jerry_Xu_7_1 has 4047 chips
[river] player BigNews!_7_2 has 1272 chips
[river] player yi95yi_7_3 has 6276 chips
[river] player yyyyyr_7_4 has 2252 chips
[river] player taring_7_5 has 2654 chips
[river] player The Joker_7_7 has 3775 chips
[river] player Jerry_Xu_7_1 checks
[river] player yyyyyr_7_4 checks
[river] round ends
[SHOWDOWN] showdown starts
[SHOWDOWN] player Jerry_Xu_7_1 shows A diamond 4 heart A spade 2 club 8 heart, which is one pair.
[SHOWDOWN] player yyyyyr_7_4 shows K club 10 heart A diamond J club 8 heart, which is high card.
[GAME STAT] pot 0 with 1200 chips is shared by 1 players
[GAME STAT] player Jerry_Xu_7_1 gets 1200 chips from pot 0
[GAME STAT] overall statistics
[GAME STAT] player Minty_7_0 wins 0 chips in this game
[GAME STAT] player Jerry_Xu_7_1 wins 800 chips in this game
[GAME STAT] player BigNews!_7_2 wins -400 chips in this game
[GAME STAT] player yi95yi_7_3 wins 0 chips in this game
[GAME STAT] player yyyyyr_7_4 wins -400 chips in this game
[GAME STAT] player taring_7_5 wins 0 chips in this game
[GAME STAT] player The Joker_7_7 wins 0 chips in this game
[GAME 23] game ends, invoking player.game_end()
[GAME 24] game starts
[GAME INFO] number of participants in this game = 7
[GAME INFO] participant: Minty_7_0, chip = 2524
[GAME INFO] participant: Jerry_Xu_7_1, chip = 5247
[GAME INFO] participant: BigNews!_7_2, chip = 1272
[GAME INFO] participant: yi95yi_7_3, chip = 6276
[GAME INFO] participant: yyyyyr_7_4, chip = 2252
[GAME INFO] participant: taring_7_5, chip = 2654
[GAME INFO] participant: The Joker_7_7, chip = 3775
[GAME INFO] blind is 200
[GAME INFO] dealer is Jerry_Xu_7_1
[GAME INFO] small blind 200 posted by BigNews!_7_2
[GAME INFO] big blind 400 posted by yi95yi_7_3
[hole card] K diamond
[hole card] K heart
[preflop] round starts
[preflop] player Minty_7_0 has 2524 chips
[preflop] player Jerry_Xu_7_1 has 5247 chips
[preflop] player BigNews!_7_2 has 1072 chips
[preflop] player yi95yi_7_3 has 5876 chips
[preflop] player yyyyyr_7_4 has 2252 chips
[preflop] player taring_7_5 has 2654 chips
[preflop] player The Joker_7_7 has 3775 chips
[preflop] player yyyyyr_7_4 folds
[preflop] player taring_7_5 folds
[preflop] action
[preflop] call (400 chips). 
[preflop] player The Joker_7_7 calls. Total bet is 400
[preflop] player Minty_7_0 folds
[preflop] player Jerry_Xu_7_1 folds
[preflop] player BigNews!_7_2 folds
[preflop] player yi95yi_7_3 folds
[GAME STAT] pot 0 with 600 chips is shared by 1 players
[GAME STAT] player The Joker_7_7 gets 600 chips from pot 0
[GAME STAT] pot 1 with 400 chips is shared by 1 players
[GAME STAT] player The Joker_7_7 gets 400 chips from pot 1
[GAME STAT] overall statistics
[GAME STAT] player Minty_7_0 wins 0 chips in this game
[GAME STAT] player Jerry_Xu_7_1 wins 0 chips in this game
[GAME STAT] player BigNews!_7_2 wins -200 chips in this game
[GAME STAT] player yi95yi_7_3 wins -400 chips in this game
[GAME STAT] player yyyyyr_7_4 wins 0 chips in this game
[GAME STAT] player taring_7_5 wins 0 chips in this game
[GAME STAT] player The Joker_7_7 wins 600 chips in this game
[GAME 24] game ends, invoking player.game_end()
[GAME 25] game starts
[GAME INFO] number of participants in this game = 7
[GAME INFO] participant: Minty_7_0, chip = 2524
[GAME INFO] participant: Jerry_Xu_7_1, chip = 5247
[GAME INFO] participant: BigNews!_7_2, chip = 1072
[GAME INFO] participant: yi95yi_7_3, chip = 5876
[GAME INFO] participant: yyyyyr_7_4, chip = 2252
[GAME INFO] participant: taring_7_5, chip = 2654
[GAME INFO] participant: The Joker_7_7, chip = 4375
[GAME INFO] blind is 500
[GAME INFO] dealer is BigNews!_7_2
[GAME INFO] small blind 500 posted by yi95yi_7_3
[GAME INFO] big blind 1000 posted by yyyyyr_7_4
[hole card] 7 heart
[hole card] 9 club
[preflop] round starts
[preflop] player Minty_7_0 has 2524 chips
[preflop] player Jerry_Xu_7_1 has 5247 chips
[preflop] player BigNews!_7_2 has 1072 chips
[preflop] player yi95yi_7_3 has 5376 chips
[preflop] player yyyyyr_7_4 has 1252 chips
[preflop] player taring_7_5 has 2654 chips
[preflop] player The Joker_7_7 has 4375 chips
[preflop] player taring_7_5 folds
[preflop] action
[WARNING] CANNOT check when another player has raised
[preflop] player The Joker_7_7 folds
[preflop] player Minty_7_0 folds
[preflop] player Jerry_Xu_7_1 calls. Total bet is 1000
[preflop] player BigNews!_7_2 folds
[preflop] player yi95yi_7_3 folds
[preflop] player yyyyyr_7_4 folds
[GAME STAT] pot 0 with 1500 chips is shared by 1 players
[GAME STAT] player Jerry_Xu_7_1 gets 1500 chips from pot 0
[GAME STAT] pot 1 with 1000 chips is shared by 1 players
[GAME STAT] player Jerry_Xu_7_1 gets 1000 chips from pot 1
[GAME STAT] overall statistics
[GAME STAT] player Minty_7_0 wins 0 chips in this game
[GAME STAT] player Jerry_Xu_7_1 wins 1500 chips in this game
[GAME STAT] player BigNews!_7_2 wins 0 chips in this game
[GAME STAT] player yi95yi_7_3 wins -500 chips in this game
[GAME STAT] player yyyyyr_7_4 wins -1000 chips in this game
[GAME STAT] player taring_7_5 wins 0 chips in this game
[GAME STAT] player The Joker_7_7 wins 0 chips in this game
[GAME 25] game ends, invoking player.game_end()
[GAME 26] game starts
[GAME INFO] number of participants in this game = 7
[GAME INFO] participant: Minty_7_0, chip = 2524
[GAME INFO] participant: Jerry_Xu_7_1, chip = 6747
[GAME INFO] participant: BigNews!_7_2, chip = 1072
[GAME INFO] participant: yi95yi_7_3, chip = 5376
[GAME INFO] participant: yyyyyr_7_4, chip = 1252
[GAME INFO] participant: taring_7_5, chip = 2654
[GAME INFO] participant: The Joker_7_7, chip = 4375
[GAME INFO] blind is 500
[GAME INFO] dealer is yi95yi_7_3
[GAME INFO] small blind 500 posted by yyyyyr_7_4
[GAME INFO] big blind 1000 posted by taring_7_5
[hole card] 4 club
[hole card] A spade
[preflop] round starts
[preflop] player Minty_7_0 has 2524 chips
[preflop] player Jerry_Xu_7_1 has 6747 chips
[preflop] player BigNews!_7_2 has 1072 chips
[preflop] player yi95yi_7_3 has 5376 chips
[preflop] player yyyyyr_7_4 has 752 chips
[preflop] player taring_7_5 has 1654 chips
[preflop] player The Joker_7_7 has 4375 chips
[preflop] action
[WARNING] CANNOT check when another player has raised
[preflop] player The Joker_7_7 folds
[preflop] player Minty_7_0 folds
[preflop] player Jerry_Xu_7_1 calls. Total bet is 1000
[preflop] player BigNews!_7_2 folds
[preflop] player yi95yi_7_3 folds
[preflop] player yyyyyr_7_4 folds
[preflop] player taring_7_5 folds
[GAME STAT] pot 0 with 1500 chips is shared by 1 players
[GAME STAT] player Jerry_Xu_7_1 gets 1500 chips from pot 0
[GAME STAT] pot 1 with 1000 chips is shared by 1 players
[GAME STAT] player Jerry_Xu_7_1 gets 1000 chips from pot 1
[GAME STAT] overall statistics
[GAME STAT] player Minty_7_0 wins 0 chips in this game
[GAME STAT] player Jerry_Xu_7_1 wins 1500 chips in this game
[GAME STAT] player BigNews!_7_2 wins 0 chips in this game
[GAME STAT] player yi95yi_7_3 wins 0 chips in this game
[GAME STAT] player yyyyyr_7_4 wins -500 chips in this game
[GAME STAT] player taring_7_5 wins -1000 chips in this game
[GAME STAT] player The Joker_7_7 wins 0 chips in this game
[GAME 26] game ends, invoking player.game_end()
[GAME 27] game starts
[GAME INFO] number of participants in this game = 7
[GAME INFO] participant: Minty_7_0, chip = 2524
[GAME INFO] participant: Jerry_Xu_7_1, chip = 8247
[GAME INFO] participant: BigNews!_7_2, chip = 1072
[GAME INFO] participant: yi95yi_7_3, chip = 5376
[GAME INFO] participant: yyyyyr_7_4, chip = 752
[GAME INFO] participant: taring_7_5, chip = 1654
[GAME INFO] participant: The Joker_7_7, chip = 4375
[GAME INFO] blind is 500
[GAME INFO] dealer is yyyyyr_7_4
[GAME INFO] small blind 500 posted by taring_7_5
[GAME INFO] big blind 1000 posted by The Joker_7_7
[hole card] K club
[hole card] 8 spade
[preflop] round starts
[preflop] player Minty_7_0 has 2524 chips
[preflop] player Jerry_Xu_7_1 has 8247 chips
[preflop] player BigNews!_7_2 has 1072 chips
[preflop] player yi95yi_7_3 has 5376 chips
[preflop] player yyyyyr_7_4 has 752 chips
[preflop] player taring_7_5 has 1154 chips
[preflop] player The Joker_7_7 has 3375 chips
[preflop] player Minty_7_0 folds
[preflop] player Jerry_Xu_7_1 folds
[preflop] player BigNews!_7_2 calls. Total bet is 1000
[preflop] player yi95yi_7_3 folds
[preflop] player yyyyyr_7_4 folds
[preflop] player taring_7_5 folds
[preflop] action
[preflop] call (0 chips). 
[preflop] player The Joker_7_7 calls. Total bet is 1000
[flop] 10 diamond
[flop] Q club
[flop] 9 spade
[flop] round starts
[flop] player Minty_7_0 has 2524 chips
[flop] player Jerry_Xu_7_1 has 8247 chips
[flop] player BigNews!_7_2 has 72 chips
[flop] player yi95yi_7_3 has 5376 chips
[flop] player yyyyyr_7_4 has 752 chips
[flop] player taring_7_5 has 1154 chips
[flop] player The Joker_7_7 has 3375 chips
[flop] action
[flop] check
[flop] player The Joker_7_7 checks
[flop] player BigNews!_7_2 checks
[flop] round ends
[turn] 6 spade
[turn] round starts
[turn] player Minty_7_0 has 2524 chips
[turn] player Jerry_Xu_7_1 has 8247 chips
[turn] player BigNews!_7_2 has 72 chips
[turn] player yi95yi_7_3 has 5376 chips
[turn] player yyyyyr_7_4 has 752 chips
[turn] player taring_7_5 has 1154 chips
[turn] player The Joker_7_7 has 3375 chips
[turn] action
[turn] check
[turn] player The Joker_7_7 checks
[turn] player BigNews!_7_2 folds
[turn] round ends
[GAME STAT] pot 0 with 1500 chips is shared by 1 players
[GAME STAT] player The Joker_7_7 gets 1500 chips from pot 0
[GAME STAT] pot 1 with 1000 chips is shared by 1 players
[GAME STAT] player The Joker_7_7 gets 1000 chips from pot 1
[GAME STAT] overall statistics
[GAME STAT] player Minty_7_0 wins 0 chips in this game
[GAME STAT] player Jerry_Xu_7_1 wins 0 chips in this game
[GAME STAT] player BigNews!_7_2 wins -1000 chips in this game
[GAME STAT] player yi95yi_7_3 wins 0 chips in this game
[GAME STAT] player yyyyyr_7_4 wins 0 chips in this game
[GAME STAT] player taring_7_5 wins -500 chips in this game
[GAME STAT] player The Joker_7_7 wins 1500 chips in this game
[GAME 27] game ends, invoking player.game_end()
[END]
[FINAL STAT] chips
[FINAL STAT] Minty_7_0 has 2524 chips
[FINAL STAT] Jerry_Xu_7_1 has 8247 chips
[FINAL STAT] BigNews!_7_2 has 72 chips
[FINAL STAT] yi95yi_7_3 has 5376 chips
[FINAL STAT] yyyyyr_7_4 has 752 chips
[FINAL STAT] taring_7_5 has 1154 chips
[FINAL STAT] Kasin1_7_6 has 0 chips
[FINAL STAT] The Joker_7_7 has 5875 chips
