[UI] login name: [UI] succefully login as The Joker_3_1
[login] The Joker_3_1
[player 0] NX01_3_0
[player 1] The Joker_3_1
[player 2] ssw_3_2
[player 3] yi95yi_3_3
[player 4] LnBot_3_4
[player 5] Kasin_3_5
[player 6] yjt-small_3_6
[player 7] Magnet Burning_3_7
[GAME INFO] number of players = 8
[GAME INFO] initial chips = 3000
[GAME 1] game starts
[GAME INFO] number of participants in this game = 8
[GAME INFO] participant: NX01_3_0, chip = 3000
[GAME INFO] participant: The Joker_3_1, chip = 3000
[GAME INFO] participant: ssw_3_2, chip = 3000
[GAME INFO] participant: yi95yi_3_3, chip = 3000
[GAME INFO] participant: LnBot_3_4, chip = 3000
[GAME INFO] participant: Kasin_3_5, chip = 3000
[GAME INFO] participant: yjt-small_3_6, chip = 3000
[GAME INFO] participant: Magnet Burning_3_7, chip = 3000
[GAME INFO] blind is 1
[GAME INFO] dealer is NX01_3_0
[GAME INFO] small blind 1 posted by The Joker_3_1
[GAME INFO] big blind 2 posted by ssw_3_2
[hole card] 10 diamond
[hole card] 4 heart
[preflop] round starts
[preflop] player NX01_3_0 has 3000 chips
[preflop] player The Joker_3_1 has 2999 chips
[preflop] player ssw_3_2 has 2998 chips
[preflop] player yi95yi_3_3 has 3000 chips
[preflop] player LnBot_3_4 has 3000 chips
[preflop] player Kasin_3_5 has 3000 chips
[preflop] player yjt-small_3_6 has 3000 chips
[preflop] player Magnet Burning_3_7 has 3000 chips
[preflop] player yi95yi_3_3 folds
[preflop] player LnBot_3_4 calls. Total bet is 2
[preflop] player Kasin_3_5 folds
[preflop] player yjt-small_3_6 folds
[preflop] player Magnet Burning_3_7 folds
[preflop] player NX01_3_0 calls. Total bet is 2
[preflop] action
[WARNING] CANNOT check when another player has raised
[preflop] player The Joker_3_1 folds
[preflop] player ssw_3_2 folds
[flop] 9 club
[flop] 7 club
[flop] J spade
[flop] round starts
[flop] player NX01_3_0 has 2998 chips
[flop] player The Joker_3_1 has 2999 chips
[flop] player ssw_3_2 has 2998 chips
[flop] player yi95yi_3_3 has 3000 chips
[flop] player LnBot_3_4 has 2998 chips
[flop] player Kasin_3_5 has 3000 chips
[flop] player yjt-small_3_6 has 3000 chips
[flop] player Magnet Burning_3_7 has 3000 chips
[flop] player LnBot_3_4 checks
[flop] player NX01_3_0 checks
[flop] round ends
[turn] Q diamond
[turn] round starts
[turn] player NX01_3_0 has 2998 chips
[turn] player The Joker_3_1 has 2999 chips
[turn] player ssw_3_2 has 2998 chips
[turn] player yi95yi_3_3 has 3000 chips
[turn] player LnBot_3_4 has 2998 chips
[turn] player Kasin_3_5 has 3000 chips
[turn] player yjt-small_3_6 has 3000 chips
[turn] player Magnet Burning_3_7 has 3000 chips
[turn] player LnBot_3_4 checks
[turn] player NX01_3_0 checks
[turn] round ends
[river] A club
[river] round starts
[river] player NX01_3_0 has 2998 chips
[river] player The Joker_3_1 has 2999 chips
[river] player ssw_3_2 has 2998 chips
[river] player yi95yi_3_3 has 3000 chips
[river] player LnBot_3_4 has 2998 chips
[river] player Kasin_3_5 has 3000 chips
[river] player yjt-small_3_6 has 3000 chips
[river] player Magnet Burning_3_7 has 3000 chips
[river] player LnBot_3_4 checks
[river] player NX01_3_0 checks
[river] round ends
[SHOWDOWN] showdown starts
[SHOWDOWN] player NX01_3_0 shows Q diamond Q club 9 club 9 spade 7 club, which is two pair.
[SHOWDOWN] player LnBot_3_4 shows A club Q diamond J spade 10 club 9 club, which is high card.
[GAME STAT] pot 0 with 4 chips is shared by 1 players
[GAME STAT] player NX01_3_0 gets 4 chips from pot 0
[GAME STAT] pot 1 with 3 chips is shared by 1 players
[GAME STAT] player NX01_3_0 gets 3 chips from pot 1
[GAME STAT] overall statistics
[GAME STAT] player NX01_3_0 wins 5 chips in this game
[GAME STAT] player The Joker_3_1 wins -1 chips in this game
[GAME STAT] player ssw_3_2 wins -2 chips in this game
[GAME STAT] player yi95yi_3_3 wins 0 chips in this game
[GAME STAT] player LnBot_3_4 wins -2 chips in this game
[GAME STAT] player Kasin_3_5 wins 0 chips in this game
[GAME STAT] player yjt-small_3_6 wins 0 chips in this game
[GAME STAT] player Magnet Burning_3_7 wins 0 chips in this game
[GAME 1] game ends, invoking player.game_end()
[GAME 2] game starts
[GAME INFO] number of participants in this game = 8
[GAME INFO] participant: NX01_3_0, chip = 3005
[GAME INFO] participant: The Joker_3_1, chip = 2999
[GAME INFO] participant: ssw_3_2, chip = 2998
[GAME INFO] participant: yi95yi_3_3, chip = 3000
[GAME INFO] participant: LnBot_3_4, chip = 2998
[GAME INFO] participant: Kasin_3_5, chip = 3000
[GAME INFO] participant: yjt-small_3_6, chip = 3000
[GAME INFO] participant: Magnet Burning_3_7, chip = 3000
[GAME INFO] blind is 1
[GAME INFO] dealer is The Joker_3_1
[GAME INFO] small blind 1 posted by ssw_3_2
[GAME INFO] big blind 2 posted by yi95yi_3_3
[hole card] 9 club
[hole card] 2 club
[preflop] round starts
[preflop] player NX01_3_0 has 3005 chips
[preflop] player The Joker_3_1 has 2999 chips
[preflop] player ssw_3_2 has 2997 chips
[preflop] player yi95yi_3_3 has 2998 chips
[preflop] player LnBot_3_4 has 2998 chips
[preflop] player Kasin_3_5 has 3000 chips
[preflop] player yjt-small_3_6 has 3000 chips
[preflop] player Magnet Burning_3_7 has 3000 chips
[preflop] player LnBot_3_4 calls. Total bet is 2
[preflop] player Kasin_3_5 folds
[preflop] player yjt-small_3_6 folds
[preflop] player Magnet Burning_3_7 folds
[preflop] player NX01_3_0 calls. Total bet is 2
[preflop] action
[WARNING] CANNOT check when another player has raised
[preflop] player The Joker_3_1 folds
[preflop] player ssw_3_2 folds
[preflop] player yi95yi_3_3 folds
[flop] 10 heart
[flop] 3 diamond
[flop] 6 spade
[flop] round starts
[flop] player NX01_3_0 has 3003 chips
[flop] player The Joker_3_1 has 2999 chips
[flop] player ssw_3_2 has 2997 chips
[flop] player yi95yi_3_3 has 2998 chips
[flop] player LnBot_3_4 has 2996 chips
[flop] player Kasin_3_5 has 3000 chips
[flop] player yjt-small_3_6 has 3000 chips
[flop] player Magnet Burning_3_7 has 3000 chips
[flop] player LnBot_3_4 checks
[flop] player NX01_3_0 checks
[flop] round ends
[turn] 7 heart
[turn] round starts
[turn] player NX01_3_0 has 3003 chips
[turn] player The Joker_3_1 has 2999 chips
[turn] player ssw_3_2 has 2997 chips
[turn] player yi95yi_3_3 has 2998 chips
[turn] player LnBot_3_4 has 2996 chips
[turn] player Kasin_3_5 has 3000 chips
[turn] player yjt-small_3_6 has 3000 chips
[turn] player Magnet Burning_3_7 has 3000 chips
[turn] player LnBot_3_4 checks
[turn] player NX01_3_0 checks
[turn] round ends
[river] Q diamond
[river] round starts
[river] player NX01_3_0 has 3003 chips
[river] player The Joker_3_1 has 2999 chips
[river] player ssw_3_2 has 2997 chips
[river] player yi95yi_3_3 has 2998 chips
[river] player LnBot_3_4 has 2996 chips
[river] player Kasin_3_5 has 3000 chips
[river] player yjt-small_3_6 has 3000 chips
[river] player Magnet Burning_3_7 has 3000 chips
[river] player LnBot_3_4 checks
[river] player NX01_3_0 checks
[river] round ends
[SHOWDOWN] showdown starts
[SHOWDOWN] player LnBot_3_4 shows Q diamond 7 heart 6 spade 3 diamond 7 club, which is one pair.
[SHOWDOWN] player NX01_3_0 shows 6 club 6 spade Q diamond J spade 10 heart, which is one pair.
[GAME STAT] pot 0 with 4 chips is shared by 1 players
[GAME STAT] player LnBot_3_4 gets 4 chips from pot 0
[GAME STAT] pot 1 with 3 chips is shared by 1 players
[GAME STAT] player LnBot_3_4 gets 3 chips from pot 1
[GAME STAT] overall statistics
[GAME STAT] player NX01_3_0 wins -2 chips in this game
[GAME STAT] player The Joker_3_1 wins 0 chips in this game
[GAME STAT] player ssw_3_2 wins -1 chips in this game
[GAME STAT] player yi95yi_3_3 wins -2 chips in this game
[GAME STAT] player LnBot_3_4 wins 5 chips in this game
[GAME STAT] player Kasin_3_5 wins 0 chips in this game
[GAME STAT] player yjt-small_3_6 wins 0 chips in this game
[GAME STAT] player Magnet Burning_3_7 wins 0 chips in this game
[GAME 2] game ends, invoking player.game_end()
[GAME 3] game starts
[GAME INFO] number of participants in this game = 8
[GAME INFO] participant: NX01_3_0, chip = 3003
[GAME INFO] participant: The Joker_3_1, chip = 2999
[GAME INFO] participant: ssw_3_2, chip = 2997
[GAME INFO] participant: yi95yi_3_3, chip = 2998
[GAME INFO] participant: LnBot_3_4, chip = 3003
[GAME INFO] participant: Kasin_3_5, chip = 3000
[GAME INFO] participant: yjt-small_3_6, chip = 3000
[GAME INFO] participant: Magnet Burning_3_7, chip = 3000
[GAME INFO] blind is 1
[GAME INFO] dealer is ssw_3_2
[GAME INFO] small blind 1 posted by yi95yi_3_3
[GAME INFO] big blind 2 posted by LnBot_3_4
[hole card] 7 heart
[hole card] 4 spade
[preflop] round starts
[preflop] player NX01_3_0 has 3003 chips
[preflop] player The Joker_3_1 has 2999 chips
[preflop] player ssw_3_2 has 2997 chips
[preflop] player yi95yi_3_3 has 2997 chips
[preflop] player LnBot_3_4 has 3001 chips
[preflop] player Kasin_3_5 has 3000 chips
[preflop] player yjt-small_3_6 has 3000 chips
[preflop] player Magnet Burning_3_7 has 3000 chips
[preflop] player Kasin_3_5 folds
[preflop] player yjt-small_3_6 folds
[preflop] player Magnet Burning_3_7 folds
[preflop] player NX01_3_0 calls. Total bet is 2
[preflop] action
[WARNING] CANNOT check when another player has raised
[preflop] player The Joker_3_1 folds
[preflop] player ssw_3_2 folds
[preflop] player yi95yi_3_3 folds
[preflop] player LnBot_3_4 calls. Total bet is 2
[flop] 3 diamond
[flop] A heart
[flop] 7 spade
[flop] round starts
[flop] player NX01_3_0 has 3001 chips
[flop] player The Joker_3_1 has 2999 chips
[flop] player ssw_3_2 has 2997 chips
[flop] player yi95yi_3_3 has 2997 chips
[flop] player LnBot_3_4 has 3001 chips
[flop] player Kasin_3_5 has 3000 chips
[flop] player yjt-small_3_6 has 3000 chips
[flop] player Magnet Burning_3_7 has 3000 chips
[flop] player LnBot_3_4 checks
[flop] player NX01_3_0 checks
[flop] round ends
[turn] 8 spade
[turn] round starts
[turn] player NX01_3_0 has 3001 chips
[turn] player The Joker_3_1 has 2999 chips
[turn] player ssw_3_2 has 2997 chips
[turn] player yi95yi_3_3 has 2997 chips
[turn] player LnBot_3_4 has 3001 chips
[turn] player Kasin_3_5 has 3000 chips
[turn] player yjt-small_3_6 has 3000 chips
[turn] player Magnet Burning_3_7 has 3000 chips
[turn] player LnBot_3_4 checks
[turn] player NX01_3_0 checks
[turn] round ends
[river] K club
[river] round starts
[river] player NX01_3_0 has 3001 chips
[river] player The Joker_3_1 has 2999 chips
[river] player ssw_3_2 has 2997 chips
[river] player yi95yi_3_3 has 2997 chips
[river] player LnBot_3_4 has 3001 chips
[river] player Kasin_3_5 has 3000 chips
[river] player yjt-small_3_6 has 3000 chips
[river] player Magnet Burning_3_7 has 3000 chips
[river] player LnBot_3_4 checks
[river] player NX01_3_0 checks
[river] round ends
[SHOWDOWN] showdown starts
[SHOWDOWN] player NX01_3_0 shows K heart K club A heart 10 heart 8 spade, which is one pair.
[SHOWDOWN] player LnBot_3_4 shows K club A heart 9 club 8 spade 7 spade, which is high card.
[GAME STAT] pot 0 with 3 chips is shared by 1 players
[GAME STAT] player NX01_3_0 gets 3 chips from pot 0
[GAME STAT] pot 1 with 2 chips is shared by 1 players
[GAME STAT] player NX01_3_0 gets 2 chips from pot 1
[GAME STAT] overall statistics
[GAME STAT] player NX01_3_0 wins 3 chips in this game
[GAME STAT] player The Joker_3_1 wins 0 chips in this game
[GAME STAT] player ssw_3_2 wins 0 chips in this game
[GAME STAT] player yi95yi_3_3 wins -1 chips in this game
[GAME STAT] player LnBot_3_4 wins -2 chips in this game
[GAME STAT] player Kasin_3_5 wins 0 chips in this game
[GAME STAT] player yjt-small_3_6 wins 0 chips in this game
[GAME STAT] player Magnet Burning_3_7 wins 0 chips in this game
[GAME 3] game ends, invoking player.game_end()
[GAME 4] game starts
[GAME INFO] number of participants in this game = 8
[GAME INFO] participant: NX01_3_0, chip = 3006
[GAME INFO] participant: The Joker_3_1, chip = 2999
[GAME INFO] participant: ssw_3_2, chip = 2997
[GAME INFO] participant: yi95yi_3_3, chip = 2997
[GAME INFO] participant: LnBot_3_4, chip = 3001
[GAME INFO] participant: Kasin_3_5, chip = 3000
[GAME INFO] participant: yjt-small_3_6, chip = 3000
[GAME INFO] participant: Magnet Burning_3_7, chip = 3000
[GAME INFO] blind is 2
[GAME INFO] dealer is yi95yi_3_3
[GAME INFO] small blind 2 posted by LnBot_3_4
[GAME INFO] big blind 4 posted by Kasin_3_5
[hole card] 4 heart
[hole card] 10 club
[preflop] round starts
[preflop] player NX01_3_0 has 3006 chips
[preflop] player The Joker_3_1 has 2999 chips
[preflop] player ssw_3_2 has 2997 chips
[preflop] player yi95yi_3_3 has 2997 chips
[preflop] player LnBot_3_4 has 2999 chips
[preflop] player Kasin_3_5 has 2996 chips
[preflop] player yjt-small_3_6 has 3000 chips
[preflop] player Magnet Burning_3_7 has 3000 chips
[preflop] player yjt-small_3_6 folds
[preflop] player Magnet Burning_3_7 folds
[preflop] player NX01_3_0 calls. Total bet is 4
[preflop] action
[WARNING] CANNOT check when another player has raised
[preflop] player The Joker_3_1 folds
[preflop] player ssw_3_2 folds
[preflop] player yi95yi_3_3 folds
[preflop] player LnBot_3_4 calls. Total bet is 4
[preflop] player Kasin_3_5 folds
[flop] A heart
[flop] 9 diamond
[flop] 2 diamond
[flop] round starts
[flop] player NX01_3_0 has 3002 chips
[flop] player The Joker_3_1 has 2999 chips
[flop] player ssw_3_2 has 2997 chips
[flop] player yi95yi_3_3 has 2997 chips
[flop] player LnBot_3_4 has 2997 chips
[flop] player Kasin_3_5 has 2996 chips
[flop] player yjt-small_3_6 has 3000 chips
[flop] player Magnet Burning_3_7 has 3000 chips
[flop] player LnBot_3_4 checks
[flop] player NX01_3_0 checks
[flop] round ends
[turn] Q club
[turn] round starts
[turn] player NX01_3_0 has 3002 chips
[turn] player The Joker_3_1 has 2999 chips
[turn] player ssw_3_2 has 2997 chips
[turn] player yi95yi_3_3 has 2997 chips
[turn] player LnBot_3_4 has 2997 chips
[turn] player Kasin_3_5 has 2996 chips
[turn] player yjt-small_3_6 has 3000 chips
[turn] player Magnet Burning_3_7 has 3000 chips
[turn] player LnBot_3_4 checks
[turn] player NX01_3_0 checks
[turn] round ends
[river] 5 diamond
[river] round starts
[river] player NX01_3_0 has 3002 chips
[river] player The Joker_3_1 has 2999 chips
[river] player ssw_3_2 has 2997 chips
[river] player yi95yi_3_3 has 2997 chips
[river] player LnBot_3_4 has 2997 chips
[river] player Kasin_3_5 has 2996 chips
[river] player yjt-small_3_6 has 3000 chips
[river] player Magnet Burning_3_7 has 3000 chips
[river] player LnBot_3_4 checks
[river] player NX01_3_0 checks
[river] round ends
[SHOWDOWN] showdown starts
[SHOWDOWN] player NX01_3_0 shows Q diamond Q club A heart 9 diamond 7 spade, which is one pair.
[SHOWDOWN] player LnBot_3_4 shows Q club 9 diamond 5 diamond 2 diamond 9 spade, which is one pair.
[GAME STAT] pot 0 with 12 chips is shared by 1 players
[GAME STAT] player NX01_3_0 gets 12 chips from pot 0
[GAME STAT] overall statistics
[GAME STAT] player NX01_3_0 wins 8 chips in this game
[GAME STAT] player The Joker_3_1 wins 0 chips in this game
[GAME STAT] player ssw_3_2 wins 0 chips in this game
[GAME STAT] player yi95yi_3_3 wins 0 chips in this game
[GAME STAT] player LnBot_3_4 wins -4 chips in this game
[GAME STAT] player Kasin_3_5 wins -4 chips in this game
[GAME STAT] player yjt-small_3_6 wins 0 chips in this game
[GAME STAT] player Magnet Burning_3_7 wins 0 chips in this game
[GAME 4] game ends, invoking player.game_end()
[GAME 5] game starts
[GAME INFO] number of participants in this game = 8
[GAME INFO] participant: NX01_3_0, chip = 3014
[GAME INFO] participant: The Joker_3_1, chip = 2999
[GAME INFO] participant: ssw_3_2, chip = 2997
[GAME INFO] participant: yi95yi_3_3, chip = 2997
[GAME INFO] participant: LnBot_3_4, chip = 2997
[GAME INFO] participant: Kasin_3_5, chip = 2996
[GAME INFO] participant: yjt-small_3_6, chip = 3000
[GAME INFO] participant: Magnet Burning_3_7, chip = 3000
[GAME INFO] blind is 2
[GAME INFO] dealer is LnBot_3_4
[GAME INFO] small blind 2 posted by Kasin_3_5
[GAME INFO] big blind 4 posted by yjt-small_3_6
[hole card] 6 spade
[hole card] A heart
[preflop] round starts
[preflop] player NX01_3_0 has 3014 chips
[preflop] player The Joker_3_1 has 2999 chips
[preflop] player ssw_3_2 has 2997 chips
[preflop] player yi95yi_3_3 has 2997 chips
[preflop] player LnBot_3_4 has 2997 chips
[preflop] player Kasin_3_5 has 2994 chips
[preflop] player yjt-small_3_6 has 2996 chips
[preflop] player Magnet Burning_3_7 has 3000 chips
[preflop] player Magnet Burning_3_7 folds
[preflop] player NX01_3_0 folds
[preflop] action
[WARNING] CANNOT check when another player has raised
[preflop] player The Joker_3_1 folds
[preflop] player ssw_3_2 folds
[preflop] player yi95yi_3_3 folds
[preflop] player LnBot_3_4 calls. Total bet is 4
[preflop] player Kasin_3_5 folds
[preflop] player yjt-small_3_6 folds
[GAME STAT] pot 0 with 6 chips is shared by 1 players
[GAME STAT] player LnBot_3_4 gets 6 chips from pot 0
[GAME STAT] pot 1 with 4 chips is shared by 1 players
[GAME STAT] player LnBot_3_4 gets 4 chips from pot 1
[GAME STAT] overall statistics
[GAME STAT] player NX01_3_0 wins 0 chips in this game
[GAME STAT] player The Joker_3_1 wins 0 chips in this game
[GAME STAT] player ssw_3_2 wins 0 chips in this game
[GAME STAT] player yi95yi_3_3 wins 0 chips in this game
[GAME STAT] player LnBot_3_4 wins 6 chips in this game
[GAME STAT] player Kasin_3_5 wins -2 chips in this game
[GAME STAT] player yjt-small_3_6 wins -4 chips in this game
[GAME STAT] player Magnet Burning_3_7 wins 0 chips in this game
[GAME 5] game ends, invoking player.game_end()
[GAME 6] game starts
[GAME INFO] number of participants in this game = 8
[GAME INFO] participant: NX01_3_0, chip = 3014
[GAME INFO] participant: The Joker_3_1, chip = 2999
[GAME INFO] participant: ssw_3_2, chip = 2997
[GAME INFO] participant: yi95yi_3_3, chip = 2997
[GAME INFO] participant: LnBot_3_4, chip = 3003
[GAME INFO] participant: Kasin_3_5, chip = 2994
[GAME INFO] participant: yjt-small_3_6, chip = 2996
[GAME INFO] participant: Magnet Burning_3_7, chip = 3000
[GAME INFO] blind is 2
[GAME INFO] dealer is Kasin_3_5
[GAME INFO] small blind 2 posted by yjt-small_3_6
[GAME INFO] big blind 4 posted by Magnet Burning_3_7
[hole card] 5 diamond
[hole card] 3 club
[preflop] round starts
[preflop] player NX01_3_0 has 3014 chips
[preflop] player The Joker_3_1 has 2999 chips
[preflop] player ssw_3_2 has 2997 chips
[preflop] player yi95yi_3_3 has 2997 chips
[preflop] player LnBot_3_4 has 3003 chips
[preflop] player Kasin_3_5 has 2994 chips
[preflop] player yjt-small_3_6 has 2994 chips
[preflop] player Magnet Burning_3_7 has 2996 chips
[preflop] player NX01_3_0 calls. Total bet is 4
[preflop] action
[WARNING] CANNOT check when another player has raised
[preflop] player The Joker_3_1 folds
[preflop] player ssw_3_2 folds
[preflop] player yi95yi_3_3 folds
[preflop] player LnBot_3_4 calls. Total bet is 4
[preflop] player Kasin_3_5 folds
[preflop] player yjt-small_3_6 folds
[preflop] player Magnet Burning_3_7 folds
[flop] 3 spade
[flop] A spade
[flop] 8 heart
[flop] round starts
[flop] player NX01_3_0 has 3010 chips
[flop] player The Joker_3_1 has 2999 chips
[flop] player ssw_3_2 has 2997 chips
[flop] player yi95yi_3_3 has 2997 chips
[flop] player LnBot_3_4 has 2999 chips
[flop] player Kasin_3_5 has 2994 chips
[flop] player yjt-small_3_6 has 2994 chips
[flop] player Magnet Burning_3_7 has 2996 chips
[flop] player NX01_3_0 checks
[flop] player LnBot_3_4 checks
[flop] round ends
[turn] 2 spade
[turn] round starts
[turn] player NX01_3_0 has 3010 chips
[turn] player The Joker_3_1 has 2999 chips
[turn] player ssw_3_2 has 2997 chips
[turn] player yi95yi_3_3 has 2997 chips
[turn] player LnBot_3_4 has 2999 chips
[turn] player Kasin_3_5 has 2994 chips
[turn] player yjt-small_3_6 has 2994 chips
[turn] player Magnet Burning_3_7 has 2996 chips
[turn] player NX01_3_0 checks
[turn] player LnBot_3_4 checks
[turn] round ends
[river] 3 diamond
[river] round starts
[river] player NX01_3_0 has 3010 chips
[river] player The Joker_3_1 has 2999 chips
[river] player ssw_3_2 has 2997 chips
[river] player yi95yi_3_3 has 2997 chips
[river] player LnBot_3_4 has 2999 chips
[river] player Kasin_3_5 has 2994 chips
[river] player yjt-small_3_6 has 2994 chips
[river] player Magnet Burning_3_7 has 2996 chips
[river] player NX01_3_0 checks
[river] player LnBot_3_4 checks
[river] round ends
[SHOWDOWN] showdown starts
[SHOWDOWN] player NX01_3_0 shows A spade A diamond 3 diamond 3 spade 2 spade, which is two pair.
[SHOWDOWN] player LnBot_3_4 shows 3 diamond 8 heart A spade 8 club 3 spade, which is two pair.
[GAME STAT] pot 0 with 8 chips is shared by 1 players
[GAME STAT] player NX01_3_0 gets 8 chips from pot 0
[GAME STAT] pot 1 with 6 chips is shared by 1 players
[GAME STAT] player NX01_3_0 gets 6 chips from pot 1
[GAME STAT] overall statistics
[GAME STAT] player NX01_3_0 wins 10 chips in this game
[GAME STAT] player The Joker_3_1 wins 0 chips in this game
[GAME STAT] player ssw_3_2 wins 0 chips in this game
[GAME STAT] player yi95yi_3_3 wins 0 chips in this game
[GAME STAT] player LnBot_3_4 wins -4 chips in this game
[GAME STAT] player Kasin_3_5 wins 0 chips in this game
[GAME STAT] player yjt-small_3_6 wins -2 chips in this game
[GAME STAT] player Magnet Burning_3_7 wins -4 chips in this game
[GAME 6] game ends, invoking player.game_end()
[GAME 7] game starts
[GAME INFO] number of participants in this game = 8
[GAME INFO] participant: NX01_3_0, chip = 3024
[GAME INFO] participant: The Joker_3_1, chip = 2999
[GAME INFO] participant: ssw_3_2, chip = 2997
[GAME INFO] participant: yi95yi_3_3, chip = 2997
[GAME INFO] participant: LnBot_3_4, chip = 2999
[GAME INFO] participant: Kasin_3_5, chip = 2994
[GAME INFO] participant: yjt-small_3_6, chip = 2994
[GAME INFO] participant: Magnet Burning_3_7, chip = 2996
[GAME INFO] blind is 5
[GAME INFO] dealer is yjt-small_3_6
[GAME INFO] small blind 5 posted by Magnet Burning_3_7
[GAME INFO] big blind 10 posted by NX01_3_0
[hole card] 5 heart
[hole card] 2 heart
[preflop] round starts
[preflop] player NX01_3_0 has 3014 chips
[preflop] player The Joker_3_1 has 2999 chips
[preflop] player ssw_3_2 has 2997 chips
[preflop] player yi95yi_3_3 has 2997 chips
[preflop] player LnBot_3_4 has 2999 chips
[preflop] player Kasin_3_5 has 2994 chips
[preflop] player yjt-small_3_6 has 2994 chips
[preflop] player Magnet Burning_3_7 has 2991 chips
[preflop] action
[WARNING] CANNOT check when another player has raised
[preflop] player The Joker_3_1 folds
[preflop] player ssw_3_2 folds
[preflop] player yi95yi_3_3 folds
[preflop] player LnBot_3_4 calls. Total bet is 10
[preflop] player Kasin_3_5 folds
[preflop] player yjt-small_3_6 folds
[preflop] player Magnet Burning_3_7 folds
[preflop] player NX01_3_0 folds
[GAME STAT] pot 0 with 15 chips is shared by 1 players
[GAME STAT] player LnBot_3_4 gets 15 chips from pot 0
[GAME STAT] pot 1 with 10 chips is shared by 1 players
[GAME STAT] player LnBot_3_4 gets 10 chips from pot 1
[GAME STAT] overall statistics
[GAME STAT] player NX01_3_0 wins -10 chips in this game
[GAME STAT] player The Joker_3_1 wins 0 chips in this game
[GAME STAT] player ssw_3_2 wins 0 chips in this game
[GAME STAT] player yi95yi_3_3 wins 0 chips in this game
[GAME STAT] player LnBot_3_4 wins 15 chips in this game
[GAME STAT] player Kasin_3_5 wins 0 chips in this game
[GAME STAT] player yjt-small_3_6 wins 0 chips in this game
[GAME STAT] player Magnet Burning_3_7 wins -5 chips in this game
[GAME 7] game ends, invoking player.game_end()
[GAME 8] game starts
[GAME INFO] number of participants in this game = 8
[GAME INFO] participant: NX01_3_0, chip = 3014
[GAME INFO] participant: The Joker_3_1, chip = 2999
[GAME INFO] participant: ssw_3_2, chip = 2997
[GAME INFO] participant: yi95yi_3_3, chip = 2997
[GAME INFO] participant: LnBot_3_4, chip = 3014
[GAME INFO] participant: Kasin_3_5, chip = 2994
[GAME INFO] participant: yjt-small_3_6, chip = 2994
[GAME INFO] participant: Magnet Burning_3_7, chip = 2991
[GAME INFO] blind is 5
[GAME INFO] dealer is Magnet Burning_3_7
[GAME INFO] small blind 5 posted by NX01_3_0
[GAME INFO] big blind 10 posted by The Joker_3_1
[hole card] 6 club
[hole card] Q club
[preflop] round starts
[preflop] player NX01_3_0 has 3009 chips
[preflop] player The Joker_3_1 has 2989 chips
[preflop] player ssw_3_2 has 2997 chips
[preflop] player yi95yi_3_3 has 2997 chips
[preflop] player LnBot_3_4 has 3014 chips
[preflop] player Kasin_3_5 has 2994 chips
[preflop] player yjt-small_3_6 has 2994 chips
[preflop] player Magnet Burning_3_7 has 2991 chips
[preflop] player ssw_3_2 folds
[preflop] player yi95yi_3_3 folds
[preflop] player LnBot_3_4 calls. Total bet is 10
[preflop] player Kasin_3_5 folds
[preflop] player yjt-small_3_6 folds
[preflop] player Magnet Burning_3_7 folds
[preflop] player NX01_3_0 calls. Total bet is 10
[preflop] action
[preflop] call (0 chips). 
[preflop] player The Joker_3_1 calls. Total bet is 10
[flop] J diamond
[flop] 8 diamond
[flop] 5 heart
[flop] round starts
[flop] player NX01_3_0 has 3004 chips
[flop] player The Joker_3_1 has 2989 chips
[flop] player ssw_3_2 has 2997 chips
[flop] player yi95yi_3_3 has 2997 chips
[flop] player LnBot_3_4 has 3004 chips
[flop] player Kasin_3_5 has 2994 chips
[flop] player yjt-small_3_6 has 2994 chips
[flop] player Magnet Burning_3_7 has 2991 chips
[flop] player NX01_3_0 checks
[flop] action
[flop] check
[flop] player The Joker_3_1 checks
[flop] player LnBot_3_4 checks
[flop] round ends
[turn] 10 diamond
[turn] round starts
[turn] player NX01_3_0 has 3004 chips
[turn] player The Joker_3_1 has 2989 chips
[turn] player ssw_3_2 has 2997 chips
[turn] player yi95yi_3_3 has 2997 chips
[turn] player LnBot_3_4 has 3004 chips
[turn] player Kasin_3_5 has 2994 chips
[turn] player yjt-small_3_6 has 2994 chips
[turn] player Magnet Burning_3_7 has 2991 chips
[turn] player NX01_3_0 checks
[turn] action
[turn] check
[turn] player The Joker_3_1 checks
[turn] player LnBot_3_4 checks
[turn] round ends
[river] K heart
[river] round starts
[river] player NX01_3_0 has 3004 chips
[river] player The Joker_3_1 has 2989 chips
[river] player ssw_3_2 has 2997 chips
[river] player yi95yi_3_3 has 2997 chips
[river] player LnBot_3_4 has 3004 chips
[river] player Kasin_3_5 has 2994 chips
[river] player yjt-small_3_6 has 2994 chips
[river] player Magnet Burning_3_7 has 2991 chips
[river] player NX01_3_0 checks
[river] action
[river] check
[river] player The Joker_3_1 checks
[river] player LnBot_3_4 checks
[river] round ends
[SHOWDOWN] showdown starts
[SHOWDOWN] showdown
[SHOWDOWN] J diamond 8 diamond 10 diamond K heart Q club
[SHOWDOWN] player LnBot_3_4 shows K heart 8 diamond 8 heart 5 heart 5 spade, which is two pair.
[SHOWDOWN] player The Joker_3_1 shows J diamond 8 diamond 10 diamond K heart Q club, which is high card.
[SHOWDOWN] player NX01_3_0 shows K heart Q diamond Q diamond J diamond 10 diamond, which is invalid.
[GAME STAT] pot 0 with 30 chips is shared by 1 players
[GAME STAT] player LnBot_3_4 gets 30 chips from pot 0
[GAME STAT] overall statistics
[GAME STAT] player NX01_3_0 wins -10 chips in this game
[GAME STAT] player The Joker_3_1 wins -10 chips in this game
[GAME STAT] player ssw_3_2 wins 0 chips in this game
[GAME STAT] player yi95yi_3_3 wins 0 chips in this game
[GAME STAT] player LnBot_3_4 wins 20 chips in this game
[GAME STAT] player Kasin_3_5 wins 0 chips in this game
[GAME STAT] player yjt-small_3_6 wins 0 chips in this game
[GAME STAT] player Magnet Burning_3_7 wins 0 chips in this game
[GAME 8] game ends, invoking player.game_end()
[GAME 9] game starts
[GAME INFO] number of participants in this game = 8
[GAME INFO] participant: NX01_3_0, chip = 3004
[GAME INFO] participant: The Joker_3_1, chip = 2989
[GAME INFO] participant: ssw_3_2, chip = 2997
[GAME INFO] participant: yi95yi_3_3, chip = 2997
[GAME INFO] participant: LnBot_3_4, chip = 3034
[GAME INFO] participant: Kasin_3_5, chip = 2994
[GAME INFO] participant: yjt-small_3_6, chip = 2994
[GAME INFO] participant: Magnet Burning_3_7, chip = 2991
[GAME INFO] blind is 5
[GAME INFO] dealer is NX01_3_0
[GAME INFO] small blind 5 posted by The Joker_3_1
[GAME INFO] big blind 10 posted by ssw_3_2
[hole card] 9 club
[hole card] 5 heart
[preflop] round starts
[preflop] player NX01_3_0 has 3004 chips
[preflop] player The Joker_3_1 has 2984 chips
[preflop] player ssw_3_2 has 2987 chips
[preflop] player yi95yi_3_3 has 2997 chips
[preflop] player LnBot_3_4 has 3034 chips
[preflop] player Kasin_3_5 has 2994 chips
[preflop] player yjt-small_3_6 has 2994 chips
[preflop] player Magnet Burning_3_7 has 2991 chips
[preflop] player yi95yi_3_3 folds
[preflop] player LnBot_3_4 calls. Total bet is 10
[preflop] player Kasin_3_5 folds
[preflop] player yjt-small_3_6 folds
[preflop] player Magnet Burning_3_7 folds
[preflop] player NX01_3_0 folds
[preflop] action
[WARNING] CANNOT check when another player has raised
[preflop] player The Joker_3_1 folds
[preflop] player ssw_3_2 folds
[GAME STAT] pot 0 with 15 chips is shared by 1 players
[GAME STAT] player LnBot_3_4 gets 15 chips from pot 0
[GAME STAT] pot 1 with 10 chips is shared by 1 players
[GAME STAT] player LnBot_3_4 gets 10 chips from pot 1
[GAME STAT] overall statistics
[GAME STAT] player NX01_3_0 wins 0 chips in this game
[GAME STAT] player The Joker_3_1 wins -5 chips in this game
[GAME STAT] player ssw_3_2 wins -10 chips in this game
[GAME STAT] player yi95yi_3_3 wins 0 chips in this game
[GAME STAT] player LnBot_3_4 wins 15 chips in this game
[GAME STAT] player Kasin_3_5 wins 0 chips in this game
[GAME STAT] player yjt-small_3_6 wins 0 chips in this game
[GAME STAT] player Magnet Burning_3_7 wins 0 chips in this game
[GAME 9] game ends, invoking player.game_end()
[GAME 10] game starts
[GAME INFO] number of participants in this game = 8
[GAME INFO] participant: NX01_3_0, chip = 3004
[GAME INFO] participant: The Joker_3_1, chip = 2984
[GAME INFO] participant: ssw_3_2, chip = 2987
[GAME INFO] participant: yi95yi_3_3, chip = 2997
[GAME INFO] participant: LnBot_3_4, chip = 3049
[GAME INFO] participant: Kasin_3_5, chip = 2994
[GAME INFO] participant: yjt-small_3_6, chip = 2994
[GAME INFO] participant: Magnet Burning_3_7, chip = 2991
[GAME INFO] blind is 10
[GAME INFO] dealer is The Joker_3_1
[GAME INFO] small blind 10 posted by ssw_3_2
[GAME INFO] big blind 20 posted by yi95yi_3_3
[hole card] 8 heart
[hole card] 7 heart
[preflop] round starts
[preflop] player NX01_3_0 has 3004 chips
[preflop] player The Joker_3_1 has 2984 chips
[preflop] player ssw_3_2 has 2977 chips
[preflop] player yi95yi_3_3 has 2977 chips
[preflop] player LnBot_3_4 has 3049 chips
[preflop] player Kasin_3_5 has 2994 chips
[preflop] player yjt-small_3_6 has 2994 chips
[preflop] player Magnet Burning_3_7 has 2991 chips
[preflop] player LnBot_3_4 calls. Total bet is 20
[preflop] player Kasin_3_5 folds
[preflop] player yjt-small_3_6 folds
[preflop] player Magnet Burning_3_7 folds
[preflop] player NX01_3_0 calls. Total bet is 20
[preflop] action
[preflop] call (20 chips). 
[preflop] player The Joker_3_1 calls. Total bet is 20
[preflop] player ssw_3_2 folds
[preflop] player yi95yi_3_3 folds
[flop] 10 club
[flop] Q club
[flop] A heart
[flop] round starts
[flop] player NX01_3_0 has 2984 chips
[flop] player The Joker_3_1 has 2964 chips
[flop] player ssw_3_2 has 2977 chips
[flop] player yi95yi_3_3 has 2977 chips
[flop] player LnBot_3_4 has 3029 chips
[flop] player Kasin_3_5 has 2994 chips
[flop] player yjt-small_3_6 has 2994 chips
[flop] player Magnet Burning_3_7 has 2991 chips
[flop] player LnBot_3_4 checks
[flop] player NX01_3_0 checks
[flop] action
[flop] check
[flop] player The Joker_3_1 checks
[flop] round ends
[turn] J diamond
[turn] round starts
[turn] player NX01_3_0 has 2984 chips
[turn] player The Joker_3_1 has 2964 chips
[turn] player ssw_3_2 has 2977 chips
[turn] player yi95yi_3_3 has 2977 chips
[turn] player LnBot_3_4 has 3029 chips
[turn] player Kasin_3_5 has 2994 chips
[turn] player yjt-small_3_6 has 2994 chips
[turn] player Magnet Burning_3_7 has 2991 chips
[turn] player LnBot_3_4 checks
[turn] player NX01_3_0 checks
[turn] action
[turn] check
[turn] player The Joker_3_1 checks
[turn] round ends
[river] 10 spade
[river] round starts
[river] player NX01_3_0 has 2984 chips
[river] player The Joker_3_1 has 2964 chips
[river] player ssw_3_2 has 2977 chips
[river] player yi95yi_3_3 has 2977 chips
[river] player LnBot_3_4 has 3029 chips
[river] player Kasin_3_5 has 2994 chips
[river] player yjt-small_3_6 has 2994 chips
[river] player Magnet Burning_3_7 has 2991 chips
[river] player LnBot_3_4 checks
[river] player NX01_3_0 checks
[river] action
[river] check
[river] player The Joker_3_1 checks
[river] round ends
[SHOWDOWN] showdown starts
[SHOWDOWN] showdown
[SHOWDOWN] 10 club Q club A heart J diamond 10 spade
[SHOWDOWN] player LnBot_3_4 shows J diamond A heart 10 club A spade 10 spade, which is two pair.
[SHOWDOWN] player NX01_3_0 shows Q club Q diamond 10 spade 10 club 6 heart, which is two pair.
[SHOWDOWN] player The Joker_3_1 shows 10 club Q club A heart J diamond 10 spade, which is one pair.
[GAME STAT] pot 0 with 50 chips is shared by 1 players
[GAME STAT] player LnBot_3_4 gets 50 chips from pot 0
[GAME STAT] pot 1 with 40 chips is shared by 1 players
[GAME STAT] player LnBot_3_4 gets 40 chips from pot 1
[GAME STAT] overall statistics
[GAME STAT] player NX01_3_0 wins -20 chips in this game
[GAME STAT] player The Joker_3_1 wins -20 chips in this game
[GAME STAT] player ssw_3_2 wins -10 chips in this game
[GAME STAT] player yi95yi_3_3 wins -20 chips in this game
[GAME STAT] player LnBot_3_4 wins 70 chips in this game
[GAME STAT] player Kasin_3_5 wins 0 chips in this game
[GAME STAT] player yjt-small_3_6 wins 0 chips in this game
[GAME STAT] player Magnet Burning_3_7 wins 0 chips in this game
[GAME 10] game ends, invoking player.game_end()
[GAME 11] game starts
[GAME INFO] number of participants in this game = 8
[GAME INFO] participant: NX01_3_0, chip = 2984
[GAME INFO] participant: The Joker_3_1, chip = 2964
[GAME INFO] participant: ssw_3_2, chip = 2977
[GAME INFO] participant: yi95yi_3_3, chip = 2977
[GAME INFO] participant: LnBot_3_4, chip = 3119
[GAME INFO] participant: Kasin_3_5, chip = 2994
[GAME INFO] participant: yjt-small_3_6, chip = 2994
[GAME INFO] participant: Magnet Burning_3_7, chip = 2991
[GAME INFO] blind is 10
[GAME INFO] dealer is ssw_3_2
[GAME INFO] small blind 10 posted by yi95yi_3_3
[GAME INFO] big blind 20 posted by LnBot_3_4
[hole card] 5 heart
[hole card] 8 club
[preflop] round starts
[preflop] player NX01_3_0 has 2984 chips
[preflop] player The Joker_3_1 has 2964 chips
[preflop] player ssw_3_2 has 2977 chips
[preflop] player yi95yi_3_3 has 2967 chips
[preflop] player LnBot_3_4 has 3099 chips
[preflop] player Kasin_3_5 has 2994 chips
[preflop] player yjt-small_3_6 has 2994 chips
[preflop] player Magnet Burning_3_7 has 2991 chips
[preflop] player Kasin_3_5 calls. Total bet is 20
[preflop] player yjt-small_3_6 folds
[preflop] player Magnet Burning_3_7 folds
[preflop] player NX01_3_0 folds
[preflop] action
[WARNING] CANNOT check when another player has raised
[preflop] player The Joker_3_1 folds
[preflop] player ssw_3_2 folds
[preflop] player yi95yi_3_3 folds
[preflop] player LnBot_3_4 calls. Total bet is 20
[flop] Q club
[flop] K spade
[flop] A diamond
[flop] round starts
[flop] player NX01_3_0 has 2984 chips
[flop] player The Joker_3_1 has 2964 chips
[flop] player ssw_3_2 has 2977 chips
[flop] player yi95yi_3_3 has 2967 chips
[flop] player LnBot_3_4 has 3099 chips
[flop] player Kasin_3_5 has 2974 chips
[flop] player yjt-small_3_6 has 2994 chips
[flop] player Magnet Burning_3_7 has 2991 chips
[flop] player LnBot_3_4 checks
[flop] player Kasin_3_5 checks
[flop] round ends
[turn] 5 diamond
[turn] round starts
[turn] player NX01_3_0 has 2984 chips
[turn] player The Joker_3_1 has 2964 chips
[turn] player ssw_3_2 has 2977 chips
[turn] player yi95yi_3_3 has 2967 chips
[turn] player LnBot_3_4 has 3099 chips
[turn] player Kasin_3_5 has 2974 chips
[turn] player yjt-small_3_6 has 2994 chips
[turn] player Magnet Burning_3_7 has 2991 chips
[turn] player LnBot_3_4 checks
[turn] player Kasin_3_5 checks
[turn] round ends
[river] 5 spade
[river] round starts
[river] player NX01_3_0 has 2984 chips
[river] player The Joker_3_1 has 2964 chips
[river] player ssw_3_2 has 2977 chips
[river] player yi95yi_3_3 has 2967 chips
[river] player LnBot_3_4 has 3099 chips
[river] player Kasin_3_5 has 2974 chips
[river] player yjt-small_3_6 has 2994 chips
[river] player Magnet Burning_3_7 has 2991 chips
[river] player LnBot_3_4 checks
[river] player Kasin_3_5 checks
[river] round ends
[SHOWDOWN] showdown starts
[SHOWDOWN] player Kasin_3_5 shows A diamond A spade K spade K heart Q club, which is two pair.
[SHOWDOWN] player LnBot_3_4 shows A diamond Q club 5 diamond Q heart 5 spade, which is two pair.
[GAME STAT] pot 0 with 30 chips is shared by 1 players
[GAME STAT] player Kasin_3_5 gets 30 chips from pot 0
[GAME STAT] pot 1 with 20 chips is shared by 1 players
[GAME STAT] player Kasin_3_5 gets 20 chips from pot 1
[GAME STAT] overall statistics
[GAME STAT] player NX01_3_0 wins 0 chips in this game
[GAME STAT] player The Joker_3_1 wins 0 chips in this game
[GAME STAT] player ssw_3_2 wins 0 chips in this game
[GAME STAT] player yi95yi_3_3 wins -10 chips in this game
[GAME STAT] player LnBot_3_4 wins -20 chips in this game
[GAME STAT] player Kasin_3_5 wins 30 chips in this game
[GAME STAT] player yjt-small_3_6 wins 0 chips in this game
[GAME STAT] player Magnet Burning_3_7 wins 0 chips in this game
[GAME 11] game ends, invoking player.game_end()
[GAME 12] game starts
[GAME INFO] number of participants in this game = 8
[GAME INFO] participant: NX01_3_0, chip = 2984
[GAME INFO] participant: The Joker_3_1, chip = 2964
[GAME INFO] participant: ssw_3_2, chip = 2977
[GAME INFO] participant: yi95yi_3_3, chip = 2967
[GAME INFO] participant: LnBot_3_4, chip = 3099
[GAME INFO] participant: Kasin_3_5, chip = 3024
[GAME INFO] participant: yjt-small_3_6, chip = 2994
[GAME INFO] participant: Magnet Burning_3_7, chip = 2991
[GAME INFO] blind is 10
[GAME INFO] dealer is yi95yi_3_3
[GAME INFO] small blind 10 posted by LnBot_3_4
[GAME INFO] big blind 20 posted by Kasin_3_5
[hole card] 4 heart
[hole card] 10 spade
[preflop] round starts
[preflop] player NX01_3_0 has 2984 chips
[preflop] player The Joker_3_1 has 2964 chips
[preflop] player ssw_3_2 has 2977 chips
[preflop] player yi95yi_3_3 has 2967 chips
[preflop] player LnBot_3_4 has 3089 chips
[preflop] player Kasin_3_5 has 3004 chips
[preflop] player yjt-small_3_6 has 2994 chips
[preflop] player Magnet Burning_3_7 has 2991 chips
[preflop] player yjt-small_3_6 folds
[preflop] player Magnet Burning_3_7 folds
[preflop] player NX01_3_0 calls. Total bet is 20
[preflop] action
[WARNING] CANNOT check when another player has raised
[preflop] player The Joker_3_1 folds
[preflop] player ssw_3_2 folds
[preflop] player yi95yi_3_3 folds
[preflop] player LnBot_3_4 calls. Total bet is 20
[preflop] player Kasin_3_5 folds
[flop] 2 heart
[flop] 6 spade
[flop] 7 diamond
[flop] round starts
[flop] player NX01_3_0 has 2964 chips
[flop] player The Joker_3_1 has 2964 chips
[flop] player ssw_3_2 has 2977 chips
[flop] player yi95yi_3_3 has 2967 chips
[flop] player LnBot_3_4 has 3079 chips
[flop] player Kasin_3_5 has 3004 chips
[flop] player yjt-small_3_6 has 2994 chips
[flop] player Magnet Burning_3_7 has 2991 chips
[flop] player LnBot_3_4 checks
[flop] player NX01_3_0 checks
[flop] round ends
[turn] 6 diamond
[turn] round starts
[turn] player NX01_3_0 has 2964 chips
[turn] player The Joker_3_1 has 2964 chips
[turn] player ssw_3_2 has 2977 chips
[turn] player yi95yi_3_3 has 2967 chips
[turn] player LnBot_3_4 has 3079 chips
[turn] player Kasin_3_5 has 3004 chips
[turn] player yjt-small_3_6 has 2994 chips
[turn] player Magnet Burning_3_7 has 2991 chips
[turn] player LnBot_3_4 checks
[turn] player NX01_3_0 checks
[turn] round ends
[river] 8 diamond
[river] round starts
[river] player NX01_3_0 has 2964 chips
[river] player The Joker_3_1 has 2964 chips
[river] player ssw_3_2 has 2977 chips
[river] player yi95yi_3_3 has 2967 chips
[river] player LnBot_3_4 has 3079 chips
[river] player Kasin_3_5 has 3004 chips
[river] player yjt-small_3_6 has 2994 chips
[river] player Magnet Burning_3_7 has 2991 chips
[river] player LnBot_3_4 checks
[river] player NX01_3_0 checks
[river] round ends
[SHOWDOWN] showdown starts
[SHOWDOWN] player NX01_3_0 shows Q club Q spade 6 diamond 6 spade 2 heart, which is two pair.
[SHOWDOWN] player LnBot_3_4 shows A club 6 diamond 6 spade 2 club 2 heart, which is two pair.
[GAME STAT] pot 0 with 60 chips is shared by 1 players
[GAME STAT] player NX01_3_0 gets 60 chips from pot 0
[GAME STAT] overall statistics
[GAME STAT] player NX01_3_0 wins 40 chips in this game
[GAME STAT] player The Joker_3_1 wins 0 chips in this game
[GAME STAT] player ssw_3_2 wins 0 chips in this game
[GAME STAT] player yi95yi_3_3 wins 0 chips in this game
[GAME STAT] player LnBot_3_4 wins -20 chips in this game
[GAME STAT] player Kasin_3_5 wins -20 chips in this game
[GAME STAT] player yjt-small_3_6 wins 0 chips in this game
[GAME STAT] player Magnet Burning_3_7 wins 0 chips in this game
[GAME 12] game ends, invoking player.game_end()
[GAME 13] game starts
[GAME INFO] number of participants in this game = 8
[GAME INFO] participant: NX01_3_0, chip = 3024
[GAME INFO] participant: The Joker_3_1, chip = 2964
[GAME INFO] participant: ssw_3_2, chip = 2977
[GAME INFO] participant: yi95yi_3_3, chip = 2967
[GAME INFO] participant: LnBot_3_4, chip = 3079
[GAME INFO] participant: Kasin_3_5, chip = 3004
[GAME INFO] participant: yjt-small_3_6, chip = 2994
[GAME INFO] participant: Magnet Burning_3_7, chip = 2991
[GAME INFO] blind is 20
[GAME INFO] dealer is LnBot_3_4
[GAME INFO] small blind 20 posted by Kasin_3_5
[GAME INFO] big blind 40 posted by yjt-small_3_6
[hole card] A heart
[hole card] 9 diamond
[preflop] round starts
[preflop] player NX01_3_0 has 3024 chips
[preflop] player The Joker_3_1 has 2964 chips
[preflop] player ssw_3_2 has 2977 chips
[preflop] player yi95yi_3_3 has 2967 chips
[preflop] player LnBot_3_4 has 3079 chips
[preflop] player Kasin_3_5 has 2984 chips
[preflop] player yjt-small_3_6 has 2954 chips
[preflop] player Magnet Burning_3_7 has 2991 chips
[preflop] player Magnet Burning_3_7 folds
[preflop] player NX01_3_0 calls. Total bet is 40
[preflop] action
[WARNING] CANNOT check when another player has raised
[preflop] player The Joker_3_1 folds
[preflop] player ssw_3_2 folds
[preflop] player yi95yi_3_3 calls. Total bet is 40
[preflop] player LnBot_3_4 calls. Total bet is 40
[preflop] player Kasin_3_5 folds
[preflop] player yjt-small_3_6 folds
[flop] 9 heart
[flop] 9 spade
[flop] 4 heart
[flop] round starts
[flop] player NX01_3_0 has 2984 chips
[flop] player The Joker_3_1 has 2964 chips
[flop] player ssw_3_2 has 2977 chips
[flop] player yi95yi_3_3 has 2927 chips
[flop] player LnBot_3_4 has 3039 chips
[flop] player Kasin_3_5 has 2984 chips
[flop] player yjt-small_3_6 has 2954 chips
[flop] player Magnet Burning_3_7 has 2991 chips
[flop] player NX01_3_0 checks
[flop] player yi95yi_3_3 checks
[flop] player LnBot_3_4 checks
[flop] round ends
[turn] A spade
[turn] round starts
[turn] player NX01_3_0 has 2984 chips
[turn] player The Joker_3_1 has 2964 chips
[turn] player ssw_3_2 has 2977 chips
[turn] player yi95yi_3_3 has 2927 chips
[turn] player LnBot_3_4 has 3039 chips
[turn] player Kasin_3_5 has 2984 chips
[turn] player yjt-small_3_6 has 2954 chips
[turn] player Magnet Burning_3_7 has 2991 chips
[turn] player NX01_3_0 checks
[turn] player yi95yi_3_3 checks
[turn] player LnBot_3_4 checks
[turn] round ends
[river] K spade
[river] round starts
[river] player NX01_3_0 has 2984 chips
[river] player The Joker_3_1 has 2964 chips
[river] player ssw_3_2 has 2977 chips
[river] player yi95yi_3_3 has 2927 chips
[river] player LnBot_3_4 has 3039 chips
[river] player Kasin_3_5 has 2984 chips
[river] player yjt-small_3_6 has 2954 chips
[river] player Magnet Burning_3_7 has 2991 chips
[river] player NX01_3_0 checks
[river] player yi95yi_3_3 checks
[river] player LnBot_3_4 checks
[river] round ends
[SHOWDOWN] showdown starts
[SHOWDOWN] player NX01_3_0 shows K spade K diamond 9 spade 9 heart 4 heart, which is two pair.
[SHOWDOWN] player yi95yi_3_3 shows 10 heart 10 diamond 9 heart 9 spade A spade, which is two pair.
[SHOWDOWN] player LnBot_3_4 shows A spade K spade 9 heart 9 spade 5 club, which is one pair.
[GAME STAT] pot 0 with 100 chips is shared by 1 players
[GAME STAT] player NX01_3_0 gets 100 chips from pot 0
[GAME STAT] pot 1 with 80 chips is shared by 1 players
[GAME STAT] player NX01_3_0 gets 80 chips from pot 1
[GAME STAT] overall statistics
[GAME STAT] player NX01_3_0 wins 140 chips in this game
[GAME STAT] player The Joker_3_1 wins 0 chips in this game
[GAME STAT] player ssw_3_2 wins 0 chips in this game
[GAME STAT] player yi95yi_3_3 wins -40 chips in this game
[GAME STAT] player LnBot_3_4 wins -40 chips in this game
[GAME STAT] player Kasin_3_5 wins -20 chips in this game
[GAME STAT] player yjt-small_3_6 wins -40 chips in this game
[GAME STAT] player Magnet Burning_3_7 wins 0 chips in this game
[GAME 13] game ends, invoking player.game_end()
[GAME 14] game starts
[GAME INFO] number of participants in this game = 8
[GAME INFO] participant: NX01_3_0, chip = 3164
[GAME INFO] participant: The Joker_3_1, chip = 2964
[GAME INFO] participant: ssw_3_2, chip = 2977
[GAME INFO] participant: yi95yi_3_3, chip = 2927
[GAME INFO] participant: LnBot_3_4, chip = 3039
[GAME INFO] participant: Kasin_3_5, chip = 2984
[GAME INFO] participant: yjt-small_3_6, chip = 2954
[GAME INFO] participant: Magnet Burning_3_7, chip = 2991
[GAME INFO] blind is 20
[GAME INFO] dealer is Kasin_3_5
[GAME INFO] small blind 20 posted by yjt-small_3_6
[GAME INFO] big blind 40 posted by Magnet Burning_3_7
[hole card] 9 club
[hole card] J spade
[preflop] round starts
[preflop] player NX01_3_0 has 3164 chips
[preflop] player The Joker_3_1 has 2964 chips
[preflop] player ssw_3_2 has 2977 chips
[preflop] player yi95yi_3_3 has 2927 chips
[preflop] player LnBot_3_4 has 3039 chips
[preflop] player Kasin_3_5 has 2984 chips
[preflop] player yjt-small_3_6 has 2934 chips
[preflop] player Magnet Burning_3_7 has 2951 chips
[preflop] player NX01_3_0 folds
[preflop] action
[WARNING] CANNOT check when another player has raised
[preflop] player The Joker_3_1 folds
[preflop] player ssw_3_2 folds
[preflop] player yi95yi_3_3 folds
[preflop] player LnBot_3_4 calls. Total bet is 40
[preflop] player Kasin_3_5 folds
[preflop] player yjt-small_3_6 folds
[preflop] player Magnet Burning_3_7 folds
[GAME STAT] pot 0 with 60 chips is shared by 1 players
[GAME STAT] player LnBot_3_4 gets 60 chips from pot 0
[GAME STAT] pot 1 with 40 chips is shared by 1 players
[GAME STAT] player LnBot_3_4 gets 40 chips from pot 1
[GAME STAT] overall statistics
[GAME STAT] player NX01_3_0 wins 0 chips in this game
[GAME STAT] player The Joker_3_1 wins 0 chips in this game
[GAME STAT] player ssw_3_2 wins 0 chips in this game
[GAME STAT] player yi95yi_3_3 wins 0 chips in this game
[GAME STAT] player LnBot_3_4 wins 60 chips in this game
[GAME STAT] player Kasin_3_5 wins 0 chips in this game
[GAME STAT] player yjt-small_3_6 wins -20 chips in this game
[GAME STAT] player Magnet Burning_3_7 wins -40 chips in this game
[GAME 14] game ends, invoking player.game_end()
[GAME 15] game starts
[GAME INFO] number of participants in this game = 8
[GAME INFO] participant: NX01_3_0, chip = 3164
[GAME INFO] participant: The Joker_3_1, chip = 2964
[GAME INFO] participant: ssw_3_2, chip = 2977
[GAME INFO] participant: yi95yi_3_3, chip = 2927
[GAME INFO] participant: LnBot_3_4, chip = 3099
[GAME INFO] participant: Kasin_3_5, chip = 2984
[GAME INFO] participant: yjt-small_3_6, chip = 2934
[GAME INFO] participant: Magnet Burning_3_7, chip = 2951
[GAME INFO] blind is 20
[GAME INFO] dealer is yjt-small_3_6
[GAME INFO] small blind 20 posted by Magnet Burning_3_7
[GAME INFO] big blind 40 posted by NX01_3_0
[hole card] K diamond
[hole card] 9 diamond
[preflop] round starts
[preflop] player NX01_3_0 has 3124 chips
[preflop] player The Joker_3_1 has 2964 chips
[preflop] player ssw_3_2 has 2977 chips
[preflop] player yi95yi_3_3 has 2927 chips
[preflop] player LnBot_3_4 has 3099 chips
[preflop] player Kasin_3_5 has 2984 chips
[preflop] player yjt-small_3_6 has 2934 chips
[preflop] player Magnet Burning_3_7 has 2931 chips
[preflop] action
[WARNING] CANNOT check when another player has raised
[preflop] player The Joker_3_1 folds
[preflop] player ssw_3_2 folds
[preflop] player yi95yi_3_3 folds
[preflop] player LnBot_3_4 calls. Total bet is 40
[preflop] player Kasin_3_5 folds
[preflop] player yjt-small_3_6 folds
[preflop] player Magnet Burning_3_7 folds
[preflop] player NX01_3_0 folds
[GAME STAT] pot 0 with 60 chips is shared by 1 players
[GAME STAT] player LnBot_3_4 gets 60 chips from pot 0
[GAME STAT] pot 1 with 40 chips is shared by 1 players
[GAME STAT] player LnBot_3_4 gets 40 chips from pot 1
[GAME STAT] overall statistics
[GAME STAT] player NX01_3_0 wins -40 chips in this game
[GAME STAT] player The Joker_3_1 wins 0 chips in this game
[GAME STAT] player ssw_3_2 wins 0 chips in this game
[GAME STAT] player yi95yi_3_3 wins 0 chips in this game
[GAME STAT] player LnBot_3_4 wins 60 chips in this game
[GAME STAT] player Kasin_3_5 wins 0 chips in this game
[GAME STAT] player yjt-small_3_6 wins 0 chips in this game
[GAME STAT] player Magnet Burning_3_7 wins -20 chips in this game
[GAME 15] game ends, invoking player.game_end()
[GAME 16] game starts
[GAME INFO] number of participants in this game = 8
[GAME INFO] participant: NX01_3_0, chip = 3124
[GAME INFO] participant: The Joker_3_1, chip = 2964
[GAME INFO] participant: ssw_3_2, chip = 2977
[GAME INFO] participant: yi95yi_3_3, chip = 2927
[GAME INFO] participant: LnBot_3_4, chip = 3159
[GAME INFO] participant: Kasin_3_5, chip = 2984
[GAME INFO] participant: yjt-small_3_6, chip = 2934
[GAME INFO] participant: Magnet Burning_3_7, chip = 2931
[GAME INFO] blind is 50
[GAME INFO] dealer is Magnet Burning_3_7
[GAME INFO] small blind 50 posted by NX01_3_0
[GAME INFO] big blind 100 posted by The Joker_3_1
[hole card] 6 heart
[hole card] 5 club
[preflop] round starts
[preflop] player NX01_3_0 has 3074 chips
[preflop] player The Joker_3_1 has 2864 chips
[preflop] player ssw_3_2 has 2977 chips
[preflop] player yi95yi_3_3 has 2927 chips
[preflop] player LnBot_3_4 has 3159 chips
[preflop] player Kasin_3_5 has 2984 chips
[preflop] player yjt-small_3_6 has 2934 chips
[preflop] player Magnet Burning_3_7 has 2931 chips
[preflop] player ssw_3_2 folds
[preflop] player yi95yi_3_3 folds
[preflop] player LnBot_3_4 calls. Total bet is 100
[preflop] player Kasin_3_5 folds
[preflop] player yjt-small_3_6 folds
[preflop] player Magnet Burning_3_7 folds
[preflop] player NX01_3_0 folds
[preflop] action
[preflop] call (0 chips). 
[preflop] player The Joker_3_1 calls. Total bet is 100
[flop] 9 diamond
[flop] Q spade
[flop] 9 spade
[flop] round starts
[flop] player NX01_3_0 has 3074 chips
[flop] player The Joker_3_1 has 2864 chips
[flop] player ssw_3_2 has 2977 chips
[flop] player yi95yi_3_3 has 2927 chips
[flop] player LnBot_3_4 has 3059 chips
[flop] player Kasin_3_5 has 2984 chips
[flop] player yjt-small_3_6 has 2934 chips
[flop] player Magnet Burning_3_7 has 2931 chips
[flop] action
[flop] check
[flop] player The Joker_3_1 checks
[flop] player LnBot_3_4 checks
[flop] round ends
[turn] 10 spade
[turn] round starts
[turn] player NX01_3_0 has 3074 chips
[turn] player The Joker_3_1 has 2864 chips
[turn] player ssw_3_2 has 2977 chips
[turn] player yi95yi_3_3 has 2927 chips
[turn] player LnBot_3_4 has 3059 chips
[turn] player Kasin_3_5 has 2984 chips
[turn] player yjt-small_3_6 has 2934 chips
[turn] player Magnet Burning_3_7 has 2931 chips
[turn] action
[turn] check
[turn] player The Joker_3_1 checks
[turn] player LnBot_3_4 checks
[turn] round ends
[river] 9 heart
[river] round starts
[river] player NX01_3_0 has 3074 chips
[river] player The Joker_3_1 has 2864 chips
[river] player ssw_3_2 has 2977 chips
[river] player yi95yi_3_3 has 2927 chips
[river] player LnBot_3_4 has 3059 chips
[river] player Kasin_3_5 has 2984 chips
[river] player yjt-small_3_6 has 2934 chips
[river] player Magnet Burning_3_7 has 2931 chips
[river] action
[river] check
[river] player The Joker_3_1 checks
[river] player LnBot_3_4 checks
[river] round ends
[SHOWDOWN] showdown starts
[SHOWDOWN] showdown
[SHOWDOWN] 9 diamond Q spade 9 spade 10 spade 9 heart
[SHOWDOWN] player The Joker_3_1 shows 9 diamond Q spade 9 spade 10 spade 9 heart, which is three of a kind.
[SHOWDOWN] player LnBot_3_4 shows 9 heart Q spade 9 diamond 2 club 9 spade, which is three of a kind.
[GAME STAT] pot 0 with 150 chips is shared by 1 players
[GAME STAT] player The Joker_3_1 gets 150 chips from pot 0
[GAME STAT] pot 1 with 100 chips is shared by 1 players
[GAME STAT] player The Joker_3_1 gets 100 chips from pot 1
[GAME STAT] overall statistics
[GAME STAT] player NX01_3_0 wins -50 chips in this game
[GAME STAT] player The Joker_3_1 wins 150 chips in this game
[GAME STAT] player ssw_3_2 wins 0 chips in this game
[GAME STAT] player yi95yi_3_3 wins 0 chips in this game
[GAME STAT] player LnBot_3_4 wins -100 chips in this game
[GAME STAT] player Kasin_3_5 wins 0 chips in this game
[GAME STAT] player yjt-small_3_6 wins 0 chips in this game
[GAME STAT] player Magnet Burning_3_7 wins 0 chips in this game
[GAME 16] game ends, invoking player.game_end()
[GAME 17] game starts
[GAME INFO] number of participants in this game = 8
[GAME INFO] participant: NX01_3_0, chip = 3074
[GAME INFO] participant: The Joker_3_1, chip = 3114
[GAME INFO] participant: ssw_3_2, chip = 2977
[GAME INFO] participant: yi95yi_3_3, chip = 2927
[GAME INFO] participant: LnBot_3_4, chip = 3059
[GAME INFO] participant: Kasin_3_5, chip = 2984
[GAME INFO] participant: yjt-small_3_6, chip = 2934
[GAME INFO] participant: Magnet Burning_3_7, chip = 2931
[GAME INFO] blind is 50
[GAME INFO] dealer is NX01_3_0
[GAME INFO] small blind 50 posted by The Joker_3_1
[GAME INFO] big blind 100 posted by ssw_3_2
[hole card] 6 spade
[hole card] 3 club
[preflop] round starts
[preflop] player NX01_3_0 has 3074 chips
[preflop] player The Joker_3_1 has 3064 chips
[preflop] player ssw_3_2 has 2877 chips
[preflop] player yi95yi_3_3 has 2927 chips
[preflop] player LnBot_3_4 has 3059 chips
[preflop] player Kasin_3_5 has 2984 chips
[preflop] player yjt-small_3_6 has 2934 chips
[preflop] player Magnet Burning_3_7 has 2931 chips
[preflop] player yi95yi_3_3 folds
[preflop] player LnBot_3_4 calls. Total bet is 100
[preflop] player Kasin_3_5 folds
[preflop] player yjt-small_3_6 folds
[preflop] player Magnet Burning_3_7 folds
[preflop] player NX01_3_0 folds
[preflop] action
[WARNING] CANNOT check when another player has raised
[preflop] player The Joker_3_1 folds
[preflop] player ssw_3_2 folds
[GAME STAT] pot 0 with 150 chips is shared by 1 players
[GAME STAT] player LnBot_3_4 gets 150 chips from pot 0
[GAME STAT] pot 1 with 100 chips is shared by 1 players
[GAME STAT] player LnBot_3_4 gets 100 chips from pot 1
[GAME STAT] overall statistics
[GAME STAT] player NX01_3_0 wins 0 chips in this game
[GAME STAT] player The Joker_3_1 wins -50 chips in this game
[GAME STAT] player ssw_3_2 wins -100 chips in this game
[GAME STAT] player yi95yi_3_3 wins 0 chips in this game
[GAME STAT] player LnBot_3_4 wins 150 chips in this game
[GAME STAT] player Kasin_3_5 wins 0 chips in this game
[GAME STAT] player yjt-small_3_6 wins 0 chips in this game
[GAME STAT] player Magnet Burning_3_7 wins 0 chips in this game
[GAME 17] game ends, invoking player.game_end()
[GAME 18] game starts
[GAME INFO] number of participants in this game = 8
[GAME INFO] participant: NX01_3_0, chip = 3074
[GAME INFO] participant: The Joker_3_1, chip = 3064
[GAME INFO] participant: ssw_3_2, chip = 2877
[GAME INFO] participant: yi95yi_3_3, chip = 2927
[GAME INFO] participant: LnBot_3_4, chip = 3209
[GAME INFO] participant: Kasin_3_5, chip = 2984
[GAME INFO] participant: yjt-small_3_6, chip = 2934
[GAME INFO] participant: Magnet Burning_3_7, chip = 2931
[GAME INFO] blind is 50
[GAME INFO] dealer is The Joker_3_1
[GAME INFO] small blind 50 posted by ssw_3_2
[GAME INFO] big blind 100 posted by yi95yi_3_3
[hole card] Q club
[hole card] 5 club
[preflop] round starts
[preflop] player NX01_3_0 has 3074 chips
[preflop] player The Joker_3_1 has 3064 chips
[preflop] player ssw_3_2 has 2827 chips
[preflop] player yi95yi_3_3 has 2827 chips
[preflop] player LnBot_3_4 has 3209 chips
[preflop] player Kasin_3_5 has 2984 chips
[preflop] player yjt-small_3_6 has 2934 chips
[preflop] player Magnet Burning_3_7 has 2931 chips
[preflop] player LnBot_3_4 calls. Total bet is 100
[preflop] player Kasin_3_5 folds
[preflop] player yjt-small_3_6 folds
[preflop] player Magnet Burning_3_7 folds
[preflop] player NX01_3_0 calls. Total bet is 100
[preflop] action
[WARNING] CANNOT check when another player has raised
[preflop] player The Joker_3_1 folds
[preflop] player ssw_3_2 folds
[preflop] player yi95yi_3_3 folds
[flop] A diamond
[flop] J spade
[flop] 10 club
[flop] round starts
[flop] player NX01_3_0 has 2974 chips
[flop] player The Joker_3_1 has 3064 chips
[flop] player ssw_3_2 has 2827 chips
[flop] player yi95yi_3_3 has 2827 chips
[flop] player LnBot_3_4 has 3109 chips
[flop] player Kasin_3_5 has 2984 chips
[flop] player yjt-small_3_6 has 2934 chips
[flop] player Magnet Burning_3_7 has 2931 chips
[flop] player LnBot_3_4 checks
[flop] player NX01_3_0 checks
[flop] round ends
[turn] 5 heart
[turn] round starts
[turn] player NX01_3_0 has 2974 chips
[turn] player The Joker_3_1 has 3064 chips
[turn] player ssw_3_2 has 2827 chips
[turn] player yi95yi_3_3 has 2827 chips
[turn] player LnBot_3_4 has 3109 chips
[turn] player Kasin_3_5 has 2984 chips
[turn] player yjt-small_3_6 has 2934 chips
[turn] player Magnet Burning_3_7 has 2931 chips
[turn] player LnBot_3_4 checks
[turn] player NX01_3_0 checks
[turn] round ends
[river] 6 heart
[river] round starts
[river] player NX01_3_0 has 2974 chips
[river] player The Joker_3_1 has 3064 chips
[river] player ssw_3_2 has 2827 chips
[river] player yi95yi_3_3 has 2827 chips
[river] player LnBot_3_4 has 3109 chips
[river] player Kasin_3_5 has 2984 chips
[river] player yjt-small_3_6 has 2934 chips
[river] player Magnet Burning_3_7 has 2931 chips
[river] player LnBot_3_4 checks
[river] player NX01_3_0 checks
[river] round ends
[SHOWDOWN] showdown starts
[SHOWDOWN] player NX01_3_0 shows A diamond K spade J spade 10 club 9 spade, which is high card.
[SHOWDOWN] player LnBot_3_4 shows 10 club A diamond J spade 8 diamond 7 diamond, which is high card.
[GAME STAT] pot 0 with 200 chips is shared by 1 players
[GAME STAT] player NX01_3_0 gets 200 chips from pot 0
[GAME STAT] pot 1 with 150 chips is shared by 1 players
[GAME STAT] player NX01_3_0 gets 150 chips from pot 1
[GAME STAT] overall statistics
[GAME STAT] player NX01_3_0 wins 250 chips in this game
[GAME STAT] player The Joker_3_1 wins 0 chips in this game
[GAME STAT] player ssw_3_2 wins -50 chips in this game
[GAME STAT] player yi95yi_3_3 wins -100 chips in this game
[GAME STAT] player LnBot_3_4 wins -100 chips in this game
[GAME STAT] player Kasin_3_5 wins 0 chips in this game
[GAME STAT] player yjt-small_3_6 wins 0 chips in this game
[GAME STAT] player Magnet Burning_3_7 wins 0 chips in this game
[GAME 18] game ends, invoking player.game_end()
[GAME 19] game starts
[GAME INFO] number of participants in this game = 8
[GAME INFO] participant: NX01_3_0, chip = 3324
[GAME INFO] participant: The Joker_3_1, chip = 3064
[GAME INFO] participant: ssw_3_2, chip = 2827
[GAME INFO] participant: yi95yi_3_3, chip = 2827
[GAME INFO] participant: LnBot_3_4, chip = 3109
[GAME INFO] participant: Kasin_3_5, chip = 2984
[GAME INFO] participant: yjt-small_3_6, chip = 2934
[GAME INFO] participant: Magnet Burning_3_7, chip = 2931
[GAME INFO] blind is 100
[GAME INFO] dealer is ssw_3_2
[GAME INFO] small blind 100 posted by yi95yi_3_3
[GAME INFO] big blind 200 posted by LnBot_3_4
[hole card] J diamond
[hole card] K heart
[preflop] round starts
[preflop] player NX01_3_0 has 3324 chips
[preflop] player The Joker_3_1 has 3064 chips
[preflop] player ssw_3_2 has 2827 chips
[preflop] player yi95yi_3_3 has 2727 chips
[preflop] player LnBot_3_4 has 2909 chips
[preflop] player Kasin_3_5 has 2984 chips
[preflop] player yjt-small_3_6 has 2934 chips
[preflop] player Magnet Burning_3_7 has 2931 chips
[preflop] player Kasin_3_5 folds
[preflop] player yjt-small_3_6 folds
[preflop] player Magnet Burning_3_7 folds
[preflop] player NX01_3_0 calls. Total bet is 200
[preflop] action
[WARNING] CANNOT check when another player has raised
[preflop] player The Joker_3_1 folds
[preflop] player ssw_3_2 folds
[preflop] player yi95yi_3_3 folds
[preflop] player LnBot_3_4 calls. Total bet is 200
[flop] 5 spade
[flop] 2 diamond
[flop] Q club
[flop] round starts
[flop] player NX01_3_0 has 3124 chips
[flop] player The Joker_3_1 has 3064 chips
[flop] player ssw_3_2 has 2827 chips
[flop] player yi95yi_3_3 has 2727 chips
[flop] player LnBot_3_4 has 2909 chips
[flop] player Kasin_3_5 has 2984 chips
[flop] player yjt-small_3_6 has 2934 chips
[flop] player Magnet Burning_3_7 has 2931 chips
[flop] player LnBot_3_4 checks
[flop] player NX01_3_0 checks
[flop] round ends
[turn] 7 heart
[turn] round starts
[turn] player NX01_3_0 has 3124 chips
[turn] player The Joker_3_1 has 3064 chips
[turn] player ssw_3_2 has 2827 chips
[turn] player yi95yi_3_3 has 2727 chips
[turn] player LnBot_3_4 has 2909 chips
[turn] player Kasin_3_5 has 2984 chips
[turn] player yjt-small_3_6 has 2934 chips
[turn] player Magnet Burning_3_7 has 2931 chips
[turn] player LnBot_3_4 checks
[turn] player NX01_3_0 checks
[turn] round ends
[river] 4 heart
[river] round starts
[river] player NX01_3_0 has 3124 chips
[river] player The Joker_3_1 has 3064 chips
[river] player ssw_3_2 has 2827 chips
[river] player yi95yi_3_3 has 2727 chips
[river] player LnBot_3_4 has 2909 chips
[river] player Kasin_3_5 has 2984 chips
[river] player yjt-small_3_6 has 2934 chips
[river] player Magnet Burning_3_7 has 2931 chips
[river] player LnBot_3_4 checks
[river] player NX01_3_0 checks
[river] round ends
[SHOWDOWN] showdown starts
[SHOWDOWN] player NX01_3_0 shows Q diamond Q club J spade 7 heart 5 spade, which is one pair.
[SHOWDOWN] player LnBot_3_4 shows A club Q club 8 club 7 heart 4 heart, which is high card.
[GAME STAT] pot 0 with 300 chips is shared by 1 players
[GAME STAT] player NX01_3_0 gets 300 chips from pot 0
[GAME STAT] pot 1 with 200 chips is shared by 1 players
[GAME STAT] player NX01_3_0 gets 200 chips from pot 1
[GAME STAT] overall statistics
[GAME STAT] player NX01_3_0 wins 300 chips in this game
[GAME STAT] player The Joker_3_1 wins 0 chips in this game
[GAME STAT] player ssw_3_2 wins 0 chips in this game
[GAME STAT] player yi95yi_3_3 wins -100 chips in this game
[GAME STAT] player LnBot_3_4 wins -200 chips in this game
[GAME STAT] player Kasin_3_5 wins 0 chips in this game
[GAME STAT] player yjt-small_3_6 wins 0 chips in this game
[GAME STAT] player Magnet Burning_3_7 wins 0 chips in this game
[GAME 19] game ends, invoking player.game_end()
[GAME 20] game starts
[GAME INFO] number of participants in this game = 8
[GAME INFO] participant: NX01_3_0, chip = 3624
[GAME INFO] participant: The Joker_3_1, chip = 3064
[GAME INFO] participant: ssw_3_2, chip = 2827
[GAME INFO] participant: yi95yi_3_3, chip = 2727
[GAME INFO] participant: LnBot_3_4, chip = 2909
[GAME INFO] participant: Kasin_3_5, chip = 2984
[GAME INFO] participant: yjt-small_3_6, chip = 2934
[GAME INFO] participant: Magnet Burning_3_7, chip = 2931
[GAME INFO] blind is 100
[GAME INFO] dealer is yi95yi_3_3
[GAME INFO] small blind 100 posted by LnBot_3_4
[GAME INFO] big blind 200 posted by Kasin_3_5
[hole card] 8 spade
[hole card] J heart
[preflop] round starts
[preflop] player NX01_3_0 has 3624 chips
[preflop] player The Joker_3_1 has 3064 chips
[preflop] player ssw_3_2 has 2827 chips
[preflop] player yi95yi_3_3 has 2727 chips
[preflop] player LnBot_3_4 has 2809 chips
[preflop] player Kasin_3_5 has 2784 chips
[preflop] player yjt-small_3_6 has 2934 chips
[preflop] player Magnet Burning_3_7 has 2931 chips
[preflop] player yjt-small_3_6 folds
[preflop] player Magnet Burning_3_7 folds
[preflop] player NX01_3_0 calls. Total bet is 200
[preflop] action
[WARNING] CANNOT check when another player has raised
[preflop] player The Joker_3_1 folds
[preflop] player ssw_3_2 folds
[preflop] player yi95yi_3_3 folds
[preflop] player LnBot_3_4 calls. Total bet is 200
[preflop] player Kasin_3_5 folds
[flop] 6 heart
[flop] Q spade
[flop] 10 spade
[flop] round starts
[flop] player NX01_3_0 has 3424 chips
[flop] player The Joker_3_1 has 3064 chips
[flop] player ssw_3_2 has 2827 chips
[flop] player yi95yi_3_3 has 2727 chips
[flop] player LnBot_3_4 has 2709 chips
[flop] player Kasin_3_5 has 2784 chips
[flop] player yjt-small_3_6 has 2934 chips
[flop] player Magnet Burning_3_7 has 2931 chips
[flop] player LnBot_3_4 checks
[flop] player NX01_3_0 checks
[flop] round ends
[turn] Q club
[turn] round starts
[turn] player NX01_3_0 has 3424 chips
[turn] player The Joker_3_1 has 3064 chips
[turn] player ssw_3_2 has 2827 chips
[turn] player yi95yi_3_3 has 2727 chips
[turn] player LnBot_3_4 has 2709 chips
[turn] player Kasin_3_5 has 2784 chips
[turn] player yjt-small_3_6 has 2934 chips
[turn] player Magnet Burning_3_7 has 2931 chips
[turn] player LnBot_3_4 checks
[turn] player NX01_3_0 checks
[turn] round ends
[river] 10 club
[river] round starts
[river] player NX01_3_0 has 3424 chips
[river] player The Joker_3_1 has 3064 chips
[river] player ssw_3_2 has 2827 chips
[river] player yi95yi_3_3 has 2727 chips
[river] player LnBot_3_4 has 2709 chips
[river] player Kasin_3_5 has 2784 chips
[river] player yjt-small_3_6 has 2934 chips
[river] player Magnet Burning_3_7 has 2931 chips
[river] player LnBot_3_4 checks
[river] player NX01_3_0 checks
[river] round ends
[SHOWDOWN] showdown starts
[SHOWDOWN] player LnBot_3_4 shows K club Q club 10 club Q spade 10 spade, which is two pair.
[SHOWDOWN] player NX01_3_0 shows Q club J club J club 10 club 9 heart, which is invalid.
[GAME STAT] pot 0 with 600 chips is shared by 1 players
[GAME STAT] player LnBot_3_4 gets 600 chips from pot 0
[GAME STAT] overall statistics
[GAME STAT] player NX01_3_0 wins -200 chips in this game
[GAME STAT] player The Joker_3_1 wins 0 chips in this game
[GAME STAT] player ssw_3_2 wins 0 chips in this game
[GAME STAT] player yi95yi_3_3 wins 0 chips in this game
[GAME STAT] player LnBot_3_4 wins 400 chips in this game
[GAME STAT] player Kasin_3_5 wins -200 chips in this game
[GAME STAT] player yjt-small_3_6 wins 0 chips in this game
[GAME STAT] player Magnet Burning_3_7 wins 0 chips in this game
[GAME 20] game ends, invoking player.game_end()
[GAME 21] game starts
[GAME INFO] number of participants in this game = 8
[GAME INFO] participant: NX01_3_0, chip = 3424
[GAME INFO] participant: The Joker_3_1, chip = 3064
[GAME INFO] participant: ssw_3_2, chip = 2827
[GAME INFO] participant: yi95yi_3_3, chip = 2727
[GAME INFO] participant: LnBot_3_4, chip = 3309
[GAME INFO] participant: Kasin_3_5, chip = 2784
[GAME INFO] participant: yjt-small_3_6, chip = 2934
[GAME INFO] participant: Magnet Burning_3_7, chip = 2931
[GAME INFO] blind is 100
[GAME INFO] dealer is LnBot_3_4
[GAME INFO] small blind 100 posted by Kasin_3_5
[GAME INFO] big blind 200 posted by yjt-small_3_6
[hole card] Q heart
[hole card] J diamond
[preflop] round starts
[preflop] player NX01_3_0 has 3424 chips
[preflop] player The Joker_3_1 has 3064 chips
[preflop] player ssw_3_2 has 2827 chips
[preflop] player yi95yi_3_3 has 2727 chips
[preflop] player LnBot_3_4 has 3309 chips
[preflop] player Kasin_3_5 has 2684 chips
[preflop] player yjt-small_3_6 has 2734 chips
[preflop] player Magnet Burning_3_7 has 2931 chips
[preflop] player Magnet Burning_3_7 folds
[preflop] player NX01_3_0 calls. Total bet is 200
[preflop] action
[WARNING] CANNOT check when another player has raised
[preflop] player The Joker_3_1 folds
[preflop] player ssw_3_2 folds
[preflop] player yi95yi_3_3 folds
[preflop] player LnBot_3_4 calls. Total bet is 200
[preflop] player Kasin_3_5 folds
[preflop] player yjt-small_3_6 folds
[flop] J heart
[flop] 4 spade
[flop] 5 heart
[flop] round starts
[flop] player NX01_3_0 has 3224 chips
[flop] player The Joker_3_1 has 3064 chips
[flop] player ssw_3_2 has 2827 chips
[flop] player yi95yi_3_3 has 2727 chips
[flop] player LnBot_3_4 has 3109 chips
[flop] player Kasin_3_5 has 2684 chips
[flop] player yjt-small_3_6 has 2734 chips
[flop] player Magnet Burning_3_7 has 2931 chips
[flop] player NX01_3_0 checks
[flop] player LnBot_3_4 checks
[flop] round ends
[turn] J club
[turn] round starts
[turn] player NX01_3_0 has 3224 chips
[turn] player The Joker_3_1 has 3064 chips
[turn] player ssw_3_2 has 2827 chips
[turn] player yi95yi_3_3 has 2727 chips
[turn] player LnBot_3_4 has 3109 chips
[turn] player Kasin_3_5 has 2684 chips
[turn] player yjt-small_3_6 has 2734 chips
[turn] player Magnet Burning_3_7 has 2931 chips
[turn] player NX01_3_0 checks
[turn] player LnBot_3_4 checks
[turn] round ends
[river] 10 club
[river] round starts
[river] player NX01_3_0 has 3224 chips
[river] player The Joker_3_1 has 3064 chips
[river] player ssw_3_2 has 2827 chips
[river] player yi95yi_3_3 has 2727 chips
[river] player LnBot_3_4 has 3109 chips
[river] player Kasin_3_5 has 2684 chips
[river] player yjt-small_3_6 has 2734 chips
[river] player Magnet Burning_3_7 has 2931 chips
[river] player NX01_3_0 checks
[river] player LnBot_3_4 checks
[river] round ends
[SHOWDOWN] showdown starts
[SHOWDOWN] player LnBot_3_4 shows J club 10 club J heart 8 club 10 diamond, which is two pair.
[SHOWDOWN] player NX01_3_0 shows J club J heart 9 diamond 9 club 4 spade, which is two pair.
[GAME STAT] pot 0 with 400 chips is shared by 1 players
[GAME STAT] player LnBot_3_4 gets 400 chips from pot 0
[GAME STAT] pot 1 with 300 chips is shared by 1 players
[GAME STAT] player LnBot_3_4 gets 300 chips from pot 1
[GAME STAT] overall statistics
[GAME STAT] player NX01_3_0 wins -200 chips in this game
[GAME STAT] player The Joker_3_1 wins 0 chips in this game
[GAME STAT] player ssw_3_2 wins 0 chips in this game
[GAME STAT] player yi95yi_3_3 wins 0 chips in this game
[GAME STAT] player LnBot_3_4 wins 500 chips in this game
[GAME STAT] player Kasin_3_5 wins -100 chips in this game
[GAME STAT] player yjt-small_3_6 wins -200 chips in this game
[GAME STAT] player Magnet Burning_3_7 wins 0 chips in this game
[GAME 21] game ends, invoking player.game_end()
[GAME 22] game starts
[GAME INFO] number of participants in this game = 8
[GAME INFO] participant: NX01_3_0, chip = 3224
[GAME INFO] participant: The Joker_3_1, chip = 3064
[GAME INFO] participant: ssw_3_2, chip = 2827
[GAME INFO] participant: yi95yi_3_3, chip = 2727
[GAME INFO] participant: LnBot_3_4, chip = 3809
[GAME INFO] participant: Kasin_3_5, chip = 2684
[GAME INFO] participant: yjt-small_3_6, chip = 2734
[GAME INFO] participant: Magnet Burning_3_7, chip = 2931
[GAME INFO] blind is 200
[GAME INFO] dealer is Kasin_3_5
[GAME INFO] small blind 200 posted by yjt-small_3_6
[GAME INFO] big blind 400 posted by Magnet Burning_3_7
[hole card] J club
[hole card] 4 diamond
[preflop] round starts
[preflop] player NX01_3_0 has 3224 chips
[preflop] player The Joker_3_1 has 3064 chips
[preflop] player ssw_3_2 has 2827 chips
[preflop] player yi95yi_3_3 has 2727 chips
[preflop] player LnBot_3_4 has 3809 chips
[preflop] player Kasin_3_5 has 2684 chips
[preflop] player yjt-small_3_6 has 2534 chips
[preflop] player Magnet Burning_3_7 has 2531 chips
[preflop] player NX01_3_0 folds
[preflop] action
[WARNING] CANNOT check when another player has raised
[preflop] player The Joker_3_1 folds
[preflop] player ssw_3_2 folds
[preflop] player yi95yi_3_3 folds
[preflop] player LnBot_3_4 folds
[preflop] player Kasin_3_5 folds
[preflop] player yjt-small_3_6 folds
[GAME STAT] pot 0 with 400 chips is shared by 1 players
[GAME STAT] player Magnet Burning_3_7 gets 400 chips from pot 0
[GAME STAT] pot 1 with 200 chips is shared by 1 players
[GAME STAT] player Magnet Burning_3_7 gets 200 chips from pot 1
[GAME STAT] overall statistics
[GAME STAT] player NX01_3_0 wins 0 chips in this game
[GAME STAT] player The Joker_3_1 wins 0 chips in this game
[GAME STAT] player ssw_3_2 wins 0 chips in this game
[GAME STAT] player yi95yi_3_3 wins 0 chips in this game
[GAME STAT] player LnBot_3_4 wins 0 chips in this game
[GAME STAT] player Kasin_3_5 wins 0 chips in this game
[GAME STAT] player yjt-small_3_6 wins -200 chips in this game
[GAME STAT] player Magnet Burning_3_7 wins 200 chips in this game
[GAME 22] game ends, invoking player.game_end()
[GAME 23] game starts
[GAME INFO] number of participants in this game = 8
[GAME INFO] participant: NX01_3_0, chip = 3224
[GAME INFO] participant: The Joker_3_1, chip = 3064
[GAME INFO] participant: ssw_3_2, chip = 2827
[GAME INFO] participant: yi95yi_3_3, chip = 2727
[GAME INFO] participant: LnBot_3_4, chip = 3809
[GAME INFO] participant: Kasin_3_5, chip = 2684
[GAME INFO] participant: yjt-small_3_6, chip = 2534
[GAME INFO] participant: Magnet Burning_3_7, chip = 3131
[GAME INFO] blind is 200
[GAME INFO] dealer is yjt-small_3_6
[GAME INFO] small blind 200 posted by Magnet Burning_3_7
[GAME INFO] big blind 400 posted by NX01_3_0
[hole card] 3 diamond
[hole card] 3 club
[preflop] round starts
[preflop] player NX01_3_0 has 2824 chips
[preflop] player The Joker_3_1 has 3064 chips
[preflop] player ssw_3_2 has 2827 chips
[preflop] player yi95yi_3_3 has 2727 chips
[preflop] player LnBot_3_4 has 3809 chips
[preflop] player Kasin_3_5 has 2684 chips
[preflop] player yjt-small_3_6 has 2534 chips
[preflop] player Magnet Burning_3_7 has 2931 chips
[preflop] action
[WARNING] CANNOT check when another player has raised
[preflop] player The Joker_3_1 folds
[preflop] player ssw_3_2 folds
[preflop] player yi95yi_3_3 folds
[preflop] player LnBot_3_4 folds
[preflop] player Kasin_3_5 folds
[preflop] player yjt-small_3_6 folds
[preflop] player Magnet Burning_3_7 folds
[GAME STAT] pot 0 with 400 chips is shared by 1 players
[GAME STAT] player NX01_3_0 gets 400 chips from pot 0
[GAME STAT] pot 1 with 200 chips is shared by 1 players
[GAME STAT] player NX01_3_0 gets 200 chips from pot 1
[GAME STAT] overall statistics
[GAME STAT] player NX01_3_0 wins 200 chips in this game
[GAME STAT] player The Joker_3_1 wins 0 chips in this game
[GAME STAT] player ssw_3_2 wins 0 chips in this game
[GAME STAT] player yi95yi_3_3 wins 0 chips in this game
[GAME STAT] player LnBot_3_4 wins 0 chips in this game
[GAME STAT] player Kasin_3_5 wins 0 chips in this game
[GAME STAT] player yjt-small_3_6 wins 0 chips in this game
[GAME STAT] player Magnet Burning_3_7 wins -200 chips in this game
[GAME 23] game ends, invoking player.game_end()
[GAME 24] game starts
[GAME INFO] number of participants in this game = 8
[GAME INFO] participant: NX01_3_0, chip = 3424
[GAME INFO] participant: The Joker_3_1, chip = 3064
[GAME INFO] participant: ssw_3_2, chip = 2827
[GAME INFO] participant: yi95yi_3_3, chip = 2727
[GAME INFO] participant: LnBot_3_4, chip = 3809
[GAME INFO] participant: Kasin_3_5, chip = 2684
[GAME INFO] participant: yjt-small_3_6, chip = 2534
[GAME INFO] participant: Magnet Burning_3_7, chip = 2931
[GAME INFO] blind is 200
[GAME INFO] dealer is Magnet Burning_3_7
[GAME INFO] small blind 200 posted by NX01_3_0
[GAME INFO] big blind 400 posted by The Joker_3_1
[hole card] 2 heart
[hole card] Q spade
[preflop] round starts
[preflop] player NX01_3_0 has 3224 chips
[preflop] player The Joker_3_1 has 2664 chips
[preflop] player ssw_3_2 has 2827 chips
[preflop] player yi95yi_3_3 has 2727 chips
[preflop] player LnBot_3_4 has 3809 chips
[preflop] player Kasin_3_5 has 2684 chips
[preflop] player yjt-small_3_6 has 2534 chips
[preflop] player Magnet Burning_3_7 has 2931 chips
[preflop] player ssw_3_2 folds
[preflop] player yi95yi_3_3 folds
[preflop] player LnBot_3_4 folds
[preflop] player Kasin_3_5 folds
[preflop] player yjt-small_3_6 folds
[preflop] player Magnet Burning_3_7 folds
[preflop] player NX01_3_0 folds
[GAME STAT] pot 0 with 400 chips is shared by 1 players
[GAME STAT] player The Joker_3_1 gets 400 chips from pot 0
[GAME STAT] pot 1 with 200 chips is shared by 1 players
[GAME STAT] player The Joker_3_1 gets 200 chips from pot 1
[GAME STAT] overall statistics
[GAME STAT] player NX01_3_0 wins -200 chips in this game
[GAME STAT] player The Joker_3_1 wins 200 chips in this game
[GAME STAT] player ssw_3_2 wins 0 chips in this game
[GAME STAT] player yi95yi_3_3 wins 0 chips in this game
[GAME STAT] player LnBot_3_4 wins 0 chips in this game
[GAME STAT] player Kasin_3_5 wins 0 chips in this game
[GAME STAT] player yjt-small_3_6 wins 0 chips in this game
[GAME STAT] player Magnet Burning_3_7 wins 0 chips in this game
[GAME 24] game ends, invoking player.game_end()
[GAME 25] game starts
[GAME INFO] number of participants in this game = 8
[GAME INFO] participant: NX01_3_0, chip = 3224
[GAME INFO] participant: The Joker_3_1, chip = 3264
[GAME INFO] participant: ssw_3_2, chip = 2827
[GAME INFO] participant: yi95yi_3_3, chip = 2727
[GAME INFO] participant: LnBot_3_4, chip = 3809
[GAME INFO] participant: Kasin_3_5, chip = 2684
[GAME INFO] participant: yjt-small_3_6, chip = 2534
[GAME INFO] participant: Magnet Burning_3_7, chip = 2931
[GAME INFO] blind is 500
[GAME INFO] dealer is NX01_3_0
[GAME INFO] small blind 500 posted by The Joker_3_1
[GAME INFO] big blind 1000 posted by ssw_3_2
[hole card] 2 club
[hole card] 2 spade
[preflop] round starts
[preflop] player NX01_3_0 has 3224 chips
[preflop] player The Joker_3_1 has 2764 chips
[preflop] player ssw_3_2 has 1827 chips
[preflop] player yi95yi_3_3 has 2727 chips
[preflop] player LnBot_3_4 has 3809 chips
[preflop] player Kasin_3_5 has 2684 chips
[preflop] player yjt-small_3_6 has 2534 chips
[preflop] player Magnet Burning_3_7 has 2931 chips
[preflop] player yi95yi_3_3 folds
[preflop] player LnBot_3_4 folds
[preflop] player Kasin_3_5 folds
[preflop] player yjt-small_3_6 folds
[preflop] player Magnet Burning_3_7 folds
[preflop] player NX01_3_0 folds
[preflop] action
[preflop] call (500 chips). 
[preflop] player The Joker_3_1 calls. Total bet is 1000
[preflop] player ssw_3_2 folds
[GAME STAT] pot 0 with 2000 chips is shared by 1 players
[GAME STAT] player The Joker_3_1 gets 2000 chips from pot 0
[GAME STAT] overall statistics
[GAME STAT] player NX01_3_0 wins 0 chips in this game
[GAME STAT] player The Joker_3_1 wins 1000 chips in this game
[GAME STAT] player ssw_3_2 wins -1000 chips in this game
[GAME STAT] player yi95yi_3_3 wins 0 chips in this game
[GAME STAT] player LnBot_3_4 wins 0 chips in this game
[GAME STAT] player Kasin_3_5 wins 0 chips in this game
[GAME STAT] player yjt-small_3_6 wins 0 chips in this game
[GAME STAT] player Magnet Burning_3_7 wins 0 chips in this game
[GAME 25] game ends, invoking player.game_end()
[GAME 26] game starts
[GAME INFO] number of participants in this game = 8
[GAME INFO] participant: NX01_3_0, chip = 3224
[GAME INFO] participant: The Joker_3_1, chip = 4264
[GAME INFO] participant: ssw_3_2, chip = 1827
[GAME INFO] participant: yi95yi_3_3, chip = 2727
[GAME INFO] participant: LnBot_3_4, chip = 3809
[GAME INFO] participant: Kasin_3_5, chip = 2684
[GAME INFO] participant: yjt-small_3_6, chip = 2534
[GAME INFO] participant: Magnet Burning_3_7, chip = 2931
[GAME INFO] blind is 500
[GAME INFO] dealer is The Joker_3_1
[GAME INFO] small blind 500 posted by ssw_3_2
[GAME INFO] big blind 1000 posted by yi95yi_3_3
[hole card] K club
[hole card] 4 spade
[preflop] round starts
[preflop] player NX01_3_0 has 3224 chips
[preflop] player The Joker_3_1 has 4264 chips
[preflop] player ssw_3_2 has 1327 chips
[preflop] player yi95yi_3_3 has 1727 chips
[preflop] player LnBot_3_4 has 3809 chips
[preflop] player Kasin_3_5 has 2684 chips
[preflop] player yjt-small_3_6 has 2534 chips
[preflop] player Magnet Burning_3_7 has 2931 chips
[preflop] player LnBot_3_4 folds
[preflop] player Kasin_3_5 folds
[preflop] player yjt-small_3_6 folds
[preflop] player Magnet Burning_3_7 folds
[preflop] player NX01_3_0 folds
[preflop] action
[WARNING] CANNOT check when another player has raised
[preflop] player The Joker_3_1 folds
[preflop] player ssw_3_2 folds
[GAME STAT] pot 0 with 1000 chips is shared by 1 players
[GAME STAT] player yi95yi_3_3 gets 1000 chips from pot 0
[GAME STAT] pot 1 with 500 chips is shared by 1 players
[GAME STAT] player yi95yi_3_3 gets 500 chips from pot 1
[GAME STAT] overall statistics
[GAME STAT] player NX01_3_0 wins 0 chips in this game
[GAME STAT] player The Joker_3_1 wins 0 chips in this game
[GAME STAT] player ssw_3_2 wins -500 chips in this game
[GAME STAT] player yi95yi_3_3 wins 500 chips in this game
[GAME STAT] player LnBot_3_4 wins 0 chips in this game
[GAME STAT] player Kasin_3_5 wins 0 chips in this game
[GAME STAT] player yjt-small_3_6 wins 0 chips in this game
[GAME STAT] player Magnet Burning_3_7 wins 0 chips in this game
[GAME 26] game ends, invoking player.game_end()
[GAME 27] game starts
[GAME INFO] number of participants in this game = 8
[GAME INFO] participant: NX01_3_0, chip = 3224
[GAME INFO] participant: The Joker_3_1, chip = 4264
[GAME INFO] participant: ssw_3_2, chip = 1327
[GAME INFO] participant: yi95yi_3_3, chip = 3227
[GAME INFO] participant: LnBot_3_4, chip = 3809
[GAME INFO] participant: Kasin_3_5, chip = 2684
[GAME INFO] participant: yjt-small_3_6, chip = 2534
[GAME INFO] participant: Magnet Burning_3_7, chip = 2931
[GAME INFO] blind is 500
[GAME INFO] dealer is ssw_3_2
[GAME INFO] small blind 500 posted by yi95yi_3_3
[GAME INFO] big blind 1000 posted by LnBot_3_4
[hole card] 9 heart
[hole card] Q diamond
[preflop] round starts
[preflop] player NX01_3_0 has 3224 chips
[preflop] player The Joker_3_1 has 4264 chips
[preflop] player ssw_3_2 has 1327 chips
[preflop] player yi95yi_3_3 has 2727 chips
[preflop] player LnBot_3_4 has 2809 chips
[preflop] player Kasin_3_5 has 2684 chips
[preflop] player yjt-small_3_6 has 2534 chips
[preflop] player Magnet Burning_3_7 has 2931 chips
[preflop] player Kasin_3_5 folds
[preflop] player yjt-small_3_6 folds
[preflop] player Magnet Burning_3_7 folds
[preflop] player NX01_3_0 folds
[preflop] action
[WARNING] CANNOT check when another player has raised
[preflop] player The Joker_3_1 folds
[preflop] player ssw_3_2 folds
[preflop] player yi95yi_3_3 folds
[GAME STAT] pot 0 with 1000 chips is shared by 1 players
[GAME STAT] player LnBot_3_4 gets 1000 chips from pot 0
[GAME STAT] pot 1 with 500 chips is shared by 1 players
[GAME STAT] player LnBot_3_4 gets 500 chips from pot 1
[GAME STAT] overall statistics
[GAME STAT] player NX01_3_0 wins 0 chips in this game
[GAME STAT] player The Joker_3_1 wins 0 chips in this game
[GAME STAT] player ssw_3_2 wins 0 chips in this game
[GAME STAT] player yi95yi_3_3 wins -500 chips in this game
[GAME STAT] player LnBot_3_4 wins 500 chips in this game
[GAME STAT] player Kasin_3_5 wins 0 chips in this game
[GAME STAT] player yjt-small_3_6 wins 0 chips in this game
[GAME STAT] player Magnet Burning_3_7 wins 0 chips in this game
[GAME 27] game ends, invoking player.game_end()
[END]
[FINAL STAT] chips
[FINAL STAT] NX01_3_0 has 3224 chips
[FINAL STAT] The Joker_3_1 has 4264 chips
[FINAL STAT] ssw_3_2 has 1327 chips
[FINAL STAT] yi95yi_3_3 has 2727 chips
[FINAL STAT] LnBot_3_4 has 4309 chips
[FINAL STAT] Kasin_3_5 has 2684 chips
[FINAL STAT] yjt-small_3_6 has 2534 chips
[FINAL STAT] Magnet Burning_3_7 has 2931 chips
